2025-07-02T00:00:01+08:00
Retrieving speedtest.net configuration...
Testing from FIl Products Service Television Inc (103.105.214.61)...
Retrieving speedtest.net server list...
Selecting best server based on ping...
2025-07-02T00:05:01+08:00
Retrieving speedtest.net configuration...
2025-07-02T00:10:01+08:00
Retrieving speedtest.net configuration...
Testing from FIl Products Service Television Inc (103.105.214.54)...
Retrieving speedtest.net server list...
Selecting best server based on ping...
Hosted by Globe Telecom (Clark City) [718.64 km]: 30.062 ms
Testing download speed................................................................................
Download: 157.15 Mbit/s
Testing upload speed......................................................................................................
Upload: 364.68 Mbit/s
2025-07-02T00:15:01+08:00
Retrieving speedtest.net configuration...
Testing from FIl Products Service Television Inc (103.105.214.61)...
Retrieving speedtest.net server list...
Selecting best server based on ping...
Hosted by Globe Telecom (Clark City) [718.64 km]: 27.624 ms
Testing download speed................................................................................
Download: 166.13 Mbit/s
Testing upload speed......................................................................................................
Upload: 413.86 Mbit/s
2025-07-02T00:20:01+08:00
Retrieving speedtest.net configuration...
Testing from FIl Products Service Television Inc (103.105.214.61)...
Retrieving speedtest.net server list...
Selecting best server based on ping...
Hosted by Globe Telecom (Clark City) [718.64 km]: 28.707 ms
Testing download speed................................................................................
Download: 178.13 Mbit/s
Testing upload speed......................................................................................................
Upload: 462.44 Mbit/s
2025-07-02T00:25:01+08:00
Retrieving speedtest.net configuration...
Testing from FIl Products Service Television Inc (103.105.214.54)...
Retrieving speedtest.net server list...
Selecting best server based on ping...
Hosted by Globe Telecom (Clark City) [718.64 km]: 22.251 ms
Testing download speed................................................................................
Download: 156.27 Mbit/s
Testing upload speed......................................................................................................
Upload: 386.50 Mbit/s
2025-07-02T00:30:01+08:00
Retrieving speedtest.net configuration...
Testing from FIl Products Service Television Inc (103.105.214.61)...
Retrieving speedtest.net server list...
Selecting best server based on ping...
2025-07-02T00:35:01+08:00
Retrieving speedtest.net configuration...
2025-07-02T00:40:01+08:00
Retrieving speedtest.net configuration...
Testing from FIl Products Service Television Inc (103.105.214.54)...
Retrieving speedtest.net server list...
Selecting best server based on ping...
Hosted by Globe Telecom (Clark City) [718.64 km]: 31.838 ms
Testing download speed................................................................................
Download: 172.79 Mbit/s
Testing upload speed......................................................................................................
Upload: 370.52 Mbit/s
2025-07-02T00:45:01+08:00
Retrieving speedtest.net configuration...
Testing from FIl Products Service Television Inc (103.105.214.54)...
Retrieving speedtest.net server list...
Selecting best server based on ping...
Hosted by Globe Telecom (Clark City) [718.64 km]: 25.593 ms
Testing download speed................................................................................
Download: 159.93 Mbit/s
Testing upload speed......................................................................................................
Upload: 354.90 Mbit/s
2025-07-02T00:50:01+08:00
Retrieving speedtest.net configuration...
Testing from FIl Products Service Television Inc (103.105.214.61)...
Retrieving speedtest.net server list...
Selecting best server based on ping...
Hosted by Globe Telecom (Clark City) [718.64 km]: 30.09 ms
Testing download speed................................................................................
Download: 133.08 Mbit/s
Testing upload speed......................................................................................................
Upload: 221.54 Mbit/s
2025-07-02T00:55:01+08:00
Retrieving speedtest.net configuration...
Testing from FIl Products Service Television Inc (103.105.214.61)...
Retrieving speedtest.net server list...
Selecting best server based on ping...
Hosted by Globe Telecom (Makati) [633.45 km]: 30.307 ms
Testing download speed................................................................................
Download: 166.22 Mbit/s
Testing upload speed......................................................................................................
Upload: 266.09 Mbit/s
2025-07-02T01:00:01+08:00
Retrieving speedtest.net configuration...
Testing from FIl Products Service Television Inc (103.105.214.54)...
Retrieving speedtest.net server list...
Selecting best server based on ping...
2025-07-02T01:05:01+08:00
Retrieving speedtest.net configuration...
2025-07-02T01:10:01+08:00
Retrieving speedtest.net configuration...
Testing from FIl Products Service Television Inc (103.105.214.61)...
Retrieving speedtest.net server list...
Selecting best server based on ping...
Hosted by PLDT (Makati) [634.17 km]: 21.139 ms
Testing download speed................................................................................
Download: 173.48 Mbit/s
Testing upload speed......................................................................................................
Upload: 306.25 Mbit/s
2025-07-02T01:15:01+08:00
Retrieving speedtest.net configuration...
Testing from FIl Products Service Television Inc (103.105.214.54)...
Retrieving speedtest.net server list...
Selecting best server based on ping...
Hosted by PLDT (Makati) [634.17 km]: 17.176 ms
Testing download speed................................................................................
Download: 177.13 Mbit/s
Testing upload speed......................................................................................................
Upload: 306.84 Mbit/s
2025-07-02T01:20:01+08:00
Retrieving speedtest.net configuration...
Testing from FIl Products Service Television Inc (103.105.214.61)...
Retrieving speedtest.net server list...
Selecting best server based on ping...
Hosted by PLDT (Makati) [634.17 km]: 20.084 ms
Testing download speed................................................................................
Download: 174.94 Mbit/s
Testing upload speed......................................................................................................
Upload: 288.38 Mbit/s
2025-07-02T01:25:01+08:00
Retrieving speedtest.net configuration...
Testing from FIl Products Service Television Inc (103.105.214.61)...
Retrieving speedtest.net server list...
Selecting best server based on ping...
Hosted by PLDT (Makati) [634.17 km]: 23.08 ms
Testing download speed................................................................................
Download: 166.99 Mbit/s
Testing upload speed......................................................................................................
Upload: 241.45 Mbit/s
2025-07-02T01:30:01+08:00
Retrieving speedtest.net configuration...
Testing from FIl Products Service Television Inc (103.105.214.61)...
Retrieving speedtest.net server list...
Selecting best server based on ping...
2025-07-02T01:35:01+08:00
Retrieving speedtest.net configuration...
Testing from FIl Products Service Television Inc (103.105.214.54)...
Retrieving speedtest.net server list...
Selecting best server based on ping...
Hosted by PLDT (Makati) [634.17 km]: 19.092 ms
Testing download speed................................................................................
Download: 168.55 Mbit/s
Testing upload speed......................................................................................................
Upload: 264.51 Mbit/s
2025-07-02T01:40:01+08:00
Retrieving speedtest.net configuration...
Testing from FIl Products Service Television Inc (103.105.214.61)...
Retrieving speedtest.net server list...
Selecting best server based on ping...
Hosted by PLDT (Makati) [634.17 km]: 20.764 ms
Testing download speed................................................................................
Download: 173.23 Mbit/s
Testing upload speed......................................................................................................
Upload: 326.29 Mbit/s
2025-07-02T01:45:01+08:00
Retrieving speedtest.net configuration...
Testing from FIl Products Service Television Inc (103.105.214.54)...
Retrieving speedtest.net server list...
Selecting best server based on ping...
Hosted by PLDT (Makati) [634.17 km]: 21.14 ms
Testing download speed................................................................................
Download: 146.80 Mbit/s
Testing upload speed......................................................................................................
Upload: 319.34 Mbit/s
2025-07-02T01:50:01+08:00
Retrieving speedtest.net configuration...
Testing from FIl Products Service Television Inc (103.105.214.54)...
Retrieving speedtest.net server list...
Selecting best server based on ping...
Hosted by PLDT (Makati) [634.17 km]: 20.875 ms
Testing download speed................................................................................
Download: 175.17 Mbit/s
Testing upload speed......................................................................................................
Upload: 283.72 Mbit/s
2025-07-02T01:55:01+08:00
Retrieving speedtest.net configuration...
Testing from FIl Products Service Television Inc (103.105.214.61)...
Retrieving speedtest.net server list...
Selecting best server based on ping...
Hosted by PLDT (Makati) [634.17 km]: 19.323 ms
Testing download speed................................................................................
Download: 162.42 Mbit/s
Testing upload speed......................................................................................................
Upload: 292.00 Mbit/s
2025-07-02T02:00:01+08:00
Retrieving speedtest.net configuration...
Testing from FIl Products Service Television Inc (103.105.214.54)...
Retrieving speedtest.net server list...
Selecting best server based on ping...
2025-07-02T02:05:01+08:00
Retrieving speedtest.net configuration...
2025-07-02T02:10:01+08:00
Retrieving speedtest.net configuration...
Testing from FIl Products Service Television Inc (103.105.214.61)...
Retrieving speedtest.net server list...
Selecting best server based on ping...
Hosted by PLDT (Makati) [634.17 km]: 20.676 ms
Testing download speed................................................................................
Download: 166.98 Mbit/s
Testing upload speed......................................................................................................
Upload: 275.99 Mbit/s
2025-07-02T02:15:01+08:00
Retrieving speedtest.net configuration...
Testing from FIl Products Service Television Inc (103.105.214.61)...
Retrieving speedtest.net server list...
Selecting best server based on ping...
Hosted by PLDT (Makati) [634.17 km]: 18.112 ms
Testing download speed................................................................................
Download: 168.07 Mbit/s
Testing upload speed......................................................................................................
Upload: 251.18 Mbit/s
2025-07-02T02:20:01+08:00
Retrieving speedtest.net configuration...
Testing from FIl Products Service Television Inc (103.105.214.61)...
Retrieving speedtest.net server list...
Selecting best server based on ping...
Hosted by PLDT (Makati) [634.17 km]: 24.695 ms
Testing download speed................................................................................
Download: 158.60 Mbit/s
Testing upload speed......................................................................................................
Upload: 310.72 Mbit/s
2025-07-02T02:25:01+08:00
Retrieving speedtest.net configuration...
Testing from FIl Products Service Television Inc (103.105.214.54)...
Retrieving speedtest.net server list...
Selecting best server based on ping...
Hosted by PLDT (Makati) [634.17 km]: 23.107 ms
Testing download speed................................................................................
Download: 173.09 Mbit/s
Testing upload speed......................................................................................................
Upload: 259.35 Mbit/s
2025-07-02T02:30:01+08:00
Retrieving speedtest.net configuration...
Testing from FIl Products Service Television Inc (103.105.214.61)...
Retrieving speedtest.net server list...
Selecting best server based on ping...
2025-07-02T02:35:01+08:00
Retrieving speedtest.net configuration...
Testing from FIl Products Service Television Inc (103.105.214.54)...
Retrieving speedtest.net server list...
Selecting best server based on ping...
Hosted by PLDT (Makati) [634.17 km]: 19.675 ms
Testing download speed................................................................................
Download: 170.35 Mbit/s
Testing upload speed......................................................................................................
Upload: 319.07 Mbit/s
2025-07-02T02:40:01+08:00
Retrieving speedtest.net configuration...
Testing from FIl Products Service Television Inc (103.105.214.61)...
Retrieving speedtest.net server list...
Selecting best server based on ping...
Hosted by PLDT (Makati) [634.17 km]: 19.867 ms
Testing download speed................................................................................
Download: 171.58 Mbit/s
Testing upload speed......................................................................................................
Upload: 261.89 Mbit/s
2025-07-02T02:45:01+08:00
Retrieving speedtest.net configuration...
Testing from FIl Products Service Television Inc (103.105.214.54)...
Retrieving speedtest.net server list...
Selecting best server based on ping...
Hosted by PLDT (Makati) [634.17 km]: 20.872 ms
Testing download speed................................................................................
Download: 166.31 Mbit/s
Testing upload speed......................................................................................................
Upload: 307.55 Mbit/s
2025-07-02T02:50:01+08:00
Retrieving speedtest.net configuration...
Testing from FIl Products Service Television Inc (103.105.214.54)...
Retrieving speedtest.net server list...
Selecting best server based on ping...
Hosted by PLDT (Makati) [634.17 km]: 17.456 ms
Testing download speed................................................................................
Download: 146.86 Mbit/s
Testing upload speed......................................................................................................
Upload: 225.62 Mbit/s
2025-07-02T02:55:01+08:00
Retrieving speedtest.net configuration...
Testing from FIl Products Service Television Inc (103.105.214.54)...
Retrieving speedtest.net server list...
Selecting best server based on ping...
Hosted by PLDT (Makati) [634.17 km]: 20.893 ms
Testing download speed................................................................................
Download: 169.84 Mbit/s
Testing upload speed......................................................................................................
Upload: 279.77 Mbit/s
2025-07-02T03:00:01+08:00
Retrieving speedtest.net configuration...
Testing from FIl Products Service Television Inc (103.105.214.61)...
Retrieving speedtest.net server list...
Selecting best server based on ping...
2025-07-02T03:05:01+08:00
Retrieving speedtest.net configuration...
2025-07-02T03:10:01+08:00
Retrieving speedtest.net configuration...
Testing from FIl Products Service Television Inc (103.105.214.61)...
Retrieving speedtest.net server list...
Selecting best server based on ping...
Hosted by PLDT (Makati) [634.17 km]: 20.744 ms
Testing download speed................................................................................
Download: 170.34 Mbit/s
Testing upload speed......................................................................................................
Upload: 271.96 Mbit/s
2025-07-02T03:15:01+08:00
Retrieving speedtest.net configuration...
Testing from FIl Products Service Television Inc (103.105.214.54)...
Retrieving speedtest.net server list...
Selecting best server based on ping...
Hosted by PLDT (Makati) [634.17 km]: 21.248 ms
Testing download speed................................................................................
Download: 165.08 Mbit/s
Testing upload speed......................................................................................................
Upload: 233.36 Mbit/s
2025-07-02T03:20:01+08:00
Retrieving speedtest.net configuration...
Testing from FIl Products Service Television Inc (103.105.214.61)...
Retrieving speedtest.net server list...
Selecting best server based on ping...
Hosted by PLDT (Makati) [634.17 km]: 18.123 ms
Testing download speed................................................................................
Download: 157.73 Mbit/s
Testing upload speed......................................................................................................
Upload: 288.17 Mbit/s
2025-07-02T03:25:01+08:00
Retrieving speedtest.net configuration...
Testing from FIl Products Service Television Inc (103.105.214.61)...
Retrieving speedtest.net server list...
Selecting best server based on ping...
Hosted by PLDT (Makati) [634.17 km]: 21.385 ms
Testing download speed................................................................................
Download: 176.22 Mbit/s
Testing upload speed......................................................................................................
Upload: 240.26 Mbit/s
2025-07-02T03:30:01+08:00
Retrieving speedtest.net configuration...
Testing from FIl Products Service Television Inc (103.105.214.61)...
Retrieving speedtest.net server list...
Selecting best server based on ping...
2025-07-02T03:35:01+08:00
Retrieving speedtest.net configuration...
2025-07-02T03:40:01+08:00
Retrieving speedtest.net configuration...
Testing from FIl Products Service Television Inc (103.105.214.54)...
Retrieving speedtest.net server list...
Selecting best server based on ping...
Hosted by PLDT (Makati) [634.17 km]: 26.268 ms
Testing download speed................................................................................
Download: 161.69 Mbit/s
Testing upload speed......................................................................................................
Upload: 317.57 Mbit/s
2025-07-02T03:45:01+08:00
Retrieving speedtest.net configuration...
Testing from FIl Products Service Television Inc (103.105.214.61)...
Retrieving speedtest.net server list...
Selecting best server based on ping...
Hosted by PLDT (Makati) [634.17 km]: 18.62 ms
Testing download speed................................................................................
Download: 165.05 Mbit/s
Testing upload speed......................................................................................................
Upload: 269.00 Mbit/s
2025-07-02T03:50:01+08:00
Retrieving speedtest.net configuration...
Testing from FIl Products Service Television Inc (103.105.214.61)...
Retrieving speedtest.net server list...
Selecting best server based on ping...
Hosted by PLDT (Makati) [634.17 km]: 20.572 ms
Testing download speed................................................................................
Download: 172.71 Mbit/s
Testing upload speed......................................................................................................
Upload: 313.59 Mbit/s
2025-07-02T03:55:01+08:00
Retrieving speedtest.net configuration...
Testing from FIl Products Service Television Inc (103.105.214.54)...
Retrieving speedtest.net server list...
Selecting best server based on ping...
Hosted by PLDT (Makati) [634.17 km]: 19.4 ms
Testing download speed................................................................................
Download: 175.11 Mbit/s
Testing upload speed......................................................................................................
Upload: 300.88 Mbit/s
2025-07-02T04:00:01+08:00
Retrieving speedtest.net configuration...
Testing from FIl Products Service Television Inc (103.105.214.61)...
Retrieving speedtest.net server list...
Selecting best server based on ping...
2025-07-02T04:05:01+08:00
Retrieving speedtest.net configuration...
2025-07-02T04:10:01+08:00
Retrieving speedtest.net configuration...
2025-07-02T04:15:01+08:00
Retrieving speedtest.net configuration...
Testing from FIl Products Service Television Inc (103.105.214.55)...
Retrieving speedtest.net server list...
Selecting best server based on ping...
Hosted by PLDT (Makati) [634.17 km]: 18.761 ms
Testing download speed................................................................................
Download: 190.68 Mbit/s
Testing upload speed......................................................................................................
Upload: 322.13 Mbit/s
2025-07-02T04:20:01+08:00
Retrieving speedtest.net configuration...
Testing from FIl Products Service Television Inc (103.105.214.63)...
Retrieving speedtest.net server list...
Selecting best server based on ping...
Hosted by PLDT (Makati) [634.17 km]: 18.801 ms
Testing download speed................................................................................
Download: 192.60 Mbit/s
Testing upload speed......................................................................................................
Upload: 298.29 Mbit/s
2025-07-02T04:25:01+08:00
Retrieving speedtest.net configuration...
Testing from FIl Products Service Television Inc (103.105.214.63)...
Retrieving speedtest.net server list...
Selecting best server based on ping...
Hosted by PLDT (Makati) [634.17 km]: 18.386 ms
Testing download speed................................................................................
Download: 191.40 Mbit/s
Testing upload speed......................................................................................................
Upload: 300.94 Mbit/s
2025-07-02T04:30:01+08:00
Retrieving speedtest.net configuration...
Testing from FIl Products Service Television Inc (103.105.214.55)...
Retrieving speedtest.net server list...
Selecting best server based on ping...
2025-07-02T04:35:01+08:00
Retrieving speedtest.net configuration...
2025-07-02T04:40:02+08:00
Retrieving speedtest.net configuration...
Testing from FIl Products Service Television Inc (103.105.214.55)...
Retrieving speedtest.net server list...
Selecting best server based on ping...
Hosted by PLDT (Makati) [634.17 km]: 19.882 ms
Testing download speed................................................................................
Download: 192.69 Mbit/s
Testing upload speed......................................................................................................
Upload: 295.64 Mbit/s
2025-07-02T04:45:01+08:00
Retrieving speedtest.net configuration...
Testing from FIl Products Service Television Inc (103.105.214.63)...
Retrieving speedtest.net server list...
Selecting best server based on ping...
Hosted by PLDT (Makati) [634.17 km]: 20.629 ms
Testing download speed................................................................................
Download: 192.96 Mbit/s
Testing upload speed......................................................................................................
Upload: 306.59 Mbit/s
2025-07-02T04:50:01+08:00
Retrieving speedtest.net configuration...
Testing from FIl Products Service Television Inc (103.105.214.55)...
Retrieving speedtest.net server list...
Selecting best server based on ping...
Hosted by PLDT (Makati) [634.17 km]: 18.968 ms
Testing download speed................................................................................
Download: 193.82 Mbit/s
Testing upload speed......................................................................................................
Upload: 300.49 Mbit/s
2025-07-02T04:55:01+08:00
Retrieving speedtest.net configuration...
Testing from FIl Products Service Television Inc (103.105.214.63)...
Retrieving speedtest.net server list...
Selecting best server based on ping...
Hosted by PLDT (Makati) [634.17 km]: 17.782 ms
Testing download speed................................................................................
Download: 191.96 Mbit/s
Testing upload speed......................................................................................................
Upload: 296.35 Mbit/s
2025-07-02T05:00:02+08:00
Retrieving speedtest.net configuration...
Testing from FIl Products Service Television Inc (103.105.214.63)...
Retrieving speedtest.net server list...
Selecting best server based on ping...
2025-07-02T05:05:01+08:00
Retrieving speedtest.net configuration...
2025-07-02T05:10:01+08:00
Retrieving speedtest.net configuration...
Testing from FIl Products Service Television Inc (103.105.214.55)...
Retrieving speedtest.net server list...
Selecting best server based on ping...
Hosted by PLDT (Makati) [634.17 km]: 20.037 ms
Testing download speed................................................................................
Download: 190.09 Mbit/s
Testing upload speed......................................................................................................
Upload: 317.43 Mbit/s
2025-07-02T05:15:01+08:00
Retrieving speedtest.net configuration...
Testing from FIl Products Service Television Inc (103.105.214.63)...
Retrieving speedtest.net server list...
Selecting best server based on ping...
Hosted by PLDT (Makati) [634.17 km]: 18.44 ms
Testing download speed................................................................................
Download: 192.19 Mbit/s
Testing upload speed......................................................................................................
Upload: 313.68 Mbit/s
2025-07-02T05:20:01+08:00
Retrieving speedtest.net configuration...
Testing from FIl Products Service Television Inc (103.105.214.63)...
Retrieving speedtest.net server list...
Selecting best server based on ping...
Hosted by PLDT (Makati) [634.17 km]: 17.979 ms
Testing download speed................................................................................
Download: 189.40 Mbit/s
Testing upload speed......................................................................................................
Upload: 293.73 Mbit/s
2025-07-02T05:25:01+08:00
Retrieving speedtest.net configuration...
Testing from FIl Products Service Television Inc (103.105.214.55)...
Retrieving speedtest.net server list...
Selecting best server based on ping...
Hosted by PLDT (Makati) [634.17 km]: 23.102 ms
Testing download speed................................................................................
Download: 178.16 Mbit/s
Testing upload speed......................................................................................................
Upload: 214.02 Mbit/s
2025-07-02T05:30:01+08:00
Retrieving speedtest.net configuration...
Testing from FIl Products Service Television Inc (103.105.214.55)...
Retrieving speedtest.net server list...
Selecting best server based on ping...
2025-07-02T05:35:01+08:00
Retrieving speedtest.net configuration...
Testing from FIl Products Service Television Inc (103.105.214.55)...
Retrieving speedtest.net server list...
Selecting best server based on ping...
Hosted by PLDT (Makati) [634.17 km]: 18.91 ms
Testing download speed................................................................................
Download: 191.14 Mbit/s
Testing upload speed......................................................................................................
Upload: 288.05 Mbit/s
2025-07-02T05:40:01+08:00
Retrieving speedtest.net configuration...
Testing from FIl Products Service Television Inc (103.105.214.63)...
Retrieving speedtest.net server list...
Selecting best server based on ping...
Hosted by PLDT (Makati) [634.17 km]: 18.874 ms
Testing download speed................................................................................
Download: 193.03 Mbit/s
Testing upload speed......................................................................................................
Upload: 291.02 Mbit/s
2025-07-02T05:45:01+08:00
Retrieving speedtest.net configuration...
Testing from FIl Products Service Television Inc (103.105.214.55)...
Retrieving speedtest.net server list...
Selecting best server based on ping...
Hosted by PLDT (Makati) [634.17 km]: 16.727 ms
Testing download speed................................................................................
Download: 187.11 Mbit/s
Testing upload speed......................................................................................................
Upload: 314.89 Mbit/s
2025-07-02T05:50:01+08:00
Retrieving speedtest.net configuration...
Testing from FIl Products Service Television Inc (103.105.214.63)...
Retrieving speedtest.net server list...
Selecting best server based on ping...
Hosted by PLDT (Makati) [634.17 km]: 18.006 ms
Testing download speed................................................................................
Download: 191.81 Mbit/s
Testing upload speed......................................................................................................
Upload: 331.42 Mbit/s
2025-07-02T05:55:01+08:00
Retrieving speedtest.net configuration...
Testing from FIl Products Service Television Inc (103.105.214.63)...
Retrieving speedtest.net server list...
Selecting best server based on ping...
Hosted by PLDT (Makati) [634.17 km]: 17.206 ms
Testing download speed................................................................................
Download: 194.25 Mbit/s
Testing upload speed......................................................................................................
Upload: 313.82 Mbit/s
2025-07-02T06:00:01+08:00
Retrieving speedtest.net configuration...
Testing from FIl Products Service Television Inc (103.105.214.55)...
Retrieving speedtest.net server list...
Selecting best server based on ping...
