2025-08-10T00:00:01+08:00
Retrieving speedtest.net configuration...
Testing from FIl Products Service Television Inc (103.105.214.62)...
Retrieving speedtest.net server list...
Selecting best server based on ping...
2025-08-10T00:05:01+08:00
Retrieving speedtest.net configuration...
2025-08-10T00:10:01+08:00
Retrieving speedtest.net configuration...
Testing from FIl Products Service Television Inc (103.105.214.62)...
Retrieving speedtest.net server list...
Selecting best server based on ping...
Hosted by Parasat Cable TV, Inc. (Cagayan de Oro) [173.34 km]: 11.714 ms
Testing download speed................................................................................
Download: 181.74 Mbit/s
Testing upload speed......................................................................................................
Upload: 266.51 Mbit/s
2025-08-10T00:15:01+08:00
Retrieving speedtest.net configuration...
Testing from FIl Products Service Television Inc (103.105.214.62)...
Retrieving speedtest.net server list...
Selecting best server based on ping...
Hosted by Parasat Cable TV, Inc. (Cagayan de Oro) [173.34 km]: 11.549 ms
Testing download speed................................................................................
Download: 189.24 Mbit/s
Testing upload speed......................................................................................................
Upload: 330.08 Mbit/s
2025-08-10T00:20:01+08:00
Retrieving speedtest.net configuration...
Testing from FIl Products Service Television Inc (103.105.214.62)...
Retrieving speedtest.net server list...
Selecting best server based on ping...
Hosted by Globe Telecom (Pasig City) [633.83 km]: 32.072 ms
Testing download speed................................................................................
Download: 166.60 Mbit/s
Testing upload speed......................................................................................................
Upload: 316.89 Mbit/s
2025-08-10T00:25:01+08:00
Retrieving speedtest.net configuration...
Testing from FIl Products Service Television Inc (103.105.214.62)...
Retrieving speedtest.net server list...
Selecting best server based on ping...
Hosted by Globe Telecom (Pasig City) [633.83 km]: 23.992 ms
Testing download speed................................................................................
Download: 181.32 Mbit/s
Testing upload speed......................................................................................................
Upload: 364.48 Mbit/s
2025-08-10T00:30:01+08:00
Retrieving speedtest.net configuration...
Testing from FIl Products Service Television Inc (103.105.214.62)...
Retrieving speedtest.net server list...
Selecting best server based on ping...
2025-08-10T00:35:01+08:00
Retrieving speedtest.net configuration...
Testing from FIl Products Service Television Inc (103.105.214.62)...
Retrieving speedtest.net server list...
Selecting best server based on ping...
Hosted by FiberBro (Makati) [633.45 km]: 35.324 ms
Testing download speed................................................................................
Download: 147.94 Mbit/s
Testing upload speed......................................................................................................
Upload: 392.64 Mbit/s
2025-08-10T00:40:01+08:00
Retrieving speedtest.net configuration...
Testing from FIl Products Service Television Inc (103.105.214.62)...
Retrieving speedtest.net server list...
Selecting best server based on ping...
Hosted by Globe Telecom (Pasig City) [633.83 km]: 30.238 ms
Testing download speed................................................................................
Download: 168.31 Mbit/s
Testing upload speed......................................................................................................
Upload: 373.67 Mbit/s
2025-08-10T00:45:01+08:00
Retrieving speedtest.net configuration...
Testing from FIl Products Service Television Inc (103.105.214.62)...
Retrieving speedtest.net server list...
Selecting best server based on ping...
Hosted by Globe Telecom (Pasig City) [633.83 km]: 23.559 ms
Testing download speed................................................................................
Download: 155.15 Mbit/s
Testing upload speed......................................................................................................
Upload: 375.28 Mbit/s
2025-08-10T00:50:01+08:00
Retrieving speedtest.net configuration...
Testing from FIl Products Service Television Inc (103.105.214.62)...
Retrieving speedtest.net server list...
Selecting best server based on ping...
Hosted by FiberBro (Makati) [633.45 km]: 27.599 ms
Testing download speed................................................................................
Download: 158.98 Mbit/s
Testing upload speed......................................................................................................
Upload: 335.59 Mbit/s
2025-08-10T00:55:01+08:00
Retrieving speedtest.net configuration...
Testing from FIl Products Service Television Inc (103.105.214.62)...
Retrieving speedtest.net server list...
Selecting best server based on ping...
Hosted by Globe Telecom (Pasig City) [633.83 km]: 26.939 ms
Testing download speed................................................................................
Download: 184.61 Mbit/s
Testing upload speed......................................................................................................
Upload: 244.10 Mbit/s
2025-08-10T01:00:01+08:00
Retrieving speedtest.net configuration...
Testing from FIl Products Service Television Inc (103.105.214.62)...
Retrieving speedtest.net server list...
Selecting best server based on ping...
2025-08-10T01:05:01+08:00
Retrieving speedtest.net configuration...
2025-08-10T01:10:01+08:00
Retrieving speedtest.net configuration...
Testing from FIl Products Service Television Inc (103.105.214.62)...
Retrieving speedtest.net server list...
Selecting best server based on ping...
Hosted by FiberBro (Makati) [633.45 km]: 37.076 ms
Testing download speed................................................................................
Download: 121.72 Mbit/s
Testing upload speed......................................................................................................
Upload: 170.06 Mbit/s
2025-08-10T01:15:01+08:00
Retrieving speedtest.net configuration...
Testing from FIl Products Service Television Inc (103.105.214.62)...
Retrieving speedtest.net server list...
Selecting best server based on ping...
Hosted by Globe Telecom (Pasig City) [633.83 km]: 23.769 ms
Testing download speed................................................................................
Download: 170.54 Mbit/s
Testing upload speed......................................................................................................
Upload: 331.29 Mbit/s
2025-08-10T01:20:01+08:00
Retrieving speedtest.net configuration...
Testing from FIl Products Service Television Inc (103.105.214.62)...
Retrieving speedtest.net server list...
Selecting best server based on ping...
Hosted by Globe Telecom (Pasig City) [633.83 km]: 26.694 ms
Testing download speed................................................................................
Download: 172.61 Mbit/s
Testing upload speed......................................................................................................
Upload: 318.46 Mbit/s
2025-08-10T01:25:01+08:00
Retrieving speedtest.net configuration...
Testing from FIl Products Service Television Inc (103.105.214.62)...
Retrieving speedtest.net server list...
Selecting best server based on ping...
Hosted by Globe Telecom (Pasig City) [633.83 km]: 27.571 ms
Testing download speed................................................................................
Download: 165.92 Mbit/s
Testing upload speed......................................................................................................
Upload: 356.21 Mbit/s
2025-08-10T01:30:01+08:00
Retrieving speedtest.net configuration...
Testing from FIl Products Service Television Inc (103.105.214.62)...
Retrieving speedtest.net server list...
Selecting best server based on ping...
2025-08-10T01:35:01+08:00
Retrieving speedtest.net configuration...
Testing from FIl Products Service Television Inc (103.105.214.62)...
Retrieving speedtest.net server list...
Selecting best server based on ping...
Hosted by FiberBro (Makati) [633.45 km]: 30.888 ms
Testing download speed................................................................................
Download: 155.68 Mbit/s
Testing upload speed......................................................................................................
Upload: 393.28 Mbit/s
2025-08-10T01:40:01+08:00
Retrieving speedtest.net configuration...
Testing from FIl Products Service Television Inc (103.105.214.62)...
Retrieving speedtest.net server list...
Selecting best server based on ping...
Hosted by FiberBro (Makati) [633.45 km]: 27.402 ms
Testing download speed................................................................................
Download: 92.72 Mbit/s
Testing upload speed......................................................................................................
Upload: 264.91 Mbit/s
2025-08-10T01:45:01+08:00
Retrieving speedtest.net configuration...
Testing from FIl Products Service Television Inc (103.105.214.62)...
Retrieving speedtest.net server list...
Selecting best server based on ping...
Hosted by Globe Telecom (Pasig City) [633.83 km]: 22.387 ms
Testing download speed................................................................................
Download: 185.42 Mbit/s
Testing upload speed......................................................................................................
Upload: 236.39 Mbit/s
2025-08-10T01:50:01+08:00
Retrieving speedtest.net configuration...
Testing from FIl Products Service Television Inc (103.105.214.62)...
Retrieving speedtest.net server list...
Selecting best server based on ping...
Hosted by Globe Telecom (Pasig City) [633.83 km]: 27.078 ms
Testing download speed................................................................................
Download: 146.12 Mbit/s
Testing upload speed......................................................................................................
Upload: 298.36 Mbit/s
2025-08-10T01:55:01+08:00
Retrieving speedtest.net configuration...
Testing from FIl Products Service Television Inc (103.105.214.62)...
Retrieving speedtest.net server list...
Selecting best server based on ping...
Hosted by Globe Telecom (Pasig City) [633.83 km]: 25.58 ms
Testing download speed................................................................................
Download: 174.24 Mbit/s
Testing upload speed......................................................................................................
Upload: 215.63 Mbit/s
2025-08-10T02:00:01+08:00
Retrieving speedtest.net configuration...
Testing from FIl Products Service Television Inc (103.105.214.62)...
Retrieving speedtest.net server list...
Selecting best server based on ping...
