2025-08-07T00:00:01+08:00
Retrieving speedtest.net configuration...
Testing from FIl Products Service Television Inc (103.105.214.55)...
Retrieving speedtest.net server list...
Selecting best server based on ping...
2025-08-07T00:05:01+08:00
Retrieving speedtest.net configuration...
2025-08-07T00:10:01+08:00
Retrieving speedtest.net configuration...
Testing from FIl Products Service Television Inc (103.105.214.60)...
Retrieving speedtest.net server list...
Selecting best server based on ping...
Hosted by GNET Technologies (Silay City) [162.48 km]: 21.72 ms
Testing download speed................................................................................
Download: 179.26 Mbit/s
Testing upload speed......................................................................................................
Upload: 117.13 Mbit/s
2025-08-07T00:15:01+08:00
Retrieving speedtest.net configuration...
Testing from FIl Products Service Television Inc (103.105.214.55)...
Retrieving speedtest.net server list...
Selecting best server based on ping...
Hosted by GNET Technologies (Silay City) [162.48 km]: 26.727 ms
Testing download speed................................................................................
Download: 184.72 Mbit/s
Testing upload speed......................................................................................................
Upload: 125.73 Mbit/s
2025-08-07T00:20:01+08:00
Retrieving speedtest.net configuration...
Testing from FIl Products Service Television Inc (103.105.214.55)...
Retrieving speedtest.net server list...
Selecting best server based on ping...
Hosted by Kinahugan Bojol Communications Inc. (Jagna) [121.71 km]: 48.74 ms
Testing download speed................................................................................
Download: 182.54 Mbit/s
Testing upload speed......................................................................................................
Upload: 191.52 Mbit/s
2025-08-07T00:25:01+08:00
Retrieving speedtest.net configuration...
Testing from FIl Products Service Television Inc (103.105.214.55)...
Retrieving speedtest.net server list...
Selecting best server based on ping...
Hosted by GNET Technologies (Silay City) [162.48 km]: 21.746 ms
Testing download speed................................................................................
Download: 180.60 Mbit/s
Testing upload speed......................................................................................................
Upload: 120.66 Mbit/s
2025-08-07T00:30:01+08:00
Retrieving speedtest.net configuration...
Testing from FIl Products Service Television Inc (103.105.214.55)...
Retrieving speedtest.net server list...
Selecting best server based on ping...
Hosted by Globe Telecom (Pasig City) [633.83 km]: 40.078 ms
Testing download speed................................................................................
Download: 166.65 Mbit/s
Testing upload speed......................................................................................................
Upload: 320.33 Mbit/s
2025-08-07T00:35:01+08:00
Retrieving speedtest.net configuration...
Testing from FIl Products Service Television Inc (103.105.214.55)...
Retrieving speedtest.net server list...
Selecting best server based on ping...
Hosted by GNET Technologies (Silay City) [162.48 km]: 26.76 ms
Testing download speed................................................................................
Download: 144.14 Mbit/s
Testing upload speed......................................................................................................
Upload: 152.96 Mbit/s
2025-08-07T00:40:01+08:00
Retrieving speedtest.net configuration...
Testing from FIl Products Service Television Inc (103.105.214.60)...
Retrieving speedtest.net server list...
Selecting best server based on ping...
Hosted by GNET Technologies (Silay City) [162.48 km]: 17.19 ms
Testing download speed................................................................................
Download: 181.61 Mbit/s
Testing upload speed......................................................................................................
Upload: 130.33 Mbit/s
2025-08-07T00:45:01+08:00
Retrieving speedtest.net configuration...
Testing from FIl Products Service Television Inc (103.105.214.55)...
Retrieving speedtest.net server list...
Selecting best server based on ping...
Hosted by Cliantech Internet (Mabini) [148.86 km]: 31.658 ms
Testing download speed................................................................................
Download: 186.50 Mbit/s
Testing upload speed......................................................................................................
Upload: 232.25 Mbit/s
2025-08-07T00:50:01+08:00
Retrieving speedtest.net configuration...
Testing from FIl Products Service Television Inc (103.105.214.55)...
Retrieving speedtest.net server list...
Selecting best server based on ping...
Hosted by GNET Technologies (Silay City) [162.48 km]: 31.565 ms
Testing download speed................................................................................
Download: 184.38 Mbit/s
Testing upload speed......................................................................................................
Upload: 117.53 Mbit/s
2025-08-07T00:55:01+08:00
Retrieving speedtest.net configuration...
Testing from FIl Products Service Television Inc (103.105.214.55)...
Retrieving speedtest.net server list...
Selecting best server based on ping...
Hosted by GNET Technologies (Silay City) [162.48 km]: 17.323 ms
Testing download speed................................................................................
Download: 186.99 Mbit/s
Testing upload speed......................................................................................................
Upload: 126.69 Mbit/s
2025-08-07T01:00:01+08:00
Retrieving speedtest.net configuration...
Testing from FIl Products Service Television Inc (103.105.214.60)...
Retrieving speedtest.net server list...
Selecting best server based on ping...
