2025-05-27T22:40:01-04:00
Retrieving speedtest.net configuration...
Testing from FIl Products Service Television Inc (103.105.214.56)...
Retrieving speedtest.net server list...
Selecting best server based on ping...
Hosted by PLDT (Cagayan de Oro) [173.34 km]: 41.624 ms
Testing download speed................................................................................
Download: 167.12 Mbit/s
Testing upload speed......................................................................................................
Upload: 164.23 Mbit/s
2025-05-27T22:45:01-04:00
Retrieving speedtest.net configuration...
Testing from FIl Products Service Television Inc (103.105.214.56)...
Retrieving speedtest.net server list...
Selecting best server based on ping...
Hosted by Globe Telecom (Cagayan de Oro) [173.41 km]: 34.759 ms
Testing download speed................................................................................
Download: 136.19 Mbit/s
Testing upload speed......................................................................................................
Upload: 154.54 Mbit/s
2025-05-27T22:50:01-04:00
Retrieving speedtest.net configuration...
Testing from FIl Products Service Television Inc (103.105.214.56)...
Retrieving speedtest.net server list...
Selecting best server based on ping...
Hosted by Globe Telecom (Cagayan de Oro) [173.41 km]: 34.537 ms
Testing download speed................................................................................
Download: 125.09 Mbit/s
Testing upload speed......................................................................................................
Upload: 147.12 Mbit/s
2025-05-27T22:55:01-04:00
Retrieving speedtest.net configuration...
Testing from FIl Products Service Television Inc (103.105.214.56)...
Retrieving speedtest.net server list...
Selecting best server based on ping...
Hosted by DITO (Davao City) [333.33 km]: 33.123 ms
Testing download speed................................................................................
Download: 117.21 Mbit/s
Testing upload speed......................................................................................................
Upload: 120.63 Mbit/s
2025-05-27T23:00:01-04:00
Retrieving speedtest.net configuration...
Testing from FIl Products Service Television Inc (103.105.214.56)...
Retrieving speedtest.net server list...
Selecting best server based on ping...
