2025-04-30T00:00:01+08:00
Retrieving speedtest.net configuration...
Testing from FIl Products Service Television Inc (103.105.214.61)...
Retrieving speedtest.net server list...
Selecting best server based on ping...
2025-04-30T00:05:01+08:00
Retrieving speedtest.net configuration...
2025-04-30T00:10:02+08:00
Retrieving speedtest.net configuration...
Testing from FIl Products Service Television Inc (103.105.214.61)...
Retrieving speedtest.net server list...
Selecting best server based on ping...
Hosted by FIBERBLAZE (General Trias) [626.98 km]: 22.305 ms
Testing download speed................................................................................
Download: 135.01 Mbit/s
Testing upload speed......................................................................................................
Upload: 240.56 Mbit/s
2025-04-30T00:15:01+08:00
Retrieving speedtest.net configuration...
Testing from FIl Products Service Television Inc (103.105.214.53)...
Retrieving speedtest.net server list...
Selecting best server based on ping...
Hosted by FIBERBLAZE (General Trias) [626.98 km]: 21.187 ms
Testing download speed................................................................................
Download: 165.22 Mbit/s
Testing upload speed......................................................................................................
Upload: 201.85 Mbit/s
2025-04-30T00:20:01+08:00
Retrieving speedtest.net configuration...
Testing from FIl Products Service Television Inc (103.105.214.53)...
Retrieving speedtest.net server list...
Selecting best server based on ping...
Hosted by FIBERBLAZE (General Trias) [626.98 km]: 18.075 ms
Testing download speed................................................................................
Download: 148.29 Mbit/s
Testing upload speed......................................................................................................
Upload: 209.95 Mbit/s
2025-04-30T00:25:01+08:00
Retrieving speedtest.net configuration...
Testing from FIl Products Service Television Inc (103.105.214.53)...
Retrieving speedtest.net server list...
Selecting best server based on ping...
Hosted by FIBERBLAZE (General Trias) [626.98 km]: 20.541 ms
Testing download speed................................................................................
Download: 158.78 Mbit/s
Testing upload speed......................................................................................................
Upload: 255.09 Mbit/s
2025-04-30T00:30:01+08:00
Retrieving speedtest.net configuration...
Testing from FIl Products Service Television Inc (103.105.214.53)...
Retrieving speedtest.net server list...
Selecting best server based on ping...
2025-04-30T00:35:01+08:00
Retrieving speedtest.net configuration...
2025-04-30T00:40:01+08:00
Retrieving speedtest.net configuration...
Testing from FIl Products Service Television Inc (103.105.214.61)...
Retrieving speedtest.net server list...
Selecting best server based on ping...
Hosted by FIBERBLAZE (General Trias) [626.98 km]: 18.979 ms
Testing download speed................................................................................
Download: 156.22 Mbit/s
Testing upload speed......................................................................................................
Upload: 232.19 Mbit/s
2025-04-30T00:45:01+08:00
Retrieving speedtest.net configuration...
Testing from FIl Products Service Television Inc (103.105.214.53)...
Retrieving speedtest.net server list...
Selecting best server based on ping...
Hosted by FIBERBLAZE (General Trias) [626.98 km]: 21.02 ms
Testing download speed................................................................................
Download: 135.96 Mbit/s
Testing upload speed......................................................................................................
Upload: 245.03 Mbit/s
2025-04-30T00:50:01+08:00
Retrieving speedtest.net configuration...
Testing from FIl Products Service Television Inc (103.105.214.53)...
Retrieving speedtest.net server list...
Selecting best server based on ping...
Hosted by FIBERBLAZE (General Trias) [626.98 km]: 22.325 ms
Testing download speed................................................................................
Download: 161.88 Mbit/s
Testing upload speed......................................................................................................
Upload: 170.52 Mbit/s
2025-04-30T00:55:01+08:00
Retrieving speedtest.net configuration...
Testing from FIl Products Service Television Inc (103.105.214.53)...
Retrieving speedtest.net server list...
Selecting best server based on ping...
Hosted by FIBERBLAZE (General Trias) [626.98 km]: 22.384 ms
Testing download speed................................................................................
Download: 168.30 Mbit/s
Testing upload speed......................................................................................................
Upload: 247.41 Mbit/s
2025-04-30T01:00:01+08:00
Retrieving speedtest.net configuration...
Testing from FIl Products Service Television Inc (103.105.214.53)...
Retrieving speedtest.net server list...
Selecting best server based on ping...
