2025-09-16T00:00:01+08:00
Retrieving speedtest.net configuration...
Testing from FIl Products Service Television Inc (103.105.214.62)...
Retrieving speedtest.net server list...
Selecting best server based on ping...
2025-09-16T00:05:01+08:00
Retrieving speedtest.net configuration...
2025-09-16T00:10:01+08:00
Retrieving speedtest.net configuration...
Testing from FIl Products Service Television Inc (103.105.214.57)...
Retrieving speedtest.net server list...
Selecting best server based on ping...
Hosted by Parasat Cable TV, Inc. (Cagayan de Oro) [173.34 km]: 27.06 ms
Testing download speed................................................................................
Download: 91.00 Mbit/s
Testing upload speed......................................................................................................
Upload: 83.76 Mbit/s
2025-09-16T00:15:01+08:00
Retrieving speedtest.net configuration...
Testing from FIl Products Service Television Inc (103.105.214.62)...
Retrieving speedtest.net server list...
Selecting best server based on ping...
Hosted by Parasat Cable TV, Inc. (Cagayan de Oro) [173.34 km]: 27.015 ms
Testing download speed................................................................................
Download: 87.82 Mbit/s
Testing upload speed......................................................................................................
Upload: 73.84 Mbit/s
2025-09-16T00:20:01+08:00
Retrieving speedtest.net configuration...
Testing from FIl Products Service Television Inc (103.105.214.62)...
Retrieving speedtest.net server list...
Selecting best server based on ping...
Hosted by Smart Communications (Cagayan de Oro) [173.34 km]: 62.547 ms
Testing download speed................................................................................
Download: 87.24 Mbit/s
Testing upload speed......................................................................................................
Upload: 2.90 Mbit/s
2025-09-16T00:25:01+08:00
Retrieving speedtest.net configuration...
Testing from FIl Products Service Television Inc (103.105.214.62)...
Retrieving speedtest.net server list...
Selecting best server based on ping...
Hosted by Parasat Cable TV, Inc. (Cagayan de Oro) [173.34 km]: 26.861 ms
Testing download speed................................................................................
Download: 91.66 Mbit/s
Testing upload speed......................................................................................................
Upload: 83.15 Mbit/s
2025-09-16T00:30:02+08:00
Retrieving speedtest.net configuration...
Testing from FIl Products Service Television Inc (103.105.214.57)...
Retrieving speedtest.net server list...
Selecting best server based on ping...
2025-09-16T00:35:01+08:00
Retrieving speedtest.net configuration...
Testing from FIl Products Service Television Inc (103.105.214.62)...
Retrieving speedtest.net server list...
Selecting best server based on ping...
Hosted by PLDT (Cagayan de Oro) [173.34 km]: 39.462 ms
Testing download speed................................................................................
Download: 84.24 Mbit/s
Testing upload speed......................................................................................................
Upload: 49.03 Mbit/s
2025-09-16T00:40:01+08:00
Retrieving speedtest.net configuration...
Testing from FIl Products Service Television Inc (103.105.214.62)...
Retrieving speedtest.net server list...
Selecting best server based on ping...
Hosted by Giga Fiber Corp. (Tagum City) [344.01 km]: 37.873 ms
Testing download speed................................................................................
Download: 58.67 Mbit/s
Testing upload speed......................................................................................................
Upload: 67.95 Mbit/s
2025-09-16T00:45:01+08:00
Retrieving speedtest.net configuration...
Testing from FIl Products Service Television Inc (103.105.214.57)...
Retrieving speedtest.net server list...
Selecting best server based on ping...
Hosted by PLDT (Cagayan de Oro) [173.34 km]: 41.145 ms
Testing download speed................................................................................
Download: 87.47 Mbit/s
Testing upload speed......................................................................................................
Upload: 73.34 Mbit/s
2025-09-16T00:50:01+08:00
Retrieving speedtest.net configuration...
Testing from FIl Products Service Television Inc (103.105.214.57)...
Retrieving speedtest.net server list...
Selecting best server based on ping...
Hosted by PLDT (Cagayan de Oro) [173.34 km]: 41.036 ms
Testing download speed................................................................................
Download: 87.39 Mbit/s
Testing upload speed......................................................................................................
Upload: 76.32 Mbit/s
2025-09-16T00:55:01+08:00
Retrieving speedtest.net configuration...
Testing from FIl Products Service Television Inc (103.105.214.57)...
Retrieving speedtest.net server list...
Selecting best server based on ping...
Hosted by PLDT (Cagayan de Oro) [173.34 km]: 43.792 ms
Testing download speed................................................................................
Download: 87.79 Mbit/s
Testing upload speed......................................................................................................
Upload: 41.62 Mbit/s
2025-09-16T01:00:01+08:00
Retrieving speedtest.net configuration...
Testing from FIl Products Service Television Inc (103.105.214.62)...
Retrieving speedtest.net server list...
Selecting best server based on ping...
2025-09-16T01:05:01+08:00
Retrieving speedtest.net configuration...
2025-09-16T01:10:01+08:00
Retrieving speedtest.net configuration...
Testing from FIl Products Service Television Inc (103.105.214.62)...
Retrieving speedtest.net server list...
Selecting best server based on ping...
Hosted by PLDT (Cagayan de Oro) [173.34 km]: 42.721 ms
Testing download speed................................................................................
Download: 77.00 Mbit/s
Testing upload speed......................................................................................................
Upload: 10.28 Mbit/s
2025-09-16T01:15:01+08:00
Retrieving speedtest.net configuration...
Testing from FIl Products Service Television Inc (103.105.214.62)...
Retrieving speedtest.net server list...
Selecting best server based on ping...
Hosted by Giga Fiber Corp. (Tagum City) [344.01 km]: 39.481 ms
Testing download speed................................................................................
Download: 54.34 Mbit/s
Testing upload speed......................................................................................................
Upload: 75.10 Mbit/s
2025-09-16T01:20:01+08:00
Retrieving speedtest.net configuration...
Testing from FIl Products Service Television Inc (103.105.214.57)...
Retrieving speedtest.net server list...
Selecting best server based on ping...
Hosted by PLDT (Cagayan de Oro) [173.34 km]: 41.175 ms
Testing download speed................................................................................
Download: 83.16 Mbit/s
Testing upload speed......................................................................................................
Upload: 54.65 Mbit/s
2025-09-16T01:25:01+08:00
Retrieving speedtest.net configuration...
Testing from FIl Products Service Television Inc (103.105.214.62)...
Retrieving speedtest.net server list...
Selecting best server based on ping...
Hosted by Giga Fiber Corp. (Tagum City) [344.01 km]: 37.886 ms
Testing download speed................................................................................
Download: 55.72 Mbit/s
Testing upload speed......................................................................................................
Upload: 70.19 Mbit/s
2025-09-16T01:30:01+08:00
Retrieving speedtest.net configuration...
Testing from FIl Products Service Television Inc (103.105.214.57)...
Retrieving speedtest.net server list...
Selecting best server based on ping...
2025-09-16T01:35:01+08:00
Retrieving speedtest.net configuration...
Testing from FIl Products Service Television Inc (103.105.214.57)...
Retrieving speedtest.net server list...
Selecting best server based on ping...
Hosted by PLDT (Cagayan de Oro) [173.34 km]: 45.434 ms
Testing download speed................................................................................
Download: 79.80 Mbit/s
Testing upload speed......................................................................................................
Upload: 70.27 Mbit/s
2025-09-16T01:40:01+08:00
Retrieving speedtest.net configuration...
Testing from FIl Products Service Television Inc (103.105.214.62)...
Retrieving speedtest.net server list...
Selecting best server based on ping...
Hosted by PLDT (Cagayan de Oro) [173.34 km]: 43.4 ms
Testing download speed................................................................................
Download: 84.03 Mbit/s
Testing upload speed......................................................................................................
Upload: 2.65 Mbit/s
2025-09-16T01:45:01+08:00
Retrieving speedtest.net configuration...
Testing from FIl Products Service Television Inc (103.105.214.62)...
Retrieving speedtest.net server list...
Selecting best server based on ping...
Hosted by Giga Fiber Corp. (Tagum City) [344.01 km]: 38.395 ms
Testing download speed................................................................................
Download: 46.34 Mbit/s
Testing upload speed......................................................................................................
Upload: 68.80 Mbit/s
2025-09-16T01:50:01+08:00
Retrieving speedtest.net configuration...
Testing from FIl Products Service Television Inc (103.105.214.62)...
Retrieving speedtest.net server list...
Selecting best server based on ping...
Hosted by PLDT (Cagayan de Oro) [173.34 km]: 41.3 ms
Testing download speed................................................................................
Download: 85.09 Mbit/s
Testing upload speed......................................................................................................
Upload: 71.07 Mbit/s
2025-09-16T01:55:01+08:00
Retrieving speedtest.net configuration...
Testing from FIl Products Service Television Inc (103.105.214.62)...
Retrieving speedtest.net server list...
Selecting best server based on ping...
Hosted by PLDT (Cagayan de Oro) [173.34 km]: 45.047 ms
Testing download speed................................................................................
Download: 84.28 Mbit/s
Testing upload speed......................................................................................................
Upload: 69.31 Mbit/s
2025-09-16T02:00:01+08:00
Retrieving speedtest.net configuration...
Testing from FIl Products Service Television Inc (103.105.214.57)...
Retrieving speedtest.net server list...
Selecting best server based on ping...
