2025-04-18T00:00:01+08:00
Retrieving speedtest.net configuration...
Testing from FIl Products Service Television Inc (103.105.214.50)...
Retrieving speedtest.net server list...
Selecting best server based on ping...
2025-04-18T00:05:01+08:00
Retrieving speedtest.net configuration...
2025-04-18T00:10:01+08:00
Retrieving speedtest.net configuration...
Testing from FIl Products Service Television Inc (103.105.214.53)...
Retrieving speedtest.net server list...
Selecting best server based on ping...
Hosted by Fil Products Negros (Dumaguete City) [0.00 km]: 15.055 ms
Testing download speed................................................................................
Download: 105.58 Mbit/s
Testing upload speed......................................................................................................
Upload: 31.45 Mbit/s
2025-04-18T00:15:01+08:00
Retrieving speedtest.net configuration...
Testing from FIl Products Service Television Inc (103.105.214.56)...
Retrieving speedtest.net server list...
Selecting best server based on ping...
Hosted by Fil Products Negros (Dumaguete City) [0.00 km]: 4.945 ms
Testing download speed................................................................................
Download: 142.98 Mbit/s
Testing upload speed......................................................................................................
Upload: 46.09 Mbit/s
2025-04-18T00:20:01+08:00
Retrieving speedtest.net configuration...
Testing from FIl Products Service Television Inc (103.105.214.50)...
Retrieving speedtest.net server list...
Selecting best server based on ping...
Hosted by Fil Products Negros (Dumaguete City) [0.00 km]: 4.903 ms
Testing download speed................................................................................
Download: 100.52 Mbit/s
Testing upload speed......................................................................................................
Upload: 40.78 Mbit/s
2025-04-18T00:25:01+08:00
Retrieving speedtest.net configuration...
Testing from FIl Products Service Television Inc (103.105.214.50)...
Retrieving speedtest.net server list...
Selecting best server based on ping...
Hosted by Fil Products Negros (Dumaguete City) [0.00 km]: 5.615 ms
Testing download speed................................................................................
Download: 142.90 Mbit/s
Testing upload speed......................................................................................................
Upload: 45.58 Mbit/s
2025-04-18T00:30:01+08:00
Retrieving speedtest.net configuration...
Testing from FIl Products Service Television Inc (103.105.214.50)...
Retrieving speedtest.net server list...
Selecting best server based on ping...
2025-04-18T00:35:01+08:00
Retrieving speedtest.net configuration...
2025-04-18T00:40:01+08:00
Retrieving speedtest.net configuration...
Testing from FIl Products Service Television Inc (103.105.214.53)...
Retrieving speedtest.net server list...
Selecting best server based on ping...
Hosted by Fil Products Negros (Dumaguete City) [0.00 km]: 34.496 ms
Testing download speed................................................................................
Download: 138.68 Mbit/s
Testing upload speed......................................................................................................
Upload: 47.57 Mbit/s
2025-04-18T00:45:01+08:00
Retrieving speedtest.net configuration...
Testing from FIl Products Service Television Inc (103.105.214.50)...
Retrieving speedtest.net server list...
Selecting best server based on ping...
Hosted by Fil Products Negros (Dumaguete City) [0.00 km]: 6.332 ms
Testing download speed................................................................................
Download: 126.74 Mbit/s
Testing upload speed......................................................................................................
Upload: 15.26 Mbit/s
2025-04-18T00:50:01+08:00
Retrieving speedtest.net configuration...
Testing from FIl Products Service Television Inc (103.105.214.53)...
Retrieving speedtest.net server list...
Selecting best server based on ping...
Hosted by Fil Products Negros (Dumaguete City) [0.00 km]: 34.552 ms
Testing download speed................................................................................
Download: 153.35 Mbit/s
Testing upload speed......................................................................................................
Upload: 47.03 Mbit/s
2025-04-18T00:55:01+08:00
Retrieving speedtest.net configuration...
Testing from FIl Products Service Television Inc (103.105.214.53)...
Retrieving speedtest.net server list...
Selecting best server based on ping...
Hosted by Fil Products Negros (Dumaguete City) [0.00 km]: 14.066 ms
Testing download speed................................................................................
Download: 123.05 Mbit/s
Testing upload speed......................................................................................................
Upload: 43.15 Mbit/s
2025-04-18T01:00:01+08:00
Retrieving speedtest.net configuration...
Testing from FIl Products Service Television Inc (103.105.214.50)...
Retrieving speedtest.net server list...
