2025-08-15T00:00:01+08:00
Retrieving speedtest.net configuration...
Testing from FIl Products Service Television Inc (103.105.214.50)...
Retrieving speedtest.net server list...
Selecting best server based on ping...
2025-08-15T00:05:01+08:00
Retrieving speedtest.net configuration...
2025-08-15T00:10:01+08:00
Retrieving speedtest.net configuration...
Testing from FIl Products Service Television Inc (103.105.214.52)...
Retrieving speedtest.net server list...
Selecting best server based on ping...
Hosted by Globe Telecom (Pasig City) [633.83 km]: 24.19 ms
Testing download speed................................................................................
Download: 116.58 Mbit/s
Testing upload speed......................................................................................................
Upload: 228.60 Mbit/s
2025-08-15T00:15:01+08:00
Retrieving speedtest.net configuration...
Testing from FIl Products Service Television Inc (103.105.214.50)...
Retrieving speedtest.net server list...
Selecting best server based on ping...
Hosted by Globe Telecom (Pasig City) [633.83 km]: 22.368 ms
Testing download speed................................................................................
Download: 112.76 Mbit/s
Testing upload speed......................................................................................................
Upload: 268.84 Mbit/s
2025-08-15T00:20:01+08:00
Retrieving speedtest.net configuration...
Testing from FIl Products Service Television Inc (103.105.214.52)...
Retrieving speedtest.net server list...
Selecting best server based on ping...
Hosted by Globe Telecom (Pasig City) [633.83 km]: 22.635 ms
Testing download speed................................................................................
Download: 127.28 Mbit/s
Testing upload speed......................................................................................................
Upload: 314.95 Mbit/s
2025-08-15T00:25:01+08:00
Retrieving speedtest.net configuration...
Testing from FIl Products Service Television Inc (103.105.214.52)...
Retrieving speedtest.net server list...
Selecting best server based on ping...
Hosted by Globe Telecom (Pasig City) [633.83 km]: 22.899 ms
Testing download speed................................................................................
Download: 122.78 Mbit/s
Testing upload speed......................................................................................................
Upload: 278.08 Mbit/s
2025-08-15T00:30:01+08:00
Retrieving speedtest.net configuration...
Testing from FIl Products Service Television Inc (103.105.214.52)...
Retrieving speedtest.net server list...
Selecting best server based on ping...
2025-08-15T00:35:01+08:00
Retrieving speedtest.net configuration...
Testing from FIl Products Service Television Inc (103.105.214.52)...
Retrieving speedtest.net server list...
Selecting best server based on ping...
Hosted by DC FIBER NETWORK (Cainta) [633.00 km]: 28.359 ms
Testing download speed................................................................................
Download: 148.71 Mbit/s
Testing upload speed......................................................................................................
Upload: 230.90 Mbit/s
2025-08-15T00:40:01+08:00
Retrieving speedtest.net configuration...
Testing from FIl Products Service Television Inc (103.105.214.52)...
Retrieving speedtest.net server list...
Selecting best server based on ping...
Hosted by Globe Telecom (Pasig City) [633.83 km]: 26.68 ms
Testing download speed................................................................................
Download: 158.67 Mbit/s
Testing upload speed......................................................................................................
Upload: 347.29 Mbit/s
2025-08-15T00:45:01+08:00
Retrieving speedtest.net configuration...
Testing from FIl Products Service Television Inc (103.105.214.50)...
Retrieving speedtest.net server list...
Selecting best server based on ping...
Hosted by Globe Telecom (Pasig City) [633.83 km]: 25.414 ms
Testing download speed................................................................................
Download: 136.15 Mbit/s
Testing upload speed......................................................................................................
Upload: 237.10 Mbit/s
2025-08-15T00:50:01+08:00
Retrieving speedtest.net configuration...
Testing from FIl Products Service Television Inc (103.105.214.50)...
Retrieving speedtest.net server list...
Selecting best server based on ping...
Hosted by Globe Telecom (Pasig City) [633.83 km]: 22.496 ms
Testing download speed................................................................................
Download: 126.26 Mbit/s
Testing upload speed......................................................................................................
Upload: 232.86 Mbit/s
2025-08-15T00:55:01+08:00
Retrieving speedtest.net configuration...
Testing from FIl Products Service Television Inc (103.105.214.52)...
Retrieving speedtest.net server list...
Selecting best server based on ping...
Hosted by Globe Telecom (Pasig City) [633.83 km]: 22.586 ms
Testing download speed................................................................................
Download: 133.12 Mbit/s
Testing upload speed......................................................................................................
Upload: 382.94 Mbit/s
2025-08-15T01:00:01+08:00
Retrieving speedtest.net configuration...
Testing from FIl Products Service Television Inc (103.105.214.50)...
Retrieving speedtest.net server list...
Selecting best server based on ping...
2025-08-15T01:05:01+08:00
Retrieving speedtest.net configuration...
2025-08-15T01:10:01+08:00
Retrieving speedtest.net configuration...
Testing from FIl Products Service Television Inc (103.105.214.50)...
Retrieving speedtest.net server list...
Selecting best server based on ping...
Hosted by Globe Telecom (Pasig City) [633.83 km]: 24.379 ms
Testing download speed................................................................................
Download: 146.97 Mbit/s
Testing upload speed......................................................................................................
Upload: 287.61 Mbit/s
2025-08-15T01:15:01+08:00
Retrieving speedtest.net configuration...
Testing from FIl Products Service Television Inc (103.105.214.52)...
Retrieving speedtest.net server list...
Selecting best server based on ping...
Hosted by Globe Telecom (Pasig City) [633.83 km]: 23.401 ms
Testing download speed................................................................................
Download: 129.56 Mbit/s
Testing upload speed......................................................................................................
Upload: 170.33 Mbit/s
2025-08-15T01:20:01+08:00
Retrieving speedtest.net configuration...
Testing from FIl Products Service Television Inc (103.105.214.52)...
Retrieving speedtest.net server list...
Selecting best server based on ping...
Hosted by Globe Telecom (Pasig City) [633.83 km]: 23.013 ms
Testing download speed................................................................................
Download: 124.83 Mbit/s
Testing upload speed......................................................................................................
Upload: 248.81 Mbit/s
2025-08-15T01:25:01+08:00
Retrieving speedtest.net configuration...
Testing from FIl Products Service Television Inc (103.105.214.52)...
Retrieving speedtest.net server list...
Selecting best server based on ping...
Hosted by Globe Telecom (Pasig City) [633.83 km]: 22.366 ms
Testing download speed................................................................................
Download: 131.84 Mbit/s
Testing upload speed......................................................................................................
Upload: 310.26 Mbit/s
2025-08-15T01:30:01+08:00
Retrieving speedtest.net configuration...
Testing from FIl Products Service Television Inc (103.105.214.52)...
Retrieving speedtest.net server list...
Selecting best server based on ping...
2025-08-15T01:35:01+08:00
Retrieving speedtest.net configuration...
Testing from FIl Products Service Television Inc (103.105.214.50)...
Retrieving speedtest.net server list...
Selecting best server based on ping...
Hosted by DC FIBER NETWORK (Cainta) [633.00 km]: 28.027 ms
Testing download speed................................................................................
Download: 156.72 Mbit/s
Testing upload speed......................................................................................................
Upload: 242.02 Mbit/s
2025-08-15T01:40:01+08:00
Retrieving speedtest.net configuration...
Testing from FIl Products Service Television Inc (103.105.214.52)...
Retrieving speedtest.net server list...
Selecting best server based on ping...
Hosted by Globe Telecom (Pasig City) [633.83 km]: 26.247 ms
Testing download speed................................................................................
Download: 145.89 Mbit/s
Testing upload speed......................................................................................................
Upload: 389.97 Mbit/s
2025-08-15T01:45:01+08:00
Retrieving speedtest.net configuration...
Testing from FIl Products Service Television Inc (103.105.214.50)...
Retrieving speedtest.net server list...
Selecting best server based on ping...
Hosted by Globe Telecom (Pasig City) [633.83 km]: 24.642 ms
Testing download speed................................................................................
Download: 113.83 Mbit/s
Testing upload speed......................................................................................................
Upload: 284.50 Mbit/s
2025-08-15T01:50:01+08:00
Retrieving speedtest.net configuration...
Testing from FIl Products Service Television Inc (103.105.214.52)...
Retrieving speedtest.net server list...
Selecting best server based on ping...
Hosted by Globe Telecom (Pasig City) [633.83 km]: 24.0 ms
Testing download speed................................................................................
Download: 147.79 Mbit/s
Testing upload speed......................................................................................................
Upload: 424.05 Mbit/s
2025-08-15T01:55:01+08:00
Retrieving speedtest.net configuration...
Testing from FIl Products Service Television Inc (103.105.214.52)...
Retrieving speedtest.net server list...
Selecting best server based on ping...
Hosted by Globe Telecom (Pasig City) [633.83 km]: 27.413 ms
Testing download speed................................................................................
Download: 152.45 Mbit/s
Testing upload speed......................................................................................................
Upload: 310.35 Mbit/s
2025-08-15T02:00:01+08:00
Retrieving speedtest.net configuration...
Testing from FIl Products Service Television Inc (103.105.214.50)...
Retrieving speedtest.net server list...
Selecting best server based on ping...
2025-08-15T02:05:01+08:00
Retrieving speedtest.net configuration...
2025-08-15T02:10:01+08:00
Retrieving speedtest.net configuration...
Testing from FIl Products Service Television Inc (103.105.214.52)...
Retrieving speedtest.net server list...
Selecting best server based on ping...
Hosted by Globe Telecom (Pasig City) [633.83 km]: 25.219 ms
Testing download speed................................................................................
Download: 111.02 Mbit/s
Testing upload speed......................................................................................................
Upload: 315.85 Mbit/s
2025-08-15T02:15:01+08:00
Retrieving speedtest.net configuration...
Testing from FIl Products Service Television Inc (103.105.214.52)...
Retrieving speedtest.net server list...
Selecting best server based on ping...
Hosted by Globe Telecom (Pasig City) [633.83 km]: 22.653 ms
Testing download speed................................................................................
Download: 139.64 Mbit/s
Testing upload speed......................................................................................................
Upload: 299.56 Mbit/s
2025-08-15T02:20:01+08:00
Retrieving speedtest.net configuration...
Testing from FIl Products Service Television Inc (103.105.214.50)...
Retrieving speedtest.net server list...
Selecting best server based on ping...
Hosted by Globe Telecom (Pasig City) [633.83 km]: 24.779 ms
Testing download speed................................................................................
Download: 111.27 Mbit/s
Testing upload speed......................................................................................................
Upload: 412.76 Mbit/s
2025-08-15T02:25:01+08:00
Retrieving speedtest.net configuration...
Testing from FIl Products Service Television Inc (103.105.214.50)...
Retrieving speedtest.net server list...
Selecting best server based on ping...
Hosted by Globe Telecom (Pasig City) [633.83 km]: 24.661 ms
Testing download speed................................................................................
Download: 147.55 Mbit/s
Testing upload speed......................................................................................................
Upload: 243.37 Mbit/s
2025-08-15T02:30:01+08:00
Retrieving speedtest.net configuration...
Testing from FIl Products Service Television Inc (103.105.214.52)...
Retrieving speedtest.net server list...
Selecting best server based on ping...
2025-08-15T02:35:01+08:00
Retrieving speedtest.net configuration...
2025-08-15T02:40:01+08:00
Retrieving speedtest.net configuration...
2025-08-15T02:45:01+08:00
Retrieving speedtest.net configuration...
Testing from FIl Products Service Television Inc (103.105.214.62)...
Retrieving speedtest.net server list...
Selecting best server based on ping...
Hosted by Globe Telecom (Pasig City) [633.83 km]: 32.895 ms
Testing download speed................................................................................
Download: 71.99 Mbit/s
Testing upload speed......................................................................................................
Upload: 105.08 Mbit/s
2025-08-15T02:50:01+08:00
Retrieving speedtest.net configuration...
Testing from FIl Products Service Television Inc (103.105.214.62)...
Retrieving speedtest.net server list...
Selecting best server based on ping...
Hosted by Philippine Global Communications, Inc. (Makati) [633.45 km]: 31.519 ms
Testing download speed................................................................................
Download: 169.23 Mbit/s
Testing upload speed......................................................................................................
Upload: 264.44 Mbit/s
2025-08-15T02:55:01+08:00
Retrieving speedtest.net configuration...
Testing from FIl Products Service Television Inc (103.105.214.62)...
Retrieving speedtest.net server list...
Selecting best server based on ping...
Hosted by Philippine Global Communications, Inc. (Makati) [633.45 km]: 31.861 ms
Testing download speed................................................................................
Download: 168.66 Mbit/s
Testing upload speed......................................................................................................
Upload: 306.46 Mbit/s
2025-08-15T03:00:01+08:00
Retrieving speedtest.net configuration...
Testing from FIl Products Service Television Inc (103.105.214.62)...
Retrieving speedtest.net server list...
Selecting best server based on ping...
2025-08-15T03:05:01+08:00
Retrieving speedtest.net configuration...
2025-08-15T03:10:01+08:00
Retrieving speedtest.net configuration...
Testing from FIl Products Service Television Inc (103.105.214.62)...
Retrieving speedtest.net server list...
Selecting best server based on ping...
Hosted by Philippine Global Communications, Inc. (Makati) [633.45 km]: 30.254 ms
Testing download speed................................................................................
Download: 155.70 Mbit/s
Testing upload speed......................................................................................................
Upload: 255.84 Mbit/s
2025-08-15T03:15:01+08:00
Retrieving speedtest.net configuration...
Testing from FIl Products Service Television Inc (103.105.214.62)...
Retrieving speedtest.net server list...
Selecting best server based on ping...
Hosted by Philippine Global Communications, Inc. (Makati) [633.45 km]: 30.712 ms
Testing download speed................................................................................
Download: 161.58 Mbit/s
Testing upload speed......................................................................................................
Upload: 243.17 Mbit/s
2025-08-15T03:20:01+08:00
Retrieving speedtest.net configuration...
Testing from FIl Products Service Television Inc (103.105.214.51)...
Retrieving speedtest.net server list...
Selecting best server based on ping...
Hosted by Philippine Global Communications, Inc. (Makati) [633.45 km]: 35.136 ms
Testing download speed................................................................................
Download: 184.06 Mbit/s
Testing upload speed......................................................................................................
Upload: 318.31 Mbit/s
2025-08-15T03:25:01+08:00
Retrieving speedtest.net configuration...
Testing from FIl Products Service Television Inc (103.105.214.51)...
Retrieving speedtest.net server list...
Selecting best server based on ping...
Hosted by Infinivan, Inc. (Makati City) [634.17 km]: 32.49 ms
Testing download speed................................................................................
Download: 171.47 Mbit/s
Testing upload speed......................................................................................................
Upload: 297.79 Mbit/s
2025-08-15T03:30:01+08:00
Retrieving speedtest.net configuration...
Testing from FIl Products Service Television Inc (103.105.214.62)...
Retrieving speedtest.net server list...
Selecting best server based on ping...
2025-08-15T03:35:01+08:00
Retrieving speedtest.net configuration...
Testing from FIl Products Service Television Inc (103.105.214.62)...
Retrieving speedtest.net server list...
Selecting best server based on ping...
Hosted by Infinivan, Inc. (Makati City) [634.17 km]: 31.95 ms
Testing download speed................................................................................
Download: 156.67 Mbit/s
Testing upload speed......................................................................................................
Upload: 323.51 Mbit/s
2025-08-15T03:40:01+08:00
Retrieving speedtest.net configuration...
Testing from FIl Products Service Television Inc (103.105.214.51)...
Retrieving speedtest.net server list...
Selecting best server based on ping...
Hosted by Infinivan, Inc. (Makati City) [634.17 km]: 31.319 ms
Testing download speed................................................................................
Download: 169.55 Mbit/s
Testing upload speed......................................................................................................
Upload: 258.04 Mbit/s
2025-08-15T03:45:01+08:00
Retrieving speedtest.net configuration...
Testing from FIl Products Service Television Inc (103.105.214.51)...
Retrieving speedtest.net server list...
Selecting best server based on ping...
Hosted by Philippine Global Communications, Inc. (Makati) [633.45 km]: 31.322 ms
Testing download speed................................................................................
Download: 161.52 Mbit/s
Testing upload speed......................................................................................................
Upload: 315.98 Mbit/s
2025-08-15T03:50:01+08:00
Retrieving speedtest.net configuration...
Testing from FIl Products Service Television Inc (103.105.214.51)...
Retrieving speedtest.net server list...
Selecting best server based on ping...
Hosted by Philippine Global Communications, Inc. (Makati) [633.45 km]: 31.907 ms
Testing download speed................................................................................
Download: 178.58 Mbit/s
Testing upload speed......................................................................................................
Upload: 233.92 Mbit/s
2025-08-15T03:55:01+08:00
Retrieving speedtest.net configuration...
Testing from FIl Products Service Television Inc (103.105.214.51)...
Retrieving speedtest.net server list...
Selecting best server based on ping...
Hosted by Philippine Global Communications, Inc. (Makati) [633.45 km]: 31.473 ms
Testing download speed................................................................................
Download: 177.99 Mbit/s
Testing upload speed......................................................................................................
Upload: 317.80 Mbit/s
2025-08-15T04:00:01+08:00
Retrieving speedtest.net configuration...
Testing from FIl Products Service Television Inc (103.105.214.51)...
Retrieving speedtest.net server list...
Selecting best server based on ping...
2025-08-15T04:05:01+08:00
Retrieving speedtest.net configuration...
2025-08-15T04:10:01+08:00
Retrieving speedtest.net configuration...
Testing from FIl Products Service Television Inc (103.105.214.62)...
Retrieving speedtest.net server list...
Selecting best server based on ping...
Hosted by Philippine Global Communications, Inc. (Makati) [633.45 km]: 31.848 ms
Testing download speed................................................................................
Download: 187.22 Mbit/s
Testing upload speed......................................................................................................
Upload: 260.89 Mbit/s
2025-08-15T04:15:01+08:00
Retrieving speedtest.net configuration...
Testing from FIl Products Service Television Inc (103.105.214.51)...
Retrieving speedtest.net server list...
Selecting best server based on ping...
Hosted by Philippine Global Communications, Inc. (Makati) [633.45 km]: 31.981 ms
Testing download speed................................................................................
Download: 187.79 Mbit/s
Testing upload speed......................................................................................................
Upload: 337.71 Mbit/s
2025-08-15T04:20:01+08:00
Retrieving speedtest.net configuration...
Testing from FIl Products Service Television Inc (103.105.214.51)...
Retrieving speedtest.net server list...
Selecting best server based on ping...
Hosted by Infinivan, Inc. (Makati City) [634.17 km]: 31.403 ms
Testing download speed................................................................................
Download: 179.33 Mbit/s
Testing upload speed......................................................................................................
Upload: 337.75 Mbit/s
2025-08-15T04:25:01+08:00
Retrieving speedtest.net configuration...
Testing from FIl Products Service Television Inc (103.105.214.51)...
Retrieving speedtest.net server list...
Selecting best server based on ping...
Hosted by Philippine Global Communications, Inc. (Makati) [633.45 km]: 31.403 ms
Testing download speed................................................................................
Download: 172.60 Mbit/s
Testing upload speed......................................................................................................
Upload: 291.68 Mbit/s
2025-08-15T04:30:01+08:00
Retrieving speedtest.net configuration...
Testing from FIl Products Service Television Inc (103.105.214.51)...
Retrieving speedtest.net server list...
Selecting best server based on ping...
2025-08-15T04:35:01+08:00
Retrieving speedtest.net configuration...
Testing from FIl Products Service Television Inc (103.105.214.62)...
Retrieving speedtest.net server list...
Selecting best server based on ping...
Hosted by Philippine Global Communications, Inc. (Makati) [633.45 km]: 33.694 ms
Testing download speed................................................................................
Download: 164.64 Mbit/s
Testing upload speed......................................................................................................
Upload: 312.23 Mbit/s
2025-08-15T04:40:01+08:00
Retrieving speedtest.net configuration...
Testing from FIl Products Service Television Inc (103.105.214.62)...
Retrieving speedtest.net server list...
Selecting best server based on ping...
Hosted by Philippine Global Communications, Inc. (Makati) [633.45 km]: 39.207 ms
Testing download speed................................................................................
Download: 79.19 Mbit/s
Testing upload speed......................................................................................................
Upload: 311.70 Mbit/s
2025-08-15T04:45:01+08:00
Retrieving speedtest.net configuration...
Testing from FIl Products Service Television Inc (103.105.214.51)...
Retrieving speedtest.net server list...
Selecting best server based on ping...
Hosted by Philippine Global Communications, Inc. (Makati) [633.45 km]: 34.131 ms
Testing download speed................................................................................
Download: 161.11 Mbit/s
Testing upload speed......................................................................................................
Upload: 242.36 Mbit/s
2025-08-15T04:50:01+08:00
Retrieving speedtest.net configuration...
Testing from FIl Products Service Television Inc (103.105.214.62)...
Retrieving speedtest.net server list...
Selecting best server based on ping...
Hosted by Philippine Global Communications, Inc. (Makati) [633.45 km]: 31.306 ms
Testing download speed................................................................................
Download: 161.85 Mbit/s
Testing upload speed......................................................................................................
Upload: 296.82 Mbit/s
2025-08-15T04:55:01+08:00
Retrieving speedtest.net configuration...
Testing from FIl Products Service Television Inc (103.105.214.62)...
Retrieving speedtest.net server list...
Selecting best server based on ping...
Hosted by Philippine Global Communications, Inc. (Makati) [633.45 km]: 32.253 ms
Testing download speed................................................................................
Download: 194.98 Mbit/s
Testing upload speed......................................................................................................
Upload: 280.13 Mbit/s
2025-08-15T05:00:01+08:00
Retrieving speedtest.net configuration...
Testing from FIl Products Service Television Inc (103.105.214.51)...
Retrieving speedtest.net server list...
Selecting best server based on ping...
