2025-05-10T08:35:01-04:00
Retrieving speedtest.net configuration...
Testing from Bell Canada (142.188.145.144)...
Retrieving speedtest.net server list...
Selecting best server based on ping...
Hosted by Bell Canada (Kanata, ON) [10.76 km]: 5.744 ms
Testing download speed................................................................................
Download: 370.47 Mbit/s
Testing upload speed......................................................................................................
Upload: 333.12 Mbit/s
2025-05-10T08:40:01-04:00
Retrieving speedtest.net configuration...
Testing from Bell Canada (142.188.145.144)...
Retrieving speedtest.net server list...
Selecting best server based on ping...
Hosted by Bell Canada (Kanata, ON) [10.76 km]: 4.752 ms
Testing download speed................................................................................
Download: 399.12 Mbit/s
Testing upload speed......................................................................................................
Upload: 336.92 Mbit/s
2025-05-10T08:45:01-04:00
Retrieving speedtest.net configuration...
Testing from Bell Canada (142.188.145.144)...
Retrieving speedtest.net server list...
Selecting best server based on ping...
Hosted by Bell Canada (Kanata, ON) [10.76 km]: 4.286 ms
Testing download speed................................................................................
Download: 414.05 Mbit/s
Testing upload speed......................................................................................................
Upload: 314.74 Mbit/s
2025-05-10T08:50:01-04:00
Retrieving speedtest.net configuration...
Testing from Bell Canada (142.188.145.144)...
Retrieving speedtest.net server list...
Selecting best server based on ping...
Hosted by Bell Canada (Kanata, ON) [10.76 km]: 4.091 ms
Testing download speed................................................................................
Download: 431.19 Mbit/s
Testing upload speed......................................................................................................
Upload: 329.01 Mbit/s
2025-05-10T14:55:01-04:00
Retrieving speedtest.net configuration...
Testing from Bell Canada (142.188.145.144)...
Retrieving speedtest.net server list...
Selecting best server based on ping...
Hosted by Bell Mobility (Nepean, ON) [7.67 km]: 9.058 ms
Testing download speed................................................................................
Download: 361.77 Mbit/s
Testing upload speed......................................................................................................
Upload: 254.32 Mbit/s
2025-05-10T15:00:01-04:00
Retrieving speedtest.net configuration...
Testing from Bell Canada (142.188.145.144)...
Retrieving speedtest.net server list...
Selecting best server based on ping...
