2025-07-27T00:00:01+08:00
Retrieving speedtest.net configuration...
Testing from FIl Products Service Television Inc (103.105.214.54)...
Retrieving speedtest.net server list...
Selecting best server based on ping...
2025-07-27T00:05:01+08:00
Retrieving speedtest.net configuration...
2025-07-27T00:10:01+08:00
Retrieving speedtest.net configuration...
Testing from FIl Products Service Television Inc (103.105.214.54)...
Retrieving speedtest.net server list...
Selecting best server based on ping...
Hosted by PT&T (Makati City) [634.17 km]: 18.412 ms
Testing download speed................................................................................
Download: 145.54 Mbit/s
Testing upload speed......................................................................................................
Upload: 342.56 Mbit/s
2025-07-27T00:15:01+08:00
Retrieving speedtest.net configuration...
Testing from FIl Products Service Television Inc (103.105.214.49)...
Retrieving speedtest.net server list...
Selecting best server based on ping...
Hosted by PT&T (Makati City) [634.17 km]: 18.453 ms
Testing download speed................................................................................
Download: 147.79 Mbit/s
Testing upload speed......................................................................................................
Upload: 333.63 Mbit/s
2025-07-27T00:20:01+08:00
Retrieving speedtest.net configuration...
Testing from FIl Products Service Television Inc (103.105.214.49)...
Retrieving speedtest.net server list...
Selecting best server based on ping...
Hosted by PT&T (Makati City) [634.17 km]: 21.344 ms
Testing download speed................................................................................
Download: 149.30 Mbit/s
Testing upload speed......................................................................................................
Upload: 274.24 Mbit/s
2025-07-27T00:25:02+08:00
Retrieving speedtest.net configuration...
Testing from FIl Products Service Television Inc (103.105.214.49)...
Retrieving speedtest.net server list...
Selecting best server based on ping...
Hosted by PT&T (Makati City) [634.17 km]: 24.126 ms
Testing download speed................................................................................
Download: 163.49 Mbit/s
Testing upload speed......................................................................................................
Upload: 334.62 Mbit/s
2025-07-27T00:30:01+08:00
Retrieving speedtest.net configuration...
Testing from FIl Products Service Television Inc (103.105.214.54)...
Retrieving speedtest.net server list...
Selecting best server based on ping...
2025-07-27T00:35:01+08:00
Retrieving speedtest.net configuration...
Testing from FIl Products Service Television Inc (103.105.214.49)...
Retrieving speedtest.net server list...
Selecting best server based on ping...
Hosted by PT&T (Makati City) [634.17 km]: 20.999 ms
Testing download speed................................................................................
Download: 177.42 Mbit/s
Testing upload speed......................................................................................................
Upload: 291.14 Mbit/s
2025-07-27T00:40:01+08:00
Retrieving speedtest.net configuration...
Testing from FIl Products Service Television Inc (103.105.214.54)...
Retrieving speedtest.net server list...
Selecting best server based on ping...
Hosted by PT&T (Makati City) [634.17 km]: 20.796 ms
Testing download speed................................................................................
Download: 144.86 Mbit/s
Testing upload speed......................................................................................................
Upload: 157.18 Mbit/s
2025-07-27T00:45:01+08:00
Retrieving speedtest.net configuration...
Testing from FIl Products Service Television Inc (103.105.214.49)...
Retrieving speedtest.net server list...
Selecting best server based on ping...
Hosted by PT&T (Makati City) [634.17 km]: 18.451 ms
Testing download speed................................................................................
Download: 166.98 Mbit/s
Testing upload speed......................................................................................................
Upload: 332.56 Mbit/s
2025-07-27T00:50:01+08:00
Retrieving speedtest.net configuration...
Testing from FIl Products Service Television Inc (103.105.214.54)...
Retrieving speedtest.net server list...
Selecting best server based on ping...
Hosted by PT&T (Makati City) [634.17 km]: 18.45 ms
Testing download speed................................................................................
Download: 150.57 Mbit/s
Testing upload speed......................................................................................................
Upload: 358.23 Mbit/s
2025-07-27T00:55:01+08:00
Retrieving speedtest.net configuration...
Testing from FIl Products Service Television Inc (103.105.214.54)...
Retrieving speedtest.net server list...
Selecting best server based on ping...
Hosted by PT&T (Makati City) [634.17 km]: 18.418 ms
Testing download speed................................................................................
Download: 129.96 Mbit/s
Testing upload speed......................................................................................................
Upload: 334.29 Mbit/s
2025-07-27T01:00:01+08:00
Retrieving speedtest.net configuration...
Testing from FIl Products Service Television Inc (103.105.214.54)...
Retrieving speedtest.net server list...
