2025-03-28T00:00:01+08:00
Retrieving speedtest.net configuration...
Testing from FIl Products Service Television Inc (103.105.214.62)...
Retrieving speedtest.net server list...
Selecting best server based on ping...
Hosted by PLDT (Cebu City) [126.16 km]: 37.042 ms
Testing download speed................................................................................
Download: 184.85 Mbit/s
Testing upload speed......................................................................................................
Upload: 161.11 Mbit/s
2025-03-28T00:05:01+08:00
Retrieving speedtest.net configuration...
Testing from FIl Products Service Television Inc (103.105.214.62)...
Retrieving speedtest.net server list...
Selecting best server based on ping...
Hosted by DCTV Cable Network (Cebu City) [128.48 km]: 38.329 ms
Testing download speed................................................................................
Download: 167.25 Mbit/s
Testing upload speed......................................................................................................
Upload: 138.55 Mbit/s
2025-03-28T00:10:01+08:00
Retrieving speedtest.net configuration...
Testing from FIl Products Service Television Inc (103.105.214.59)...
Retrieving speedtest.net server list...
Selecting best server based on ping...
Hosted by DCTV Cable Network (Cebu City) [128.48 km]: 32.996 ms
Testing download speed................................................................................
Download: 186.15 Mbit/s
Testing upload speed......................................................................................................
Upload: 144.62 Mbit/s
2025-03-28T00:15:01+08:00
Retrieving speedtest.net configuration...
Testing from FIl Products Service Television Inc (103.105.214.59)...
Retrieving speedtest.net server list...
Selecting best server based on ping...
Hosted by DCTV Cable Network (Cebu City) [128.48 km]: 32.635 ms
Testing download speed................................................................................
Download: 182.88 Mbit/s
Testing upload speed......................................................................................................
Upload: 180.19 Mbit/s
2025-03-28T00:20:01+08:00
Retrieving speedtest.net configuration...
Testing from FIl Products Service Television Inc (103.105.214.59)...
Retrieving speedtest.net server list...
Selecting best server based on ping...
Hosted by DCTV Cable Network (Cebu City) [128.48 km]: 32.012 ms
Testing download speed................................................................................
Download: 183.96 Mbit/s
Testing upload speed......................................................................................................
Upload: 224.16 Mbit/s
2025-03-28T00:25:01+08:00
Retrieving speedtest.net configuration...
Testing from FIl Products Service Television Inc (103.105.214.59)...
Retrieving speedtest.net server list...
Selecting best server based on ping...
Hosted by DCTV Cable Network (Cebu City) [128.48 km]: 32.444 ms
Testing download speed................................................................................
Download: 189.07 Mbit/s
Testing upload speed......................................................................................................
Upload: 197.52 Mbit/s
2025-03-28T00:30:01+08:00
Retrieving speedtest.net configuration...
Testing from FIl Products Service Television Inc (103.105.214.62)...
Retrieving speedtest.net server list...
Selecting best server based on ping...
Hosted by PLDT (Cebu City) [126.16 km]: 37.301 ms
Testing download speed................................................................................
Download: 175.26 Mbit/s
Testing upload speed......................................................................................................
Upload: 152.99 Mbit/s
2025-03-28T00:35:02+08:00
Retrieving speedtest.net configuration...
Testing from FIl Products Service Television Inc (103.105.214.62)...
Retrieving speedtest.net server list...
Selecting best server based on ping...
Hosted by DCTV Cable Network (Cebu City) [128.48 km]: 32.228 ms
Testing download speed................................................................................
Download: 184.89 Mbit/s
Testing upload speed......................................................................................................
Upload: 192.94 Mbit/s
2025-03-28T00:40:01+08:00
Retrieving speedtest.net configuration...
Testing from FIl Products Service Television Inc (103.105.214.62)...
Retrieving speedtest.net server list...
Selecting best server based on ping...
Hosted by DCTV Cable Network (Cebu City) [128.48 km]: 33.583 ms
Testing download speed................................................................................
Download: 169.73 Mbit/s
Testing upload speed......................................................................................................
Upload: 190.80 Mbit/s
2025-03-28T00:45:01+08:00
Retrieving speedtest.net configuration...
Testing from FIl Products Service Television Inc (103.105.214.59)...
Retrieving speedtest.net server list...
Selecting best server based on ping...
Hosted by Radius Telecoms, Inc. (Cebu City) [126.16 km]: 38.748 ms
Testing download speed................................................................................
Download: 126.20 Mbit/s
Testing upload speed......................................................................................................
Upload: 180.30 Mbit/s
2025-03-28T00:50:01+08:00
Retrieving speedtest.net configuration...
Testing from FIl Products Service Television Inc (103.105.214.62)...
Retrieving speedtest.net server list...
Selecting best server based on ping...
Hosted by DCTV Cable Network (Cebu City) [128.48 km]: 32.902 ms
Testing download speed................................................................................
Download: 171.34 Mbit/s
Testing upload speed......................................................................................................
Upload: 222.97 Mbit/s
2025-03-28T00:55:01+08:00
Retrieving speedtest.net configuration...
Testing from FIl Products Service Television Inc (103.105.214.62)...
Retrieving speedtest.net server list...
Selecting best server based on ping...
Hosted by DCTV Cable Network (Cebu City) [128.48 km]: 31.333 ms
Testing download speed................................................................................
Download: 184.16 Mbit/s
Testing upload speed......................................................................................................
Upload: 218.80 Mbit/s
2025-03-28T01:00:01+08:00
Retrieving speedtest.net configuration...
Testing from FIl Products Service Television Inc (103.105.214.62)...
Retrieving speedtest.net server list...
Selecting best server based on ping...
2025-03-28T01:05:01+08:00
Retrieving speedtest.net configuration...
Testing from FIl Products Service Television Inc (103.105.214.59)...
Retrieving speedtest.net server list...
Selecting best server based on ping...
Hosted by DCTV Cable Network (Cebu City) [128.48 km]: 31.404 ms
Testing download speed................................................................................
Download: 179.82 Mbit/s
Testing upload speed......................................................................................................
Upload: 192.08 Mbit/s
2025-03-28T01:10:01+08:00
Retrieving speedtest.net configuration...
Testing from FIl Products Service Television Inc (103.105.214.62)...
Retrieving speedtest.net server list...
Selecting best server based on ping...
Hosted by Radius Telecoms, Inc. (Cebu City) [126.16 km]: 33.631 ms
Testing download speed................................................................................
Download: 170.24 Mbit/s
Testing upload speed......................................................................................................
Upload: 251.75 Mbit/s
2025-03-28T01:15:01+08:00
Retrieving speedtest.net configuration...
Testing from FIl Products Service Television Inc (103.105.214.59)...
Retrieving speedtest.net server list...
Selecting best server based on ping...
Hosted by DCTV Cable Network (Cebu City) [128.48 km]: 33.45 ms
Testing download speed................................................................................
Download: 185.24 Mbit/s
Testing upload speed......................................................................................................
Upload: 185.19 Mbit/s
2025-03-28T01:20:01+08:00
Retrieving speedtest.net configuration...
Testing from FIl Products Service Television Inc (103.105.214.59)...
Retrieving speedtest.net server list...
Selecting best server based on ping...
Hosted by DCTV Cable Network (Cebu City) [128.48 km]: 31.633 ms
Testing download speed................................................................................
Download: 168.89 Mbit/s
Testing upload speed......................................................................................................
Upload: 183.01 Mbit/s
2025-03-28T01:25:01+08:00
Retrieving speedtest.net configuration...
Testing from FIl Products Service Television Inc (103.105.214.59)...
Retrieving speedtest.net server list...
Selecting best server based on ping...
Hosted by DCTV Cable Network (Cebu City) [128.48 km]: 31.933 ms
Testing download speed................................................................................
Download: 180.93 Mbit/s
Testing upload speed......................................................................................................
Upload: 218.37 Mbit/s
2025-03-28T01:30:01+08:00
Retrieving speedtest.net configuration...
Testing from FIl Products Service Television Inc (103.105.214.59)...
Retrieving speedtest.net server list...
Selecting best server based on ping...
2025-03-28T01:35:01+08:00
Retrieving speedtest.net configuration...
2025-03-28T01:40:01+08:00
Retrieving speedtest.net configuration...
Testing from FIl Products Service Television Inc (103.105.214.59)...
Retrieving speedtest.net server list...
Selecting best server based on ping...
Hosted by DCTV Cable Network (Cebu City) [128.48 km]: 34.644 ms
Testing download speed................................................................................
Download: 172.42 Mbit/s
Testing upload speed......................................................................................................
Upload: 234.59 Mbit/s
2025-03-28T01:45:01+08:00
Retrieving speedtest.net configuration...
Testing from FIl Products Service Television Inc (103.105.214.62)...
Retrieving speedtest.net server list...
Selecting best server based on ping...
Hosted by Fil Products Negros (Dumaguete City) [0.00 km]: 5.612 ms
Testing download speed................................................................................
Download: 191.48 Mbit/s
Testing upload speed......................................................................................................
Upload: 322.25 Mbit/s
2025-03-28T01:50:02+08:00
Retrieving speedtest.net configuration...
Testing from FIl Products Service Television Inc (103.105.214.59)...
Retrieving speedtest.net server list...
Selecting best server based on ping...
Hosted by Fil Products Negros (Dumaguete City) [0.00 km]: 3.236 ms
Testing download speed................................................................................
Download: 189.34 Mbit/s
Testing upload speed......................................................................................................
Upload: 330.22 Mbit/s
2025-03-28T01:55:01+08:00
Retrieving speedtest.net configuration...
Testing from FIl Products Service Television Inc (103.105.214.62)...
Retrieving speedtest.net server list...
Selecting best server based on ping...
Hosted by Fil Products Negros (Dumaguete City) [0.00 km]: 3.453 ms
Testing download speed................................................................................
Download: 189.50 Mbit/s
Testing upload speed......................................................................................................
Upload: 322.46 Mbit/s
2025-03-28T02:00:01+08:00
Retrieving speedtest.net configuration...
Testing from FIl Products Service Television Inc (103.105.214.62)...
Retrieving speedtest.net server list...
Selecting best server based on ping...
2025-03-28T02:05:01+08:00
Retrieving speedtest.net configuration...
2025-03-28T02:10:01+08:00
Retrieving speedtest.net configuration...
Testing from FIl Products Service Television Inc (103.105.214.59)...
Retrieving speedtest.net server list...
Selecting best server based on ping...
Hosted by Fil Products Negros (Dumaguete City) [0.00 km]: 6.422 ms
Testing download speed................................................................................
Download: 189.61 Mbit/s
Testing upload speed......................................................................................................
Upload: 322.60 Mbit/s
2025-03-28T02:15:01+08:00
Retrieving speedtest.net configuration...
Testing from FIl Products Service Television Inc (103.105.214.62)...
Retrieving speedtest.net server list...
Selecting best server based on ping...
Hosted by Fil Products Negros (Dumaguete City) [0.00 km]: 5.568 ms
Testing download speed................................................................................
Download: 192.41 Mbit/s
Testing upload speed......................................................................................................
Upload: 341.44 Mbit/s
2025-03-28T02:20:01+08:00
Retrieving speedtest.net configuration...
Testing from FIl Products Service Television Inc (103.105.214.62)...
Retrieving speedtest.net server list...
Selecting best server based on ping...
Hosted by Fil Products Negros (Dumaguete City) [0.00 km]: 5.265 ms
Testing download speed................................................................................
Download: 192.14 Mbit/s
Testing upload speed......................................................................................................
Upload: 345.88 Mbit/s
2025-03-28T02:25:01+08:00
Retrieving speedtest.net configuration...
Testing from FIl Products Service Television Inc (103.105.214.59)...
Retrieving speedtest.net server list...
Selecting best server based on ping...
Hosted by Fil Products Negros (Dumaguete City) [0.00 km]: 3.594 ms
Testing download speed................................................................................
Download: 190.34 Mbit/s
Testing upload speed......................................................................................................
Upload: 319.97 Mbit/s
2025-03-28T02:30:01+08:00
Retrieving speedtest.net configuration...
Testing from FIl Products Service Television Inc (103.105.214.62)...
Retrieving speedtest.net server list...
Selecting best server based on ping...
2025-03-28T02:35:01+08:00
Retrieving speedtest.net configuration...
2025-03-28T02:40:01+08:00
Retrieving speedtest.net configuration...
Testing from FIl Products Service Television Inc (103.105.214.59)...
Retrieving speedtest.net server list...
Selecting best server based on ping...
Hosted by Fil Products Negros (Dumaguete City) [0.00 km]: 7.681 ms
Testing download speed................................................................................
Download: 190.12 Mbit/s
Testing upload speed......................................................................................................
Upload: 342.90 Mbit/s
2025-03-28T02:45:01+08:00
Retrieving speedtest.net configuration...
Testing from FIl Products Service Television Inc (103.105.214.62)...
Retrieving speedtest.net server list...
Selecting best server based on ping...
Hosted by Fil Products Negros (Dumaguete City) [0.00 km]: 5.566 ms
Testing download speed................................................................................
Download: 186.44 Mbit/s
Testing upload speed......................................................................................................
Upload: 343.29 Mbit/s
2025-03-28T02:50:01+08:00
Retrieving speedtest.net configuration...
Testing from FIl Products Service Television Inc (103.105.214.59)...
Retrieving speedtest.net server list...
Selecting best server based on ping...
Hosted by Fil Products Negros (Dumaguete City) [0.00 km]: 7.936 ms
Testing download speed................................................................................
Download: 191.85 Mbit/s
Testing upload speed......................................................................................................
Upload: 324.04 Mbit/s
2025-03-28T02:55:01+08:00
Retrieving speedtest.net configuration...
Testing from FIl Products Service Television Inc (103.105.214.62)...
Retrieving speedtest.net server list...
Selecting best server based on ping...
Hosted by Fil Products Negros (Dumaguete City) [0.00 km]: 3.231 ms
Testing download speed................................................................................
Download: 189.47 Mbit/s
Testing upload speed......................................................................................................
Upload: 327.27 Mbit/s
2025-03-28T03:00:01+08:00
Retrieving speedtest.net configuration...
Testing from FIl Products Service Television Inc (103.105.214.59)...
Retrieving speedtest.net server list...
Selecting best server based on ping...
2025-03-28T03:05:01+08:00
Retrieving speedtest.net configuration...
2025-03-28T03:10:01+08:00
Retrieving speedtest.net configuration...
Testing from FIl Products Service Television Inc (103.105.214.62)...
Retrieving speedtest.net server list...
Selecting best server based on ping...
Hosted by Fil Products Negros (Dumaguete City) [0.00 km]: 8.114 ms
Testing download speed................................................................................
Download: 190.70 Mbit/s
Testing upload speed......................................................................................................
Upload: 338.02 Mbit/s
2025-03-28T03:15:01+08:00
Retrieving speedtest.net configuration...
Testing from FIl Products Service Television Inc (103.105.214.62)...
Retrieving speedtest.net server list...
Selecting best server based on ping...
Hosted by Fil Products Negros (Dumaguete City) [0.00 km]: 4.95 ms
Testing download speed................................................................................
Download: 189.73 Mbit/s
Testing upload speed......................................................................................................
Upload: 349.63 Mbit/s
2025-03-28T03:20:01+08:00
Retrieving speedtest.net configuration...
Testing from FIl Products Service Television Inc (103.105.214.59)...
Retrieving speedtest.net server list...
Selecting best server based on ping...
Hosted by Fil Products Negros (Dumaguete City) [0.00 km]: 2.726 ms
Testing download speed................................................................................
Download: 190.27 Mbit/s
Testing upload speed......................................................................................................
Upload: 332.73 Mbit/s
2025-03-28T03:25:01+08:00
Retrieving speedtest.net configuration...
Testing from FIl Products Service Television Inc (103.105.214.62)...
Retrieving speedtest.net server list...
Selecting best server based on ping...
Hosted by Fil Products Negros (Dumaguete City) [0.00 km]: 4.637 ms
Testing download speed................................................................................
Download: 188.65 Mbit/s
Testing upload speed......................................................................................................
Upload: 354.32 Mbit/s
2025-03-28T03:30:01+08:00
Retrieving speedtest.net configuration...
Testing from FIl Products Service Television Inc (103.105.214.59)...
Retrieving speedtest.net server list...
Selecting best server based on ping...
2025-03-28T03:35:01+08:00
Retrieving speedtest.net configuration...
Testing from FIl Products Service Television Inc (103.105.214.59)...
Retrieving speedtest.net server list...
Selecting best server based on ping...
Hosted by Fil Products Negros (Dumaguete City) [0.00 km]: 5.388 ms
Testing download speed................................................................................
Download: 191.02 Mbit/s
Testing upload speed......................................................................................................
Upload: 360.88 Mbit/s
2025-03-28T03:40:01+08:00
Retrieving speedtest.net configuration...
Testing from FIl Products Service Television Inc (103.105.214.62)...
Retrieving speedtest.net server list...
Selecting best server based on ping...
Hosted by Fil Products Negros (Dumaguete City) [0.00 km]: 5.223 ms
Testing download speed................................................................................
Download: 190.60 Mbit/s
Testing upload speed......................................................................................................
Upload: 336.45 Mbit/s
2025-03-28T03:45:01+08:00
Retrieving speedtest.net configuration...
Testing from FIl Products Service Television Inc (103.105.214.62)...
Retrieving speedtest.net server list...
Selecting best server based on ping...
Hosted by Fil Products Negros (Dumaguete City) [0.00 km]: 5.619 ms
Testing download speed................................................................................
Download: 190.45 Mbit/s
Testing upload speed......................................................................................................
Upload: 310.44 Mbit/s
2025-03-28T03:50:01+08:00
Retrieving speedtest.net configuration...
Testing from FIl Products Service Television Inc (103.105.214.62)...
Retrieving speedtest.net server list...
Selecting best server based on ping...
Hosted by Fil Products Negros (Dumaguete City) [0.00 km]: 3.037 ms
Testing download speed................................................................................
Download: 189.81 Mbit/s
Testing upload speed......................................................................................................
Upload: 318.88 Mbit/s
2025-03-28T03:55:01+08:00
Retrieving speedtest.net configuration...
Testing from FIl Products Service Television Inc (103.105.214.59)...
Retrieving speedtest.net server list...
Selecting best server based on ping...
Hosted by Fil Products Negros (Dumaguete City) [0.00 km]: 5.377 ms
Testing download speed................................................................................
Download: 188.68 Mbit/s
Testing upload speed......................................................................................................
Upload: 339.93 Mbit/s
2025-03-28T04:00:01+08:00
Retrieving speedtest.net configuration...
Testing from FIl Products Service Television Inc (103.105.214.59)...
Retrieving speedtest.net server list...
Selecting best server based on ping...
