2025-06-17T00:00:01+08:00
Retrieving speedtest.net configuration...
Testing from FIl Products Service Television Inc (103.105.214.50)...
Retrieving speedtest.net server list...
Selecting best server based on ping...
2025-06-17T00:05:01+08:00
Retrieving speedtest.net configuration...
2025-06-17T00:10:01+08:00
Retrieving speedtest.net configuration...
Testing from FIl Products Service Television Inc (103.105.214.53)...
Retrieving speedtest.net server list...
Selecting best server based on ping...
Hosted by Airlive Communications, Inc. (Pasig City) [633.83 km]: 25.299 ms
Testing download speed................................................................................
Download: 171.19 Mbit/s
Testing upload speed......................................................................................................
Upload: 307.05 Mbit/s
2025-06-17T00:15:01+08:00
Retrieving speedtest.net configuration...
Testing from FIl Products Service Television Inc (103.105.214.53)...
Retrieving speedtest.net server list...
Selecting best server based on ping...
Hosted by Airlive Communications, Inc. (Pasig City) [633.83 km]: 22.625 ms
Testing download speed................................................................................
Download: 180.41 Mbit/s
Testing upload speed......................................................................................................
Upload: 313.26 Mbit/s
2025-06-17T00:20:01+08:00
Retrieving speedtest.net configuration...
Testing from FIl Products Service Television Inc (103.105.214.50)...
Retrieving speedtest.net server list...
Selecting best server based on ping...
Hosted by Airlive Communications, Inc. (Pasig City) [633.83 km]: 27.871 ms
Testing download speed................................................................................
Download: 154.18 Mbit/s
Testing upload speed......................................................................................................
Upload: 297.91 Mbit/s
2025-06-17T00:25:01+08:00
Retrieving speedtest.net configuration...
Testing from FIl Products Service Television Inc (103.105.214.50)...
Retrieving speedtest.net server list...
Selecting best server based on ping...
Hosted by Airlive Communications, Inc. (Pasig City) [633.83 km]: 23.8 ms
Testing download speed................................................................................
Download: 120.10 Mbit/s
Testing upload speed......................................................................................................
Upload: 246.11 Mbit/s
2025-06-17T00:30:01+08:00
Retrieving speedtest.net configuration...
Testing from FIl Products Service Television Inc (103.105.214.53)...
Retrieving speedtest.net server list...
Selecting best server based on ping...
2025-06-17T00:35:01+08:00
Retrieving speedtest.net configuration...
Testing from FIl Products Service Television Inc (103.105.214.53)...
Retrieving speedtest.net server list...
Selecting best server based on ping...
Hosted by Airlive Communications, Inc. (Pasig City) [633.83 km]: 24.503 ms
Testing download speed................................................................................
Download: 169.53 Mbit/s
Testing upload speed......................................................................................................
Upload: 277.40 Mbit/s
2025-06-17T00:40:01+08:00
Retrieving speedtest.net configuration...
Testing from FIl Products Service Television Inc (103.105.214.50)...
Retrieving speedtest.net server list...
Selecting best server based on ping...
Hosted by Airlive Communications, Inc. (Pasig City) [633.83 km]: 23.946 ms
Testing download speed................................................................................
Download: 177.73 Mbit/s
Testing upload speed......................................................................................................
Upload: 250.25 Mbit/s
2025-06-17T00:45:01+08:00
Retrieving speedtest.net configuration...
Testing from FIl Products Service Television Inc (103.105.214.50)...
Retrieving speedtest.net server list...
Selecting best server based on ping...
Hosted by Airlive Communications, Inc. (Pasig City) [633.83 km]: 22.437 ms
Testing download speed................................................................................
Download: 182.86 Mbit/s
Testing upload speed......................................................................................................
Upload: 290.95 Mbit/s
2025-06-17T00:50:01+08:00
Retrieving speedtest.net configuration...
Testing from FIl Products Service Television Inc (103.105.214.50)...
Retrieving speedtest.net server list...
Selecting best server based on ping...
Hosted by Airlive Communications, Inc. (Pasig City) [633.83 km]: 24.239 ms
Testing download speed................................................................................
Download: 190.76 Mbit/s
Testing upload speed......................................................................................................
Upload: 253.59 Mbit/s
2025-06-17T00:55:01+08:00
Retrieving speedtest.net configuration...
Testing from FIl Products Service Television Inc (103.105.214.50)...
Retrieving speedtest.net server list...
Selecting best server based on ping...
Hosted by Airlive Communications, Inc. (Pasig City) [633.83 km]: 24.285 ms
Testing download speed................................................................................
Download: 163.95 Mbit/s
Testing upload speed......................................................................................................
Upload: 279.40 Mbit/s
2025-06-17T01:00:01+08:00
Retrieving speedtest.net configuration...
Testing from FIl Products Service Television Inc (103.105.214.53)...
Retrieving speedtest.net server list...
Selecting best server based on ping...
