2025-04-22T00:00:01+08:00
Retrieving speedtest.net configuration...
Testing from FIl Products Service Television Inc (103.105.214.50)...
Retrieving speedtest.net server list...
Selecting best server based on ping...
2025-04-22T00:05:01+08:00
Retrieving speedtest.net configuration...
2025-04-22T00:10:01+08:00
Retrieving speedtest.net configuration...
Testing from FIl Products Service Television Inc (103.105.214.52)...
Retrieving speedtest.net server list...
Selecting best server based on ping...
Hosted by DITO (Cebu City) [128.48 km]: 38.803 ms
Testing download speed................................................................................
Download: 63.23 Mbit/s
Testing upload speed......................................................................................................
Upload: 27.87 Mbit/s
2025-04-22T00:15:01+08:00
Retrieving speedtest.net configuration...
Testing from FIl Products Service Television Inc (103.105.214.52)...
Retrieving speedtest.net server list...
Selecting best server based on ping...
Hosted by PAKONEK SOLUTIONS (Cebu City) [128.33 km]: 32.402 ms
Testing download speed................................................................................
Download: 61.66 Mbit/s
Testing upload speed......................................................................................................
Upload: 27.17 Mbit/s
2025-04-22T00:20:01+08:00
Retrieving speedtest.net configuration...
Testing from FIl Products Service Television Inc (103.105.214.52)...
Retrieving speedtest.net server list...
Selecting best server based on ping...
Hosted by PAKONEK SOLUTIONS (Cebu City) [128.33 km]: 40.938 ms
Testing download speed................................................................................
Download: 58.54 Mbit/s
Testing upload speed......................................................................................................
Upload: 31.14 Mbit/s
2025-04-22T00:25:01+08:00
Retrieving speedtest.net configuration...
Testing from FIl Products Service Television Inc (103.105.214.50)...
Retrieving speedtest.net server list...
Selecting best server based on ping...
Hosted by PAKONEK SOLUTIONS (Cebu City) [128.33 km]: 32.442 ms
Testing download speed................................................................................
Download: 57.25 Mbit/s
Testing upload speed......................................................................................................
Upload: 22.48 Mbit/s
2025-04-22T00:30:01+08:00
Retrieving speedtest.net configuration...
Testing from FIl Products Service Television Inc (103.105.214.52)...
Retrieving speedtest.net server list...
Selecting best server based on ping...
2025-04-22T00:35:01+08:00
Retrieving speedtest.net configuration...
2025-04-22T00:40:01+08:00
Retrieving speedtest.net configuration...
Testing from FIl Products Service Television Inc (103.105.214.50)...
Retrieving speedtest.net server list...
Selecting best server based on ping...
Hosted by DITO (Cebu City) [128.48 km]: 39.655 ms
Testing download speed................................................................................
Download: 68.20 Mbit/s
Testing upload speed......................................................................................................
Upload: 23.27 Mbit/s
2025-04-22T00:45:01+08:00
Retrieving speedtest.net configuration...
Testing from FIl Products Service Television Inc (103.105.214.52)...
Retrieving speedtest.net server list...
Selecting best server based on ping...
Hosted by PAKONEK SOLUTIONS (Cebu City) [128.33 km]: 32.473 ms
Testing download speed................................................................................
Download: 63.12 Mbit/s
Testing upload speed......................................................................................................
Upload: 23.82 Mbit/s
2025-04-22T00:50:01+08:00
Retrieving speedtest.net configuration...
Testing from FIl Products Service Television Inc (103.105.214.50)...
Retrieving speedtest.net server list...
Selecting best server based on ping...
Hosted by PAKONEK SOLUTIONS (Cebu City) [128.33 km]: 32.441 ms
Testing download speed................................................................................
Download: 65.11 Mbit/s
Testing upload speed......................................................................................................
Upload: 23.06 Mbit/s
2025-04-22T00:55:01+08:00
Retrieving speedtest.net configuration...
Testing from FIl Products Service Television Inc (103.105.214.50)...
Retrieving speedtest.net server list...
Selecting best server based on ping...
Hosted by PAKONEK SOLUTIONS (Cebu City) [128.33 km]: 35.843 ms
Testing download speed................................................................................
Download: 63.19 Mbit/s
Testing upload speed......................................................................................................
Upload: 23.05 Mbit/s
2025-04-22T01:00:01+08:00
Retrieving speedtest.net configuration...
Testing from FIl Products Service Television Inc (103.105.214.50)...
Retrieving speedtest.net server list...
