2025-08-02T00:00:01+08:00
Retrieving speedtest.net configuration...
Testing from FIl Products Service Television Inc (103.105.214.56)...
Retrieving speedtest.net server list...
Selecting best server based on ping...
2025-08-02T00:05:01+08:00
Retrieving speedtest.net configuration...
2025-08-02T00:10:01+08:00
Retrieving speedtest.net configuration...
Testing from FIl Products Service Television Inc (103.105.214.56)...
Retrieving speedtest.net server list...
Selecting best server based on ping...
Hosted by Globe Telecom (Zamboanga) [298.06 km]: 38.883 ms
Testing download speed................................................................................
Download: 151.84 Mbit/s
Testing upload speed......................................................................................................
Upload: 238.47 Mbit/s
2025-08-02T00:15:01+08:00
Retrieving speedtest.net configuration...
Testing from FIl Products Service Television Inc (103.105.214.56)...
Retrieving speedtest.net server list...
Selecting best server based on ping...
Hosted by Zafra Cable Television Network Inc. (Panglao) [57.64 km]: 35.771 ms
Testing download speed................................................................................
Download: 128.54 Mbit/s
Testing upload speed......................................................................................................
Upload: 220.11 Mbit/s
2025-08-02T00:20:01+08:00
Retrieving speedtest.net configuration...
Testing from FIl Products Service Television Inc (103.105.214.56)...
Retrieving speedtest.net server list...
Selecting best server based on ping...
Hosted by PAKONEK SOLUTIONS (Cebu City) [128.33 km]: 28.965 ms
Testing download speed................................................................................
Download: 142.34 Mbit/s
Testing upload speed......................................................................................................
Upload: 204.60 Mbit/s
2025-08-02T00:25:01+08:00
Retrieving speedtest.net configuration...
Testing from FIl Products Service Television Inc (103.105.214.54)...
Retrieving speedtest.net server list...
Selecting best server based on ping...
Hosted by Zafra Cable Television Network Inc. (Panglao) [57.64 km]: 29.552 ms
Testing download speed................................................................................
Download: 156.54 Mbit/s
Testing upload speed......................................................................................................
Upload: 340.85 Mbit/s
2025-08-02T00:30:01+08:00
Retrieving speedtest.net configuration...
Testing from FIl Products Service Television Inc (103.105.214.56)...
Retrieving speedtest.net server list...
Selecting best server based on ping...
2025-08-02T00:35:01+08:00
Retrieving speedtest.net configuration...
Testing from FIl Products Service Television Inc (103.105.214.56)...
Retrieving speedtest.net server list...
Selecting best server based on ping...
Hosted by Zafra Cable Television Network Inc. (Panglao) [57.64 km]: 30.38 ms
Testing download speed................................................................................
Download: 149.84 Mbit/s
Testing upload speed......................................................................................................
Upload: 198.81 Mbit/s
2025-08-02T00:40:01+08:00
Retrieving speedtest.net configuration...
Testing from FIl Products Service Television Inc (103.105.214.54)...
Retrieving speedtest.net server list...
Selecting best server based on ping...
Hosted by Zafra Cable Television Network Inc. (Panglao) [57.64 km]: 31.721 ms
Testing download speed................................................................................
Download: 152.75 Mbit/s
Testing upload speed......................................................................................................
Upload: 171.34 Mbit/s
2025-08-02T00:45:01+08:00
Retrieving speedtest.net configuration...
Testing from FIl Products Service Television Inc (103.105.214.56)...
Retrieving speedtest.net server list...
Selecting best server based on ping...
Hosted by Zafra Cable Television Network Inc. (Panglao) [57.64 km]: 29.34 ms
Testing download speed................................................................................
Download: 159.14 Mbit/s
Testing upload speed......................................................................................................
Upload: 254.38 Mbit/s
2025-08-02T00:50:01+08:00
Retrieving speedtest.net configuration...
Testing from FIl Products Service Television Inc (103.105.214.56)...
Retrieving speedtest.net server list...
Selecting best server based on ping...
Hosted by Zafra Cable Television Network Inc. (Panglao) [57.64 km]: 27.863 ms
Testing download speed................................................................................
Download: 155.70 Mbit/s
Testing upload speed......................................................................................................
Upload: 217.95 Mbit/s
2025-08-02T00:55:01+08:00
Retrieving speedtest.net configuration...
Testing from FIl Products Service Television Inc (103.105.214.56)...
Retrieving speedtest.net server list...
Selecting best server based on ping...
Hosted by Zafra Cable Television Network Inc. (Panglao) [57.64 km]: 31.633 ms
Testing download speed................................................................................
Download: 136.76 Mbit/s
Testing upload speed......................................................................................................
Upload: 223.41 Mbit/s
2025-08-02T01:00:01+08:00
Retrieving speedtest.net configuration...
Testing from FIl Products Service Television Inc (103.105.214.56)...
Retrieving speedtest.net server list...
Selecting best server based on ping...
2025-08-02T01:05:01+08:00
Retrieving speedtest.net configuration...
Testing from FIl Products Service Television Inc (103.105.214.54)...
Retrieving speedtest.net server list...
Selecting best server based on ping...
Hosted by Zafra Cable Television Network Inc. (Panglao) [57.64 km]: 30.528 ms
Testing download speed................................................................................
Download: 136.91 Mbit/s
Testing upload speed......................................................................................................
Upload: 278.14 Mbit/s
2025-08-02T01:10:01+08:00
Retrieving speedtest.net configuration...
Testing from FIl Products Service Television Inc (103.105.214.54)...
Retrieving speedtest.net server list...
Selecting best server based on ping...
Hosted by Zafra Cable Television Network Inc. (Panglao) [57.64 km]: 29.613 ms
Testing download speed................................................................................
Download: 156.53 Mbit/s
Testing upload speed......................................................................................................
Upload: 191.53 Mbit/s
2025-08-02T01:15:01+08:00
Retrieving speedtest.net configuration...
Testing from FIl Products Service Television Inc (103.105.214.54)...
Retrieving speedtest.net server list...
Selecting best server based on ping...
Hosted by Zafra Cable Television Network Inc. (Panglao) [57.64 km]: 32.823 ms
Testing download speed................................................................................
Download: 146.98 Mbit/s
Testing upload speed......................................................................................................
Upload: 246.18 Mbit/s
2025-08-02T01:20:01+08:00
Retrieving speedtest.net configuration...
Testing from FIl Products Service Television Inc (103.105.214.54)...
Retrieving speedtest.net server list...
Selecting best server based on ping...
Hosted by Zafra Cable Television Network Inc. (Panglao) [57.64 km]: 30.154 ms
Testing download speed................................................................................
Download: 136.09 Mbit/s
Testing upload speed......................................................................................................
Upload: 219.83 Mbit/s
2025-08-02T01:25:01+08:00
Retrieving speedtest.net configuration...
Testing from FIl Products Service Television Inc (103.105.214.56)...
Retrieving speedtest.net server list...
Selecting best server based on ping...
Hosted by Zafra Cable Television Network Inc. (Panglao) [57.64 km]: 29.128 ms
Testing download speed................................................................................
Download: 179.12 Mbit/s
Testing upload speed......................................................................................................
Upload: 186.03 Mbit/s
2025-08-02T01:30:01+08:00
Retrieving speedtest.net configuration...
Testing from FIl Products Service Television Inc (103.105.214.56)...
Retrieving speedtest.net server list...
Selecting best server based on ping...
2025-08-02T01:35:01+08:00
Retrieving speedtest.net configuration...
Testing from FIl Products Service Television Inc (103.105.214.54)...
Retrieving speedtest.net server list...
Selecting best server based on ping...
Hosted by Zafra Cable Television Network Inc. (Panglao) [57.64 km]: 30.372 ms
Testing download speed................................................................................
Download: 120.19 Mbit/s
Testing upload speed......................................................................................................
Upload: 199.22 Mbit/s
2025-08-02T01:40:01+08:00
Retrieving speedtest.net configuration...
Testing from FIl Products Service Television Inc (103.105.214.54)...
Retrieving speedtest.net server list...
Selecting best server based on ping...
Hosted by Zafra Cable Television Network Inc. (Panglao) [57.64 km]: 29.744 ms
Testing download speed................................................................................
Download: 141.49 Mbit/s
Testing upload speed......................................................................................................
Upload: 410.49 Mbit/s
2025-08-02T01:45:01+08:00
Retrieving speedtest.net configuration...
Testing from FIl Products Service Television Inc (103.105.214.56)...
Retrieving speedtest.net server list...
Selecting best server based on ping...
Hosted by PAKONEK SOLUTIONS (Cebu City) [128.33 km]: 30.684 ms
Testing download speed................................................................................
Download: 174.05 Mbit/s
Testing upload speed......................................................................................................
Upload: 295.98 Mbit/s
2025-08-02T01:50:01+08:00
Retrieving speedtest.net configuration...
Testing from FIl Products Service Television Inc (103.105.214.56)...
Retrieving speedtest.net server list...
Selecting best server based on ping...
Hosted by PAKONEK SOLUTIONS (Cebu City) [128.33 km]: 33.906 ms
Testing download speed................................................................................
Download: 167.63 Mbit/s
Testing upload speed......................................................................................................
Upload: 197.19 Mbit/s
2025-08-02T01:55:01+08:00
Retrieving speedtest.net configuration...
Testing from FIl Products Service Television Inc (103.105.214.54)...
Retrieving speedtest.net server list...
Selecting best server based on ping...
Hosted by PAKONEK SOLUTIONS (Cebu City) [128.33 km]: 30.638 ms
Testing download speed................................................................................
Download: 142.12 Mbit/s
Testing upload speed......................................................................................................
Upload: 241.45 Mbit/s
2025-08-02T02:00:01+08:00
Retrieving speedtest.net configuration...
Testing from FIl Products Service Television Inc (103.105.214.54)...
Retrieving speedtest.net server list...
Selecting best server based on ping...
