2025-03-27T16:45:01+08:00
Retrieving speedtest.net configuration...
Testing from FIl Products Service Television Inc (103.105.214.62)...
Retrieving speedtest.net server list...
Selecting best server based on ping...
Hosted by PLDT (Cagayan de Oro) [173.34 km]: 39.518 ms
Testing download speed................................................................................
Download: 116.52 Mbit/s
Testing upload speed......................................................................................................
Upload: 0.00 Mbit/s
2025-03-27T16:50:01+08:00
Retrieving speedtest.net configuration...
Testing from FIl Products Service Television Inc (103.105.214.62)...
Retrieving speedtest.net server list...
Selecting best server based on ping...
Hosted by PLDT (Cagayan de Oro) [173.34 km]: 43.115 ms
Testing download speed................................................................................
Download: 139.34 Mbit/s
Testing upload speed......................................................................................................
Upload: 0.00 Mbit/s
2025-03-27T16:55:01+08:00
Retrieving speedtest.net configuration...
Testing from FIl Products Service Television Inc (103.105.214.62)...
Retrieving speedtest.net server list...
Selecting best server based on ping...
Hosted by PLDT (Cagayan de Oro) [173.34 km]: 49.168 ms
Testing download speed................................................................................
Download: 127.13 Mbit/s
Testing upload speed......................................................................................................
Upload: 0.00 Mbit/s
2025-03-27T17:00:01+08:00
Retrieving speedtest.net configuration...
Testing from FIl Products Service Television Inc (103.105.214.59)...
Retrieving speedtest.net server list...
Selecting best server based on ping...
2025-03-27T17:05:01+08:00
Retrieving speedtest.net configuration...
2025-03-27T17:10:01+08:00
Retrieving speedtest.net configuration...
Testing from FIl Products Service Television Inc (103.105.214.62)...
Retrieving speedtest.net server list...
Selecting best server based on ping...
Hosted by PLDT (Cagayan de Oro) [173.34 km]: 39.912 ms
Testing download speed................................................................................
Download: 102.21 Mbit/s
Testing upload speed......................................................................................................
Upload: 0.00 Mbit/s
2025-03-27T17:15:01+08:00
Retrieving speedtest.net configuration...
Testing from FIl Products Service Television Inc (103.105.214.62)...
Retrieving speedtest.net server list...
Selecting best server based on ping...
Hosted by PLDT (Cagayan de Oro) [173.34 km]: 41.643 ms
Testing download speed................................................................................
Download: 0.00 Mbit/s
Testing upload speed......................................................................................................
Upload: 0.00 Mbit/s
2025-03-27T17:20:01+08:00
Retrieving speedtest.net configuration...
Testing from FIl Products Service Television Inc (103.105.214.59)...
Retrieving speedtest.net server list...
Selecting best server based on ping...
Hosted by PLDT (Cagayan de Oro) [173.34 km]: 39.952 ms
Testing download speed................................................................................
Download: 0.00 Mbit/s
Testing upload speed......................................................................................................
Upload: 110.65 Mbit/s
2025-03-27T17:25:01+08:00
Retrieving speedtest.net configuration...
Testing from FIl Products Service Television Inc (103.105.214.62)...
Retrieving speedtest.net server list...
Selecting best server based on ping...
Hosted by KCAT INC. (Kabankalan City) [83.93 km]: 50.87 ms
Testing download speed................................................................................
Download: 80.06 Mbit/s
Testing upload speed......................................................................................................
Upload: 71.80 Mbit/s
2025-03-27T17:30:01+08:00
Retrieving speedtest.net configuration...
Testing from FIl Products Service Television Inc (103.105.214.59)...
Retrieving speedtest.net server list...
Selecting best server based on ping...
2025-03-27T17:35:01+08:00
Retrieving speedtest.net configuration...
2025-03-27T17:40:01+08:00
Retrieving speedtest.net configuration...
Testing from FIl Products Service Television Inc (103.105.214.62)...
Retrieving speedtest.net server list...
Selecting best server based on ping...
Hosted by PLDT (Cagayan de Oro) [173.34 km]: 39.459 ms
Testing download speed................................................................................
Download: 90.08 Mbit/s
Testing upload speed......................................................................................................
Upload: 0.00 Mbit/s
2025-03-27T17:45:01+08:00
Retrieving speedtest.net configuration...
Testing from FIl Products Service Television Inc (103.105.214.62)...
Retrieving speedtest.net server list...
Selecting best server based on ping...
Hosted by PLDT (Cagayan de Oro) [173.34 km]: 42.956 ms
Testing download speed................................................................................
Download: 85.46 Mbit/s
Testing upload speed......................................................................................................
Upload: 0.00 Mbit/s
2025-03-27T17:50:01+08:00
Retrieving speedtest.net configuration...
Testing from FIl Products Service Television Inc (103.105.214.62)...
Retrieving speedtest.net server list...
Selecting best server based on ping...
Hosted by PLDT (Cagayan de Oro) [173.34 km]: 41.638 ms
Testing download speed................................................................................
Download: 174.12 Mbit/s
Testing upload speed......................................................................................................
Upload: 0.00 Mbit/s
2025-03-27T17:55:01+08:00
Retrieving speedtest.net configuration...
Testing from FIl Products Service Television Inc (103.105.214.62)...
Retrieving speedtest.net server list...
Selecting best server based on ping...
Hosted by PLDT (Cagayan de Oro) [173.34 km]: 40.488 ms
Testing download speed................................................................................
Download: 161.31 Mbit/s
Testing upload speed......................................................................................................
Upload: 0.00 Mbit/s
2025-03-27T18:00:01+08:00
Retrieving speedtest.net configuration...
Testing from FIl Products Service Television Inc (103.105.214.62)...
Retrieving speedtest.net server list...
Selecting best server based on ping...
Hosted by PLDT (Cebu City) [126.16 km]: 34.929 ms
Testing download speed................................................................................
Download: 178.68 Mbit/s
Testing upload speed......................................................................................................
Upload: 143.85 Mbit/s
2025-03-27T18:05:01+08:00
Retrieving speedtest.net configuration...
2025-03-27T18:10:01+08:00
Retrieving speedtest.net configuration...
Testing from FIl Products Service Television Inc (103.105.214.59)...
Retrieving speedtest.net server list...
Selecting best server based on ping...
Hosted by PLDT (Cagayan de Oro) [173.34 km]: 39.393 ms
Testing download speed................................................................................
Download: 160.04 Mbit/s
Testing upload speed......................................................................................................
Upload: 0.00 Mbit/s
2025-03-27T18:15:01+08:00
Retrieving speedtest.net configuration...
Testing from FIl Products Service Television Inc (103.105.214.59)...
Retrieving speedtest.net server list...
Selecting best server based on ping...
Hosted by PLDT (Cagayan de Oro) [173.34 km]: 41.113 ms
Testing download speed................................................................................
Download: 117.93 Mbit/s
Testing upload speed......................................................................................................
Upload: 0.00 Mbit/s
2025-03-27T18:20:01+08:00
Retrieving speedtest.net configuration...
Testing from FIl Products Service Television Inc (103.105.214.62)...
Retrieving speedtest.net server list...
Selecting best server based on ping...
Hosted by PLDT (Cagayan de Oro) [173.34 km]: 41.373 ms
Testing download speed................................................................................
Download: 45.98 Mbit/s
Testing upload speed......................................................................................................
Upload: 75.86 Mbit/s
2025-03-27T18:25:01+08:00
Retrieving speedtest.net configuration...
Testing from FIl Products Service Television Inc (103.105.214.59)...
Retrieving speedtest.net server list...
Selecting best server based on ping...
Hosted by PLDT (Cagayan de Oro) [173.34 km]: 42.938 ms
Testing download speed................................................................................
Download: 0.00 Mbit/s
Testing upload speed......................................................................................................
Upload: 0.00 Mbit/s
2025-03-27T18:30:01+08:00
Retrieving speedtest.net configuration...
Testing from FIl Products Service Television Inc (103.105.214.59)...
Retrieving speedtest.net server list...
Selecting best server based on ping...
2025-03-27T18:35:01+08:00
Retrieving speedtest.net configuration...
2025-03-27T18:40:01+08:00
Retrieving speedtest.net configuration...
Testing from FIl Products Service Television Inc (103.105.214.62)...
Retrieving speedtest.net server list...
Selecting best server based on ping...
Hosted by Smart Communications (Cagayan de Oro) [173.34 km]: 47.152 ms
Testing download speed................................................................................
Download: 164.53 Mbit/s
Testing upload speed......................................................................................................
Upload: 4.92 Mbit/s
2025-03-27T18:45:01+08:00
Retrieving speedtest.net configuration...
Testing from FIl Products Service Television Inc (103.105.214.59)...
Retrieving speedtest.net server list...
Selecting best server based on ping...
Hosted by KCAT INC. (Kabankalan City) [83.93 km]: 53.704 ms
Testing download speed................................................................................
Download: 129.10 Mbit/s
Testing upload speed......................................................................................................
Upload: 12.02 Mbit/s
2025-03-27T18:50:01+08:00
Retrieving speedtest.net configuration...
Testing from FIl Products Service Television Inc (103.105.214.59)...
Retrieving speedtest.net server list...
Selecting best server based on ping...
Hosted by PLDT (Cagayan de Oro) [173.34 km]: 40.169 ms
Testing download speed................................................................................
Download: 69.82 Mbit/s
Testing upload speed......................................................................................................
Upload: 0.00 Mbit/s
2025-03-27T18:55:01+08:00
Retrieving speedtest.net configuration...
Testing from FIl Products Service Television Inc (103.105.214.62)...
Retrieving speedtest.net server list...
Selecting best server based on ping...
Hosted by PLDT (Cagayan de Oro) [173.34 km]: 40.099 ms
Testing download speed................................................................................
Download: 55.96 Mbit/s
Testing upload speed......................................................................................................
Upload: 0.00 Mbit/s
2025-03-27T19:00:01+08:00
Retrieving speedtest.net configuration...
Testing from FIl Products Service Television Inc (103.105.214.59)...
Retrieving speedtest.net server list...
Selecting best server based on ping...
