2025-09-13T00:00:01+08:00
Retrieving speedtest.net configuration...
Testing from FIl Products Service Television Inc (103.105.214.62)...
Retrieving speedtest.net server list...
Selecting best server based on ping...
2025-09-13T00:05:01+08:00
Retrieving speedtest.net configuration...
2025-09-13T00:10:01+08:00
Retrieving speedtest.net configuration...
Testing from FIl Products Service Television Inc (103.105.214.51)...
Retrieving speedtest.net server list...
Selecting best server based on ping...
Hosted by PT&T (Makati City) [634.17 km]: 18.788 ms
Testing download speed................................................................................
Download: 92.74 Mbit/s
Testing upload speed......................................................................................................
Upload: 90.23 Mbit/s
2025-09-13T00:15:01+08:00
Retrieving speedtest.net configuration...
Testing from FIl Products Service Television Inc (103.105.214.62)...
Retrieving speedtest.net server list...
Selecting best server based on ping...
Hosted by PT&T (Makati City) [634.17 km]: 18.683 ms
Testing download speed................................................................................
Download: 93.29 Mbit/s
Testing upload speed......................................................................................................
Upload: 87.30 Mbit/s
2025-09-13T00:20:01+08:00
Retrieving speedtest.net configuration...
Testing from FIl Products Service Television Inc (103.105.214.51)...
Retrieving speedtest.net server list...
Selecting best server based on ping...
Hosted by PT&T (Makati City) [634.17 km]: 19.474 ms
Testing download speed................................................................................
Download: 93.25 Mbit/s
Testing upload speed......................................................................................................
Upload: 89.27 Mbit/s
2025-09-13T00:25:01+08:00
Retrieving speedtest.net configuration...
Testing from FIl Products Service Television Inc (103.105.214.51)...
Retrieving speedtest.net server list...
Selecting best server based on ping...
Hosted by PT&T (Makati City) [634.17 km]: 18.128 ms
Testing download speed................................................................................
Download: 92.54 Mbit/s
Testing upload speed......................................................................................................
Upload: 87.43 Mbit/s
2025-09-13T00:30:01+08:00
Retrieving speedtest.net configuration...
Testing from FIl Products Service Television Inc (103.105.214.62)...
Retrieving speedtest.net server list...
Selecting best server based on ping...
2025-09-13T00:35:01+08:00
Retrieving speedtest.net configuration...
Testing from FIl Products Service Television Inc (103.105.214.51)...
Retrieving speedtest.net server list...
Selecting best server based on ping...
Hosted by PT&T (Makati City) [634.17 km]: 18.58 ms
Testing download speed................................................................................
Download: 92.53 Mbit/s
Testing upload speed......................................................................................................
Upload: 92.20 Mbit/s
2025-09-13T00:40:01+08:00
Retrieving speedtest.net configuration...
Testing from FIl Products Service Television Inc (103.105.214.51)...
Retrieving speedtest.net server list...
Selecting best server based on ping...
Hosted by Globe Telecom (Cebu City) [126.16 km]: 29.824 ms
Testing download speed................................................................................
Download: 90.76 Mbit/s
Testing upload speed......................................................................................................
Upload: 87.23 Mbit/s
2025-09-13T00:45:01+08:00
Retrieving speedtest.net configuration...
Testing from FIl Products Service Television Inc (103.105.214.51)...
Retrieving speedtest.net server list...
Selecting best server based on ping...
Hosted by Globe Telecom (Cebu City) [126.16 km]: 34.516 ms
Testing download speed................................................................................
Download: 92.95 Mbit/s
Testing upload speed......................................................................................................
Upload: 84.73 Mbit/s
2025-09-13T00:50:01+08:00
Retrieving speedtest.net configuration...
Testing from FIl Products Service Television Inc (103.105.214.62)...
Retrieving speedtest.net server list...
Selecting best server based on ping...
Hosted by Globe Telecom (Cebu City) [126.16 km]: 21.703 ms
Testing download speed................................................................................
Download: 92.37 Mbit/s
Testing upload speed......................................................................................................
Upload: 82.51 Mbit/s
2025-09-13T00:55:01+08:00
Retrieving speedtest.net configuration...
Testing from FIl Products Service Television Inc (103.105.214.51)...
Retrieving speedtest.net server list...
Selecting best server based on ping...
Hosted by Globe Telecom (Cebu City) [126.16 km]: 22.129 ms
Testing download speed................................................................................
Download: 91.95 Mbit/s
Testing upload speed......................................................................................................
Upload: 83.54 Mbit/s
2025-09-13T01:00:01+08:00
Retrieving speedtest.net configuration...
Testing from FIl Products Service Television Inc (103.105.214.62)...
Retrieving speedtest.net server list...
Selecting best server based on ping...
