2025-08-31T00:00:01+08:00
Retrieving speedtest.net configuration...
Testing from FIl Products Service Television Inc (103.105.214.48)...
Retrieving speedtest.net server list...
Selecting best server based on ping...
2025-08-31T00:05:01+08:00
Retrieving speedtest.net configuration...
2025-08-31T00:10:02+08:00
Retrieving speedtest.net configuration...
Testing from FIl Products Service Television Inc (103.105.214.48)...
Retrieving speedtest.net server list...
Selecting best server based on ping...
Hosted by Airlive Communications, Inc. (Pasig City) [633.83 km]: 21.744 ms
Testing download speed................................................................................
Download: 79.21 Mbit/s
Testing upload speed......................................................................................................
Upload: 72.48 Mbit/s
2025-08-31T00:15:01+08:00
Retrieving speedtest.net configuration...
Testing from FIl Products Service Television Inc (103.105.214.48)...
Retrieving speedtest.net server list...
Selecting best server based on ping...
Hosted by Airlive Communications, Inc. (Pasig City) [633.83 km]: 21.411 ms
Testing download speed...............................................................................
.Download: 85.47 Mbit/s
Testing upload speed......................................................................................................
Upload: 73.39 Mbit/s
2025-08-31T00:20:01+08:00
Retrieving speedtest.net configuration...
Testing from FIl Products Service Television Inc (103.105.214.60)...
Retrieving speedtest.net server list...
Selecting best server based on ping...
Hosted by RISE.ph (Makati) [633.45 km]: 31.742 ms
Testing download speed................................................................................
Download: 82.42 Mbit/s
Testing upload speed......................................................................................................
Upload: 9.03 Mbit/s
2025-08-31T00:25:01+08:00
Retrieving speedtest.net configuration...
Testing from FIl Products Service Television Inc (103.105.214.48)...
Retrieving speedtest.net server list...
Selecting best server based on ping...
Hosted by RISE.ph (Makati) [633.45 km]: 35.235 ms
Testing download speed................................................................................
Download: 70.17 Mbit/s
Testing upload speed......................................................................................................
Upload: 9.78 Mbit/s
2025-08-31T00:30:01+08:00
Retrieving speedtest.net configuration...
Testing from FIl Products Service Television Inc (103.105.214.48)...
Retrieving speedtest.net server list...
Selecting best server based on ping...
2025-08-31T00:35:01+08:00
Retrieving speedtest.net configuration...
Testing from FIl Products Service Television Inc (103.105.214.48)...
Retrieving speedtest.net server list...
Selecting best server based on ping...
Hosted by Philippine Global Communications, Inc. (Makati) [633.45 km]: 32.039 ms
Testing download speed................................................................................
Download: 81.03 Mbit/s
Testing upload speed......................................................................................................
Upload: 67.39 Mbit/s
2025-08-31T00:40:01+08:00
Retrieving speedtest.net configuration...
Testing from FIl Products Service Television Inc (103.105.214.60)...
Retrieving speedtest.net server list...
Selecting best server based on ping...
Hosted by RISE.ph (Makati) [633.45 km]: 28.725 ms
Testing download speed................................................................................
Download: 86.21 Mbit/s
Testing upload speed......................................................................................................
Upload: 11.13 Mbit/s
2025-08-31T00:45:01+08:00
Retrieving speedtest.net configuration...
Testing from FIl Products Service Television Inc (103.105.214.60)...
Retrieving speedtest.net server list...
Selecting best server based on ping...
Hosted by RISE.ph (Makati) [633.45 km]: 29.587 ms
Testing download speed................................................................................
Download: 83.78 Mbit/s
Testing upload speed......................................................................................................
Upload: 8.37 Mbit/s
2025-08-31T00:50:01+08:00
Retrieving speedtest.net configuration...
Testing from FIl Products Service Television Inc (103.105.214.48)...
Retrieving speedtest.net server list...
Selecting best server based on ping...
Hosted by RISE.ph (Makati) [633.45 km]: 33.619 ms
Testing download speed................................................................................
Download: 89.25 Mbit/s
Testing upload speed......................................................................................................
Upload: 10.63 Mbit/s
2025-08-31T00:55:01+08:00
Retrieving speedtest.net configuration...
Testing from FIl Products Service Television Inc (103.105.214.60)...
Retrieving speedtest.net server list...
Selecting best server based on ping...
Hosted by RISE.ph (Makati) [633.45 km]: 29.843 ms
Testing download speed................................................................................
Download: 78.39 Mbit/s
Testing upload speed......................................................................................................
Upload: 9.48 Mbit/s
2025-08-31T01:00:01+08:00
Retrieving speedtest.net configuration...
Testing from FIl Products Service Television Inc (103.105.214.48)...
Retrieving speedtest.net server list...
Selecting best server based on ping...
2025-08-31T01:05:01+08:00
Retrieving speedtest.net configuration...
2025-08-31T01:10:01+08:00
Retrieving speedtest.net configuration...
Testing from FIl Products Service Television Inc (103.105.214.48)...
Retrieving speedtest.net server list...
Selecting best server based on ping...
Hosted by RISE.ph (Makati) [633.45 km]: 30.113 ms
Testing download speed................................................................................
Download: 84.50 Mbit/s
Testing upload speed......................................................................................................
Upload: 9.07 Mbit/s
2025-08-31T01:15:01+08:00
Retrieving speedtest.net configuration...
Testing from FIl Products Service Television Inc (103.105.214.48)...
Retrieving speedtest.net server list...
Selecting best server based on ping...
Hosted by RISE.ph (Makati) [633.45 km]: 33.654 ms
Testing download speed................................................................................
Download: 87.79 Mbit/s
Testing upload speed......................................................................................................
Upload: 10.12 Mbit/s
2025-08-31T01:20:01+08:00
Retrieving speedtest.net configuration...
Testing from FIl Products Service Television Inc (103.105.214.60)...
Retrieving speedtest.net server list...
Selecting best server based on ping...
Hosted by Philippine Global Communications, Inc. (Makati) [633.45 km]: 46.366 ms
Testing download speed................................................................................
Download: 83.20 Mbit/s
Testing upload speed......................................................................................................
Upload: 72.41 Mbit/s
2025-08-31T01:25:01+08:00
Retrieving speedtest.net configuration...
Testing from FIl Products Service Television Inc (103.105.214.48)...
Retrieving speedtest.net server list...
Selecting best server based on ping...
Hosted by RISE.ph (Makati) [633.45 km]: 30.507 ms
Testing download speed................................................................................
Download: 76.58 Mbit/s
Testing upload speed......................................................................................................
Upload: 9.69 Mbit/s
2025-08-31T01:30:01+08:00
Retrieving speedtest.net configuration...
Testing from FIl Products Service Television Inc (103.105.214.60)...
Retrieving speedtest.net server list...
Selecting best server based on ping...
2025-08-31T01:35:01+08:00
Retrieving speedtest.net configuration...
Testing from FIl Products Service Television Inc (103.105.214.60)...
Retrieving speedtest.net server list...
Selecting best server based on ping...
Hosted by RISE.ph (Makati) [633.45 km]: 27.255 ms
Testing download speed................................................................................
Download: 83.21 Mbit/s
Testing upload speed......................................................................................................
Upload: 7.45 Mbit/s
2025-08-31T01:40:01+08:00
Retrieving speedtest.net configuration...
Testing from FIl Products Service Television Inc (103.105.214.60)...
Retrieving speedtest.net server list...
Selecting best server based on ping...
Hosted by RISE.ph (Makati) [633.45 km]: 25.615 ms
Testing download speed................................................................................
Download: 81.05 Mbit/s
Testing upload speed......................................................................................................
Upload: 6.42 Mbit/s
2025-08-31T01:45:01+08:00
Retrieving speedtest.net configuration...
Testing from FIl Products Service Television Inc (103.105.214.60)...
Retrieving speedtest.net server list...
Selecting best server based on ping...
Hosted by RISE.ph (Makati) [633.45 km]: 33.488 ms
Testing download speed................................................................................
Download: 69.34 Mbit/s
Testing upload speed......................................................................................................
Upload: 9.07 Mbit/s
2025-08-31T01:50:01+08:00
Retrieving speedtest.net configuration...
Testing from FIl Products Service Television Inc (103.105.214.48)...
Retrieving speedtest.net server list...
Selecting best server based on ping...
Hosted by RISE.ph (Makati) [633.45 km]: 26.683 ms
Testing download speed................................................................................
Download: 76.98 Mbit/s
Testing upload speed......................................................................................................
Upload: 7.86 Mbit/s
2025-08-31T01:55:01+08:00
Retrieving speedtest.net configuration...
Testing from FIl Products Service Television Inc (103.105.214.48)...
Retrieving speedtest.net server list...
Selecting best server based on ping...
Hosted by RISE.ph (Makati) [633.45 km]: 29.365 ms
Testing download speed................................................................................
Download: 84.11 Mbit/s
Testing upload speed......................................................................................................
Upload: 6.65 Mbit/s
2025-08-31T02:00:01+08:00
Retrieving speedtest.net configuration...
Testing from FIl Products Service Television Inc (103.105.214.60)...
Retrieving speedtest.net server list...
Selecting best server based on ping...
2025-08-31T02:05:01+08:00
Retrieving speedtest.net configuration...
2025-08-31T02:10:01+08:00
Retrieving speedtest.net configuration...
Testing from FIl Products Service Television Inc (103.105.214.48)...
Retrieving speedtest.net server list...
Selecting best server based on ping...
Hosted by RISE.ph (Makati) [633.45 km]: 34.314 ms
Testing download speed................................................................................
Download: 80.60 Mbit/s
Testing upload speed......................................................................................................
Upload: 9.01 Mbit/s
2025-08-31T02:15:01+08:00
Retrieving speedtest.net configuration...
Testing from FIl Products Service Television Inc (103.105.214.48)...
Retrieving speedtest.net server list...
Selecting best server based on ping...
Hosted by RISE.ph (Makati) [633.45 km]: 29.6 ms
Testing download speed................................................................................
Download: 85.26 Mbit/s
Testing upload speed......................................................................................................
Upload: 9.40 Mbit/s
2025-08-31T02:20:01+08:00
Retrieving speedtest.net configuration...
Testing from FIl Products Service Television Inc (103.105.214.48)...
Retrieving speedtest.net server list...
Selecting best server based on ping...
Hosted by RISE.ph (Makati) [633.45 km]: 30.372 ms
Testing download speed................................................................................
Download: 83.38 Mbit/s
Testing upload speed......................................................................................................
Upload: 9.50 Mbit/s
2025-08-31T02:25:01+08:00
Retrieving speedtest.net configuration...
Testing from FIl Products Service Television Inc (103.105.214.48)...
Retrieving speedtest.net server list...
Selecting best server based on ping...
Hosted by RISE.ph (Makati) [633.45 km]: 27.155 ms
Testing download speed................................................................................
Download: 85.30 Mbit/s
Testing upload speed......................................................................................................
Upload: 6.91 Mbit/s
2025-08-31T02:30:01+08:00
Retrieving speedtest.net configuration...
Testing from FIl Products Service Television Inc (103.105.214.48)...
Retrieving speedtest.net server list...
Selecting best server based on ping...
2025-08-31T02:35:01+08:00
Retrieving speedtest.net configuration...
Testing from FIl Products Service Television Inc (103.105.214.60)...
Retrieving speedtest.net server list...
Selecting best server based on ping...
Hosted by RISE.ph (Makati) [633.45 km]: 29.154 ms
Testing download speed................................................................................
Download: 78.53 Mbit/s
Testing upload speed......................................................................................................
Upload: 5.31 Mbit/s
2025-08-31T02:40:01+08:00
Retrieving speedtest.net configuration...
Testing from FIl Products Service Television Inc (103.105.214.60)...
Retrieving speedtest.net server list...
Selecting best server based on ping...
Hosted by RISE.ph (Makati) [633.45 km]: 29.395 ms
Testing download speed................................................................................
Download: 86.73 Mbit/s
Testing upload speed......................................................................................................
Upload: 6.59 Mbit/s
2025-08-31T02:45:01+08:00
Retrieving speedtest.net configuration...
Testing from FIl Products Service Television Inc (103.105.214.60)...
Retrieving speedtest.net server list...
Selecting best server based on ping...
Hosted by RISE.ph (Makati) [633.45 km]: 29.753 ms
Testing download speed................................................................................
Download: 75.63 Mbit/s
Testing upload speed......................................................................................................
Upload: 7.63 Mbit/s
2025-08-31T02:50:01+08:00
Retrieving speedtest.net configuration...
Testing from FIl Products Service Television Inc (103.105.214.48)...
Retrieving speedtest.net server list...
Selecting best server based on ping...
Hosted by RISE.ph (Makati) [633.45 km]: 33.787 ms
Testing download speed................................................................................
Download: 85.44 Mbit/s
Testing upload speed......................................................................................................
Upload: 8.38 Mbit/s
2025-08-31T02:55:01+08:00
Retrieving speedtest.net configuration...
Testing from FIl Products Service Television Inc (103.105.214.48)...
Retrieving speedtest.net server list...
Selecting best server based on ping...
Hosted by RISE.ph (Makati) [633.45 km]: 25.861 ms
Testing download speed................................................................................
Download: 83.05 Mbit/s
Testing upload speed......................................................................................................
Upload: 8.45 Mbit/s
2025-08-31T03:00:01+08:00
Retrieving speedtest.net configuration...
Testing from FIl Products Service Television Inc (103.105.214.60)...
Retrieving speedtest.net server list...
Selecting best server based on ping...
