2025-09-03T00:00:01+08:00
Retrieving speedtest.net configuration...
Testing from FIl Products Service Television Inc (103.105.214.48)...
Retrieving speedtest.net server list...
Selecting best server based on ping...
2025-09-03T00:05:01+08:00
Retrieving speedtest.net configuration...
2025-09-03T00:10:01+08:00
Retrieving speedtest.net configuration...
Testing from FIl Products Service Television Inc (103.105.214.60)...
Retrieving speedtest.net server list...
Selecting best server based on ping...
Hosted by Philippine Global Communications, Inc. (Makati) [633.45 km]: 30.218 ms
Testing download speed................................................................................
Download: 51.24 Mbit/s
Testing upload speed......................................................................................................
Upload: 85.93 Mbit/s
2025-09-03T00:15:01+08:00
Retrieving speedtest.net configuration...
Testing from FIl Products Service Television Inc (103.105.214.48)...
Retrieving speedtest.net server list...
Selecting best server based on ping...
Hosted by Philippine Global Communications, Inc. (Makati) [633.45 km]: 38.334 ms
Testing download speed................................................................................
Download: 85.67 Mbit/s
Testing upload speed......................................................................................................
Upload: 82.76 Mbit/s
2025-09-03T00:20:01+08:00
Retrieving speedtest.net configuration...
Testing from FIl Products Service Television Inc (103.105.214.60)...
Retrieving speedtest.net server list...
Selecting best server based on ping...
Hosted by Globe Telecom (Pasig City) [633.83 km]: 30.856 ms
Testing download speed................................................................................
Download: 91.31 Mbit/s
Testing upload speed......................................................................................................
Upload: 87.15 Mbit/s
2025-09-03T00:25:01+08:00
Retrieving speedtest.net configuration...
Testing from FIl Products Service Television Inc (103.105.214.60)...
Retrieving speedtest.net server list...
Selecting best server based on ping...
Hosted by Globe Telecom (Pasig City) [633.83 km]: 22.619 ms
Testing download speed................................................................................
Download: 91.86 Mbit/s
Testing upload speed......................................................................................................
Upload: 89.80 Mbit/s
2025-09-03T00:30:01+08:00
Retrieving speedtest.net configuration...
Testing from FIl Products Service Television Inc (103.105.214.60)...
Retrieving speedtest.net server list...
Selecting best server based on ping...
2025-09-03T00:35:01+08:00
Retrieving speedtest.net configuration...
Testing from FIl Products Service Television Inc (103.105.214.48)...
Retrieving speedtest.net server list...
Selecting best server based on ping...
Hosted by Philippine Global Communications, Inc. (Makati) [633.45 km]: 30.91 ms
Testing download speed................................................................................
Download: 92.95 Mbit/s
Testing upload speed......................................................................................................
Upload: 87.71 Mbit/s
2025-09-03T00:40:01+08:00
Retrieving speedtest.net configuration...
Testing from FIl Products Service Television Inc (103.105.214.60)...
Retrieving speedtest.net server list...
Selecting best server based on ping...
Hosted by Globe Telecom (Makati) [633.45 km]: 31.661 ms
Testing download speed................................................................................
Download: 91.01 Mbit/s
Testing upload speed......................................................................................................
Upload: 84.47 Mbit/s
2025-09-03T00:45:01+08:00
Retrieving speedtest.net configuration...
Testing from FIl Products Service Television Inc (103.105.214.60)...
Retrieving speedtest.net server list...
Selecting best server based on ping...
Hosted by Globe Telecom (Makati) [633.45 km]: 28.915 ms
Testing download speed................................................................................
Download: 92.41 Mbit/s
Testing upload speed......................................................................................................
Upload: 87.12 Mbit/s
2025-09-03T00:50:01+08:00
Retrieving speedtest.net configuration...
Testing from FIl Products Service Television Inc (103.105.214.48)...
Retrieving speedtest.net server list...
Selecting best server based on ping...
Hosted by Philippine Global Communications, Inc. (Makati) [633.45 km]: 30.468 ms
Testing download speed................................................................................
Download: 90.36 Mbit/s
Testing upload speed......................................................................................................
Upload: 89.61 Mbit/s
2025-09-03T00:55:01+08:00
Retrieving speedtest.net configuration...
Testing from FIl Products Service Television Inc (103.105.214.60)...
Retrieving speedtest.net server list...
Selecting best server based on ping...
Hosted by Philippine Global Communications, Inc. (Makati) [633.45 km]: 30.495 ms
Testing download speed................................................................................
Download: 91.17 Mbit/s
Testing upload speed......................................................................................................
Upload: 86.91 Mbit/s
2025-09-03T01:00:01+08:00
Retrieving speedtest.net configuration...
Testing from FIl Products Service Television Inc (103.105.214.60)...
Retrieving speedtest.net server list...
Selecting best server based on ping...
2025-09-03T01:05:01+08:00
Retrieving speedtest.net configuration...
2025-09-03T01:10:01+08:00
Retrieving speedtest.net configuration...
Testing from FIl Products Service Television Inc (103.105.214.60)...
Retrieving speedtest.net server list...
Selecting best server based on ping...
Hosted by Globe Telecom (Makati) [633.45 km]: 31.856 ms
Testing download speed................................................................................
Download: 92.56 Mbit/s
Testing upload speed......................................................................................................
Upload: 86.77 Mbit/s
2025-09-03T01:15:01+08:00
Retrieving speedtest.net configuration...
Testing from FIl Products Service Television Inc (103.105.214.48)...
Retrieving speedtest.net server list...
Selecting best server based on ping...
Hosted by Globe Telecom (Makati) [633.45 km]: 23.25 ms
Testing download speed................................................................................
Download: 92.63 Mbit/s
Testing upload speed......................................................................................................
Upload: 83.89 Mbit/s
2025-09-03T01:20:01+08:00
Retrieving speedtest.net configuration...
Testing from FIl Products Service Television Inc (103.105.214.60)...
Retrieving speedtest.net server list...
Selecting best server based on ping...
Hosted by Philippine Global Communications, Inc. (Makati) [633.45 km]: 31.025 ms
Testing download speed................................................................................
Download: 92.20 Mbit/s
Testing upload speed......................................................................................................
Upload: 83.92 Mbit/s
2025-09-03T01:25:01+08:00
Retrieving speedtest.net configuration...
Testing from FIl Products Service Television Inc (103.105.214.60)...
Retrieving speedtest.net server list...
Selecting best server based on ping...
Hosted by Globe Telecom (Makati) [633.45 km]: 24.082 ms
Testing download speed................................................................................
Download: 92.32 Mbit/s
Testing upload speed......................................................................................................
Upload: 80.28 Mbit/s
2025-09-03T01:30:01+08:00
Retrieving speedtest.net configuration...
Testing from FIl Products Service Television Inc (103.105.214.60)...
Retrieving speedtest.net server list...
Selecting best server based on ping...
2025-09-03T01:35:01+08:00
Retrieving speedtest.net configuration...
Testing from FIl Products Service Television Inc (103.105.214.60)...
Retrieving speedtest.net server list...
Selecting best server based on ping...
Hosted by Globe Telecom (Makati) [633.45 km]: 31.503 ms
Testing download speed................................................................................
Download: 90.18 Mbit/s
Testing upload speed......................................................................................................
Upload: 85.82 Mbit/s
2025-09-03T01:40:01+08:00
Retrieving speedtest.net configuration...
Testing from FIl Products Service Television Inc (103.105.214.48)...
Retrieving speedtest.net server list...
Selecting best server based on ping...
Hosted by Globe Telecom (Makati) [633.45 km]: 31.7 ms
Testing download speed................................................................................
Download: 91.40 Mbit/s
Testing upload speed......................................................................................................
Upload: 85.79 Mbit/s
2025-09-03T01:45:01+08:00
Retrieving speedtest.net configuration...
Testing from FIl Products Service Television Inc (103.105.214.60)...
Retrieving speedtest.net server list...
Selecting best server based on ping...
Hosted by Globe Telecom (Makati) [633.45 km]: 27.02 ms
Testing download speed................................................................................
Download: 91.81 Mbit/s
Testing upload speed......................................................................................................
Upload: 85.31 Mbit/s
2025-09-03T01:50:01+08:00
Retrieving speedtest.net configuration...
Testing from FIl Products Service Television Inc (103.105.214.48)...
Retrieving speedtest.net server list...
Selecting best server based on ping...
Hosted by Philippine Global Communications, Inc. (Makati) [633.45 km]: 31.54 ms
Testing download speed................................................................................
Download: 92.06 Mbit/s
Testing upload speed......................................................................................................
Upload: 44.58 Mbit/s
2025-09-03T01:55:01+08:00
Retrieving speedtest.net configuration...
Testing from FIl Products Service Television Inc (103.105.214.48)...
Retrieving speedtest.net server list...
Selecting best server based on ping...
Hosted by Philippine Global Communications, Inc. (Makati) [633.45 km]: 35.358 ms
Testing download speed................................................................................
Download: 50.02 Mbit/s
Testing upload speed......................................................................................................
Upload: 87.49 Mbit/s
2025-09-03T02:00:01+08:00
Retrieving speedtest.net configuration...
Testing from FIl Products Service Television Inc (103.105.214.48)...
Retrieving speedtest.net server list...
Selecting best server based on ping...
2025-09-03T02:05:02+08:00
Retrieving speedtest.net configuration...
2025-09-03T02:10:01+08:00
Retrieving speedtest.net configuration...
Testing from FIl Products Service Television Inc (103.105.214.60)...
Retrieving speedtest.net server list...
Selecting best server based on ping...
Hosted by Globe Telecom (Makati) [633.45 km]: 33.146 ms
Testing download speed................................................................................
Download: 92.58 Mbit/s
Testing upload speed......................................................................................................
Upload: 81.64 Mbit/s
2025-09-03T02:15:01+08:00
Retrieving speedtest.net configuration...
Testing from FIl Products Service Television Inc (103.105.214.60)...
Retrieving speedtest.net server list...
Selecting best server based on ping...
Hosted by Globe Telecom (Makati) [633.45 km]: 24.76 ms
Testing download speed................................................................................
Download: 92.76 Mbit/s
Testing upload speed......................................................................................................
Upload: 91.10 Mbit/s
2025-09-03T02:20:01+08:00
Retrieving speedtest.net configuration...
Testing from FIl Products Service Television Inc (103.105.214.48)...
Retrieving speedtest.net server list...
Selecting best server based on ping...
Hosted by Globe Telecom (Makati) [633.45 km]: 32.125 ms
Testing download speed................................................................................
Download: 92.33 Mbit/s
Testing upload speed......................................................................................................
Upload: 84.84 Mbit/s
2025-09-03T02:25:01+08:00
Retrieving speedtest.net configuration...
Testing from FIl Products Service Television Inc (103.105.214.60)...
Retrieving speedtest.net server list...
Selecting best server based on ping...
Hosted by Globe Telecom (Makati) [633.45 km]: 32.154 ms
Testing download speed................................................................................
Download: 92.30 Mbit/s
Testing upload speed......................................................................................................
Upload: 88.67 Mbit/s
2025-09-03T02:30:01+08:00
Retrieving speedtest.net configuration...
Testing from FIl Products Service Television Inc (103.105.214.60)...
Retrieving speedtest.net server list...
Selecting best server based on ping...
2025-09-03T02:35:01+08:00
Retrieving speedtest.net configuration...
Testing from FIl Products Service Television Inc (103.105.214.48)...
Retrieving speedtest.net server list...
Selecting best server based on ping...
Hosted by Globe Telecom (Makati) [633.45 km]: 30.475 ms
Testing download speed................................................................................
Download: 91.66 Mbit/s
Testing upload speed......................................................................................................
Upload: 79.63 Mbit/s
2025-09-03T02:40:01+08:00
Retrieving speedtest.net configuration...
Testing from FIl Products Service Television Inc (103.105.214.48)...
Retrieving speedtest.net server list...
Selecting best server based on ping...
Hosted by Philippine Global Communications, Inc. (Makati) [633.45 km]: 38.232 ms
Testing download speed................................................................................
Download: 91.78 Mbit/s
Testing upload speed......................................................................................................
Upload: 86.41 Mbit/s
2025-09-03T02:45:01+08:00
Retrieving speedtest.net configuration...
Testing from FIl Products Service Television Inc (103.105.214.60)...
Retrieving speedtest.net server list...
Selecting best server based on ping...
Hosted by Globe Telecom (Makati) [633.45 km]: 24.594 ms
Testing download speed................................................................................
Download: 92.12 Mbit/s
Testing upload speed......................................................................................................
Upload: 87.69 Mbit/s
2025-09-03T02:50:01+08:00
Retrieving speedtest.net configuration...
Testing from FIl Products Service Television Inc (103.105.214.60)...
Retrieving speedtest.net server list...
Selecting best server based on ping...
Hosted by Philippine Global Communications, Inc. (Makati) [633.45 km]: 30.753 ms
Testing download speed................................................................................
Download: 91.39 Mbit/s
Testing upload speed......................................................................................................
Upload: 84.94 Mbit/s
2025-09-03T02:55:01+08:00
Retrieving speedtest.net configuration...
Testing from FIl Products Service Television Inc (103.105.214.60)...
Retrieving speedtest.net server list...
Selecting best server based on ping...
Hosted by Globe Telecom (Makati) [633.45 km]: 30.954 ms
Testing download speed................................................................................
Download: 91.05 Mbit/s
Testing upload speed......................................................................................................
Upload: 82.46 Mbit/s
2025-09-03T03:00:01+08:00
Retrieving speedtest.net configuration...
Testing from FIl Products Service Television Inc (103.105.214.48)...
Retrieving speedtest.net server list...
Selecting best server based on ping...
2025-09-03T03:05:01+08:00
Retrieving speedtest.net configuration...
Testing from FIl Products Service Television Inc (103.105.214.48)...
Retrieving speedtest.net server list...
Selecting best server based on ping...
Hosted by Globe Telecom (Makati) [633.45 km]: 38.033 ms
Testing download speed................................................................................
Download: 91.96 Mbit/s
Testing upload speed......................................................................................................
Upload: 86.62 Mbit/s
2025-09-03T03:10:01+08:00
Retrieving speedtest.net configuration...
Testing from FIl Products Service Television Inc (103.105.214.48)...
Retrieving speedtest.net server list...
Selecting best server based on ping...
Hosted by Globe Telecom (Makati) [633.45 km]: 31.89 ms
Testing download speed................................................................................
Download: 92.31 Mbit/s
Testing upload speed......................................................................................................
Upload: 86.42 Mbit/s
2025-09-03T03:15:01+08:00
Retrieving speedtest.net configuration...
Testing from FIl Products Service Television Inc (103.105.214.60)...
Retrieving speedtest.net server list...
Selecting best server based on ping...
Hosted by Globe Telecom (Makati) [633.45 km]: 30.903 ms
Testing download speed................................................................................
Download: 91.52 Mbit/s
Testing upload speed......................................................................................................
Upload: 87.64 Mbit/s
2025-09-03T03:20:01+08:00
Retrieving speedtest.net configuration...
Testing from FIl Products Service Television Inc (103.105.214.48)...
Retrieving speedtest.net server list...
Selecting best server based on ping...
Hosted by Globe Telecom (Makati) [633.45 km]: 38.878 ms
Testing download speed................................................................................
Download: 92.68 Mbit/s
Testing upload speed......................................................................................................
Upload: 88.01 Mbit/s
2025-09-03T03:25:01+08:00
Retrieving speedtest.net configuration...
Testing from FIl Products Service Television Inc (103.105.214.60)...
Retrieving speedtest.net server list...
Selecting best server based on ping...
Hosted by Globe Telecom (Makati) [633.45 km]: 27.292 ms
Testing download speed................................................................................
Download: 91.32 Mbit/s
Testing upload speed......................................................................................................
Upload: 86.59 Mbit/s
2025-09-03T03:30:01+08:00
Retrieving speedtest.net configuration...
Testing from FIl Products Service Television Inc (103.105.214.48)...
Retrieving speedtest.net server list...
Selecting best server based on ping...
2025-09-03T03:35:01+08:00
Retrieving speedtest.net configuration...
Testing from FIl Products Service Television Inc (103.105.214.60)...
Retrieving speedtest.net server list...
Selecting best server based on ping...
Hosted by Globe Telecom (Makati) [633.45 km]: 38.323 ms
Testing download speed................................................................................
Download: 92.81 Mbit/s
Testing upload speed......................................................................................................
Upload: 88.14 Mbit/s
2025-09-03T03:40:01+08:00
Retrieving speedtest.net configuration...
Testing from FIl Products Service Television Inc (103.105.214.48)...
Retrieving speedtest.net server list...
Selecting best server based on ping...
Hosted by Globe Telecom (Makati) [633.45 km]: 23.237 ms
Testing download speed................................................................................
Download: 92.14 Mbit/s
Testing upload speed......................................................................................................
Upload: 79.93 Mbit/s
2025-09-03T03:45:01+08:00
Retrieving speedtest.net configuration...
Testing from FIl Products Service Television Inc (103.105.214.60)...
Retrieving speedtest.net server list...
Selecting best server based on ping...
Hosted by Now Corporation (Cavite) [632.09 km]: 33.733 ms
Testing download speed................................................................................
Download: 92.87 Mbit/s
Testing upload speed......................................................................................................
Upload: 89.20 Mbit/s
2025-09-03T03:50:01+08:00
Retrieving speedtest.net configuration...
Testing from FIl Products Service Television Inc (103.105.214.48)...
Retrieving speedtest.net server list...
Selecting best server based on ping...
Hosted by Now Corporation (Cavite) [632.09 km]: 33.589 ms
Testing download speed................................................................................
Download: 93.24 Mbit/s
Testing upload speed......................................................................................................
Upload: 78.19 Mbit/s
2025-09-03T03:55:01+08:00
Retrieving speedtest.net configuration...
Testing from FIl Products Service Television Inc (103.105.214.60)...
Retrieving speedtest.net server list...
Selecting best server based on ping...
Hosted by Now Corporation (Cavite) [632.09 km]: 35.823 ms
Testing download speed................................................................................
Download: 92.87 Mbit/s
Testing upload speed......................................................................................................
Upload: 90.35 Mbit/s
2025-09-03T04:00:01+08:00
Retrieving speedtest.net configuration...
Testing from FIl Products Service Television Inc (103.105.214.48)...
Retrieving speedtest.net server list...
Selecting best server based on ping...
