2025-08-08T00:00:01+08:00
Retrieving speedtest.net configuration...
Testing from FIl Products Service Television Inc (103.105.214.62)...
Retrieving speedtest.net server list...
Selecting best server based on ping...
2025-08-08T00:05:01+08:00
Retrieving speedtest.net configuration...
2025-08-08T00:10:01+08:00
Retrieving speedtest.net configuration...
Testing from FIl Products Service Television Inc (103.105.214.62)...
Retrieving speedtest.net server list...
Selecting best server based on ping...
Hosted by PLDT (Makati) [634.17 km]: 18.512 ms
Testing download speed................................................................................
Download: 190.38 Mbit/s
Testing upload speed......................................................................................................
Upload: 297.43 Mbit/s
2025-08-08T00:15:01+08:00
Retrieving speedtest.net configuration...
Testing from FIl Products Service Television Inc (103.105.214.62)...
Retrieving speedtest.net server list...
Selecting best server based on ping...
Hosted by PLDT (Makati) [634.17 km]: 17.203 ms
Testing download speed................................................................................
Download: 194.24 Mbit/s
Testing upload speed......................................................................................................
Upload: 317.91 Mbit/s
2025-08-08T00:20:01+08:00
Retrieving speedtest.net configuration...
Testing from FIl Products Service Television Inc (103.105.214.62)...
Retrieving speedtest.net server list...
Selecting best server based on ping...
Hosted by PLDT (Makati) [634.17 km]: 17.873 ms
Testing download speed................................................................................
Download: 194.97 Mbit/s
Testing upload speed......................................................................................................
Upload: 342.39 Mbit/s
2025-08-08T00:25:01+08:00
Retrieving speedtest.net configuration...
Testing from FIl Products Service Television Inc (103.105.214.62)...
Retrieving speedtest.net server list...
Selecting best server based on ping...
Hosted by PLDT (Makati) [634.17 km]: 16.502 ms
Testing download speed................................................................................
Download: 195.51 Mbit/s
Testing upload speed......................................................................................................
Upload: 330.12 Mbit/s
2025-08-08T00:30:01+08:00
Retrieving speedtest.net configuration...
Testing from FIl Products Service Television Inc (103.105.214.62)...
Retrieving speedtest.net server list...
Selecting best server based on ping...
2025-08-08T00:35:01+08:00
Retrieving speedtest.net configuration...
Testing from FIl Products Service Television Inc (103.105.214.62)...
Retrieving speedtest.net server list...
Selecting best server based on ping...
Hosted by PLDT (Makati) [634.17 km]: 18.762 ms
Testing download speed................................................................................
Download: 190.08 Mbit/s
Testing upload speed......................................................................................................
Upload: 305.06 Mbit/s
2025-08-08T00:40:01+08:00
Retrieving speedtest.net configuration...
Testing from FIl Products Service Television Inc (103.105.214.62)...
Retrieving speedtest.net server list...
Selecting best server based on ping...
Hosted by PLDT (Makati) [634.17 km]: 16.947 ms
Testing download speed................................................................................
Download: 195.24 Mbit/s
Testing upload speed......................................................................................................
Upload: 324.88 Mbit/s
2025-08-08T00:45:01+08:00
Retrieving speedtest.net configuration...
Testing from FIl Products Service Television Inc (103.105.214.62)...
Retrieving speedtest.net server list...
Selecting best server based on ping...
Hosted by PLDT (Makati) [634.17 km]: 16.935 ms
Testing download speed................................................................................
Download: 190.37 Mbit/s
Testing upload speed......................................................................................................
Upload: 321.79 Mbit/s
2025-08-08T00:50:01+08:00
Retrieving speedtest.net configuration...
Testing from FIl Products Service Television Inc (103.105.214.62)...
Retrieving speedtest.net server list...
Selecting best server based on ping...
Hosted by PLDT (Makati) [634.17 km]: 16.884 ms
Testing download speed................................................................................
Download: 188.84 Mbit/s
Testing upload speed......................................................................................................
Upload: 350.09 Mbit/s
2025-08-08T00:55:01+08:00
Retrieving speedtest.net configuration...
Testing from FIl Products Service Television Inc (103.105.214.62)...
Retrieving speedtest.net server list...
Selecting best server based on ping...
Hosted by PLDT (Makati) [634.17 km]: 17.103 ms
Testing download speed................................................................................
Download: 196.76 Mbit/s
Testing upload speed......................................................................................................
Upload: 311.84 Mbit/s
2025-08-08T01:00:01+08:00
Retrieving speedtest.net configuration...
Testing from FIl Products Service Television Inc (103.105.214.62)...
Retrieving speedtest.net server list...
Selecting best server based on ping...
