2025-06-27T00:00:01+08:00
Retrieving speedtest.net configuration...
Testing from FIl Products Service Television Inc (103.105.214.61)...
Retrieving speedtest.net server list...
Selecting best server based on ping...
2025-06-27T00:05:01+08:00
Retrieving speedtest.net configuration...
2025-06-27T00:10:01+08:00
Retrieving speedtest.net configuration...
Testing from FIl Products Service Television Inc (103.105.214.61)...
Retrieving speedtest.net server list...
Selecting best server based on ping...
Hosted by Parasat Cable TV, Inc. (Cagayan de Oro) [173.34 km]: 12.016 ms
Testing download speed................................................................................
Download: 189.84 Mbit/s
Testing upload speed......................................................................................................
Upload: 291.62 Mbit/s
2025-06-27T00:15:01+08:00
Retrieving speedtest.net configuration...
Testing from FIl Products Service Television Inc (103.105.214.63)...
Retrieving speedtest.net server list...
Selecting best server based on ping...
Hosted by Parasat Cable TV, Inc. (Cagayan de Oro) [173.34 km]: 14.573 ms
Testing download speed................................................................................
Download: 191.42 Mbit/s
Testing upload speed......................................................................................................
Upload: 354.15 Mbit/s
2025-06-27T00:20:01+08:00
Retrieving speedtest.net configuration...
Testing from FIl Products Service Television Inc (103.105.214.61)...
Retrieving speedtest.net server list...
Selecting best server based on ping...
Hosted by Parasat Cable TV, Inc. (Cagayan de Oro) [173.34 km]: 15.323 ms
Testing download speed................................................................................
Download: 183.86 Mbit/s
Testing upload speed......................................................................................................
Upload: 329.08 Mbit/s
2025-06-27T00:25:01+08:00
Retrieving speedtest.net configuration...
Testing from FIl Products Service Television Inc (103.105.214.54)...
Retrieving speedtest.net server list...
Selecting best server based on ping...
Hosted by Parasat Cable TV, Inc. (Cagayan de Oro) [173.34 km]: 12.311 ms
Testing download speed................................................................................
Download: 186.15 Mbit/s
Testing upload speed......................................................................................................
Upload: 274.27 Mbit/s
2025-06-27T00:30:01+08:00
Retrieving speedtest.net configuration...
Testing from FIl Products Service Television Inc (103.105.214.54)...
Retrieving speedtest.net server list...
Selecting best server based on ping...
2025-06-27T00:35:01+08:00
Retrieving speedtest.net configuration...
2025-06-27T00:40:01+08:00
Retrieving speedtest.net configuration...
Testing from FIl Products Service Television Inc (103.105.214.54)...
Retrieving speedtest.net server list...
Selecting best server based on ping...
Hosted by Parasat Cable TV, Inc. (Cagayan de Oro) [173.34 km]: 21.7 ms
Testing download speed................................................................................
Download: 183.17 Mbit/s
Testing upload speed......................................................................................................
Upload: 310.05 Mbit/s
2025-06-27T00:45:01+08:00
Retrieving speedtest.net configuration...
Testing from FIl Products Service Television Inc (103.105.214.54)...
Retrieving speedtest.net server list...
Selecting best server based on ping...
Hosted by Parasat Cable TV, Inc. (Cagayan de Oro) [173.34 km]: 13.194 ms
Testing download speed................................................................................
Download: 190.00 Mbit/s
Testing upload speed......................................................................................................
Upload: 244.93 Mbit/s
2025-06-27T00:50:01+08:00
Retrieving speedtest.net configuration...
Testing from FIl Products Service Television Inc (103.105.214.54)...
Retrieving speedtest.net server list...
Selecting best server based on ping...
Hosted by Parasat Cable TV, Inc. (Cagayan de Oro) [173.34 km]: 14.746 ms
Testing download speed................................................................................
Download: 180.54 Mbit/s
Testing upload speed......................................................................................................
Upload: 332.05 Mbit/s
2025-06-27T00:55:01+08:00
Retrieving speedtest.net configuration...
Testing from FIl Products Service Television Inc (103.105.214.54)...
Retrieving speedtest.net server list...
Selecting best server based on ping...
Hosted by Parasat Cable TV, Inc. (Cagayan de Oro) [173.34 km]: 11.885 ms
Testing download speed................................................................................
Download: 186.68 Mbit/s
Testing upload speed......................................................................................................
Upload: 329.47 Mbit/s
2025-06-27T01:00:01+08:00
Retrieving speedtest.net configuration...
Testing from FIl Products Service Television Inc (103.105.214.54)...
Retrieving speedtest.net server list...
Selecting best server based on ping...
