2025-07-18T00:00:01+08:00
Retrieving speedtest.net configuration...
Testing from FIl Products Service Television Inc (103.105.214.55)...
Retrieving speedtest.net server list...
Selecting best server based on ping...
2025-07-18T00:05:01+08:00
Retrieving speedtest.net configuration...
2025-07-18T00:10:01+08:00
Retrieving speedtest.net configuration...
Testing from FIl Products Service Television Inc (103.105.214.63)...
Retrieving speedtest.net server list...
Selecting best server based on ping...
Hosted by KMC Solutions (Makati City) [633.45 km]: 39.328 ms
Testing download speed................................................................................
Download: 128.48 Mbit/s
Testing upload speed......................................................................................................
Upload: 357.53 Mbit/s
2025-07-18T00:15:01+08:00
Retrieving speedtest.net configuration...
Testing from FIl Products Service Television Inc (103.105.214.55)...
Retrieving speedtest.net server list...
Selecting best server based on ping...
Hosted by Infinivan, Inc. (Makati City) [634.17 km]: 41.924 ms
Testing download speed................................................................................
Download: 117.22 Mbit/s
Testing upload speed......................................................................................................
Upload: 255.74 Mbit/s
2025-07-18T00:20:01+08:00
Retrieving speedtest.net configuration...
Testing from FIl Products Service Television Inc (103.105.214.63)...
Retrieving speedtest.net server list...
Selecting best server based on ping...
Hosted by Infinivan, Inc. (Makati City) [634.17 km]: 32.35 ms
Testing download speed................................................................................
Download: 113.24 Mbit/s
Testing upload speed......................................................................................................
Upload: 241.79 Mbit/s
2025-07-18T00:25:01+08:00
Retrieving speedtest.net configuration...
Testing from FIl Products Service Television Inc (103.105.214.63)...
Retrieving speedtest.net server list...
Selecting best server based on ping...
Hosted by Infinivan, Inc. (Makati City) [634.17 km]: 41.99 ms
Testing download speed................................................................................
Download: 133.78 Mbit/s
Testing upload speed......................................................................................................
Upload: 299.83 Mbit/s
2025-07-18T00:30:01+08:00
Retrieving speedtest.net configuration...
Testing from FIl Products Service Television Inc (103.105.214.55)...
Retrieving speedtest.net server list...
Selecting best server based on ping...
2025-07-18T00:35:01+08:00
Retrieving speedtest.net configuration...
Testing from FIl Products Service Television Inc (103.105.214.55)...
Retrieving speedtest.net server list...
Selecting best server based on ping...
Hosted by PLDT (Makati) [634.17 km]: 17.526 ms
Testing download speed................................................................................
Download: 130.27 Mbit/s
Testing upload speed......................................................................................................
Upload: 300.57 Mbit/s
2025-07-18T00:40:01+08:00
Retrieving speedtest.net configuration...
Testing from FIl Products Service Television Inc (103.105.214.63)...
Retrieving speedtest.net server list...
Selecting best server based on ping...
Hosted by PLDT (Makati) [634.17 km]: 20.267 ms
Testing download speed................................................................................
Download: 135.74 Mbit/s
Testing upload speed......................................................................................................
Upload: 264.90 Mbit/s
2025-07-18T00:45:01+08:00
Retrieving speedtest.net configuration...
Testing from FIl Products Service Television Inc (103.105.214.55)...
Retrieving speedtest.net server list...
Selecting best server based on ping...
Hosted by PLDT (Makati) [634.17 km]: 21.377 ms
Testing download speed................................................................................
Download: 152.63 Mbit/s
Testing upload speed......................................................................................................
Upload: 257.08 Mbit/s
2025-07-18T00:50:01+08:00
Retrieving speedtest.net configuration...
Testing from FIl Products Service Television Inc (103.105.214.63)...
Retrieving speedtest.net server list...
Selecting best server based on ping...
Hosted by PLDT (Makati) [634.17 km]: 20.489 ms
Testing download speed................................................................................
Download: 147.36 Mbit/s
Testing upload speed......................................................................................................
Upload: 306.15 Mbit/s
2025-07-18T00:55:01+08:00
Retrieving speedtest.net configuration...
Testing from FIl Products Service Television Inc (103.105.214.55)...
Retrieving speedtest.net server list...
Selecting best server based on ping...
Hosted by PLDT (Makati) [634.17 km]: 19.951 ms
Testing download speed................................................................................
Download: 173.09 Mbit/s
Testing upload speed......................................................................................................
Upload: 314.47 Mbit/s
2025-07-18T01:00:01+08:00
Retrieving speedtest.net configuration...
Testing from FIl Products Service Television Inc (103.105.214.55)...
Retrieving speedtest.net server list...
Selecting best server based on ping...
