2025-04-28T00:00:01+08:00
Retrieving speedtest.net configuration...
Testing from FIl Products Service Television Inc (103.105.214.51)...
Retrieving speedtest.net server list...
Selecting best server based on ping...
2025-04-28T00:05:01+08:00
Retrieving speedtest.net configuration...
2025-04-28T00:10:01+08:00
Retrieving speedtest.net configuration...
2025-04-28T00:15:01+08:00
Retrieving speedtest.net configuration...
2025-04-28T00:20:01+08:00
Retrieving speedtest.net configuration...
2025-04-28T00:25:01+08:00
Retrieving speedtest.net configuration...
2025-04-28T00:30:01+08:00
Retrieving speedtest.net configuration...
2025-04-28T00:35:01+08:00
Retrieving speedtest.net configuration...
2025-04-28T00:40:01+08:00
Retrieving speedtest.net configuration...
2025-04-28T00:45:01+08:00
Retrieving speedtest.net configuration...
2025-04-28T00:50:01+08:00
Retrieving speedtest.net configuration...
Testing from FIl Products Service Television Inc (103.105.214.61)...
Retrieving speedtest.net server list...
Selecting best server based on ping...
Hosted by Zafra Cable Television Network Inc. (Panglao) [57.64 km]: 11.909 ms
Testing download speed................................................................................
Download: 149.31 Mbit/s
Testing upload speed......................................................................................................
Upload: 430.93 Mbit/s
2025-04-28T00:55:01+08:00
Retrieving speedtest.net configuration...
Testing from FIl Products Service Television Inc (103.105.214.53)...
Retrieving speedtest.net server list...
Selecting best server based on ping...
Hosted by Zafra Cable Television Network Inc. (Panglao) [57.64 km]: 10.027 ms
Testing download speed................................................................................
Download: 180.62 Mbit/s
Testing upload speed......................................................................................................
Upload: 428.90 Mbit/s
2025-04-28T01:00:01+08:00
Retrieving speedtest.net configuration...
Testing from FIl Products Service Television Inc (103.105.214.61)...
Retrieving speedtest.net server list...
Selecting best server based on ping...
