2025-06-06T00:00:01+08:00
Retrieving speedtest.net configuration...
Testing from FIl Products Service Television Inc (103.105.214.58)...
Retrieving speedtest.net server list...
Selecting best server based on ping...
2025-06-06T00:05:01+08:00
Retrieving speedtest.net configuration...
2025-06-06T00:10:01+08:00
Retrieving speedtest.net configuration...
Testing from FIl Products Service Television Inc (103.105.214.58)...
Retrieving speedtest.net server list...
Selecting best server based on ping...
Hosted by KMC Solutions (Makati City) [633.45 km]: 45.146 ms
Testing download speed................................................................................
Download: 177.28 Mbit/s
Testing upload speed......................................................................................................
Upload: 216.60 Mbit/s
2025-06-06T00:15:01+08:00
Retrieving speedtest.net configuration...
Testing from FIl Products Service Television Inc (103.105.214.58)...
Retrieving speedtest.net server list...
Selecting best server based on ping...
Hosted by KMC Solutions (Makati City) [633.45 km]: 35.209 ms
Testing download speed................................................................................
Download: 185.42 Mbit/s
Testing upload speed......................................................................................................
Upload: 256.46 Mbit/s
2025-06-06T00:20:01+08:00
Retrieving speedtest.net configuration...
Testing from FIl Products Service Television Inc (103.105.214.58)...
Retrieving speedtest.net server list...
Selecting best server based on ping...
Hosted by KMC Solutions (Makati City) [633.45 km]: 31.429 ms
Testing download speed................................................................................
Download: 181.91 Mbit/s
Testing upload speed......................................................................................................
Upload: 80.75 Mbit/s
2025-06-06T00:25:01+08:00
Retrieving speedtest.net configuration...
Testing from FIl Products Service Television Inc (103.105.214.58)...
Retrieving speedtest.net server list...
Selecting best server based on ping...
Hosted by KMC Solutions (Makati City) [633.45 km]: 37.345 ms
Testing download speed................................................................................
Download: 187.44 Mbit/s
Testing upload speed......................................................................................................
Upload: 4.99 Mbit/s
2025-06-06T00:30:01+08:00
Retrieving speedtest.net configuration...
Testing from FIl Products Service Television Inc (103.105.214.58)...
Retrieving speedtest.net server list...
Selecting best server based on ping...
2025-06-06T00:35:01+08:00
Retrieving speedtest.net configuration...
2025-06-06T00:40:01+08:00
Retrieving speedtest.net configuration...
Testing from FIl Products Service Television Inc (103.105.214.58)...
Retrieving speedtest.net server list...
Selecting best server based on ping...
Hosted by KMC Solutions (Makati City) [633.45 km]: 40.775 ms
Testing download speed................................................................................
Download: 182.07 Mbit/s
Testing upload speed......................................................................................................
Upload: 278.26 Mbit/s
2025-06-06T00:45:01+08:00
Retrieving speedtest.net configuration...
Testing from FIl Products Service Television Inc (103.105.214.58)...
Retrieving speedtest.net server list...
Selecting best server based on ping...
Hosted by KMC Solutions (Makati City) [633.45 km]: 34.327 ms
Testing download speed................................................................................
Download: 187.61 Mbit/s
Testing upload speed......................................................................................................
Upload: 204.38 Mbit/s
2025-06-06T00:50:01+08:00
Retrieving speedtest.net configuration...
Testing from FIl Products Service Television Inc (103.105.214.58)...
Retrieving speedtest.net server list...
Selecting best server based on ping...
Hosted by Parasat Cable TV, Inc. (Cagayan de Oro) [173.34 km]: 18.916 ms
Testing download speed................................................................................
Download: 181.43 Mbit/s
Testing upload speed......................................................................................................
Upload: 252.79 Mbit/s
2025-06-06T00:55:01+08:00
Retrieving speedtest.net configuration...
Testing from FIl Products Service Television Inc (103.105.214.58)...
Retrieving speedtest.net server list...
Selecting best server based on ping...
Hosted by Parasat Cable TV, Inc. (Cagayan de Oro) [173.34 km]: 18.02 ms
Testing download speed................................................................................
Download: 184.51 Mbit/s
Testing upload speed......................................................................................................
Upload: 231.74 Mbit/s
2025-06-06T01:00:01+08:00
Retrieving speedtest.net configuration...
Testing from FIl Products Service Television Inc (103.105.214.58)...
Retrieving speedtest.net server list...
Selecting best server based on ping...
