2025-05-20T06:25:01-04:00
Retrieving speedtest.net configuration...
Testing from Bell Canada (142.188.145.144)...
Retrieving speedtest.net server list...
Selecting best server based on ping...
Hosted by Rogers Wireless (Gatineau, QC) [16.79 km]: 7.268 ms
Testing download speed................................................................................
Download: 428.36 Mbit/s
Testing upload speed......................................................................................................
Upload: 348.27 Mbit/s
2025-05-20T06:30:01-04:00
Retrieving speedtest.net configuration...
Testing from Bell Canada (142.188.145.144)...
Retrieving speedtest.net server list...
Selecting best server based on ping...
Hosted by Bell Canada (Kanata, ON) [10.76 km]: 6.622 ms
Testing download speed................................................................................
Download: 434.26 Mbit/s
Testing upload speed......................................................................................................
Upload: 362.71 Mbit/s
2025-05-20T06:35:01-04:00
Retrieving speedtest.net configuration...
Testing from Bell Canada (142.188.145.144)...
Retrieving speedtest.net server list...
Selecting best server based on ping...
Hosted by Bell Canada (Kanata, ON) [10.76 km]: 5.206 ms
Testing download speed................................................................................
Download: 436.17 Mbit/s
Testing upload speed......................................................................................................
Upload: 359.22 Mbit/s
2025-05-20T06:40:01-04:00
Retrieving speedtest.net configuration...
Testing from Bell Canada (142.188.145.144)...
Retrieving speedtest.net server list...
Selecting best server based on ping...
Hosted by Bell Canada (Kanata, ON) [10.76 km]: 5.145 ms
Testing download speed................................................................................
Download: 433.56 Mbit/s
Testing upload speed......................................................................................................
Upload: 343.94 Mbit/s
2025-05-20T06:45:01-04:00
Retrieving speedtest.net configuration...
Testing from Bell Canada (142.188.145.144)...
Retrieving speedtest.net server list...
Selecting best server based on ping...
Hosted by Bell Canada (Kanata, ON) [10.76 km]: 5.381 ms
Testing download speed................................................................................
Download: 404.20 Mbit/s
Testing upload speed......................................................................................................
Upload: 361.30 Mbit/s
2025-05-20T06:50:01-04:00
Retrieving speedtest.net configuration...
Testing from Bell Canada (142.188.145.144)...
Retrieving speedtest.net server list...
Selecting best server based on ping...
Hosted by Bell Canada (Kanata, ON) [10.76 km]: 4.858 ms
Testing download speed................................................................................
Download: 443.48 Mbit/s
Testing upload speed......................................................................................................
Upload: 382.20 Mbit/s
2025-05-20T06:55:01-04:00
Retrieving speedtest.net configuration...
Testing from Bell Canada (142.188.145.144)...
Retrieving speedtest.net server list...
Selecting best server based on ping...
Hosted by Bell Canada (Kanata, ON) [10.76 km]: 3.977 ms
Testing download speed................................................................................
Download: 419.04 Mbit/s
Testing upload speed......................................................................................................
Upload: 378.24 Mbit/s
2025-05-20T07:00:01-04:00
Retrieving speedtest.net configuration...
Testing from Bell Canada (142.188.145.144)...
Retrieving speedtest.net server list...
Selecting best server based on ping...
