2025-08-14T00:00:01+08:00
Retrieving speedtest.net configuration...
Testing from FIl Products Service Television Inc (103.105.214.52)...
Retrieving speedtest.net server list...
Selecting best server based on ping...
2025-08-14T00:05:01+08:00
Retrieving speedtest.net configuration...
2025-08-14T00:10:01+08:00
Retrieving speedtest.net configuration...
Testing from FIl Products Service Television Inc (103.105.214.52)...
Retrieving speedtest.net server list...
Selecting best server based on ping...
Hosted by RISE.ph (Makati) [633.45 km]: 23.162 ms
Testing download speed................................................................................
Download: 128.08 Mbit/s
Testing upload speed......................................................................................................
Upload: 290.21 Mbit/s
2025-08-14T00:15:01+08:00
Retrieving speedtest.net configuration...
Testing from FIl Products Service Television Inc (103.105.214.52)...
Retrieving speedtest.net server list...
Selecting best server based on ping...
Hosted by Globe Telecom (Makati) [633.45 km]: 24.825 ms
Testing download speed................................................................................
Download: 105.59 Mbit/s
Testing upload speed......................................................................................................
Upload: 272.19 Mbit/s
2025-08-14T00:20:01+08:00
Retrieving speedtest.net configuration...
Testing from FIl Products Service Television Inc (103.105.214.50)...
Retrieving speedtest.net server list...
Selecting best server based on ping...
Hosted by RISE.ph (Makati) [633.45 km]: 24.94 ms
Testing download speed................................................................................
Download: 124.83 Mbit/s
Testing upload speed......................................................................................................
Upload: 249.09 Mbit/s
2025-08-14T00:25:01+08:00
Retrieving speedtest.net configuration...
Testing from FIl Products Service Television Inc (103.105.214.52)...
Retrieving speedtest.net server list...
Selecting best server based on ping...
Hosted by RISE.ph (Makati) [633.45 km]: 25.07 ms
Testing download speed................................................................................
Download: 134.00 Mbit/s
Testing upload speed......................................................................................................
Upload: 291.02 Mbit/s
2025-08-14T00:30:01+08:00
Retrieving speedtest.net configuration...
Testing from FIl Products Service Television Inc (103.105.214.50)...
Retrieving speedtest.net server list...
Selecting best server based on ping...
2025-08-14T00:35:01+08:00
Retrieving speedtest.net configuration...
Testing from FIl Products Service Television Inc (103.105.214.50)...
Retrieving speedtest.net server list...
Selecting best server based on ping...
Hosted by RISE.ph (Makati) [633.45 km]: 24.374 ms
Testing download speed................................................................................
Download: 141.84 Mbit/s
Testing upload speed......................................................................................................
Upload: 331.22 Mbit/s
2025-08-14T00:40:01+08:00
Retrieving speedtest.net configuration...
Testing from FIl Products Service Television Inc (103.105.214.52)...
Retrieving speedtest.net server list...
Selecting best server based on ping...
Hosted by RISE.ph (Makati) [633.45 km]: 25.461 ms
Testing download speed................................................................................
Download: 135.32 Mbit/s
Testing upload speed......................................................................................................
Upload: 329.90 Mbit/s
2025-08-14T00:45:01+08:00
Retrieving speedtest.net configuration...
Testing from FIl Products Service Television Inc (103.105.214.52)...
Retrieving speedtest.net server list...
Selecting best server based on ping...
Hosted by RISE.ph (Makati) [633.45 km]: 23.85 ms
Testing download speed................................................................................
Download: 123.78 Mbit/s
Testing upload speed......................................................................................................
Upload: 307.59 Mbit/s
2025-08-14T00:50:01+08:00
Retrieving speedtest.net configuration...
Testing from FIl Products Service Television Inc (103.105.214.50)...
Retrieving speedtest.net server list...
Selecting best server based on ping...
Hosted by RISE.ph (Makati) [633.45 km]: 23.242 ms
Testing download speed................................................................................
Download: 112.80 Mbit/s
Testing upload speed......................................................................................................
Upload: 320.61 Mbit/s
2025-08-14T00:55:01+08:00
Retrieving speedtest.net configuration...
Testing from FIl Products Service Television Inc (103.105.214.52)...
Retrieving speedtest.net server list...
Selecting best server based on ping...
Hosted by RISE.ph (Makati) [633.45 km]: 25.96 ms
Testing download speed................................................................................
Download: 145.39 Mbit/s
Testing upload speed......................................................................................................
Upload: 276.15 Mbit/s
2025-08-14T01:00:01+08:00
Retrieving speedtest.net configuration...
Testing from FIl Products Service Television Inc (103.105.214.52)...
Retrieving speedtest.net server list...
Selecting best server based on ping...
2025-08-14T01:05:01+08:00
Retrieving speedtest.net configuration...
2025-08-14T01:10:01+08:00
Retrieving speedtest.net configuration...
Testing from FIl Products Service Television Inc (103.105.214.50)...
Retrieving speedtest.net server list...
Selecting best server based on ping...
Hosted by RISE.ph (Makati) [633.45 km]: 25.809 ms
Testing download speed................................................................................
Download: 112.81 Mbit/s
Testing upload speed......................................................................................................
Upload: 307.60 Mbit/s
2025-08-14T01:15:01+08:00
Retrieving speedtest.net configuration...
Testing from FIl Products Service Television Inc (103.105.214.52)...
Retrieving speedtest.net server list...
Selecting best server based on ping...
Hosted by Globe Telecom (Makati) [633.45 km]: 31.023 ms
Testing download speed................................................................................
Download: 108.92 Mbit/s
Testing upload speed......................................................................................................
Upload: 280.97 Mbit/s
2025-08-14T01:20:01+08:00
Retrieving speedtest.net configuration...
Testing from FIl Products Service Television Inc (103.105.214.50)...
Retrieving speedtest.net server list...
Selecting best server based on ping...
Hosted by RISE.ph (Makati) [633.45 km]: 23.965 ms
Testing download speed................................................................................
Download: 125.49 Mbit/s
Testing upload speed......................................................................................................
Upload: 360.55 Mbit/s
2025-08-14T01:25:01+08:00
Retrieving speedtest.net configuration...
Testing from FIl Products Service Television Inc (103.105.214.50)...
Retrieving speedtest.net server list...
Selecting best server based on ping...
Hosted by RISE.ph (Makati) [633.45 km]: 23.238 ms
Testing download speed................................................................................
Download: 164.01 Mbit/s
Testing upload speed......................................................................................................
Upload: 282.08 Mbit/s
2025-08-14T01:30:01+08:00
Retrieving speedtest.net configuration...
Testing from FIl Products Service Television Inc (103.105.214.52)...
Retrieving speedtest.net server list...
Selecting best server based on ping...
2025-08-14T01:35:01+08:00
Retrieving speedtest.net configuration...
Testing from FIl Products Service Television Inc (103.105.214.52)...
Retrieving speedtest.net server list...
Selecting best server based on ping...
Hosted by RISE.ph (Makati) [633.45 km]: 27.799 ms
Testing download speed................................................................................
Download: 155.32 Mbit/s
Testing upload speed......................................................................................................
Upload: 254.31 Mbit/s
2025-08-14T01:40:01+08:00
Retrieving speedtest.net configuration...
Testing from FIl Products Service Television Inc (103.105.214.50)...
Retrieving speedtest.net server list...
Selecting best server based on ping...
Hosted by RISE.ph (Makati) [633.45 km]: 24.894 ms
Testing download speed................................................................................
Download: 139.50 Mbit/s
Testing upload speed......................................................................................................
Upload: 273.22 Mbit/s
2025-08-14T01:45:01+08:00
Retrieving speedtest.net configuration...
Testing from FIl Products Service Television Inc (103.105.214.52)...
Retrieving speedtest.net server list...
Selecting best server based on ping...
Hosted by RISE.ph (Makati) [633.45 km]: 24.847 ms
Testing download speed................................................................................
Download: 151.68 Mbit/s
Testing upload speed......................................................................................................
Upload: 282.34 Mbit/s
2025-08-14T01:50:01+08:00
Retrieving speedtest.net configuration...
Testing from FIl Products Service Television Inc (103.105.214.52)...
Retrieving speedtest.net server list...
Selecting best server based on ping...
Hosted by RISE.ph (Makati) [633.45 km]: 25.461 ms
Testing download speed................................................................................
Download: 148.24 Mbit/s
Testing upload speed......................................................................................................
Upload: 267.90 Mbit/s
2025-08-14T01:55:01+08:00
Retrieving speedtest.net configuration...
Testing from FIl Products Service Television Inc (103.105.214.52)...
Retrieving speedtest.net server list...
Selecting best server based on ping...
Hosted by RISE.ph (Makati) [633.45 km]: 24.43 ms
Testing download speed................................................................................
Download: 147.83 Mbit/s
Testing upload speed......................................................................................................
Upload: 307.59 Mbit/s
2025-08-14T02:00:01+08:00
Retrieving speedtest.net configuration...
Testing from FIl Products Service Television Inc (103.105.214.50)...
Retrieving speedtest.net server list...
Selecting best server based on ping...
2025-08-14T02:05:01+08:00
Retrieving speedtest.net configuration...
2025-08-14T02:10:01+08:00
Retrieving speedtest.net configuration...
Testing from FIl Products Service Television Inc (103.105.214.50)...
Retrieving speedtest.net server list...
Selecting best server based on ping...
Hosted by RISE.ph (Makati) [633.45 km]: 23.085 ms
Testing download speed................................................................................
Download: 122.24 Mbit/s
Testing upload speed......................................................................................................
Upload: 298.49 Mbit/s
2025-08-14T02:15:01+08:00
Retrieving speedtest.net configuration...
Testing from FIl Products Service Television Inc (103.105.214.50)...
Retrieving speedtest.net server list...
Selecting best server based on ping...
Hosted by RISE.ph (Makati) [633.45 km]: 23.458 ms
Testing download speed................................................................................
Download: 118.99 Mbit/s
Testing upload speed......................................................................................................
Upload: 313.08 Mbit/s
2025-08-14T02:20:01+08:00
Retrieving speedtest.net configuration...
Testing from FIl Products Service Television Inc (103.105.214.50)...
Retrieving speedtest.net server list...
Selecting best server based on ping...
Hosted by RISE.ph (Makati) [633.45 km]: 25.848 ms
Testing download speed................................................................................
Download: 135.04 Mbit/s
Testing upload speed......................................................................................................
Upload: 273.66 Mbit/s
2025-08-14T02:25:01+08:00
Retrieving speedtest.net configuration...
Testing from FIl Products Service Television Inc (103.105.214.50)...
Retrieving speedtest.net server list...
Selecting best server based on ping...
Hosted by RISE.ph (Makati) [633.45 km]: 23.31 ms
Testing download speed................................................................................
Download: 88.15 Mbit/s
Testing upload speed......................................................................................................
Upload: 346.34 Mbit/s
2025-08-14T02:30:01+08:00
Retrieving speedtest.net configuration...
Testing from FIl Products Service Television Inc (103.105.214.52)...
Retrieving speedtest.net server list...
Selecting best server based on ping...
2025-08-14T02:35:01+08:00
Retrieving speedtest.net configuration...
Testing from FIl Products Service Television Inc (103.105.214.52)...
Retrieving speedtest.net server list...
Selecting best server based on ping...
Hosted by RISE.ph (Makati) [633.45 km]: 28.041 ms
Testing download speed................................................................................
Download: 151.84 Mbit/s
Testing upload speed......................................................................................................
Upload: 309.79 Mbit/s
2025-08-14T02:40:01+08:00
Retrieving speedtest.net configuration...
Testing from FIl Products Service Television Inc (103.105.214.50)...
Retrieving speedtest.net server list...
Selecting best server based on ping...
Hosted by PT&T (Makati City) [634.17 km]: 21.725 ms
Testing download speed................................................................................
Download: 109.54 Mbit/s
Testing upload speed......................................................................................................
Upload: 318.83 Mbit/s
2025-08-14T02:45:01+08:00
Retrieving speedtest.net configuration...
Testing from FIl Products Service Television Inc (103.105.214.52)...
Retrieving speedtest.net server list...
Selecting best server based on ping...
Hosted by PT&T (Makati City) [634.17 km]: 24.111 ms
Testing download speed................................................................................
Download: 148.55 Mbit/s
Testing upload speed......................................................................................................
Upload: 325.64 Mbit/s
2025-08-14T02:50:01+08:00
Retrieving speedtest.net configuration...
Testing from FIl Products Service Television Inc (103.105.214.52)...
Retrieving speedtest.net server list...
Selecting best server based on ping...
Hosted by PT&T (Makati City) [634.17 km]: 24.969 ms
Testing download speed................................................................................
Download: 108.57 Mbit/s
Testing upload speed......................................................................................................
Upload: 332.36 Mbit/s
2025-08-14T02:55:01+08:00
Retrieving speedtest.net configuration...
Testing from FIl Products Service Television Inc (103.105.214.50)...
Retrieving speedtest.net server list...
Selecting best server based on ping...
Hosted by PT&T (Makati City) [634.17 km]: 25.169 ms
Testing download speed................................................................................
Download: 124.00 Mbit/s
Testing upload speed......................................................................................................
Upload: 166.02 Mbit/s
2025-08-14T03:00:01+08:00
Retrieving speedtest.net configuration...
Testing from FIl Products Service Television Inc (103.105.214.50)...
Retrieving speedtest.net server list...
Selecting best server based on ping...
