2025-09-20T00:00:01+08:00
Retrieving speedtest.net configuration...
Testing from FIl Products Service Television Inc (103.105.214.57)...
Retrieving speedtest.net server list...
Selecting best server based on ping...
2025-09-20T00:05:01+08:00
Retrieving speedtest.net configuration...
2025-09-20T00:10:01+08:00
Retrieving speedtest.net configuration...
Testing from FIl Products Service Television Inc (103.105.214.62)...
Retrieving speedtest.net server list...
Selecting best server based on ping...
Hosted by PLDT (Cebu City) [126.16 km]: 37.371 ms
Testing download speed................................................................................
Download: 89.21 Mbit/s
Testing upload speed......................................................................................................
Upload: 72.24 Mbit/s
2025-09-20T00:15:01+08:00
Retrieving speedtest.net configuration...
Testing from FIl Products Service Television Inc (103.105.214.57)...
Retrieving speedtest.net server list...
Selecting best server based on ping...
Hosted by PLDT (Cebu City) [126.16 km]: 39.085 ms
Testing download speed................................................................................
Download: 87.40 Mbit/s
Testing upload speed......................................................................................................
Upload: 69.72 Mbit/s
2025-09-20T00:20:01+08:00
Retrieving speedtest.net configuration...
Testing from FIl Products Service Television Inc (103.105.214.62)...
Retrieving speedtest.net server list...
Selecting best server based on ping...
Hosted by PLDT (Cebu City) [126.16 km]: 39.468 ms
Testing download speed................................................................................
Download: 88.93 Mbit/s
Testing upload speed......................................................................................................
Upload: 75.51 Mbit/s
2025-09-20T00:25:02+08:00
Retrieving speedtest.net configuration...
Testing from FIl Products Service Television Inc (103.105.214.62)...
Retrieving speedtest.net server list...
Selecting best server based on ping...
Hosted by PLDT (Cebu City) [126.16 km]: 39.277 ms
Testing download speed................................................................................
Download: 86.98 Mbit/s
Testing upload speed......................................................................................................
Upload: 69.53 Mbit/s
2025-09-20T00:30:01+08:00
Retrieving speedtest.net configuration...
Testing from FIl Products Service Television Inc (103.105.214.57)...
Retrieving speedtest.net server list...
Selecting best server based on ping...
2025-09-20T00:35:01+08:00
Retrieving speedtest.net configuration...
Testing from FIl Products Service Television Inc (103.105.214.57)...
Retrieving speedtest.net server list...
Selecting best server based on ping...
Hosted by PLDT (Cebu City) [126.16 km]: 39.642 ms
Testing download speed................................................................................
Download: 83.76 Mbit/s
Testing upload speed......................................................................................................
Upload: 71.13 Mbit/s
2025-09-20T00:40:01+08:00
Retrieving speedtest.net configuration...
Testing from FIl Products Service Television Inc (103.105.214.57)...
Retrieving speedtest.net server list...
Selecting best server based on ping...
Hosted by PLDT (Cebu City) [126.16 km]: 37.375 ms
Testing download speed................................................................................
Download: 85.89 Mbit/s
Testing upload speed......................................................................................................
Upload: 64.73 Mbit/s
2025-09-20T00:45:01+08:00
Retrieving speedtest.net configuration...
Testing from FIl Products Service Television Inc (103.105.214.57)...
Retrieving speedtest.net server list...
Selecting best server based on ping...
Hosted by PLDT (Cebu City) [126.16 km]: 43.121 ms
Testing download speed................................................................................
Download: 88.59 Mbit/s
Testing upload speed......................................................................................................
Upload: 63.85 Mbit/s
2025-09-20T00:50:01+08:00
Retrieving speedtest.net configuration...
Testing from FIl Products Service Television Inc (103.105.214.62)...
Retrieving speedtest.net server list...
Selecting best server based on ping...
Hosted by PLDT (Cebu City) [126.16 km]: 41.636 ms
Testing download speed................................................................................
Download: 81.90 Mbit/s
Testing upload speed......................................................................................................
Upload: 59.13 Mbit/s
2025-09-20T00:55:01+08:00
Retrieving speedtest.net configuration...
Testing from FIl Products Service Television Inc (103.105.214.57)...
Retrieving speedtest.net server list...
Selecting best server based on ping...
Hosted by PLDT (Cebu City) [126.16 km]: 39.491 ms
Testing download speed................................................................................
Download: 86.62 Mbit/s
Testing upload speed......................................................................................................
Upload: 64.60 Mbit/s
2025-09-20T01:00:01+08:00
Retrieving speedtest.net configuration...
Testing from FIl Products Service Television Inc (103.105.214.57)...
Retrieving speedtest.net server list...
Selecting best server based on ping...
