2025-08-25T00:00:01+08:00
Retrieving speedtest.net configuration...
Testing from FIl Products Service Television Inc (103.105.214.48)...
Retrieving speedtest.net server list...
Selecting best server based on ping...
2025-08-25T00:05:01+08:00
Retrieving speedtest.net configuration...
2025-08-25T00:10:01+08:00
Retrieving speedtest.net configuration...
Testing from FIl Products Service Television Inc (103.105.214.48)...
Retrieving speedtest.net server list...
Selecting best server based on ping...
Hosted by Zafra Cable Television Network Inc. (Panglao) [57.64 km]: 30.97 ms
Testing download speed................................................................................
Download: 91.20 Mbit/s
Testing upload speed......................................................................................................
Upload: 86.79 Mbit/s
2025-08-25T00:15:01+08:00
Retrieving speedtest.net configuration...
Testing from FIl Products Service Television Inc (103.105.214.48)...
Retrieving speedtest.net server list...
Selecting best server based on ping...
Hosted by PLDT (Manila) [637.79 km]: 41.079 ms
Testing download speed................................................................................
Download: 84.26 Mbit/s
Testing upload speed......................................................................................................
Upload: 72.51 Mbit/s
2025-08-25T00:20:01+08:00
Retrieving speedtest.net configuration...
Testing from FIl Products Service Television Inc (103.105.214.63)...
Retrieving speedtest.net server list...
Selecting best server based on ping...
Hosted by PLDT (Manila) [637.79 km]: 40.378 ms
Testing download speed................................................................................
Download: 88.45 Mbit/s
Testing upload speed......................................................................................................
Upload: 62.36 Mbit/s
2025-08-25T00:25:01+08:00
Retrieving speedtest.net configuration...
Testing from FIl Products Service Television Inc (103.105.214.48)...
Retrieving speedtest.net server list...
Selecting best server based on ping...
Hosted by Infinivan, Inc. (Makati City) [634.17 km]: 32.77 ms
Testing download speed................................................................................
Download: 92.56 Mbit/s
Testing upload speed......................................................................................................
Upload: 90.51 Mbit/s
2025-08-25T00:30:01+08:00
Retrieving speedtest.net configuration...
Testing from FIl Products Service Television Inc (103.105.214.48)...
Retrieving speedtest.net server list...
Selecting best server based on ping...
2025-08-25T00:35:01+08:00
Retrieving speedtest.net configuration...
Testing from FIl Products Service Television Inc (103.105.214.63)...
Retrieving speedtest.net server list...
Selecting best server based on ping...
Hosted by Infinivan, Inc. (Makati City) [634.17 km]: 29.245 ms
Testing download speed................................................................................
Download: 91.90 Mbit/s
Testing upload speed......................................................................................................
Upload: 90.09 Mbit/s
2025-08-25T00:40:01+08:00
Retrieving speedtest.net configuration...
Testing from FIl Products Service Television Inc (103.105.214.63)...
Retrieving speedtest.net server list...
Selecting best server based on ping...
Hosted by Infinivan, Inc. (Makati City) [634.17 km]: 31.449 ms
Testing download speed................................................................................
Download: 92.41 Mbit/s
Testing upload speed......................................................................................................
Upload: 90.81 Mbit/s
2025-08-25T00:45:01+08:00
Retrieving speedtest.net configuration...
Testing from FIl Products Service Television Inc (103.105.214.63)...
Retrieving speedtest.net server list...
Selecting best server based on ping...
Hosted by Infinivan, Inc. (Makati City) [634.17 km]: 25.249 ms
Testing download speed................................................................................
Download: 93.11 Mbit/s
Testing upload speed......................................................................................................
Upload: 86.49 Mbit/s
2025-08-25T00:50:01+08:00
Retrieving speedtest.net configuration...
Testing from FIl Products Service Television Inc (103.105.214.63)...
Retrieving speedtest.net server list...
Selecting best server based on ping...
Hosted by Infinivan, Inc. (Makati City) [634.17 km]: 25.738 ms
Testing download speed................................................................................
Download: 93.23 Mbit/s
Testing upload speed......................................................................................................
Upload: 90.38 Mbit/s
2025-08-25T00:55:01+08:00
Retrieving speedtest.net configuration...
Testing from FIl Products Service Television Inc (103.105.214.48)...
Retrieving speedtest.net server list...
Selecting best server based on ping...
Hosted by Infinivan, Inc. (Makati City) [634.17 km]: 29.103 ms
Testing download speed................................................................................
Download: 84.11 Mbit/s
Testing upload speed......................................................................................................
Upload: 88.88 Mbit/s
2025-08-25T01:00:01+08:00
Retrieving speedtest.net configuration...
Testing from FIl Products Service Television Inc (103.105.214.63)...
Retrieving speedtest.net server list...
Selecting best server based on ping...
