2025-07-30T00:00:01+08:00
Retrieving speedtest.net configuration...
Testing from FIl Products Service Television Inc (103.105.214.56)...
Retrieving speedtest.net server list...
Selecting best server based on ping...
2025-07-30T00:05:01+08:00
Retrieving speedtest.net configuration...
2025-07-30T00:10:01+08:00
Retrieving speedtest.net configuration...
Testing from FIl Products Service Television Inc (103.105.214.61)...
Retrieving speedtest.net server list...
Selecting best server based on ping...
Hosted by Switch Fiber (Makati City) [634.17 km]: 25.554 ms
Testing download speed................................................................................
Download: 150.03 Mbit/s
Testing upload speed......................................................................................................
Upload: 177.61 Mbit/s
2025-07-30T00:15:01+08:00
Retrieving speedtest.net configuration...
Testing from FIl Products Service Television Inc (103.105.214.56)...
Retrieving speedtest.net server list...
Selecting best server based on ping...
Hosted by Switch Fiber (Makati City) [634.17 km]: 27.95 ms
Testing download speed................................................................................
Download: 163.24 Mbit/s
Testing upload speed......................................................................................................
Upload: 335.02 Mbit/s
2025-07-30T00:20:01+08:00
Retrieving speedtest.net configuration...
Testing from FIl Products Service Television Inc (103.105.214.56)...
Retrieving speedtest.net server list...
Selecting best server based on ping...
Hosted by Switch Fiber (Makati City) [634.17 km]: 16.891 ms
Testing download speed................................................................................
Download: 122.82 Mbit/s
Testing upload speed......................................................................................................
Upload: 347.95 Mbit/s
2025-07-30T00:25:01+08:00
Retrieving speedtest.net configuration...
Testing from FIl Products Service Television Inc (103.105.214.61)...
Retrieving speedtest.net server list...
Selecting best server based on ping...
Hosted by Switch Fiber (Makati City) [634.17 km]: 17.667 ms
Testing download speed................................................................................
Download: 123.72 Mbit/s
Testing upload speed......................................................................................................
Upload: 328.45 Mbit/s
2025-07-30T00:30:01+08:00
Retrieving speedtest.net configuration...
Testing from FIl Products Service Television Inc (103.105.214.56)...
Retrieving speedtest.net server list...
Selecting best server based on ping...
2025-07-30T00:35:01+08:00
Retrieving speedtest.net configuration...
Testing from FIl Products Service Television Inc (103.105.214.56)...
Retrieving speedtest.net server list...
Selecting best server based on ping...
Hosted by Switch Fiber (Makati City) [634.17 km]: 24.983 ms
Testing download speed................................................................................
Download: 158.31 Mbit/s
Testing upload speed......................................................................................................
Upload: 267.01 Mbit/s
2025-07-30T00:40:01+08:00
Retrieving speedtest.net configuration...
Testing from FIl Products Service Television Inc (103.105.214.56)...
Retrieving speedtest.net server list...
Selecting best server based on ping...
Hosted by Switch Fiber (Makati City) [634.17 km]: 19.739 ms
Testing download speed................................................................................
Download: 167.72 Mbit/s
Testing upload speed......................................................................................................
Upload: 360.76 Mbit/s
2025-07-30T00:45:01+08:00
Retrieving speedtest.net configuration...
Testing from FIl Products Service Television Inc (103.105.214.61)...
Retrieving speedtest.net server list...
Selecting best server based on ping...
Hosted by Switch Fiber (Makati City) [634.17 km]: 24.992 ms
Testing download speed................................................................................
Download: 187.36 Mbit/s
Testing upload speed......................................................................................................
Upload: 323.82 Mbit/s
2025-07-30T00:50:01+08:00
Retrieving speedtest.net configuration...
Testing from FIl Products Service Television Inc (103.105.214.61)...
Retrieving speedtest.net server list...
Selecting best server based on ping...
Hosted by Switch Fiber (Makati City) [634.17 km]: 17.391 ms
Testing download speed................................................................................
Download: 204.08 Mbit/s
Testing upload speed......................................................................................................
Upload: 279.89 Mbit/s
2025-07-30T00:55:01+08:00
Retrieving speedtest.net configuration...
Testing from FIl Products Service Television Inc (103.105.214.56)...
Retrieving speedtest.net server list...
Selecting best server based on ping...
Hosted by Switch Fiber (Makati City) [634.17 km]: 19.938 ms
Testing download speed................................................................................
Download: 192.09 Mbit/s
Testing upload speed......................................................................................................
Upload: 386.33 Mbit/s
2025-07-30T01:00:01+08:00
Retrieving speedtest.net configuration...
Testing from FIl Products Service Television Inc (103.105.214.61)...
Retrieving speedtest.net server list...
Selecting best server based on ping...
2025-07-30T01:05:01+08:00
Retrieving speedtest.net configuration...
2025-07-30T01:10:01+08:00
Retrieving speedtest.net configuration...
Testing from FIl Products Service Television Inc (103.105.214.61)...
Retrieving speedtest.net server list...
Selecting best server based on ping...
Hosted by Switch Fiber (Makati City) [634.17 km]: 24.357 ms
Testing download speed................................................................................
Download: 124.55 Mbit/s
Testing upload speed......................................................................................................
Upload: 360.38 Mbit/s
2025-07-30T01:15:01+08:00
Retrieving speedtest.net configuration...
Testing from FIl Products Service Television Inc (103.105.214.61)...
Retrieving speedtest.net server list...
Selecting best server based on ping...
Hosted by Switch Fiber (Makati City) [634.17 km]: 25.019 ms
Testing download speed................................................................................
Download: 150.84 Mbit/s
Testing upload speed......................................................................................................
Upload: 305.47 Mbit/s
2025-07-30T01:20:01+08:00
Retrieving speedtest.net configuration...
Testing from FIl Products Service Television Inc (103.105.214.61)...
Retrieving speedtest.net server list...
Selecting best server based on ping...
Hosted by Switch Fiber (Makati City) [634.17 km]: 22.314 ms
Testing download speed................................................................................
Download: 157.21 Mbit/s
Testing upload speed......................................................................................................
Upload: 389.01 Mbit/s
2025-07-30T01:25:01+08:00
Retrieving speedtest.net configuration...
Testing from FIl Products Service Television Inc (103.105.214.61)...
Retrieving speedtest.net server list...
Selecting best server based on ping...
Hosted by Globe Telecom (Pasig City) [633.83 km]: 30.152 ms
Testing download speed................................................................................
Download: 203.47 Mbit/s
Testing upload speed......................................................................................................
Upload: 359.33 Mbit/s
2025-07-30T01:30:01+08:00
Retrieving speedtest.net configuration...
Testing from FIl Products Service Television Inc (103.105.214.61)...
Retrieving speedtest.net server list...
Selecting best server based on ping...
2025-07-30T01:35:01+08:00
Retrieving speedtest.net configuration...
Testing from FIl Products Service Television Inc (103.105.214.56)...
Retrieving speedtest.net server list...
Selecting best server based on ping...
Hosted by Switch Fiber (Makati City) [634.17 km]: 25.071 ms
Testing download speed................................................................................
Download: 155.56 Mbit/s
Testing upload speed......................................................................................................
Upload: 349.07 Mbit/s
2025-07-30T01:40:01+08:00
Retrieving speedtest.net configuration...
Testing from FIl Products Service Television Inc (103.105.214.56)...
Retrieving speedtest.net server list...
Selecting best server based on ping...
Hosted by Switch Fiber (Makati City) [634.17 km]: 25.144 ms
Testing download speed................................................................................
Download: 154.67 Mbit/s
Testing upload speed......................................................................................................
Upload: 357.02 Mbit/s
2025-07-30T01:45:01+08:00
Retrieving speedtest.net configuration...
Testing from FIl Products Service Television Inc (103.105.214.56)...
Retrieving speedtest.net server list...
Selecting best server based on ping...
Hosted by Switch Fiber (Makati City) [634.17 km]: 17.482 ms
Testing download speed................................................................................
Download: 138.20 Mbit/s
Testing upload speed......................................................................................................
Upload: 244.04 Mbit/s
2025-07-30T01:50:01+08:00
Retrieving speedtest.net configuration...
Testing from FIl Products Service Television Inc (103.105.214.61)...
Retrieving speedtest.net server list...
Selecting best server based on ping...
Hosted by Switch Fiber (Makati City) [634.17 km]: 27.399 ms
Testing download speed................................................................................
Download: 155.65 Mbit/s
Testing upload speed......................................................................................................
Upload: 197.11 Mbit/s
2025-07-30T01:55:01+08:00
Retrieving speedtest.net configuration...
Testing from FIl Products Service Television Inc (103.105.214.61)...
Retrieving speedtest.net server list...
Selecting best server based on ping...
Hosted by Switch Fiber (Makati City) [634.17 km]: 16.906 ms
Testing download speed................................................................................
Download: 166.91 Mbit/s
Testing upload speed......................................................................................................
Upload: 245.92 Mbit/s
2025-07-30T02:00:01+08:00
Retrieving speedtest.net configuration...
Testing from FIl Products Service Television Inc (103.105.214.61)...
Retrieving speedtest.net server list...
Selecting best server based on ping...
