2025-05-19T07:40:01-04:00
Retrieving speedtest.net configuration...
Testing from Bell Canada (142.188.145.144)...
Retrieving speedtest.net server list...
Selecting best server based on ping...
Hosted by TELUS Mobility (Montréal, QC) [161.74 km]: 9.675 ms
Testing download speed................................................................................
Download: 365.83 Mbit/s
Testing upload speed......................................................................................................
Upload: 245.12 Mbit/s
2025-05-19T07:45:01-04:00
Retrieving speedtest.net configuration...
Testing from Bell Canada (142.188.145.144)...
Retrieving speedtest.net server list...
Selecting best server based on ping...
Hosted by Bell Canada (Westmount, QC) [159.37 km]: 6.704 ms
Testing download speed................................................................................
Download: 397.23 Mbit/s
Testing upload speed............................................................................................2025-05-19T15:05:01-04:00
Retrieving speedtest.net configuration...
2025-05-19T15:10:01-04:00
Retrieving speedtest.net configuration...
Testing from Bell Canada (142.188.145.144)...
Retrieving speedtest.net server list...
Selecting best server based on ping...
Hosted by Bell Canada (Kanata, ON) [10.76 km]: 7.048 ms
Testing download speed................................................................................
Download: 434.06 Mbit/s
Testing upload speed......................................................................................................
Upload: 313.01 Mbit/s
2025-05-19T15:15:01-04:00
Retrieving speedtest.net configuration...
Testing from Bell Canada (142.188.145.144)...
Retrieving speedtest.net server list...
Selecting best server based on ping...
Hosted by Bell Canada (Kanata, ON) [10.76 km]: 5.077 ms
Testing download speed................................................................................
Download: 393.47 Mbit/s
Testing upload speed......................................................................................................
Upload: 302.46 Mbit/s
2025-05-19T15:20:01-04:00
Retrieving speedtest.net configuration...
Testing from Bell Canada (142.188.145.144)...
Retrieving speedtest.net server list...
Selecting best server based on ping...
Hosted by Bell Canada (Kanata, ON) [10.76 km]: 4.543 ms
Testing download speed................................................................................
Download: 414.14 Mbit/s
Testing upload speed......................................................................................................
Upload: 316.10 Mbit/s
2025-05-19T15:25:01-04:00
Retrieving speedtest.net configuration...
Testing from Bell Canada (142.188.145.144)...
Retrieving speedtest.net server list...
Selecting best server based on ping...
Hosted by Bell Canada (Kanata, ON) [10.76 km]: 4.727 ms
Testing download speed................................................................................
Download: 436.89 Mbit/s
Testing upload speed......................................................................................................
Upload: 325.47 Mbit/s
2025-05-19T15:30:01-04:00
Retrieving speedtest.net configuration...
Testing from Bell Canada (142.188.145.144)...
Retrieving speedtest.net server list...
Selecting best server based on ping...
Hosted by Bell Mobility (Ottawa, ON) [10.76 km]: 7.651 ms
Testing download speed................................................................................
Download: 395.39 Mbit/s
Testing upload speed......................................................................................................
Upload: 320.02 Mbit/s
2025-05-19T15:35:01-04:00
Retrieving speedtest.net configuration...
Testing from Bell Canada (142.188.145.144)...
Retrieving speedtest.net server list...
Selecting best server based on ping...
Hosted by Bell Mobility (Ottawa, ON) [10.76 km]: 7.498 ms
Testing download speed................................................................................
Download: 392.39 Mbit/s
Testing upload speed......................................................................................................
Upload: 328.73 Mbit/s
2025-05-19T15:40:01-04:00
Retrieving speedtest.net configuration...
Testing from Bell Canada (142.188.145.144)...
Retrieving speedtest.net server list...
Selecting best server based on ping...
Hosted by Bell Mobility (Ottawa, ON) [10.76 km]: 7.121 ms
Testing download speed................................................................................
Download: 378.88 Mbit/s
Testing upload speed......................................................................................................
Upload: 315.41 Mbit/s
2025-05-19T15:45:01-04:00
Retrieving speedtest.net configuration...
Testing from Bell Canada (142.188.145.144)...
Retrieving speedtest.net server list...
Selecting best server based on ping...
Hosted by Bell Mobility (Ottawa, ON) [10.76 km]: 6.84 ms
Testing download speed................................................................................
Download: 380.86 Mbit/s
Testing upload speed......................................................................................................
Upload: 319.11 Mbit/s
2025-05-19T15:50:01-04:00
Retrieving speedtest.net configuration...
Testing from Bell Canada (142.188.145.144)...
Retrieving speedtest.net server list...
Selecting best server based on ping...
Hosted by Bell Mobility (Ottawa, ON) [10.76 km]: 7.689 ms
Testing download speed................................................................................
Download: 384.99 Mbit/s
Testing upload speed......................................................................................................
Upload: 310.47 Mbit/s
2025-05-19T15:55:01-04:00
Retrieving speedtest.net configuration...
Testing from Bell Canada (142.188.145.144)...
Retrieving speedtest.net server list...
Selecting best server based on ping...
Hosted by Bell Mobility (Ottawa, ON) [10.76 km]: 7.178 ms
Testing download speed................................................................................
Download: 379.84 Mbit/s
Testing upload speed......................................................................................................
Upload: 320.16 Mbit/s
2025-05-19T16:00:01-04:00
Retrieving speedtest.net configuration...
Testing from Bell Canada (142.188.145.144)...
Retrieving speedtest.net server list...
Selecting best server based on ping...
Hosted by Bell Mobility (Ottawa, ON) [10.76 km]: 6.825 ms
Testing download speed................................................................................
Download: 393.30 Mbit/s
Testing upload speed......................................................................................................
Upload: 322.52 Mbit/s
2025-05-19T16:05:01-04:00
Retrieving speedtest.net configuration...
2025-05-19T16:10:01-04:00
Retrieving speedtest.net configuration...
Testing from Bell Canada (142.188.145.144)...
Retrieving speedtest.net server list...
Selecting best server based on ping...
Hosted by Bell Mobility (Ottawa, ON) [10.76 km]: 7.229 ms
Testing download speed................................................................................
Download: 394.64 Mbit/s
Testing upload speed......................................................................................................
Upload: 312.74 Mbit/s
2025-05-19T16:15:01-04:00
Retrieving speedtest.net configuration...
Testing from Bell Canada (142.188.145.144)...
Retrieving speedtest.net server list...
Selecting best server based on ping...
Hosted by Bell Mobility (Ottawa, ON) [10.76 km]: 6.438 ms
Testing download speed................................................................................
Download: 390.11 Mbit/s
Testing upload speed......................................................................................................
Upload: 311.68 Mbit/s
2025-05-19T16:20:01-04:00
Retrieving speedtest.net configuration...
Testing from Bell Canada (142.188.145.144)...
Retrieving speedtest.net server list...
Selecting best server based on ping...
Hosted by Bell Mobility (Ottawa, ON) [10.76 km]: 7.147 ms
Testing download speed................................................................................
Download: 343.94 Mbit/s
Testing upload speed......................................................................................................
Upload: 329.38 Mbit/s
2025-05-19T16:25:01-04:00
Retrieving speedtest.net configuration...
Testing from Bell Canada (142.188.145.144)...
Retrieving speedtest.net server list...
Selecting best server based on ping...
Hosted by Bell Mobility (Ottawa, ON) [10.76 km]: 7.671 ms
Testing download speed................................................................................
Download: 366.84 Mbit/s
Testing upload speed......................................................................................................
Upload: 310.35 Mbit/s
2025-05-19T16:30:01-04:00
Retrieving speedtest.net configuration...
Testing from Bell Canada (142.188.145.144)...
Retrieving speedtest.net server list...
Selecting best server based on ping...
Hosted by Bell Mobility (Ottawa, ON) [10.76 km]: 7.213 ms
Testing download speed................................................................................
Download: 363.97 Mbit/s
Testing upload speed......................................................................................................
Upload: 294.50 Mbit/s
2025-05-19T16:35:01-04:00
Retrieving speedtest.net configuration...
Testing from Bell Canada (142.188.145.144)...
Retrieving speedtest.net server list...
Selecting best server based on ping...
Hosted by Bell Mobility (Ottawa, ON) [10.76 km]: 7.172 ms
Testing download speed................................................................................
Download: 371.73 Mbit/s
Testing upload speed......................................................................................................
Upload: 321.92 Mbit/s
2025-05-19T16:40:01-04:00
Retrieving speedtest.net configuration...
Testing from Bell Canada (142.188.145.144)...
Retrieving speedtest.net server list...
Selecting best server based on ping...
Hosted by Bell Mobility (Ottawa, ON) [10.76 km]: 7.472 ms
Testing download speed................................................................................
Download: 397.86 Mbit/s
Testing upload speed......................................................................................................
Upload: 316.39 Mbit/s
2025-05-19T16:45:01-04:00
Retrieving speedtest.net configuration...
Testing from Bell Canada (142.188.145.144)...
Retrieving speedtest.net server list...
Selecting best server based on ping...
Hosted by Bell Mobility (Ottawa, ON) [10.76 km]: 7.266 ms
Testing download speed................................................................................
Download: 395.53 Mbit/s
Testing upload speed......................................................................................................
Upload: 314.92 Mbit/s
2025-05-19T16:50:01-04:00
Retrieving speedtest.net configuration...
Testing from Bell Canada (142.188.145.144)...
Retrieving speedtest.net server list...
Selecting best server based on ping...
Hosted by Bell Mobility (Ottawa, ON) [10.76 km]: 6.973 ms
Testing download speed................................................................................
Download: 361.42 Mbit/s
Testing upload speed......................................................................................................
Upload: 284.41 Mbit/s
2025-05-19T16:55:01-04:00
Retrieving speedtest.net configuration...
Testing from Bell Canada (142.188.145.144)...
Retrieving speedtest.net server list...
Selecting best server based on ping...
Hosted by Bell Mobility (Ottawa, ON) [10.76 km]: 7.692 ms
Testing download speed................................................................................
Download: 414.30 Mbit/s
Testing upload speed......................................................................................................
Upload: 317.59 Mbit/s
2025-05-19T17:00:01-04:00
Retrieving speedtest.net configuration...
Testing from Bell Canada (142.188.145.144)...
Retrieving speedtest.net server list...
Selecting best server based on ping...
Hosted by Bell Mobility (Ottawa, ON) [10.76 km]: 8.118 ms
Testing download speed................................................................................
Download: 391.66 Mbit/s
Testing upload speed......................................................................................................
Upload: 249.75 Mbit/s
2025-05-19T17:05:01-04:00
Retrieving speedtest.net configuration...
2025-05-19T17:10:01-04:00
Retrieving speedtest.net configuration...
Testing from Bell Canada (142.188.145.144)...
Retrieving speedtest.net server list...
Selecting best server based on ping...
Hosted by Bell Mobility (Ottawa, ON) [10.76 km]: 6.848 ms
Testing download speed................................................................................
Download: 343.69 Mbit/s
Testing upload speed......................................................................................................
Upload: 260.28 Mbit/s
2025-05-19T17:15:01-04:00
Retrieving speedtest.net configuration...
Testing from Bell Canada (142.188.145.144)...
Retrieving speedtest.net server list...
Selecting best server based on ping...
Hosted by Bell Mobility (Ottawa, ON) [10.76 km]: 7.575 ms
Testing download speed................................................................................
Download: 356.37 Mbit/s
Testing upload speed......................................................................................................
Upload: 263.29 Mbit/s
2025-05-19T17:20:01-04:00
Retrieving speedtest.net configuration...
Testing from Bell Canada (142.188.145.144)...
Retrieving speedtest.net server list...
Selecting best server based on ping...
Hosted by Bell Mobility (Ottawa, ON) [10.76 km]: 8.813 ms
Testing download speed................................................................................
Download: 341.95 Mbit/s
Testing upload speed......................................................................................................
Upload: 251.91 Mbit/s
2025-05-19T17:25:01-04:00
Retrieving speedtest.net configuration...
Testing from Bell Canada (142.188.145.144)...
Retrieving speedtest.net server list...
Selecting best server based on ping...
Hosted by Vickohm/XIRGO (Pointe-Claire, QC) [143.44 km]: 8.663 ms
Testing download speed................................................................................
Download: 328.83 Mbit/s
Testing upload speed......................................................................................................
Upload: 262.42 Mbit/s
2025-05-19T17:30:01-04:00
Retrieving speedtest.net configuration...
Testing from Bell Canada (142.188.145.144)...
Retrieving speedtest.net server list...
Selecting best server based on ping...
Hosted by Bell Mobility (Ottawa, ON) [10.76 km]: 7.884 ms
Testing download speed................................................................................
Download: 350.88 Mbit/s
Testing upload speed......................................................................................................
Upload: 249.54 Mbit/s
2025-05-19T17:35:01-04:00
Retrieving speedtest.net configuration...
Testing from Bell Canada (142.188.145.144)...
Retrieving speedtest.net server list...
Selecting best server based on ping...
Hosted by Bell Mobility (Ottawa, ON) [10.76 km]: 6.862 ms
Testing download speed................................................................................
Download: 370.76 Mbit/s
Testing upload speed......................................................................................................
Upload: 251.17 Mbit/s
2025-05-19T17:40:01-04:00
Retrieving speedtest.net configuration...
Testing from Bell Canada (142.188.145.144)...
Retrieving speedtest.net server list...
Selecting best server based on ping...
Hosted by Bell Mobility (Ottawa, ON) [10.76 km]: 6.87 ms
Testing download speed................................................................................
Download: 426.17 Mbit/s
Testing upload speed......................................................................................................
Upload: 331.98 Mbit/s
2025-05-19T17:45:01-04:00
Retrieving speedtest.net configuration...
Testing from Bell Canada (142.188.145.144)...
Retrieving speedtest.net server list...
Selecting best server based on ping...
Hosted by Bell Mobility (Ottawa, ON) [10.76 km]: 7.339 ms
Testing download speed................................................................................
Download: 424.60 Mbit/s
Testing upload speed......................................................................................................
Upload: 314.59 Mbit/s
2025-05-19T17:50:01-04:00
Retrieving speedtest.net configuration...
Testing from Bell Canada (142.188.145.144)...
Retrieving speedtest.net server list...
Selecting best server based on ping...
Hosted by Bell Mobility (Ottawa, ON) [10.76 km]: 7.139 ms
Testing download speed................................................................................
Download: 427.86 Mbit/s
Testing upload speed......................................................................................................
Upload: 334.51 Mbit/s
2025-05-19T17:55:01-04:00
Retrieving speedtest.net configuration...
Testing from Bell Canada (142.188.145.144)...
Retrieving speedtest.net server list...
Selecting best server based on ping...
Hosted by Bell Mobility (Ottawa, ON) [10.76 km]: 7.215 ms
Testing download speed................................................................................
Download: 427.44 Mbit/s
Testing upload speed......................................................................................................
Upload: 324.81 Mbit/s
2025-05-19T18:00:01-04:00
Retrieving speedtest.net configuration...
Testing from Bell Canada (142.188.145.144)...
Retrieving speedtest.net server list...
Selecting best server based on ping...
Hosted by Bell Mobility (Ottawa, ON) [10.76 km]: 7.819 ms
Testing download speed................................................................................
Download: 395.16 Mbit/s
Testing upload speed......................................................................................................
Upload: 293.89 Mbit/s
2025-05-19T18:05:01-04:00
Retrieving speedtest.net configuration...
Testing from Bell Canada (142.188.145.144)...
Retrieving speedtest.net server list...
Selecting best server based on ping...
Hosted by Bell Mobility (Ottawa, ON) [10.76 km]: 7.521 ms
Testing download speed................................................................................
Download: 390.34 Mbit/s
Testing upload speed......................................................................................................
Upload: 283.73 Mbit/s
2025-05-19T18:10:01-04:00
Retrieving speedtest.net configuration...
Testing from Bell Canada (142.188.145.144)...
Retrieving speedtest.net server list...
Selecting best server based on ping...
Hosted by Bell Mobility (Ottawa, ON) [10.76 km]: 7.512 ms
Testing download speed................................................................................
Download: 382.47 Mbit/s
Testing upload speed......................................................................................................
Upload: 286.02 Mbit/s
2025-05-19T18:15:01-04:00
Retrieving speedtest.net configuration...
Testing from Bell Canada (142.188.145.144)...
Retrieving speedtest.net server list...
Selecting best server based on ping...
Hosted by Bell Mobility (Ottawa, ON) [10.76 km]: 7.679 ms
Testing download speed................................................................................
Download: 383.05 Mbit/s
Testing upload speed......................................................................................................
Upload: 283.51 Mbit/s
2025-05-19T18:20:01-04:00
Retrieving speedtest.net configuration...
Testing from Bell Canada (142.188.145.144)...
Retrieving speedtest.net server list...
Selecting best server based on ping...
Hosted by Bell Mobility (Ottawa, ON) [10.76 km]: 7.644 ms
Testing download speed................................................................................
Download: 353.81 Mbit/s
Testing upload speed......................................................................................................
Upload: 238.88 Mbit/s
2025-05-19T18:25:01-04:00
Retrieving speedtest.net configuration...
Testing from Bell Canada (142.188.145.144)...
Retrieving speedtest.net server list...
Selecting best server based on ping...
Hosted by Bell Mobility (Ottawa, ON) [10.76 km]: 7.746 ms
Testing download speed................................................................................
Download: 332.00 Mbit/s
Testing upload speed......................................................................................................
Upload: 232.83 Mbit/s
2025-05-19T18:30:01-04:00
Retrieving speedtest.net configuration...
Testing from Bell Canada (142.188.145.144)...
Retrieving speedtest.net server list...
Selecting best server based on ping...
Hosted by Bell Mobility (Nepean, ON) [7.67 km]: 10.872 ms
Testing download speed................................................................................
Download: 292.11 Mbit/s
Testing upload speed......................................................................................................
Upload: 253.46 Mbit/s
2025-05-19T18:35:01-04:00
Retrieving speedtest.net configuration...
Testing from Bell Canada (142.188.145.144)...
Retrieving speedtest.net server list...
Selecting best server based on ping...
Hosted by Bell Mobility (Nepean, ON) [7.67 km]: 7.063 ms
Testing download speed................................................................................
Download: 399.36 Mbit/s
Testing upload speed......................................................................................................
Upload: 281.06 Mbit/s
2025-05-19T18:40:01-04:00
Retrieving speedtest.net configuration...
Testing from Bell Canada (142.188.145.144)...
Retrieving speedtest.net server list...
Selecting best server based on ping...
Hosted by Bell Mobility (Nepean, ON) [7.67 km]: 7.708 ms
Testing download speed................................................................................
Download: 389.65 Mbit/s
Testing upload speed......................................................................................................
Upload: 285.86 Mbit/s
2025-05-19T18:45:01-04:00
Retrieving speedtest.net configuration...
Testing from Bell Canada (142.188.145.144)...
Retrieving speedtest.net server list...
Selecting best server based on ping...
Hosted by Bell Mobility (Nepean, ON) [7.67 km]: 7.184 ms
Testing download speed................................................................................
Download: 389.18 Mbit/s
Testing upload speed......................................................................................................
Upload: 276.66 Mbit/s
2025-05-19T18:50:01-04:00
Retrieving speedtest.net configuration...
Testing from Bell Canada (142.188.145.144)...
Retrieving speedtest.net server list...
Selecting best server based on ping...
Hosted by Bell Mobility (Nepean, ON) [7.67 km]: 7.11 ms
Testing download speed................................................................................
Download: 397.28 Mbit/s
Testing upload speed......................................................................................................
Upload: 288.62 Mbit/s
2025-05-19T18:55:01-04:00
Retrieving speedtest.net configuration...
Testing from Bell Canada (142.188.145.144)...
Retrieving speedtest.net server list...
Selecting best server based on ping...
Hosted by Bell Mobility (Nepean, ON) [7.67 km]: 7.564 ms
Testing download speed................................................................................
Download: 411.85 Mbit/s
Testing upload speed......................................................................................................
Upload: 270.85 Mbit/s
2025-05-19T19:00:01-04:00
Retrieving speedtest.net configuration...
Testing from Bell Canada (142.188.145.144)...
Retrieving speedtest.net server list...
Selecting best server based on ping...
