2025-04-27T00:00:01+08:00
Retrieving speedtest.net configuration...
Testing from FIl Products Service Television Inc (103.105.214.62)...
Retrieving speedtest.net server list...
Selecting best server based on ping...
2025-04-27T00:05:01+08:00
Retrieving speedtest.net configuration...
Testing from FIl Products Service Television Inc (103.105.214.52)...
Retrieving speedtest.net server list...
Selecting best server based on ping...
Hosted by Fil Products Negros (Dumaguete City) [0.00 km]: 2.729 ms
Testing download speed................................................................................
Download: 158.16 Mbit/s
Testing upload speed......................................................................................................
Upload: 269.31 Mbit/s
2025-04-27T00:10:01+08:00
Retrieving speedtest.net configuration...
Testing from FIl Products Service Television Inc (103.105.214.62)...
Retrieving speedtest.net server list...
Selecting best server based on ping...
Hosted by Fil Products Negros (Dumaguete City) [0.00 km]: 4.773 ms
Testing download speed................................................................................
Download: 170.91 Mbit/s
Testing upload speed......................................................................................................
Upload: 344.16 Mbit/s
2025-04-27T00:15:01+08:00
Retrieving speedtest.net configuration...
Testing from FIl Products Service Television Inc (103.105.214.52)...
Retrieving speedtest.net server list...
Selecting best server based on ping...
Hosted by Fil Products Negros (Dumaguete City) [0.00 km]: 8.612 ms
Testing download speed................................................................................
Download: 165.60 Mbit/s
Testing upload speed......................................................................................................
Upload: 308.21 Mbit/s
2025-04-27T00:20:01+08:00
Retrieving speedtest.net configuration...
Testing from FIl Products Service Television Inc (103.105.214.52)...
Retrieving speedtest.net server list...
Selecting best server based on ping...
Hosted by Fil Products Negros (Dumaguete City) [0.00 km]: 3.564 ms
Testing download speed................................................................................
Download: 166.68 Mbit/s
Testing upload speed......................................................................................................
Upload: 337.67 Mbit/s
2025-04-27T00:25:01+08:00
Retrieving speedtest.net configuration...
Testing from FIl Products Service Television Inc (103.105.214.52)...
Retrieving speedtest.net server list...
Selecting best server based on ping...
Hosted by Fil Products Negros (Dumaguete City) [0.00 km]: 3.404 ms
Testing download speed................................................................................
Download: 165.60 Mbit/s
Testing upload speed......................................................................................................
Upload: 354.31 Mbit/s
2025-04-27T00:30:01+08:00
Retrieving speedtest.net configuration...
Testing from FIl Products Service Television Inc (103.105.214.62)...
Retrieving speedtest.net server list...
Selecting best server based on ping...
2025-04-27T00:35:01+08:00
Retrieving speedtest.net configuration...
Testing from FIl Products Service Television Inc (103.105.214.52)...
Retrieving speedtest.net server list...
Selecting best server based on ping...
Hosted by Fil Products Negros (Dumaguete City) [0.00 km]: 8.332 ms
Testing download speed................................................................................
Download: 148.59 Mbit/s
Testing upload speed......................................................................................................
Upload: 339.59 Mbit/s
2025-04-27T00:40:01+08:00
Retrieving speedtest.net configuration...
Testing from FIl Products Service Television Inc (103.105.214.52)...
Retrieving speedtest.net server list...
Selecting best server based on ping...
Hosted by Fil Products Negros (Dumaguete City) [0.00 km]: 3.404 ms
Testing download speed................................................................................
Download: 172.90 Mbit/s
Testing upload speed......................................................................................................
Upload: 324.77 Mbit/s
2025-04-27T00:45:01+08:00
Retrieving speedtest.net configuration...
Testing from FIl Products Service Television Inc (103.105.214.52)...
Retrieving speedtest.net server list...
Selecting best server based on ping...
Hosted by Fil Products Negros (Dumaguete City) [0.00 km]: 5.223 ms
Testing download speed................................................................................
Download: 172.58 Mbit/s
Testing upload speed......................................................................................................
Upload: 365.15 Mbit/s
2025-04-27T00:50:01+08:00
Retrieving speedtest.net configuration...
Testing from FIl Products Service Television Inc (103.105.214.52)...
Retrieving speedtest.net server list...
Selecting best server based on ping...
Hosted by Fil Products Negros (Dumaguete City) [0.00 km]: 5.364 ms
Testing download speed................................................................................
Download: 157.58 Mbit/s
Testing upload speed......................................................................................................
Upload: 341.91 Mbit/s
2025-04-27T00:55:01+08:00
Retrieving speedtest.net configuration...
2025-04-27T01:00:01+08:00
Retrieving speedtest.net configuration...
