2025-04-14T00:00:01+08:00
Retrieving speedtest.net configuration...
Testing from FIl Products Service Television Inc (103.105.214.52)...
Retrieving speedtest.net server list...
Selecting best server based on ping...
2025-04-14T00:05:01+08:00
Retrieving speedtest.net configuration...
2025-04-14T00:10:01+08:00
Retrieving speedtest.net configuration...
Testing from FIl Products Service Television Inc (103.105.214.52)...
Retrieving speedtest.net server list...
Selecting best server based on ping...
Hosted by DITO (Cebu City) [128.48 km]: 39.526 ms
Testing download speed................................................................................
Download: 69.95 Mbit/s
Testing upload speed......................................................................................................
Upload: 26.30 Mbit/s
2025-04-14T00:15:01+08:00
Retrieving speedtest.net configuration...
Testing from FIl Products Service Television Inc (103.105.214.61)...
Retrieving speedtest.net server list...
Selecting best server based on ping...
Hosted by PAKONEK SOLUTIONS (Cebu City) [128.33 km]: 35.682 ms
Testing download speed................................................................................
Download: 68.69 Mbit/s
Testing upload speed......................................................................................................
Upload: 30.79 Mbit/s
2025-04-14T00:20:01+08:00
Retrieving speedtest.net configuration...
Testing from FIl Products Service Television Inc (103.105.214.52)...
Retrieving speedtest.net server list...
Selecting best server based on ping...
Hosted by PAKONEK SOLUTIONS (Cebu City) [128.33 km]: 41.282 ms
Testing download speed................................................................................
Download: 54.67 Mbit/s
Testing upload speed......................................................................................................
Upload: 22.64 Mbit/s
2025-04-14T00:25:01+08:00
Retrieving speedtest.net configuration...
Testing from FIl Products Service Television Inc (103.105.214.61)...
Retrieving speedtest.net server list...
Selecting best server based on ping...
Hosted by PAKONEK SOLUTIONS (Cebu City) [128.33 km]: 40.126 ms
Testing download speed................................................................................
Download: 86.45 Mbit/s
Testing upload speed......................................................................................................
Upload: 42.81 Mbit/s
2025-04-14T00:30:01+08:00
Retrieving speedtest.net configuration...
Testing from FIl Products Service Television Inc (103.105.214.61)...
Retrieving speedtest.net server list...
Selecting best server based on ping...
2025-04-14T00:35:01+08:00
Retrieving speedtest.net configuration...
2025-04-14T00:40:01+08:00
Retrieving speedtest.net configuration...
Testing from FIl Products Service Television Inc (103.105.214.61)...
Retrieving speedtest.net server list...
Selecting best server based on ping...
Hosted by Globe Telecom (Cebu City) [126.16 km]: 45.385 ms
Testing download speed................................................................................
Download: 60.83 Mbit/s
Testing upload speed......................................................................................................
Upload: 31.30 Mbit/s
2025-04-14T00:45:01+08:00
Retrieving speedtest.net configuration...
Testing from FIl Products Service Television Inc (103.105.214.52)...
Retrieving speedtest.net server list...
Selecting best server based on ping...
Hosted by PAKONEK SOLUTIONS (Cebu City) [128.33 km]: 40.009 ms
Testing download speed................................................................................
Download: 76.45 Mbit/s
Testing upload speed......................................................................................................
Upload: 48.32 Mbit/s
2025-04-14T00:50:01+08:00
Retrieving speedtest.net configuration...
Testing from FIl Products Service Television Inc (103.105.214.61)...
Retrieving speedtest.net server list...
Selecting best server based on ping...
Hosted by DITO (Cebu City) [128.48 km]: 40.11 ms
Testing download speed................................................................................
Download: 85.26 Mbit/s
Testing upload speed......................................................................................................
Upload: 47.44 Mbit/s
2025-04-14T00:55:01+08:00
Retrieving speedtest.net configuration...
Testing from FIl Products Service Television Inc (103.105.214.52)...
Retrieving speedtest.net server list...
Selecting best server based on ping...
Hosted by PAKONEK SOLUTIONS (Cebu City) [128.33 km]: 36.468 ms
Testing download speed................................................................................
Download: 68.83 Mbit/s
Testing upload speed......................................................................................................
Upload: 46.09 Mbit/s
2025-04-14T01:00:01+08:00
Retrieving speedtest.net configuration...
Testing from FIl Products Service Television Inc (103.105.214.52)...
Retrieving speedtest.net server list...
Selecting best server based on ping...
