2025-03-22T00:00:01+08:00
Retrieving speedtest.net configuration...
Testing from FIl Products Service Television Inc (103.105.214.59)...
Retrieving speedtest.net server list...
Selecting best server based on ping...
2025-03-22T00:05:01+08:00
Retrieving speedtest.net configuration...
2025-03-22T00:10:01+08:00
Retrieving speedtest.net configuration...
Testing from FIl Products Service Television Inc (103.105.214.59)...
Retrieving speedtest.net server list...
Selecting best server based on ping...
Hosted by PAKONEK SOLUTIONS (Cebu City) [128.33 km]: 33.085 ms
Testing download speed................................................................................
Download: 196.55 Mbit/s
Testing upload speed......................................................................................................
Upload: 278.10 Mbit/s
2025-03-22T00:15:01+08:00
Retrieving speedtest.net configuration...
Testing from FIl Products Service Television Inc (103.105.214.59)...
Retrieving speedtest.net server list...
Selecting best server based on ping...
Hosted by PAKONEK SOLUTIONS (Cebu City) [128.33 km]: 31.096 ms
Testing download speed................................................................................
Download: 194.69 Mbit/s
Testing upload speed......................................................................................................
Upload: 264.36 Mbit/s
2025-03-22T00:20:01+08:00
Retrieving speedtest.net configuration...
Testing from FIl Products Service Television Inc (103.105.214.59)...
Retrieving speedtest.net server list...
Selecting best server based on ping...
Hosted by PAKONEK SOLUTIONS (Cebu City) [128.33 km]: 32.34 ms
Testing download speed................................................................................
Download: 198.02 Mbit/s
Testing upload speed......................................................................................................
Upload: 291.59 Mbit/s
2025-03-22T00:25:01+08:00
Retrieving speedtest.net configuration...
Testing from FIl Products Service Television Inc (103.105.214.59)...
Retrieving speedtest.net server list...
Selecting best server based on ping...
Hosted by PAKONEK SOLUTIONS (Cebu City) [128.33 km]: 31.52 ms
Testing download speed................................................................................
Download: 199.27 Mbit/s
Testing upload speed......................................................................................................
Upload: 274.25 Mbit/s
2025-03-22T00:30:01+08:00
Retrieving speedtest.net configuration...
Testing from FIl Products Service Television Inc (103.105.214.59)...
Retrieving speedtest.net server list...
Selecting best server based on ping...
2025-03-22T00:35:01+08:00
Retrieving speedtest.net configuration...
2025-03-22T00:40:01+08:00
Retrieving speedtest.net configuration...
Testing from FIl Products Service Television Inc (103.105.214.48)...
Retrieving speedtest.net server list...
Selecting best server based on ping...
Hosted by PAKONEK SOLUTIONS (Cebu City) [128.33 km]: 34.556 ms
Testing download speed................................................................................
Download: 198.70 Mbit/s
Testing upload speed......................................................................................................
Upload: 282.04 Mbit/s
2025-03-22T00:45:01+08:00
Retrieving speedtest.net configuration...
Testing from FIl Products Service Television Inc (103.105.214.59)...
Retrieving speedtest.net server list...
Selecting best server based on ping...
Hosted by PAKONEK SOLUTIONS (Cebu City) [128.33 km]: 30.928 ms
Testing download speed................................................................................
Download: 197.52 Mbit/s
Testing upload speed......................................................................................................
Upload: 281.57 Mbit/s
2025-03-22T00:50:01+08:00
Retrieving speedtest.net configuration...
Testing from FIl Products Service Television Inc (103.105.214.59)...
Retrieving speedtest.net server list...
Selecting best server based on ping...
Hosted by Fil Products Negros (Dumaguete City) [0.00 km]: 4.578 ms
Testing download speed................................................................................
Download: 199.54 Mbit/s
Testing upload speed......................................................................................................
Upload: 404.42 Mbit/s
2025-03-22T00:55:01+08:00
Retrieving speedtest.net configuration...
Testing from FIl Products Service Television Inc (103.105.214.48)...
Retrieving speedtest.net server list...
Selecting best server based on ping...
Hosted by Fil Products Negros (Dumaguete City) [0.00 km]: 3.307 ms
Testing download speed................................................................................
Download: 203.28 Mbit/s
Testing upload speed......................................................................................................
Upload: 375.95 Mbit/s
2025-03-22T01:00:01+08:00
Retrieving speedtest.net configuration...
Testing from FIl Products Service Television Inc (103.105.214.59)...
Retrieving speedtest.net server list...
