2025-07-07T00:00:01+08:00
Retrieving speedtest.net configuration...
2025-07-07T00:05:01+08:00
Retrieving speedtest.net configuration...
2025-07-07T00:10:01+08:00
Retrieving speedtest.net configuration...
Testing from FIl Products Service Television Inc (103.105.214.59)...
Retrieving speedtest.net server list...
Selecting best server based on ping...
Hosted by PLDT (Makati) [634.17 km]: 18.412 ms
Testing download speed................................................................................
Download: 185.62 Mbit/s
Testing upload speed......................................................................................................
Upload: 321.14 Mbit/s
2025-07-07T00:15:01+08:00
Retrieving speedtest.net configuration...
Testing from FIl Products Service Television Inc (103.105.214.49)...
Retrieving speedtest.net server list...
Selecting best server based on ping...
Hosted by PLDT (Makati) [634.17 km]: 17.354 ms
Testing download speed................................................................................
Download: 197.85 Mbit/s
Testing upload speed......................................................................................................
Upload: 266.11 Mbit/s
2025-07-07T00:20:01+08:00
Retrieving speedtest.net configuration...
Testing from FIl Products Service Television Inc (103.105.214.49)...
Retrieving speedtest.net server list...
Selecting best server based on ping...
Hosted by keith.net Inc. (Makati City) [634.17 km]: 22.48 ms
Testing download speed................................................................................
Download: 180.21 Mbit/s
Testing upload speed......................................................................................................
Upload: 227.82 Mbit/s
2025-07-07T00:25:01+08:00
Retrieving speedtest.net configuration...
Testing from FIl Products Service Television Inc (103.105.214.59)...
Retrieving speedtest.net server list...
Selecting best server based on ping...
Hosted by keith.net Inc. (Makati City) [634.17 km]: 22.856 ms
Testing download speed................................................................................
Download: 190.78 Mbit/s
Testing upload speed......................................................................................................
Upload: 297.62 Mbit/s
2025-07-07T00:30:01+08:00
Retrieving speedtest.net configuration...
Testing from FIl Products Service Television Inc (103.105.214.59)...
Retrieving speedtest.net server list...
Selecting best server based on ping...
2025-07-07T00:35:01+08:00
Retrieving speedtest.net configuration...
Testing from FIl Products Service Television Inc (103.105.214.49)...
Retrieving speedtest.net server list...
Selecting best server based on ping...
Hosted by keith.net Inc. (Makati City) [634.17 km]: 41.239 ms
Testing download speed................................................................................
Download: 187.96 Mbit/s
Testing upload speed......................................................................................................
Upload: 203.56 Mbit/s
2025-07-07T00:40:01+08:00
Retrieving speedtest.net configuration...
Testing from FIl Products Service Television Inc (103.105.214.49)...
Retrieving speedtest.net server list...
Selecting best server based on ping...
Hosted by keith.net Inc. (Makati City) [634.17 km]: 21.5 ms
Testing download speed................................................................................
Download: 183.71 Mbit/s
Testing upload speed......................................................................................................
Upload: 209.68 Mbit/s
2025-07-07T00:45:01+08:00
Retrieving speedtest.net configuration...
Testing from FIl Products Service Television Inc (103.105.214.59)...
Retrieving speedtest.net server list...
Selecting best server based on ping...
Hosted by Hapibytes (Taytay) [629.91 km]: 26.507 ms
Testing download speed................................................................................
Download: 191.25 Mbit/s
Testing upload speed......................................................................................................
Upload: 247.47 Mbit/s
2025-07-07T00:50:01+08:00
Retrieving speedtest.net configuration...
Testing from FIl Products Service Television Inc (103.105.214.49)...
Retrieving speedtest.net server list...
Selecting best server based on ping...
Hosted by keith.net Inc. (Makati City) [634.17 km]: 21.635 ms
Testing download speed................................................................................
Download: 176.41 Mbit/s
Testing upload speed......................................................................................................
Upload: 168.63 Mbit/s
2025-07-07T00:55:01+08:00
Retrieving speedtest.net configuration...
Testing from FIl Products Service Television Inc (103.105.214.59)...
Retrieving speedtest.net server list...
Selecting best server based on ping...
Hosted by Hapibytes (Taytay) [629.91 km]: 23.836 ms
Testing download speed................................................................................
Download: 188.86 Mbit/s
Testing upload speed......................................................................................................
Upload: 275.17 Mbit/s
2025-07-07T01:00:01+08:00
Retrieving speedtest.net configuration...
Testing from FIl Products Service Television Inc (103.105.214.59)...
Retrieving speedtest.net server list...
Selecting best server based on ping...
