2025-05-28T00:00:01-04:00
Retrieving speedtest.net configuration...
Testing from FIl Products Service Television Inc (103.105.214.56)...
Retrieving speedtest.net server list...
Selecting best server based on ping...
Hosted by Cine Cebu (Cebu City) [126.16 km]: 30.686 ms
Testing download speed................................................................................
Download: 196.45 Mbit/s
Testing upload speed......................................................................................................
Upload: 172.49 Mbit/s
2025-05-28T00:05:01-04:00
Retrieving speedtest.net configuration...
2025-05-28T00:10:01-04:00
Retrieving speedtest.net configuration...
Testing from FIl Products Service Television Inc (103.105.214.56)...
Retrieving speedtest.net server list...
Selecting best server based on ping...
Hosted by Cine Cebu (Cebu City) [126.16 km]: 30.319 ms
Testing download speed................................................................................
Download: 143.91 Mbit/s
Testing upload speed......................................................................................................
Upload: 180.72 Mbit/s
2025-05-28T00:15:01-04:00
Retrieving speedtest.net configuration...
Testing from FIl Products Service Television Inc (103.105.214.56)...
Retrieving speedtest.net server list...
Selecting best server based on ping...
Hosted by Cine Cebu (Cebu City) [126.16 km]: 38.816 ms
Testing download speed................................................................................
Download: 97.49 Mbit/s
Testing upload speed......................................................................................................
Upload: 191.89 Mbit/s
2025-05-28T00:20:01-04:00
Retrieving speedtest.net configuration...
Testing from FIl Products Service Television Inc (103.105.214.56)...
Retrieving speedtest.net server list...
Selecting best server based on ping...
Hosted by Cine Cebu (Cebu City) [126.16 km]: 30.077 ms
Testing download speed................................................................................
Download: 159.58 Mbit/s
Testing upload speed......................................................................................................
Upload: 172.90 Mbit/s
2025-05-28T00:25:01-04:00
Retrieving speedtest.net configuration...
Testing from FIl Products Service Television Inc (103.105.214.56)...
Retrieving speedtest.net server list...
Selecting best server based on ping...
Hosted by Cine Cebu (Cebu City) [126.16 km]: 28.747 ms
Testing download speed................................................................................
Download: 184.17 Mbit/s
Testing upload speed......................................................................................................
Upload: 175.77 Mbit/s
2025-05-28T00:30:01-04:00
Retrieving speedtest.net configuration...
Testing from FIl Products Service Television Inc (103.105.214.56)...
Retrieving speedtest.net server list...
Selecting best server based on ping...
Hosted by Cine Cebu (Cebu City) [126.16 km]: 28.574 ms
Testing download speed................................................................................
Download: 140.54 Mbit/s
Testing upload speed......................................................................................................
Upload: 204.94 Mbit/s
2025-05-28T00:35:01-04:00
Retrieving speedtest.net configuration...
Testing from FIl Products Service Television Inc (103.105.214.56)...
Retrieving speedtest.net server list...
Selecting best server based on ping...
Hosted by Cine Cebu (Cebu City) [126.16 km]: 28.77 ms
Testing download speed................................................................................
Download: 182.51 Mbit/s
Testing upload speed......................................................................................................
Upload: 191.16 Mbit/s
2025-05-28T00:40:01-04:00
Retrieving speedtest.net configuration...
Testing from FIl Products Service Television Inc (103.105.214.56)...
Retrieving speedtest.net server list...
Selecting best server based on ping...
Hosted by Cine Cebu (Cebu City) [126.16 km]: 29.059 ms
Testing download speed................................................................................
Download: 36.53 Mbit/s
Testing upload speed......................................................................................................
Upload: 185.96 Mbit/s
2025-05-28T00:45:01-04:00
Retrieving speedtest.net configuration...
Testing from FIl Products Service Television Inc (103.105.214.56)...
Retrieving speedtest.net server list...
Selecting best server based on ping...
Hosted by Cine Cebu (Cebu City) [126.16 km]: 29.055 ms
Testing download speed................................................................................
Download: 163.52 Mbit/s
Testing upload speed......................................................................................................
Upload: 200.95 Mbit/s
2025-05-28T00:50:01-04:00
Retrieving speedtest.net configuration...
Testing from FIl Products Service Television Inc (103.105.214.56)...
Retrieving speedtest.net server list...
Selecting best server based on ping...
Hosted by Cine Cebu (Cebu City) [126.16 km]: 29.092 ms
Testing download speed................................................................................
Download: 190.25 Mbit/s
Testing upload speed......................................................................................................
Upload: 179.76 Mbit/s
2025-05-28T00:55:01-04:00
Retrieving speedtest.net configuration...
Testing from FIl Products Service Television Inc (103.105.214.56)...
Retrieving speedtest.net server list...
Selecting best server based on ping...
Hosted by Cine Cebu (Cebu City) [126.16 km]: 29.302 ms
Testing download speed................................................................................
Download: 174.14 Mbit/s
Testing upload speed......................................................................................................
Upload: 184.98 Mbit/s
2025-05-28T01:00:01-04:00
Retrieving speedtest.net configuration...
Testing from FIl Products Service Television Inc (103.105.214.56)...
Retrieving speedtest.net server list...
Selecting best server based on ping...
