2025-09-01T00:00:01+08:00
Retrieving speedtest.net configuration...
2025-09-01T00:05:01+08:00
Retrieving speedtest.net configuration...
2025-09-01T00:10:01+08:00
Retrieving speedtest.net configuration...
2025-09-01T00:15:01+08:00
Retrieving speedtest.net configuration...
2025-09-01T00:20:01+08:00
Retrieving speedtest.net configuration...
2025-09-01T00:25:01+08:00
Retrieving speedtest.net configuration...
2025-09-01T00:30:01+08:00
Retrieving speedtest.net configuration...
2025-09-01T00:35:01+08:00
Retrieving speedtest.net configuration...
2025-09-01T00:40:01+08:00
Retrieving speedtest.net configuration...
2025-09-01T00:45:01+08:00
Retrieving speedtest.net configuration...
2025-09-01T00:50:01+08:00
Retrieving speedtest.net configuration...
2025-09-01T00:55:01+08:00
Retrieving speedtest.net configuration...
2025-09-01T01:00:01+08:00
Retrieving speedtest.net configuration...
2025-09-01T01:05:01+08:00
Retrieving speedtest.net configuration...
2025-09-01T01:10:01+08:00
Retrieving speedtest.net configuration...
2025-09-01T01:15:01+08:00
Retrieving speedtest.net configuration...
2025-09-01T01:20:01+08:00
Retrieving speedtest.net configuration...
2025-09-01T01:25:01+08:00
Retrieving speedtest.net configuration...
2025-09-01T01:30:01+08:00
Retrieving speedtest.net configuration...
2025-09-01T01:35:01+08:00
Retrieving speedtest.net configuration...
2025-09-01T01:40:01+08:00
Retrieving speedtest.net configuration...
2025-09-01T01:45:01+08:00
Retrieving speedtest.net configuration...
2025-09-01T01:50:01+08:00
Retrieving speedtest.net configuration...
2025-09-01T01:55:01+08:00
Retrieving speedtest.net configuration...
2025-09-01T02:00:01+08:00
Retrieving speedtest.net configuration...
2025-09-01T02:05:01+08:00
Retrieving speedtest.net configuration...
2025-09-01T02:10:01+08:00
Retrieving speedtest.net configuration...
2025-09-01T02:15:01+08:00
Retrieving speedtest.net configuration...
2025-09-01T02:20:01+08:00
Retrieving speedtest.net configuration...
2025-09-01T02:25:01+08:00
Retrieving speedtest.net configuration...
2025-09-01T02:30:01+08:00
Retrieving speedtest.net configuration...
2025-09-01T02:35:01+08:00
Retrieving speedtest.net configuration...
2025-09-01T02:40:01+08:00
Retrieving speedtest.net configuration...
2025-09-01T02:45:01+08:00
Retrieving speedtest.net configuration...
2025-09-01T02:50:01+08:00
Retrieving speedtest.net configuration...
2025-09-01T02:55:02+08:00
Retrieving speedtest.net configuration...
2025-09-01T03:00:01+08:00
Retrieving speedtest.net configuration...
2025-09-01T03:05:02+08:00
Retrieving speedtest.net configuration...
2025-09-01T03:10:01+08:00
Retrieving speedtest.net configuration...
2025-09-01T03:15:01+08:00
Retrieving speedtest.net configuration...
2025-09-01T03:20:01+08:00
Retrieving speedtest.net configuration...
2025-09-01T03:25:01+08:00
Retrieving speedtest.net configuration...
2025-09-01T03:30:01+08:00
Retrieving speedtest.net configuration...
2025-09-01T03:35:01+08:00
Retrieving speedtest.net configuration...
2025-09-01T03:40:01+08:00
Retrieving speedtest.net configuration...
2025-09-01T03:45:01+08:00
Retrieving speedtest.net configuration...
2025-09-01T03:50:01+08:00
Retrieving speedtest.net configuration...
2025-09-01T03:55:01+08:00
Retrieving speedtest.net configuration...
2025-09-01T04:00:01+08:00
Retrieving speedtest.net configuration...
2025-09-01T04:05:01+08:00
Retrieving speedtest.net configuration...
2025-09-01T04:10:01+08:00
Retrieving speedtest.net configuration...
2025-09-01T04:15:01+08:00
Retrieving speedtest.net configuration...
2025-09-01T04:20:01+08:00
Retrieving speedtest.net configuration...
2025-09-01T04:25:01+08:00
Retrieving speedtest.net configuration...
2025-09-01T04:30:01+08:00
Retrieving speedtest.net configuration...
2025-09-01T04:35:01+08:00
Retrieving speedtest.net configuration...
2025-09-01T04:40:01+08:00
Retrieving speedtest.net configuration...
2025-09-01T04:45:01+08:00
Retrieving speedtest.net configuration...
2025-09-01T04:50:01+08:00
Retrieving speedtest.net configuration...
2025-09-01T04:55:01+08:00
Retrieving speedtest.net configuration...
2025-09-01T05:00:01+08:00
Retrieving speedtest.net configuration...
2025-09-01T05:05:01+08:00
Retrieving speedtest.net configuration...
2025-09-01T05:10:01+08:00
Retrieving speedtest.net configuration...
2025-09-01T05:15:01+08:00
Retrieving speedtest.net configuration...
2025-09-01T05:20:01+08:00
Retrieving speedtest.net configuration...
2025-09-01T05:25:01+08:00
Retrieving speedtest.net configuration...
2025-09-01T05:30:01+08:00
Retrieving speedtest.net configuration...
Testing from FIl Products Service Television Inc (103.105.214.48)...
Retrieving speedtest.net server list...
Selecting best server based on ping...
2025-09-01T05:35:01+08:00
Retrieving speedtest.net configuration...
Testing from FIl Products Service Television Inc (103.105.214.48)...
Retrieving speedtest.net server list...
Selecting best server based on ping...
Hosted by Switch Fiber (Makati City) [634.17 km]: 30.477 ms
Testing download speed................................................................................
Download: 90.50 Mbit/s
Testing upload speed......................................................................................................
Upload: 88.70 Mbit/s
2025-09-01T05:40:01+08:00
Retrieving speedtest.net configuration...
Testing from FIl Products Service Television Inc (103.105.214.60)...
Retrieving speedtest.net server list...
Selecting best server based on ping...
Hosted by Switch Fiber (Makati City) [634.17 km]: 21.44 ms
Testing download speed................................................................................
Download: 92.57 Mbit/s
Testing upload speed......................................................................................................
Upload: 88.09 Mbit/s
2025-09-01T05:45:01+08:00
Retrieving speedtest.net configuration...
Testing from FIl Products Service Television Inc (103.105.214.48)...
Retrieving speedtest.net server list...
Selecting best server based on ping...
Hosted by PT&T (Makati City) [634.17 km]: 20.665 ms
Testing download speed................................................................................
Download: 93.05 Mbit/s
Testing upload speed......................................................................................................
Upload: 89.15 Mbit/s
2025-09-01T05:50:01+08:00
Retrieving speedtest.net configuration...
Testing from FIl Products Service Television Inc (103.105.214.60)...
Retrieving speedtest.net server list...
Selecting best server based on ping...
Hosted by PT&T (Makati City) [634.17 km]: 21.037 ms
Testing download speed................................................................................
Download: 92.97 Mbit/s
Testing upload speed......................................................................................................
Upload: 88.25 Mbit/s
2025-09-01T05:55:01+08:00
Retrieving speedtest.net configuration...
Testing from FIl Products Service Television Inc (103.105.214.60)...
Retrieving speedtest.net server list...
Selecting best server based on ping...
Hosted by PT&T (Makati City) [634.17 km]: 20.877 ms
Testing download speed................................................................................
Download: 93.22 Mbit/s
Testing upload speed......................................................................................................
Upload: 89.22 Mbit/s
2025-09-01T06:00:01+08:00
Retrieving speedtest.net configuration...
Testing from FIl Products Service Television Inc (103.105.214.48)...
Retrieving speedtest.net server list...
Selecting best server based on ping...
