2025-06-18T00:00:01+08:00
Retrieving speedtest.net configuration...
2025-06-18T00:05:01+08:00
Retrieving speedtest.net configuration...
2025-06-18T00:10:01+08:00
Retrieving speedtest.net configuration...
2025-06-18T00:15:01+08:00
Retrieving speedtest.net configuration...
2025-06-18T00:20:01+08:00
Retrieving speedtest.net configuration...
2025-06-18T00:25:01+08:00
Retrieving speedtest.net configuration...
2025-06-18T00:30:01+08:00
Retrieving speedtest.net configuration...
2025-06-18T00:35:01+08:00
Retrieving speedtest.net configuration...
2025-06-18T00:40:01+08:00
Retrieving speedtest.net configuration...
2025-06-18T00:45:01+08:00
Retrieving speedtest.net configuration...
2025-06-18T00:50:01+08:00
Retrieving speedtest.net configuration...
2025-06-18T00:55:01+08:00
Retrieving speedtest.net configuration...
2025-06-18T01:00:01+08:00
Retrieving speedtest.net configuration...
Testing from FIl Products Service Television Inc (103.105.214.52)...
Retrieving speedtest.net server list...
Selecting best server based on ping...
