2025-06-25T00:00:01+08:00
Retrieving speedtest.net configuration...
Testing from FIl Products Service Television Inc (103.105.214.49)...
Retrieving speedtest.net server list...
Selecting best server based on ping...
2025-06-25T00:05:01+08:00
Retrieving speedtest.net configuration...
2025-06-25T00:10:01+08:00
Retrieving speedtest.net configuration...
Testing from FIl Products Service Television Inc (103.105.214.49)...
Retrieving speedtest.net server list...
Selecting best server based on ping...
Hosted by Imtech Solution and Data Providers (Kidapawan City) [321.95 km]: 26.691 ms
Testing download speed................................................................................
Download: 164.86 Mbit/s
Testing upload speed......................................................................................................
Upload: 84.43 Mbit/s
2025-06-25T00:15:01+08:00
Retrieving speedtest.net configuration...
Testing from FIl Products Service Television Inc (103.105.214.49)...
Retrieving speedtest.net server list...
Selecting best server based on ping...
Hosted by Imtech Solution and Data Providers (Kidapawan City) [321.95 km]: 29.683 ms
Testing download speed................................................................................
Download: 179.27 Mbit/s
Testing upload speed......................................................................................................
Upload: 75.15 Mbit/s
2025-06-25T00:20:01+08:00
Retrieving speedtest.net configuration...
Testing from FIl Products Service Television Inc (103.105.214.49)...
Retrieving speedtest.net server list...
Selecting best server based on ping...
Hosted by Imtech Solution and Data Providers (Kidapawan City) [321.95 km]: 26.575 ms
Testing download speed................................................................................
Download: 184.05 Mbit/s
Testing upload speed......................................................................................................
Upload: 56.34 Mbit/s
2025-06-25T00:25:01+08:00
Retrieving speedtest.net configuration...
Testing from FIl Products Service Television Inc (103.105.214.49)...
Retrieving speedtest.net server list...
Selecting best server based on ping...
Hosted by Imtech Solution and Data Providers (Kidapawan City) [321.95 km]: 27.28 ms
Testing download speed................................................................................
Download: 145.35 Mbit/s
Testing upload speed......................................................................................................
Upload: 82.08 Mbit/s
2025-06-25T00:30:01+08:00
Retrieving speedtest.net configuration...
Testing from FIl Products Service Television Inc (103.105.214.54)...
Retrieving speedtest.net server list...
Selecting best server based on ping...
2025-06-25T00:35:01+08:00
Retrieving speedtest.net configuration...
Testing from FIl Products Service Television Inc (103.105.214.54)...
Retrieving speedtest.net server list...
Selecting best server based on ping...
Hosted by Imtech Solution and Data Providers (Kidapawan City) [321.95 km]: 26.367 ms
Testing download speed................................................................................
Download: 110.71 Mbit/s
Testing upload speed......................................................................................................
Upload: 47.53 Mbit/s
2025-06-25T00:40:01+08:00
Retrieving speedtest.net configuration...
Testing from FIl Products Service Television Inc (103.105.214.49)...
Retrieving speedtest.net server list...
Selecting best server based on ping...
Hosted by Imtech Solution and Data Providers (Kidapawan City) [321.95 km]: 26.682 ms
Testing download speed................................................................................
Download: 154.27 Mbit/s
Testing upload speed......................................................................................................
Upload: 47.92 Mbit/s
2025-06-25T00:45:01+08:00
Retrieving speedtest.net configuration...
Testing from FIl Products Service Television Inc (103.105.214.49)...
Retrieving speedtest.net server list...
Selecting best server based on ping...
Hosted by Imtech Solution and Data Providers (Kidapawan City) [321.95 km]: 26.572 ms
Testing download speed................................................................................
Download: 173.03 Mbit/s
Testing upload speed......................................................................................................
Upload: 50.26 Mbit/s
2025-06-25T00:50:01+08:00
Retrieving speedtest.net configuration...
Testing from FIl Products Service Television Inc (103.105.214.54)...
Retrieving speedtest.net server list...
Selecting best server based on ping...
Hosted by Imtech Solution and Data Providers (Kidapawan City) [321.95 km]: 24.112 ms
Testing download speed................................................................................
Download: 171.97 Mbit/s
Testing upload speed......................................................................................................
Upload: 65.97 Mbit/s
2025-06-25T00:55:01+08:00
Retrieving speedtest.net configuration...
Testing from FIl Products Service Television Inc (103.105.214.49)...
Retrieving speedtest.net server list...
Selecting best server based on ping...
Hosted by Imtech Solution and Data Providers (Kidapawan City) [321.95 km]: 24.182 ms
Testing download speed................................................................................
Download: 162.10 Mbit/s
Testing upload speed......................................................................................................
Upload: 57.98 Mbit/s
2025-06-25T01:00:01+08:00
Retrieving speedtest.net configuration...
Testing from FIl Products Service Television Inc (103.105.214.54)...
Retrieving speedtest.net server list...
Selecting best server based on ping...
