2025-06-05T00:00:01+08:00
Retrieving speedtest.net configuration...
Testing from FIl Products Service Television Inc (103.105.214.58)...
Retrieving speedtest.net server list...
Selecting best server based on ping...
2025-06-05T00:05:01+08:00
Retrieving speedtest.net configuration...
2025-06-05T00:10:01+08:00
Retrieving speedtest.net configuration...
Testing from FIl Products Service Television Inc (103.105.214.58)...
Retrieving speedtest.net server list...
Selecting best server based on ping...
Hosted by PLDT (Makati) [634.17 km]: 18.561 ms
Testing download speed................................................................................
Download: 184.33 Mbit/s
Testing upload speed......................................................................................................
Upload: 206.63 Mbit/s
2025-06-05T00:15:01+08:00
Retrieving speedtest.net configuration...
Testing from FIl Products Service Television Inc (103.105.214.58)...
Retrieving speedtest.net server list...
Selecting best server based on ping...
Hosted by PLDT (Makati) [634.17 km]: 17.701 ms
Testing download speed................................................................................
Download: 185.86 Mbit/s
Testing upload speed......................................................................................................
Upload: 234.66 Mbit/s
2025-06-05T00:20:01+08:00
Retrieving speedtest.net configuration...
Testing from FIl Products Service Television Inc (103.105.214.58)...
Retrieving speedtest.net server list...
Selecting best server based on ping...
Hosted by PLDT (Makati) [634.17 km]: 20.012 ms
Testing download speed................................................................................
Download: 164.98 Mbit/s
Testing upload speed......................................................................................................
Upload: 244.25 Mbit/s
2025-06-05T00:25:01+08:00
Retrieving speedtest.net configuration...
Testing from FIl Products Service Television Inc (103.105.214.58)...
Retrieving speedtest.net server list...
Selecting best server based on ping...
Hosted by PLDT (Makati) [634.17 km]: 19.631 ms
Testing download speed................................................................................
Download: 153.16 Mbit/s
Testing upload speed......................................................................................................
Upload: 213.33 Mbit/s
2025-06-05T00:30:01+08:00
Retrieving speedtest.net configuration...
Testing from FIl Products Service Television Inc (103.105.214.58)...
Retrieving speedtest.net server list...
Selecting best server based on ping...
2025-06-05T00:35:01+08:00
Retrieving speedtest.net configuration...
Testing from FIl Products Service Television Inc (103.105.214.58)...
Retrieving speedtest.net server list...
Selecting best server based on ping...
Hosted by PLDT (Makati) [634.17 km]: 19.698 ms
Testing download speed................................................................................
Download: 182.53 Mbit/s
Testing upload speed......................................................................................................
Upload: 241.27 Mbit/s
2025-06-05T00:40:01+08:00
Retrieving speedtest.net configuration...
Testing from FIl Products Service Television Inc (103.105.214.58)...
Retrieving speedtest.net server list...
Selecting best server based on ping...
Hosted by PLDT (Makati) [634.17 km]: 21.021 ms
Testing download speed................................................................................
Download: 168.16 Mbit/s
Testing upload speed......................................................................................................
Upload: 195.67 Mbit/s
2025-06-05T00:45:01+08:00
Retrieving speedtest.net configuration...
Testing from FIl Products Service Television Inc (103.105.214.58)...
Retrieving speedtest.net server list...
Selecting best server based on ping...
Hosted by DITO (Makati City) [634.17 km]: 30.095 ms
Testing download speed................................................................................
Download: 153.06 Mbit/s
Testing upload speed......................................................................................................
Upload: 202.62 Mbit/s
2025-06-05T00:50:01+08:00
Retrieving speedtest.net configuration...
Testing from FIl Products Service Television Inc (103.105.214.58)...
Retrieving speedtest.net server list...
Selecting best server based on ping...
Hosted by PLDT (Makati) [634.17 km]: 20.207 ms
Testing download speed................................................................................
Download: 162.31 Mbit/s
Testing upload speed......................................................................................................
Upload: 201.33 Mbit/s
2025-06-05T00:55:01+08:00
Retrieving speedtest.net configuration...
Testing from FIl Products Service Television Inc (103.105.214.58)...
Retrieving speedtest.net server list...
Selecting best server based on ping...
Hosted by PLDT (Makati) [634.17 km]: 21.893 ms
Testing download speed................................................................................
Download: 167.05 Mbit/s
Testing upload speed......................................................................................................
Upload: 161.73 Mbit/s
2025-06-05T01:00:01+08:00
Retrieving speedtest.net configuration...
Testing from FIl Products Service Television Inc (103.105.214.58)...
Retrieving speedtest.net server list...
Selecting best server based on ping...
2025-06-05T01:05:01+08:00
Retrieving speedtest.net configuration...
2025-06-05T01:10:01+08:00
Retrieving speedtest.net configuration...
Testing from FIl Products Service Television Inc (103.105.214.58)...
Retrieving speedtest.net server list...
Selecting best server based on ping...
Hosted by PLDT (Makati) [634.17 km]: 19.367 ms
Testing download speed................................................................................
Download: 181.58 Mbit/s
Testing upload speed......................................................................................................
Upload: 220.03 Mbit/s
2025-06-05T01:15:01+08:00
Retrieving speedtest.net configuration...
Testing from FIl Products Service Television Inc (103.105.214.58)...
Retrieving speedtest.net server list...
Selecting best server based on ping...
Hosted by PLDT (Makati) [634.17 km]: 20.791 ms
Testing download speed................................................................................
Download: 178.90 Mbit/s
Testing upload speed......................................................................................................
Upload: 208.69 Mbit/s
2025-06-05T01:20:01+08:00
Retrieving speedtest.net configuration...
Testing from FIl Products Service Television Inc (103.105.214.58)...
Retrieving speedtest.net server list...
Selecting best server based on ping...
Hosted by PLDT (Makati) [634.17 km]: 22.207 ms
Testing download speed................................................................................
Download: 185.67 Mbit/s
Testing upload speed......................................................................................................
Upload: 183.34 Mbit/s
2025-06-05T01:25:01+08:00
Retrieving speedtest.net configuration...
Testing from FIl Products Service Television Inc (103.105.214.58)...
Retrieving speedtest.net server list...
Selecting best server based on ping...
Hosted by PLDT (Makati) [634.17 km]: 19.3 ms
Testing download speed................................................................................
Download: 190.80 Mbit/s
Testing upload speed......................................................................................................
Upload: 227.57 Mbit/s
2025-06-05T01:30:01+08:00
Retrieving speedtest.net configuration...
Testing from FIl Products Service Television Inc (103.105.214.58)...
Retrieving speedtest.net server list...
Selecting best server based on ping...
2025-06-05T01:35:01+08:00
Retrieving speedtest.net configuration...
Testing from FIl Products Service Television Inc (103.105.214.58)...
Retrieving speedtest.net server list...
Selecting best server based on ping...
Hosted by PLDT (Makati) [634.17 km]: 19.664 ms
Testing download speed................................................................................
Download: 178.56 Mbit/s
Testing upload speed......................................................................................................
Upload: 204.42 Mbit/s
2025-06-05T01:40:01+08:00
Retrieving speedtest.net configuration...
Testing from FIl Products Service Television Inc (103.105.214.58)...
Retrieving speedtest.net server list...
Selecting best server based on ping...
Hosted by PLDT (Makati) [634.17 km]: 19.763 ms
Testing download speed................................................................................
Download: 168.06 Mbit/s
Testing upload speed......................................................................................................
Upload: 202.83 Mbit/s
2025-06-05T01:45:01+08:00
Retrieving speedtest.net configuration...
Testing from FIl Products Service Television Inc (103.105.214.58)...
Retrieving speedtest.net server list...
Selecting best server based on ping...
Hosted by PLDT (Makati) [634.17 km]: 18.551 ms
Testing download speed................................................................................
Download: 190.01 Mbit/s
Testing upload speed......................................................................................................
Upload: 175.39 Mbit/s
2025-06-05T01:50:01+08:00
Retrieving speedtest.net configuration...
Testing from FIl Products Service Television Inc (103.105.214.58)...
Retrieving speedtest.net server list...
Selecting best server based on ping...
Hosted by PLDT (Makati) [634.17 km]: 20.48 ms
Testing download speed................................................................................
Download: 178.73 Mbit/s
Testing upload speed......................................................................................................
Upload: 222.22 Mbit/s
2025-06-05T01:55:01+08:00
Retrieving speedtest.net configuration...
Testing from FIl Products Service Television Inc (103.105.214.58)...
Retrieving speedtest.net server list...
Selecting best server based on ping...
Hosted by PLDT (Makati) [634.17 km]: 19.349 ms
Testing download speed................................................................................
Download: 183.65 Mbit/s
Testing upload speed......................................................................................................
Upload: 248.50 Mbit/s
2025-06-05T02:00:01+08:00
Retrieving speedtest.net configuration...
Testing from FIl Products Service Television Inc (103.105.214.58)...
Retrieving speedtest.net server list...
Selecting best server based on ping...
2025-06-05T02:05:01+08:00
Retrieving speedtest.net configuration...
2025-06-05T02:10:01+08:00
Retrieving speedtest.net configuration...
Testing from FIl Products Service Television Inc (103.105.214.58)...
Retrieving speedtest.net server list...
Selecting best server based on ping...
Hosted by PLDT (Makati) [634.17 km]: 16.932 ms
Testing download speed................................................................................
Download: 183.38 Mbit/s
Testing upload speed......................................................................................................
Upload: 226.70 Mbit/s
2025-06-05T02:15:01+08:00
Retrieving speedtest.net configuration...
Testing from FIl Products Service Television Inc (103.105.214.58)...
Retrieving speedtest.net server list...
Selecting best server based on ping...
Hosted by DITO (Makati City) [634.17 km]: 28.009 ms
Testing download speed................................................................................
Download: 193.29 Mbit/s
Testing upload speed......................................................................................................
Upload: 207.97 Mbit/s
2025-06-05T02:20:01+08:00
Retrieving speedtest.net configuration...
Testing from FIl Products Service Television Inc (103.105.214.58)...
Retrieving speedtest.net server list...
Selecting best server based on ping...
Hosted by PLDT (Makati) [634.17 km]: 19.389 ms
Testing download speed................................................................................
Download: 180.39 Mbit/s
Testing upload speed......................................................................................................
Upload: 201.16 Mbit/s
2025-06-05T02:25:01+08:00
Retrieving speedtest.net configuration...
Testing from FIl Products Service Television Inc (103.105.214.58)...
Retrieving speedtest.net server list...
Selecting best server based on ping...
Hosted by PLDT (Makati) [634.17 km]: 20.032 ms
Testing download speed................................................................................
Download: 188.02 Mbit/s
Testing upload speed......................................................................................................
Upload: 204.16 Mbit/s
2025-06-05T02:30:01+08:00
Retrieving speedtest.net configuration...
Testing from FIl Products Service Television Inc (103.105.214.58)...
Retrieving speedtest.net server list...
Selecting best server based on ping...
2025-06-05T02:35:02+08:00
Retrieving speedtest.net configuration...
2025-06-05T02:40:01+08:00
Retrieving speedtest.net configuration...
Testing from FIl Products Service Television Inc (103.105.214.58)...
Retrieving speedtest.net server list...
Selecting best server based on ping...
Hosted by PLDT (Makati) [634.17 km]: 19.334 ms
Testing download speed................................................................................
Download: 166.08 Mbit/s
Testing upload speed......................................................................................................
Upload: 228.82 Mbit/s
2025-06-05T02:45:01+08:00
Retrieving speedtest.net configuration...
Testing from FIl Products Service Television Inc (103.105.214.58)...
Retrieving speedtest.net server list...
Selecting best server based on ping...
Hosted by PLDT (Makati) [634.17 km]: 21.52 ms
Testing download speed................................................................................
Download: 187.25 Mbit/s
Testing upload speed......................................................................................................
Upload: 233.49 Mbit/s
2025-06-05T02:50:01+08:00
Retrieving speedtest.net configuration...
Testing from FIl Products Service Television Inc (103.105.214.58)...
Retrieving speedtest.net server list...
Selecting best server based on ping...
Hosted by PLDT (Makati) [634.17 km]: 20.274 ms
Testing download speed................................................................................
Download: 188.87 Mbit/s
Testing upload speed......................................................................................................
Upload: 234.30 Mbit/s
2025-06-05T02:55:01+08:00
Retrieving speedtest.net configuration...
Testing from FIl Products Service Television Inc (103.105.214.58)...
Retrieving speedtest.net server list...
Selecting best server based on ping...
Hosted by PLDT (Makati) [634.17 km]: 21.595 ms
Testing download speed................................................................................
Download: 173.86 Mbit/s
Testing upload speed......................................................................................................
Upload: 192.22 Mbit/s
2025-06-05T03:00:01+08:00
Retrieving speedtest.net configuration...
Testing from FIl Products Service Television Inc (103.105.214.58)...
Retrieving speedtest.net server list...
Selecting best server based on ping...
2025-06-05T03:05:01+08:00
Retrieving speedtest.net configuration...
2025-06-05T03:10:01+08:00
Retrieving speedtest.net configuration...
Testing from FIl Products Service Television Inc (103.105.214.58)...
Retrieving speedtest.net server list...
Selecting best server based on ping...
Hosted by PLDT (Makati) [634.17 km]: 17.475 ms
Testing download speed................................................................................
Download: 187.00 Mbit/s
Testing upload speed......................................................................................................
Upload: 215.58 Mbit/s
2025-06-05T03:15:01+08:00
Retrieving speedtest.net configuration...
Testing from FIl Products Service Television Inc (103.105.214.58)...
Retrieving speedtest.net server list...
Selecting best server based on ping...
Hosted by PLDT (Makati) [634.17 km]: 21.266 ms
Testing download speed................................................................................
Download: 163.92 Mbit/s
Testing upload speed......................................................................................................
Upload: 200.60 Mbit/s
2025-06-05T03:20:02+08:00
Retrieving speedtest.net configuration...
Testing from FIl Products Service Television Inc (103.105.214.58)...
Retrieving speedtest.net server list...
Selecting best server based on ping...
Hosted by PLDT (Makati) [634.17 km]: 18.848 ms
Testing download speed................................................................................
Download: 167.10 Mbit/s
Testing upload speed......................................................................................................
Upload: 201.08 Mbit/s
2025-06-05T03:25:01+08:00
Retrieving speedtest.net configuration...
Testing from FIl Products Service Television Inc (103.105.214.58)...
Retrieving speedtest.net server list...
Selecting best server based on ping...
Hosted by PLDT (Makati) [634.17 km]: 20.504 ms
Testing download speed................................................................................
Download: 185.84 Mbit/s
Testing upload speed......................................................................................................
Upload: 218.92 Mbit/s
2025-06-05T03:30:01+08:00
Retrieving speedtest.net configuration...
Testing from FIl Products Service Television Inc (103.105.214.58)...
Retrieving speedtest.net server list...
Selecting best server based on ping...
2025-06-05T03:35:01+08:00
Retrieving speedtest.net configuration...
Testing from FIl Products Service Television Inc (103.105.214.58)...
Retrieving speedtest.net server list...
Selecting best server based on ping...
Hosted by PLDT (Makati) [634.17 km]: 17.602 ms
Testing download speed................................................................................
Download: 188.88 Mbit/s
Testing upload speed......................................................................................................
Upload: 203.48 Mbit/s
2025-06-05T03:40:01+08:00
Retrieving speedtest.net configuration...
Testing from FIl Products Service Television Inc (103.105.214.58)...
Retrieving speedtest.net server list...
Selecting best server based on ping...
Hosted by PLDT (Makati) [634.17 km]: 20.615 ms
Testing download speed................................................................................
Download: 166.69 Mbit/s
Testing upload speed......................................................................................................
Upload: 184.68 Mbit/s
2025-06-05T03:45:01+08:00
Retrieving speedtest.net configuration...
Testing from FIl Products Service Television Inc (103.105.214.58)...
Retrieving speedtest.net server list...
Selecting best server based on ping...
Hosted by PLDT (Makati) [634.17 km]: 17.46 ms
Testing download speed................................................................................
Download: 186.53 Mbit/s
Testing upload speed......................................................................................................
Upload: 199.05 Mbit/s
2025-06-05T03:50:01+08:00
Retrieving speedtest.net configuration...
Testing from FIl Products Service Television Inc (103.105.214.58)...
Retrieving speedtest.net server list...
Selecting best server based on ping...
Hosted by PLDT (Makati) [634.17 km]: 22.413 ms
Testing download speed................................................................................
Download: 191.38 Mbit/s
Testing upload speed......................................................................................................
Upload: 232.38 Mbit/s
2025-06-05T03:55:01+08:00
Retrieving speedtest.net configuration...
Testing from FIl Products Service Television Inc (103.105.214.58)...
Retrieving speedtest.net server list...
Selecting best server based on ping...
Hosted by PLDT (Makati) [634.17 km]: 18.045 ms
Testing download speed................................................................................
Download: 184.70 Mbit/s
Testing upload speed......................................................................................................
Upload: 198.16 Mbit/s
2025-06-05T04:00:01+08:00
Retrieving speedtest.net configuration...
Testing from FIl Products Service Television Inc (103.105.214.58)...
Retrieving speedtest.net server list...
Selecting best server based on ping...
2025-06-05T04:05:01+08:00
Retrieving speedtest.net configuration...
2025-06-05T04:10:01+08:00
Retrieving speedtest.net configuration...
Testing from FIl Products Service Television Inc (103.105.214.58)...
Retrieving speedtest.net server list...
Selecting best server based on ping...
Hosted by Switch Fiber (Makati City) [634.17 km]: 26.137 ms
Testing download speed................................................................................
Download: 180.72 Mbit/s
Testing upload speed......................................................................................................
Upload: 41.02 Mbit/s
2025-06-05T04:15:01+08:00
Retrieving speedtest.net configuration...
Testing from FIl Products Service Television Inc (103.105.214.58)...
Retrieving speedtest.net server list...
Selecting best server based on ping...
Hosted by PLDT (Makati) [634.17 km]: 25.418 ms
Testing download speed................................................................................
Download: 164.41 Mbit/s
Testing upload speed......................................................................................................
Upload: 222.04 Mbit/s
2025-06-05T04:20:01+08:00
Retrieving speedtest.net configuration...
Testing from FIl Products Service Television Inc (103.105.214.58)...
Retrieving speedtest.net server list...
Selecting best server based on ping...
Hosted by PLDT (Makati) [634.17 km]: 18.852 ms
Testing download speed................................................................................
Download: 185.65 Mbit/s
Testing upload speed......................................................................................................
Upload: 186.44 Mbit/s
2025-06-05T04:25:01+08:00
Retrieving speedtest.net configuration...
Testing from FIl Products Service Television Inc (103.105.214.58)...
Retrieving speedtest.net server list...
Selecting best server based on ping...
Hosted by PLDT (Makati) [634.17 km]: 38.527 ms
Testing download speed................................................................................
Download: 123.02 Mbit/s
Testing upload speed......................................................................................................
Upload: 214.65 Mbit/s
2025-06-05T04:30:01+08:00
Retrieving speedtest.net configuration...
Testing from FIl Products Service Television Inc (103.105.214.58)...
Retrieving speedtest.net server list...
Selecting best server based on ping...
2025-06-05T04:35:01+08:00
Retrieving speedtest.net configuration...
Testing from FIl Products Service Television Inc (103.105.214.58)...
Retrieving speedtest.net server list...
Selecting best server based on ping...
Hosted by PLDT (Makati) [634.17 km]: 21.294 ms
Testing download speed................................................................................
Download: 177.80 Mbit/s
Testing upload speed......................................................................................................
Upload: 224.40 Mbit/s
2025-06-05T04:40:01+08:00
Retrieving speedtest.net configuration...
Testing from FIl Products Service Television Inc (103.105.214.58)...
Retrieving speedtest.net server list...
Selecting best server based on ping...
Hosted by PLDT (Makati) [634.17 km]: 21.315 ms
Testing download speed................................................................................
Download: 176.55 Mbit/s
Testing upload speed......................................................................................................
Upload: 235.21 Mbit/s
2025-06-05T04:45:01+08:00
Retrieving speedtest.net configuration...
Testing from FIl Products Service Television Inc (103.105.214.58)...
Retrieving speedtest.net server list...
Selecting best server based on ping...
Hosted by PLDT (Makati) [634.17 km]: 19.661 ms
Testing download speed................................................................................
Download: 185.08 Mbit/s
Testing upload speed......................................................................................................
Upload: 215.64 Mbit/s
2025-06-05T04:50:01+08:00
Retrieving speedtest.net configuration...
Testing from FIl Products Service Television Inc (103.105.214.58)...
Retrieving speedtest.net server list...
Selecting best server based on ping...
Hosted by PLDT (Makati) [634.17 km]: 20.549 ms
Testing download speed................................................................................
Download: 170.47 Mbit/s
Testing upload speed......................................................................................................
Upload: 223.37 Mbit/s
2025-06-05T04:55:01+08:00
Retrieving speedtest.net configuration...
Testing from FIl Products Service Television Inc (103.105.214.58)...
Retrieving speedtest.net server list...
Selecting best server based on ping...
Hosted by PLDT (Makati) [634.17 km]: 19.072 ms
Testing download speed................................................................................
Download: 185.70 Mbit/s
Testing upload speed......................................................................................................
Upload: 218.59 Mbit/s
2025-06-05T05:00:01+08:00
Retrieving speedtest.net configuration...
Testing from FIl Products Service Television Inc (103.105.214.58)...
Retrieving speedtest.net server list...
Selecting best server based on ping...
2025-06-05T05:05:01+08:00
Retrieving speedtest.net configuration...
2025-06-05T05:10:01+08:00
Retrieving speedtest.net configuration...
Testing from FIl Products Service Television Inc (103.105.214.58)...
Retrieving speedtest.net server list...
Selecting best server based on ping...
Hosted by Switch Fiber (Makati City) [634.17 km]: 26.59 ms
Testing download speed................................................................................
Download: 183.52 Mbit/s
Testing upload speed......................................................................................................
Upload: 32.43 Mbit/s
2025-06-05T05:15:01+08:00
Retrieving speedtest.net configuration...
Testing from FIl Products Service Television Inc (103.105.214.58)...
Retrieving speedtest.net server list...
Selecting best server based on ping...
Hosted by PLDT (Makati) [634.17 km]: 17.172 ms
Testing download speed................................................................................
Download: 189.78 Mbit/s
Testing upload speed......................................................................................................
Upload: 208.16 Mbit/s
2025-06-05T05:20:01+08:00
Retrieving speedtest.net configuration...
Testing from FIl Products Service Television Inc (103.105.214.58)...
Retrieving speedtest.net server list...
Selecting best server based on ping...
Hosted by PLDT (Makati) [634.17 km]: 18.316 ms
Testing download speed................................................................................
Download: 195.02 Mbit/s
Testing upload speed......................................................................................................
Upload: 220.29 Mbit/s
2025-06-05T05:25:01+08:00
Retrieving speedtest.net configuration...
Testing from FIl Products Service Television Inc (103.105.214.58)...
Retrieving speedtest.net server list...
Selecting best server based on ping...
Hosted by PLDT (Makati) [634.17 km]: 21.245 ms
Testing download speed................................................................................
Download: 189.22 Mbit/s
Testing upload speed......................................................................................................
Upload: 206.60 Mbit/s
2025-06-05T05:30:01+08:00
Retrieving speedtest.net configuration...
Testing from FIl Products Service Television Inc (103.105.214.58)...
Retrieving speedtest.net server list...
Selecting best server based on ping...
2025-06-05T05:35:01+08:00
Retrieving speedtest.net configuration...
Testing from FIl Products Service Television Inc (103.105.214.58)...
Retrieving speedtest.net server list...
Selecting best server based on ping...
Hosted by PLDT (Makati) [634.17 km]: 22.856 ms
Testing download speed................................................................................
Download: 170.28 Mbit/s
Testing upload speed......................................................................................................
Upload: 221.78 Mbit/s
2025-06-05T05:40:01+08:00
Retrieving speedtest.net configuration...
Testing from FIl Products Service Television Inc (103.105.214.58)...
Retrieving speedtest.net server list...
Selecting best server based on ping...
Hosted by PLDT (Makati) [634.17 km]: 18.126 ms
Testing download speed................................................................................
Download: 179.86 Mbit/s
Testing upload speed......................................................................................................
Upload: 182.78 Mbit/s
2025-06-05T05:45:01+08:00
Retrieving speedtest.net configuration...
Testing from FIl Products Service Television Inc (103.105.214.58)...
Retrieving speedtest.net server list...
Selecting best server based on ping...
Hosted by PLDT (Makati) [634.17 km]: 21.05 ms
Testing download speed................................................................................
Download: 172.95 Mbit/s
Testing upload speed......................................................................................................
Upload: 180.42 Mbit/s
2025-06-05T05:50:01+08:00
Retrieving speedtest.net configuration...
Testing from FIl Products Service Television Inc (103.105.214.58)...
Retrieving speedtest.net server list...
Selecting best server based on ping...
Hosted by PLDT (Makati) [634.17 km]: 20.829 ms
Testing download speed................................................................................
Download: 160.73 Mbit/s
Testing upload speed......................................................................................................
Upload: 251.65 Mbit/s
2025-06-05T05:55:01+08:00
Retrieving speedtest.net configuration...
Testing from FIl Products Service Television Inc (103.105.214.58)...
Retrieving speedtest.net server list...
Selecting best server based on ping...
Hosted by PLDT (Makati) [634.17 km]: 27.792 ms
Testing download speed................................................................................
Download: 167.35 Mbit/s
Testing upload speed......................................................................................................
Upload: 216.63 Mbit/s
2025-06-05T06:00:01+08:00
Retrieving speedtest.net configuration...
Testing from FIl Products Service Television Inc (103.105.214.58)...
Retrieving speedtest.net server list...
Selecting best server based on ping...
