2025-07-21T00:00:01+08:00
Retrieving speedtest.net configuration...
Testing from FIl Products Service Television Inc (103.105.214.62)...
Retrieving speedtest.net server list...
Selecting best server based on ping...
2025-07-21T00:05:01+08:00
Retrieving speedtest.net configuration...
2025-07-21T00:10:01+08:00
Retrieving speedtest.net configuration...
Testing from FIl Products Service Television Inc (103.105.214.62)...
Retrieving speedtest.net server list...
Selecting best server based on ping...
Hosted by PLDT (Makati) [634.17 km]: 18.091 ms
Testing download speed................................................................................
Download: 183.51 Mbit/s
Testing upload speed......................................................................................................
Upload: 168.45 Mbit/s
2025-07-21T00:15:01+08:00
Retrieving speedtest.net configuration...
Testing from FIl Products Service Television Inc (103.105.214.59)...
Retrieving speedtest.net server list...
Selecting best server based on ping...
Hosted by PLDT (Makati) [634.17 km]: 18.525 ms
Testing download speed................................................................................
Download: 184.02 Mbit/s
Testing upload speed......................................................................................................
Upload: 256.45 Mbit/s
2025-07-21T00:20:01+08:00
Retrieving speedtest.net configuration...
Testing from FIl Products Service Television Inc (103.105.214.59)...
Retrieving speedtest.net server list...
Selecting best server based on ping...
Hosted by Globe Telecom (Taguig) [629.25 km]: 31.888 ms
Testing download speed................................................................................
Download: 203.02 Mbit/s
Testing upload speed......................................................................................................
Upload: 281.33 Mbit/s
2025-07-21T00:25:01+08:00
Retrieving speedtest.net configuration...
Testing from FIl Products Service Television Inc (103.105.214.62)...
Retrieving speedtest.net server list...
Selecting best server based on ping...
Hosted by keith.net Inc. (Makati City) [634.17 km]: 20.506 ms
Testing download speed................................................................................
Download: 164.34 Mbit/s
Testing upload speed......................................................................................................
Upload: 126.97 Mbit/s
2025-07-21T00:30:01+08:00
Retrieving speedtest.net configuration...
Testing from FIl Products Service Television Inc (103.105.214.59)...
Retrieving speedtest.net server list...
Selecting best server based on ping...
2025-07-21T00:35:01+08:00
Retrieving speedtest.net configuration...
Testing from FIl Products Service Television Inc (103.105.214.62)...
Retrieving speedtest.net server list...
Selecting best server based on ping...
Hosted by keith.net Inc. (Makati City) [634.17 km]: 32.107 ms
Testing download speed................................................................................
Download: 185.42 Mbit/s
Testing upload speed......................................................................................................
Upload: 137.19 Mbit/s
2025-07-21T00:40:01+08:00
Retrieving speedtest.net configuration...
Testing from FIl Products Service Television Inc (103.105.214.62)...
Retrieving speedtest.net server list...
Selecting best server based on ping...
Hosted by keith.net Inc. (Makati City) [634.17 km]: 29.625 ms
Testing download speed................................................................................
Download: 188.84 Mbit/s
Testing upload speed......................................................................................................
Upload: 141.34 Mbit/s
2025-07-21T00:45:01+08:00
Retrieving speedtest.net configuration...
Testing from FIl Products Service Television Inc (103.105.214.62)...
Retrieving speedtest.net server list...
Selecting best server based on ping...
Hosted by Globe Telecom (Taguig) [629.25 km]: 28.187 ms
Testing download speed................................................................................
Download: 197.29 Mbit/s
Testing upload speed......................................................................................................
Upload: 191.78 Mbit/s
2025-07-21T00:50:01+08:00
Retrieving speedtest.net configuration...
Testing from FIl Products Service Television Inc (103.105.214.59)...
Retrieving speedtest.net server list...
Selecting best server based on ping...
Hosted by United Eight (Makati City) [634.17 km]: 28.74 ms
Testing download speed................................................................................
Download: 134.62 Mbit/s
Testing upload speed......................................................................................................
Upload: 258.41 Mbit/s
2025-07-21T00:55:01+08:00
Retrieving speedtest.net configuration...
Testing from FIl Products Service Television Inc (103.105.214.62)...
Retrieving speedtest.net server list...
Selecting best server based on ping...
Hosted by Globe Telecom (Taguig) [629.25 km]: 25.946 ms
Testing download speed................................................................................
Download: 201.14 Mbit/s
Testing upload speed......................................................................................................
Upload: 299.92 Mbit/s
2025-07-21T01:00:01+08:00
Retrieving speedtest.net configuration...
Testing from FIl Products Service Television Inc (103.105.214.59)...
Retrieving speedtest.net server list...
Selecting best server based on ping...
