2025-06-01T00:00:01+08:00
Retrieving speedtest.net configuration...
Testing from FIl Products Service Television Inc (103.105.214.55)...
Retrieving speedtest.net server list...
Selecting best server based on ping...
2025-06-01T00:05:01+08:00
Retrieving speedtest.net configuration...
2025-06-01T00:10:01+08:00
Retrieving speedtest.net configuration...
Testing from FIl Products Service Television Inc (103.105.214.55)...
Retrieving speedtest.net server list...
Selecting best server based on ping...
Hosted by Radius Telecoms, Inc. (Cebu City) [126.16 km]: 49.718 ms
Testing download speed................................................................................
Download: 43.71 Mbit/s
Testing upload speed......................................................................................................
Upload: 77.32 Mbit/s
2025-06-01T00:15:01+08:00
Retrieving speedtest.net configuration...
Testing from FIl Products Service Television Inc (103.105.214.55)...
Retrieving speedtest.net server list...
Selecting best server based on ping...
Hosted by Radius Telecoms, Inc. (Cebu City) [126.16 km]: 43.28 ms
Testing download speed................................................................................
Download: 46.46 Mbit/s
Testing upload speed......................................................................................................
Upload: 78.71 Mbit/s
2025-06-01T00:20:01+08:00
Retrieving speedtest.net configuration...
Testing from FIl Products Service Television Inc (103.105.214.60)...
Retrieving speedtest.net server list...
Selecting best server based on ping...
Hosted by Radius Telecoms, Inc. (Cebu City) [126.16 km]: 41.027 ms
Testing download speed................................................................................
Download: 51.05 Mbit/s
Testing upload speed......................................................................................................
Upload: 75.97 Mbit/s
2025-06-01T00:25:01+08:00
Retrieving speedtest.net configuration...
Testing from FIl Products Service Television Inc (103.105.214.55)...
Retrieving speedtest.net server list...
Selecting best server based on ping...
Hosted by Radius Telecoms, Inc. (Cebu City) [126.16 km]: 45.935 ms
Testing download speed................................................................................
Download: 54.20 Mbit/s
Testing upload speed......................................................................................................
Upload: 88.76 Mbit/s
2025-06-01T00:30:01+08:00
Retrieving speedtest.net configuration...
Testing from FIl Products Service Television Inc (103.105.214.55)...
Retrieving speedtest.net server list...
Selecting best server based on ping...
2025-06-01T00:35:01+08:00
Retrieving speedtest.net configuration...
Testing from FIl Products Service Television Inc (103.105.214.55)...
Retrieving speedtest.net server list...
Selecting best server based on ping...
Hosted by Radius Telecoms, Inc. (Cebu City) [126.16 km]: 45.57 ms
Testing download speed................................................................................
Download: 49.60 Mbit/s
Testing upload speed......................................................................................................
Upload: 80.42 Mbit/s
2025-06-01T00:40:01+08:00
Retrieving speedtest.net configuration...
Testing from FIl Products Service Television Inc (103.105.214.55)...
Retrieving speedtest.net server list...
Selecting best server based on ping...
Hosted by Radius Telecoms, Inc. (Cebu City) [126.16 km]: 45.203 ms
Testing download speed................................................................................
Download: 51.76 Mbit/s
Testing upload speed......................................................................................................
Upload: 82.33 Mbit/s
2025-06-01T00:45:01+08:00
Retrieving speedtest.net configuration...
Testing from FIl Products Service Television Inc (103.105.214.55)...
Retrieving speedtest.net server list...
Selecting best server based on ping...
Hosted by Radius Telecoms, Inc. (Cebu City) [126.16 km]: 39.564 ms
Testing download speed................................................................................
Download: 50.01 Mbit/s
Testing upload speed......................................................................................................
Upload: 74.03 Mbit/s
2025-06-01T00:50:01+08:00
Retrieving speedtest.net configuration...
Testing from FIl Products Service Television Inc (103.105.214.60)...
Retrieving speedtest.net server list...
Selecting best server based on ping...
Hosted by Radius Telecoms, Inc. (Cebu City) [126.16 km]: 41.023 ms
Testing download speed................................................................................
Download: 52.10 Mbit/s
Testing upload speed......................................................................................................
Upload: 83.21 Mbit/s
2025-06-01T00:55:01+08:00
Retrieving speedtest.net configuration...
Testing from FIl Products Service Television Inc (103.105.214.60)...
Retrieving speedtest.net server list...
Selecting best server based on ping...
Hosted by Radius Telecoms, Inc. (Cebu City) [126.16 km]: 44.653 ms
Testing download speed................................................................................
Download: 37.31 Mbit/s
Testing upload speed......................................................................................................
Upload: 78.30 Mbit/s
2025-06-01T01:00:01+08:00
Retrieving speedtest.net configuration...
Testing from FIl Products Service Television Inc (103.105.214.60)...
Retrieving speedtest.net server list...
Selecting best server based on ping...
