2025-08-30T00:00:01+08:00
Retrieving speedtest.net configuration...
Testing from FIl Products Service Television Inc (103.105.214.55)...
Retrieving speedtest.net server list...
Selecting best server based on ping...
2025-08-30T00:05:01+08:00
Retrieving speedtest.net configuration...
2025-08-30T00:10:01+08:00
Retrieving speedtest.net configuration...
Testing from FIl Products Service Television Inc (103.105.214.55)...
Retrieving speedtest.net server list...
Selecting best server based on ping...
Hosted by PT&T (Makati City) [634.17 km]: 24.725 ms
Testing download speed................................................................................
Download: 129.52 Mbit/s
Testing upload speed......................................................................................................
Upload: 72.88 Mbit/s
2025-08-30T00:15:01+08:00
Retrieving speedtest.net configuration...
Testing from FIl Products Service Television Inc (103.105.214.60)...
Retrieving speedtest.net server list...
Selecting best server based on ping...
Hosted by PT&T (Makati City) [634.17 km]: 20.76 ms
Testing download speed................................................................................
Download: 115.72 Mbit/s
Testing upload speed......................................................................................................
Upload: 89.31 Mbit/s
2025-08-30T00:20:01+08:00
Retrieving speedtest.net configuration...
Testing from FIl Products Service Television Inc (103.105.214.60)...
Retrieving speedtest.net server list...
Selecting best server based on ping...
Hosted by PT&T (Makati City) [634.17 km]: 22.237 ms
Testing download speed................................................................................
Download: 94.97 Mbit/s
Testing upload speed......................................................................................................
Upload: 88.65 Mbit/s
2025-08-30T00:25:01+08:00
Retrieving speedtest.net configuration...
Testing from FIl Products Service Television Inc (103.105.214.55)...
Retrieving speedtest.net server list...
Selecting best server based on ping...
Hosted by PT&T (Makati City) [634.17 km]: 20.402 ms
Testing download speed................................................................................
Download: 109.43 Mbit/s
Testing upload speed......................................................................................................
Upload: 83.30 Mbit/s
2025-08-30T00:30:01+08:00
Retrieving speedtest.net configuration...
Testing from FIl Products Service Television Inc (103.105.214.55)...
Retrieving speedtest.net server list...
Selecting best server based on ping...
2025-08-30T00:35:01+08:00
Retrieving speedtest.net configuration...
Testing from FIl Products Service Television Inc (103.105.214.60)...
Retrieving speedtest.net server list...
Selecting best server based on ping...
Hosted by PT&T (Makati City) [634.17 km]: 20.334 ms
Testing download speed................................................................................
Download: 93.30 Mbit/s
Testing upload speed......................................................................................................
Upload: 87.68 Mbit/s
2025-08-30T00:40:01+08:00
Retrieving speedtest.net configuration...
2025-08-30T00:45:01+08:00
Retrieving speedtest.net configuration...
Testing from FIl Products Service Television Inc (103.105.214.48)...
Retrieving speedtest.net server list...
Selecting best server based on ping...
Hosted by PT&T (Makati City) [634.17 km]: 23.515 ms
Testing download speed................................................................................
Download: 86.21 Mbit/s
Testing upload speed......................................................................................................
Upload: 83.96 Mbit/s
2025-08-30T00:50:01+08:00
Retrieving speedtest.net configuration...
Testing from FIl Products Service Television Inc (103.105.214.60)...
Retrieving speedtest.net server list...
Selecting best server based on ping...
Hosted by PT&T (Makati City) [634.17 km]: 22.695 ms
Testing download speed................................................................................
Download: 85.58 Mbit/s
Testing upload speed......................................................................................................
Upload: 68.35 Mbit/s
2025-08-30T00:55:01+08:00
Retrieving speedtest.net configuration...
Testing from FIl Products Service Television Inc (103.105.214.60)...
Retrieving speedtest.net server list...
Selecting best server based on ping...
Hosted by PT&T (Makati City) [634.17 km]: 24.187 ms
Testing download speed................................................................................
Download: 86.64 Mbit/s
Testing upload speed......................................................................................................
Upload: 68.50 Mbit/s
2025-08-30T01:00:01+08:00
Retrieving speedtest.net configuration...
Testing from FIl Products Service Television Inc (103.105.214.60)...
Retrieving speedtest.net server list...
Selecting best server based on ping...
2025-08-30T01:05:01+08:00
Retrieving speedtest.net configuration...
2025-08-30T01:10:01+08:00
Retrieving speedtest.net configuration...
Testing from FIl Products Service Television Inc (103.105.214.48)...
Retrieving speedtest.net server list...
Selecting best server based on ping...
Hosted by PT&T (Makati City) [634.17 km]: 22.676 ms
Testing download speed................................................................................
Download: 64.25 Mbit/s
Testing upload speed......................................................................................................
Upload: 77.01 Mbit/s
2025-08-30T01:15:01+08:00
Retrieving speedtest.net configuration...
Testing from FIl Products Service Television Inc (103.105.214.48)...
Retrieving speedtest.net server list...
Selecting best server based on ping...
Hosted by PT&T (Makati City) [634.17 km]: 20.246 ms
Testing download speed................................................................................
Download: 55.91 Mbit/s
Testing upload speed......................................................................................................
Upload: 74.03 Mbit/s
2025-08-30T01:20:01+08:00
Retrieving speedtest.net configuration...
Testing from FIl Products Service Television Inc (103.105.214.60)...
Retrieving speedtest.net server list...
Selecting best server based on ping...
Hosted by PT&T (Makati City) [634.17 km]: 23.152 ms
Testing download speed................................................................................
Download: 87.13 Mbit/s
Testing upload speed......................................................................................................
Upload: 66.98 Mbit/s
2025-08-30T01:25:01+08:00
Retrieving speedtest.net configuration...
Testing from FIl Products Service Television Inc (103.105.214.48)...
Retrieving speedtest.net server list...
Selecting best server based on ping...
Hosted by PT&T (Makati City) [634.17 km]: 20.96 ms
Testing download speed................................................................................
Download: 82.36 Mbit/s
Testing upload speed......................................................................................................
Upload: 67.00 Mbit/s
2025-08-30T01:30:01+08:00
Retrieving speedtest.net configuration...
Testing from FIl Products Service Television Inc (103.105.214.48)...
Retrieving speedtest.net server list...
Selecting best server based on ping...
2025-08-30T01:35:01+08:00
Retrieving speedtest.net configuration...
Testing from FIl Products Service Television Inc (103.105.214.60)...
Retrieving speedtest.net server list...
Selecting best server based on ping...
Hosted by PT&T (Makati City) [634.17 km]: 22.9 ms
Testing download speed................................................................................
Download: 76.04 Mbit/s
Testing upload speed......................................................................................................
Upload: 75.27 Mbit/s
2025-08-30T01:40:01+08:00
Retrieving speedtest.net configuration...
Testing from FIl Products Service Television Inc (103.105.214.60)...
Retrieving speedtest.net server list...
Selecting best server based on ping...
Hosted by PT&T (Makati City) [634.17 km]: 20.718 ms
Testing download speed................................................................................
Download: 67.80 Mbit/s
Testing upload speed......................................................................................................
Upload: 69.45 Mbit/s
2025-08-30T01:45:01+08:00
Retrieving speedtest.net configuration...
Testing from FIl Products Service Television Inc (103.105.214.60)...
Retrieving speedtest.net server list...
Selecting best server based on ping...
Hosted by PT&T (Makati City) [634.17 km]: 21.037 ms
Testing download speed................................................................................
Download: 63.14 Mbit/s
Testing upload speed......................................................................................................
Upload: 73.59 Mbit/s
2025-08-30T01:50:01+08:00
Retrieving speedtest.net configuration...
Testing from FIl Products Service Television Inc (103.105.214.48)...
Retrieving speedtest.net server list...
Selecting best server based on ping...
Hosted by PT&T (Makati City) [634.17 km]: 22.077 ms
Testing download speed................................................................................
Download: 64.76 Mbit/s
Testing upload speed......................................................................................................
Upload: 75.91 Mbit/s
2025-08-30T01:55:01+08:00
Retrieving speedtest.net configuration...
Testing from FIl Products Service Television Inc (103.105.214.60)...
Retrieving speedtest.net server list...
Selecting best server based on ping...
Hosted by PT&T (Makati City) [634.17 km]: 23.32 ms
Testing download speed................................................................................
Download: 85.83 Mbit/s
Testing upload speed......................................................................................................
Upload: 79.08 Mbit/s
2025-08-30T02:00:01+08:00
Retrieving speedtest.net configuration...
Testing from FIl Products Service Television Inc (103.105.214.60)...
Retrieving speedtest.net server list...
Selecting best server based on ping...
2025-08-30T02:05:01+08:00
Retrieving speedtest.net configuration...
2025-08-30T02:10:01+08:00
Retrieving speedtest.net configuration...
Testing from FIl Products Service Television Inc (103.105.214.48)...
Retrieving speedtest.net server list...
Selecting best server based on ping...
Hosted by PT&T (Makati City) [634.17 km]: 20.56 ms
Testing download speed................................................................................
Download: 87.11 Mbit/s
Testing upload speed......................................................................................................
Upload: 70.66 Mbit/s
2025-08-30T02:15:01+08:00
Retrieving speedtest.net configuration...
Testing from FIl Products Service Television Inc (103.105.214.60)...
Retrieving speedtest.net server list...
Selecting best server based on ping...
Hosted by PT&T (Makati City) [634.17 km]: 23.431 ms
Testing download speed................................................................................
Download: 85.56 Mbit/s
Testing upload speed......................................................................................................
Upload: 62.63 Mbit/s
2025-08-30T02:20:01+08:00
Retrieving speedtest.net configuration...
Testing from FIl Products Service Television Inc (103.105.214.48)...
Retrieving speedtest.net server list...
Selecting best server based on ping...
Hosted by PT&T (Makati City) [634.17 km]: 22.586 ms
Testing download speed................................................................................
Download: 65.81 Mbit/s
Testing upload speed......................................................................................................
Upload: 77.48 Mbit/s
2025-08-30T02:25:01+08:00
Retrieving speedtest.net configuration...
Testing from FIl Products Service Television Inc (103.105.214.60)...
Retrieving speedtest.net server list...
Selecting best server based on ping...
Hosted by PT&T (Makati City) [634.17 km]: 25.916 ms
Testing download speed................................................................................
Download: 74.47 Mbit/s
Testing upload speed......................................................................................................
Upload: 71.86 Mbit/s
2025-08-30T02:30:01+08:00
Retrieving speedtest.net configuration...
Testing from FIl Products Service Television Inc (103.105.214.60)...
Retrieving speedtest.net server list...
Selecting best server based on ping...
2025-08-30T02:35:01+08:00
Retrieving speedtest.net configuration...
Testing from FIl Products Service Television Inc (103.105.214.48)...
Retrieving speedtest.net server list...
Selecting best server based on ping...
Hosted by PT&T (Makati City) [634.17 km]: 21.39 ms
Testing download speed................................................................................
Download: 84.23 Mbit/s
Testing upload speed......................................................................................................
Upload: 71.13 Mbit/s
2025-08-30T02:40:01+08:00
Retrieving speedtest.net configuration...
Testing from FIl Products Service Television Inc (103.105.214.60)...
Retrieving speedtest.net server list...
Selecting best server based on ping...
Hosted by PT&T (Makati City) [634.17 km]: 23.147 ms
Testing download speed................................................................................
Download: 89.91 Mbit/s
Testing upload speed......................................................................................................
Upload: 68.21 Mbit/s
2025-08-30T02:45:01+08:00
Retrieving speedtest.net configuration...
Testing from FIl Products Service Television Inc (103.105.214.60)...
Retrieving speedtest.net server list...
Selecting best server based on ping...
Hosted by PT&T (Makati City) [634.17 km]: 20.876 ms
Testing download speed................................................................................
Download: 83.62 Mbit/s
Testing upload speed......................................................................................................
Upload: 67.63 Mbit/s
2025-08-30T02:50:01+08:00
Retrieving speedtest.net configuration...
Testing from FIl Products Service Television Inc (103.105.214.48)...
Retrieving speedtest.net server list...
Selecting best server based on ping...
Hosted by PT&T (Makati City) [634.17 km]: 21.187 ms
Testing download speed................................................................................
Download: 82.80 Mbit/s
Testing upload speed......................................................................................................
Upload: 69.11 Mbit/s
2025-08-30T02:55:01+08:00
Retrieving speedtest.net configuration...
Testing from FIl Products Service Television Inc (103.105.214.60)...
Retrieving speedtest.net server list...
Selecting best server based on ping...
Hosted by PT&T (Makati City) [634.17 km]: 23.832 ms
Testing download speed................................................................................
Download: 80.44 Mbit/s
Testing upload speed......................................................................................................
Upload: 73.77 Mbit/s
2025-08-30T03:00:01+08:00
Retrieving speedtest.net configuration...
Testing from FIl Products Service Television Inc (103.105.214.48)...
Retrieving speedtest.net server list...
