2025-08-27T00:00:01+08:00
Retrieving speedtest.net configuration...
Testing from FIl Products Service Television Inc (103.105.214.48)...
Retrieving speedtest.net server list...
Selecting best server based on ping...
2025-08-27T00:05:01+08:00
Retrieving speedtest.net configuration...
2025-08-27T00:10:01+08:00
Retrieving speedtest.net configuration...
Testing from FIl Products Service Television Inc (103.105.214.48)...
Retrieving speedtest.net server list...
Selecting best server based on ping...
Hosted by Zafra Cable Television Network Inc. (Panglao) [57.64 km]: 30.968 ms
Testing download speed................................................................................
Download: 104.26 Mbit/s
Testing upload speed......................................................................................................
Upload: 82.98 Mbit/s
2025-08-27T00:15:01+08:00
Retrieving speedtest.net configuration...
Testing from FIl Products Service Television Inc (103.105.214.48)...
Retrieving speedtest.net server list...
Selecting best server based on ping...
Hosted by Zafra Cable Television Network Inc. (Panglao) [57.64 km]: 29.716 ms
Testing download speed................................................................................
Download: 115.10 Mbit/s
Testing upload speed......................................................................................................
Upload: 78.44 Mbit/s
2025-08-27T00:20:01+08:00
Retrieving speedtest.net configuration...
Testing from FIl Products Service Television Inc (103.105.214.63)...
Retrieving speedtest.net server list...
Selecting best server based on ping...
Hosted by Zafra Cable Television Network Inc. (Panglao) [57.64 km]: 25.257 ms
Testing download speed................................................................................
Download: 108.40 Mbit/s
Testing upload speed......................................................................................................
Upload: 77.04 Mbit/s
2025-08-27T00:25:01+08:00
Retrieving speedtest.net configuration...
Testing from FIl Products Service Television Inc (103.105.214.48)...
Retrieving speedtest.net server list...
Selecting best server based on ping...
Hosted by Zafra Cable Television Network Inc. (Panglao) [57.64 km]: 26.232 ms
Testing download speed................................................................................
Download: 112.85 Mbit/s
Testing upload speed......................................................................................................
Upload: 79.74 Mbit/s
2025-08-27T00:30:01+08:00
Retrieving speedtest.net configuration...
Testing from FIl Products Service Television Inc (103.105.214.63)...
Retrieving speedtest.net server list...
Selecting best server based on ping...
2025-08-27T00:35:01+08:00
Retrieving speedtest.net configuration...
2025-08-27T00:40:01+08:00
Retrieving speedtest.net configuration...
Testing from FIl Products Service Television Inc (103.105.214.63)...
Retrieving speedtest.net server list...
Selecting best server based on ping...
Hosted by Zafra Cable Television Network Inc. (Panglao) [57.64 km]: 28.366 ms
Testing download speed................................................................................
Download: 122.50 Mbit/s
Testing upload speed......................................................................................................
Upload: 81.28 Mbit/s
2025-08-27T00:45:01+08:00
Retrieving speedtest.net configuration...
Testing from FIl Products Service Television Inc (103.105.214.63)...
Retrieving speedtest.net server list...
Selecting best server based on ping...
Hosted by Zafra Cable Television Network Inc. (Panglao) [57.64 km]: 25.006 ms
Testing download speed................................................................................
Download: 112.15 Mbit/s
Testing upload speed......................................................................................................
Upload: 80.92 Mbit/s
2025-08-27T00:50:01+08:00
Retrieving speedtest.net configuration...
Testing from FIl Products Service Television Inc (103.105.214.63)...
Retrieving speedtest.net server list...
Selecting best server based on ping...
Hosted by Zafra Cable Television Network Inc. (Panglao) [57.64 km]: 27.316 ms
Testing download speed................................................................................
Download: 112.45 Mbit/s
Testing upload speed......................................................................................................
Upload: 81.82 Mbit/s
2025-08-27T00:55:01+08:00
Retrieving speedtest.net configuration...
Testing from FIl Products Service Television Inc (103.105.214.48)...
Retrieving speedtest.net server list...
Selecting best server based on ping...
Hosted by Zafra Cable Television Network Inc. (Panglao) [57.64 km]: 30.434 ms
Testing download speed................................................................................
Download: 91.96 Mbit/s
Testing upload speed......................................................................................................
Upload: 72.55 Mbit/s
2025-08-27T01:00:01+08:00
Retrieving speedtest.net configuration...
Testing from FIl Products Service Television Inc (103.105.214.48)...
Retrieving speedtest.net server list...
Selecting best server based on ping...
2025-08-27T01:05:01+08:00
Retrieving speedtest.net configuration...
2025-08-27T01:10:01+08:00
Retrieving speedtest.net configuration...
Testing from FIl Products Service Television Inc (103.105.214.63)...
Retrieving speedtest.net server list...
Selecting best server based on ping...
Hosted by Zafra Cable Television Network Inc. (Panglao) [57.64 km]: 29.835 ms
Testing download speed................................................................................
Download: 104.08 Mbit/s
Testing upload speed......................................................................................................
Upload: 81.25 Mbit/s
2025-08-27T01:15:01+08:00
Retrieving speedtest.net configuration...
Testing from FIl Products Service Television Inc (103.105.214.63)...
Retrieving speedtest.net server list...
Selecting best server based on ping...
Hosted by Zafra Cable Television Network Inc. (Panglao) [57.64 km]: 24.083 ms
Testing download speed................................................................................
Download: 107.47 Mbit/s
Testing upload speed......................................................................................................
Upload: 82.09 Mbit/s
2025-08-27T01:20:01+08:00
Retrieving speedtest.net configuration...
Testing from FIl Products Service Television Inc (103.105.214.63)...
Retrieving speedtest.net server list...
Selecting best server based on ping...
Hosted by Zafra Cable Television Network Inc. (Panglao) [57.64 km]: 26.655 ms
Testing download speed................................................................................
Download: 107.51 Mbit/s
Testing upload speed......................................................................................................
Upload: 79.47 Mbit/s
2025-08-27T01:25:01+08:00
Retrieving speedtest.net configuration...
Testing from FIl Products Service Television Inc (103.105.214.63)...
Retrieving speedtest.net server list...
Selecting best server based on ping...
Hosted by Zafra Cable Television Network Inc. (Panglao) [57.64 km]: 27.059 ms
Testing download speed................................................................................
Download: 118.50 Mbit/s
Testing upload speed......................................................................................................
Upload: 79.77 Mbit/s
2025-08-27T01:30:01+08:00
Retrieving speedtest.net configuration...
Testing from FIl Products Service Television Inc (103.105.214.63)...
Retrieving speedtest.net server list...
Selecting best server based on ping...
2025-08-27T01:35:01+08:00
Retrieving speedtest.net configuration...
Testing from FIl Products Service Television Inc (103.105.214.48)...
Retrieving speedtest.net server list...
Selecting best server based on ping...
Hosted by Zafra Cable Television Network Inc. (Panglao) [57.64 km]: 30.086 ms
Testing download speed................................................................................
Download: 119.45 Mbit/s
Testing upload speed......................................................................................................
Upload: 71.85 Mbit/s
2025-08-27T01:40:01+08:00
Retrieving speedtest.net configuration...
Testing from FIl Products Service Television Inc (103.105.214.48)...
Retrieving speedtest.net server list...
Selecting best server based on ping...
Hosted by Zafra Cable Television Network Inc. (Panglao) [57.64 km]: 27.968 ms
Testing download speed................................................................................
Download: 124.16 Mbit/s
Testing upload speed......................................................................................................
Upload: 79.20 Mbit/s
2025-08-27T01:45:01+08:00
Retrieving speedtest.net configuration...
Testing from FIl Products Service Television Inc (103.105.214.48)...
Retrieving speedtest.net server list...
Selecting best server based on ping...
Hosted by Zafra Cable Television Network Inc. (Panglao) [57.64 km]: 25.569 ms
Testing download speed................................................................................
Download: 114.93 Mbit/s
Testing upload speed......................................................................................................
Upload: 74.30 Mbit/s
2025-08-27T01:50:01+08:00
Retrieving speedtest.net configuration...
Testing from FIl Products Service Television Inc (103.105.214.63)...
Retrieving speedtest.net server list...
Selecting best server based on ping...
Hosted by Zafra Cable Television Network Inc. (Panglao) [57.64 km]: 25.911 ms
Testing download speed................................................................................
Download: 107.11 Mbit/s
Testing upload speed......................................................................................................
Upload: 78.14 Mbit/s
2025-08-27T01:55:02+08:00
Retrieving speedtest.net configuration...
Testing from FIl Products Service Television Inc (103.105.214.48)...
Retrieving speedtest.net server list...
Selecting best server based on ping...
Hosted by Zafra Cable Television Network Inc. (Panglao) [57.64 km]: 31.013 ms
Testing download speed................................................................................
Download: 139.40 Mbit/s
Testing upload speed......................................................................................................
Upload: 84.45 Mbit/s
2025-08-27T02:00:01+08:00
Retrieving speedtest.net configuration...
Testing from FIl Products Service Television Inc (103.105.214.63)...
Retrieving speedtest.net server list...
Selecting best server based on ping...
2025-08-27T02:05:01+08:00
Retrieving speedtest.net configuration...
2025-08-27T02:10:01+08:00
Retrieving speedtest.net configuration...
Testing from FIl Products Service Television Inc (103.105.214.63)...
Retrieving speedtest.net server list...
Selecting best server based on ping...
Hosted by PT&T (Makati City) [634.17 km]: 19.137 ms
Testing download speed................................................................................
Download: 128.81 Mbit/s
Testing upload speed......................................................................................................
Upload: 90.14 Mbit/s
2025-08-27T02:15:01+08:00
Retrieving speedtest.net configuration...
Testing from FIl Products Service Television Inc (103.105.214.63)...
Retrieving speedtest.net server list...
Selecting best server based on ping...
Hosted by PT&T (Makati City) [634.17 km]: 20.468 ms
Testing download speed................................................................................
Download: 118.27 Mbit/s
Testing upload speed......................................................................................................
Upload: 87.83 Mbit/s
2025-08-27T02:20:01+08:00
Retrieving speedtest.net configuration...
Testing from FIl Products Service Television Inc (103.105.214.63)...
Retrieving speedtest.net server list...
Selecting best server based on ping...
Hosted by PT&T (Makati City) [634.17 km]: 21.889 ms
Testing download speed................................................................................
Download: 117.37 Mbit/s
Testing upload speed......................................................................................................
Upload: 83.58 Mbit/s
2025-08-27T02:25:01+08:00
Retrieving speedtest.net configuration...
Testing from FIl Products Service Television Inc (103.105.214.48)...
Retrieving speedtest.net server list...
Selecting best server based on ping...
Hosted by PT&T (Makati City) [634.17 km]: 21.027 ms
Testing download speed................................................................................
Download: 131.44 Mbit/s
Testing upload speed......................................................................................................
Upload: 90.34 Mbit/s
2025-08-27T02:30:01+08:00
Retrieving speedtest.net configuration...
Testing from FIl Products Service Television Inc (103.105.214.48)...
Retrieving speedtest.net server list...
Selecting best server based on ping...
2025-08-27T02:35:01+08:00
Retrieving speedtest.net configuration...
Testing from FIl Products Service Television Inc (103.105.214.48)...
Retrieving speedtest.net server list...
Selecting best server based on ping...
Hosted by PT&T (Makati City) [634.17 km]: 21.059 ms
Testing download speed................................................................................
Download: 108.41 Mbit/s
Testing upload speed......................................................................................................
Upload: 73.45 Mbit/s
2025-08-27T02:40:01+08:00
Retrieving speedtest.net configuration...
Testing from FIl Products Service Television Inc (103.105.214.63)...
Retrieving speedtest.net server list...
Selecting best server based on ping...
Hosted by PT&T (Makati City) [634.17 km]: 18.594 ms
Testing download speed................................................................................
Download: 107.92 Mbit/s
Testing upload speed......................................................................................................
Upload: 88.96 Mbit/s
2025-08-27T02:45:01+08:00
Retrieving speedtest.net configuration...
Testing from FIl Products Service Television Inc (103.105.214.63)...
Retrieving speedtest.net server list...
Selecting best server based on ping...
Hosted by PT&T (Makati City) [634.17 km]: 18.852 ms
Testing download speed................................................................................
Download: 113.53 Mbit/s
Testing upload speed......................................................................................................
Upload: 88.85 Mbit/s
2025-08-27T02:50:01+08:00
Retrieving speedtest.net configuration...
Testing from FIl Products Service Television Inc (103.105.214.63)...
Retrieving speedtest.net server list...
Selecting best server based on ping...
Hosted by PT&T (Makati City) [634.17 km]: 18.634 ms
Testing download speed................................................................................
Download: 93.02 Mbit/s
Testing upload speed......................................................................................................
Upload: 91.92 Mbit/s
2025-08-27T02:55:01+08:00
Retrieving speedtest.net configuration...
Testing from FIl Products Service Television Inc (103.105.214.48)...
Retrieving speedtest.net server list...
Selecting best server based on ping...
Hosted by PT&T (Makati City) [634.17 km]: 19.01 ms
Testing download speed................................................................................
Download: 124.62 Mbit/s
Testing upload speed......................................................................................................
Upload: 86.46 Mbit/s
2025-08-27T03:00:01+08:00
Retrieving speedtest.net configuration...
Testing from FIl Products Service Television Inc (103.105.214.63)...
Retrieving speedtest.net server list...
Selecting best server based on ping...
