2025-08-29T00:00:01+08:00
Retrieving speedtest.net configuration...
Testing from FIl Products Service Television Inc (103.105.214.63)...
Retrieving speedtest.net server list...
Selecting best server based on ping...
2025-08-29T00:05:01+08:00
Retrieving speedtest.net configuration...
2025-08-29T00:10:01+08:00
Retrieving speedtest.net configuration...
Testing from FIl Products Service Television Inc (103.105.214.48)...
Retrieving speedtest.net server list...
Selecting best server based on ping...
Hosted by Globe Telecom (Makati) [633.45 km]: 45.618 ms
Testing download speed................................................................................
Download: 134.56 Mbit/s
Testing upload speed......................................................................................................
Upload: 78.44 Mbit/s
2025-08-29T00:15:01+08:00
Retrieving speedtest.net configuration...
Testing from FIl Products Service Television Inc (103.105.214.63)...
Retrieving speedtest.net server list...
Selecting best server based on ping...
Hosted by Globe Telecom (Makati) [633.45 km]: 24.34 ms
Testing download speed................................................................................
Download: 120.75 Mbit/s
Testing upload speed......................................................................................................
Upload: 78.35 Mbit/s
2025-08-29T00:20:01+08:00
Retrieving speedtest.net configuration...
Testing from FIl Products Service Television Inc (103.105.214.63)...
Retrieving speedtest.net server list...
Selecting best server based on ping...
Hosted by Globe Telecom (Makati) [633.45 km]: 26.306 ms
Testing download speed................................................................................
Download: 110.72 Mbit/s
Testing upload speed......................................................................................................
Upload: 84.49 Mbit/s
2025-08-29T00:25:01+08:00
Retrieving speedtest.net configuration...
Testing from FIl Products Service Television Inc (103.105.214.63)...
Retrieving speedtest.net server list...
Selecting best server based on ping...
Hosted by Philippine Global Communications, Inc. (Makati) [633.45 km]: 39.815 ms
Testing download speed................................................................................
Download: 126.35 Mbit/s
Testing upload speed......................................................................................................
Upload: 88.88 Mbit/s
2025-08-29T00:30:02+08:00
Retrieving speedtest.net configuration...
Testing from FIl Products Service Television Inc (103.105.214.63)...
Retrieving speedtest.net server list...
Selecting best server based on ping...
2025-08-29T00:35:01+08:00
Retrieving speedtest.net configuration...
Testing from FIl Products Service Television Inc (103.105.214.48)...
Retrieving speedtest.net server list...
Selecting best server based on ping...
Hosted by Philippine Global Communications, Inc. (Makati) [633.45 km]: 30.359 ms
Testing download speed................................................................................
Download: 112.76 Mbit/s
Testing upload speed......................................................................................................
Upload: 82.92 Mbit/s
2025-08-29T00:40:01+08:00
Retrieving speedtest.net configuration...
Testing from FIl Products Service Television Inc (103.105.214.48)...
Retrieving speedtest.net server list...
Selecting best server based on ping...
Hosted by Globe Telecom (Makati) [633.45 km]: 33.87 ms
Testing download speed................................................................................
Download: 121.40 Mbit/s
Testing upload speed......................................................................................................
Upload: 81.18 Mbit/s
2025-08-29T00:45:01+08:00
Retrieving speedtest.net configuration...
Testing from FIl Products Service Television Inc (103.105.214.48)...
Retrieving speedtest.net server list...
Selecting best server based on ping...
Hosted by Globe Telecom (Makati) [633.45 km]: 27.09 ms
Testing download speed................................................................................
Download: 110.48 Mbit/s
Testing upload speed......................................................................................................
Upload: 83.18 Mbit/s
2025-08-29T00:50:01+08:00
Retrieving speedtest.net configuration...
Testing from FIl Products Service Television Inc (103.105.214.48)...
Retrieving speedtest.net server list...
Selecting best server based on ping...
Hosted by Globe Telecom (Makati) [633.45 km]: 28.137 ms
Testing download speed................................................................................
Download: 121.47 Mbit/s
Testing upload speed......................................................................................................
Upload: 84.12 Mbit/s
2025-08-29T00:55:01+08:00
Retrieving speedtest.net configuration...
Testing from FIl Products Service Television Inc (103.105.214.48)...
Retrieving speedtest.net server list...
Selecting best server based on ping...
Hosted by Globe Telecom (Makati) [633.45 km]: 30.996 ms
Testing download speed................................................................................
Download: 134.93 Mbit/s
Testing upload speed......................................................................................................
Upload: 83.48 Mbit/s
2025-08-29T01:00:02+08:00
Retrieving speedtest.net configuration...
Testing from FIl Products Service Television Inc (103.105.214.63)...
Retrieving speedtest.net server list...
Selecting best server based on ping...
2025-08-29T01:05:01+08:00
Retrieving speedtest.net configuration...
2025-08-29T01:10:01+08:00
Retrieving speedtest.net configuration...
Testing from FIl Products Service Television Inc (103.105.214.63)...
Retrieving speedtest.net server list...
Selecting best server based on ping...
Hosted by Globe Telecom (Makati) [633.45 km]: 39.317 ms
Testing download speed................................................................................
Download: 127.22 Mbit/s
Testing upload speed......................................................................................................
Upload: 82.32 Mbit/s
2025-08-29T01:15:01+08:00
Retrieving speedtest.net configuration...
Testing from FIl Products Service Television Inc (103.105.214.63)...
Retrieving speedtest.net server list...
Selecting best server based on ping...
Hosted by Globe Telecom (Makati) [633.45 km]: 27.742 ms
Testing download speed................................................................................
Download: 123.06 Mbit/s
Testing upload speed......................................................................................................
Upload: 82.54 Mbit/s
2025-08-29T01:20:01+08:00
Retrieving speedtest.net configuration...
Testing from FIl Products Service Television Inc (103.105.214.63)...
Retrieving speedtest.net server list...
Selecting best server based on ping...
Hosted by Philippine Global Communications, Inc. (Makati) [633.45 km]: 29.876 ms
Testing download speed................................................................................
Download: 113.03 Mbit/s
Testing upload speed......................................................................................................
Upload: 81.26 Mbit/s
2025-08-29T01:25:01+08:00
Retrieving speedtest.net configuration...
Testing from FIl Products Service Television Inc (103.105.214.63)...
Retrieving speedtest.net server list...
Selecting best server based on ping...
Hosted by Globe Telecom (Makati) [633.45 km]: 27.398 ms
Testing download speed................................................................................
Download: 110.35 Mbit/s
Testing upload speed......................................................................................................
Upload: 77.23 Mbit/s
2025-08-29T01:30:01+08:00
Retrieving speedtest.net configuration...
Testing from FIl Products Service Television Inc (103.105.214.48)...
Retrieving speedtest.net server list...
Selecting best server based on ping...
2025-08-29T01:35:01+08:00
Retrieving speedtest.net configuration...
Testing from FIl Products Service Television Inc (103.105.214.63)...
Retrieving speedtest.net server list...
Selecting best server based on ping...
Hosted by Globe Telecom (Makati) [633.45 km]: 31.434 ms
Testing download speed................................................................................
Download: 116.69 Mbit/s
Testing upload speed......................................................................................................
Upload: 81.86 Mbit/s
2025-08-29T01:40:01+08:00
Retrieving speedtest.net configuration...
Testing from FIl Products Service Television Inc (103.105.214.48)...
Retrieving speedtest.net server list...
Selecting best server based on ping...
Hosted by Globe Telecom (Makati) [633.45 km]: 27.263 ms
Testing download speed................................................................................
Download: 115.93 Mbit/s
Testing upload speed......................................................................................................
Upload: 84.28 Mbit/s
2025-08-29T01:45:01+08:00
Retrieving speedtest.net configuration...
Testing from FIl Products Service Television Inc (103.105.214.48)...
Retrieving speedtest.net server list...
Selecting best server based on ping...
Hosted by Globe Telecom (Makati) [633.45 km]: 31.704 ms
Testing download speed................................................................................
Download: 119.99 Mbit/s
Testing upload speed......................................................................................................
Upload: 82.17 Mbit/s
2025-08-29T01:50:01+08:00
Retrieving speedtest.net configuration...
Testing from FIl Products Service Television Inc (103.105.214.48)...
Retrieving speedtest.net server list...
Selecting best server based on ping...
Hosted by Globe Telecom (Makati) [633.45 km]: 24.323 ms
Testing download speed................................................................................
Download: 129.37 Mbit/s
Testing upload speed......................................................................................................
Upload: 89.33 Mbit/s
2025-08-29T01:55:01+08:00
Retrieving speedtest.net configuration...
Testing from FIl Products Service Television Inc (103.105.214.48)...
Retrieving speedtest.net server list...
Selecting best server based on ping...
Hosted by Globe Telecom (Makati) [633.45 km]: 27.908 ms
Testing download speed................................................................................
Download: 123.06 Mbit/s
Testing upload speed......................................................................................................
Upload: 83.11 Mbit/s
2025-08-29T02:00:01+08:00
Retrieving speedtest.net configuration...
Testing from FIl Products Service Television Inc (103.105.214.48)...
Retrieving speedtest.net server list...
Selecting best server based on ping...
2025-08-29T02:05:01+08:00
Retrieving speedtest.net configuration...
2025-08-29T02:10:01+08:00
Retrieving speedtest.net configuration...
Testing from FIl Products Service Television Inc (103.105.214.48)...
Retrieving speedtest.net server list...
Selecting best server based on ping...
Hosted by Globe Telecom (Makati) [633.45 km]: 33.821 ms
Testing download speed................................................................................
Download: 126.47 Mbit/s
Testing upload speed......................................................................................................
Upload: 79.02 Mbit/s
2025-08-29T02:15:01+08:00
Retrieving speedtest.net configuration...
Testing from FIl Products Service Television Inc (103.105.214.48)...
Retrieving speedtest.net server list...
Selecting best server based on ping...
Hosted by Globe Telecom (Makati) [633.45 km]: 26.448 ms
Testing download speed................................................................................
Download: 134.04 Mbit/s
Testing upload speed......................................................................................................
Upload: 81.26 Mbit/s
2025-08-29T02:20:01+08:00
Retrieving speedtest.net configuration...
Testing from FIl Products Service Television Inc (103.105.214.63)...
Retrieving speedtest.net server list...
Selecting best server based on ping...
Hosted by Globe Telecom (Makati) [633.45 km]: 29.2 ms
Testing download speed................................................................................
Download: 106.86 Mbit/s
Testing upload speed......................................................................................................
Upload: 81.46 Mbit/s
2025-08-29T02:25:01+08:00
Retrieving speedtest.net configuration...
Testing from FIl Products Service Television Inc (103.105.214.63)...
Retrieving speedtest.net server list...
Selecting best server based on ping...
Hosted by Globe Telecom (Makati) [633.45 km]: 23.413 ms
Testing download speed................................................................................
Download: 119.16 Mbit/s
Testing upload speed......................................................................................................
Upload: 79.92 Mbit/s
2025-08-29T02:30:01+08:00
Retrieving speedtest.net configuration...
Testing from FIl Products Service Television Inc (103.105.214.48)...
Retrieving speedtest.net server list...
Selecting best server based on ping...
2025-08-29T02:35:01+08:00
Retrieving speedtest.net configuration...
Testing from FIl Products Service Television Inc (103.105.214.48)...
Retrieving speedtest.net server list...
Selecting best server based on ping...
Hosted by Globe Telecom (Makati) [633.45 km]: 34.343 ms
Testing download speed................................................................................
Download: 111.76 Mbit/s
Testing upload speed......................................................................................................
Upload: 83.44 Mbit/s
2025-08-29T02:40:01+08:00
Retrieving speedtest.net configuration...
Testing from FIl Products Service Television Inc (103.105.214.48)...
Retrieving speedtest.net server list...
Selecting best server based on ping...
Hosted by Globe Telecom (Makati) [633.45 km]: 24.353 ms
Testing download speed................................................................................
Download: 134.34 Mbit/s
Testing upload speed......................................................................................................
Upload: 80.70 Mbit/s
2025-08-29T02:45:01+08:00
Retrieving speedtest.net configuration...
Testing from FIl Products Service Television Inc (103.105.214.48)...
Retrieving speedtest.net server list...
Selecting best server based on ping...
Hosted by PLDT (Manila) [637.79 km]: 42.307 ms
Testing download speed................................................................................
Download: 92.55 Mbit/s
Testing upload speed......................................................................................................
Upload: 66.93 Mbit/s
2025-08-29T02:50:01+08:00
Retrieving speedtest.net configuration...
Testing from FIl Products Service Television Inc (103.105.214.63)...
Retrieving speedtest.net server list...
Selecting best server based on ping...
Hosted by United Eight (Makati City) [634.17 km]: 38.594 ms
Testing download speed................................................................................
Download: 83.67 Mbit/s
Testing upload speed......................................................................................................
Upload: 41.98 Mbit/s
2025-08-29T02:55:01+08:00
Retrieving speedtest.net configuration...
Testing from FIl Products Service Television Inc (103.105.214.48)...
Retrieving speedtest.net server list...
Selecting best server based on ping...
Hosted by PLDT (Manila) [637.79 km]: 40.685 ms
Testing download speed................................................................................
Download: 86.02 Mbit/s
Testing upload speed......................................................................................................
Upload: 65.65 Mbit/s
2025-08-29T03:00:01+08:00
Retrieving speedtest.net configuration...
Testing from FIl Products Service Television Inc (103.105.214.53)...
Retrieving speedtest.net server list...
Selecting best server based on ping...
