2025-08-12T00:00:01+08:00
Retrieving speedtest.net configuration...
Testing from FIl Products Service Television Inc (103.105.214.59)...
Retrieving speedtest.net server list...
Selecting best server based on ping...
2025-08-12T00:05:01+08:00
Retrieving speedtest.net configuration...
2025-08-12T00:10:01+08:00
Retrieving speedtest.net configuration...
Testing from FIl Products Service Television Inc (103.105.214.56)...
Retrieving speedtest.net server list...
Selecting best server based on ping...
Hosted by RISE.ph (Makati) [633.45 km]: 21.841 ms
Testing download speed................................................................................
Download: 187.16 Mbit/s
Testing upload speed......................................................................................................
Upload: 360.32 Mbit/s
2025-08-12T00:15:01+08:00
Retrieving speedtest.net configuration...
Testing from FIl Products Service Television Inc (103.105.214.59)...
Retrieving speedtest.net server list...
Selecting best server based on ping...
Hosted by RISE.ph (Makati) [633.45 km]: 21.87 ms
Testing download speed................................................................................
Download: 202.39 Mbit/s
Testing upload speed......................................................................................................
Upload: 356.26 Mbit/s
2025-08-12T00:20:01+08:00
Retrieving speedtest.net configuration...
Testing from FIl Products Service Television Inc (103.105.214.59)...
Retrieving speedtest.net server list...
Selecting best server based on ping...
Hosted by RISE.ph (Makati) [633.45 km]: 22.2 ms
Testing download speed................................................................................
Download: 194.72 Mbit/s
Testing upload speed......................................................................................................
Upload: 345.27 Mbit/s
2025-08-12T00:25:01+08:00
Retrieving speedtest.net configuration...
Testing from FIl Products Service Television Inc (103.105.214.56)...
Retrieving speedtest.net server list...
Selecting best server based on ping...
Hosted by RISE.ph (Makati) [633.45 km]: 23.004 ms
Testing download speed................................................................................
Download: 199.82 Mbit/s
Testing upload speed......................................................................................................
Upload: 291.90 Mbit/s
2025-08-12T00:30:01+08:00
Retrieving speedtest.net configuration...
Testing from FIl Products Service Television Inc (103.105.214.59)...
Retrieving speedtest.net server list...
Selecting best server based on ping...
2025-08-12T00:35:01+08:00
Retrieving speedtest.net configuration...
Testing from FIl Products Service Television Inc (103.105.214.56)...
Retrieving speedtest.net server list...
Selecting best server based on ping...
Hosted by RISE.ph (Makati) [633.45 km]: 21.371 ms
Testing download speed................................................................................
Download: 198.47 Mbit/s
Testing upload speed......................................................................................................
Upload: 351.81 Mbit/s
2025-08-12T00:40:02+08:00
Retrieving speedtest.net configuration...
Testing from FIl Products Service Television Inc (103.105.214.56)...
Retrieving speedtest.net server list...
Selecting best server based on ping...
Hosted by RISE.ph (Makati) [633.45 km]: 22.239 ms
Testing download speed................................................................................
Download: 180.55 Mbit/s
Testing upload speed......................................................................................................
Upload: 293.80 Mbit/s
2025-08-12T00:45:01+08:00
Retrieving speedtest.net configuration...
Testing from FIl Products Service Television Inc (103.105.214.56)...
Retrieving speedtest.net server list...
Selecting best server based on ping...
Hosted by RISE.ph (Makati) [633.45 km]: 22.25 ms
Testing download speed................................................................................
Download: 197.94 Mbit/s
Testing upload speed......................................................................................................
Upload: 365.98 Mbit/s
2025-08-12T00:50:01+08:00
Retrieving speedtest.net configuration...
Testing from FIl Products Service Television Inc (103.105.214.59)...
Retrieving speedtest.net server list...
Selecting best server based on ping...
Hosted by RISE.ph (Makati) [633.45 km]: 21.647 ms
Testing download speed................................................................................
Download: 199.60 Mbit/s
Testing upload speed......................................................................................................
Upload: 363.36 Mbit/s
2025-08-12T00:55:01+08:00
Retrieving speedtest.net configuration...
Testing from FIl Products Service Television Inc (103.105.214.59)...
Retrieving speedtest.net server list...
Selecting best server based on ping...
Hosted by RISE.ph (Makati) [633.45 km]: 21.616 ms
Testing download speed................................................................................
Download: 177.61 Mbit/s
Testing upload speed......................................................................................................
Upload: 309.98 Mbit/s
2025-08-12T01:00:01+08:00
Retrieving speedtest.net configuration...
Testing from FIl Products Service Television Inc (103.105.214.59)...
Retrieving speedtest.net server list...
Selecting best server based on ping...
2025-08-12T01:05:01+08:00
Retrieving speedtest.net configuration...
2025-08-12T01:10:01+08:00
Retrieving speedtest.net configuration...
Testing from FIl Products Service Television Inc (103.105.214.56)...
Retrieving speedtest.net server list...
Selecting best server based on ping...
Hosted by RISE.ph (Makati) [633.45 km]: 21.773 ms
Testing download speed................................................................................
Download: 162.65 Mbit/s
Testing upload speed......................................................................................................
Upload: 283.15 Mbit/s
2025-08-12T01:15:01+08:00
Retrieving speedtest.net configuration...
Testing from FIl Products Service Television Inc (103.105.214.59)...
Retrieving speedtest.net server list...
Selecting best server based on ping...
Hosted by RISE.ph (Makati) [633.45 km]: 21.719 ms
Testing download speed................................................................................
Download: 194.89 Mbit/s
Testing upload speed......................................................................................................
Upload: 305.29 Mbit/s
2025-08-12T01:20:01+08:00
Retrieving speedtest.net configuration...
Testing from FIl Products Service Television Inc (103.105.214.56)...
Retrieving speedtest.net server list...
Selecting best server based on ping...
Hosted by RISE.ph (Makati) [633.45 km]: 21.754 ms
Testing download speed................................................................................
Download: 188.83 Mbit/s
Testing upload speed......................................................................................................
Upload: 372.08 Mbit/s
2025-08-12T01:25:01+08:00
Retrieving speedtest.net configuration...
Testing from FIl Products Service Television Inc (103.105.214.59)...
Retrieving speedtest.net server list...
Selecting best server based on ping...
Hosted by RISE.ph (Makati) [633.45 km]: 21.372 ms
Testing download speed................................................................................
Download: 193.13 Mbit/s
Testing upload speed......................................................................................................
Upload: 334.26 Mbit/s
2025-08-12T01:30:01+08:00
Retrieving speedtest.net configuration...
Testing from FIl Products Service Television Inc (103.105.214.59)...
Retrieving speedtest.net server list...
Selecting best server based on ping...
2025-08-12T01:35:01+08:00
Retrieving speedtest.net configuration...
Testing from FIl Products Service Television Inc (103.105.214.59)...
Retrieving speedtest.net server list...
Selecting best server based on ping...
Hosted by Globe Telecom (Taguig) [629.25 km]: 25.754 ms
Testing download speed................................................................................
Download: 203.75 Mbit/s
Testing upload speed......................................................................................................
Upload: 268.32 Mbit/s
2025-08-12T01:40:01+08:00
Retrieving speedtest.net configuration...
Testing from FIl Products Service Television Inc (103.105.214.59)...
Retrieving speedtest.net server list...
Selecting best server based on ping...
Hosted by Globe Telecom (Makati) [633.45 km]: 24.914 ms
Testing download speed................................................................................
Download: 203.78 Mbit/s
Testing upload speed......................................................................................................
Upload: 242.43 Mbit/s
2025-08-12T01:45:01+08:00
Retrieving speedtest.net configuration...
Testing from FIl Products Service Television Inc (103.105.214.56)...
Retrieving speedtest.net server list...
Selecting best server based on ping...
Hosted by Globe Telecom (Taguig) [629.25 km]: 25.664 ms
Testing download speed................................................................................
Download: 202.19 Mbit/s
Testing upload speed......................................................................................................
Upload: 280.86 Mbit/s
2025-08-12T01:50:01+08:00
Retrieving speedtest.net configuration...
Testing from FIl Products Service Television Inc (103.105.214.59)...
Retrieving speedtest.net server list...
Selecting best server based on ping...
Hosted by Globe Telecom (Taguig) [629.25 km]: 25.113 ms
Testing download speed................................................................................
Download: 204.79 Mbit/s
Testing upload speed......................................................................................................
Upload: 238.62 Mbit/s
2025-08-12T01:55:01+08:00
Retrieving speedtest.net configuration...
Testing from FIl Products Service Television Inc (103.105.214.56)...
Retrieving speedtest.net server list...
Selecting best server based on ping...
Hosted by Globe Telecom (Taguig) [629.25 km]: 24.573 ms
Testing download speed................................................................................
Download: 200.64 Mbit/s
Testing upload speed......................................................................................................
Upload: 221.18 Mbit/s
2025-08-12T02:00:01+08:00
Retrieving speedtest.net configuration...
Testing from FIl Products Service Television Inc (103.105.214.56)...
Retrieving speedtest.net server list...
Selecting best server based on ping...
2025-08-12T02:05:01+08:00
Retrieving speedtest.net configuration...
2025-08-12T02:10:01+08:00
Retrieving speedtest.net configuration...
Testing from FIl Products Service Television Inc (103.105.214.56)...
Retrieving speedtest.net server list...
Selecting best server based on ping...
Hosted by Globe Telecom (Taguig) [629.25 km]: 28.317 ms
Testing download speed................................................................................
Download: 204.01 Mbit/s
Testing upload speed......................................................................................................
Upload: 292.19 Mbit/s
2025-08-12T02:15:01+08:00
Retrieving speedtest.net configuration...
Testing from FIl Products Service Television Inc (103.105.214.59)...
Retrieving speedtest.net server list...
Selecting best server based on ping...
Hosted by Globe Telecom (Taguig) [629.25 km]: 25.162 ms
Testing download speed................................................................................
Download: 206.96 Mbit/s
Testing upload speed......................................................................................................
Upload: 310.26 Mbit/s
2025-08-12T02:20:01+08:00
Retrieving speedtest.net configuration...
Testing from FIl Products Service Television Inc (103.105.214.59)...
Retrieving speedtest.net server list...
Selecting best server based on ping...
Hosted by Globe Telecom (Taguig) [629.25 km]: 24.913 ms
Testing download speed................................................................................
Download: 203.73 Mbit/s
Testing upload speed......................................................................................................
Upload: 313.04 Mbit/s
2025-08-12T02:25:01+08:00
Retrieving speedtest.net configuration...
Testing from FIl Products Service Television Inc (103.105.214.56)...
Retrieving speedtest.net server list...
Selecting best server based on ping...
Hosted by Globe Telecom (Taguig) [629.25 km]: 24.942 ms
Testing download speed................................................................................
Download: 193.42 Mbit/s
Testing upload speed......................................................................................................
Upload: 230.70 Mbit/s
2025-08-12T02:30:01+08:00
Retrieving speedtest.net configuration...
Testing from FIl Products Service Television Inc (103.105.214.59)...
Retrieving speedtest.net server list...
Selecting best server based on ping...
2025-08-12T02:35:01+08:00
Retrieving speedtest.net configuration...
Testing from FIl Products Service Television Inc (103.105.214.59)...
Retrieving speedtest.net server list...
Selecting best server based on ping...
Hosted by Globe Telecom (Makati) [633.45 km]: 25.235 ms
Testing download speed................................................................................
Download: 201.67 Mbit/s
Testing upload speed......................................................................................................
Upload: 218.27 Mbit/s
2025-08-12T02:40:01+08:00
Retrieving speedtest.net configuration...
Testing from FIl Products Service Television Inc (103.105.214.59)...
Retrieving speedtest.net server list...
Selecting best server based on ping...
Hosted by Globe Telecom (Taguig) [629.25 km]: 25.207 ms
Testing download speed................................................................................
Download: 200.79 Mbit/s
Testing upload speed......................................................................................................
Upload: 308.16 Mbit/s
2025-08-12T02:45:01+08:00
Retrieving speedtest.net configuration...
Testing from FIl Products Service Television Inc (103.105.214.56)...
Retrieving speedtest.net server list...
Selecting best server based on ping...
Hosted by Globe Telecom (Taguig) [629.25 km]: 24.284 ms
Testing download speed................................................................................
Download: 201.77 Mbit/s
Testing upload speed......................................................................................................
Upload: 302.71 Mbit/s
2025-08-12T02:50:01+08:00
Retrieving speedtest.net configuration...
Testing from FIl Products Service Television Inc (103.105.214.59)...
Retrieving speedtest.net server list...
Selecting best server based on ping...
Hosted by Globe Telecom (Taguig) [629.25 km]: 23.913 ms
Testing download speed................................................................................
Download: 203.08 Mbit/s
Testing upload speed......................................................................................................
Upload: 281.60 Mbit/s
2025-08-12T02:55:01+08:00
Retrieving speedtest.net configuration...
Testing from FIl Products Service Television Inc (103.105.214.56)...
Retrieving speedtest.net server list...
Selecting best server based on ping...
Hosted by Globe Telecom (Taguig) [629.25 km]: 26.101 ms
Testing download speed................................................................................
Download: 201.95 Mbit/s
Testing upload speed......................................................................................................
Upload: 242.71 Mbit/s
2025-08-12T03:00:01+08:00
Retrieving speedtest.net configuration...
Testing from FIl Products Service Television Inc (103.105.214.56)...
Retrieving speedtest.net server list...
Selecting best server based on ping...
2025-08-12T03:05:01+08:00
Retrieving speedtest.net configuration...
2025-08-12T03:10:01+08:00
Retrieving speedtest.net configuration...
Testing from FIl Products Service Television Inc (103.105.214.59)...
Retrieving speedtest.net server list...
Selecting best server based on ping...
Hosted by Globe Telecom (Makati) [633.45 km]: 26.947 ms
Testing download speed................................................................................
Download: 196.96 Mbit/s
Testing upload speed......................................................................................................
Upload: 271.40 Mbit/s
2025-08-12T03:15:01+08:00
Retrieving speedtest.net configuration...
Testing from FIl Products Service Television Inc (103.105.214.59)...
Retrieving speedtest.net server list...
Selecting best server based on ping...
Hosted by Globe Telecom (Makati) [633.45 km]: 24.086 ms
Testing download speed................................................................................
Download: 201.41 Mbit/s
Testing upload speed......................................................................................................
Upload: 241.63 Mbit/s
2025-08-12T03:20:01+08:00
Retrieving speedtest.net configuration...
Testing from FIl Products Service Television Inc (103.105.214.59)...
Retrieving speedtest.net server list...
Selecting best server based on ping...
Hosted by Globe Telecom (Taguig) [629.25 km]: 25.352 ms
Testing download speed................................................................................
Download: 202.29 Mbit/s
Testing upload speed......................................................................................................
Upload: 229.99 Mbit/s
2025-08-12T03:25:01+08:00
Retrieving speedtest.net configuration...
Testing from FIl Products Service Television Inc (103.105.214.56)...
Retrieving speedtest.net server list...
Selecting best server based on ping...
Hosted by Globe Telecom (Taguig) [629.25 km]: 24.741 ms
Testing download speed................................................................................
Download: 199.81 Mbit/s
Testing upload speed......................................................................................................
Upload: 262.87 Mbit/s
2025-08-12T03:30:01+08:00
Retrieving speedtest.net configuration...
Testing from FIl Products Service Television Inc (103.105.214.56)...
Retrieving speedtest.net server list...
Selecting best server based on ping...
2025-08-12T03:35:01+08:00
Retrieving speedtest.net configuration...
Testing from FIl Products Service Television Inc (103.105.214.59)...
Retrieving speedtest.net server list...
Selecting best server based on ping...
Hosted by Globe Telecom (Makati) [633.45 km]: 27.493 ms
Testing download speed................................................................................
Download: 195.87 Mbit/s
Testing upload speed......................................................................................................
Upload: 268.06 Mbit/s
2025-08-12T03:40:01+08:00
Retrieving speedtest.net configuration...
Testing from FIl Products Service Television Inc (103.105.214.56)...
Retrieving speedtest.net server list...
Selecting best server based on ping...
Hosted by Globe Telecom (Taguig) [629.25 km]: 26.022 ms
Testing download speed................................................................................
Download: 186.24 Mbit/s
Testing upload speed......................................................................................................
Upload: 277.38 Mbit/s
2025-08-12T03:45:01+08:00
Retrieving speedtest.net configuration...
Testing from FIl Products Service Television Inc (103.105.214.56)...
Retrieving speedtest.net server list...
Selecting best server based on ping...
Hosted by Globe Telecom (Makati) [633.45 km]: 25.928 ms
Testing download speed................................................................................
Download: 203.41 Mbit/s
Testing upload speed......................................................................................................
Upload: 271.22 Mbit/s
2025-08-12T03:50:01+08:00
Retrieving speedtest.net configuration...
Testing from FIl Products Service Television Inc (103.105.214.56)...
Retrieving speedtest.net server list...
Selecting best server based on ping...
Hosted by Globe Telecom (Taguig) [629.25 km]: 24.939 ms
Testing download speed................................................................................
Download: 202.67 Mbit/s
Testing upload speed......................................................................................................
Upload: 212.60 Mbit/s
2025-08-12T03:55:01+08:00
Retrieving speedtest.net configuration...
Testing from FIl Products Service Television Inc (103.105.214.59)...
Retrieving speedtest.net server list...
Selecting best server based on ping...
Hosted by Globe Telecom (Taguig) [629.25 km]: 26.272 ms
Testing download speed................................................................................
Download: 201.12 Mbit/s
Testing upload speed......................................................................................................
Upload: 294.09 Mbit/s
2025-08-12T04:00:01+08:00
Retrieving speedtest.net configuration...
Testing from FIl Products Service Television Inc (103.105.214.59)...
Retrieving speedtest.net server list...
Selecting best server based on ping...
