2025-04-02T00:00:01+08:00
Retrieving speedtest.net configuration...
Testing from FIl Products Service Television Inc (103.105.214.62)...
Retrieving speedtest.net server list...
Selecting best server based on ping...
2025-04-02T00:05:01+08:00
Retrieving speedtest.net configuration...
2025-04-02T00:10:01+08:00
Retrieving speedtest.net configuration...
Testing from FIl Products Service Television Inc (103.105.214.62)...
Retrieving speedtest.net server list...
Selecting best server based on ping...
Hosted by Globe Telecom (Makati) [633.45 km]: 20.285 ms
Testing download speed................................................................................
Download: 166.69 Mbit/s
Testing upload speed......................................................................................................
Upload: 193.90 Mbit/s
2025-04-02T00:15:01+08:00
Retrieving speedtest.net configuration...
Testing from FIl Products Service Television Inc (103.105.214.59)...
Retrieving speedtest.net server list...
Selecting best server based on ping...
Hosted by Globe Telecom (Makati) [633.45 km]: 23.962 ms
Testing download speed................................................................................
Download: 158.22 Mbit/s
Testing upload speed......................................................................................................
Upload: 233.72 Mbit/s
2025-04-02T00:20:01+08:00
Retrieving speedtest.net configuration...
Testing from FIl Products Service Television Inc (103.105.214.62)...
Retrieving speedtest.net server list...
Selecting best server based on ping...
Hosted by Globe Telecom (Makati) [633.45 km]: 22.485 ms
Testing download speed................................................................................
Download: 151.16 Mbit/s
Testing upload speed......................................................................................................
Upload: 250.30 Mbit/s
2025-04-02T00:25:01+08:00
Retrieving speedtest.net configuration...
Testing from FIl Products Service Television Inc (103.105.214.62)...
Retrieving speedtest.net server list...
Selecting best server based on ping...
Hosted by Globe Telecom (Makati) [633.45 km]: 20.644 ms
Testing download speed................................................................................
Download: 155.00 Mbit/s
Testing upload speed......................................................................................................
Upload: 211.91 Mbit/s
2025-04-02T00:30:01+08:00
Retrieving speedtest.net configuration...
Testing from FIl Products Service Television Inc (103.105.214.59)...
Retrieving speedtest.net server list...
Selecting best server based on ping...
2025-04-02T00:35:01+08:00
Retrieving speedtest.net configuration...
2025-04-02T00:40:01+08:00
Retrieving speedtest.net configuration...
Testing from FIl Products Service Television Inc (103.105.214.59)...
Retrieving speedtest.net server list...
Selecting best server based on ping...
Hosted by Globe Telecom (Makati) [633.45 km]: 20.127 ms
Testing download speed................................................................................
Download: 164.15 Mbit/s
Testing upload speed......................................................................................................
Upload: 182.07 Mbit/s
2025-04-02T00:45:01+08:00
Retrieving speedtest.net configuration...
Testing from FIl Products Service Television Inc (103.105.214.59)...
Retrieving speedtest.net server list...
Selecting best server based on ping...
Hosted by Globe Telecom (Makati) [633.45 km]: 20.327 ms
Testing download speed................................................................................
Download: 168.47 Mbit/s
Testing upload speed......................................................................................................
Upload: 199.69 Mbit/s
2025-04-02T00:50:01+08:00
Retrieving speedtest.net configuration...
Testing from FIl Products Service Television Inc (103.105.214.62)...
Retrieving speedtest.net server list...
Selecting best server based on ping...
Hosted by Globe Telecom (Makati) [633.45 km]: 20.524 ms
Testing download speed................................................................................
Download: 153.91 Mbit/s
Testing upload speed......................................................................................................
Upload: 216.82 Mbit/s
2025-04-02T00:55:01+08:00
Retrieving speedtest.net configuration...
Testing from FIl Products Service Television Inc (103.105.214.59)...
Retrieving speedtest.net server list...
Selecting best server based on ping...
Hosted by Globe Telecom (Makati) [633.45 km]: 20.092 ms
Testing download speed................................................................................
Download: 168.91 Mbit/s
Testing upload speed......................................................................................................
Upload: 223.01 Mbit/s
2025-04-02T01:00:01+08:00
Retrieving speedtest.net configuration...
Testing from FIl Products Service Television Inc (103.105.214.62)...
Retrieving speedtest.net server list...
