2025-07-03T00:00:01+08:00
Retrieving speedtest.net configuration...
Testing from FIl Products Service Television Inc (103.105.214.63)...
Retrieving speedtest.net server list...
Selecting best server based on ping...
2025-07-03T00:05:01+08:00
Retrieving speedtest.net configuration...
Testing from FIl Products Service Television Inc (103.105.214.55)...
Retrieving speedtest.net server list...
Selecting best server based on ping...
Hosted by PLDT (Makati) [634.17 km]: 20.865 ms
Testing download speed................................................................................
Download: 153.95 Mbit/s
Testing upload speed......................................................................................................
Upload: 289.67 Mbit/s
2025-07-03T00:10:01+08:00
Retrieving speedtest.net configuration...
Testing from FIl Products Service Television Inc (103.105.214.63)...
Retrieving speedtest.net server list...
Selecting best server based on ping...
Hosted by PLDT (Makati) [634.17 km]: 20.53 ms
Testing download speed................................................................................
Download: 143.43 Mbit/s
Testing upload speed......................................................................................................
Upload: 308.56 Mbit/s
2025-07-03T00:15:01+08:00
Retrieving speedtest.net configuration...
Testing from FIl Products Service Television Inc (103.105.214.63)...
Retrieving speedtest.net server list...
Selecting best server based on ping...
Hosted by PLDT (Makati) [634.17 km]: 21.716 ms
Testing download speed................................................................................
Download: 135.16 Mbit/s
Testing upload speed......................................................................................................
Upload: 285.74 Mbit/s
2025-07-03T00:20:01+08:00
Retrieving speedtest.net configuration...
Testing from FIl Products Service Television Inc (103.105.214.63)...
Retrieving speedtest.net server list...
Selecting best server based on ping...
Hosted by PLDT (Makati) [634.17 km]: 20.016 ms
Testing download speed................................................................................
Download: 137.34 Mbit/s
Testing upload speed......................................................................................................
Upload: 294.43 Mbit/s
2025-07-03T00:25:01+08:00
Retrieving speedtest.net configuration...
Testing from FIl Products Service Television Inc (103.105.214.63)...
Retrieving speedtest.net server list...
Selecting best server based on ping...
Hosted by PLDT (Makati) [634.17 km]: 18.854 ms
Testing download speed................................................................................
Download: 126.08 Mbit/s
Testing upload speed......................................................................................................
Upload: 295.92 Mbit/s
2025-07-03T00:30:01+08:00
Retrieving speedtest.net configuration...
Testing from FIl Products Service Television Inc (103.105.214.55)...
Retrieving speedtest.net server list...
Selecting best server based on ping...
2025-07-03T00:35:01+08:00
Retrieving speedtest.net configuration...
Testing from FIl Products Service Television Inc (103.105.214.63)...
Retrieving speedtest.net server list...
Selecting best server based on ping...
Hosted by PLDT (Makati) [634.17 km]: 18.862 ms
Testing download speed................................................................................
Download: 112.01 Mbit/s
Testing upload speed......................................................................................................
Upload: 238.74 Mbit/s
2025-07-03T00:40:01+08:00
Retrieving speedtest.net configuration...
Testing from FIl Products Service Television Inc (103.105.214.63)...
Retrieving speedtest.net server list...
Selecting best server based on ping...
Hosted by PLDT (Makati) [634.17 km]: 21.051 ms
Testing download speed................................................................................
Download: 119.68 Mbit/s
Testing upload speed......................................................................................................
Upload: 279.27 Mbit/s
2025-07-03T00:45:01+08:00
Retrieving speedtest.net configuration...
Testing from FIl Products Service Television Inc (103.105.214.63)...
Retrieving speedtest.net server list...
Selecting best server based on ping...
Hosted by PLDT (Makati) [634.17 km]: 21.226 ms
Testing download speed................................................................................
Download: 134.91 Mbit/s
Testing upload speed......................................................................................................
Upload: 188.70 Mbit/s
2025-07-03T00:50:01+08:00
Retrieving speedtest.net configuration...
Testing from FIl Products Service Television Inc (103.105.214.55)...
Retrieving speedtest.net server list...
Selecting best server based on ping...
Hosted by PLDT (Makati) [634.17 km]: 21.296 ms
Testing download speed................................................................................
Download: 148.56 Mbit/s
Testing upload speed......................................................................................................
Upload: 313.99 Mbit/s
2025-07-03T00:55:01+08:00
Retrieving speedtest.net configuration...
Testing from FIl Products Service Television Inc (103.105.214.63)...
Retrieving speedtest.net server list...
Selecting best server based on ping...
Hosted by PLDT (Makati) [634.17 km]: 21.472 ms
Testing download speed................................................................................
Download: 63.14 Mbit/s
Testing upload speed......................................................................................................
Upload: 281.15 Mbit/s
2025-07-03T01:00:01+08:00
Retrieving speedtest.net configuration...
Testing from FIl Products Service Television Inc (103.105.214.63)...
Retrieving speedtest.net server list...
Selecting best server based on ping...
2025-07-03T01:05:01+08:00
Retrieving speedtest.net configuration...
2025-07-03T01:10:01+08:00
Retrieving speedtest.net configuration...
Testing from FIl Products Service Television Inc (103.105.214.55)...
Retrieving speedtest.net server list...
Selecting best server based on ping...
Hosted by PLDT (Makati) [634.17 km]: 21.887 ms
Testing download speed................................................................................
Download: 130.87 Mbit/s
Testing upload speed......................................................................................................
Upload: 277.52 Mbit/s
2025-07-03T01:15:01+08:00
Retrieving speedtest.net configuration...
Testing from FIl Products Service Television Inc (103.105.214.63)...
Retrieving speedtest.net server list...
Selecting best server based on ping...
Hosted by PLDT (Makati) [634.17 km]: 21.89 ms
Testing download speed................................................................................
Download: 145.96 Mbit/s
Testing upload speed......................................................................................................
Upload: 302.54 Mbit/s
2025-07-03T01:20:01+08:00
Retrieving speedtest.net configuration...
Testing from FIl Products Service Television Inc (103.105.214.55)...
Retrieving speedtest.net server list...
Selecting best server based on ping...
Hosted by PLDT (Makati) [634.17 km]: 22.316 ms
Testing download speed................................................................................
Download: 154.21 Mbit/s
Testing upload speed......................................................................................................
Upload: 248.86 Mbit/s
2025-07-03T01:25:01+08:00
Retrieving speedtest.net configuration...
Testing from FIl Products Service Television Inc (103.105.214.55)...
Retrieving speedtest.net server list...
Selecting best server based on ping...
Hosted by PLDT (Makati) [634.17 km]: 20.655 ms
Testing download speed................................................................................
Download: 154.65 Mbit/s
Testing upload speed......................................................................................................
Upload: 299.01 Mbit/s
2025-07-03T01:30:01+08:00
Retrieving speedtest.net configuration...
Testing from FIl Products Service Television Inc (103.105.214.55)...
Retrieving speedtest.net server list...
Selecting best server based on ping...
2025-07-03T01:35:01+08:00
Retrieving speedtest.net configuration...
2025-07-03T01:40:01+08:00
Retrieving speedtest.net configuration...
Testing from FIl Products Service Television Inc (103.105.214.63)...
Retrieving speedtest.net server list...
Selecting best server based on ping...
Hosted by PLDT (Makati) [634.17 km]: 18.043 ms
Testing download speed................................................................................
Download: 150.94 Mbit/s
Testing upload speed......................................................................................................
Upload: 246.52 Mbit/s
2025-07-03T01:45:01+08:00
Retrieving speedtest.net configuration...
Testing from FIl Products Service Television Inc (103.105.214.63)...
Retrieving speedtest.net server list...
Selecting best server based on ping...
Hosted by PLDT (Makati) [634.17 km]: 20.862 ms
Testing download speed................................................................................
Download: 134.92 Mbit/s
Testing upload speed......................................................................................................
Upload: 281.69 Mbit/s
2025-07-03T01:50:01+08:00
Retrieving speedtest.net configuration...
Testing from FIl Products Service Television Inc (103.105.214.55)...
Retrieving speedtest.net server list...
Selecting best server based on ping...
Hosted by PLDT (Makati) [634.17 km]: 20.026 ms
Testing download speed................................................................................
Download: 123.16 Mbit/s
Testing upload speed......................................................................................................
Upload: 294.94 Mbit/s
2025-07-03T01:55:01+08:00
Retrieving speedtest.net configuration...
Testing from FIl Products Service Television Inc (103.105.214.55)...
Retrieving speedtest.net server list...
Selecting best server based on ping...
Hosted by PLDT (Makati) [634.17 km]: 19.342 ms
Testing download speed................................................................................
Download: 145.04 Mbit/s
Testing upload speed......................................................................................................
Upload: 311.65 Mbit/s
2025-07-03T02:00:01+08:00
Retrieving speedtest.net configuration...
Testing from FIl Products Service Television Inc (103.105.214.55)...
Retrieving speedtest.net server list...
Selecting best server based on ping...
