2025-04-05T00:00:01+08:00
Retrieving speedtest.net configuration...
Testing from FIl Products Service Television Inc (103.105.214.59)...
Retrieving speedtest.net server list...
Selecting best server based on ping...
2025-04-05T00:05:01+08:00
Retrieving speedtest.net configuration...
2025-04-05T00:10:01+08:00
Retrieving speedtest.net configuration...
Testing from FIl Products Service Television Inc (103.105.214.62)...
Retrieving speedtest.net server list...
Selecting best server based on ping...
Hosted by Zafra Cable Television Network Inc. (Panglao) [57.64 km]: 26.29 ms
Testing download speed................................................................................
Download: 194.24 Mbit/s
Testing upload speed......................................................................................................
Upload: 177.61 Mbit/s
2025-04-05T00:15:01+08:00
Retrieving speedtest.net configuration...
Testing from FIl Products Service Television Inc (103.105.214.62)...
Retrieving speedtest.net server list...
Selecting best server based on ping...
Hosted by Zafra Cable Television Network Inc. (Panglao) [57.64 km]: 26.815 ms
Testing download speed................................................................................
Download: 195.40 Mbit/s
Testing upload speed......................................................................................................
Upload: 226.87 Mbit/s
2025-04-05T00:20:01+08:00
Retrieving speedtest.net configuration...
Testing from FIl Products Service Television Inc (103.105.214.59)...
Retrieving speedtest.net server list...
Selecting best server based on ping...
Hosted by Zafra Cable Television Network Inc. (Panglao) [57.64 km]: 25.682 ms
Testing download speed................................................................................
Download: 197.64 Mbit/s
Testing upload speed......................................................................................................
Upload: 352.54 Mbit/s
2025-04-05T00:25:01+08:00
Retrieving speedtest.net configuration...
Testing from FIl Products Service Television Inc (103.105.214.59)...
Retrieving speedtest.net server list...
Selecting best server based on ping...
Hosted by Zafra Cable Television Network Inc. (Panglao) [57.64 km]: 26.124 ms
Testing download speed................................................................................
Download: 186.01 Mbit/s
Testing upload speed......................................................................................................
Upload: 327.95 Mbit/s
2025-04-05T00:30:01+08:00
Retrieving speedtest.net configuration...
Testing from FIl Products Service Television Inc (103.105.214.62)...
Retrieving speedtest.net server list...
Selecting best server based on ping...
2025-04-05T00:35:01+08:00
Retrieving speedtest.net configuration...
2025-04-05T00:40:01+08:00
Retrieving speedtest.net configuration...
Testing from FIl Products Service Television Inc (103.105.214.59)...
Retrieving speedtest.net server list...
Selecting best server based on ping...
Hosted by Radius Telecoms, Inc. (Cebu City) [126.16 km]: 31.953 ms
Testing download speed................................................................................
Download: 176.51 Mbit/s
Testing upload speed......................................................................................................
Upload: 276.81 Mbit/s
2025-04-05T00:45:01+08:00
Retrieving speedtest.net configuration...
Testing from FIl Products Service Television Inc (103.105.214.62)...
Retrieving speedtest.net server list...
Selecting best server based on ping...
Hosted by Radius Telecoms, Inc. (Cebu City) [126.16 km]: 33.167 ms
Testing download speed................................................................................
Download: 195.40 Mbit/s
Testing upload speed......................................................................................................
Upload: 262.20 Mbit/s
2025-04-05T00:50:01+08:00
Retrieving speedtest.net configuration...
Testing from FIl Products Service Television Inc (103.105.214.59)...
Retrieving speedtest.net server list...
Selecting best server based on ping...
Hosted by Globe Telecom (Cebu City) [126.16 km]: 32.442 ms
Testing download speed................................................................................
Download: 194.34 Mbit/s
Testing upload speed......................................................................................................
Upload: 167.49 Mbit/s
2025-04-05T00:55:01+08:00
Retrieving speedtest.net configuration...
Testing from FIl Products Service Television Inc (103.105.214.62)...
Retrieving speedtest.net server list...
Selecting best server based on ping...
Hosted by Radius Telecoms, Inc. (Cebu City) [126.16 km]: 32.675 ms
Testing download speed................................................................................
Download: 196.91 Mbit/s
Testing upload speed......................................................................................................
Upload: 225.80 Mbit/s
2025-04-05T01:00:01+08:00
Retrieving speedtest.net configuration...
Testing from FIl Products Service Television Inc (103.105.214.59)...
Retrieving speedtest.net server list...
