2025-04-29T00:00:01+08:00
Retrieving speedtest.net configuration...
Testing from FIl Products Service Television Inc (103.105.214.53)...
Retrieving speedtest.net server list...
Selecting best server based on ping...
2025-04-29T00:05:01+08:00
Retrieving speedtest.net configuration...
2025-04-29T00:10:01+08:00
Retrieving speedtest.net configuration...
Testing from FIl Products Service Television Inc (103.105.214.61)...
Retrieving speedtest.net server list...
Selecting best server based on ping...
Hosted by Fil Products Negros (Dumaguete City) [0.00 km]: 4.459 ms
Testing download speed................................................................................
Download: 166.84 Mbit/s
Testing upload speed......................................................................................................
Upload: 348.98 Mbit/s
2025-04-29T00:15:01+08:00
Retrieving speedtest.net configuration...
Testing from FIl Products Service Television Inc (103.105.214.53)...
Retrieving speedtest.net server list...
Selecting best server based on ping...
Hosted by Fil Products Negros (Dumaguete City) [0.00 km]: 4.518 ms
Testing download speed................................................................................
Download: 186.09 Mbit/s
Testing upload speed......................................................................................................
Upload: 335.18 Mbit/s
2025-04-29T00:20:01+08:00
Retrieving speedtest.net configuration...
Testing from FIl Products Service Television Inc (103.105.214.61)...
Retrieving speedtest.net server list...
Selecting best server based on ping...
Hosted by Fil Products Negros (Dumaguete City) [0.00 km]: 3.456 ms
Testing download speed................................................................................
Download: 193.50 Mbit/s
Testing upload speed......................................................................................................
Upload: 257.76 Mbit/s
2025-04-29T00:25:01+08:00
Retrieving speedtest.net configuration...
Testing from FIl Products Service Television Inc (103.105.214.53)...
Retrieving speedtest.net server list...
Selecting best server based on ping...
Hosted by Fil Products Negros (Dumaguete City) [0.00 km]: 2.498 ms
Testing download speed................................................................................
Download: 161.17 Mbit/s
Testing upload speed......................................................................................................
Upload: 364.51 Mbit/s
2025-04-29T00:30:01+08:00
Retrieving speedtest.net configuration...
2025-04-29T00:35:01+08:00
Retrieving speedtest.net configuration...
2025-04-29T00:40:01+08:00
Retrieving speedtest.net configuration...
Testing from FIl Products Service Television Inc (103.105.214.61)...
Retrieving speedtest.net server list...
Selecting best server based on ping...
Hosted by Fil Products Negros (Dumaguete City) [0.00 km]: 4.962 ms
Testing download speed................................................................................
Download: 150.58 Mbit/s
Testing upload speed......................................................................................................
Upload: 345.52 Mbit/s
2025-04-29T00:45:01+08:00
Retrieving speedtest.net configuration...
Testing from FIl Products Service Television Inc (103.105.214.53)...
Retrieving speedtest.net server list...
Selecting best server based on ping...
Hosted by Fil Products Negros (Dumaguete City) [0.00 km]: 2.52 ms
Testing download speed................................................................................
Download: 145.61 Mbit/s
Testing upload speed......................................................................................................
Upload: 346.14 Mbit/s
2025-04-29T00:50:01+08:00
Retrieving speedtest.net configuration...
Testing from FIl Products Service Television Inc (103.105.214.61)...
Retrieving speedtest.net server list...
Selecting best server based on ping...
Hosted by Fil Products Negros (Dumaguete City) [0.00 km]: 2.725 ms
Testing download speed................................................................................
Download: 101.75 Mbit/s
Testing upload speed......................................................................................................
Upload: 337.79 Mbit/s
2025-04-29T00:55:01+08:00
Retrieving speedtest.net configuration...
Testing from FIl Products Service Television Inc (103.105.214.53)...
Retrieving speedtest.net server list...
Selecting best server based on ping...
Hosted by Fil Products Negros (Dumaguete City) [0.00 km]: 5.198 ms
Testing download speed................................................................................
Download: 171.63 Mbit/s
Testing upload speed......................................................................................................
Upload: 332.37 Mbit/s
2025-04-29T01:00:01+08:00
Retrieving speedtest.net configuration...
Testing from FIl Products Service Television Inc (103.105.214.61)...
Retrieving speedtest.net server list...
Selecting best server based on ping...
2025-04-29T01:05:01+08:00
Retrieving speedtest.net configuration...
2025-04-29T01:10:01+08:00
Retrieving speedtest.net configuration...
Testing from FIl Products Service Television Inc (103.105.214.61)...
Retrieving speedtest.net server list...
Selecting best server based on ping...
Hosted by Fil Products Negros (Dumaguete City) [0.00 km]: 4.773 ms
Testing download speed................................................................................
Download: 193.69 Mbit/s
Testing upload speed......................................................................................................
Upload: 318.91 Mbit/s
2025-04-29T01:15:01+08:00
Retrieving speedtest.net configuration...
Testing from FIl Products Service Television Inc (103.105.214.61)...
Retrieving speedtest.net server list...
Selecting best server based on ping...
Hosted by Fil Products Negros (Dumaguete City) [0.00 km]: 3.204 ms
Testing download speed................................................................................
Download: 166.42 Mbit/s
Testing upload speed......................................................................................................
Upload: 348.98 Mbit/s
2025-04-29T01:20:01+08:00
Retrieving speedtest.net configuration...
Testing from FIl Products Service Television Inc (103.105.214.53)...
Retrieving speedtest.net server list...
Selecting best server based on ping...
Hosted by Fil Products Negros (Dumaguete City) [0.00 km]: 2.608 ms
Testing download speed................................................................................
Download: 191.47 Mbit/s
Testing upload speed......................................................................................................
Upload: 339.64 Mbit/s
2025-04-29T01:25:01+08:00
Retrieving speedtest.net configuration...
Testing from FIl Products Service Television Inc (103.105.214.53)...
Retrieving speedtest.net server list...
Selecting best server based on ping...
Hosted by Parasat Cable TV, Inc. (Cagayan de Oro) [173.34 km]: 19.936 ms
Testing download speed................................................................................
Download: 171.18 Mbit/s
Testing upload speed......................................................................................................
Upload: 273.66 Mbit/s
2025-04-29T01:30:01+08:00
Retrieving speedtest.net configuration...
Testing from FIl Products Service Television Inc (103.105.214.61)...
Retrieving speedtest.net server list...
Selecting best server based on ping...
2025-04-29T01:35:01+08:00
Retrieving speedtest.net configuration...
2025-04-29T01:40:01+08:00
Retrieving speedtest.net configuration...
Testing from FIl Products Service Television Inc (103.105.214.53)...
Retrieving speedtest.net server list...
Selecting best server based on ping...
Hosted by Parasat Cable TV, Inc. (Cagayan de Oro) [173.34 km]: 13.079 ms
Testing download speed................................................................................
Download: 182.55 Mbit/s
Testing upload speed......................................................................................................
Upload: 269.70 Mbit/s
2025-04-29T01:45:01+08:00
Retrieving speedtest.net configuration...
Testing from FIl Products Service Television Inc (103.105.214.61)...
Retrieving speedtest.net server list...
Selecting best server based on ping...
Hosted by Parasat Cable TV, Inc. (Cagayan de Oro) [173.34 km]: 12.603 ms
Testing download speed................................................................................
Download: 187.72 Mbit/s
Testing upload speed......................................................................................................
Upload: 265.82 Mbit/s
2025-04-29T01:50:01+08:00
Retrieving speedtest.net configuration...
Testing from FIl Products Service Television Inc (103.105.214.53)...
Retrieving speedtest.net server list...
Selecting best server based on ping...
Hosted by Parasat Cable TV, Inc. (Cagayan de Oro) [173.34 km]: 15.003 ms
Testing download speed................................................................................
Download: 171.31 Mbit/s
Testing upload speed......................................................................................................
Upload: 265.28 Mbit/s
2025-04-29T01:55:01+08:00
Retrieving speedtest.net configuration...
Testing from FIl Products Service Television Inc (103.105.214.61)...
Retrieving speedtest.net server list...
Selecting best server based on ping...
Hosted by Parasat Cable TV, Inc. (Cagayan de Oro) [173.34 km]: 10.685 ms
Testing download speed................................................................................
Download: 150.84 Mbit/s
Testing upload speed......................................................................................................
Upload: 274.63 Mbit/s
2025-04-29T02:00:01+08:00
Retrieving speedtest.net configuration...
Testing from FIl Products Service Television Inc (103.105.214.53)...
Retrieving speedtest.net server list...
Selecting best server based on ping...
2025-04-29T02:05:01+08:00
Retrieving speedtest.net configuration...
2025-04-29T02:10:01+08:00
Retrieving speedtest.net configuration...
Testing from FIl Products Service Television Inc (103.105.214.53)...
Retrieving speedtest.net server list...
Selecting best server based on ping...
Hosted by Radius Telecoms, Inc. (Cebu City) [126.16 km]: 46.336 ms
Testing download speed................................................................................
Download: 133.37 Mbit/s
Testing upload speed......................................................................................................
Upload: 170.67 Mbit/s
2025-04-29T02:15:01+08:00
Retrieving speedtest.net configuration...
Testing from FIl Products Service Television Inc (103.105.214.61)...
Retrieving speedtest.net server list...
Selecting best server based on ping...
Hosted by Parasat Cable TV, Inc. (Cagayan de Oro) [173.34 km]: 11.469 ms
Testing download speed................................................................................
Download: 113.03 Mbit/s
Testing upload speed......................................................................................................
Upload: 246.34 Mbit/s
2025-04-29T02:20:01+08:00
Retrieving speedtest.net configuration...
Testing from FIl Products Service Television Inc (103.105.214.61)...
Retrieving speedtest.net server list...
Selecting best server based on ping...
Hosted by Parasat Cable TV, Inc. (Cagayan de Oro) [173.34 km]: 13.181 ms
Testing download speed................................................................................
Download: 140.99 Mbit/s
Testing upload speed......................................................................................................
Upload: 279.15 Mbit/s
2025-04-29T02:25:01+08:00
Retrieving speedtest.net configuration...
Testing from FIl Products Service Television Inc (103.105.214.61)...
Retrieving speedtest.net server list...
Selecting best server based on ping...
Hosted by Parasat Cable TV, Inc. (Cagayan de Oro) [173.34 km]: 12.585 ms
Testing download speed................................................................................
Download: 170.69 Mbit/s
Testing upload speed......................................................................................................
Upload: 266.17 Mbit/s
2025-04-29T02:30:01+08:00
Retrieving speedtest.net configuration...
Testing from FIl Products Service Television Inc (103.105.214.53)...
Retrieving speedtest.net server list...
Selecting best server based on ping...
2025-04-29T02:35:01+08:00
Retrieving speedtest.net configuration...
Testing from FIl Products Service Television Inc (103.105.214.61)...
Retrieving speedtest.net server list...
Selecting best server based on ping...
Hosted by Parasat Cable TV, Inc. (Cagayan de Oro) [173.34 km]: 46.484 ms
Testing download speed................................................................................
Download: 122.05 Mbit/s
Testing upload speed......................................................................................................
Upload: 269.72 Mbit/s
2025-04-29T02:40:01+08:00
Retrieving speedtest.net configuration...
Testing from FIl Products Service Television Inc (103.105.214.61)...
Retrieving speedtest.net server list...
Selecting best server based on ping...
Hosted by Parasat Cable TV, Inc. (Cagayan de Oro) [173.34 km]: 12.511 ms
Testing download speed................................................................................
Download: 177.05 Mbit/s
Testing upload speed......................................................................................................
Upload: 279.71 Mbit/s
2025-04-29T02:45:01+08:00
Retrieving speedtest.net configuration...
Testing from FIl Products Service Television Inc (103.105.214.53)...
Retrieving speedtest.net server list...
Selecting best server based on ping...
Hosted by Parasat Cable TV, Inc. (Cagayan de Oro) [173.34 km]: 11.538 ms
Testing download speed................................................................................
Download: 154.14 Mbit/s
Testing upload speed......................................................................................................
Upload: 237.60 Mbit/s
2025-04-29T02:50:01+08:00
Retrieving speedtest.net configuration...
Testing from FIl Products Service Television Inc (103.105.214.61)...
Retrieving speedtest.net server list...
Selecting best server based on ping...
Hosted by Parasat Cable TV, Inc. (Cagayan de Oro) [173.34 km]: 12.593 ms
Testing download speed................................................................................
Download: 181.63 Mbit/s
Testing upload speed......................................................................................................
Upload: 274.84 Mbit/s
2025-04-29T02:55:01+08:00
Retrieving speedtest.net configuration...
Testing from FIl Products Service Television Inc (103.105.214.53)...
Retrieving speedtest.net server list...
Selecting best server based on ping...
Hosted by Parasat Cable TV, Inc. (Cagayan de Oro) [173.34 km]: 12.482 ms
Testing download speed................................................................................
Download: 191.23 Mbit/s
Testing upload speed......................................................................................................
Upload: 254.35 Mbit/s
2025-04-29T03:00:01+08:00
Retrieving speedtest.net configuration...
Testing from FIl Products Service Television Inc (103.105.214.53)...
Retrieving speedtest.net server list...
Selecting best server based on ping...
2025-04-29T03:05:01+08:00
Retrieving speedtest.net configuration...
2025-04-29T03:10:01+08:00
Retrieving speedtest.net configuration...
Testing from FIl Products Service Television Inc (103.105.214.61)...
Retrieving speedtest.net server list...
Selecting best server based on ping...
Hosted by Parasat Cable TV, Inc. (Cagayan de Oro) [173.34 km]: 11.622 ms
Testing download speed................................................................................
Download: 135.41 Mbit/s
Testing upload speed......................................................................................................
Upload: 255.73 Mbit/s
2025-04-29T03:15:01+08:00
Retrieving speedtest.net configuration...
Testing from FIl Products Service Television Inc (103.105.214.61)...
Retrieving speedtest.net server list...
Selecting best server based on ping...
Hosted by Parasat Cable TV, Inc. (Cagayan de Oro) [173.34 km]: 12.295 ms
Testing download speed................................................................................
Download: 165.91 Mbit/s
Testing upload speed......................................................................................................
Upload: 237.63 Mbit/s
2025-04-29T03:20:01+08:00
Retrieving speedtest.net configuration...
Testing from FIl Products Service Television Inc (103.105.214.53)...
Retrieving speedtest.net server list...
Selecting best server based on ping...
Hosted by Parasat Cable TV, Inc. (Cagayan de Oro) [173.34 km]: 12.0 ms
Testing download speed................................................................................
Download: 188.91 Mbit/s
Testing upload speed......................................................................................................
Upload: 269.78 Mbit/s
2025-04-29T03:25:01+08:00
Retrieving speedtest.net configuration...
Testing from FIl Products Service Television Inc (103.105.214.61)...
Retrieving speedtest.net server list...
Selecting best server based on ping...
Hosted by Parasat Cable TV, Inc. (Cagayan de Oro) [173.34 km]: 12.991 ms
Testing download speed................................................................................
Download: 193.09 Mbit/s
Testing upload speed......................................................................................................
Upload: 265.25 Mbit/s
2025-04-29T03:30:01+08:00
Retrieving speedtest.net configuration...
Testing from FIl Products Service Television Inc (103.105.214.61)...
Retrieving speedtest.net server list...
Selecting best server based on ping...
2025-04-29T03:35:01+08:00
Retrieving speedtest.net configuration...
Testing from FIl Products Service Television Inc (103.105.214.53)...
Retrieving speedtest.net server list...
Selecting best server based on ping...
Hosted by Parasat Cable TV, Inc. (Cagayan de Oro) [173.34 km]: 12.109 ms
Testing download speed................................................................................
Download: 161.11 Mbit/s
Testing upload speed......................................................................................................
Upload: 249.52 Mbit/s
2025-04-29T03:40:01+08:00
Retrieving speedtest.net configuration...
Testing from FIl Products Service Television Inc (103.105.214.53)...
Retrieving speedtest.net server list...
Selecting best server based on ping...
Hosted by Parasat Cable TV, Inc. (Cagayan de Oro) [173.34 km]: 12.862 ms
Testing download speed................................................................................
Download: 162.41 Mbit/s
Testing upload speed......................................................................................................
Upload: 296.67 Mbit/s
2025-04-29T03:45:01+08:00
Retrieving speedtest.net configuration...
Testing from FIl Products Service Television Inc (103.105.214.61)...
Retrieving speedtest.net server list...
Selecting best server based on ping...
Hosted by Parasat Cable TV, Inc. (Cagayan de Oro) [173.34 km]: 12.5 ms
Testing download speed................................................................................
Download: 196.11 Mbit/s
Testing upload speed......................................................................................................
Upload: 289.25 Mbit/s
2025-04-29T03:50:01+08:00
Retrieving speedtest.net configuration...
Testing from FIl Products Service Television Inc (103.105.214.53)...
Retrieving speedtest.net server list...
Selecting best server based on ping...
Hosted by Parasat Cable TV, Inc. (Cagayan de Oro) [173.34 km]: 11.259 ms
Testing download speed................................................................................
Download: 191.62 Mbit/s
Testing upload speed......................................................................................................
Upload: 274.06 Mbit/s
2025-04-29T03:55:01+08:00
Retrieving speedtest.net configuration...
Testing from FIl Products Service Television Inc (103.105.214.61)...
Retrieving speedtest.net server list...
Selecting best server based on ping...
Hosted by Parasat Cable TV, Inc. (Cagayan de Oro) [173.34 km]: 11.958 ms
Testing download speed................................................................................
Download: 164.67 Mbit/s
Testing upload speed......................................................................................................
Upload: 235.88 Mbit/s
2025-04-29T04:00:01+08:00
Retrieving speedtest.net configuration...
Testing from FIl Products Service Television Inc (103.105.214.53)...
Retrieving speedtest.net server list...
Selecting best server based on ping...
