2025-09-07T00:00:01+08:00
Retrieving speedtest.net configuration...
Testing from FIl Products Service Television Inc (103.105.214.56)...
Retrieving speedtest.net server list...
Selecting best server based on ping...
2025-09-07T00:05:01+08:00
Retrieving speedtest.net configuration...
2025-09-07T00:10:01+08:00
Retrieving speedtest.net configuration...
Testing from FIl Products Service Television Inc (103.105.214.56)...
Retrieving speedtest.net server list...
Selecting best server based on ping...
Hosted by PLDT (Makati) [634.17 km]: 17.11 ms
Testing download speed................................................................................
Download: 92.90 Mbit/s
Testing upload speed......................................................................................................
Upload: 91.01 Mbit/s
2025-09-07T00:15:01+08:00
Retrieving speedtest.net configuration...
Testing from FIl Products Service Television Inc (103.105.214.54)...
Retrieving speedtest.net server list...
Selecting best server based on ping...
Hosted by PLDT (Makati) [634.17 km]: 17.259 ms
Testing download speed................................................................................
Download: 92.14 Mbit/s
Testing upload speed......................................................................................................
Upload: 84.58 Mbit/s
2025-09-07T00:20:02+08:00
Retrieving speedtest.net configuration...
Testing from FIl Products Service Television Inc (103.105.214.56)...
Retrieving speedtest.net server list...
Selecting best server based on ping...
Hosted by Globe Telecom (Makati) [633.45 km]: 30.605 ms
Testing download speed................................................................................
Download: 91.04 Mbit/s
Testing upload speed......................................................................................................
Upload: 80.33 Mbit/s
2025-09-07T00:25:01+08:00
Retrieving speedtest.net configuration...
Testing from FIl Products Service Television Inc (103.105.214.54)...
Retrieving speedtest.net server list...
Selecting best server based on ping...
Hosted by Globe Telecom (Makati) [633.45 km]: 35.951 ms
Testing download speed................................................................................
Download: 92.28 Mbit/s
Testing upload speed......................................................................................................
Upload: 87.49 Mbit/s
2025-09-07T00:30:01+08:00
Retrieving speedtest.net configuration...
Testing from FIl Products Service Television Inc (103.105.214.54)...
Retrieving speedtest.net server list...
Selecting best server based on ping...
2025-09-07T00:35:01+08:00
Retrieving speedtest.net configuration...
Testing from FIl Products Service Television Inc (103.105.214.56)...
Retrieving speedtest.net server list...
Selecting best server based on ping...
Hosted by Globe Telecom (Makati) [633.45 km]: 27.344 ms
Testing download speed................................................................................
Download: 92.48 Mbit/s
Testing upload speed......................................................................................................
Upload: 78.55 Mbit/s
2025-09-07T00:40:01+08:00
Retrieving speedtest.net configuration...
Testing from FIl Products Service Television Inc (103.105.214.54)...
Retrieving speedtest.net server list...
Selecting best server based on ping...
Hosted by Globe Telecom (Makati) [633.45 km]: 30.995 ms
Testing download speed................................................................................
Download: 91.84 Mbit/s
Testing upload speed......................................................................................................
Upload: 82.18 Mbit/s
2025-09-07T00:45:01+08:00
Retrieving speedtest.net configuration...
Testing from FIl Products Service Television Inc (103.105.214.56)...
Retrieving speedtest.net server list...
Selecting best server based on ping...
Hosted by Globe Telecom (Makati) [633.45 km]: 23.295 ms
Testing download speed................................................................................
Download: 92.54 Mbit/s
Testing upload speed......................................................................................................
Upload: 82.58 Mbit/s
2025-09-07T00:50:01+08:00
Retrieving speedtest.net configuration...
Testing from FIl Products Service Television Inc (103.105.214.56)...
Retrieving speedtest.net server list...
Selecting best server based on ping...
Hosted by Globe Telecom (Makati) [633.45 km]: 37.317 ms
Testing download speed................................................................................
Download: 92.46 Mbit/s
Testing upload speed......................................................................................................
Upload: 88.34 Mbit/s
2025-09-07T00:55:01+08:00
Retrieving speedtest.net configuration...
Testing from FIl Products Service Television Inc (103.105.214.54)...
Retrieving speedtest.net server list...
Selecting best server based on ping...
Hosted by Globe Telecom (Makati) [633.45 km]: 23.269 ms
Testing download speed................................................................................
Download: 92.12 Mbit/s
Testing upload speed......................................................................................................
Upload: 85.94 Mbit/s
2025-09-07T01:00:01+08:00
Retrieving speedtest.net configuration...
Testing from FIl Products Service Television Inc (103.105.214.54)...
Retrieving speedtest.net server list...
Selecting best server based on ping...
2025-09-07T01:05:01+08:00
Retrieving speedtest.net configuration...
Testing from FIl Products Service Television Inc (103.105.214.54)...
Retrieving speedtest.net server list...
Selecting best server based on ping...
Hosted by Globe Telecom (Makati) [633.45 km]: 31.684 ms
Testing download speed................................................................................
Download: 91.62 Mbit/s
Testing upload speed......................................................................................................
Upload: 84.19 Mbit/s
2025-09-07T01:10:01+08:00
Retrieving speedtest.net configuration...
Testing from FIl Products Service Television Inc (103.105.214.56)...
Retrieving speedtest.net server list...
Selecting best server based on ping...
Hosted by Globe Telecom (Makati) [633.45 km]: 26.207 ms
Testing download speed................................................................................
Download: 92.84 Mbit/s
Testing upload speed......................................................................................................
Upload: 88.33 Mbit/s
2025-09-07T01:15:01+08:00
Retrieving speedtest.net configuration...
Testing from FIl Products Service Television Inc (103.105.214.56)...
Retrieving speedtest.net server list...
Selecting best server based on ping...
Hosted by Globe Telecom (Makati) [633.45 km]: 24.031 ms
Testing download speed................................................................................
Download: 92.53 Mbit/s
Testing upload speed......................................................................................................
Upload: 80.79 Mbit/s
2025-09-07T01:20:02+08:00
Retrieving speedtest.net configuration...
Testing from FIl Products Service Television Inc (103.105.214.56)...
Retrieving speedtest.net server list...
Selecting best server based on ping...
Hosted by Globe Telecom (Makati) [633.45 km]: 36.795 ms
Testing download speed................................................................................
Download: 91.89 Mbit/s
Testing upload speed......................................................................................................
Upload: 89.72 Mbit/s
2025-09-07T01:25:01+08:00
Retrieving speedtest.net configuration...
Testing from FIl Products Service Television Inc (103.105.214.54)...
Retrieving speedtest.net server list...
Selecting best server based on ping...
Hosted by Globe Telecom (Makati) [633.45 km]: 23.781 ms
Testing download speed................................................................................
Download: 91.77 Mbit/s
Testing upload speed......................................................................................................
Upload: 88.15 Mbit/s
2025-09-07T01:30:01+08:00
Retrieving speedtest.net configuration...
Testing from FIl Products Service Television Inc (103.105.214.56)...
Retrieving speedtest.net server list...
Selecting best server based on ping...
2025-09-07T01:35:01+08:00
Retrieving speedtest.net configuration...
Testing from FIl Products Service Television Inc (103.105.214.54)...
Retrieving speedtest.net server list...
Selecting best server based on ping...
Hosted by Globe Telecom (Makati) [633.45 km]: 30.383 ms
Testing download speed................................................................................
Download: 92.37 Mbit/s
Testing upload speed......................................................................................................
Upload: 80.20 Mbit/s
2025-09-07T01:40:01+08:00
Retrieving speedtest.net configuration...
Testing from FIl Products Service Television Inc (103.105.214.54)...
Retrieving speedtest.net server list...
Selecting best server based on ping...
Hosted by Globe Telecom (Makati) [633.45 km]: 23.955 ms
Testing download speed................................................................................
Download: 86.03 Mbit/s
Testing upload speed......................................................................................................
Upload: 86.23 Mbit/s
2025-09-07T01:45:01+08:00
Retrieving speedtest.net configuration...
Testing from FIl Products Service Television Inc (103.105.214.54)...
Retrieving speedtest.net server list...
Selecting best server based on ping...
Hosted by DITO (Makati City) [634.17 km]: 42.173 ms
Testing download speed................................................................................
Download: 87.56 Mbit/s
Testing upload speed......................................................................................................
Upload: 85.58 Mbit/s
2025-09-07T01:50:01+08:00
Retrieving speedtest.net configuration...
Testing from FIl Products Service Television Inc (103.105.214.54)...
Retrieving speedtest.net server list...
Selecting best server based on ping...
Hosted by Globe Telecom (Makati) [633.45 km]: 24.022 ms
Testing download speed................................................................................
Download: 91.91 Mbit/s
Testing upload speed......................................................................................................
Upload: 83.03 Mbit/s
2025-09-07T01:55:01+08:00
Retrieving speedtest.net configuration...
Testing from FIl Products Service Television Inc (103.105.214.56)...
Retrieving speedtest.net server list...
Selecting best server based on ping...
Hosted by DITO (Makati City) [634.17 km]: 34.117 ms
Testing download speed................................................................................
Download: 91.43 Mbit/s
Testing upload speed......................................................................................................
Upload: 76.63 Mbit/s
2025-09-07T02:00:01+08:00
Retrieving speedtest.net configuration...
Testing from FIl Products Service Television Inc (103.105.214.56)...
Retrieving speedtest.net server list...
