2025-03-29T00:00:01+08:00
Retrieving speedtest.net configuration...
Testing from FIl Products Service Television Inc (103.105.214.62)...
Retrieving speedtest.net server list...
Selecting best server based on ping...
2025-03-29T00:05:01+08:00
Retrieving speedtest.net configuration...
2025-03-29T00:10:01+08:00
Retrieving speedtest.net configuration...
Testing from FIl Products Service Television Inc (103.105.214.59)...
Retrieving speedtest.net server list...
Selecting best server based on ping...
Hosted by Fil Products Negros (Dumaguete City) [0.00 km]: 7.988 ms
Testing download speed................................................................................
Download: 190.86 Mbit/s
Testing upload speed......................................................................................................
Upload: 336.38 Mbit/s
2025-03-29T00:15:01+08:00
Retrieving speedtest.net configuration...
Testing from FIl Products Service Television Inc (103.105.214.62)...
Retrieving speedtest.net server list...
Selecting best server based on ping...
Hosted by Fil Products Negros (Dumaguete City) [0.00 km]: 4.776 ms
Testing download speed................................................................................
Download: 191.82 Mbit/s
Testing upload speed......................................................................................................
Upload: 365.47 Mbit/s
2025-03-29T00:20:01+08:00
Retrieving speedtest.net configuration...
Testing from FIl Products Service Television Inc (103.105.214.59)...
Retrieving speedtest.net server list...
Selecting best server based on ping...
Hosted by Fil Products Negros (Dumaguete City) [0.00 km]: 4.848 ms
Testing download speed................................................................................
Download: 190.76 Mbit/s
Testing upload speed......................................................................................................
Upload: 362.40 Mbit/s
2025-03-29T00:25:01+08:00
Retrieving speedtest.net configuration...
Testing from FIl Products Service Television Inc (103.105.214.62)...
Retrieving speedtest.net server list...
Selecting best server based on ping...
Hosted by Fil Products Negros (Dumaguete City) [0.00 km]: 4.506 ms
Testing download speed................................................................................
Download: 191.92 Mbit/s
Testing upload speed......................................................................................................
Upload: 339.98 Mbit/s
2025-03-29T00:30:01+08:00
Retrieving speedtest.net configuration...
Testing from FIl Products Service Television Inc (103.105.214.62)...
Retrieving speedtest.net server list...
Selecting best server based on ping...
2025-03-29T00:35:01+08:00
Retrieving speedtest.net configuration...
2025-03-29T00:40:01+08:00
Retrieving speedtest.net configuration...
Testing from FIl Products Service Television Inc (103.105.214.62)...
Retrieving speedtest.net server list...
Selecting best server based on ping...
Hosted by Fil Products Negros (Dumaguete City) [0.00 km]: 7.297 ms
Testing download speed................................................................................
Download: 191.52 Mbit/s
Testing upload speed......................................................................................................
Upload: 338.03 Mbit/s
2025-03-29T00:45:01+08:00
Retrieving speedtest.net configuration...
Testing from FIl Products Service Television Inc (103.105.214.62)...
Retrieving speedtest.net server list...
Selecting best server based on ping...
Hosted by Fil Products Negros (Dumaguete City) [0.00 km]: 6.24 ms
Testing download speed................................................................................
Download: 187.77 Mbit/s
Testing upload speed......................................................................................................
Upload: 334.09 Mbit/s
2025-03-29T00:50:02+08:00
Retrieving speedtest.net configuration...
Testing from FIl Products Service Television Inc (103.105.214.62)...
Retrieving speedtest.net server list...
Selecting best server based on ping...
Hosted by Fil Products Negros (Dumaguete City) [0.00 km]: 3.927 ms
Testing download speed................................................................................
Download: 188.36 Mbit/s
Testing upload speed......................................................................................................
Upload: 307.87 Mbit/s
2025-03-29T00:55:01+08:00
Retrieving speedtest.net configuration...
Testing from FIl Products Service Television Inc (103.105.214.62)...
Retrieving speedtest.net server list...
Selecting best server based on ping...
Hosted by Fil Products Negros (Dumaguete City) [0.00 km]: 3.131 ms
Testing download speed................................................................................
Download: 186.77 Mbit/s
Testing upload speed......................................................................................................
Upload: 314.55 Mbit/s
2025-03-29T01:00:01+08:00
Retrieving speedtest.net configuration...
Testing from FIl Products Service Television Inc (103.105.214.62)...
Retrieving speedtest.net server list...
Selecting best server based on ping...
2025-03-29T01:05:01+08:00
Retrieving speedtest.net configuration...
2025-03-29T01:10:01+08:00
Retrieving speedtest.net configuration...
Testing from FIl Products Service Television Inc (103.105.214.59)...
Retrieving speedtest.net server list...
Selecting best server based on ping...
Hosted by Fil Products Negros (Dumaguete City) [0.00 km]: 6.716 ms
Testing download speed................................................................................
Download: 189.96 Mbit/s
Testing upload speed......................................................................................................
Upload: 338.36 Mbit/s
2025-03-29T01:15:01+08:00
Retrieving speedtest.net configuration...
Testing from FIl Products Service Television Inc (103.105.214.59)...
Retrieving speedtest.net server list...
Selecting best server based on ping...
Hosted by Fil Products Negros (Dumaguete City) [0.00 km]: 3.423 ms
Testing download speed................................................................................
Download: 189.55 Mbit/s
Testing upload speed......................................................................................................
Upload: 335.58 Mbit/s
2025-03-29T01:20:01+08:00
Retrieving speedtest.net configuration...
Testing from FIl Products Service Television Inc (103.105.214.59)...
Retrieving speedtest.net server list...
Selecting best server based on ping...
Hosted by Fil Products Negros (Dumaguete City) [0.00 km]: 7.141 ms
Testing download speed................................................................................
Download: 192.35 Mbit/s
Testing upload speed......................................................................................................
Upload: 347.65 Mbit/s
2025-03-29T01:25:01+08:00
Retrieving speedtest.net configuration...
Testing from FIl Products Service Television Inc (103.105.214.59)...
Retrieving speedtest.net server list...
Selecting best server based on ping...
Hosted by Fil Products Negros (Dumaguete City) [0.00 km]: 3.205 ms
Testing download speed................................................................................
Download: 189.22 Mbit/s
Testing upload speed......................................................................................................
Upload: 337.20 Mbit/s
2025-03-29T01:30:01+08:00
Retrieving speedtest.net configuration...
Testing from FIl Products Service Television Inc (103.105.214.62)...
Retrieving speedtest.net server list...
Selecting best server based on ping...
2025-03-29T01:35:01+08:00
Retrieving speedtest.net configuration...
2025-03-29T01:40:01+08:00
Retrieving speedtest.net configuration...
Testing from FIl Products Service Television Inc (103.105.214.62)...
Retrieving speedtest.net server list...
Selecting best server based on ping...
Hosted by Fil Products Negros (Dumaguete City) [0.00 km]: 2.975 ms
Testing download speed................................................................................
Download: 188.62 Mbit/s
Testing upload speed......................................................................................................
Upload: 324.40 Mbit/s
2025-03-29T01:45:01+08:00
Retrieving speedtest.net configuration...
Testing from FIl Products Service Television Inc (103.105.214.62)...
Retrieving speedtest.net server list...
Selecting best server based on ping...
Hosted by Fil Products Negros (Dumaguete City) [0.00 km]: 5.694 ms
Testing download speed................................................................................
Download: 189.57 Mbit/s
Testing upload speed......................................................................................................
Upload: 390.04 Mbit/s
2025-03-29T01:50:01+08:00
Retrieving speedtest.net configuration...
Testing from FIl Products Service Television Inc (103.105.214.59)...
Retrieving speedtest.net server list...
Selecting best server based on ping...
Hosted by Fil Products Negros (Dumaguete City) [0.00 km]: 3.205 ms
Testing download speed................................................................................
Download: 189.18 Mbit/s
Testing upload speed......................................................................................................
Upload: 334.12 Mbit/s
2025-03-29T01:55:01+08:00
Retrieving speedtest.net configuration...
Testing from FIl Products Service Television Inc (103.105.214.62)...
Retrieving speedtest.net server list...
Selecting best server based on ping...
Hosted by Fil Products Negros (Dumaguete City) [0.00 km]: 5.033 ms
Testing download speed................................................................................
Download: 188.84 Mbit/s
Testing upload speed......................................................................................................
Upload: 359.86 Mbit/s
2025-03-29T02:00:01+08:00
Retrieving speedtest.net configuration...
Testing from FIl Products Service Television Inc (103.105.214.62)...
Retrieving speedtest.net server list...
