2025-06-08T00:00:01+08:00
Retrieving speedtest.net configuration...
Testing from FIl Products Service Television Inc (103.105.214.58)...
Retrieving speedtest.net server list...
Selecting best server based on ping...
2025-06-08T00:05:01+08:00
Retrieving speedtest.net configuration...
2025-06-08T00:10:01+08:00
Retrieving speedtest.net configuration...
Testing from FIl Products Service Television Inc (103.105.214.58)...
Retrieving speedtest.net server list...
Selecting best server based on ping...
Hosted by PLDT (Makati) [634.17 km]: 20.086 ms
Testing download speed................................................................................
Download: 191.76 Mbit/s
Testing upload speed......................................................................................................
Upload: 247.83 Mbit/s
2025-06-08T00:15:01+08:00
Retrieving speedtest.net configuration...
Testing from FIl Products Service Television Inc (103.105.214.58)...
Retrieving speedtest.net server list...
Selecting best server based on ping...
Hosted by PLDT (Makati) [634.17 km]: 21.888 ms
Testing download speed................................................................................
Download: 188.49 Mbit/s
Testing upload speed......................................................................................................
Upload: 237.26 Mbit/s
2025-06-08T00:20:01+08:00
Retrieving speedtest.net configuration...
Testing from FIl Products Service Television Inc (103.105.214.58)...
Retrieving speedtest.net server list...
Selecting best server based on ping...
Hosted by PLDT (Makati) [634.17 km]: 19.456 ms
Testing download speed................................................................................
Download: 175.08 Mbit/s
Testing upload speed......................................................................................................
Upload: 224.49 Mbit/s
2025-06-08T00:25:01+08:00
Retrieving speedtest.net configuration...
Testing from FIl Products Service Television Inc (103.105.214.58)...
Retrieving speedtest.net server list...
Selecting best server based on ping...
Hosted by PLDT (Makati) [634.17 km]: 19.355 ms
Testing download speed................................................................................
Download: 174.04 Mbit/s
Testing upload speed......................................................................................................
Upload: 264.68 Mbit/s
2025-06-08T00:30:01+08:00
Retrieving speedtest.net configuration...
Testing from FIl Products Service Television Inc (103.105.214.58)...
Retrieving speedtest.net server list...
Selecting best server based on ping...
2025-06-08T00:35:01+08:00
Retrieving speedtest.net configuration...
Testing from FIl Products Service Television Inc (103.105.214.58)...
Retrieving speedtest.net server list...
Selecting best server based on ping...
Hosted by PLDT (Makati) [634.17 km]: 17.718 ms
Testing download speed................................................................................
Download: 135.14 Mbit/s
Testing upload speed......................................................................................................
Upload: 146.25 Mbit/s
2025-06-08T00:40:01+08:00
Retrieving speedtest.net configuration...
Testing from FIl Products Service Television Inc (103.105.214.58)...
Retrieving speedtest.net server list...
Selecting best server based on ping...
Hosted by PLDT (Makati) [634.17 km]: 19.186 ms
Testing download speed................................................................................
Download: 183.25 Mbit/s
Testing upload speed......................................................................................................
Upload: 253.79 Mbit/s
2025-06-08T00:45:01+08:00
Retrieving speedtest.net configuration...
Testing from FIl Products Service Television Inc (103.105.214.58)...
Retrieving speedtest.net server list...
Selecting best server based on ping...
Hosted by PLDT (Makati) [634.17 km]: 19.796 ms
Testing download speed................................................................................
Download: 132.46 Mbit/s
Testing upload speed......................................................................................................
Upload: 262.36 Mbit/s
2025-06-08T00:50:01+08:00
Retrieving speedtest.net configuration...
Testing from FIl Products Service Television Inc (103.105.214.58)...
Retrieving speedtest.net server list...
Selecting best server based on ping...
Hosted by PLDT (Makati) [634.17 km]: 19.937 ms
Testing download speed................................................................................
Download: 186.26 Mbit/s
Testing upload speed......................................................................................................
Upload: 217.39 Mbit/s
2025-06-08T00:55:01+08:00
Retrieving speedtest.net configuration...
Testing from FIl Products Service Television Inc (103.105.214.58)...
Retrieving speedtest.net server list...
Selecting best server based on ping...
Hosted by PLDT (Makati) [634.17 km]: 19.606 ms
Testing download speed................................................................................
Download: 186.81 Mbit/s
Testing upload speed......................................................................................................
Upload: 220.87 Mbit/s
2025-06-08T01:00:01+08:00
Retrieving speedtest.net configuration...
Testing from FIl Products Service Television Inc (103.105.214.58)...
Retrieving speedtest.net server list...
Selecting best server based on ping...
2025-06-08T01:05:01+08:00
Retrieving speedtest.net configuration...
2025-06-08T01:10:01+08:00
Retrieving speedtest.net configuration...
Testing from FIl Products Service Television Inc (103.105.214.58)...
Retrieving speedtest.net server list...
Selecting best server based on ping...
Hosted by PLDT (Makati) [634.17 km]: 18.722 ms
Testing download speed................................................................................
Download: 188.28 Mbit/s
Testing upload speed......................................................................................................
Upload: 264.67 Mbit/s
2025-06-08T01:15:01+08:00
Retrieving speedtest.net configuration...
Testing from FIl Products Service Television Inc (103.105.214.58)...
Retrieving speedtest.net server list...
Selecting best server based on ping...
Hosted by PLDT (Makati) [634.17 km]: 21.931 ms
Testing download speed................................................................................
Download: 186.32 Mbit/s
Testing upload speed......................................................................................................
Upload: 213.72 Mbit/s
2025-06-08T01:20:01+08:00
Retrieving speedtest.net configuration...
Testing from FIl Products Service Television Inc (103.105.214.58)...
Retrieving speedtest.net server list...
Selecting best server based on ping...
Hosted by PLDT (Makati) [634.17 km]: 21.442 ms
Testing download speed................................................................................
Download: 190.90 Mbit/s
Testing upload speed......................................................................................................
Upload: 262.27 Mbit/s
2025-06-08T01:25:01+08:00
Retrieving speedtest.net configuration...
Testing from FIl Products Service Television Inc (103.105.214.58)...
Retrieving speedtest.net server list...
Selecting best server based on ping...
Hosted by PLDT (Makati) [634.17 km]: 21.509 ms
Testing download speed................................................................................
Download: 191.62 Mbit/s
Testing upload speed......................................................................................................
Upload: 246.73 Mbit/s
2025-06-08T01:30:01+08:00
Retrieving speedtest.net configuration...
Testing from FIl Products Service Television Inc (103.105.214.58)...
Retrieving speedtest.net server list...
Selecting best server based on ping...
2025-06-08T01:35:01+08:00
Retrieving speedtest.net configuration...
Testing from FIl Products Service Television Inc (103.105.214.58)...
Retrieving speedtest.net server list...
Selecting best server based on ping...
Hosted by PLDT (Makati) [634.17 km]: 22.062 ms
Testing download speed................................................................................
Download: 178.80 Mbit/s
Testing upload speed......................................................................................................
Upload: 204.52 Mbit/s
2025-06-08T01:40:01+08:00
Retrieving speedtest.net configuration...
Testing from FIl Products Service Television Inc (103.105.214.58)...
Retrieving speedtest.net server list...
Selecting best server based on ping...
Hosted by PLDT (Makati) [634.17 km]: 22.425 ms
Testing download speed................................................................................
Download: 189.49 Mbit/s
Testing upload speed......................................................................................................
Upload: 251.78 Mbit/s
2025-06-08T01:45:01+08:00
Retrieving speedtest.net configuration...
Testing from FIl Products Service Television Inc (103.105.214.58)...
Retrieving speedtest.net server list...
Selecting best server based on ping...
Hosted by PLDT (Makati) [634.17 km]: 19.44 ms
Testing download speed................................................................................
Download: 182.76 Mbit/s
Testing upload speed......................................................................................................
Upload: 261.06 Mbit/s
2025-06-08T01:50:01+08:00
Retrieving speedtest.net configuration...
Testing from FIl Products Service Television Inc (103.105.214.58)...
Retrieving speedtest.net server list...
Selecting best server based on ping...
Hosted by PLDT (Makati) [634.17 km]: 21.194 ms
Testing download speed................................................................................
Download: 190.83 Mbit/s
Testing upload speed......................................................................................................
Upload: 261.17 Mbit/s
2025-06-08T01:55:01+08:00
Retrieving speedtest.net configuration...
Testing from FIl Products Service Television Inc (103.105.214.58)...
Retrieving speedtest.net server list...
Selecting best server based on ping...
Hosted by PLDT (Makati) [634.17 km]: 20.972 ms
Testing download speed................................................................................
Download: 166.63 Mbit/s
Testing upload speed......................................................................................................
Upload: 255.67 Mbit/s
2025-06-08T02:00:01+08:00
Retrieving speedtest.net configuration...
Testing from FIl Products Service Television Inc (103.105.214.58)...
Retrieving speedtest.net server list...
Selecting best server based on ping...
