2025-08-18T00:00:01+08:00
Retrieving speedtest.net configuration...
Testing from FIl Products Service Television Inc (103.105.214.55)...
Retrieving speedtest.net server list...
Selecting best server based on ping...
2025-08-18T00:05:01+08:00
Retrieving speedtest.net configuration...
2025-08-18T00:10:01+08:00
Retrieving speedtest.net configuration...
Testing from FIl Products Service Television Inc (103.105.214.63)...
Retrieving speedtest.net server list...
Selecting best server based on ping...
Hosted by RISE.ph (Makati) [633.45 km]: 20.446 ms
Testing download speed................................................................................
Download: 201.08 Mbit/s
Testing upload speed......................................................................................................
Upload: 172.76 Mbit/s
2025-08-18T00:15:01+08:00
Retrieving speedtest.net configuration...
Testing from FIl Products Service Television Inc (103.105.214.55)...
Retrieving speedtest.net server list...
Selecting best server based on ping...
Hosted by RISE.ph (Makati) [633.45 km]: 19.862 ms
Testing download speed................................................................................
Download: 198.34 Mbit/s
Testing upload speed......................................................................................................
Upload: 337.18 Mbit/s
2025-08-18T00:20:01+08:00
Retrieving speedtest.net configuration...
Testing from FIl Products Service Television Inc (103.105.214.63)...
Retrieving speedtest.net server list...
Selecting best server based on ping...
Hosted by RISE.ph (Makati) [633.45 km]: 20.278 ms
Testing download speed................................................................................
Download: 195.67 Mbit/s
Testing upload speed......................................................................................................
Upload: 373.04 Mbit/s
2025-08-18T00:25:01+08:00
Retrieving speedtest.net configuration...
Testing from FIl Products Service Television Inc (103.105.214.63)...
Retrieving speedtest.net server list...
Selecting best server based on ping...
Hosted by RISE.ph (Makati) [633.45 km]: 19.868 ms
Testing download speed................................................................................
Download: 197.45 Mbit/s
Testing upload speed......................................................................................................
Upload: 323.42 Mbit/s
2025-08-18T00:30:01+08:00
Retrieving speedtest.net configuration...
Testing from FIl Products Service Television Inc (103.105.214.55)...
Retrieving speedtest.net server list...
Selecting best server based on ping...
2025-08-18T00:35:01+08:00
Retrieving speedtest.net configuration...
Testing from FIl Products Service Television Inc (103.105.214.63)...
Retrieving speedtest.net server list...
Selecting best server based on ping...
Hosted by RISE.ph (Makati) [633.45 km]: 20.265 ms
Testing download speed................................................................................
Download: 199.84 Mbit/s
Testing upload speed......................................................................................................
Upload: 359.10 Mbit/s
2025-08-18T00:40:01+08:00
Retrieving speedtest.net configuration...
Testing from FIl Products Service Television Inc (103.105.214.55)...
Retrieving speedtest.net server list...
Selecting best server based on ping...
Hosted by RISE.ph (Makati) [633.45 km]: 20.03 ms
Testing download speed................................................................................
Download: 198.50 Mbit/s
Testing upload speed......................................................................................................
Upload: 364.16 Mbit/s
2025-08-18T00:45:01+08:00
Retrieving speedtest.net configuration...
Testing from FIl Products Service Television Inc (103.105.214.55)...
Retrieving speedtest.net server list...
Selecting best server based on ping...
Hosted by RISE.ph (Makati) [633.45 km]: 19.601 ms
Testing download speed................................................................................
Download: 199.93 Mbit/s
Testing upload speed......................................................................................................
Upload: 310.10 Mbit/s
2025-08-18T00:50:01+08:00
Retrieving speedtest.net configuration...
Testing from FIl Products Service Television Inc (103.105.214.63)...
Retrieving speedtest.net server list...
Selecting best server based on ping...
Hosted by Philippine Global Communications, Inc. (Makati) [633.45 km]: 39.395 ms
Testing download speed................................................................................
Download: 194.35 Mbit/s
Testing upload speed......................................................................................................
Upload: 302.60 Mbit/s
2025-08-18T00:55:01+08:00
Retrieving speedtest.net configuration...
Testing from FIl Products Service Television Inc (103.105.214.55)...
Retrieving speedtest.net server list...
Selecting best server based on ping...
Hosted by Philippine Global Communications, Inc. (Makati) [633.45 km]: 30.012 ms
Testing download speed................................................................................
Download: 183.57 Mbit/s
Testing upload speed......................................................................................................
Upload: 285.74 Mbit/s
2025-08-18T01:00:01+08:00
Retrieving speedtest.net configuration...
Testing from FIl Products Service Television Inc (103.105.214.55)...
Retrieving speedtest.net server list...
Selecting best server based on ping...
