2025-09-19T00:00:01+08:00
Retrieving speedtest.net configuration...
Testing from FIl Products Service Television Inc (103.105.214.57)...
Retrieving speedtest.net server list...
Selecting best server based on ping...
2025-09-19T00:05:01+08:00
Retrieving speedtest.net configuration...
2025-09-19T00:10:01+08:00
Retrieving speedtest.net configuration...
Testing from FIl Products Service Television Inc (103.105.214.57)...
Retrieving speedtest.net server list...
Selecting best server based on ping...
Hosted by DITO (Cebu City) [128.48 km]: 37.295 ms
Testing download speed................................................................................
Download: 91.11 Mbit/s
Testing upload speed......................................................................................................
Upload: 70.80 Mbit/s
2025-09-19T00:15:01+08:00
Retrieving speedtest.net configuration...
Testing from FIl Products Service Television Inc (103.105.214.62)...
Retrieving speedtest.net server list...
Selecting best server based on ping...
Hosted by DITO (Cebu City) [128.48 km]: 35.034 ms
Testing download speed................................................................................
Download: 89.92 Mbit/s
Testing upload speed......................................................................................................
Upload: 86.58 Mbit/s
2025-09-19T00:20:01+08:00
Retrieving speedtest.net configuration...
Testing from FIl Products Service Television Inc (103.105.214.62)...
Retrieving speedtest.net server list...
Selecting best server based on ping...
Hosted by DITO (Cebu City) [128.48 km]: 36.539 ms
Testing download speed................................................................................
Download: 90.59 Mbit/s
Testing upload speed......................................................................................................
Upload: 81.49 Mbit/s
2025-09-19T00:25:01+08:00
Retrieving speedtest.net configuration...
Testing from FIl Products Service Television Inc (103.105.214.57)...
Retrieving speedtest.net server list...
Selecting best server based on ping...
Hosted by PLDT (Cebu City) [126.16 km]: 40.04 ms
Testing download speed................................................................................
Download: 86.65 Mbit/s
Testing upload speed......................................................................................................
Upload: 65.26 Mbit/s
2025-09-19T00:30:01+08:00
Retrieving speedtest.net configuration...
Testing from FIl Products Service Television Inc (103.105.214.57)...
Retrieving speedtest.net server list...
Selecting best server based on ping...
2025-09-19T00:35:01+08:00
Retrieving speedtest.net configuration...
Testing from FIl Products Service Television Inc (103.105.214.62)...
Retrieving speedtest.net server list...
Selecting best server based on ping...
Hosted by PLDT (Cebu City) [126.16 km]: 41.825 ms
Testing download speed................................................................................
Download: 83.54 Mbit/s
Testing upload speed......................................................................................................
Upload: 66.82 Mbit/s
2025-09-19T00:40:01+08:00
Retrieving speedtest.net configuration...
Testing from FIl Products Service Television Inc (103.105.214.62)...
Retrieving speedtest.net server list...
Selecting best server based on ping...
Hosted by DITO (Cebu City) [128.48 km]: 37.693 ms
Testing download speed................................................................................
Download: 91.75 Mbit/s
Testing upload speed......................................................................................................
Upload: 76.25 Mbit/s
2025-09-19T00:45:01+08:00
Retrieving speedtest.net configuration...
Testing from FIl Products Service Television Inc (103.105.214.62)...
Retrieving speedtest.net server list...
Selecting best server based on ping...
Hosted by DITO (Cebu City) [128.48 km]: 31.414 ms
Testing download speed................................................................................
Download: 90.72 Mbit/s
Testing upload speed......................................................................................................
Upload: 80.01 Mbit/s
2025-09-19T00:50:01+08:00
Retrieving speedtest.net configuration...
Testing from FIl Products Service Television Inc (103.105.214.62)...
Retrieving speedtest.net server list...
Selecting best server based on ping...
Hosted by DITO (Cebu City) [128.48 km]: 39.955 ms
Testing download speed................................................................................
Download: 90.47 Mbit/s
Testing upload speed......................................................................................................
Upload: 83.64 Mbit/s
2025-09-19T00:55:01+08:00
Retrieving speedtest.net configuration...
Testing from FIl Products Service Television Inc (103.105.214.62)...
Retrieving speedtest.net server list...
Selecting best server based on ping...
Hosted by DITO (Cebu City) [128.48 km]: 35.457 ms
Testing download speed................................................................................
Download: 90.59 Mbit/s
Testing upload speed......................................................................................................
Upload: 82.07 Mbit/s
2025-09-19T01:00:01+08:00
Retrieving speedtest.net configuration...
Testing from FIl Products Service Television Inc (103.105.214.57)...
Retrieving speedtest.net server list...
Selecting best server based on ping...
2025-09-19T01:05:01+08:00
Retrieving speedtest.net configuration...
Testing from FIl Products Service Television Inc (103.105.214.62)...
Retrieving speedtest.net server list...
Selecting best server based on ping...
Hosted by PLDT (Cebu City) [126.16 km]: 42.032 ms
Testing download speed................................................................................
Download: 88.05 Mbit/s
Testing upload speed......................................................................................................
Upload: 70.26 Mbit/s
2025-09-19T01:10:01+08:00
Retrieving speedtest.net configuration...
Testing from FIl Products Service Television Inc (103.105.214.57)...
Retrieving speedtest.net server list...
Selecting best server based on ping...
Hosted by DITO (Cebu City) [128.48 km]: 38.778 ms
Testing download speed................................................................................
Download: 91.91 Mbit/s
Testing upload speed......................................................................................................
Upload: 83.86 Mbit/s
2025-09-19T01:15:01+08:00
Retrieving speedtest.net configuration...
Testing from FIl Products Service Television Inc (103.105.214.62)...
Retrieving speedtest.net server list...
Selecting best server based on ping...
Hosted by DITO (Cebu City) [128.48 km]: 34.881 ms
Testing download speed................................................................................
Download: 85.13 Mbit/s
Testing upload speed......................................................................................................
Upload: 84.31 Mbit/s
2025-09-19T01:20:01+08:00
Retrieving speedtest.net configuration...
Testing from FIl Products Service Television Inc (103.105.214.62)...
Retrieving speedtest.net server list...
Selecting best server based on ping...
Hosted by PLDT (Cebu City) [126.16 km]: 40.025 ms
Testing download speed................................................................................
Download: 89.16 Mbit/s
Testing upload speed......................................................................................................
Upload: 69.94 Mbit/s
2025-09-19T01:25:01+08:00
Retrieving speedtest.net configuration...
Testing from FIl Products Service Television Inc (103.105.214.62)...
Retrieving speedtest.net server list...
Selecting best server based on ping...
Hosted by PLDT (Cebu City) [126.16 km]: 41.724 ms
Testing download speed................................................................................
Download: 83.65 Mbit/s
Testing upload speed......................................................................................................
Upload: 66.16 Mbit/s
2025-09-19T01:30:01+08:00
Retrieving speedtest.net configuration...
Testing from FIl Products Service Television Inc (103.105.214.62)...
Retrieving speedtest.net server list...
Selecting best server based on ping...
2025-09-19T01:35:01+08:00
Retrieving speedtest.net configuration...
Testing from FIl Products Service Television Inc (103.105.214.57)...
Retrieving speedtest.net server list...
Selecting best server based on ping...
Hosted by Globe Telecom (Cebu City) [126.16 km]: 36.967 ms
Testing download speed................................................................................
Download: 91.65 Mbit/s
Testing upload speed......................................................................................................
Upload: 85.56 Mbit/s
2025-09-19T01:40:01+08:00
Retrieving speedtest.net configuration...
Testing from FIl Products Service Television Inc (103.105.214.57)...
Retrieving speedtest.net server list...
Selecting best server based on ping...
Hosted by Globe Telecom (Cebu City) [126.16 km]: 24.359 ms
Testing download speed................................................................................
Download: 92.58 Mbit/s
Testing upload speed......................................................................................................
Upload: 83.22 Mbit/s
2025-09-19T01:45:01+08:00
Retrieving speedtest.net configuration...
Testing from FIl Products Service Television Inc (103.105.214.62)...
Retrieving speedtest.net server list...
Selecting best server based on ping...
Hosted by PAKONEK SOLUTIONS (Cebu City) [128.33 km]: 21.666 ms
Testing download speed................................................................................
Download: 90.41 Mbit/s
Testing upload speed......................................................................................................
Upload: 87.21 Mbit/s
2025-09-19T01:50:02+08:00
Retrieving speedtest.net configuration...
Testing from FIl Products Service Television Inc (103.105.214.62)...
Retrieving speedtest.net server list...
Selecting best server based on ping...
Hosted by PAKONEK SOLUTIONS (Cebu City) [128.33 km]: 29.477 ms
Testing download speed................................................................................
Download: 89.51 Mbit/s
Testing upload speed......................................................................................................
Upload: 88.69 Mbit/s
2025-09-19T01:55:01+08:00
Retrieving speedtest.net configuration...
Testing from FIl Products Service Television Inc (103.105.214.62)...
Retrieving speedtest.net server list...
Selecting best server based on ping...
Hosted by Globe Telecom (Cebu City) [126.16 km]: 24.101 ms
Testing download speed................................................................................
Download: 92.52 Mbit/s
Testing upload speed......................................................................................................
Upload: 81.35 Mbit/s
2025-09-19T02:00:01+08:00
Retrieving speedtest.net configuration...
Testing from FIl Products Service Television Inc (103.105.214.62)...
Retrieving speedtest.net server list...
Selecting best server based on ping...
