2025-04-06T00:00:01+08:00
Retrieving speedtest.net configuration...
Testing from FIl Products Service Television Inc (103.105.214.49)...
Retrieving speedtest.net server list...
Selecting best server based on ping...
2025-04-06T00:05:01+08:00
Retrieving speedtest.net configuration...
2025-04-06T00:10:01+08:00
Retrieving speedtest.net configuration...
Testing from FIl Products Service Television Inc (103.105.214.61)...
Retrieving speedtest.net server list...
Selecting best server based on ping...
Hosted by Zafra Cable Television Network Inc. (Panglao) [57.64 km]: 27.621 ms
Testing download speed................................................................................
Download: 188.58 Mbit/s
Testing upload speed......................................................................................................
Upload: 247.61 Mbit/s
2025-04-06T00:15:01+08:00
Retrieving speedtest.net configuration...
Testing from FIl Products Service Television Inc (103.105.214.61)...
Retrieving speedtest.net server list...
Selecting best server based on ping...
Hosted by Zafra Cable Television Network Inc. (Panglao) [57.64 km]: 27.425 ms
Testing download speed................................................................................
Download: 193.01 Mbit/s
Testing upload speed......................................................................................................
Upload: 314.33 Mbit/s
2025-04-06T00:20:01+08:00
Retrieving speedtest.net configuration...
Testing from FIl Products Service Television Inc (103.105.214.61)...
Retrieving speedtest.net server list...
Selecting best server based on ping...
Hosted by Zafra Cable Television Network Inc. (Panglao) [57.64 km]: 27.414 ms
Testing download speed................................................................................
Download: 166.53 Mbit/s
Testing upload speed......................................................................................................
Upload: 119.19 Mbit/s
2025-04-06T00:25:01+08:00
Retrieving speedtest.net configuration...
Testing from FIl Products Service Television Inc (103.105.214.61)...
Retrieving speedtest.net server list...
Selecting best server based on ping...
Hosted by Zafra Cable Television Network Inc. (Panglao) [57.64 km]: 30.218 ms
Testing download speed................................................................................
Download: 184.60 Mbit/s
Testing upload speed......................................................................................................
Upload: 306.21 Mbit/s
2025-04-06T00:30:01+08:00
Retrieving speedtest.net configuration...
Testing from FIl Products Service Television Inc (103.105.214.61)...
Retrieving speedtest.net server list...
Selecting best server based on ping...
2025-04-06T00:35:01+08:00
Retrieving speedtest.net configuration...
2025-04-06T00:40:01+08:00
Retrieving speedtest.net configuration...
Testing from FIl Products Service Television Inc (103.105.214.49)...
Retrieving speedtest.net server list...
Selecting best server based on ping...
Hosted by Zafra Cable Television Network Inc. (Panglao) [57.64 km]: 25.268 ms
Testing download speed................................................................................
Download: 186.28 Mbit/s
Testing upload speed......................................................................................................
Upload: 273.53 Mbit/s
2025-04-06T00:45:01+08:00
Retrieving speedtest.net configuration...
Testing from FIl Products Service Television Inc (103.105.214.61)...
Retrieving speedtest.net server list...
Selecting best server based on ping...
Hosted by Zafra Cable Television Network Inc. (Panglao) [57.64 km]: 25.101 ms
Testing download speed................................................................................
Download: 120.28 Mbit/s
Testing upload speed......................................................................................................
Upload: 358.81 Mbit/s
2025-04-06T00:50:01+08:00
Retrieving speedtest.net configuration...
Testing from FIl Products Service Television Inc (103.105.214.49)...
Retrieving speedtest.net server list...
Selecting best server based on ping...
Hosted by Zafra Cable Television Network Inc. (Panglao) [57.64 km]: 29.241 ms
Testing download speed................................................................................
Download: 180.07 Mbit/s
Testing upload speed......................................................................................................
Upload: 260.76 Mbit/s
2025-04-06T00:55:01+08:00
Retrieving speedtest.net configuration...
Testing from FIl Products Service Television Inc (103.105.214.61)...
Retrieving speedtest.net server list...
Selecting best server based on ping...
Hosted by Zafra Cable Television Network Inc. (Panglao) [57.64 km]: 25.261 ms
Testing download speed................................................................................
Download: 165.40 Mbit/s
Testing upload speed......................................................................................................
Upload: 271.23 Mbit/s
2025-04-06T01:00:01+08:00
Retrieving speedtest.net configuration...
Testing from FIl Products Service Television Inc (103.105.214.49)...
Retrieving speedtest.net server list...
Selecting best server based on ping...
