2025-03-31T00:00:01+08:00
Retrieving speedtest.net configuration...
Testing from FIl Products Service Television Inc (103.105.214.59)...
Retrieving speedtest.net server list...
Selecting best server based on ping...
2025-03-31T00:05:01+08:00
Retrieving speedtest.net configuration...
2025-03-31T00:10:01+08:00
Retrieving speedtest.net configuration...
Testing from FIl Products Service Television Inc (103.105.214.59)...
Retrieving speedtest.net server list...
Selecting best server based on ping...
Hosted by Globe Telecom (Davao City) [355.16 km]: 29.839 ms
Testing download speed................................................................................
Download: 157.06 Mbit/s
Testing upload speed......................................................................................................
Upload: 219.52 Mbit/s
2025-03-31T00:15:01+08:00
Retrieving speedtest.net configuration...
Testing from FIl Products Service Television Inc (103.105.214.59)...
Retrieving speedtest.net server list...
Selecting best server based on ping...
Hosted by Globe Telecom (Davao City) [355.16 km]: 28.03 ms
Testing download speed................................................................................
Download: 150.78 Mbit/s
Testing upload speed......................................................................................................
Upload: 198.52 Mbit/s
2025-03-31T00:20:01+08:00
Retrieving speedtest.net configuration...
Testing from FIl Products Service Television Inc (103.105.214.59)...
Retrieving speedtest.net server list...
Selecting best server based on ping...
Hosted by Globe Telecom (Davao City) [355.16 km]: 29.535 ms
Testing download speed................................................................................
Download: 158.69 Mbit/s
Testing upload speed......................................................................................................
Upload: 203.31 Mbit/s
2025-03-31T00:25:01+08:00
Retrieving speedtest.net configuration...
Testing from FIl Products Service Television Inc (103.105.214.59)...
Retrieving speedtest.net server list...
Selecting best server based on ping...
Hosted by Globe Telecom (Davao City) [355.16 km]: 27.924 ms
Testing download speed................................................................................
Download: 167.15 Mbit/s
Testing upload speed......................................................................................................
Upload: 208.79 Mbit/s
2025-03-31T00:30:01+08:00
Retrieving speedtest.net configuration...
Testing from FIl Products Service Television Inc (103.105.214.62)...
Retrieving speedtest.net server list...
Selecting best server based on ping...
2025-03-31T00:35:01+08:00
Retrieving speedtest.net configuration...
2025-03-31T00:40:01+08:00
Retrieving speedtest.net configuration...
Testing from FIl Products Service Television Inc (103.105.214.62)...
Retrieving speedtest.net server list...
Selecting best server based on ping...
Hosted by Globe Telecom (Davao City) [355.16 km]: 31.461 ms
Testing download speed................................................................................
Download: 158.85 Mbit/s
Testing upload speed......................................................................................................
Upload: 206.60 Mbit/s
2025-03-31T00:45:01+08:00
Retrieving speedtest.net configuration...
Testing from FIl Products Service Television Inc (103.105.214.59)...
Retrieving speedtest.net server list...
Selecting best server based on ping...
Hosted by Globe Telecom (Davao City) [355.16 km]: 30.559 ms
Testing download speed................................................................................
Download: 169.34 Mbit/s
Testing upload speed......................................................................................................
Upload: 235.39 Mbit/s
2025-03-31T00:50:01+08:00
Retrieving speedtest.net configuration...
Testing from FIl Products Service Television Inc (103.105.214.59)...
Retrieving speedtest.net server list...
Selecting best server based on ping...
Hosted by Globe Telecom (Davao City) [355.16 km]: 30.86 ms
Testing download speed................................................................................
Download: 171.18 Mbit/s
Testing upload speed......................................................................................................
Upload: 204.39 Mbit/s
2025-03-31T00:55:01+08:00
Retrieving speedtest.net configuration...
Testing from FIl Products Service Television Inc (103.105.214.62)...
Retrieving speedtest.net server list...
Selecting best server based on ping...
Hosted by Globe Telecom (Cebu City) [126.16 km]: 33.353 ms
Testing download speed................................................................................
Download: 166.83 Mbit/s
Testing upload speed......................................................................................................
Upload: 159.09 Mbit/s
2025-03-31T01:00:01+08:00
Retrieving speedtest.net configuration...
Testing from FIl Products Service Television Inc (103.105.214.59)...
Retrieving speedtest.net server list...
Selecting best server based on ping...
