2025-06-12T00:00:01+08:00
Retrieving speedtest.net configuration...
Testing from FIl Products Service Television Inc (103.105.214.50)...
Retrieving speedtest.net server list...
Selecting best server based on ping...
2025-06-12T00:05:01+08:00
Retrieving speedtest.net configuration...
2025-06-12T00:10:01+08:00
Retrieving speedtest.net configuration...
Testing from FIl Products Service Television Inc (103.105.214.50)...
Retrieving speedtest.net server list...
Selecting best server based on ping...
Hosted by Parasat Cable TV, Inc. (Cagayan de Oro) [173.34 km]: 24.065 ms
Testing download speed................................................................................
Download: 193.41 Mbit/s
Testing upload speed......................................................................................................
Upload: 238.52 Mbit/s
2025-06-12T00:15:01+08:00
Retrieving speedtest.net configuration...
Testing from FIl Products Service Television Inc (103.105.214.53)...
Retrieving speedtest.net server list...
Selecting best server based on ping...
Hosted by PLDT (Cagayan de Oro) [173.34 km]: 41.997 ms
Testing download speed................................................................................
Download: 166.56 Mbit/s
Testing upload speed......................................................................................................
Upload: 118.18 Mbit/s
2025-06-12T00:20:01+08:00
Retrieving speedtest.net configuration...
Testing from FIl Products Service Television Inc (103.105.214.50)...
Retrieving speedtest.net server list...
Selecting best server based on ping...
Hosted by Parasat Cable TV, Inc. (Cagayan de Oro) [173.34 km]: 24.129 ms
Testing download speed................................................................................
Download: 191.55 Mbit/s
Testing upload speed......................................................................................................
Upload: 200.87 Mbit/s
2025-06-12T00:25:01+08:00
Retrieving speedtest.net configuration...
Testing from FIl Products Service Television Inc (103.105.214.53)...
Retrieving speedtest.net server list...
Selecting best server based on ping...
Hosted by Philippine Global Communications, Inc. (Makati) [633.45 km]: 28.588 ms
Testing download speed................................................................................
Download: 199.12 Mbit/s
Testing upload speed......................................................................................................
Upload: 206.54 Mbit/s
2025-06-12T00:30:01+08:00
Retrieving speedtest.net configuration...
Testing from FIl Products Service Television Inc (103.105.214.53)...
Retrieving speedtest.net server list...
Selecting best server based on ping...
2025-06-12T00:35:01+08:00
Retrieving speedtest.net configuration...
Testing from FIl Products Service Television Inc (103.105.214.53)...
Retrieving speedtest.net server list...
Selecting best server based on ping...
Hosted by Philippine Global Communications, Inc. (Makati) [633.45 km]: 33.14 ms
Testing download speed................................................................................
Download: 196.49 Mbit/s
Testing upload speed......................................................................................................
Upload: 114.31 Mbit/s
2025-06-12T00:40:02+08:00
Retrieving speedtest.net configuration...
Testing from FIl Products Service Television Inc (103.105.214.53)...
Retrieving speedtest.net server list...
Selecting best server based on ping...
Hosted by Radius Telecoms, Inc. (Pasig City) [633.83 km]: 35.297 ms
Testing download speed................................................................................
Download: 196.80 Mbit/s
Testing upload speed......................................................................................................
Upload: 30.81 Mbit/s
2025-06-12T00:45:02+08:00
Retrieving speedtest.net configuration...
Testing from FIl Products Service Television Inc (103.105.214.50)...
Retrieving speedtest.net server list...
Selecting best server based on ping...
Hosted by Philippine Global Communications, Inc. (Makati) [633.45 km]: 27.416 ms
Testing download speed................................................................................
Download: 195.12 Mbit/s
Testing upload speed......................................................................................................
Upload: 201.22 Mbit/s
2025-06-12T00:50:02+08:00
Retrieving speedtest.net configuration...
Testing from FIl Products Service Television Inc (103.105.214.53)...
Retrieving speedtest.net server list...
Selecting best server based on ping...
Hosted by Philippine Global Communications, Inc. (Makati) [633.45 km]: 27.936 ms
Testing download speed................................................................................
Download: 196.05 Mbit/s
Testing upload speed......................................................................................................
Upload: 203.77 Mbit/s
2025-06-12T00:55:01+08:00
Retrieving speedtest.net configuration...
Testing from FIl Products Service Television Inc (103.105.214.53)...
Retrieving speedtest.net server list...
Selecting best server based on ping...
Hosted by Philippine Global Communications, Inc. (Makati) [633.45 km]: 26.869 ms
Testing download speed................................................................................
Download: 195.26 Mbit/s
Testing upload speed......................................................................................................
Upload: 263.13 Mbit/s
2025-06-12T01:00:01+08:00
Retrieving speedtest.net configuration...
Testing from FIl Products Service Television Inc (103.105.214.50)...
Retrieving speedtest.net server list...
Selecting best server based on ping...
2025-06-12T01:05:01+08:00
Retrieving speedtest.net configuration...
Testing from FIl Products Service Television Inc (103.105.214.50)...
Retrieving speedtest.net server list...
Selecting best server based on ping...
Hosted by Radius Telecoms, Inc. (Pasig City) [633.83 km]: 34.378 ms
Testing download speed................................................................................
Download: 193.50 Mbit/s
Testing upload speed......................................................................................................
Upload: 29.30 Mbit/s
2025-06-12T01:10:01+08:00
Retrieving speedtest.net configuration...
Testing from FIl Products Service Television Inc (103.105.214.53)...
Retrieving speedtest.net server list...
Selecting best server based on ping...
Hosted by Radius Telecoms, Inc. (Pasig City) [633.83 km]: 28.121 ms
Testing download speed................................................................................
Download: 194.50 Mbit/s
Testing upload speed......................................................................................................
Upload: 31.21 Mbit/s
2025-06-12T01:15:01+08:00
Retrieving speedtest.net configuration...
Testing from FIl Products Service Television Inc (103.105.214.53)...
Retrieving speedtest.net server list...
Selecting best server based on ping...
Hosted by Radius Telecoms, Inc. (Pasig City) [633.83 km]: 23.794 ms
Testing download speed................................................................................
Download: 196.71 Mbit/s
Testing upload speed......................................................................................................
Upload: 31.69 Mbit/s
2025-06-12T01:20:01+08:00
Retrieving speedtest.net configuration...
Testing from FIl Products Service Television Inc (103.105.214.53)...
Retrieving speedtest.net server list...
Selecting best server based on ping...
Hosted by Radius Telecoms, Inc. (Pasig City) [633.83 km]: 25.053 ms
Testing download speed................................................................................
Download: 192.68 Mbit/s
Testing upload speed......................................................................................................
Upload: 20.19 Mbit/s
2025-06-12T01:25:01+08:00
Retrieving speedtest.net configuration...
Testing from FIl Products Service Television Inc (103.105.214.50)...
Retrieving speedtest.net server list...
Selecting best server based on ping...
Hosted by Radius Telecoms, Inc. (Pasig City) [633.83 km]: 23.262 ms
Testing download speed................................................................................
Download: 193.66 Mbit/s
Testing upload speed......................................................................................................
Upload: 24.35 Mbit/s
2025-06-12T01:30:01+08:00
Retrieving speedtest.net configuration...
Testing from FIl Products Service Television Inc (103.105.214.58)...
Retrieving speedtest.net server list...
Selecting best server based on ping...
2025-06-12T01:35:01+08:00
Retrieving speedtest.net configuration...
2025-06-12T01:40:01+08:00
Retrieving speedtest.net configuration...
Testing from FIl Products Service Television Inc (103.105.214.53)...
Retrieving speedtest.net server list...
Selecting best server based on ping...
Hosted by Radius Telecoms, Inc. (Pasig City) [633.83 km]: 33.344 ms
Testing download speed................................................................................
Download: 197.46 Mbit/s
Testing upload speed......................................................................................................
Upload: 35.44 Mbit/s
2025-06-12T01:45:01+08:00
Retrieving speedtest.net configuration...
Testing from FIl Products Service Television Inc (103.105.214.53)...
Retrieving speedtest.net server list...
Selecting best server based on ping...
Hosted by Radius Telecoms, Inc. (Pasig City) [633.83 km]: 25.475 ms
Testing download speed................................................................................
Download: 194.42 Mbit/s
Testing upload speed......................................................................................................
Upload: 31.54 Mbit/s
2025-06-12T01:50:02+08:00
Retrieving speedtest.net configuration...
Testing from FIl Products Service Television Inc (103.105.214.53)...
Retrieving speedtest.net server list...
Selecting best server based on ping...
Hosted by Philippine Global Communications, Inc. (Makati) [633.45 km]: 27.836 ms
Testing download speed................................................................................
Download: 195.28 Mbit/s
Testing upload speed......................................................................................................
Upload: 184.82 Mbit/s
2025-06-12T01:55:01+08:00
Retrieving speedtest.net configuration...
Testing from FIl Products Service Television Inc (103.105.214.53)...
Retrieving speedtest.net server list...
Selecting best server based on ping...
Hosted by Philippine Global Communications, Inc. (Makati) [633.45 km]: 26.847 ms
Testing download speed................................................................................
Download: 196.54 Mbit/s
Testing upload speed......................................................................................................
Upload: 114.55 Mbit/s
2025-06-12T02:00:01+08:00
Retrieving speedtest.net configuration...
Testing from FIl Products Service Television Inc (103.105.214.53)...
Retrieving speedtest.net server list...
Selecting best server based on ping...
