2025-05-02T00:00:01-07:00
Retrieving speedtest.net configuration...
Testing from Shaw Communications (162.217.232.110)...
Retrieving speedtest.net server list...
Selecting best server based on ping...
2025-05-02T00:05:01-07:00
Retrieving speedtest.net configuration...
2025-05-02T00:10:01-07:00
Retrieving speedtest.net configuration...
Testing from Shaw Communications (162.217.232.110)...
Retrieving speedtest.net server list...
Selecting best server based on ping...
Hosted by TELUS (Vancouver, BC) [13.31 km]: 5.334 ms
Testing download speed................................................................................
Download: 215.31 Mbit/s
Testing upload speed......................................................................................................
Upload: 186.44 Mbit/s
2025-05-02T00:15:01-07:00
Retrieving speedtest.net configuration...
Testing from Shaw Communications (162.217.232.110)...
Retrieving speedtest.net server list...
Selecting best server based on ping...
Hosted by Bell Mobility (Vancouver, BC) [13.31 km]: 4.054 ms
Testing download speed................................................................................
Download: 225.51 Mbit/s
Testing upload speed......................................................................................................
Upload: 196.02 Mbit/s
2025-05-02T00:20:01-07:00
Retrieving speedtest.net configuration...
Testing from Shaw Communications (162.217.232.110)...
Retrieving speedtest.net server list...
Selecting best server based on ping...
Hosted by Bell Mobility (Vancouver, BC) [13.31 km]: 4.275 ms
Testing download speed................................................................................
Download: 225.80 Mbit/s
Testing upload speed......................................................................................................
Upload: 201.52 Mbit/s
2025-05-02T00:25:01-07:00
Retrieving speedtest.net configuration...
Testing from Shaw Communications (162.217.232.110)...
Retrieving speedtest.net server list...
Selecting best server based on ping...
Hosted by TELUS (Vancouver, BC) [13.31 km]: 8.502 ms
Testing download speed................................................................................
Download: 230.15 Mbit/s
Testing upload speed......................................................................................................
Upload: 203.01 Mbit/s
2025-05-02T00:30:01-07:00
Retrieving speedtest.net configuration...
Testing from Shaw Communications (162.217.232.110)...
Retrieving speedtest.net server list...
Selecting best server based on ping...
2025-05-02T00:35:01-07:00
Retrieving speedtest.net configuration...
Testing from Shaw Communications (162.217.232.110)...
Retrieving speedtest.net server list...
Selecting best server based on ping...
Hosted by TELUS Mobility (Vancouver, BC) [13.31 km]: 5.413 ms
Testing download speed................................................................................
Download: 234.99 Mbit/s
Testing upload speed......................................................................................................
Upload: 197.52 Mbit/s
2025-05-02T00:40:01-07:00
Retrieving speedtest.net configuration...
Testing from Shaw Communications (162.217.232.110)...
Retrieving speedtest.net server list...
Selecting best server based on ping...
Hosted by TELUS (Vancouver, BC) [13.31 km]: 7.246 ms
Testing download speed................................................................................
Download: 231.50 Mbit/s
Testing upload speed......................................................................................................
Upload: 202.92 Mbit/s
2025-05-02T00:45:01-07:00
Retrieving speedtest.net configuration...
Testing from Shaw Communications (162.217.232.110)...
Retrieving speedtest.net server list...
Selecting best server based on ping...
Hosted by TELUS (Vancouver, BC) [13.31 km]: 5.098 ms
Testing download speed................................................................................
Download: 231.82 Mbit/s
Testing upload speed......................................................................................................
Upload: 209.55 Mbit/s
2025-05-02T00:50:01-07:00
Retrieving speedtest.net configuration...
Testing from Shaw Communications (162.217.232.110)...
Retrieving speedtest.net server list...
Selecting best server based on ping...
Hosted by TELUS (Vancouver, BC) [13.31 km]: 5.004 ms
Testing download speed................................................................................
Download: 234.94 Mbit/s
Testing upload speed......................................................................................................
Upload: 201.60 Mbit/s
2025-05-02T00:55:01-07:00
Retrieving speedtest.net configuration...
Testing from Shaw Communications (162.217.232.110)...
Retrieving speedtest.net server list...
Selecting best server based on ping...
Hosted by TELUS (Vancouver, BC) [13.31 km]: 5.672 ms
Testing download speed................................................................................
Download: 273.86 Mbit/s
Testing upload speed......................................................................................................
Upload: 251.91 Mbit/s
2025-05-02T01:00:01-07:00
Retrieving speedtest.net configuration...
Testing from Shaw Communications (162.217.232.110)...
Retrieving speedtest.net server list...
