2025-03-19T00:00:01+08:00
Retrieving speedtest.net configuration...
Testing from FIl Products Service Television Inc (103.105.214.48)...
Retrieving speedtest.net server list...
Selecting best server based on ping...
2025-03-19T00:05:01+08:00
Retrieving speedtest.net configuration...
2025-03-19T00:10:01+08:00
Retrieving speedtest.net configuration...
Testing from FIl Products Service Television Inc (103.105.214.59)...
Retrieving speedtest.net server list...
Selecting best server based on ping...
Hosted by DITO (Davao City) [333.33 km]: 26.5 ms
Testing download speed................................................................................
Download: 197.47 Mbit/s
Testing upload speed......................................................................................................
Upload: 231.60 Mbit/s
2025-03-19T00:15:01+08:00
Retrieving speedtest.net configuration...
Testing from FIl Products Service Television Inc (103.105.214.59)...
Retrieving speedtest.net server list...
Selecting best server based on ping...
Hosted by Imtech Solution and Data Providers (Kidapawan City) [321.95 km]: 41.015 ms
Testing download speed................................................................................
Download: 195.00 Mbit/s
Testing upload speed......................................................................................................
Upload: 48.93 Mbit/s
2025-03-19T00:20:01+08:00
Retrieving speedtest.net configuration...
Testing from FIl Products Service Television Inc (103.105.214.59)...
Retrieving speedtest.net server list...
Selecting best server based on ping...
Hosted by DITO (Davao City) [333.33 km]: 27.729 ms
Testing download speed................................................................................
Download: 198.29 Mbit/s
Testing upload speed......................................................................................................
Upload: 218.85 Mbit/s
2025-03-19T00:25:01+08:00
Retrieving speedtest.net configuration...
Testing from FIl Products Service Television Inc (103.105.214.48)...
Retrieving speedtest.net server list...
Selecting best server based on ping...
Hosted by DITO (Davao City) [333.33 km]: 26.604 ms
Testing download speed................................................................................
Download: 170.99 Mbit/s
Testing upload speed......................................................................................................
Upload: 274.15 Mbit/s
2025-03-19T00:30:01+08:00
Retrieving speedtest.net configuration...
Testing from FIl Products Service Television Inc (103.105.214.59)...
Retrieving speedtest.net server list...
Selecting best server based on ping...
2025-03-19T00:35:01+08:00
Retrieving speedtest.net configuration...
2025-03-19T00:40:01+08:00
Retrieving speedtest.net configuration...
Testing from FIl Products Service Television Inc (103.105.214.48)...
Retrieving speedtest.net server list...
Selecting best server based on ping...
Hosted by DITO (Davao City) [333.33 km]: 25.747 ms
Testing download speed................................................................................
Download: 199.97 Mbit/s
Testing upload speed......................................................................................................
Upload: 285.01 Mbit/s
2025-03-19T00:45:01+08:00
Retrieving speedtest.net configuration...
Testing from FIl Products Service Television Inc (103.105.214.59)...
Retrieving speedtest.net server list...
Selecting best server based on ping...
Hosted by DITO (Davao City) [333.33 km]: 26.314 ms
Testing download speed................................................................................
Download: 197.61 Mbit/s
Testing upload speed......................................................................................................
Upload: 263.94 Mbit/s
2025-03-19T00:50:01+08:00
Retrieving speedtest.net configuration...
Testing from FIl Products Service Television Inc (103.105.214.59)...
Retrieving speedtest.net server list...
Selecting best server based on ping...
Hosted by DITO (Davao City) [333.33 km]: 26.648 ms
Testing download speed................................................................................
Download: 195.90 Mbit/s
Testing upload speed......................................................................................................
Upload: 275.48 Mbit/s
2025-03-19T00:55:01+08:00
Retrieving speedtest.net configuration...
Testing from FIl Products Service Television Inc (103.105.214.59)...
Retrieving speedtest.net server list...
Selecting best server based on ping...
Hosted by DITO (Davao City) [333.33 km]: 24.921 ms
Testing download speed................................................................................
Download: 174.43 Mbit/s
Testing upload speed......................................................................................................
Upload: 282.19 Mbit/s
2025-03-19T01:00:01+08:00
Retrieving speedtest.net configuration...
Testing from FIl Products Service Television Inc (103.105.214.59)...
Retrieving speedtest.net server list...
