2025-06-23T00:00:01+08:00
Retrieving speedtest.net configuration...
Testing from FIl Products Service Television Inc (103.105.214.57)...
Retrieving speedtest.net server list...
Selecting best server based on ping...
2025-06-23T00:05:01+08:00
Retrieving speedtest.net configuration...
2025-06-23T00:10:01+08:00
Retrieving speedtest.net configuration...
Testing from FIl Products Service Television Inc (103.105.214.62)...
Retrieving speedtest.net server list...
Selecting best server based on ping...
Hosted by Globe Telecom (Taguig) [629.25 km]: 28.168 ms
Testing download speed................................................................................
Download: 193.06 Mbit/s
Testing upload speed......................................................................................................
Upload: 291.79 Mbit/s
2025-06-23T00:15:01+08:00
Retrieving speedtest.net configuration...
Testing from FIl Products Service Television Inc (103.105.214.57)...
Retrieving speedtest.net server list...
Selecting best server based on ping...
Hosted by Globe Telecom (Taguig) [629.25 km]: 30.255 ms
Testing download speed................................................................................
Download: 200.23 Mbit/s
Testing upload speed......................................................................................................
Upload: 278.03 Mbit/s
2025-06-23T00:20:01+08:00
Retrieving speedtest.net configuration...
Testing from FIl Products Service Television Inc (103.105.214.57)...
Retrieving speedtest.net server list...
Selecting best server based on ping...
Hosted by Globe Telecom (Taguig) [629.25 km]: 23.285 ms
Testing download speed................................................................................
Download: 193.55 Mbit/s
Testing upload speed......................................................................................................
Upload: 284.97 Mbit/s
2025-06-23T00:25:01+08:00
Retrieving speedtest.net configuration...
Testing from FIl Products Service Television Inc (103.105.214.62)...
Retrieving speedtest.net server list...
Selecting best server based on ping...
Hosted by Globe Telecom (Taguig) [629.25 km]: 23.667 ms
Testing download speed................................................................................
Download: 181.14 Mbit/s
Testing upload speed......................................................................................................
Upload: 288.82 Mbit/s
2025-06-23T00:30:01+08:00
Retrieving speedtest.net configuration...
Testing from FIl Products Service Television Inc (103.105.214.57)...
Retrieving speedtest.net server list...
Selecting best server based on ping...
2025-06-23T00:35:01+08:00
Retrieving speedtest.net configuration...
Testing from FIl Products Service Television Inc (103.105.214.62)...
Retrieving speedtest.net server list...
Selecting best server based on ping...
Hosted by Globe Telecom (Taguig) [629.25 km]: 30.829 ms
Testing download speed................................................................................
Download: 192.13 Mbit/s
Testing upload speed......................................................................................................
Upload: 238.13 Mbit/s
2025-06-23T00:40:01+08:00
Retrieving speedtest.net configuration...
Testing from FIl Products Service Television Inc (103.105.214.57)...
Retrieving speedtest.net server list...
Selecting best server based on ping...
Hosted by Globe Telecom (Makati) [633.45 km]: 31.191 ms
Testing download speed................................................................................
Download: 188.22 Mbit/s
Testing upload speed......................................................................................................
Upload: 290.58 Mbit/s
2025-06-23T00:45:01+08:00
Retrieving speedtest.net configuration...
Testing from FIl Products Service Television Inc (103.105.214.62)...
Retrieving speedtest.net server list...
Selecting best server based on ping...
Hosted by Globe Telecom (Makati) [633.45 km]: 22.844 ms
Testing download speed................................................................................
Download: 189.54 Mbit/s
Testing upload speed......................................................................................................
Upload: 284.73 Mbit/s
2025-06-23T00:50:01+08:00
Retrieving speedtest.net configuration...
Testing from FIl Products Service Television Inc (103.105.214.57)...
Retrieving speedtest.net server list...
Selecting best server based on ping...
Hosted by Globe Telecom (Makati) [633.45 km]: 22.752 ms
Testing download speed................................................................................
Download: 173.31 Mbit/s
Testing upload speed......................................................................................................
Upload: 233.93 Mbit/s
2025-06-23T00:55:01+08:00
Retrieving speedtest.net configuration...
Testing from FIl Products Service Television Inc (103.105.214.62)...
Retrieving speedtest.net server list...
Selecting best server based on ping...
Hosted by Globe Telecom (Makati) [633.45 km]: 28.813 ms
Testing download speed................................................................................
Download: 187.30 Mbit/s
Testing upload speed......................................................................................................
Upload: 289.34 Mbit/s
2025-06-23T01:00:01+08:00
Retrieving speedtest.net configuration...
Testing from FIl Products Service Television Inc (103.105.214.57)...
Retrieving speedtest.net server list...
Selecting best server based on ping...
