2025-04-03T00:00:01+08:00
Retrieving speedtest.net configuration...
Testing from FIl Products Service Television Inc (103.105.214.59)...
Retrieving speedtest.net server list...
Selecting best server based on ping...
2025-04-03T00:05:01+08:00
Retrieving speedtest.net configuration...
2025-04-03T00:10:01+08:00
Retrieving speedtest.net configuration...
Testing from FIl Products Service Television Inc (103.105.214.59)...
Retrieving speedtest.net server list...
Selecting best server based on ping...
Hosted by Parasat Cable TV, Inc. (Cagayan de Oro) [173.34 km]: 13.089 ms
Testing download speed................................................................................
Download: 160.59 Mbit/s
Testing upload speed......................................................................................................
Upload: 259.24 Mbit/s
2025-04-03T00:15:01+08:00
Retrieving speedtest.net configuration...
Testing from FIl Products Service Television Inc (103.105.214.59)...
Retrieving speedtest.net server list...
Selecting best server based on ping...
Hosted by Parasat Cable TV, Inc. (Cagayan de Oro) [173.34 km]: 12.722 ms
Testing download speed................................................................................
Download: 159.62 Mbit/s
Testing upload speed......................................................................................................
Upload: 247.07 Mbit/s
2025-04-03T00:20:01+08:00
Retrieving speedtest.net configuration...
Testing from FIl Products Service Television Inc (103.105.214.62)...
Retrieving speedtest.net server list...
Selecting best server based on ping...
Hosted by Parasat Cable TV, Inc. (Cagayan de Oro) [173.34 km]: 10.317 ms
Testing download speed................................................................................
Download: 165.61 Mbit/s
Testing upload speed......................................................................................................
Upload: 288.86 Mbit/s
2025-04-03T00:25:01+08:00
Retrieving speedtest.net configuration...
Testing from FIl Products Service Television Inc (103.105.214.59)...
Retrieving speedtest.net server list...
Selecting best server based on ping...
Hosted by Parasat Cable TV, Inc. (Cagayan de Oro) [173.34 km]: 10.702 ms
Testing download speed................................................................................
Download: 155.66 Mbit/s
Testing upload speed......................................................................................................
Upload: 265.41 Mbit/s
2025-04-03T00:30:01+08:00
Retrieving speedtest.net configuration...
Testing from FIl Products Service Television Inc (103.105.214.62)...
Retrieving speedtest.net server list...
Selecting best server based on ping...
2025-04-03T00:35:01+08:00
Retrieving speedtest.net configuration...
2025-04-03T00:40:01+08:00
Retrieving speedtest.net configuration...
Testing from FIl Products Service Television Inc (103.105.214.59)...
Retrieving speedtest.net server list...
Selecting best server based on ping...
Hosted by Parasat Cable TV, Inc. (Cagayan de Oro) [173.34 km]: 10.5 ms
Testing download speed................................................................................
Download: 152.83 Mbit/s
Testing upload speed......................................................................................................
Upload: 272.64 Mbit/s
2025-04-03T00:45:01+08:00
Retrieving speedtest.net configuration...
Testing from FIl Products Service Television Inc (103.105.214.62)...
Retrieving speedtest.net server list...
Selecting best server based on ping...
Hosted by Parasat Cable TV, Inc. (Cagayan de Oro) [173.34 km]: 10.687 ms
Testing download speed................................................................................
Download: 169.18 Mbit/s
Testing upload speed......................................................................................................
Upload: 258.92 Mbit/s
2025-04-03T00:50:01+08:00
Retrieving speedtest.net configuration...
Testing from FIl Products Service Television Inc (103.105.214.59)...
Retrieving speedtest.net server list...
Selecting best server based on ping...
Hosted by Parasat Cable TV, Inc. (Cagayan de Oro) [173.34 km]: 10.539 ms
Testing download speed................................................................................
Download: 152.43 Mbit/s
Testing upload speed......................................................................................................
Upload: 277.90 Mbit/s
2025-04-03T00:55:01+08:00
Retrieving speedtest.net configuration...
Testing from FIl Products Service Television Inc (103.105.214.59)...
Retrieving speedtest.net server list...
Selecting best server based on ping...
Hosted by Parasat Cable TV, Inc. (Cagayan de Oro) [173.34 km]: 12.964 ms
Testing download speed................................................................................
Download: 147.50 Mbit/s
Testing upload speed......................................................................................................
Upload: 255.26 Mbit/s
2025-04-03T01:00:01+08:00
Retrieving speedtest.net configuration...
Testing from FIl Products Service Television Inc (103.105.214.62)...
Retrieving speedtest.net server list...
Selecting best server based on ping...
2025-04-03T01:05:01+08:00
Retrieving speedtest.net configuration...
Testing from FIl Products Service Television Inc (103.105.214.62)...
Retrieving speedtest.net server list...
Selecting best server based on ping...
Hosted by Parasat Cable TV, Inc. (Cagayan de Oro) [173.34 km]: 11.63 ms
Testing download speed................................................................................
Download: 155.17 Mbit/s
Testing upload speed......................................................................................................
Upload: 228.84 Mbit/s
2025-04-03T01:10:01+08:00
Retrieving speedtest.net configuration...
Testing from FIl Products Service Television Inc (103.105.214.59)...
Retrieving speedtest.net server list...
Selecting best server based on ping...
Hosted by Parasat Cable TV, Inc. (Cagayan de Oro) [173.34 km]: 10.487 ms
Testing download speed................................................................................
Download: 164.94 Mbit/s
Testing upload speed......................................................................................................
Upload: 289.12 Mbit/s
2025-04-03T01:15:01+08:00
Retrieving speedtest.net configuration...
Testing from FIl Products Service Television Inc (103.105.214.59)...
Retrieving speedtest.net server list...
Selecting best server based on ping...
Hosted by Parasat Cable TV, Inc. (Cagayan de Oro) [173.34 km]: 12.861 ms
Testing download speed................................................................................
Download: 175.20 Mbit/s
Testing upload speed......................................................................................................
Upload: 264.97 Mbit/s
2025-04-03T01:20:01+08:00
Retrieving speedtest.net configuration...
Testing from FIl Products Service Television Inc (103.105.214.62)...
Retrieving speedtest.net server list...
Selecting best server based on ping...
Hosted by Parasat Cable TV, Inc. (Cagayan de Oro) [173.34 km]: 12.258 ms
Testing download speed................................................................................
Download: 175.57 Mbit/s
Testing upload speed......................................................................................................
Upload: 284.32 Mbit/s
2025-04-03T01:25:01+08:00
Retrieving speedtest.net configuration...
Testing from FIl Products Service Television Inc (103.105.214.59)...
Retrieving speedtest.net server list...
Selecting best server based on ping...
Hosted by Parasat Cable TV, Inc. (Cagayan de Oro) [173.34 km]: 12.402 ms
Testing download speed................................................................................
Download: 165.01 Mbit/s
Testing upload speed......................................................................................................
Upload: 235.50 Mbit/s
2025-04-03T01:30:01+08:00
Retrieving speedtest.net configuration...
Testing from FIl Products Service Television Inc (103.105.214.62)...
Retrieving speedtest.net server list...
Selecting best server based on ping...
2025-04-03T01:35:01+08:00
Retrieving speedtest.net configuration...
2025-04-03T01:40:01+08:00
Retrieving speedtest.net configuration...
Testing from FIl Products Service Television Inc (103.105.214.62)...
Retrieving speedtest.net server list...
Selecting best server based on ping...
Hosted by Parasat Cable TV, Inc. (Cagayan de Oro) [173.34 km]: 11.254 ms
Testing download speed................................................................................
Download: 171.60 Mbit/s
Testing upload speed......................................................................................................
Upload: 266.73 Mbit/s
2025-04-03T01:45:01+08:00
Retrieving speedtest.net configuration...
Testing from FIl Products Service Television Inc (103.105.214.59)...
Retrieving speedtest.net server list...
Selecting best server based on ping...
Hosted by Parasat Cable TV, Inc. (Cagayan de Oro) [173.34 km]: 11.377 ms
Testing download speed................................................................................
Download: 160.26 Mbit/s
Testing upload speed......................................................................................................
Upload: 232.58 Mbit/s
2025-04-03T01:50:01+08:00
Retrieving speedtest.net configuration...
Testing from FIl Products Service Television Inc (103.105.214.62)...
Retrieving speedtest.net server list...
Selecting best server based on ping...
Hosted by Parasat Cable TV, Inc. (Cagayan de Oro) [173.34 km]: 10.722 ms
Testing download speed................................................................................
Download: 157.29 Mbit/s
Testing upload speed......................................................................................................
Upload: 285.36 Mbit/s
2025-04-03T01:55:01+08:00
Retrieving speedtest.net configuration...
Testing from FIl Products Service Television Inc (103.105.214.59)...
Retrieving speedtest.net server list...
Selecting best server based on ping...
Hosted by Parasat Cable TV, Inc. (Cagayan de Oro) [173.34 km]: 10.66 ms
Testing download speed................................................................................
Download: 156.96 Mbit/s
Testing upload speed......................................................................................................
Upload: 270.34 Mbit/s
2025-04-03T02:00:01+08:00
Retrieving speedtest.net configuration...
Testing from FIl Products Service Television Inc (103.105.214.59)...
Retrieving speedtest.net server list...
Selecting best server based on ping...
