2025-08-09T00:00:01+08:00
Retrieving speedtest.net configuration...
Testing from FIl Products Service Television Inc (103.105.214.62)...
Retrieving speedtest.net server list...
Selecting best server based on ping...
2025-08-09T00:05:01+08:00
Retrieving speedtest.net configuration...
2025-08-09T00:10:01+08:00
Retrieving speedtest.net configuration...
Testing from FIl Products Service Television Inc (103.105.214.62)...
Retrieving speedtest.net server list...
Selecting best server based on ping...
Hosted by PT&T (Makati City) [634.17 km]: 20.506 ms
Testing download speed................................................................................
Download: 192.35 Mbit/s
Testing upload speed......................................................................................................
Upload: 343.07 Mbit/s
2025-08-09T00:15:01+08:00
Retrieving speedtest.net configuration...
Testing from FIl Products Service Television Inc (103.105.214.62)...
Retrieving speedtest.net server list...
Selecting best server based on ping...
Hosted by PT&T (Makati City) [634.17 km]: 20.388 ms
Testing download speed................................................................................
Download: 192.91 Mbit/s
Testing upload speed......................................................................................................
Upload: 321.35 Mbit/s
2025-08-09T00:20:01+08:00
Retrieving speedtest.net configuration...
Testing from FIl Products Service Television Inc (103.105.214.62)...
Retrieving speedtest.net server list...
Selecting best server based on ping...
Hosted by PT&T (Makati City) [634.17 km]: 20.413 ms
Testing download speed................................................................................
Download: 193.09 Mbit/s
Testing upload speed......................................................................................................
Upload: 355.54 Mbit/s
2025-08-09T00:25:01+08:00
Retrieving speedtest.net configuration...
Testing from FIl Products Service Television Inc (103.105.214.62)...
Retrieving speedtest.net server list...
Selecting best server based on ping...
Hosted by PT&T (Makati City) [634.17 km]: 20.491 ms
Testing download speed................................................................................
Download: 190.67 Mbit/s
Testing upload speed......................................................................................................
Upload: 334.37 Mbit/s
2025-08-09T00:30:01+08:00
Retrieving speedtest.net configuration...
Testing from FIl Products Service Television Inc (103.105.214.62)...
Retrieving speedtest.net server list...
Selecting best server based on ping...
2025-08-09T00:35:01+08:00
Retrieving speedtest.net configuration...
Testing from FIl Products Service Television Inc (103.105.214.62)...
Retrieving speedtest.net server list...
Selecting best server based on ping...
Hosted by PT&T (Makati City) [634.17 km]: 20.334 ms
Testing download speed................................................................................
Download: 134.49 Mbit/s
Testing upload speed......................................................................................................
Upload: 328.90 Mbit/s
2025-08-09T00:40:01+08:00
Retrieving speedtest.net configuration...
Testing from FIl Products Service Television Inc (103.105.214.62)...
Retrieving speedtest.net server list...
Selecting best server based on ping...
Hosted by PT&T (Makati City) [634.17 km]: 20.414 ms
Testing download speed................................................................................
Download: 181.84 Mbit/s
Testing upload speed......................................................................................................
Upload: 369.74 Mbit/s
2025-08-09T00:45:01+08:00
Retrieving speedtest.net configuration...
Testing from FIl Products Service Television Inc (103.105.214.62)...
Retrieving speedtest.net server list...
Selecting best server based on ping...
Hosted by PT&T (Makati City) [634.17 km]: 20.409 ms
Testing download speed................................................................................
Download: 191.51 Mbit/s
Testing upload speed......................................................................................................
Upload: 358.71 Mbit/s
2025-08-09T00:50:01+08:00
Retrieving speedtest.net configuration...
Testing from FIl Products Service Television Inc (103.105.214.62)...
Retrieving speedtest.net server list...
Selecting best server based on ping...
Hosted by PT&T (Makati City) [634.17 km]: 20.377 ms
Testing download speed................................................................................
Download: 190.82 Mbit/s
Testing upload speed......................................................................................................
Upload: 324.00 Mbit/s
2025-08-09T00:55:01+08:00
Retrieving speedtest.net configuration...
Testing from FIl Products Service Television Inc (103.105.214.62)...
Retrieving speedtest.net server list...
Selecting best server based on ping...
Hosted by PT&T (Makati City) [634.17 km]: 22.791 ms
Testing download speed................................................................................
Download: 162.28 Mbit/s
Testing upload speed......................................................................................................
Upload: 334.68 Mbit/s
2025-08-09T01:00:01+08:00
Retrieving speedtest.net configuration...
Testing from FIl Products Service Television Inc (103.105.214.62)...
Retrieving speedtest.net server list...
Selecting best server based on ping...
2025-08-09T01:05:01+08:00
Retrieving speedtest.net configuration...
2025-08-09T01:10:01+08:00
Retrieving speedtest.net configuration...
Testing from FIl Products Service Television Inc (103.105.214.62)...
Retrieving speedtest.net server list...
Selecting best server based on ping...
Hosted by PT&T (Makati City) [634.17 km]: 20.337 ms
Testing download speed................................................................................
Download: 195.87 Mbit/s
Testing upload speed......................................................................................................
Upload: 355.64 Mbit/s
2025-08-09T01:15:01+08:00
Retrieving speedtest.net configuration...
Testing from FIl Products Service Television Inc (103.105.214.62)...
Retrieving speedtest.net server list...
Selecting best server based on ping...
Hosted by PT&T (Makati City) [634.17 km]: 22.18 ms
Testing download speed................................................................................
Download: 192.96 Mbit/s
Testing upload speed......................................................................................................
Upload: 361.31 Mbit/s
2025-08-09T01:20:01+08:00
Retrieving speedtest.net configuration...
Testing from FIl Products Service Television Inc (103.105.214.62)...
Retrieving speedtest.net server list...
Selecting best server based on ping...
Hosted by PT&T (Makati City) [634.17 km]: 20.576 ms
Testing download speed................................................................................
Download: 191.54 Mbit/s
Testing upload speed......................................................................................................
Upload: 331.79 Mbit/s
2025-08-09T01:25:01+08:00
Retrieving speedtest.net configuration...
Testing from FIl Products Service Television Inc (103.105.214.62)...
Retrieving speedtest.net server list...
Selecting best server based on ping...
Hosted by PT&T (Makati City) [634.17 km]: 20.52 ms
Testing download speed................................................................................
Download: 187.03 Mbit/s
Testing upload speed......................................................................................................
Upload: 359.95 Mbit/s
2025-08-09T01:30:01+08:00
Retrieving speedtest.net configuration...
Testing from FIl Products Service Television Inc (103.105.214.62)...
Retrieving speedtest.net server list...
Selecting best server based on ping...
2025-08-09T01:35:01+08:00
Retrieving speedtest.net configuration...
Testing from FIl Products Service Television Inc (103.105.214.62)...
Retrieving speedtest.net server list...
Selecting best server based on ping...
Hosted by PT&T (Makati City) [634.17 km]: 20.545 ms
Testing download speed................................................................................
Download: 193.41 Mbit/s
Testing upload speed......................................................................................................
Upload: 362.77 Mbit/s
2025-08-09T01:40:01+08:00
Retrieving speedtest.net configuration...
Testing from FIl Products Service Television Inc (103.105.214.58)...
Retrieving speedtest.net server list...
Selecting best server based on ping...
Hosted by PT&T (Makati City) [634.17 km]: 20.67 ms
Testing download speed................................................................................
Download: 190.61 Mbit/s
Testing upload speed......................................................................................................
Upload: 352.01 Mbit/s
2025-08-09T01:45:01+08:00
Retrieving speedtest.net configuration...
Testing from FIl Products Service Television Inc (103.105.214.62)...
Retrieving speedtest.net server list...
Selecting best server based on ping...
Hosted by PT&T (Makati City) [634.17 km]: 20.374 ms
Testing download speed................................................................................
Download: 192.71 Mbit/s
Testing upload speed......................................................................................................
Upload: 359.08 Mbit/s
2025-08-09T01:50:01+08:00
Retrieving speedtest.net configuration...
Testing from FIl Products Service Television Inc (103.105.214.62)...
Retrieving speedtest.net server list...
Selecting best server based on ping...
Hosted by PT&T (Makati City) [634.17 km]: 20.514 ms
Testing download speed................................................................................
Download: 188.43 Mbit/s
Testing upload speed......................................................................................................
Upload: 352.90 Mbit/s
2025-08-09T01:55:01+08:00
Retrieving speedtest.net configuration...
Testing from FIl Products Service Television Inc (103.105.214.62)...
Retrieving speedtest.net server list...
Selecting best server based on ping...
Hosted by Switch Fiber (Makati City) [634.17 km]: 20.538 ms
Testing download speed................................................................................
Download: 193.06 Mbit/s
Testing upload speed......................................................................................................
Upload: 295.09 Mbit/s
2025-08-09T02:00:01+08:00
Retrieving speedtest.net configuration...
Testing from FIl Products Service Television Inc (103.105.214.62)...
Retrieving speedtest.net server list...
Selecting best server based on ping...
2025-08-09T02:05:01+08:00
Retrieving speedtest.net configuration...
2025-08-09T02:10:01+08:00
Retrieving speedtest.net configuration...
Testing from FIl Products Service Television Inc (103.105.214.62)...
Retrieving speedtest.net server list...
Selecting best server based on ping...
Hosted by PT&T (Makati City) [634.17 km]: 23.669 ms
Testing download speed................................................................................
Download: 176.83 Mbit/s
Testing upload speed......................................................................................................
Upload: 375.20 Mbit/s
2025-08-09T02:15:01+08:00
Retrieving speedtest.net configuration...
Testing from FIl Products Service Television Inc (103.105.214.62)...
Retrieving speedtest.net server list...
Selecting best server based on ping...
Hosted by PT&T (Makati City) [634.17 km]: 20.374 ms
Testing download speed................................................................................
Download: 194.23 Mbit/s
Testing upload speed......................................................................................................
Upload: 330.50 Mbit/s
2025-08-09T02:20:01+08:00
Retrieving speedtest.net configuration...
Testing from FIl Products Service Television Inc (103.105.214.62)...
Retrieving speedtest.net server list...
Selecting best server based on ping...
Hosted by PT&T (Makati City) [634.17 km]: 20.281 ms
Testing download speed................................................................................
Download: 184.24 Mbit/s
Testing upload speed......................................................................................................
Upload: 338.05 Mbit/s
2025-08-09T02:25:01+08:00
Retrieving speedtest.net configuration...
Testing from FIl Products Service Television Inc (103.105.214.62)...
Retrieving speedtest.net server list...
Selecting best server based on ping...
Hosted by PT&T (Makati City) [634.17 km]: 20.492 ms
Testing download speed................................................................................
Download: 192.11 Mbit/s
Testing upload speed......................................................................................................
Upload: 339.45 Mbit/s
2025-08-09T02:30:01+08:00
Retrieving speedtest.net configuration...
Testing from FIl Products Service Television Inc (103.105.214.62)...
Retrieving speedtest.net server list...
Selecting best server based on ping...
2025-08-09T02:35:01+08:00
Retrieving speedtest.net configuration...
Testing from FIl Products Service Television Inc (103.105.214.62)...
Retrieving speedtest.net server list...
Selecting best server based on ping...
Hosted by PT&T (Makati City) [634.17 km]: 23.636 ms
Testing download speed................................................................................
Download: 178.94 Mbit/s
Testing upload speed......................................................................................................
Upload: 352.44 Mbit/s
2025-08-09T02:40:01+08:00
Retrieving speedtest.net configuration...
Testing from FIl Products Service Television Inc (103.105.214.62)...
Retrieving speedtest.net server list...
Selecting best server based on ping...
Hosted by PT&T (Makati City) [634.17 km]: 20.409 ms
Testing download speed................................................................................
Download: 190.83 Mbit/s
Testing upload speed......................................................................................................
Upload: 333.62 Mbit/s
2025-08-09T02:45:01+08:00
Retrieving speedtest.net configuration...
Testing from FIl Products Service Television Inc (103.105.214.62)...
Retrieving speedtest.net server list...
Selecting best server based on ping...
Hosted by PT&T (Makati City) [634.17 km]: 20.426 ms
Testing download speed................................................................................
Download: 182.85 Mbit/s
Testing upload speed......................................................................................................
Upload: 335.11 Mbit/s
2025-08-09T02:50:01+08:00
Retrieving speedtest.net configuration...
Testing from FIl Products Service Television Inc (103.105.214.62)...
Retrieving speedtest.net server list...
Selecting best server based on ping...
Hosted by PT&T (Makati City) [634.17 km]: 20.431 ms
Testing download speed................................................................................
Download: 191.62 Mbit/s
Testing upload speed......................................................................................................
Upload: 367.52 Mbit/s
2025-08-09T02:55:01+08:00
Retrieving speedtest.net configuration...
Testing from FIl Products Service Television Inc (103.105.214.62)...
Retrieving speedtest.net server list...
Selecting best server based on ping...
Hosted by RISE.ph (Makati) [633.45 km]: 28.758 ms
Testing download speed................................................................................
Download: 187.11 Mbit/s
Testing upload speed......................................................................................................
Upload: 299.26 Mbit/s
2025-08-09T03:00:01+08:00
Retrieving speedtest.net configuration...
Testing from FIl Products Service Television Inc (103.105.214.62)...
Retrieving speedtest.net server list...
Selecting best server based on ping...
2025-08-09T03:05:01+08:00
Retrieving speedtest.net configuration...
2025-08-09T03:10:01+08:00
Retrieving speedtest.net configuration...
Testing from FIl Products Service Television Inc (103.105.214.62)...
Retrieving speedtest.net server list...
Selecting best server based on ping...
Hosted by RISE.ph (Makati) [633.45 km]: 22.172 ms
Testing download speed................................................................................
Download: 175.77 Mbit/s
Testing upload speed......................................................................................................
Upload: 309.46 Mbit/s
2025-08-09T03:15:01+08:00
Retrieving speedtest.net configuration...
Testing from FIl Products Service Television Inc (103.105.214.62)...
Retrieving speedtest.net server list...
Selecting best server based on ping...
Hosted by RISE.ph (Makati) [633.45 km]: 21.729 ms
Testing download speed................................................................................
Download: 191.31 Mbit/s
Testing upload speed......................................................................................................
Upload: 291.76 Mbit/s
2025-08-09T03:20:01+08:00
Retrieving speedtest.net configuration...
Testing from FIl Products Service Television Inc (103.105.214.62)...
Retrieving speedtest.net server list...
Selecting best server based on ping...
Hosted by RISE.ph (Makati) [633.45 km]: 21.697 ms
Testing download speed................................................................................
Download: 188.23 Mbit/s
Testing upload speed......................................................................................................
Upload: 295.15 Mbit/s
2025-08-09T03:25:01+08:00
Retrieving speedtest.net configuration...
Testing from FIl Products Service Television Inc (103.105.214.62)...
Retrieving speedtest.net server list...
Selecting best server based on ping...
Hosted by RISE.ph (Makati) [633.45 km]: 22.824 ms
Testing download speed................................................................................
Download: 193.32 Mbit/s
Testing upload speed......................................................................................................
Upload: 330.05 Mbit/s
2025-08-09T03:30:01+08:00
Retrieving speedtest.net configuration...
Testing from FIl Products Service Television Inc (103.105.214.62)...
Retrieving speedtest.net server list...
Selecting best server based on ping...
2025-08-09T03:35:01+08:00
Retrieving speedtest.net configuration...
Testing from FIl Products Service Television Inc (103.105.214.62)...
Retrieving speedtest.net server list...
Selecting best server based on ping...
Hosted by RISE.ph (Makati) [633.45 km]: 22.489 ms
Testing download speed................................................................................
Download: 192.46 Mbit/s
Testing upload speed......................................................................................................
Upload: 336.25 Mbit/s
2025-08-09T03:40:01+08:00
Retrieving speedtest.net configuration...
Testing from FIl Products Service Television Inc (103.105.214.62)...
Retrieving speedtest.net server list...
Selecting best server based on ping...
Hosted by Globe Telecom (Taguig) [629.25 km]: 24.413 ms
Testing download speed................................................................................
Download: 196.94 Mbit/s
Testing upload speed......................................................................................................
Upload: 292.65 Mbit/s
2025-08-09T03:45:01+08:00
Retrieving speedtest.net configuration...
Testing from FIl Products Service Television Inc (103.105.214.62)...
Retrieving speedtest.net server list...
Selecting best server based on ping...
Hosted by RISE.ph (Makati) [633.45 km]: 22.409 ms
Testing download speed................................................................................
Download: 193.19 Mbit/s
Testing upload speed......................................................................................................
Upload: 372.29 Mbit/s
2025-08-09T03:50:01+08:00
Retrieving speedtest.net configuration...
Testing from FIl Products Service Television Inc (103.105.214.62)...
Retrieving speedtest.net server list...
Selecting best server based on ping...
Hosted by RISE.ph (Makati) [633.45 km]: 22.924 ms
Testing download speed................................................................................
Download: 192.92 Mbit/s
Testing upload speed......................................................................................................
Upload: 291.04 Mbit/s
2025-08-09T03:55:01+08:00
Retrieving speedtest.net configuration...
Testing from FIl Products Service Television Inc (103.105.214.62)...
Retrieving speedtest.net server list...
Selecting best server based on ping...
Hosted by RISE.ph (Makati) [633.45 km]: 21.93 ms
Testing download speed................................................................................
Download: 191.10 Mbit/s
Testing upload speed......................................................................................................
Upload: 348.00 Mbit/s
2025-08-09T04:00:01+08:00
Retrieving speedtest.net configuration...
Testing from FIl Products Service Television Inc (103.105.214.62)...
Retrieving speedtest.net server list...
Selecting best server based on ping...
2025-08-09T04:05:01+08:00
Retrieving speedtest.net configuration...
2025-08-09T04:10:01+08:00
Retrieving speedtest.net configuration...
Testing from FIl Products Service Television Inc (103.105.214.62)...
Retrieving speedtest.net server list...
Selecting best server based on ping...
Hosted by RISE.ph (Makati) [633.45 km]: 21.402 ms
Testing download speed................................................................................
Download: 191.53 Mbit/s
Testing upload speed......................................................................................................
Upload: 313.44 Mbit/s
2025-08-09T04:15:01+08:00
Retrieving speedtest.net configuration...
Testing from FIl Products Service Television Inc (103.105.214.62)...
Retrieving speedtest.net server list...
Selecting best server based on ping...
Hosted by RISE.ph (Makati) [633.45 km]: 24.417 ms
Testing download speed................................................................................
Download: 188.12 Mbit/s
Testing upload speed......................................................................................................
Upload: 295.10 Mbit/s
2025-08-09T04:20:01+08:00
Retrieving speedtest.net configuration...
Testing from FIl Products Service Television Inc (103.105.214.62)...
Retrieving speedtest.net server list...
Selecting best server based on ping...
Hosted by RISE.ph (Makati) [633.45 km]: 21.799 ms
Testing download speed................................................................................
Download: 192.10 Mbit/s
Testing upload speed......................................................................................................
Upload: 315.08 Mbit/s
2025-08-09T04:25:01+08:00
Retrieving speedtest.net configuration...
Testing from FIl Products Service Television Inc (103.105.214.62)...
Retrieving speedtest.net server list...
Selecting best server based on ping...
Hosted by RISE.ph (Makati) [633.45 km]: 22.02 ms
Testing download speed................................................................................
Download: 182.25 Mbit/s
Testing upload speed......................................................................................................
Upload: 316.69 Mbit/s
2025-08-09T04:30:01+08:00
Retrieving speedtest.net configuration...
Testing from FIl Products Service Television Inc (103.105.214.62)...
Retrieving speedtest.net server list...
Selecting best server based on ping...
2025-08-09T04:35:01+08:00
Retrieving speedtest.net configuration...
Testing from FIl Products Service Television Inc (103.105.214.62)...
Retrieving speedtest.net server list...
Selecting best server based on ping...
Hosted by RISE.ph (Makati) [633.45 km]: 22.137 ms
Testing download speed................................................................................
Download: 191.45 Mbit/s
Testing upload speed......................................................................................................
Upload: 349.70 Mbit/s
2025-08-09T04:40:01+08:00
Retrieving speedtest.net configuration...
Testing from FIl Products Service Television Inc (103.105.214.62)...
Retrieving speedtest.net server list...
Selecting best server based on ping...
Hosted by RISE.ph (Makati) [633.45 km]: 21.342 ms
Testing download speed................................................................................
Download: 193.12 Mbit/s
Testing upload speed......................................................................................................
Upload: 346.25 Mbit/s
2025-08-09T04:45:01+08:00
Retrieving speedtest.net configuration...
Testing from FIl Products Service Television Inc (103.105.214.62)...
Retrieving speedtest.net server list...
Selecting best server based on ping...
Hosted by RISE.ph (Makati) [633.45 km]: 21.447 ms
Testing download speed................................................................................
Download: 192.45 Mbit/s
Testing upload speed......................................................................................................
Upload: 332.98 Mbit/s
2025-08-09T04:50:01+08:00
Retrieving speedtest.net configuration...
Testing from FIl Products Service Television Inc (103.105.214.62)...
Retrieving speedtest.net server list...
Selecting best server based on ping...
Hosted by RISE.ph (Makati) [633.45 km]: 22.09 ms
Testing download speed................................................................................
Download: 193.72 Mbit/s
Testing upload speed......................................................................................................
Upload: 348.25 Mbit/s
2025-08-09T04:55:01+08:00
Retrieving speedtest.net configuration...
Testing from FIl Products Service Television Inc (103.105.214.62)...
Retrieving speedtest.net server list...
Selecting best server based on ping...
Hosted by RISE.ph (Makati) [633.45 km]: 21.321 ms
Testing download speed................................................................................
Download: 185.20 Mbit/s
Testing upload speed......................................................................................................
Upload: 346.32 Mbit/s
2025-08-09T05:00:01+08:00
Retrieving speedtest.net configuration...
Testing from FIl Products Service Television Inc (103.105.214.62)...
Retrieving speedtest.net server list...
Selecting best server based on ping...
