2025-04-21T00:00:01+08:00
Retrieving speedtest.net configuration...
Testing from FIl Products Service Television Inc (103.105.214.50)...
Retrieving speedtest.net server list...
Selecting best server based on ping...
2025-04-21T00:05:01+08:00
Retrieving speedtest.net configuration...
2025-04-21T00:10:01+08:00
Retrieving speedtest.net configuration...
Testing from FIl Products Service Television Inc (103.105.214.52)...
Retrieving speedtest.net server list...
Selecting best server based on ping...
Hosted by DCTV Cable Network (Cebu City) [128.48 km]: 35.911 ms
Testing download speed................................................................................
Download: 76.57 Mbit/s
Testing upload speed......................................................................................................
Upload: 42.41 Mbit/s
2025-04-21T00:15:01+08:00
Retrieving speedtest.net configuration...
Testing from FIl Products Service Television Inc (103.105.214.50)...
Retrieving speedtest.net server list...
Selecting best server based on ping...
Hosted by DCTV Cable Network (Cebu City) [128.48 km]: 35.58 ms
Testing download speed................................................................................
Download: 92.72 Mbit/s
Testing upload speed......................................................................................................
Upload: 47.67 Mbit/s
2025-04-21T00:20:01+08:00
Retrieving speedtest.net configuration...
Testing from FIl Products Service Television Inc (103.105.214.50)...
Retrieving speedtest.net server list...
Selecting best server based on ping...
Hosted by DCTV Cable Network (Cebu City) [128.48 km]: 35.892 ms
Testing download speed................................................................................
Download: 68.80 Mbit/s
Testing upload speed......................................................................................................
Upload: 45.20 Mbit/s
2025-04-21T00:25:01+08:00
Retrieving speedtest.net configuration...
Testing from FIl Products Service Television Inc (103.105.214.52)...
Retrieving speedtest.net server list...
Selecting best server based on ping...
Hosted by DCTV Cable Network (Cebu City) [128.48 km]: 34.696 ms
Testing download speed................................................................................
Download: 80.62 Mbit/s
Testing upload speed......................................................................................................
Upload: 46.07 Mbit/s
2025-04-21T00:30:01+08:00
Retrieving speedtest.net configuration...
Testing from FIl Products Service Television Inc (103.105.214.50)...
Retrieving speedtest.net server list...
Selecting best server based on ping...
2025-04-21T00:35:01+08:00
Retrieving speedtest.net configuration...
Testing from FIl Products Service Television Inc (103.105.214.52)...
Retrieving speedtest.net server list...
Selecting best server based on ping...
Hosted by DCTV Cable Network (Cebu City) [128.48 km]: 41.187 ms
Testing download speed................................................................................
Download: 91.24 Mbit/s
Testing upload speed......................................................................................................
Upload: 42.23 Mbit/s
2025-04-21T00:40:01+08:00
Retrieving speedtest.net configuration...
Testing from FIl Products Service Television Inc (103.105.214.52)...
Retrieving speedtest.net server list...
Selecting best server based on ping...
Hosted by DCTV Cable Network (Cebu City) [128.48 km]: 35.782 ms
Testing download speed................................................................................
Download: 88.52 Mbit/s
Testing upload speed......................................................................................................
Upload: 48.77 Mbit/s
2025-04-21T00:45:01+08:00
Retrieving speedtest.net configuration...
Testing from FIl Products Service Television Inc (103.105.214.52)...
Retrieving speedtest.net server list...
Selecting best server based on ping...
Hosted by DCTV Cable Network (Cebu City) [128.48 km]: 35.341 ms
Testing download speed................................................................................
Download: 87.99 Mbit/s
Testing upload speed......................................................................................................
Upload: 43.10 Mbit/s
2025-04-21T00:50:01+08:00
Retrieving speedtest.net configuration...
Testing from FIl Products Service Television Inc (103.105.214.50)...
Retrieving speedtest.net server list...
Selecting best server based on ping...
Hosted by DCTV Cable Network (Cebu City) [128.48 km]: 35.857 ms
Testing download speed................................................................................
Download: 73.67 Mbit/s
Testing upload speed......................................................................................................
Upload: 47.67 Mbit/s
2025-04-21T00:55:01+08:00
Retrieving speedtest.net configuration...
Testing from FIl Products Service Television Inc (103.105.214.50)...
Retrieving speedtest.net server list...
Selecting best server based on ping...
Hosted by DCTV Cable Network (Cebu City) [128.48 km]: 35.055 ms
Testing download speed................................................................................
Download: 90.97 Mbit/s
Testing upload speed......................................................................................................
Upload: 46.93 Mbit/s
2025-04-21T01:00:01+08:00
Retrieving speedtest.net configuration...
Testing from FIl Products Service Television Inc (103.105.214.52)...
Retrieving speedtest.net server list...
