2025-08-19T00:00:01+08:00
Retrieving speedtest.net configuration...
Testing from FIl Products Service Television Inc (103.105.214.63)...
Retrieving speedtest.net server list...
Selecting best server based on ping...
2025-08-19T00:05:01+08:00
Retrieving speedtest.net configuration...
2025-08-19T00:10:01+08:00
Retrieving speedtest.net configuration...
Testing from FIl Products Service Television Inc (103.105.214.63)...
Retrieving speedtest.net server list...
Selecting best server based on ping...
Hosted by DITO (Makati City) [634.17 km]: 33.858 ms
Testing download speed................................................................................
Download: 122.00 Mbit/s
Testing upload speed......................................................................................................
Upload: 307.54 Mbit/s
2025-08-19T00:15:01+08:00
Retrieving speedtest.net configuration...
Testing from FIl Products Service Television Inc (103.105.214.63)...
Retrieving speedtest.net server list...
Selecting best server based on ping...
Hosted by DITO (Makati City) [634.17 km]: 27.771 ms
Testing download speed................................................................................
Download: 128.58 Mbit/s
Testing upload speed......................................................................................................
Upload: 231.13 Mbit/s
2025-08-19T00:20:01+08:00
Retrieving speedtest.net configuration...
Testing from FIl Products Service Television Inc (103.105.214.55)...
Retrieving speedtest.net server list...
Selecting best server based on ping...
Hosted by DITO (Makati City) [634.17 km]: 32.672 ms
Testing download speed................................................................................
Download: 103.92 Mbit/s
Testing upload speed......................................................................................................
Upload: 243.34 Mbit/s
2025-08-19T00:25:01+08:00
Retrieving speedtest.net configuration...
Testing from FIl Products Service Television Inc (103.105.214.63)...
Retrieving speedtest.net server list...
Selecting best server based on ping...
Hosted by DITO (Makati City) [634.17 km]: 31.43 ms
Testing download speed................................................................................
Download: 151.22 Mbit/s
Testing upload speed......................................................................................................
Upload: 238.94 Mbit/s
2025-08-19T00:30:01+08:00
Retrieving speedtest.net configuration...
Testing from FIl Products Service Television Inc (103.105.214.55)...
Retrieving speedtest.net server list...
Selecting best server based on ping...
2025-08-19T00:35:01+08:00
Retrieving speedtest.net configuration...
Testing from FIl Products Service Television Inc (103.105.214.55)...
Retrieving speedtest.net server list...
Selecting best server based on ping...
Hosted by DITO (Makati City) [634.17 km]: 28.38 ms
Testing download speed................................................................................
Download: 99.06 Mbit/s
Testing upload speed......................................................................................................
Upload: 359.17 Mbit/s
2025-08-19T00:40:01+08:00
Retrieving speedtest.net configuration...
Testing from FIl Products Service Television Inc (103.105.214.55)...
Retrieving speedtest.net server list...
Selecting best server based on ping...
Hosted by DITO (Makati City) [634.17 km]: 32.06 ms
Testing download speed................................................................................
Download: 138.74 Mbit/s
Testing upload speed......................................................................................................
Upload: 246.73 Mbit/s
2025-08-19T00:45:01+08:00
Retrieving speedtest.net configuration...
Testing from FIl Products Service Television Inc (103.105.214.55)...
Retrieving speedtest.net server list...
Selecting best server based on ping...
Hosted by DITO (Makati City) [634.17 km]: 30.352 ms
Testing download speed................................................................................
Download: 126.77 Mbit/s
Testing upload speed......................................................................................................
Upload: 372.36 Mbit/s
2025-08-19T00:50:01+08:00
Retrieving speedtest.net configuration...
Testing from FIl Products Service Television Inc (103.105.214.63)...
Retrieving speedtest.net server list...
Selecting best server based on ping...
Hosted by DITO (Makati City) [634.17 km]: 33.116 ms
Testing download speed................................................................................
Download: 139.01 Mbit/s
Testing upload speed......................................................................................................
Upload: 229.67 Mbit/s
2025-08-19T00:55:01+08:00
Retrieving speedtest.net configuration...
Testing from FIl Products Service Television Inc (103.105.214.55)...
Retrieving speedtest.net server list...
Selecting best server based on ping...
Hosted by DITO (Makati City) [634.17 km]: 25.8 ms
Testing download speed................................................................................
Download: 119.00 Mbit/s
Testing upload speed......................................................................................................
Upload: 406.00 Mbit/s
2025-08-19T01:00:01+08:00
Retrieving speedtest.net configuration...
Testing from FIl Products Service Television Inc (103.105.214.63)...
Retrieving speedtest.net server list...
Selecting best server based on ping...
2025-08-19T01:05:01+08:00
Retrieving speedtest.net configuration...
2025-08-19T01:10:01+08:00
Retrieving speedtest.net configuration...
Testing from FIl Products Service Television Inc (103.105.214.63)...
Retrieving speedtest.net server list...
Selecting best server based on ping...
Hosted by KMC Solutions (Makati City) [633.45 km]: 39.868 ms
Testing download speed................................................................................
Download: 135.84 Mbit/s
Testing upload speed......................................................................................................
Upload: 309.53 Mbit/s
2025-08-19T01:15:01+08:00
Retrieving speedtest.net configuration...
Testing from FIl Products Service Television Inc (103.105.214.63)...
Retrieving speedtest.net server list...
Selecting best server based on ping...
Hosted by Hapibytes (Taytay) [629.91 km]: 23.854 ms
Testing download speed................................................................................
Download: 146.15 Mbit/s
Testing upload speed......................................................................................................
Upload: 237.22 Mbit/s
2025-08-19T01:20:01+08:00
Retrieving speedtest.net configuration...
Testing from FIl Products Service Television Inc (103.105.214.63)...
Retrieving speedtest.net server list...
Selecting best server based on ping...
Hosted by Hapibytes (Taytay) [629.91 km]: 26.002 ms
Testing download speed................................................................................
Download: 152.98 Mbit/s
Testing upload speed......................................................................................................
Upload: 214.16 Mbit/s
2025-08-19T01:25:01+08:00
Retrieving speedtest.net configuration...
Testing from FIl Products Service Television Inc (103.105.214.55)...
Retrieving speedtest.net server list...
Selecting best server based on ping...
Hosted by Hapibytes (Taytay) [629.91 km]: 23.841 ms
Testing download speed................................................................................
Download: 147.88 Mbit/s
Testing upload speed......................................................................................................
Upload: 202.98 Mbit/s
2025-08-19T01:30:01+08:00
Retrieving speedtest.net configuration...
Testing from FIl Products Service Television Inc (103.105.214.55)...
Retrieving speedtest.net server list...
Selecting best server based on ping...
2025-08-19T01:35:01+08:00
Retrieving speedtest.net configuration...
Testing from FIl Products Service Television Inc (103.105.214.63)...
Retrieving speedtest.net server list...
Selecting best server based on ping...
Hosted by Hapibytes (Taytay) [629.91 km]: 43.584 ms
Testing download speed................................................................................
Download: 131.00 Mbit/s
Testing upload speed......................................................................................................
Upload: 313.72 Mbit/s
2025-08-19T01:40:01+08:00
Retrieving speedtest.net configuration...
Testing from FIl Products Service Television Inc (103.105.214.63)...
Retrieving speedtest.net server list...
Selecting best server based on ping...
Hosted by KMC Solutions (Makati City) [633.45 km]: 44.259 ms
Testing download speed................................................................................
Download: 150.83 Mbit/s
Testing upload speed......................................................................................................
Upload: 318.47 Mbit/s
2025-08-19T01:45:01+08:00
Retrieving speedtest.net configuration...
Testing from FIl Products Service Television Inc (103.105.214.55)...
Retrieving speedtest.net server list...
Selecting best server based on ping...
Hosted by Hapibytes (Taytay) [629.91 km]: 27.215 ms
Testing download speed................................................................................
Download: 133.01 Mbit/s
Testing upload speed......................................................................................................
Upload: 312.53 Mbit/s
2025-08-19T01:50:01+08:00
Retrieving speedtest.net configuration...
Testing from FIl Products Service Television Inc (103.105.214.63)...
Retrieving speedtest.net server list...
Selecting best server based on ping...
Hosted by Hapibytes (Taytay) [629.91 km]: 29.846 ms
Testing download speed................................................................................
Download: 111.73 Mbit/s
Testing upload speed......................................................................................................
Upload: 201.27 Mbit/s
2025-08-19T01:55:01+08:00
Retrieving speedtest.net configuration...
Testing from FIl Products Service Television Inc (103.105.214.55)...
Retrieving speedtest.net server list...
Selecting best server based on ping...
Hosted by Hapibytes (Taytay) [629.91 km]: 28.961 ms
Testing download speed................................................................................
Download: 131.77 Mbit/s
Testing upload speed......................................................................................................
Upload: 205.82 Mbit/s
2025-08-19T02:00:01+08:00
Retrieving speedtest.net configuration...
Testing from FIl Products Service Television Inc (103.105.214.63)...
Retrieving speedtest.net server list...
Selecting best server based on ping...
2025-08-19T02:05:01+08:00
Retrieving speedtest.net configuration...
2025-08-19T02:10:01+08:00
Retrieving speedtest.net configuration...
2025-08-19T02:15:01+08:00
Retrieving speedtest.net configuration...
Testing from FIl Products Service Television Inc (103.105.214.54)...
Retrieving speedtest.net server list...
Selecting best server based on ping...
Hosted by KMC Solutions (Makati City) [633.45 km]: 33.457 ms
Testing download speed................................................................................
Download: 170.16 Mbit/s
Testing upload speed......................................................................................................
Upload: 312.78 Mbit/s
2025-08-19T02:20:01+08:00
Retrieving speedtest.net configuration...
Testing from FIl Products Service Television Inc (103.105.214.54)...
Retrieving speedtest.net server list...
Selecting best server based on ping...
Hosted by Hapibytes (Taytay) [629.91 km]: 27.046 ms
Testing download speed................................................................................
Download: 170.07 Mbit/s
Testing upload speed......................................................................................................
Upload: 297.66 Mbit/s
2025-08-19T02:25:01+08:00
Retrieving speedtest.net configuration...
Testing from FIl Products Service Television Inc (103.105.214.54)...
Retrieving speedtest.net server list...
Selecting best server based on ping...
Hosted by KMC Solutions (Makati City) [633.45 km]: 34.909 ms
Testing download speed................................................................................
Download: 178.59 Mbit/s
Testing upload speed......................................................................................................
Upload: 359.51 Mbit/s
2025-08-19T02:30:01+08:00
Retrieving speedtest.net configuration...
Testing from FIl Products Service Television Inc (103.105.214.53)...
Retrieving speedtest.net server list...
Selecting best server based on ping...
2025-08-19T02:35:01+08:00
Retrieving speedtest.net configuration...
Testing from FIl Products Service Television Inc (103.105.214.54)...
Retrieving speedtest.net server list...
Selecting best server based on ping...
Hosted by Hapibytes (Taytay) [629.91 km]: 26.132 ms
Testing download speed................................................................................
Download: 190.04 Mbit/s
Testing upload speed......................................................................................................
Upload: 258.26 Mbit/s
2025-08-19T02:40:02+08:00
Retrieving speedtest.net configuration...
Testing from FIl Products Service Television Inc (103.105.214.54)...
Retrieving speedtest.net server list...
Selecting best server based on ping...
Hosted by Hapibytes (Taytay) [629.91 km]: 27.143 ms
Testing download speed................................................................................
Download: 162.70 Mbit/s
Testing upload speed......................................................................................................
Upload: 295.13 Mbit/s
2025-08-19T02:45:01+08:00
Retrieving speedtest.net configuration...
Testing from FIl Products Service Television Inc (103.105.214.53)...
Retrieving speedtest.net server list...
Selecting best server based on ping...
Hosted by Hapibytes (Taytay) [629.91 km]: 25.052 ms
Testing download speed................................................................................
Download: 158.28 Mbit/s
Testing upload speed......................................................................................................
Upload: 169.63 Mbit/s
2025-08-19T02:50:01+08:00
Retrieving speedtest.net configuration...
Testing from FIl Products Service Television Inc (103.105.214.54)...
Retrieving speedtest.net server list...
Selecting best server based on ping...
Hosted by Hapibytes (Taytay) [629.91 km]: 25.36 ms
Testing download speed................................................................................
Download: 141.42 Mbit/s
Testing upload speed......................................................................................................
Upload: 319.42 Mbit/s
2025-08-19T02:55:01+08:00
Retrieving speedtest.net configuration...
Testing from FIl Products Service Television Inc (103.105.214.54)...
Retrieving speedtest.net server list...
Selecting best server based on ping...
Hosted by Hapibytes (Taytay) [629.91 km]: 28.508 ms
Testing download speed................................................................................
Download: 122.23 Mbit/s
Testing upload speed......................................................................................................
Upload: 189.01 Mbit/s
2025-08-19T03:00:01+08:00
Retrieving speedtest.net configuration...
Testing from FIl Products Service Television Inc (103.105.214.54)...
Retrieving speedtest.net server list...
Selecting best server based on ping...
2025-08-19T03:05:01+08:00
Retrieving speedtest.net configuration...
2025-08-19T03:10:01+08:00
Retrieving speedtest.net configuration...
Testing from FIl Products Service Television Inc (103.105.214.53)...
Retrieving speedtest.net server list...
Selecting best server based on ping...
Hosted by KMC Solutions (Makati City) [633.45 km]: 36.493 ms
Testing download speed................................................................................
Download: 173.03 Mbit/s
Testing upload speed......................................................................................................
Upload: 308.96 Mbit/s
2025-08-19T03:15:01+08:00
Retrieving speedtest.net configuration...
Testing from FIl Products Service Television Inc (103.105.214.54)...
Retrieving speedtest.net server list...
Selecting best server based on ping...
Hosted by KMC Solutions (Makati City) [633.45 km]: 32.514 ms
Testing download speed................................................................................
Download: 168.32 Mbit/s
Testing upload speed......................................................................................................
Upload: 307.39 Mbit/s
2025-08-19T03:20:01+08:00
Retrieving speedtest.net configuration...
Testing from FIl Products Service Television Inc (103.105.214.53)...
Retrieving speedtest.net server list...
Selecting best server based on ping...
Hosted by Hapibytes (Taytay) [629.91 km]: 25.468 ms
Testing download speed................................................................................
Download: 128.71 Mbit/s
Testing upload speed......................................................................................................
Upload: 354.38 Mbit/s
2025-08-19T03:25:01+08:00
Retrieving speedtest.net configuration...
Testing from FIl Products Service Television Inc (103.105.214.53)...
Retrieving speedtest.net server list...
Selecting best server based on ping...
Hosted by KMC Solutions (Makati City) [633.45 km]: 37.082 ms
Testing download speed................................................................................
Download: 179.14 Mbit/s
Testing upload speed......................................................................................................
Upload: 313.46 Mbit/s
2025-08-19T03:30:01+08:00
Retrieving speedtest.net configuration...
Testing from FIl Products Service Television Inc (103.105.214.53)...
Retrieving speedtest.net server list...
Selecting best server based on ping...
2025-08-19T03:35:01+08:00
Retrieving speedtest.net configuration...
Testing from FIl Products Service Television Inc (103.105.214.54)...
Retrieving speedtest.net server list...
Selecting best server based on ping...
Hosted by Hapibytes (Taytay) [629.91 km]: 24.217 ms
Testing download speed................................................................................
Download: 138.20 Mbit/s
Testing upload speed......................................................................................................
Upload: 233.49 Mbit/s
2025-08-19T03:40:01+08:00
Retrieving speedtest.net configuration...
Testing from FIl Products Service Television Inc (103.105.214.54)...
Retrieving speedtest.net server list...
Selecting best server based on ping...
Hosted by Hapibytes (Taytay) [629.91 km]: 27.297 ms
Testing download speed................................................................................
Download: 146.77 Mbit/s
Testing upload speed......................................................................................................
Upload: 356.44 Mbit/s
2025-08-19T03:45:01+08:00
Retrieving speedtest.net configuration...
Testing from FIl Products Service Television Inc (103.105.214.54)...
Retrieving speedtest.net server list...
Selecting best server based on ping...
Hosted by Hapibytes (Taytay) [629.91 km]: 25.126 ms
Testing download speed................................................................................
Download: 195.88 Mbit/s
Testing upload speed......................................................................................................
Upload: 352.92 Mbit/s
2025-08-19T03:50:01+08:00
Retrieving speedtest.net configuration...
Testing from FIl Products Service Television Inc (103.105.214.54)...
Retrieving speedtest.net server list...
Selecting best server based on ping...
Hosted by Hapibytes (Taytay) [629.91 km]: 28.928 ms
Testing download speed................................................................................
Download: 191.73 Mbit/s
Testing upload speed......................................................................................................
Upload: 208.74 Mbit/s
2025-08-19T03:55:01+08:00
Retrieving speedtest.net configuration...
Testing from FIl Products Service Television Inc (103.105.214.54)...
Retrieving speedtest.net server list...
Selecting best server based on ping...
Hosted by Hapibytes (Taytay) [629.91 km]: 28.432 ms
Testing download speed................................................................................
Download: 164.82 Mbit/s
Testing upload speed......................................................................................................
Upload: 347.99 Mbit/s
2025-08-19T04:00:01+08:00
Retrieving speedtest.net configuration...
Testing from FIl Products Service Television Inc (103.105.214.53)...
Retrieving speedtest.net server list...
Selecting best server based on ping...
2025-08-19T04:05:01+08:00
Retrieving speedtest.net configuration...
Testing from FIl Products Service Television Inc (103.105.214.54)...
Retrieving speedtest.net server list...
Selecting best server based on ping...
Hosted by Hapibytes (Taytay) [629.91 km]: 26.661 ms
Testing download speed................................................................................
Download: 121.72 Mbit/s
Testing upload speed......................................................................................................
Upload: 355.00 Mbit/s
2025-08-19T04:10:01+08:00
Retrieving speedtest.net configuration...
Testing from FIl Products Service Television Inc (103.105.214.54)...
Retrieving speedtest.net server list...
Selecting best server based on ping...
Hosted by Hapibytes (Taytay) [629.91 km]: 29.754 ms
Testing download speed................................................................................
Download: 164.42 Mbit/s
Testing upload speed......................................................................................................
Upload: 289.66 Mbit/s
2025-08-19T04:15:01+08:00
Retrieving speedtest.net configuration...
Testing from FIl Products Service Television Inc (103.105.214.53)...
Retrieving speedtest.net server list...
Selecting best server based on ping...
Hosted by PLDT (Makati) [634.17 km]: 18.066 ms
Testing download speed................................................................................
Download: 176.08 Mbit/s
Testing upload speed......................................................................................................
Upload: 310.94 Mbit/s
2025-08-19T04:20:01+08:00
Retrieving speedtest.net configuration...
Testing from FIl Products Service Television Inc (103.105.214.54)...
Retrieving speedtest.net server list...
Selecting best server based on ping...
Hosted by PLDT (Makati) [634.17 km]: 20.606 ms
Testing download speed................................................................................
Download: 175.52 Mbit/s
Testing upload speed......................................................................................................
Upload: 334.97 Mbit/s
2025-08-19T04:25:01+08:00
Retrieving speedtest.net configuration...
Testing from FIl Products Service Television Inc (103.105.214.53)...
Retrieving speedtest.net server list...
Selecting best server based on ping...
Hosted by PLDT (Makati) [634.17 km]: 17.96 ms
Testing download speed................................................................................
Download: 139.73 Mbit/s
Testing upload speed......................................................................................................
Upload: 323.42 Mbit/s
2025-08-19T04:30:01+08:00
Retrieving speedtest.net configuration...
Testing from FIl Products Service Television Inc (103.105.214.53)...
Retrieving speedtest.net server list...
Selecting best server based on ping...
2025-08-19T04:35:01+08:00
Retrieving speedtest.net configuration...
Testing from FIl Products Service Television Inc (103.105.214.54)...
Retrieving speedtest.net server list...
Selecting best server based on ping...
Hosted by PLDT (Makati) [634.17 km]: 17.884 ms
Testing download speed................................................................................
Download: 184.95 Mbit/s
Testing upload speed......................................................................................................
Upload: 336.16 Mbit/s
2025-08-19T04:40:01+08:00
Retrieving speedtest.net configuration...
Testing from FIl Products Service Television Inc (103.105.214.53)...
Retrieving speedtest.net server list...
Selecting best server based on ping...
Hosted by PLDT (Makati) [634.17 km]: 20.302 ms
Testing download speed................................................................................
Download: 179.15 Mbit/s
Testing upload speed......................................................................................................
Upload: 284.71 Mbit/s
2025-08-19T04:45:01+08:00
Retrieving speedtest.net configuration...
Testing from FIl Products Service Television Inc (103.105.214.54)...
Retrieving speedtest.net server list...
Selecting best server based on ping...
Hosted by PLDT (Makati) [634.17 km]: 18.077 ms
Testing download speed................................................................................
Download: 178.71 Mbit/s
Testing upload speed......................................................................................................
Upload: 281.63 Mbit/s
2025-08-19T04:50:01+08:00
Retrieving speedtest.net configuration...
Testing from FIl Products Service Television Inc (103.105.214.53)...
Retrieving speedtest.net server list...
Selecting best server based on ping...
Hosted by PLDT (Makati) [634.17 km]: 38.996 ms
Testing download speed................................................................................
Download: 167.80 Mbit/s
Testing upload speed......................................................................................................
Upload: 165.15 Mbit/s
2025-08-19T04:55:01+08:00
Retrieving speedtest.net configuration...
Testing from FIl Products Service Television Inc (103.105.214.54)...
Retrieving speedtest.net server list...
Selecting best server based on ping...
Hosted by PLDT (Makati) [634.17 km]: 20.423 ms
Testing download speed................................................................................
Download: 180.62 Mbit/s
Testing upload speed......................................................................................................
Upload: 286.33 Mbit/s
2025-08-19T05:00:01+08:00
Retrieving speedtest.net configuration...
Testing from FIl Products Service Television Inc (103.105.214.53)...
Retrieving speedtest.net server list...
Selecting best server based on ping...
2025-08-19T05:05:01+08:00
Retrieving speedtest.net configuration...
2025-08-19T05:10:01+08:00
Retrieving speedtest.net configuration...
Testing from FIl Products Service Television Inc (103.105.214.54)...
Retrieving speedtest.net server list...
Selecting best server based on ping...
Hosted by PLDT (Makati) [634.17 km]: 19.968 ms
Testing download speed................................................................................
Download: 161.51 Mbit/s
Testing upload speed......................................................................................................
Upload: 345.75 Mbit/s
2025-08-19T05:15:01+08:00
Retrieving speedtest.net configuration...
Testing from FIl Products Service Television Inc (103.105.214.54)...
Retrieving speedtest.net server list...
Selecting best server based on ping...
Hosted by PLDT (Makati) [634.17 km]: 19.938 ms
Testing download speed................................................................................
Download: 192.17 Mbit/s
Testing upload speed......................................................................................................
Upload: 284.87 Mbit/s
2025-08-19T05:20:02+08:00
Retrieving speedtest.net configuration...
Testing from FIl Products Service Television Inc (103.105.214.53)...
Retrieving speedtest.net server list...
Selecting best server based on ping...
Hosted by PLDT (Makati) [634.17 km]: 18.404 ms
Testing download speed................................................................................
Download: 193.02 Mbit/s
Testing upload speed......................................................................................................
Upload: 312.98 Mbit/s
2025-08-19T05:25:01+08:00
Retrieving speedtest.net configuration...
Testing from FIl Products Service Television Inc (103.105.214.53)...
Retrieving speedtest.net server list...
Selecting best server based on ping...
Hosted by PLDT (Makati) [634.17 km]: 18.004 ms
Testing download speed................................................................................
Download: 150.19 Mbit/s
Testing upload speed......................................................................................................
Upload: 291.27 Mbit/s
2025-08-19T05:30:01+08:00
Retrieving speedtest.net configuration...
Testing from FIl Products Service Television Inc (103.105.214.54)...
Retrieving speedtest.net server list...
Selecting best server based on ping...
2025-08-19T05:35:01+08:00
Retrieving speedtest.net configuration...
Testing from FIl Products Service Television Inc (103.105.214.54)...
Retrieving speedtest.net server list...
Selecting best server based on ping...
Hosted by PLDT (Makati) [634.17 km]: 17.861 ms
Testing download speed................................................................................
Download: 188.39 Mbit/s
Testing upload speed......................................................................................................
Upload: 281.51 Mbit/s
2025-08-19T05:40:01+08:00
Retrieving speedtest.net configuration...
Testing from FIl Products Service Television Inc (103.105.214.53)...
Retrieving speedtest.net server list...
Selecting best server based on ping...
Hosted by PLDT (Makati) [634.17 km]: 18.255 ms
Testing download speed................................................................................
Download: 192.12 Mbit/s
Testing upload speed......................................................................................................
Upload: 283.25 Mbit/s
2025-08-19T05:45:01+08:00
Retrieving speedtest.net configuration...
Testing from FIl Products Service Television Inc (103.105.214.54)...
Retrieving speedtest.net server list...
Selecting best server based on ping...
Hosted by Philippine Global Communications, Inc. (Makati) [633.45 km]: 42.112 ms
Testing download speed................................................................................
Download: 192.52 Mbit/s
Testing upload speed......................................................................................................
Upload: 274.01 Mbit/s
2025-08-19T05:50:01+08:00
Retrieving speedtest.net configuration...
Testing from FIl Products Service Television Inc (103.105.214.53)...
Retrieving speedtest.net server list...
Selecting best server based on ping...
Hosted by PLDT (Makati) [634.17 km]: 20.814 ms
Testing download speed................................................................................
Download: 161.92 Mbit/s
Testing upload speed......................................................................................................
Upload: 238.55 Mbit/s
2025-08-19T05:55:01+08:00
Retrieving speedtest.net configuration...
Testing from FIl Products Service Television Inc (103.105.214.53)...
Retrieving speedtest.net server list...
Selecting best server based on ping...
Hosted by PLDT (Makati) [634.17 km]: 24.521 ms
Testing download speed................................................................................
Download: 136.64 Mbit/s
Testing upload speed......................................................................................................
Upload: 303.68 Mbit/s
2025-08-19T06:00:01+08:00
Retrieving speedtest.net configuration...
Testing from FIl Products Service Television Inc (103.105.214.53)...
Retrieving speedtest.net server list...
Selecting best server based on ping...
2025-08-19T06:05:01+08:00
Retrieving speedtest.net configuration...
2025-08-19T06:10:01+08:00
Retrieving speedtest.net configuration...
Testing from FIl Products Service Television Inc (103.105.214.54)...
Retrieving speedtest.net server list...
Selecting best server based on ping...
Hosted by PLDT (Makati) [634.17 km]: 18.23 ms
Testing download speed................................................................................
Download: 130.58 Mbit/s
Testing upload speed......................................................................................................
Upload: 312.28 Mbit/s
2025-08-19T06:15:01+08:00
Retrieving speedtest.net configuration...
Testing from FIl Products Service Television Inc (103.105.214.53)...
Retrieving speedtest.net server list...
Selecting best server based on ping...
Hosted by PLDT (Makati) [634.17 km]: 18.22 ms
Testing download speed................................................................................
Download: 154.69 Mbit/s
Testing upload speed......................................................................................................
Upload: 316.97 Mbit/s
2025-08-19T06:20:01+08:00
Retrieving speedtest.net configuration...
Testing from FIl Products Service Television Inc (103.105.214.53)...
Retrieving speedtest.net server list...
Selecting best server based on ping...
Hosted by PLDT (Makati) [634.17 km]: 18.399 ms
Testing download speed................................................................................
Download: 196.53 Mbit/s
Testing upload speed......................................................................................................
Upload: 294.72 Mbit/s
2025-08-19T06:25:01+08:00
Retrieving speedtest.net configuration...
Testing from FIl Products Service Television Inc (103.105.214.53)...
Retrieving speedtest.net server list...
Selecting best server based on ping...
Hosted by PLDT (Makati) [634.17 km]: 20.444 ms
Testing download speed................................................................................
Download: 162.31 Mbit/s
Testing upload speed......................................................................................................
Upload: 236.54 Mbit/s
2025-08-19T06:30:01+08:00
Retrieving speedtest.net configuration...
Testing from FIl Products Service Television Inc (103.105.214.54)...
Retrieving speedtest.net server list...
Selecting best server based on ping...
2025-08-19T06:35:01+08:00
Retrieving speedtest.net configuration...
Testing from FIl Products Service Television Inc (103.105.214.53)...
Retrieving speedtest.net server list...
Selecting best server based on ping...
Hosted by PLDT (Makati) [634.17 km]: 18.112 ms
Testing download speed................................................................................
Download: 149.10 Mbit/s
Testing upload speed......................................................................................................
Upload: 270.32 Mbit/s
2025-08-19T06:40:01+08:00
Retrieving speedtest.net configuration...
Testing from FIl Products Service Television Inc (103.105.214.54)...
Retrieving speedtest.net server list...
Selecting best server based on ping...
Hosted by PLDT (Makati) [634.17 km]: 18.765 ms
Testing download speed................................................................................
Download: 112.42 Mbit/s
Testing upload speed......................................................................................................
Upload: 287.80 Mbit/s
2025-08-19T06:45:01+08:00
Retrieving speedtest.net configuration...
Testing from FIl Products Service Television Inc (103.105.214.54)...
Retrieving speedtest.net server list...
Selecting best server based on ping...
Hosted by PLDT (Makati) [634.17 km]: 18.1 ms
Testing download speed................................................................................
Download: 163.01 Mbit/s
Testing upload speed......................................................................................................
Upload: 131.24 Mbit/s
2025-08-19T06:50:01+08:00
Retrieving speedtest.net configuration...
Testing from FIl Products Service Television Inc (103.105.214.53)...
Retrieving speedtest.net server list...
Selecting best server based on ping...
Hosted by PLDT (Makati) [634.17 km]: 20.461 ms
Testing download speed................................................................................
Download: 167.22 Mbit/s
Testing upload speed......................................................................................................
Upload: 246.35 Mbit/s
2025-08-19T06:55:01+08:00
Retrieving speedtest.net configuration...
Testing from FIl Products Service Television Inc (103.105.214.54)...
Retrieving speedtest.net server list...
Selecting best server based on ping...
Hosted by PLDT (Makati) [634.17 km]: 20.445 ms
Testing download speed................................................................................
Download: 171.02 Mbit/s
Testing upload speed......................................................................................................
Upload: 313.78 Mbit/s
2025-08-19T07:00:01+08:00
Retrieving speedtest.net configuration...
Testing from FIl Products Service Television Inc (103.105.214.54)...
Retrieving speedtest.net server list...
Selecting best server based on ping...
