2025-06-26T00:00:01+08:00
Retrieving speedtest.net configuration...
Testing from FIl Products Service Television Inc (103.105.214.54)...
Retrieving speedtest.net server list...
Selecting best server based on ping...
2025-06-26T00:05:01+08:00
Retrieving speedtest.net configuration...
2025-06-26T00:10:01+08:00
Retrieving speedtest.net configuration...
Testing from FIl Products Service Television Inc (103.105.214.54)...
Retrieving speedtest.net server list...
Selecting best server based on ping...
Hosted by PT&T (Makati City) [634.17 km]: 22.021 ms
Testing download speed................................................................................
Download: 144.85 Mbit/s
Testing upload speed......................................................................................................
Upload: 293.09 Mbit/s
2025-06-26T00:15:01+08:00
Retrieving speedtest.net configuration...
Testing from FIl Products Service Television Inc (103.105.214.62)...
Retrieving speedtest.net server list...
Selecting best server based on ping...
Hosted by PT&T (Makati City) [634.17 km]: 19.183 ms
Testing download speed................................................................................
Download: 155.63 Mbit/s
Testing upload speed......................................................................................................
Upload: 313.85 Mbit/s
2025-06-26T00:20:01+08:00
Retrieving speedtest.net configuration...
Testing from FIl Products Service Television Inc (103.105.214.49)...
Retrieving speedtest.net server list...
Selecting best server based on ping...
Hosted by PT&T (Makati City) [634.17 km]: 19.031 ms
Testing download speed................................................................................
Download: 136.26 Mbit/s
Testing upload speed......................................................................................................
Upload: 369.36 Mbit/s
2025-06-26T00:25:01+08:00
Retrieving speedtest.net configuration...
Testing from FIl Products Service Television Inc (103.105.214.54)...
Retrieving speedtest.net server list...
Selecting best server based on ping...
Hosted by PT&T (Makati City) [634.17 km]: 18.976 ms
Testing download speed................................................................................
Download: 108.99 Mbit/s
Testing upload speed......................................................................................................
Upload: 341.06 Mbit/s
2025-06-26T00:30:01+08:00
Retrieving speedtest.net configuration...
Testing from FIl Products Service Television Inc (103.105.214.54)...
Retrieving speedtest.net server list...
Selecting best server based on ping...
2025-06-26T00:35:01+08:00
Retrieving speedtest.net configuration...
Testing from FIl Products Service Television Inc (103.105.214.49)...
Retrieving speedtest.net server list...
Selecting best server based on ping...
Hosted by PT&T (Makati City) [634.17 km]: 19.261 ms
Testing download speed................................................................................
Download: 143.00 Mbit/s
Testing upload speed......................................................................................................
Upload: 297.04 Mbit/s
2025-06-26T00:40:02+08:00
Retrieving speedtest.net configuration...
Testing from FIl Products Service Television Inc (103.105.214.54)...
Retrieving speedtest.net server list...
Selecting best server based on ping...
Hosted by PT&T (Makati City) [634.17 km]: 18.989 ms
Testing download speed................................................................................
Download: 133.53 Mbit/s
Testing upload speed......................................................................................................
Upload: 295.07 Mbit/s
2025-06-26T00:45:01+08:00
Retrieving speedtest.net configuration...
Testing from FIl Products Service Television Inc (103.105.214.54)...
Retrieving speedtest.net server list...
Selecting best server based on ping...
Hosted by PT&T (Makati City) [634.17 km]: 18.613 ms
Testing download speed................................................................................
Download: 164.87 Mbit/s
Testing upload speed......................................................................................................
Upload: 284.51 Mbit/s
2025-06-26T00:50:01+08:00
Retrieving speedtest.net configuration...
Testing from FIl Products Service Television Inc (103.105.214.49)...
Retrieving speedtest.net server list...
Selecting best server based on ping...
Hosted by PT&T (Makati City) [634.17 km]: 18.957 ms
Testing download speed................................................................................
Download: 122.56 Mbit/s
Testing upload speed......................................................................................................
Upload: 333.79 Mbit/s
2025-06-26T00:55:01+08:00
Retrieving speedtest.net configuration...
Testing from FIl Products Service Television Inc (103.105.214.49)...
Retrieving speedtest.net server list...
Selecting best server based on ping...
Hosted by PT&T (Makati City) [634.17 km]: 21.621 ms
Testing download speed................................................................................
Download: 125.44 Mbit/s
Testing upload speed......................................................................................................
Upload: 297.51 Mbit/s
2025-06-26T01:00:01+08:00
Retrieving speedtest.net configuration...
Testing from FIl Products Service Television Inc (103.105.214.49)...
Retrieving speedtest.net server list...
Selecting best server based on ping...
2025-06-26T01:05:01+08:00
Retrieving speedtest.net configuration...
2025-06-26T01:10:01+08:00
Retrieving speedtest.net configuration...
Testing from FIl Products Service Television Inc (103.105.214.54)...
Retrieving speedtest.net server list...
Selecting best server based on ping...
Hosted by Switch Fiber (Makati City) [634.17 km]: 27.75 ms
Testing download speed................................................................................
Download: 131.38 Mbit/s
Testing upload speed......................................................................................................
Upload: 243.22 Mbit/s
2025-06-26T01:15:01+08:00
Retrieving speedtest.net configuration...
Testing from FIl Products Service Television Inc (103.105.214.49)...
Retrieving speedtest.net server list...
Selecting best server based on ping...
Hosted by PT&T (Makati City) [634.17 km]: 19.325 ms
Testing download speed................................................................................
Download: 133.00 Mbit/s
Testing upload speed......................................................................................................
Upload: 286.87 Mbit/s
2025-06-26T01:20:01+08:00
Retrieving speedtest.net configuration...
Testing from FIl Products Service Television Inc (103.105.214.49)...
Retrieving speedtest.net server list...
Selecting best server based on ping...
Hosted by PT&T (Makati City) [634.17 km]: 21.555 ms
Testing download speed................................................................................
Download: 127.98 Mbit/s
Testing upload speed......................................................................................................
Upload: 308.84 Mbit/s
2025-06-26T01:25:01+08:00
Retrieving speedtest.net configuration...
Testing from FIl Products Service Television Inc (103.105.214.54)...
Retrieving speedtest.net server list...
Selecting best server based on ping...
Hosted by Switch Fiber (Makati City) [634.17 km]: 18.865 ms
Testing download speed................................................................................
Download: 120.86 Mbit/s
Testing upload speed......................................................................................................
Upload: 349.52 Mbit/s
2025-06-26T01:30:02+08:00
Retrieving speedtest.net configuration...
Testing from FIl Products Service Television Inc (103.105.214.49)...
Retrieving speedtest.net server list...
Selecting best server based on ping...
2025-06-26T01:35:01+08:00
Retrieving speedtest.net configuration...
Testing from FIl Products Service Television Inc (103.105.214.54)...
Retrieving speedtest.net server list...
Selecting best server based on ping...
Hosted by PT&T (Makati City) [634.17 km]: 21.622 ms
Testing download speed................................................................................
Download: 144.73 Mbit/s
Testing upload speed......................................................................................................
Upload: 340.36 Mbit/s
2025-06-26T01:40:01+08:00
Retrieving speedtest.net configuration...
Testing from FIl Products Service Television Inc (103.105.214.49)...
Retrieving speedtest.net server list...
Selecting best server based on ping...
Hosted by PT&T (Makati City) [634.17 km]: 18.976 ms
Testing download speed................................................................................
Download: 149.51 Mbit/s
Testing upload speed......................................................................................................
Upload: 353.29 Mbit/s
2025-06-26T01:45:01+08:00
Retrieving speedtest.net configuration...
Testing from FIl Products Service Television Inc (103.105.214.49)...
Retrieving speedtest.net server list...
Selecting best server based on ping...
Hosted by PT&T (Makati City) [634.17 km]: 19.15 ms
Testing download speed................................................................................
Download: 130.46 Mbit/s
Testing upload speed......................................................................................................
Upload: 303.38 Mbit/s
2025-06-26T01:50:01+08:00
Retrieving speedtest.net configuration...
Testing from FIl Products Service Television Inc (103.105.214.54)...
Retrieving speedtest.net server list...
Selecting best server based on ping...
Hosted by PT&T (Makati City) [634.17 km]: 19.096 ms
Testing download speed................................................................................
Download: 136.37 Mbit/s
Testing upload speed......................................................................................................
Upload: 331.50 Mbit/s
2025-06-26T01:55:01+08:00
Retrieving speedtest.net configuration...
Testing from FIl Products Service Television Inc (103.105.214.49)...
Retrieving speedtest.net server list...
Selecting best server based on ping...
Hosted by Airlive Communications, Inc. (Pasig City) [633.83 km]: 28.117 ms
Testing download speed................................................................................
Download: 133.68 Mbit/s
Testing upload speed......................................................................................................
Upload: 305.44 Mbit/s
2025-06-26T02:00:01+08:00
Retrieving speedtest.net configuration...
Testing from FIl Products Service Television Inc (103.105.214.54)...
Retrieving speedtest.net server list...
Selecting best server based on ping...
