2025-04-15T00:00:01+08:00
Retrieving speedtest.net configuration...
Testing from FIl Products Service Television Inc (103.105.214.52)...
Retrieving speedtest.net server list...
Selecting best server based on ping...
2025-04-15T00:05:01+08:00
Retrieving speedtest.net configuration...
2025-04-15T00:10:01+08:00
Retrieving speedtest.net configuration...
Testing from FIl Products Service Television Inc (103.105.214.52)...
Retrieving speedtest.net server list...
Selecting best server based on ping...
Hosted by DCTV Cable Network (Cebu City) [128.48 km]: 37.053 ms
Testing download speed................................................................................
Download: 67.62 Mbit/s
Testing upload speed......................................................................................................
Upload: 27.09 Mbit/s
2025-04-15T00:15:02+08:00
Retrieving speedtest.net configuration...
Testing from FIl Products Service Television Inc (103.105.214.52)...
Retrieving speedtest.net server list...
Selecting best server based on ping...
Hosted by DCTV Cable Network (Cebu City) [128.48 km]: 36.268 ms
Testing download speed................................................................................
Download: 68.76 Mbit/s
Testing upload speed......................................................................................................
Upload: 24.05 Mbit/s
2025-04-15T00:20:01+08:00
Retrieving speedtest.net configuration...
Testing from FIl Products Service Television Inc (103.105.214.52)...
Retrieving speedtest.net server list...
Selecting best server based on ping...
Hosted by DCTV Cable Network (Cebu City) [128.48 km]: 36.252 ms
Testing download speed................................................................................
Download: 62.09 Mbit/s
Testing upload speed......................................................................................................
Upload: 32.44 Mbit/s
2025-04-15T00:25:01+08:00
Retrieving speedtest.net configuration...
Testing from FIl Products Service Television Inc (103.105.214.61)...
Retrieving speedtest.net server list...
Selecting best server based on ping...
Hosted by DCTV Cable Network (Cebu City) [128.48 km]: 35.805 ms
Testing download speed................................................................................
Download: 78.69 Mbit/s
Testing upload speed......................................................................................................
Upload: 27.59 Mbit/s
2025-04-15T00:30:01+08:00
Retrieving speedtest.net configuration...
Testing from FIl Products Service Television Inc (103.105.214.52)...
Retrieving speedtest.net server list...
Selecting best server based on ping...
2025-04-15T00:35:01+08:00
Retrieving speedtest.net configuration...
Testing from FIl Products Service Television Inc (103.105.214.61)...
Retrieving speedtest.net server list...
Selecting best server based on ping...
Hosted by DCTV Cable Network (Cebu City) [128.48 km]: 37.167 ms
Testing download speed................................................................................
Download: 83.71 Mbit/s
Testing upload speed......................................................................................................
Upload: 28.14 Mbit/s
2025-04-15T00:40:02+08:00
Retrieving speedtest.net configuration...
Testing from FIl Products Service Television Inc (103.105.214.52)...
Retrieving speedtest.net server list...
Selecting best server based on ping...
Hosted by DCTV Cable Network (Cebu City) [128.48 km]: 36.82 ms
Testing download speed................................................................................
Download: 77.34 Mbit/s
Testing upload speed......................................................................................................
Upload: 33.87 Mbit/s
2025-04-15T00:45:01+08:00
Retrieving speedtest.net configuration...
Testing from FIl Products Service Television Inc (103.105.214.61)...
Retrieving speedtest.net server list...
Selecting best server based on ping...
Hosted by DCTV Cable Network (Cebu City) [128.48 km]: 35.27 ms
Testing download speed................................................................................
Download: 90.21 Mbit/s
Testing upload speed......................................................................................................
Upload: 31.31 Mbit/s
2025-04-15T00:50:01+08:00
Retrieving speedtest.net configuration...
Testing from FIl Products Service Television Inc (103.105.214.61)...
Retrieving speedtest.net server list...
Selecting best server based on ping...
Hosted by DCTV Cable Network (Cebu City) [128.48 km]: 36.626 ms
Testing download speed................................................................................
Download: 81.81 Mbit/s
Testing upload speed......................................................................................................
Upload: 36.51 Mbit/s
2025-04-15T00:55:01+08:00
Retrieving speedtest.net configuration...
Testing from FIl Products Service Television Inc (103.105.214.52)...
Retrieving speedtest.net server list...
Selecting best server based on ping...
Hosted by DCTV Cable Network (Cebu City) [128.48 km]: 37.139 ms
Testing download speed................................................................................
Download: 72.81 Mbit/s
Testing upload speed......................................................................................................
Upload: 34.45 Mbit/s
2025-04-15T01:00:01+08:00
Retrieving speedtest.net configuration...
Testing from FIl Products Service Television Inc (103.105.214.61)...
Retrieving speedtest.net server list...
Selecting best server based on ping...
