2025-08-03T00:00:01+08:00
Retrieving speedtest.net configuration...
Testing from FIl Products Service Television Inc (103.105.214.54)...
Retrieving speedtest.net server list...
Selecting best server based on ping...
2025-08-03T00:05:01+08:00
Retrieving speedtest.net configuration...
Testing from FIl Products Service Television Inc (103.105.214.56)...
Retrieving speedtest.net server list...
Selecting best server based on ping...
Hosted by KMC Solutions (Makati City) [633.45 km]: 38.534 ms
Testing download speed................................................................................
Download: 170.95 Mbit/s
Testing upload speed......................................................................................................
Upload: 303.08 Mbit/s
2025-08-03T00:10:01+08:00
Retrieving speedtest.net configuration...
Testing from FIl Products Service Television Inc (103.105.214.54)...
Retrieving speedtest.net server list...
Selecting best server based on ping...
Hosted by KMC Solutions (Makati City) [633.45 km]: 38.758 ms
Testing download speed................................................................................
Download: 164.81 Mbit/s
Testing upload speed......................................................................................................
Upload: 326.15 Mbit/s
2025-08-03T00:15:01+08:00
Retrieving speedtest.net configuration...
Testing from FIl Products Service Television Inc (103.105.214.56)...
Retrieving speedtest.net server list...
Selecting best server based on ping...
Hosted by KMC Solutions (Makati City) [633.45 km]: 30.577 ms
Testing download speed................................................................................
Download: 149.48 Mbit/s
Testing upload speed......................................................................................................
Upload: 321.52 Mbit/s
2025-08-03T00:20:01+08:00
Retrieving speedtest.net configuration...
Testing from FIl Products Service Television Inc (103.105.214.56)...
Retrieving speedtest.net server list...
Selecting best server based on ping...
Hosted by KMC Solutions (Makati City) [633.45 km]: 35.31 ms
Testing download speed................................................................................
Download: 140.47 Mbit/s
Testing upload speed......................................................................................................
Upload: 297.30 Mbit/s
2025-08-03T00:25:01+08:00
Retrieving speedtest.net configuration...
Testing from FIl Products Service Television Inc (103.105.214.56)...
Retrieving speedtest.net server list...
Selecting best server based on ping...
Hosted by KMC Solutions (Makati City) [633.45 km]: 32.448 ms
Testing download speed................................................................................
Download: 155.07 Mbit/s
Testing upload speed......................................................................................................
Upload: 24.68 Mbit/s
2025-08-03T00:30:01+08:00
Retrieving speedtest.net configuration...
Testing from FIl Products Service Television Inc (103.105.214.54)...
Retrieving speedtest.net server list...
Selecting best server based on ping...
2025-08-03T00:35:01+08:00
Retrieving speedtest.net configuration...
Testing from FIl Products Service Television Inc (103.105.214.56)...
Retrieving speedtest.net server list...
Selecting best server based on ping...
Hosted by KMC Solutions (Makati City) [633.45 km]: 38.084 ms
Testing download speed................................................................................
Download: 136.70 Mbit/s
Testing upload speed......................................................................................................
Upload: 297.99 Mbit/s
2025-08-03T00:40:01+08:00
Retrieving speedtest.net configuration...
Testing from FIl Products Service Television Inc (103.105.214.54)...
Retrieving speedtest.net server list...
Selecting best server based on ping...
Hosted by KMC Solutions (Makati City) [633.45 km]: 38.18 ms
Testing download speed................................................................................
Download: 159.71 Mbit/s
Testing upload speed......................................................................................................
Upload: 357.66 Mbit/s
2025-08-03T00:45:01+08:00
Retrieving speedtest.net configuration...
Testing from FIl Products Service Television Inc (103.105.214.54)...
Retrieving speedtest.net server list...
Selecting best server based on ping...
Hosted by KMC Solutions (Makati City) [633.45 km]: 31.011 ms
Testing download speed................................................................................
Download: 119.23 Mbit/s
Testing upload speed......................................................................................................
Upload: 329.14 Mbit/s
2025-08-03T00:50:01+08:00
Retrieving speedtest.net configuration...
Testing from FIl Products Service Television Inc (103.105.214.54)...
Retrieving speedtest.net server list...
Selecting best server based on ping...
Hosted by KMC Solutions (Makati City) [633.45 km]: 35.054 ms
Testing download speed................................................................................
Download: 134.01 Mbit/s
Testing upload speed......................................................................................................
Upload: 313.99 Mbit/s
2025-08-03T00:55:01+08:00
Retrieving speedtest.net configuration...
Testing from FIl Products Service Television Inc (103.105.214.54)...
Retrieving speedtest.net server list...
Selecting best server based on ping...
Hosted by KMC Solutions (Makati City) [633.45 km]: 30.834 ms
Testing download speed................................................................................
Download: 133.73 Mbit/s
Testing upload speed......................................................................................................
Upload: 388.55 Mbit/s
2025-08-03T01:00:01+08:00
Retrieving speedtest.net configuration...
Testing from FIl Products Service Television Inc (103.105.214.56)...
Retrieving speedtest.net server list...
Selecting best server based on ping...
2025-08-03T01:05:01+08:00
Retrieving speedtest.net configuration...
2025-08-03T01:10:01+08:00
Retrieving speedtest.net configuration...
Testing from FIl Products Service Television Inc (103.105.214.56)...
Retrieving speedtest.net server list...
Selecting best server based on ping...
Hosted by United Eight (Makati City) [634.17 km]: 28.846 ms
Testing download speed................................................................................
Download: 177.54 Mbit/s
Testing upload speed......................................................................................................
Upload: 162.08 Mbit/s
2025-08-03T01:15:01+08:00
Retrieving speedtest.net configuration...
Testing from FIl Products Service Television Inc (103.105.214.54)...
Retrieving speedtest.net server list...
Selecting best server based on ping...
Hosted by Globe Telecom (Manila) [637.79 km]: 23.183 ms
Testing download speed................................................................................
Download: 161.03 Mbit/s
Testing upload speed......................................................................................................
Upload: 294.43 Mbit/s
2025-08-03T01:20:01+08:00
Retrieving speedtest.net configuration...
Testing from FIl Products Service Television Inc (103.105.214.54)...
Retrieving speedtest.net server list...
Selecting best server based on ping...
Hosted by Globe Telecom (Manila) [637.79 km]: 27.477 ms
Testing download speed................................................................................
Download: 172.79 Mbit/s
Testing upload speed......................................................................................................
Upload: 266.51 Mbit/s
2025-08-03T01:25:01+08:00
Retrieving speedtest.net configuration...
Testing from FIl Products Service Television Inc (103.105.214.54)...
Retrieving speedtest.net server list...
Selecting best server based on ping...
Hosted by Globe Telecom (Manila) [637.79 km]: 26.023 ms
Testing download speed................................................................................
Download: 171.17 Mbit/s
Testing upload speed......................................................................................................
Upload: 303.28 Mbit/s
2025-08-03T01:30:01+08:00
Retrieving speedtest.net configuration...
Testing from FIl Products Service Television Inc (103.105.214.54)...
Retrieving speedtest.net server list...
Selecting best server based on ping...
2025-08-03T01:35:01+08:00
Retrieving speedtest.net configuration...
Testing from FIl Products Service Television Inc (103.105.214.54)...
Retrieving speedtest.net server list...
Selecting best server based on ping...
Hosted by United Eight (Makati City) [634.17 km]: 20.738 ms
Testing download speed................................................................................
Download: 181.54 Mbit/s
Testing upload speed......................................................................................................
Upload: 138.61 Mbit/s
2025-08-03T01:40:01+08:00
Retrieving speedtest.net configuration...
Testing from FIl Products Service Television Inc (103.105.214.56)...
Retrieving speedtest.net server list...
Selecting best server based on ping...
Hosted by Globe Telecom (Manila) [637.79 km]: 25.642 ms
Testing download speed................................................................................
Download: 180.85 Mbit/s
Testing upload speed......................................................................................................
Upload: 196.19 Mbit/s
2025-08-03T01:45:01+08:00
Retrieving speedtest.net configuration...
Testing from FIl Products Service Television Inc (103.105.214.56)...
Retrieving speedtest.net server list...
Selecting best server based on ping...
Hosted by United Eight (Makati City) [634.17 km]: 24.337 ms
Testing download speed................................................................................
Download: 168.62 Mbit/s
Testing upload speed......................................................................................................
Upload: 143.50 Mbit/s
2025-08-03T01:50:01+08:00
Retrieving speedtest.net configuration...
Testing from FIl Products Service Television Inc (103.105.214.54)...
Retrieving speedtest.net server list...
Selecting best server based on ping...
Hosted by Globe Telecom (Manila) [637.79 km]: 28.863 ms
Testing download speed................................................................................
Download: 168.76 Mbit/s
Testing upload speed......................................................................................................
Upload: 253.31 Mbit/s
2025-08-03T01:55:01+08:00
Retrieving speedtest.net configuration...
Testing from FIl Products Service Television Inc (103.105.214.54)...
Retrieving speedtest.net server list...
Selecting best server based on ping...
Hosted by Globe Telecom (Manila) [637.79 km]: 30.324 ms
Testing download speed................................................................................
Download: 153.00 Mbit/s
Testing upload speed......................................................................................................
Upload: 298.69 Mbit/s
2025-08-03T02:00:01+08:00
Retrieving speedtest.net configuration...
Testing from FIl Products Service Television Inc (103.105.214.54)...
Retrieving speedtest.net server list...
Selecting best server based on ping...
