2025-06-16T00:00:01+08:00
Retrieving speedtest.net configuration...
Testing from FIl Products Service Television Inc (103.105.214.50)...
Retrieving speedtest.net server list...
Selecting best server based on ping...
2025-06-16T00:05:01+08:00
Retrieving speedtest.net configuration...
2025-06-16T00:10:01+08:00
Retrieving speedtest.net configuration...
Testing from FIl Products Service Television Inc (103.105.214.50)...
Retrieving speedtest.net server list...
Selecting best server based on ping...
Hosted by Hapibytes (Taytay) [629.91 km]: 48.082 ms
Testing download speed................................................................................
Download: 171.57 Mbit/s
Testing upload speed......................................................................................................
Upload: 307.11 Mbit/s
2025-06-16T00:15:01+08:00
Retrieving speedtest.net configuration...
Testing from FIl Products Service Television Inc (103.105.214.53)...
Retrieving speedtest.net server list...
Selecting best server based on ping...
Hosted by Hapibytes (Taytay) [629.91 km]: 28.485 ms
Testing download speed................................................................................
Download: 165.50 Mbit/s
Testing upload speed......................................................................................................
Upload: 278.53 Mbit/s
2025-06-16T00:20:01+08:00
Retrieving speedtest.net configuration...
Testing from FIl Products Service Television Inc (103.105.214.53)...
Retrieving speedtest.net server list...
Selecting best server based on ping...
Hosted by Philippine Global Communications, Inc. (Makati) [633.45 km]: 41.492 ms
Testing download speed................................................................................
Download: 155.83 Mbit/s
Testing upload speed......................................................................................................
Upload: 235.69 Mbit/s
2025-06-16T00:25:01+08:00
Retrieving speedtest.net configuration...
Testing from FIl Products Service Television Inc (103.105.214.50)...
Retrieving speedtest.net server list...
Selecting best server based on ping...
Hosted by Hapibytes (Taytay) [629.91 km]: 25.668 ms
Testing download speed................................................................................
Download: 176.80 Mbit/s
Testing upload speed......................................................................................................
Upload: 202.34 Mbit/s
2025-06-16T00:30:01+08:00
Retrieving speedtest.net configuration...
Testing from FIl Products Service Television Inc (103.105.214.53)...
Retrieving speedtest.net server list...
Selecting best server based on ping...
2025-06-16T00:35:01+08:00
Retrieving speedtest.net configuration...
Testing from FIl Products Service Television Inc (103.105.214.53)...
Retrieving speedtest.net server list...
Selecting best server based on ping...
Hosted by Hapibytes (Taytay) [629.91 km]: 36.384 ms
Testing download speed................................................................................
Download: 165.34 Mbit/s
Testing upload speed......................................................................................................
Upload: 312.22 Mbit/s
2025-06-16T00:40:01+08:00
Retrieving speedtest.net configuration...
Testing from FIl Products Service Television Inc (103.105.214.53)...
Retrieving speedtest.net server list...
Selecting best server based on ping...
Hosted by Hapibytes (Taytay) [629.91 km]: 26.314 ms
Testing download speed................................................................................
Download: 159.91 Mbit/s
Testing upload speed......................................................................................................
Upload: 192.27 Mbit/s
2025-06-16T00:45:01+08:00
Retrieving speedtest.net configuration...
Testing from FIl Products Service Television Inc (103.105.214.50)...
Retrieving speedtest.net server list...
Selecting best server based on ping...
Hosted by Hapibytes (Taytay) [629.91 km]: 38.641 ms
Testing download speed................................................................................
Download: 162.99 Mbit/s
Testing upload speed......................................................................................................
Upload: 306.99 Mbit/s
2025-06-16T00:50:01+08:00
Retrieving speedtest.net configuration...
Testing from FIl Products Service Television Inc (103.105.214.50)...
Retrieving speedtest.net server list...
Selecting best server based on ping...
Hosted by Hapibytes (Taytay) [629.91 km]: 25.126 ms
Testing download speed................................................................................
Download: 170.79 Mbit/s
Testing upload speed......................................................................................................
Upload: 358.70 Mbit/s
2025-06-16T00:55:01+08:00
Retrieving speedtest.net configuration...
Testing from FIl Products Service Television Inc (103.105.214.53)...
Retrieving speedtest.net server list...
Selecting best server based on ping...
Hosted by Philippine Global Communications, Inc. (Makati) [633.45 km]: 34.217 ms
Testing download speed................................................................................
Download: 147.42 Mbit/s
Testing upload speed......................................................................................................
Upload: 120.27 Mbit/s
2025-06-16T01:00:01+08:00
Retrieving speedtest.net configuration...
Testing from FIl Products Service Television Inc (103.105.214.50)...
Retrieving speedtest.net server list...
Selecting best server based on ping...
