2025-07-13T00:00:01+08:00
Retrieving speedtest.net configuration...
Testing from FIl Products Service Television Inc (103.105.214.62)...
Retrieving speedtest.net server list...
Selecting best server based on ping...
2025-07-13T00:05:01+08:00
Retrieving speedtest.net configuration...
2025-07-13T00:10:01+08:00
Retrieving speedtest.net configuration...
Testing from FIl Products Service Television Inc (103.105.214.62)...
Retrieving speedtest.net server list...
Selecting best server based on ping...
Hosted by Switch Fiber (Makati City) [634.17 km]: 32.025 ms
Testing download speed................................................................................
Download: 142.45 Mbit/s
Testing upload speed......................................................................................................
Upload: 234.51 Mbit/s
2025-07-13T00:15:01+08:00
Retrieving speedtest.net configuration...
Testing from FIl Products Service Television Inc (103.105.214.62)...
Retrieving speedtest.net server list...
Selecting best server based on ping...
Hosted by Switch Fiber (Makati City) [634.17 km]: 29.593 ms
Testing download speed................................................................................
Download: 134.34 Mbit/s
Testing upload speed......................................................................................................
Upload: 232.07 Mbit/s
2025-07-13T00:20:01+08:00
Retrieving speedtest.net configuration...
Testing from FIl Products Service Television Inc (103.105.214.62)...
Retrieving speedtest.net server list...
Selecting best server based on ping...
Hosted by Globe Telecom (Pasig City) [633.83 km]: 22.601 ms
Testing download speed................................................................................
Download: 159.11 Mbit/s
Testing upload speed......................................................................................................
Upload: 222.43 Mbit/s
2025-07-13T00:25:01+08:00
Retrieving speedtest.net configuration...
Testing from FIl Products Service Television Inc (103.105.214.62)...
Retrieving speedtest.net server list...
Selecting best server based on ping...
Hosted by Switch Fiber (Makati City) [634.17 km]: 34.832 ms
Testing download speed................................................................................
Download: 168.33 Mbit/s
Testing upload speed......................................................................................................
Upload: 308.53 Mbit/s
2025-07-13T00:30:01+08:00
Retrieving speedtest.net configuration...
Testing from FIl Products Service Television Inc (103.105.214.62)...
Retrieving speedtest.net server list...
Selecting best server based on ping...
2025-07-13T00:35:01+08:00
Retrieving speedtest.net configuration...
Testing from FIl Products Service Television Inc (103.105.214.62)...
Retrieving speedtest.net server list...
Selecting best server based on ping...
Hosted by Globe Telecom (Pasig City) [633.83 km]: 30.445 ms
Testing download speed................................................................................
Download: 161.29 Mbit/s
Testing upload speed......................................................................................................
Upload: 248.46 Mbit/s
2025-07-13T00:40:01+08:00
Retrieving speedtest.net configuration...
Testing from FIl Products Service Television Inc (103.105.214.62)...
Retrieving speedtest.net server list...
Selecting best server based on ping...
Hosted by Globe Telecom (Pasig City) [633.83 km]: 25.312 ms
Testing download speed................................................................................
Download: 136.75 Mbit/s
Testing upload speed......................................................................................................
Upload: 373.59 Mbit/s
2025-07-13T00:45:01+08:00
Retrieving speedtest.net configuration...
Testing from FIl Products Service Television Inc (103.105.214.62)...
Retrieving speedtest.net server list...
Selecting best server based on ping...
Hosted by Switch Fiber (Makati City) [634.17 km]: 25.72 ms
Testing download speed................................................................................
Download: 148.36 Mbit/s
Testing upload speed......................................................................................................
Upload: 184.63 Mbit/s
2025-07-13T00:50:01+08:00
Retrieving speedtest.net configuration...
Testing from FIl Products Service Television Inc (103.105.214.62)...
Retrieving speedtest.net server list...
Selecting best server based on ping...
Hosted by Globe Telecom (Pasig City) [633.83 km]: 34.429 ms
Testing download speed................................................................................
Download: 175.16 Mbit/s
Testing upload speed......................................................................................................
Upload: 244.38 Mbit/s
2025-07-13T00:55:01+08:00
Retrieving speedtest.net configuration...
Testing from FIl Products Service Television Inc (103.105.214.62)...
Retrieving speedtest.net server list...
Selecting best server based on ping...
Hosted by Globe Telecom (Pasig City) [633.83 km]: 26.143 ms
Testing download speed................................................................................
Download: 157.72 Mbit/s
Testing upload speed......................................................................................................
Upload: 139.24 Mbit/s
2025-07-13T01:00:01+08:00
Retrieving speedtest.net configuration...
Testing from FIl Products Service Television Inc (103.105.214.62)...
Retrieving speedtest.net server list...
Selecting best server based on ping...
2025-07-13T01:05:01+08:00
Retrieving speedtest.net configuration...
2025-07-13T01:10:01+08:00
Retrieving speedtest.net configuration...
Testing from FIl Products Service Television Inc (103.105.214.62)...
Retrieving speedtest.net server list...
Selecting best server based on ping...
Hosted by Globe Telecom (Pasig City) [633.83 km]: 32.005 ms
Testing download speed................................................................................
Download: 173.05 Mbit/s
Testing upload speed......................................................................................................
Upload: 249.06 Mbit/s
2025-07-13T01:15:02+08:00
Retrieving speedtest.net configuration...
Testing from FIl Products Service Television Inc (103.105.214.62)...
Retrieving speedtest.net server list...
Selecting best server based on ping...
Hosted by Globe Telecom (Pasig City) [633.83 km]: 31.538 ms
Testing download speed................................................................................
Download: 158.91 Mbit/s
Testing upload speed......................................................................................................
Upload: 224.20 Mbit/s
2025-07-13T01:20:01+08:00
Retrieving speedtest.net configuration...
Testing from FIl Products Service Television Inc (103.105.214.62)...
Retrieving speedtest.net server list...
Selecting best server based on ping...
Hosted by Switch Fiber (Makati City) [634.17 km]: 33.246 ms
Testing download speed................................................................................
Download: 144.83 Mbit/s
Testing upload speed......................................................................................................
Upload: 300.32 Mbit/s
2025-07-13T01:25:01+08:00
Retrieving speedtest.net configuration...
Testing from FIl Products Service Television Inc (103.105.214.62)...
Retrieving speedtest.net server list...
Selecting best server based on ping...
Hosted by Switch Fiber (Makati City) [634.17 km]: 26.883 ms
Testing download speed................................................................................
Download: 161.42 Mbit/s
Testing upload speed......................................................................................................
Upload: 191.38 Mbit/s
2025-07-13T01:30:01+08:00
Retrieving speedtest.net configuration...
Testing from FIl Products Service Television Inc (103.105.214.62)...
Retrieving speedtest.net server list...
Selecting best server based on ping...
2025-07-13T01:35:01+08:00
Retrieving speedtest.net configuration...
Testing from FIl Products Service Television Inc (103.105.214.62)...
Retrieving speedtest.net server list...
Selecting best server based on ping...
Hosted by Globe Telecom (Pasig City) [633.83 km]: 33.966 ms
Testing download speed................................................................................
Download: 155.11 Mbit/s
Testing upload speed......................................................................................................
Upload: 267.48 Mbit/s
2025-07-13T01:40:01+08:00
Retrieving speedtest.net configuration...
Testing from FIl Products Service Television Inc (103.105.214.62)...
Retrieving speedtest.net server list...
Selecting best server based on ping...
Hosted by Globe Telecom (Pasig City) [633.83 km]: 32.682 ms
Testing download speed................................................................................
Download: 171.56 Mbit/s
Testing upload speed......................................................................................................
Upload: 398.97 Mbit/s
2025-07-13T01:45:01+08:00
Retrieving speedtest.net configuration...
Testing from FIl Products Service Television Inc (103.105.214.62)...
Retrieving speedtest.net server list...
Selecting best server based on ping...
Hosted by Keith.net (Antipolo City) [637.26 km]: 26.695 ms
Testing download speed................................................................................
Download: 97.07 Mbit/s
Testing upload speed......................................................................................................
Upload: 97.80 Mbit/s
2025-07-13T01:50:01+08:00
Retrieving speedtest.net configuration...
Testing from FIl Products Service Television Inc (103.105.214.62)...
Retrieving speedtest.net server list...
Selecting best server based on ping...
Hosted by Switch Fiber (Makati City) [634.17 km]: 32.735 ms
Testing download speed................................................................................
Download: 171.34 Mbit/s
Testing upload speed......................................................................................................
Upload: 262.42 Mbit/s
2025-07-13T01:55:01+08:00
Retrieving speedtest.net configuration...
Testing from FIl Products Service Television Inc (103.105.214.62)...
Retrieving speedtest.net server list...
Selecting best server based on ping...
Hosted by Switch Fiber (Makati City) [634.17 km]: 25.399 ms
Testing download speed................................................................................
Download: 179.49 Mbit/s
Testing upload speed......................................................................................................
Upload: 279.18 Mbit/s
2025-07-13T02:00:01+08:00
Retrieving speedtest.net configuration...
Testing from FIl Products Service Television Inc (103.105.214.62)...
Retrieving speedtest.net server list...
Selecting best server based on ping...
2025-07-13T02:05:01+08:00
Retrieving speedtest.net configuration...
2025-07-13T02:10:01+08:00
Retrieving speedtest.net configuration...
Testing from FIl Products Service Television Inc (103.105.214.62)...
Retrieving speedtest.net server list...
Selecting best server based on ping...
Hosted by Keith.net (Antipolo City) [637.26 km]: 35.744 ms
Testing download speed................................................................................
Download: 147.10 Mbit/s
Testing upload speed......................................................................................................
Upload: 92.38 Mbit/s
2025-07-13T02:15:01+08:00
Retrieving speedtest.net configuration...
Testing from FIl Products Service Television Inc (103.105.214.62)...
Retrieving speedtest.net server list...
Selecting best server based on ping...
Hosted by Switch Fiber (Makati City) [634.17 km]: 33.106 ms
Testing download speed................................................................................
Download: 146.10 Mbit/s
Testing upload speed......................................................................................................
Upload: 185.76 Mbit/s
2025-07-13T02:20:01+08:00
Retrieving speedtest.net configuration...
Testing from FIl Products Service Television Inc (103.105.214.62)...
Retrieving speedtest.net server list...
Selecting best server based on ping...
Hosted by Keith.net (Antipolo City) [637.26 km]: 25.583 ms
Testing download speed................................................................................
Download: 175.56 Mbit/s
Testing upload speed......................................................................................................
Upload: 178.72 Mbit/s
2025-07-13T02:25:02+08:00
Retrieving speedtest.net configuration...
Testing from FIl Products Service Television Inc (103.105.214.62)...
Retrieving speedtest.net server list...
Selecting best server based on ping...
Hosted by Globe Telecom (Pasig City) [633.83 km]: 25.313 ms
Testing download speed................................................................................
Download: 172.55 Mbit/s
Testing upload speed......................................................................................................
Upload: 283.36 Mbit/s
2025-07-13T02:30:01+08:00
Retrieving speedtest.net configuration...
Testing from FIl Products Service Television Inc (103.105.214.62)...
Retrieving speedtest.net server list...
Selecting best server based on ping...
2025-07-13T02:35:01+08:00
Retrieving speedtest.net configuration...
Testing from FIl Products Service Television Inc (103.105.214.62)...
Retrieving speedtest.net server list...
Selecting best server based on ping...
Hosted by Switch Fiber (Makati City) [634.17 km]: 35.2 ms
Testing download speed................................................................................
Download: 137.22 Mbit/s
Testing upload speed......................................................................................................
Upload: 221.39 Mbit/s
2025-07-13T02:40:01+08:00
Retrieving speedtest.net configuration...
Testing from FIl Products Service Television Inc (103.105.214.62)...
Retrieving speedtest.net server list...
Selecting best server based on ping...
Hosted by Globe Telecom (Pasig City) [633.83 km]: 22.747 ms
Testing download speed................................................................................
Download: 188.28 Mbit/s
Testing upload speed......................................................................................................
Upload: 272.52 Mbit/s
2025-07-13T02:45:01+08:00
Retrieving speedtest.net configuration...
Testing from FIl Products Service Television Inc (103.105.214.62)...
Retrieving speedtest.net server list...
Selecting best server based on ping...
Hosted by Globe Telecom (Pasig City) [633.83 km]: 29.929 ms
Testing download speed................................................................................
Download: 170.62 Mbit/s
Testing upload speed......................................................................................................
Upload: 405.06 Mbit/s
2025-07-13T02:50:01+08:00
Retrieving speedtest.net configuration...
Testing from FIl Products Service Television Inc (103.105.214.62)...
Retrieving speedtest.net server list...
Selecting best server based on ping...
Hosted by Globe Telecom (Pasig City) [633.83 km]: 28.57 ms
Testing download speed................................................................................
Download: 137.57 Mbit/s
Testing upload speed......................................................................................................
Upload: 223.32 Mbit/s
2025-07-13T02:55:01+08:00
Retrieving speedtest.net configuration...
Testing from FIl Products Service Television Inc (103.105.214.62)...
Retrieving speedtest.net server list...
Selecting best server based on ping...
Hosted by Globe Telecom (Pasig City) [633.83 km]: 30.224 ms
Testing download speed................................................................................
Download: 173.76 Mbit/s
Testing upload speed......................................................................................................
Upload: 262.97 Mbit/s
2025-07-13T03:00:02+08:00
Retrieving speedtest.net configuration...
Testing from FIl Products Service Television Inc (103.105.214.62)...
Retrieving speedtest.net server list...
Selecting best server based on ping...
2025-07-13T03:05:01+08:00
Retrieving speedtest.net configuration...
Testing from FIl Products Service Television Inc (103.105.214.62)...
Retrieving speedtest.net server list...
Selecting best server based on ping...
Hosted by Globe Telecom (Pasig City) [633.83 km]: 33.77 ms
Testing download speed................................................................................
Download: 169.10 Mbit/s
Testing upload speed......................................................................................................
Upload: 293.16 Mbit/s
2025-07-13T03:10:01+08:00
Retrieving speedtest.net configuration...
Testing from FIl Products Service Television Inc (103.105.214.62)...
Retrieving speedtest.net server list...
Selecting best server based on ping...
Hosted by Globe Telecom (Pasig City) [633.83 km]: 22.669 ms
Testing download speed................................................................................
Download: 172.07 Mbit/s
Testing upload speed......................................................................................................
Upload: 273.41 Mbit/s
2025-07-13T03:15:01+08:00
Retrieving speedtest.net configuration...
Testing from FIl Products Service Television Inc (103.105.214.62)...
Retrieving speedtest.net server list...
Selecting best server based on ping...
Hosted by PLDT (Makati) [634.17 km]: 29.379 ms
Testing download speed................................................................................
Download: 195.32 Mbit/s
Testing upload speed......................................................................................................
Upload: 271.89 Mbit/s
2025-07-13T03:20:01+08:00
Retrieving speedtest.net configuration...
Testing from FIl Products Service Television Inc (103.105.214.62)...
Retrieving speedtest.net server list...
Selecting best server based on ping...
Hosted by PLDT (Makati) [634.17 km]: 17.769 ms
Testing download speed................................................................................
Download: 187.52 Mbit/s
Testing upload speed......................................................................................................
Upload: 318.67 Mbit/s
2025-07-13T03:25:01+08:00
Retrieving speedtest.net configuration...
Testing from FIl Products Service Television Inc (103.105.214.62)...
Retrieving speedtest.net server list...
Selecting best server based on ping...
Hosted by PLDT (Makati) [634.17 km]: 17.541 ms
Testing download speed................................................................................
Download: 188.22 Mbit/s
Testing upload speed......................................................................................................
Upload: 296.39 Mbit/s
2025-07-13T03:30:01+08:00
Retrieving speedtest.net configuration...
Testing from FIl Products Service Television Inc (103.105.214.62)...
Retrieving speedtest.net server list...
Selecting best server based on ping...
2025-07-13T03:35:01+08:00
Retrieving speedtest.net configuration...
Testing from FIl Products Service Television Inc (103.105.214.62)...
Retrieving speedtest.net server list...
Selecting best server based on ping...
Hosted by PLDT (Makati) [634.17 km]: 22.257 ms
Testing download speed................................................................................
Download: 191.85 Mbit/s
Testing upload speed......................................................................................................
Upload: 307.03 Mbit/s
2025-07-13T03:40:01+08:00
Retrieving speedtest.net configuration...
Testing from FIl Products Service Television Inc (103.105.214.62)...
Retrieving speedtest.net server list...
Selecting best server based on ping...
Hosted by PLDT (Makati) [634.17 km]: 17.739 ms
Testing download speed................................................................................
Download: 194.89 Mbit/s
Testing upload speed......................................................................................................
Upload: 269.31 Mbit/s
2025-07-13T03:45:01+08:00
Retrieving speedtest.net configuration...
Testing from FIl Products Service Television Inc (103.105.214.62)...
Retrieving speedtest.net server list...
Selecting best server based on ping...
Hosted by PLDT (Makati) [634.17 km]: 17.839 ms
Testing download speed................................................................................
Download: 190.26 Mbit/s
Testing upload speed......................................................................................................
Upload: 178.11 Mbit/s
2025-07-13T03:50:01+08:00
Retrieving speedtest.net configuration...
Testing from FIl Products Service Television Inc (103.105.214.62)...
Retrieving speedtest.net server list...
Selecting best server based on ping...
Hosted by PLDT (Makati) [634.17 km]: 22.32 ms
Testing download speed................................................................................
Download: 181.64 Mbit/s
Testing upload speed......................................................................................................
Upload: 216.27 Mbit/s
2025-07-13T03:55:01+08:00
Retrieving speedtest.net configuration...
Testing from FIl Products Service Television Inc (103.105.214.62)...
Retrieving speedtest.net server list...
Selecting best server based on ping...
Hosted by PLDT (Makati) [634.17 km]: 24.179 ms
Testing download speed................................................................................
Download: 183.93 Mbit/s
Testing upload speed......................................................................................................
Upload: 282.40 Mbit/s
2025-07-13T04:00:01+08:00
Retrieving speedtest.net configuration...
Testing from FIl Products Service Television Inc (103.105.214.62)...
Retrieving speedtest.net server list...
Selecting best server based on ping...
