2025-07-09T00:00:01+08:00
Retrieving speedtest.net configuration...
Testing from FIl Products Service Television Inc (103.105.214.62)...
Retrieving speedtest.net server list...
Selecting best server based on ping...
2025-07-09T00:05:01+08:00
Retrieving speedtest.net configuration...
2025-07-09T00:10:01+08:00
Retrieving speedtest.net configuration...
Testing from FIl Products Service Television Inc (103.105.214.62)...
Retrieving speedtest.net server list...
Selecting best server based on ping...
Hosted by PT&T (Makati City) [634.17 km]: 24.833 ms
Testing download speed................................................................................
Download: 161.51 Mbit/s
Testing upload speed......................................................................................................
Upload: 343.92 Mbit/s
2025-07-09T00:15:01+08:00
Retrieving speedtest.net configuration...
Testing from FIl Products Service Television Inc (103.105.214.62)...
Retrieving speedtest.net server list...
Selecting best server based on ping...
Hosted by PT&T (Makati City) [634.17 km]: 21.053 ms
Testing download speed................................................................................
Download: 158.18 Mbit/s
Testing upload speed......................................................................................................
Upload: 321.00 Mbit/s
2025-07-09T00:20:01+08:00
Retrieving speedtest.net configuration...
Testing from FIl Products Service Television Inc (103.105.214.62)...
Retrieving speedtest.net server list...
Selecting best server based on ping...
Hosted by PT&T (Makati City) [634.17 km]: 21.23 ms
Testing download speed................................................................................
Download: 167.35 Mbit/s
Testing upload speed......................................................................................................
Upload: 348.89 Mbit/s
2025-07-09T00:25:01+08:00
Retrieving speedtest.net configuration...
Testing from FIl Products Service Television Inc (103.105.214.62)...
Retrieving speedtest.net server list...
Selecting best server based on ping...
Hosted by PT&T (Makati City) [634.17 km]: 21.148 ms
Testing download speed................................................................................
Download: 187.88 Mbit/s
Testing upload speed......................................................................................................
Upload: 282.68 Mbit/s
2025-07-09T00:30:01+08:00
Retrieving speedtest.net configuration...
Testing from FIl Products Service Television Inc (103.105.214.62)...
Retrieving speedtest.net server list...
Selecting best server based on ping...
2025-07-09T00:35:01+08:00
Retrieving speedtest.net configuration...
Testing from FIl Products Service Television Inc (103.105.214.62)...
Retrieving speedtest.net server list...
Selecting best server based on ping...
Hosted by PT&T (Makati City) [634.17 km]: 23.413 ms
Testing download speed................................................................................
Download: 125.57 Mbit/s
Testing upload speed......................................................................................................
Upload: 250.43 Mbit/s
2025-07-09T00:40:01+08:00
Retrieving speedtest.net configuration...
Testing from FIl Products Service Television Inc (103.105.214.62)...
Retrieving speedtest.net server list...
Selecting best server based on ping...
Hosted by PT&T (Makati City) [634.17 km]: 20.968 ms
Testing download speed................................................................................
Download: 137.32 Mbit/s
Testing upload speed......................................................................................................
Upload: 333.63 Mbit/s
2025-07-09T00:45:01+08:00
Retrieving speedtest.net configuration...
Testing from FIl Products Service Television Inc (103.105.214.62)...
Retrieving speedtest.net server list...
Selecting best server based on ping...
Hosted by Switch Fiber (Makati City) [634.17 km]: 23.427 ms
Testing download speed................................................................................
Download: 181.05 Mbit/s
Testing upload speed......................................................................................................
Upload: 217.07 Mbit/s
2025-07-09T00:50:01+08:00
Retrieving speedtest.net configuration...
Testing from FIl Products Service Television Inc (103.105.214.62)...
Retrieving speedtest.net server list...
Selecting best server based on ping...
Hosted by Switch Fiber (Makati City) [634.17 km]: 24.221 ms
Testing download speed................................................................................
Download: 176.55 Mbit/s
Testing upload speed......................................................................................................
Upload: 300.33 Mbit/s
2025-07-09T00:55:01+08:00
Retrieving speedtest.net configuration...
Testing from FIl Products Service Television Inc (103.105.214.62)...
Retrieving speedtest.net server list...
Selecting best server based on ping...
Hosted by Switch Fiber (Makati City) [634.17 km]: 21.949 ms
Testing download speed................................................................................
Download: 134.76 Mbit/s
Testing upload speed......................................................................................................
Upload: 217.43 Mbit/s
2025-07-09T01:00:01+08:00
Retrieving speedtest.net configuration...
Testing from FIl Products Service Television Inc (103.105.214.62)...
Retrieving speedtest.net server list...
Selecting best server based on ping...
