2025-07-10T00:00:01+08:00
Retrieving speedtest.net configuration...
Testing from FIl Products Service Television Inc (103.105.214.62)...
Retrieving speedtest.net server list...
Selecting best server based on ping...
2025-07-10T00:05:01+08:00
Retrieving speedtest.net configuration...
2025-07-10T00:10:01+08:00
Retrieving speedtest.net configuration...
Testing from FIl Products Service Television Inc (103.105.214.62)...
Retrieving speedtest.net server list...
Selecting best server based on ping...
Hosted by Planet Cable Inc. (Bacoor City) [621.97 km]: 30.207 ms
Testing download speed................................................................................
Download: 176.04 Mbit/s
Testing upload speed......................................................................................................
Upload: 120.45 Mbit/s
2025-07-10T00:15:01+08:00
Retrieving speedtest.net configuration...
Testing from FIl Products Service Television Inc (103.105.214.62)...
Retrieving speedtest.net server list...
Selecting best server based on ping...
Hosted by Hapibytes (Taytay) [629.91 km]: 24.598 ms
Testing download speed................................................................................
Download: 192.74 Mbit/s
Testing upload speed......................................................................................................
Upload: 174.81 Mbit/s
2025-07-10T00:20:01+08:00
Retrieving speedtest.net configuration...
Testing from FIl Products Service Television Inc (103.105.214.62)...
Retrieving speedtest.net server list...
Selecting best server based on ping...
Hosted by Hapibytes (Taytay) [629.91 km]: 24.477 ms
Testing download speed................................................................................
Download: 146.81 Mbit/s
Testing upload speed......................................................................................................
Upload: 359.63 Mbit/s
2025-07-10T00:25:01+08:00
Retrieving speedtest.net configuration...
Testing from FIl Products Service Television Inc (103.105.214.62)...
Retrieving speedtest.net server list...
Selecting best server based on ping...
Hosted by Hapibytes (Taytay) [629.91 km]: 36.789 ms
Testing download speed................................................................................
Download: 159.72 Mbit/s
Testing upload speed......................................................................................................
Upload: 323.90 Mbit/s
2025-07-10T00:30:01+08:00
Retrieving speedtest.net configuration...
Testing from FIl Products Service Television Inc (103.105.214.62)...
Retrieving speedtest.net server list...
Selecting best server based on ping...
2025-07-10T00:35:01+08:00
Retrieving speedtest.net configuration...
Testing from FIl Products Service Television Inc (103.105.214.62)...
Retrieving speedtest.net server list...
Selecting best server based on ping...
Hosted by Planet Cable Inc. (Bacoor City) [621.97 km]: 34.482 ms
Testing download speed................................................................................
Download: 170.86 Mbit/s
Testing upload speed......................................................................................................
Upload: 205.27 Mbit/s
2025-07-10T00:40:01+08:00
Retrieving speedtest.net configuration...
Testing from FIl Products Service Television Inc (103.105.214.62)...
Retrieving speedtest.net server list...
Selecting best server based on ping...
Hosted by Hapibytes (Taytay) [629.91 km]: 24.98 ms
Testing download speed................................................................................
Download: 151.83 Mbit/s
Testing upload speed......................................................................................................
Upload: 294.06 Mbit/s
2025-07-10T00:45:01+08:00
Retrieving speedtest.net configuration...
Testing from FIl Products Service Television Inc (103.105.214.62)...
Retrieving speedtest.net server list...
Selecting best server based on ping...
Hosted by Hapibytes (Taytay) [629.91 km]: 27.382 ms
Testing download speed................................................................................
Download: 82.75 Mbit/s
Testing upload speed......................................................................................................
Upload: 200.65 Mbit/s
2025-07-10T00:50:01+08:00
Retrieving speedtest.net configuration...
Testing from FIl Products Service Television Inc (103.105.214.62)...
Retrieving speedtest.net server list...
Selecting best server based on ping...
Hosted by Hapibytes (Taytay) [629.91 km]: 25.899 ms
Testing download speed................................................................................
Download: 165.48 Mbit/s
Testing upload speed......................................................................................................
Upload: 332.26 Mbit/s
2025-07-10T00:55:01+08:00
Retrieving speedtest.net configuration...
Testing from FIl Products Service Television Inc (103.105.214.62)...
Retrieving speedtest.net server list...
Selecting best server based on ping...
Hosted by Hapibytes (Taytay) [629.91 km]: 27.017 ms
Testing download speed................................................................................
Download: 153.95 Mbit/s
Testing upload speed......................................................................................................
Upload: 325.06 Mbit/s
2025-07-10T01:00:01+08:00
Retrieving speedtest.net configuration...
Testing from FIl Products Service Television Inc (103.105.214.62)...
Retrieving speedtest.net server list...
Selecting best server based on ping...
