2025-07-26T00:00:01+08:00
Retrieving speedtest.net configuration...
Testing from FIl Products Service Television Inc (103.105.214.49)...
Retrieving speedtest.net server list...
Selecting best server based on ping...
2025-07-26T00:05:01+08:00
Retrieving speedtest.net configuration...
2025-07-26T00:10:01+08:00
Retrieving speedtest.net configuration...
Testing from FIl Products Service Television Inc (103.105.214.51)...
Retrieving speedtest.net server list...
Selecting best server based on ping...
Hosted by Switch Fiber (Makati City) [634.17 km]: 26.119 ms
Testing download speed................................................................................
Download: 124.05 Mbit/s
Testing upload speed......................................................................................................
Upload: 278.88 Mbit/s
2025-07-26T00:15:01+08:00
Retrieving speedtest.net configuration...
Testing from FIl Products Service Television Inc (103.105.214.51)...
Retrieving speedtest.net server list...
Selecting best server based on ping...
Hosted by Switch Fiber (Makati City) [634.17 km]: 21.855 ms
Testing download speed................................................................................
Download: 158.25 Mbit/s
Testing upload speed......................................................................................................
Upload: 364.42 Mbit/s
2025-07-26T00:20:01+08:00
Retrieving speedtest.net configuration...
Testing from FIl Products Service Television Inc (103.105.214.49)...
Retrieving speedtest.net server list...
Selecting best server based on ping...
Hosted by Switch Fiber (Makati City) [634.17 km]: 27.715 ms
Testing download speed................................................................................
Download: 185.91 Mbit/s
Testing upload speed......................................................................................................
Upload: 317.07 Mbit/s
2025-07-26T00:25:01+08:00
Retrieving speedtest.net configuration...
Testing from FIl Products Service Television Inc (103.105.214.51)...
Retrieving speedtest.net server list...
Selecting best server based on ping...
Hosted by Switch Fiber (Makati City) [634.17 km]: 17.972 ms
Testing download speed................................................................................
Download: 104.23 Mbit/s
Testing upload speed......................................................................................................
Upload: 338.09 Mbit/s
2025-07-26T00:30:01+08:00
Retrieving speedtest.net configuration...
Testing from FIl Products Service Television Inc (103.105.214.49)...
Retrieving speedtest.net server list...
Selecting best server based on ping...
2025-07-26T00:35:01+08:00
Retrieving speedtest.net configuration...
Testing from FIl Products Service Television Inc (103.105.214.49)...
Retrieving speedtest.net server list...
Selecting best server based on ping...
Hosted by Switch Fiber (Makati City) [634.17 km]: 29.0 ms
Testing download speed................................................................................
Download: 191.60 Mbit/s
Testing upload speed......................................................................................................
Upload: 328.85 Mbit/s
2025-07-26T00:40:01+08:00
Retrieving speedtest.net configuration...
Testing from FIl Products Service Television Inc (103.105.214.51)...
Retrieving speedtest.net server list...
Selecting best server based on ping...
Hosted by Zafra Cable Television Network Inc. (Panglao) [57.64 km]: 37.704 ms
Testing download speed................................................................................
Download: 188.41 Mbit/s
Testing upload speed......................................................................................................
Upload: 243.25 Mbit/s
2025-07-26T00:45:01+08:00
Retrieving speedtest.net configuration...
Testing from FIl Products Service Television Inc (103.105.214.49)...
Retrieving speedtest.net server list...
Selecting best server based on ping...
Hosted by Zafra Cable Television Network Inc. (Panglao) [57.64 km]: 29.252 ms
Testing download speed................................................................................
Download: 185.42 Mbit/s
Testing upload speed......................................................................................................
Upload: 328.28 Mbit/s
2025-07-26T00:50:01+08:00
Retrieving speedtest.net configuration...
Testing from FIl Products Service Television Inc (103.105.214.49)...
Retrieving speedtest.net server list...
Selecting best server based on ping...
Hosted by Zafra Cable Television Network Inc. (Panglao) [57.64 km]: 30.647 ms
Testing download speed................................................................................
Download: 190.05 Mbit/s
Testing upload speed......................................................................................................
Upload: 190.20 Mbit/s
2025-07-26T00:55:01+08:00
Retrieving speedtest.net configuration...
Testing from FIl Products Service Television Inc (103.105.214.51)...
Retrieving speedtest.net server list...
Selecting best server based on ping...
Hosted by Zafra Cable Television Network Inc. (Panglao) [57.64 km]: 28.174 ms
Testing download speed................................................................................
Download: 179.97 Mbit/s
Testing upload speed......................................................................................................
Upload: 229.45 Mbit/s
2025-07-26T01:00:01+08:00
Retrieving speedtest.net configuration...
Testing from FIl Products Service Television Inc (103.105.214.51)...
Retrieving speedtest.net server list...
Selecting best server based on ping...
