2025-08-17T00:00:01+08:00
Retrieving speedtest.net configuration...
Testing from FIl Products Service Television Inc (103.105.214.59)...
Retrieving speedtest.net server list...
Selecting best server based on ping...
2025-08-17T00:05:01+08:00
Retrieving speedtest.net configuration...
2025-08-17T00:10:01+08:00
Retrieving speedtest.net configuration...
Testing from FIl Products Service Television Inc (103.105.214.59)...
Retrieving speedtest.net server list...
Selecting best server based on ping...
Hosted by Parasat Cable TV, Inc. (Cagayan de Oro) [173.34 km]: 25.777 ms
Testing download speed................................................................................
Download: 191.04 Mbit/s
Testing upload speed......................................................................................................
Upload: 283.34 Mbit/s
2025-08-17T00:15:01+08:00
Retrieving speedtest.net configuration...
Testing from FIl Products Service Television Inc (103.105.214.52)...
Retrieving speedtest.net server list...
Selecting best server based on ping...
Hosted by Parasat Cable TV, Inc. (Cagayan de Oro) [173.34 km]: 25.876 ms
Testing download speed................................................................................
Download: 193.53 Mbit/s
Testing upload speed......................................................................................................
Upload: 271.43 Mbit/s
2025-08-17T00:20:01+08:00
Retrieving speedtest.net configuration...
Testing from FIl Products Service Television Inc (103.105.214.52)...
Retrieving speedtest.net server list...
Selecting best server based on ping...
Hosted by Parasat Cable TV, Inc. (Cagayan de Oro) [173.34 km]: 25.456 ms
Testing download speed................................................................................
Download: 155.52 Mbit/s
Testing upload speed......................................................................................................
Upload: 244.16 Mbit/s
2025-08-17T00:25:01+08:00
Retrieving speedtest.net configuration...
Testing from FIl Products Service Television Inc (103.105.214.52)...
Retrieving speedtest.net server list...
Selecting best server based on ping...
Hosted by Parasat Cable TV, Inc. (Cagayan de Oro) [173.34 km]: 25.471 ms
Testing download speed................................................................................
Download: 151.39 Mbit/s
Testing upload speed......................................................................................................
Upload: 281.73 Mbit/s
2025-08-17T00:30:01+08:00
Retrieving speedtest.net configuration...
Testing from FIl Products Service Television Inc (103.105.214.52)...
Retrieving speedtest.net server list...
Selecting best server based on ping...
2025-08-17T00:35:01+08:00
Retrieving speedtest.net configuration...
Testing from FIl Products Service Television Inc (103.105.214.59)...
Retrieving speedtest.net server list...
Selecting best server based on ping...
Hosted by Philippine Global Communications, Inc. (Makati) [633.45 km]: 28.375 ms
Testing download speed................................................................................
Download: 194.69 Mbit/s
Testing upload speed......................................................................................................
Upload: 332.52 Mbit/s
2025-08-17T00:40:01+08:00
Retrieving speedtest.net configuration...
Testing from FIl Products Service Television Inc (103.105.214.59)...
Retrieving speedtest.net server list...
Selecting best server based on ping...
Hosted by Philippine Global Communications, Inc. (Makati) [633.45 km]: 28.409 ms
Testing download speed................................................................................
Download: 204.20 Mbit/s
Testing upload speed......................................................................................................
Upload: 331.79 Mbit/s
2025-08-17T00:45:01+08:00
Retrieving speedtest.net configuration...
Testing from FIl Products Service Television Inc (103.105.214.52)...
Retrieving speedtest.net server list...
Selecting best server based on ping...
Hosted by Philippine Global Communications, Inc. (Makati) [633.45 km]: 28.416 ms
Testing download speed................................................................................
Download: 185.78 Mbit/s
Testing upload speed......................................................................................................
Upload: 342.25 Mbit/s
2025-08-17T00:50:01+08:00
Retrieving speedtest.net configuration...
Testing from FIl Products Service Television Inc (103.105.214.52)...
Retrieving speedtest.net server list...
Selecting best server based on ping...
Hosted by Infinivan, Inc. (Makati City) [634.17 km]: 39.26 ms
Testing download speed................................................................................
Download: 184.55 Mbit/s
Testing upload speed......................................................................................................
Upload: 307.01 Mbit/s
2025-08-17T00:55:01+08:00
Retrieving speedtest.net configuration...
Testing from FIl Products Service Television Inc (103.105.214.52)...
Retrieving speedtest.net server list...
Selecting best server based on ping...
Hosted by Philippine Global Communications, Inc. (Makati) [633.45 km]: 28.434 ms
Testing download speed................................................................................
Download: 196.93 Mbit/s
Testing upload speed......................................................................................................
Upload: 335.87 Mbit/s
2025-08-17T01:00:01+08:00
Retrieving speedtest.net configuration...
Testing from FIl Products Service Television Inc (103.105.214.59)...
Retrieving speedtest.net server list...
Selecting best server based on ping...
2025-08-17T01:05:01+08:00
Retrieving speedtest.net configuration...
2025-08-17T01:10:01+08:00
Retrieving speedtest.net configuration...
Testing from FIl Products Service Television Inc (103.105.214.52)...
Retrieving speedtest.net server list...
Selecting best server based on ping...
Hosted by Philippine Global Communications, Inc. (Makati) [633.45 km]: 28.28 ms
Testing download speed................................................................................
Download: 198.43 Mbit/s
Testing upload speed......................................................................................................
Upload: 342.99 Mbit/s
2025-08-17T01:15:01+08:00
Retrieving speedtest.net configuration...
Testing from FIl Products Service Television Inc (103.105.214.59)...
Retrieving speedtest.net server list...
Selecting best server based on ping...
Hosted by Philippine Global Communications, Inc. (Makati) [633.45 km]: 28.624 ms
Testing download speed................................................................................
Download: 190.11 Mbit/s
Testing upload speed......................................................................................................
Upload: 345.03 Mbit/s
2025-08-17T01:20:01+08:00
Retrieving speedtest.net configuration...
Testing from FIl Products Service Television Inc (103.105.214.59)...
Retrieving speedtest.net server list...
Selecting best server based on ping...
Hosted by Philippine Global Communications, Inc. (Makati) [633.45 km]: 28.764 ms
Testing download speed................................................................................
Download: 193.48 Mbit/s
Testing upload speed......................................................................................................
Upload: 300.88 Mbit/s
2025-08-17T01:25:01+08:00
Retrieving speedtest.net configuration...
Testing from FIl Products Service Television Inc (103.105.214.52)...
Retrieving speedtest.net server list...
Selecting best server based on ping...
Hosted by Philippine Global Communications, Inc. (Makati) [633.45 km]: 28.456 ms
Testing download speed................................................................................
Download: 196.29 Mbit/s
Testing upload speed......................................................................................................
Upload: 366.85 Mbit/s
2025-08-17T01:30:01+08:00
Retrieving speedtest.net configuration...
Testing from FIl Products Service Television Inc (103.105.214.59)...
Retrieving speedtest.net server list...
Selecting best server based on ping...
2025-08-17T01:35:01+08:00
Retrieving speedtest.net configuration...
Testing from FIl Products Service Television Inc (103.105.214.59)...
Retrieving speedtest.net server list...
Selecting best server based on ping...
Hosted by Philippine Global Communications, Inc. (Makati) [633.45 km]: 28.457 ms
Testing download speed................................................................................
Download: 196.21 Mbit/s
Testing upload speed......................................................................................................
Upload: 265.69 Mbit/s
2025-08-17T01:40:01+08:00
Retrieving speedtest.net configuration...
Testing from FIl Products Service Television Inc (103.105.214.52)...
Retrieving speedtest.net server list...
Selecting best server based on ping...
Hosted by Philippine Global Communications, Inc. (Makati) [633.45 km]: 32.442 ms
Testing download speed................................................................................
Download: 193.26 Mbit/s
Testing upload speed......................................................................................................
Upload: 321.29 Mbit/s
2025-08-17T01:45:01+08:00
Retrieving speedtest.net configuration...
Testing from FIl Products Service Television Inc (103.105.214.59)...
Retrieving speedtest.net server list...
Selecting best server based on ping...
Hosted by Philippine Global Communications, Inc. (Makati) [633.45 km]: 32.781 ms
Testing download speed................................................................................
Download: 198.65 Mbit/s
Testing upload speed......................................................................................................
Upload: 322.32 Mbit/s
2025-08-17T01:50:01+08:00
Retrieving speedtest.net configuration...
Testing from FIl Products Service Television Inc (103.105.214.59)...
Retrieving speedtest.net server list...
Selecting best server based on ping...
Hosted by Philippine Global Communications, Inc. (Makati) [633.45 km]: 29.162 ms
Testing download speed................................................................................
Download: 198.67 Mbit/s
Testing upload speed......................................................................................................
Upload: 359.20 Mbit/s
2025-08-17T01:55:01+08:00
Retrieving speedtest.net configuration...
Testing from FIl Products Service Television Inc (103.105.214.59)...
Retrieving speedtest.net server list...
Selecting best server based on ping...
Hosted by Philippine Global Communications, Inc. (Makati) [633.45 km]: 29.117 ms
Testing download speed................................................................................
Download: 193.52 Mbit/s
Testing upload speed......................................................................................................
Upload: 321.73 Mbit/s
2025-08-17T02:00:01+08:00
Retrieving speedtest.net configuration...
Testing from FIl Products Service Television Inc (103.105.214.59)...
Retrieving speedtest.net server list...
Selecting best server based on ping...
