2025-04-16T00:00:01+08:00
Retrieving speedtest.net configuration...
Testing from FIl Products Service Television Inc (103.105.214.52)...
Retrieving speedtest.net server list...
Selecting best server based on ping...
2025-04-16T00:05:01+08:00
Retrieving speedtest.net configuration...
2025-04-16T00:10:01+08:00
Retrieving speedtest.net configuration...
Testing from FIl Products Service Television Inc (103.105.214.61)...
Retrieving speedtest.net server list...
Selecting best server based on ping...
Hosted by Globe Telecom (Davao City) [355.16 km]: 40.498 ms
Testing download speed................................................................................
Download: 68.72 Mbit/s
Testing upload speed......................................................................................................
Upload: 11.01 Mbit/s
2025-04-16T00:15:01+08:00
Retrieving speedtest.net configuration...
Testing from FIl Products Service Television Inc (103.105.214.61)...
Retrieving speedtest.net server list...
Selecting best server based on ping...
Hosted by Globe Telecom (Davao City) [355.16 km]: 32.211 ms
Testing download speed................................................................................
Download: 70.94 Mbit/s
Testing upload speed......................................................................................................
Upload: 14.60 Mbit/s
2025-04-16T00:20:01+08:00
Retrieving speedtest.net configuration...
Testing from FIl Products Service Television Inc (103.105.214.52)...
Retrieving speedtest.net server list...
Selecting best server based on ping...
Hosted by Globe Telecom (Davao City) [355.16 km]: 41.253 ms
Testing download speed................................................................................
Download: 73.51 Mbit/s
Testing upload speed......................................................................................................
Upload: 19.87 Mbit/s
2025-04-16T00:25:01+08:00
Retrieving speedtest.net configuration...
Testing from FIl Products Service Television Inc (103.105.214.52)...
Retrieving speedtest.net server list...
Selecting best server based on ping...
Hosted by Globe Telecom (Davao City) [355.16 km]: 40.071 ms
Testing download speed................................................................................
Download: 67.45 Mbit/s
Testing upload speed......................................................................................................
Upload: 8.41 Mbit/s
2025-04-16T00:30:01+08:00
Retrieving speedtest.net configuration...
Testing from FIl Products Service Television Inc (103.105.214.52)...
Retrieving speedtest.net server list...
Selecting best server based on ping...
2025-04-16T00:35:01+08:00
Retrieving speedtest.net configuration...
2025-04-16T00:40:01+08:00
Retrieving speedtest.net configuration...
Testing from FIl Products Service Television Inc (103.105.214.52)...
Retrieving speedtest.net server list...
Selecting best server based on ping...
Hosted by Globe Telecom (Cagayan de Oro) [173.41 km]: 43.749 ms
Testing download speed................................................................................
Download: 73.66 Mbit/s
Testing upload speed......................................................................................................
Upload: 11.47 Mbit/s
2025-04-16T00:45:01+08:00
Retrieving speedtest.net configuration...
Testing from FIl Products Service Television Inc (103.105.214.52)...
Retrieving speedtest.net server list...
Selecting best server based on ping...
Hosted by Globe Telecom (Davao City) [355.16 km]: 31.636 ms
Testing download speed................................................................................
Download: 80.92 Mbit/s
Testing upload speed......................................................................................................
Upload: 20.79 Mbit/s
2025-04-16T00:50:01+08:00
Retrieving speedtest.net configuration...
Testing from FIl Products Service Television Inc (103.105.214.61)...
Retrieving speedtest.net server list...
Selecting best server based on ping...
Hosted by Globe Telecom (Davao City) [355.16 km]: 37.871 ms
Testing download speed................................................................................
Download: 86.60 Mbit/s
Testing upload speed......................................................................................................
Upload: 11.36 Mbit/s
2025-04-16T00:55:01+08:00
Retrieving speedtest.net configuration...
Testing from FIl Products Service Television Inc (103.105.214.52)...
Retrieving speedtest.net server list...
Selecting best server based on ping...
Hosted by Globe Telecom (Davao City) [355.16 km]: 31.436 ms
Testing download speed................................................................................
Download: 68.79 Mbit/s
Testing upload speed......................................................................................................
Upload: 16.03 Mbit/s
2025-04-16T01:00:01+08:00
Retrieving speedtest.net configuration...
Testing from FIl Products Service Television Inc (103.105.214.52)...
Retrieving speedtest.net server list...
Selecting best server based on ping...
