2025-09-15T00:00:01+08:00
Retrieving speedtest.net configuration...
Testing from FIl Products Service Television Inc (103.105.214.57)...
Retrieving speedtest.net server list...
Selecting best server based on ping...
2025-09-15T00:05:01+08:00
Retrieving speedtest.net configuration...
Testing from FIl Products Service Television Inc (103.105.214.57)...
Retrieving speedtest.net server list...
Selecting best server based on ping...
Hosted by Ignite Telecoms (Cagayan de Oro) [173.34 km]: 77.552 ms
Testing download speed................................................................................
Download: 73.21 Mbit/s
Testing upload speed......................................................................................................
Upload: 46.80 Mbit/s
2025-09-15T00:10:01+08:00
Retrieving speedtest.net configuration...
Testing from FIl Products Service Television Inc (103.105.214.62)...
Retrieving speedtest.net server list...
Selecting best server based on ping...
Hosted by Ignite Telecoms (Cagayan de Oro) [173.34 km]: 65.426 ms
Testing download speed................................................................................
Download: 63.37 Mbit/s
Testing upload speed......................................................................................................
Upload: 43.16 Mbit/s
2025-09-15T00:15:01+08:00
Retrieving speedtest.net configuration...
Testing from FIl Products Service Television Inc (103.105.214.62)...
Retrieving speedtest.net server list...
Selecting best server based on ping...
Hosted by DCTV Cable Network (Cebu City) [128.48 km]: 63.414 ms
Testing download speed................................................................................
Download: 58.39 Mbit/s
Testing upload speed......................................................................................................
Upload: 58.21 Mbit/s
2025-09-15T00:20:01+08:00
Retrieving speedtest.net configuration...
Testing from FIl Products Service Television Inc (103.105.214.57)...
Retrieving speedtest.net server list...
Selecting best server based on ping...
Hosted by Ignite Telecoms (Cagayan de Oro) [173.34 km]: 62.592 ms
Testing download speed................................................................................
Download: 74.08 Mbit/s
Testing upload speed......................................................................................................
Upload: 36.54 Mbit/s
2025-09-15T00:25:01+08:00
Retrieving speedtest.net configuration...
Testing from FIl Products Service Television Inc (103.105.214.57)...
Retrieving speedtest.net server list...
Selecting best server based on ping...
Hosted by BitsFiber (Cebu City) [126.16 km]: 58.82 ms
Testing download speed................................................................................
Download: 42.21 Mbit/s
Testing upload speed......................................................................................................
Upload: 67.62 Mbit/s
2025-09-15T00:30:01+08:00
Retrieving speedtest.net configuration...
Testing from FIl Products Service Television Inc (103.105.214.57)...
Retrieving speedtest.net server list...
Selecting best server based on ping...
2025-09-15T00:35:01+08:00
Retrieving speedtest.net configuration...
Testing from FIl Products Service Television Inc (103.105.214.57)...
Retrieving speedtest.net server list...
Selecting best server based on ping...
Hosted by DCTV Cable Network (Cebu City) [128.48 km]: 68.771 ms
Testing download speed................................................................................
Download: 62.21 Mbit/s
Testing upload speed......................................................................................................
Upload: 54.49 Mbit/s
2025-09-15T00:40:01+08:00
Retrieving speedtest.net configuration...
Testing from FIl Products Service Television Inc (103.105.214.57)...
Retrieving speedtest.net server list...
Selecting best server based on ping...
Hosted by BitsFiber (Cebu City) [126.16 km]: 59.779 ms
Testing download speed................................................................................
Download: 79.21 Mbit/s
Testing upload speed......................................................................................................
Upload: 67.16 Mbit/s
2025-09-15T00:45:01+08:00
Retrieving speedtest.net configuration...
Testing from FIl Products Service Television Inc (103.105.214.62)...
Retrieving speedtest.net server list...
Selecting best server based on ping...
Hosted by DCTV Cable Network (Cebu City) [128.48 km]: 63.812 ms
Testing download speed................................................................................
Download: 76.77 Mbit/s
Testing upload speed......................................................................................................
Upload: 67.88 Mbit/s
2025-09-15T00:50:01+08:00
Retrieving speedtest.net configuration...
Testing from FIl Products Service Television Inc (103.105.214.57)...
Retrieving speedtest.net server list...
Selecting best server based on ping...
Hosted by DCTV Cable Network (Cebu City) [128.48 km]: 64.587 ms
Testing download speed................................................................................
Download: 69.32 Mbit/s
Testing upload speed......................................................................................................
Upload: 56.88 Mbit/s
2025-09-15T00:55:01+08:00
Retrieving speedtest.net configuration...
Testing from FIl Products Service Television Inc (103.105.214.62)...
Retrieving speedtest.net server list...
Selecting best server based on ping...
Hosted by DCTV Cable Network (Cebu City) [128.48 km]: 61.488 ms
Testing download speed................................................................................
Download: 71.34 Mbit/s
Testing upload speed......................................................................................................
Upload: 48.57 Mbit/s
2025-09-15T01:00:01+08:00
Retrieving speedtest.net configuration...
Testing from FIl Products Service Television Inc (103.105.214.62)...
Retrieving speedtest.net server list...
Selecting best server based on ping...
