2025-06-19T00:00:01+08:00
Retrieving speedtest.net configuration...
Testing from FIl Products Service Television Inc (103.105.214.52)...
Retrieving speedtest.net server list...
Selecting best server based on ping...
2025-06-19T00:05:01+08:00
Retrieving speedtest.net configuration...
2025-06-19T00:10:01+08:00
Retrieving speedtest.net configuration...
Testing from FIl Products Service Television Inc (103.105.214.53)...
Retrieving speedtest.net server list...
Selecting best server based on ping...
Hosted by Switch Fiber (Makati City) [634.17 km]: 20.37 ms
Testing download speed................................................................................
Download: 167.11 Mbit/s
Testing upload speed......................................................................................................
Upload: 404.98 Mbit/s
2025-06-19T00:15:01+08:00
Retrieving speedtest.net configuration...
Testing from FIl Products Service Television Inc (103.105.214.52)...
Retrieving speedtest.net server list...
Selecting best server based on ping...
Hosted by Switch Fiber (Makati City) [634.17 km]: 17.906 ms
Testing download speed................................................................................
Download: 132.52 Mbit/s
Testing upload speed......................................................................................................
Upload: 264.65 Mbit/s
2025-06-19T00:20:01+08:00
Retrieving speedtest.net configuration...
Testing from FIl Products Service Television Inc (103.105.214.53)...
Retrieving speedtest.net server list...
Selecting best server based on ping...
Hosted by Switch Fiber (Makati City) [634.17 km]: 22.079 ms
Testing download speed................................................................................
Download: 152.03 Mbit/s
Testing upload speed......................................................................................................
Upload: 382.04 Mbit/s
2025-06-19T00:25:01+08:00
Retrieving speedtest.net configuration...
Testing from FIl Products Service Television Inc (103.105.214.52)...
Retrieving speedtest.net server list...
Selecting best server based on ping...
Hosted by Switch Fiber (Makati City) [634.17 km]: 22.09 ms
Testing download speed................................................................................
Download: 137.61 Mbit/s
Testing upload speed......................................................................................................
Upload: 353.83 Mbit/s
2025-06-19T00:30:01+08:00
Retrieving speedtest.net configuration...
Testing from FIl Products Service Television Inc (103.105.214.53)...
Retrieving speedtest.net server list...
Selecting best server based on ping...
2025-06-19T00:35:01+08:00
Retrieving speedtest.net configuration...
Testing from FIl Products Service Television Inc (103.105.214.53)...
Retrieving speedtest.net server list...
Selecting best server based on ping...
Hosted by Switch Fiber (Makati City) [634.17 km]: 19.255 ms
Testing download speed................................................................................
Download: 120.72 Mbit/s
Testing upload speed......................................................................................................
Upload: 360.76 Mbit/s
2025-06-19T00:40:01+08:00
Retrieving speedtest.net configuration...
Testing from FIl Products Service Television Inc (103.105.214.53)...
Retrieving speedtest.net server list...
Selecting best server based on ping...
Hosted by Switch Fiber (Makati City) [634.17 km]: 19.293 ms
Testing download speed................................................................................
Download: 146.69 Mbit/s
Testing upload speed......................................................................................................
Upload: 313.89 Mbit/s
2025-06-19T00:45:01+08:00
Retrieving speedtest.net configuration...
Testing from FIl Products Service Television Inc (103.105.214.52)...
Retrieving speedtest.net server list...
Selecting best server based on ping...
Hosted by Switch Fiber (Makati City) [634.17 km]: 19.008 ms
Testing download speed................................................................................
Download: 161.12 Mbit/s
Testing upload speed......................................................................................................
Upload: 310.41 Mbit/s
2025-06-19T00:50:01+08:00
Retrieving speedtest.net configuration...
Testing from FIl Products Service Television Inc (103.105.214.53)...
Retrieving speedtest.net server list...
Selecting best server based on ping...
Hosted by Switch Fiber (Makati City) [634.17 km]: 18.826 ms
Testing download speed................................................................................
Download: 159.37 Mbit/s
Testing upload speed......................................................................................................
Upload: 253.88 Mbit/s
2025-06-19T00:55:01+08:00
Retrieving speedtest.net configuration...
Testing from FIl Products Service Television Inc (103.105.214.53)...
Retrieving speedtest.net server list...
Selecting best server based on ping...
Hosted by Switch Fiber (Makati City) [634.17 km]: 18.673 ms
Testing download speed................................................................................
Download: 150.57 Mbit/s
Testing upload speed......................................................................................................
Upload: 349.73 Mbit/s
2025-06-19T01:00:01+08:00
Retrieving speedtest.net configuration...
Testing from FIl Products Service Television Inc (103.105.214.52)...
Retrieving speedtest.net server list...
Selecting best server based on ping...
2025-06-19T01:05:01+08:00
Retrieving speedtest.net configuration...
2025-06-19T01:10:01+08:00
Retrieving speedtest.net configuration...
Testing from FIl Products Service Television Inc (103.105.214.52)...
Retrieving speedtest.net server list...
Selecting best server based on ping...
Hosted by Switch Fiber (Makati City) [634.17 km]: 19.887 ms
Testing download speed................................................................................
Download: 123.58 Mbit/s
Testing upload speed......................................................................................................
Upload: 311.06 Mbit/s
2025-06-19T01:15:01+08:00
Retrieving speedtest.net configuration...
Testing from FIl Products Service Television Inc (103.105.214.53)...
Retrieving speedtest.net server list...
Selecting best server based on ping...
Hosted by Switch Fiber (Makati City) [634.17 km]: 19.779 ms
Testing download speed................................................................................
Download: 86.47 Mbit/s
Testing upload speed......................................................................................................
Upload: 346.32 Mbit/s
2025-06-19T01:20:01+08:00
Retrieving speedtest.net configuration...
Testing from FIl Products Service Television Inc (103.105.214.52)...
Retrieving speedtest.net server list...
Selecting best server based on ping...
Hosted by Switch Fiber (Makati City) [634.17 km]: 22.002 ms
Testing download speed................................................................................
Download: 164.60 Mbit/s
Testing upload speed......................................................................................................
Upload: 315.52 Mbit/s
2025-06-19T01:25:01+08:00
Retrieving speedtest.net configuration...
Testing from FIl Products Service Television Inc (103.105.214.53)...
Retrieving speedtest.net server list...
Selecting best server based on ping...
Hosted by Switch Fiber (Makati City) [634.17 km]: 19.35 ms
Testing download speed................................................................................
Download: 156.10 Mbit/s
Testing upload speed......................................................................................................
Upload: 224.02 Mbit/s
2025-06-19T01:30:01+08:00
Retrieving speedtest.net configuration...
Testing from FIl Products Service Television Inc (103.105.214.53)...
Retrieving speedtest.net server list...
Selecting best server based on ping...
2025-06-19T01:35:01+08:00
Retrieving speedtest.net configuration...
Testing from FIl Products Service Television Inc (103.105.214.52)...
Retrieving speedtest.net server list...
Selecting best server based on ping...
Hosted by Switch Fiber (Makati City) [634.17 km]: 20.547 ms
Testing download speed................................................................................
Download: 173.74 Mbit/s
Testing upload speed......................................................................................................
Upload: 387.29 Mbit/s
2025-06-19T01:40:01+08:00
Retrieving speedtest.net configuration...
Testing from FIl Products Service Television Inc (103.105.214.53)...
Retrieving speedtest.net server list...
Selecting best server based on ping...
Hosted by Switch Fiber (Makati City) [634.17 km]: 27.094 ms
Testing download speed................................................................................
Download: 135.59 Mbit/s
Testing upload speed......................................................................................................
Upload: 304.25 Mbit/s
2025-06-19T01:45:01+08:00
Retrieving speedtest.net configuration...
Testing from FIl Products Service Television Inc (103.105.214.52)...
Retrieving speedtest.net server list...
Selecting best server based on ping...
Hosted by Switch Fiber (Makati City) [634.17 km]: 24.497 ms
Testing download speed................................................................................
Download: 99.46 Mbit/s
Testing upload speed......................................................................................................
Upload: 381.32 Mbit/s
2025-06-19T01:50:01+08:00
Retrieving speedtest.net configuration...
Testing from FIl Products Service Television Inc (103.105.214.53)...
Retrieving speedtest.net server list...
Selecting best server based on ping...
Hosted by Switch Fiber (Makati City) [634.17 km]: 22.466 ms
Testing download speed................................................................................
Download: 168.79 Mbit/s
Testing upload speed......................................................................................................
Upload: 368.80 Mbit/s
2025-06-19T01:55:01+08:00
Retrieving speedtest.net configuration...
Testing from FIl Products Service Television Inc (103.105.214.53)...
Retrieving speedtest.net server list...
Selecting best server based on ping...
Hosted by Globe Telecom (Manila) [637.79 km]: 22.236 ms
Testing download speed................................................................................
Download: 175.37 Mbit/s
Testing upload speed......................................................................................................
Upload: 212.11 Mbit/s
2025-06-19T02:00:01+08:00
Retrieving speedtest.net configuration...
