2025-06-15T00:00:01+08:00
Retrieving speedtest.net configuration...
Testing from FIl Products Service Television Inc (103.105.214.53)...
Retrieving speedtest.net server list...
Selecting best server based on ping...
2025-06-15T00:05:01+08:00
Retrieving speedtest.net configuration...
2025-06-15T00:10:01+08:00
Retrieving speedtest.net configuration...
Testing from FIl Products Service Television Inc (103.105.214.50)...
Retrieving speedtest.net server list...
Selecting best server based on ping...
Hosted by Parasat Cable TV, Inc. (Cagayan de Oro) [173.34 km]: 24.161 ms
Testing download speed................................................................................
Download: 162.43 Mbit/s
Testing upload speed......................................................................................................
Upload: 194.34 Mbit/s
2025-06-15T00:15:01+08:00
Retrieving speedtest.net configuration...
Testing from FIl Products Service Television Inc (103.105.214.53)...
Retrieving speedtest.net server list...
Selecting best server based on ping...
Hosted by Parasat Cable TV, Inc. (Cagayan de Oro) [173.34 km]: 23.17 ms
Testing download speed................................................................................
Download: 160.53 Mbit/s
Testing upload speed......................................................................................................
Upload: 306.64 Mbit/s
2025-06-15T00:20:01+08:00
Retrieving speedtest.net configuration...
Testing from FIl Products Service Television Inc (103.105.214.50)...
Retrieving speedtest.net server list...
Selecting best server based on ping...
Hosted by Parasat Cable TV, Inc. (Cagayan de Oro) [173.34 km]: 24.717 ms
Testing download speed................................................................................
Download: 156.42 Mbit/s
Testing upload speed......................................................................................................
Upload: 298.69 Mbit/s
2025-06-15T00:25:01+08:00
Retrieving speedtest.net configuration...
Testing from FIl Products Service Television Inc (103.105.214.53)...
Retrieving speedtest.net server list...
Selecting best server based on ping...
Hosted by Parasat Cable TV, Inc. (Cagayan de Oro) [173.34 km]: 23.033 ms
Testing download speed................................................................................
Download: 163.64 Mbit/s
Testing upload speed......................................................................................................
Upload: 306.27 Mbit/s
2025-06-15T00:30:01+08:00
Retrieving speedtest.net configuration...
Testing from FIl Products Service Television Inc (103.105.214.50)...
Retrieving speedtest.net server list...
Selecting best server based on ping...
2025-06-15T00:35:01+08:00
Retrieving speedtest.net configuration...
Testing from FIl Products Service Television Inc (103.105.214.53)...
Retrieving speedtest.net server list...
Selecting best server based on ping...
Hosted by Parasat Cable TV, Inc. (Cagayan de Oro) [173.34 km]: 24.748 ms
Testing download speed................................................................................
Download: 166.73 Mbit/s
Testing upload speed......................................................................................................
Upload: 178.77 Mbit/s
2025-06-15T00:40:01+08:00
Retrieving speedtest.net configuration...
Testing from FIl Products Service Television Inc (103.105.214.53)...
Retrieving speedtest.net server list...
Selecting best server based on ping...
Hosted by Parasat Cable TV, Inc. (Cagayan de Oro) [173.34 km]: 23.132 ms
Testing download speed................................................................................
Download: 164.12 Mbit/s
Testing upload speed......................................................................................................
Upload: 189.13 Mbit/s
2025-06-15T00:45:01+08:00
Retrieving speedtest.net configuration...
Testing from FIl Products Service Television Inc (103.105.214.50)...
Retrieving speedtest.net server list...
Selecting best server based on ping...
Hosted by Parasat Cable TV, Inc. (Cagayan de Oro) [173.34 km]: 24.635 ms
Testing download speed................................................................................
Download: 159.16 Mbit/s
Testing upload speed......................................................................................................
Upload: 228.15 Mbit/s
2025-06-15T00:50:01+08:00
Retrieving speedtest.net configuration...
Testing from FIl Products Service Television Inc (103.105.214.50)...
Retrieving speedtest.net server list...
Selecting best server based on ping...
Hosted by Parasat Cable TV, Inc. (Cagayan de Oro) [173.34 km]: 23.192 ms
Testing download speed................................................................................
Download: 166.86 Mbit/s
Testing upload speed......................................................................................................
Upload: 133.19 Mbit/s
2025-06-15T00:55:01+08:00
Retrieving speedtest.net configuration...
Testing from FIl Products Service Television Inc (103.105.214.53)...
Retrieving speedtest.net server list...
Selecting best server based on ping...
Hosted by Parasat Cable TV, Inc. (Cagayan de Oro) [173.34 km]: 27.614 ms
Testing download speed................................................................................
Download: 177.39 Mbit/s
Testing upload speed......................................................................................................
Upload: 226.93 Mbit/s
2025-06-15T01:00:01+08:00
Retrieving speedtest.net configuration...
Testing from FIl Products Service Television Inc (103.105.214.50)...
Retrieving speedtest.net server list...
Selecting best server based on ping...
