2025-05-08T09:40:01-07:00
Retrieving speedtest.net configuration...
2025-05-08T09:45:01-07:00
Retrieving speedtest.net configuration...
2025-05-08T09:50:01-07:00
Retrieving speedtest.net configuration...
2025-05-08T09:55:01-07:00
Retrieving speedtest.net configuration...
2025-05-08T10:00:01-07:00
Retrieving speedtest.net configuration...
2025-05-08T10:05:01-07:00
Retrieving speedtest.net configuration...
2025-05-08T10:10:01-07:00
Retrieving speedtest.net configuration...
2025-05-08T10:15:01-07:00
Retrieving speedtest.net configuration...
2025-05-08T10:20:01-07:00
Retrieving speedtest.net configuration...
Testing from Bell Canada (142.188.145.144)...
Retrieving speedtest.net server list...
Selecting best server based on ping...
Hosted by Bell Canada (Kanata, ON) [10.76 km]: 5.002 ms
Testing download speed................................................................................
Download: 432.02 Mbit/s
Testing upload speed......................................................................................................
Upload: 335.20 Mbit/s
2025-05-08T10:25:01-07:00
Retrieving speedtest.net configuration...
Testing from Bell Canada (142.188.145.144)...
Retrieving speedtest.net server list...
Selecting best server based on ping...
Hosted by Bell Canada (Kanata, ON) [10.76 km]: 5.031 ms
Testing download speed................................................................................
Download: 434.01 Mbit/s
Testing upload speed......................................................................................................
Upload: 357.98 Mbit/s
2025-05-08T10:30:01-07:00
Retrieving speedtest.net configuration...
Testing from Bell Canada (142.188.145.144)...
Retrieving speedtest.net server list...
Selecting best server based on ping...
Hosted by Bell Canada (Kanata, ON) [10.76 km]: 4.818 ms
Testing download speed................................................................................
Download: 438.31 Mbit/s
Testing upload speed......................................................................................................
Upload: 366.80 Mbit/s
2025-05-08T10:35:01-07:00
Retrieving speedtest.net configuration...
Testing from Bell Canada (142.188.145.144)...
Retrieving speedtest.net server list...
Selecting best server based on ping...
Hosted by Bell Canada (Kanata, ON) [10.76 km]: 4.724 ms
Testing download speed................................................................................
Download: 437.26 Mbit/s
Testing upload speed......................................................................................................
Upload: 361.12 Mbit/s
2025-05-08T10:40:01-07:00
Retrieving speedtest.net configuration...
Testing from Bell Canada (142.188.145.144)...
Retrieving speedtest.net server list...
Selecting best server based on ping...
Hosted by Bell Canada (Kanata, ON) [10.76 km]: 4.491 ms
Testing download speed................................................................................
Download: 427.65 Mbit/s
Testing upload speed......................................................................................................
Upload: 305.66 Mbit/s
2025-05-08T10:45:01-07:00
Retrieving speedtest.net configuration...
Testing from Bell Canada (142.188.145.144)...
Retrieving speedtest.net server list...
Selecting best server based on ping...
Hosted by Bell Canada (Kanata, ON) [10.76 km]: 4.418 ms
Testing download speed................................................................................
Download: 441.28 Mbit/s
Testing upload speed......................................................................................................
Upload: 314.27 Mbit/s
2025-05-08T10:50:01-07:00
Retrieving speedtest.net configuration...
Testing from Bell Canada (142.188.145.144)...
Retrieving speedtest.net server list...
Selecting best server based on ping...
Hosted by Bell Canada (Kanata, ON) [10.76 km]: 4.862 ms
Testing download speed................................................................................
Download: 441.23 Mbit/s
Testing upload speed......................................................................................................
Upload: 264.58 Mbit/s
2025-05-08T10:55:01-07:00
Retrieving speedtest.net configuration...
Testing from Bell Canada (142.188.145.144)...
Retrieving speedtest.net server list...
Selecting best server based on ping...
Hosted by Bell Canada (Kanata, ON) [10.76 km]: 5.249 ms
Testing download speed................................................................................
Download: 441.99 Mbit/s
Testing upload speed......................................................................................................
Upload: 301.05 Mbit/s
2025-05-08T11:00:01-07:00
Retrieving speedtest.net configuration...
Testing from Bell Canada (142.188.145.144)...
Retrieving speedtest.net server list...
Selecting best server based on ping...
Hosted by Bell Canada (Kanata, ON) [10.76 km]: 4.99 ms
Testing download speed................................................................................
Download: 407.61 Mbit/s
Testing upload speed......................................................................................................
Upload: 319.77 Mbit/s
2025-05-08T11:05:01-07:00
Retrieving speedtest.net configuration...
2025-05-08T11:10:02-07:00
Retrieving speedtest.net configuration...
Testing from Bell Canada (142.188.145.144)...
Retrieving speedtest.net server list...
Selecting best server based on ping...
Hosted by Bell Canada (Kanata, ON) [10.76 km]: 4.545 ms
Testing download speed................................................................................
Download: 425.77 Mbit/s
Testing upload speed......................................................................................................
Upload: 313.71 Mbit/s
2025-05-08T11:15:01-07:00
Retrieving speedtest.net configuration...
Testing from Bell Canada (142.188.145.144)...
Retrieving speedtest.net server list...
Selecting best server based on ping...
Hosted by Bell Canada (Kanata, ON) [10.76 km]: 4.443 ms
Testing download speed................................................................................
Download: 426.98 Mbit/s
Testing upload speed......................................................................................................
Upload: 328.86 Mbit/s
2025-05-08T11:20:01-07:00
Retrieving speedtest.net configuration...
Testing from Bell Canada (142.188.145.144)...
Retrieving speedtest.net server list...
Selecting best server based on ping...
Hosted by Bell Canada (Kanata, ON) [10.76 km]: 4.292 ms
Testing download speed................................................................................
Download: 444.47 Mbit/s
Testing upload speed......................................................................................................
Upload: 340.72 Mbit/s
2025-05-08T11:25:01-07:00
Retrieving speedtest.net configuration...
Testing from Bell Canada (142.188.145.144)...
Retrieving speedtest.net server list...
Selecting best server based on ping...
Hosted by Bell Canada (Kanata, ON) [10.76 km]: 4.756 ms
Testing download speed................................................................................
Download: 447.67 Mbit/s
Testing upload speed......................................................................................................
Upload: 328.70 Mbit/s
2025-05-08T11:30:01-07:00
Retrieving speedtest.net configuration...
Testing from Bell Canada (142.188.145.144)...
Retrieving speedtest.net server list...
Selecting best server based on ping...
Hosted by Bell Canada (Kanata, ON) [10.76 km]: 5.257 ms
Testing download speed................................................................................
Download: 443.52 Mbit/s
Testing upload speed......................................................................................................
Upload: 339.56 Mbit/s
2025-05-08T11:35:01-07:00
Retrieving speedtest.net configuration...
Testing from Bell Canada (142.188.145.144)...
Retrieving speedtest.net server list...
Selecting best server based on ping...
Hosted by Bell Canada (Kanata, ON) [10.76 km]: 5.511 ms
Testing download speed................................................................................
Download: 427.95 Mbit/s
Testing upload speed......................................................................................................
Upload: 325.98 Mbit/s
2025-05-08T11:40:02-07:00
Retrieving speedtest.net configuration...
Testing from Bell Canada (142.188.145.144)...
Retrieving speedtest.net server list...
Selecting best server based on ping...
Hosted by Bell Canada (Kanata, ON) [10.76 km]: 4.424 ms
Testing download speed................................................................................
Download: 444.21 Mbit/s
Testing upload speed......................................................................................................
Upload: 333.85 Mbit/s
2025-05-08T11:45:01-07:00
Retrieving speedtest.net configuration...
Testing from Bell Canada (142.188.145.144)...
Retrieving speedtest.net server list...
Selecting best server based on ping...
Hosted by Bell Canada (Kanata, ON) [10.76 km]: 5.023 ms
Testing download speed................................................................................
Download: 434.74 Mbit/s
Testing upload speed......................................................................................................
Upload: 328.59 Mbit/s
2025-05-08T11:50:01-07:00
Retrieving speedtest.net configuration...
Testing from Bell Canada (142.188.145.144)...
Retrieving speedtest.net server list...
Selecting best server based on ping...
Hosted by Bell Canada (Kanata, ON) [10.76 km]: 4.106 ms
Testing download speed................................................................................
Download: 434.26 Mbit/s
Testing upload speed......................................................................................................
Upload: 319.20 Mbit/s
2025-05-08T11:55:01-07:00
Retrieving speedtest.net configuration...
Testing from Bell Canada (142.188.145.144)...
Retrieving speedtest.net server list...
Selecting best server based on ping...
Hosted by Bell Canada (Kanata, ON) [10.76 km]: 5.069 ms
Testing download speed................................................................................
Download: 440.02 Mbit/s
Testing upload speed......................................................................................................
Upload: 319.87 Mbit/s
2025-05-08T12:00:01-07:00
Retrieving speedtest.net configuration...
Testing from Bell Canada (142.188.145.144)...
Retrieving speedtest.net server list...
Selecting best server based on ping...
