2025-07-17T00:00:01+08:00
Retrieving speedtest.net configuration...
Testing from FIl Products Service Television Inc (103.105.214.53)...
Retrieving speedtest.net server list...
Selecting best server based on ping...
2025-07-17T00:05:01+08:00
Retrieving speedtest.net configuration...
2025-07-17T00:10:01+08:00
Retrieving speedtest.net configuration...
Testing from FIl Products Service Television Inc (103.105.214.53)...
Retrieving speedtest.net server list...
Selecting best server based on ping...
Hosted by PLDT (Makati) [634.17 km]: 19.062 ms
Testing download speed................................................................................
Download: 150.20 Mbit/s
Testing upload speed......................................................................................................
Upload: 294.46 Mbit/s
2025-07-17T00:15:02+08:00
Retrieving speedtest.net configuration...
Testing from FIl Products Service Television Inc (103.105.214.48)...
Retrieving speedtest.net server list...
Selecting best server based on ping...
Hosted by PLDT (Makati) [634.17 km]: 19.001 ms
Testing download speed................................................................................
Download: 168.77 Mbit/s
Testing upload speed......................................................................................................
Upload: 272.80 Mbit/s
2025-07-17T00:20:01+08:00
Retrieving speedtest.net configuration...
Testing from FIl Products Service Television Inc (103.105.214.53)...
Retrieving speedtest.net server list...
Selecting best server based on ping...
Hosted by PLDT (Makati) [634.17 km]: 20.66 ms
Testing download speed................................................................................
Download: 176.54 Mbit/s
Testing upload speed......................................................................................................
Upload: 289.10 Mbit/s
2025-07-17T00:25:01+08:00
Retrieving speedtest.net configuration...
Testing from FIl Products Service Television Inc (103.105.214.53)...
Retrieving speedtest.net server list...
Selecting best server based on ping...
Hosted by PLDT (Makati) [634.17 km]: 20.193 ms
Testing download speed................................................................................
Download: 164.49 Mbit/s
Testing upload speed......................................................................................................
Upload: 306.99 Mbit/s
2025-07-17T00:30:01+08:00
Retrieving speedtest.net configuration...
Testing from FIl Products Service Television Inc (103.105.214.48)...
Retrieving speedtest.net server list...
Selecting best server based on ping...
2025-07-17T00:35:01+08:00
Retrieving speedtest.net configuration...
Testing from FIl Products Service Television Inc (103.105.214.53)...
Retrieving speedtest.net server list...
Selecting best server based on ping...
Hosted by PLDT (Makati) [634.17 km]: 18.019 ms
Testing download speed................................................................................
Download: 168.46 Mbit/s
Testing upload speed......................................................................................................
Upload: 247.01 Mbit/s
2025-07-17T00:40:01+08:00
Retrieving speedtest.net configuration...
Testing from FIl Products Service Television Inc (103.105.214.53)...
Retrieving speedtest.net server list...
Selecting best server based on ping...
Hosted by PLDT (Makati) [634.17 km]: 17.585 ms
Testing download speed................................................................................
Download: 168.40 Mbit/s
Testing upload speed......................................................................................................
Upload: 319.87 Mbit/s
2025-07-17T00:45:01+08:00
Retrieving speedtest.net configuration...
Testing from FIl Products Service Television Inc (103.105.214.53)...
Retrieving speedtest.net server list...
Selecting best server based on ping...
Hosted by PLDT (Makati) [634.17 km]: 19.941 ms
Testing download speed................................................................................
Download: 166.49 Mbit/s
Testing upload speed......................................................................................................
Upload: 292.33 Mbit/s
2025-07-17T00:50:01+08:00
Retrieving speedtest.net configuration...
Testing from FIl Products Service Television Inc (103.105.214.53)...
Retrieving speedtest.net server list...
Selecting best server based on ping...
Hosted by PLDT (Makati) [634.17 km]: 19.391 ms
Testing download speed................................................................................
Download: 173.87 Mbit/s
Testing upload speed......................................................................................................
Upload: 263.02 Mbit/s
2025-07-17T00:55:01+08:00
Retrieving speedtest.net configuration...
Testing from FIl Products Service Television Inc (103.105.214.53)...
Retrieving speedtest.net server list...
Selecting best server based on ping...
Hosted by PLDT (Makati) [634.17 km]: 20.691 ms
Testing download speed................................................................................
Download: 173.89 Mbit/s
Testing upload speed......................................................................................................
Upload: 310.58 Mbit/s
2025-07-17T01:00:01+08:00
Retrieving speedtest.net configuration...
Testing from FIl Products Service Television Inc (103.105.214.53)...
Retrieving speedtest.net server list...
Selecting best server based on ping...
2025-07-17T01:05:01+08:00
Retrieving speedtest.net configuration...
Testing from FIl Products Service Television Inc (103.105.214.53)...
Retrieving speedtest.net server list...
Selecting best server based on ping...
Hosted by PLDT (Makati) [634.17 km]: 19.655 ms
Testing download speed................................................................................
Download: 176.51 Mbit/s
Testing upload speed......................................................................................................
Upload: 145.04 Mbit/s
2025-07-17T01:10:01+08:00
Retrieving speedtest.net configuration...
Testing from FIl Products Service Television Inc (103.105.214.48)...
Retrieving speedtest.net server list...
Selecting best server based on ping...
Hosted by PLDT (Makati) [634.17 km]: 18.398 ms
Testing download speed................................................................................
Download: 172.21 Mbit/s
Testing upload speed......................................................................................................
Upload: 255.11 Mbit/s
2025-07-17T01:15:01+08:00
Retrieving speedtest.net configuration...
Testing from FIl Products Service Television Inc (103.105.214.48)...
Retrieving speedtest.net server list...
Selecting best server based on ping...
Hosted by PLDT (Makati) [634.17 km]: 17.542 ms
Testing download speed................................................................................
Download: 144.32 Mbit/s
Testing upload speed......................................................................................................
Upload: 267.18 Mbit/s
2025-07-17T01:20:01+08:00
Retrieving speedtest.net configuration...
Testing from FIl Products Service Television Inc (103.105.214.48)...
Retrieving speedtest.net server list...
Selecting best server based on ping...
Hosted by PLDT (Makati) [634.17 km]: 19.458 ms
Testing download speed................................................................................
Download: 172.89 Mbit/s
Testing upload speed......................................................................................................
Upload: 281.92 Mbit/s
2025-07-17T01:25:01+08:00
Retrieving speedtest.net configuration...
Testing from FIl Products Service Television Inc (103.105.214.48)...
Retrieving speedtest.net server list...
Selecting best server based on ping...
Hosted by PLDT (Makati) [634.17 km]: 20.838 ms
Testing download speed................................................................................
Download: 154.57 Mbit/s
Testing upload speed......................................................................................................
Upload: 270.51 Mbit/s
2025-07-17T01:30:01+08:00
Retrieving speedtest.net configuration...
2025-07-17T01:35:02+08:00
Retrieving speedtest.net configuration...
2025-07-17T01:40:01+08:00
Retrieving speedtest.net configuration...
2025-07-17T01:45:01+08:00
Retrieving speedtest.net configuration...
2025-07-17T01:50:01+08:00
Retrieving speedtest.net configuration...
2025-07-17T01:55:01+08:00
Retrieving speedtest.net configuration...
2025-07-17T02:00:01+08:00
Retrieving speedtest.net configuration...
