2025-07-01T00:00:01+08:00
Retrieving speedtest.net configuration...
Testing from FIl Products Service Television Inc (103.105.214.61)...
Retrieving speedtest.net server list...
Selecting best server based on ping...
2025-07-01T00:05:01+08:00
Retrieving speedtest.net configuration...
2025-07-01T00:10:01+08:00
Retrieving speedtest.net configuration...
Testing from FIl Products Service Television Inc (103.105.214.61)...
Retrieving speedtest.net server list...
Selecting best server based on ping...
Hosted by PLDT (Makati) [634.17 km]: 21.793 ms
Testing download speed................................................................................
Download: 186.58 Mbit/s
Testing upload speed......................................................................................................
Upload: 271.67 Mbit/s
2025-07-01T00:15:01+08:00
Retrieving speedtest.net configuration...
Testing from FIl Products Service Television Inc (103.105.214.61)...
Retrieving speedtest.net server list...
Selecting best server based on ping...
Hosted by PLDT (Makati) [634.17 km]: 19.244 ms
Testing download speed................................................................................
Download: 154.34 Mbit/s
Testing upload speed......................................................................................................
Upload: 296.65 Mbit/s
2025-07-01T00:20:01+08:00
Retrieving speedtest.net configuration...
Testing from FIl Products Service Television Inc (103.105.214.61)...
Retrieving speedtest.net server list...
Selecting best server based on ping...
Hosted by PLDT (Makati) [634.17 km]: 21.083 ms
Testing download speed................................................................................
Download: 173.44 Mbit/s
Testing upload speed......................................................................................................
Upload: 242.14 Mbit/s
2025-07-01T00:25:01+08:00
Retrieving speedtest.net configuration...
Testing from FIl Products Service Television Inc (103.105.214.61)...
Retrieving speedtest.net server list...
Selecting best server based on ping...
Hosted by PLDT (Makati) [634.17 km]: 21.465 ms
Testing download speed................................................................................
Download: 183.08 Mbit/s
Testing upload speed......................................................................................................
Upload: 274.58 Mbit/s
2025-07-01T00:30:01+08:00
Retrieving speedtest.net configuration...
Testing from FIl Products Service Television Inc (103.105.214.54)...
Retrieving speedtest.net server list...
Selecting best server based on ping...
2025-07-01T00:35:02+08:00
Retrieving speedtest.net configuration...
Testing from FIl Products Service Television Inc (103.105.214.54)...
Retrieving speedtest.net server list...
Selecting best server based on ping...
Hosted by PLDT (Makati) [634.17 km]: 21.675 ms
Testing download speed................................................................................
Download: 173.56 Mbit/s
Testing upload speed......................................................................................................
Upload: 273.91 Mbit/s
2025-07-01T00:40:01+08:00
Retrieving speedtest.net configuration...
Testing from FIl Products Service Television Inc (103.105.214.54)...
Retrieving speedtest.net server list...
Selecting best server based on ping...
Hosted by PLDT (Makati) [634.17 km]: 21.149 ms
Testing download speed................................................................................
Download: 162.17 Mbit/s
Testing upload speed......................................................................................................
Upload: 301.67 Mbit/s
2025-07-01T00:45:01+08:00
Retrieving speedtest.net configuration...
Testing from FIl Products Service Television Inc (103.105.214.61)...
Retrieving speedtest.net server list...
Selecting best server based on ping...
Hosted by PLDT (Makati) [634.17 km]: 22.711 ms
Testing download speed................................................................................
Download: 178.59 Mbit/s
Testing upload speed......................................................................................................
Upload: 280.61 Mbit/s
2025-07-01T00:50:01+08:00
Retrieving speedtest.net configuration...
Testing from FIl Products Service Television Inc (103.105.214.54)...
Retrieving speedtest.net server list...
Selecting best server based on ping...
Hosted by PLDT (Makati) [634.17 km]: 21.617 ms
Testing download speed................................................................................
Download: 181.36 Mbit/s
Testing upload speed......................................................................................................
Upload: 271.10 Mbit/s
2025-07-01T00:55:01+08:00
Retrieving speedtest.net configuration...
Testing from FIl Products Service Television Inc (103.105.214.61)...
Retrieving speedtest.net server list...
Selecting best server based on ping...
Hosted by PLDT (Makati) [634.17 km]: 21.405 ms
Testing download speed................................................................................
Download: 175.01 Mbit/s
Testing upload speed......................................................................................................
Upload: 279.81 Mbit/s
2025-07-01T01:00:01+08:00
Retrieving speedtest.net configuration...
Testing from FIl Products Service Television Inc (103.105.214.54)...
Retrieving speedtest.net server list...
Selecting best server based on ping...
2025-07-01T01:05:01+08:00
Retrieving speedtest.net configuration...
2025-07-01T01:10:01+08:00
Retrieving speedtest.net configuration...
Testing from FIl Products Service Television Inc (103.105.214.61)...
Retrieving speedtest.net server list...
Selecting best server based on ping...
Hosted by PLDT (Makati) [634.17 km]: 20.148 ms
Testing download speed................................................................................
Download: 174.20 Mbit/s
Testing upload speed......................................................................................................
Upload: 319.37 Mbit/s
2025-07-01T01:15:01+08:00
Retrieving speedtest.net configuration...
Testing from FIl Products Service Television Inc (103.105.214.61)...
Retrieving speedtest.net server list...
Selecting best server based on ping...
Hosted by PLDT (Makati) [634.17 km]: 18.24 ms
Testing download speed................................................................................
Download: 179.57 Mbit/s
Testing upload speed......................................................................................................
Upload: 312.95 Mbit/s
2025-07-01T01:20:01+08:00
Retrieving speedtest.net configuration...
Testing from FIl Products Service Television Inc (103.105.214.61)...
Retrieving speedtest.net server list...
Selecting best server based on ping...
Hosted by PLDT (Makati) [634.17 km]: 19.945 ms
Testing download speed................................................................................
Download: 175.89 Mbit/s
Testing upload speed......................................................................................................
Upload: 306.46 Mbit/s
2025-07-01T01:25:01+08:00
Retrieving speedtest.net configuration...
Testing from FIl Products Service Television Inc (103.105.214.54)...
Retrieving speedtest.net server list...
Selecting best server based on ping...
Hosted by PLDT (Makati) [634.17 km]: 20.933 ms
Testing download speed................................................................................
Download: 181.25 Mbit/s
Testing upload speed......................................................................................................
Upload: 197.15 Mbit/s
2025-07-01T01:30:01+08:00
Retrieving speedtest.net configuration...
Testing from FIl Products Service Television Inc (103.105.214.54)...
Retrieving speedtest.net server list...
Selecting best server based on ping...
2025-07-01T01:35:01+08:00
Retrieving speedtest.net configuration...
2025-07-01T01:40:01+08:00
Retrieving speedtest.net configuration...
Testing from FIl Products Service Television Inc (103.105.214.61)...
Retrieving speedtest.net server list...
Selecting best server based on ping...
Hosted by PLDT (Makati) [634.17 km]: 17.132 ms
Testing download speed................................................................................
Download: 181.77 Mbit/s
Testing upload speed......................................................................................................
Upload: 237.83 Mbit/s
2025-07-01T01:45:01+08:00
Retrieving speedtest.net configuration...
Testing from FIl Products Service Television Inc (103.105.214.61)...
Retrieving speedtest.net server list...
Selecting best server based on ping...
Hosted by PLDT (Makati) [634.17 km]: 20.58 ms
Testing download speed................................................................................
Download: 154.11 Mbit/s
Testing upload speed......................................................................................................
Upload: 305.48 Mbit/s
2025-07-01T01:50:01+08:00
Retrieving speedtest.net configuration...
Testing from FIl Products Service Television Inc (103.105.214.61)...
Retrieving speedtest.net server list...
Selecting best server based on ping...
Hosted by PLDT (Makati) [634.17 km]: 20.697 ms
Testing download speed................................................................................
Download: 180.34 Mbit/s
Testing upload speed......................................................................................................
Upload: 219.13 Mbit/s
2025-07-01T01:55:01+08:00
Retrieving speedtest.net configuration...
Testing from FIl Products Service Television Inc (103.105.214.54)...
Retrieving speedtest.net server list...
Selecting best server based on ping...
Hosted by PLDT (Makati) [634.17 km]: 19.931 ms
Testing download speed................................................................................
Download: 174.72 Mbit/s
Testing upload speed......................................................................................................
Upload: 308.56 Mbit/s
2025-07-01T02:00:01+08:00
Retrieving speedtest.net configuration...
Testing from FIl Products Service Television Inc (103.105.214.61)...
Retrieving speedtest.net server list...
Selecting best server based on ping...
2025-07-01T02:05:01+08:00
Retrieving speedtest.net configuration...
2025-07-01T02:10:01+08:00
Retrieving speedtest.net configuration...
Testing from FIl Products Service Television Inc (103.105.214.54)...
Retrieving speedtest.net server list...
Selecting best server based on ping...
Hosted by PLDT (Makati) [634.17 km]: 21.418 ms
Testing download speed................................................................................
Download: 179.44 Mbit/s
Testing upload speed......................................................................................................
Upload: 314.82 Mbit/s
2025-07-01T02:15:01+08:00
Retrieving speedtest.net configuration...
Testing from FIl Products Service Television Inc (103.105.214.61)...
Retrieving speedtest.net server list...
Selecting best server based on ping...
Hosted by PLDT (Makati) [634.17 km]: 18.903 ms
Testing download speed................................................................................
Download: 150.53 Mbit/s
Testing upload speed......................................................................................................
Upload: 311.38 Mbit/s
2025-07-01T02:20:01+08:00
Retrieving speedtest.net configuration...
Testing from FIl Products Service Television Inc (103.105.214.54)...
Retrieving speedtest.net server list...
Selecting best server based on ping...
Hosted by PLDT (Makati) [634.17 km]: 21.151 ms
Testing download speed................................................................................
Download: 188.84 Mbit/s
Testing upload speed......................................................................................................
Upload: 277.65 Mbit/s
2025-07-01T02:25:01+08:00
Retrieving speedtest.net configuration...
Testing from FIl Products Service Television Inc (103.105.214.61)...
Retrieving speedtest.net server list...
Selecting best server based on ping...
Hosted by PLDT (Makati) [634.17 km]: 17.589 ms
Testing download speed................................................................................
Download: 190.44 Mbit/s
Testing upload speed......................................................................................................
Upload: 296.76 Mbit/s
2025-07-01T02:30:01+08:00
Retrieving speedtest.net configuration...
Testing from FIl Products Service Television Inc (103.105.214.54)...
Retrieving speedtest.net server list...
Selecting best server based on ping...
2025-07-01T02:35:01+08:00
Retrieving speedtest.net configuration...
2025-07-01T02:40:01+08:00
Retrieving speedtest.net configuration...
Testing from FIl Products Service Television Inc (103.105.214.54)...
Retrieving speedtest.net server list...
Selecting best server based on ping...
Hosted by PLDT (Makati) [634.17 km]: 16.956 ms
Testing download speed................................................................................
Download: 154.28 Mbit/s
Testing upload speed......................................................................................................
Upload: 256.18 Mbit/s
2025-07-01T02:45:01+08:00
Retrieving speedtest.net configuration...
Testing from FIl Products Service Television Inc (103.105.214.61)...
Retrieving speedtest.net server list...
Selecting best server based on ping...
Hosted by PLDT (Makati) [634.17 km]: 19.495 ms
Testing download speed................................................................................
Download: 180.70 Mbit/s
Testing upload speed......................................................................................................
Upload: 263.94 Mbit/s
2025-07-01T02:50:01+08:00
Retrieving speedtest.net configuration...
Testing from FIl Products Service Television Inc (103.105.214.54)...
Retrieving speedtest.net server list...
Selecting best server based on ping...
Hosted by PLDT (Makati) [634.17 km]: 18.548 ms
Testing download speed................................................................................
Download: 187.90 Mbit/s
Testing upload speed......................................................................................................
Upload: 326.67 Mbit/s
2025-07-01T02:55:01+08:00
Retrieving speedtest.net configuration...
Testing from FIl Products Service Television Inc (103.105.214.61)...
Retrieving speedtest.net server list...
Selecting best server based on ping...
Hosted by PLDT (Makati) [634.17 km]: 19.879 ms
Testing download speed................................................................................
Download: 177.52 Mbit/s
Testing upload speed......................................................................................................
Upload: 306.94 Mbit/s
2025-07-01T03:00:01+08:00
Retrieving speedtest.net configuration...
Testing from FIl Products Service Television Inc (103.105.214.54)...
Retrieving speedtest.net server list...
Selecting best server based on ping...
2025-07-01T03:05:01+08:00
Retrieving speedtest.net configuration...
2025-07-01T03:10:01+08:00
Retrieving speedtest.net configuration...
Testing from FIl Products Service Television Inc (103.105.214.54)...
Retrieving speedtest.net server list...
Selecting best server based on ping...
Hosted by PLDT (Makati) [634.17 km]: 22.472 ms
Testing download speed................................................................................
Download: 178.22 Mbit/s
Testing upload speed......................................................................................................
Upload: 326.43 Mbit/s
2025-07-01T03:15:01+08:00
Retrieving speedtest.net configuration...
Testing from FIl Products Service Television Inc (103.105.214.61)...
Retrieving speedtest.net server list...
Selecting best server based on ping...
Hosted by PLDT (Makati) [634.17 km]: 20.753 ms
Testing download speed................................................................................
Download: 184.02 Mbit/s
Testing upload speed......................................................................................................
Upload: 305.46 Mbit/s
2025-07-01T03:20:01+08:00
Retrieving speedtest.net configuration...
Testing from FIl Products Service Television Inc (103.105.214.54)...
Retrieving speedtest.net server list...
Selecting best server based on ping...
Hosted by PLDT (Makati) [634.17 km]: 18.397 ms
Testing download speed................................................................................
Download: 187.34 Mbit/s
Testing upload speed......................................................................................................
Upload: 320.52 Mbit/s
2025-07-01T03:25:01+08:00
Retrieving speedtest.net configuration...
Testing from FIl Products Service Television Inc (103.105.214.54)...
Retrieving speedtest.net server list...
Selecting best server based on ping...
Hosted by PLDT (Makati) [634.17 km]: 22.26 ms
Testing download speed................................................................................
Download: 168.57 Mbit/s
Testing upload speed......................................................................................................
Upload: 273.99 Mbit/s
2025-07-01T03:30:01+08:00
Retrieving speedtest.net configuration...
Testing from FIl Products Service Television Inc (103.105.214.54)...
Retrieving speedtest.net server list...
Selecting best server based on ping...
2025-07-01T03:35:01+08:00
Retrieving speedtest.net configuration...
2025-07-01T03:40:01+08:00
Retrieving speedtest.net configuration...
Testing from FIl Products Service Television Inc (103.105.214.61)...
Retrieving speedtest.net server list...
Selecting best server based on ping...
Hosted by PLDT (Makati) [634.17 km]: 19.256 ms
Testing download speed................................................................................
Download: 166.32 Mbit/s
Testing upload speed......................................................................................................
Upload: 255.77 Mbit/s
2025-07-01T03:45:01+08:00
Retrieving speedtest.net configuration...
Testing from FIl Products Service Television Inc (103.105.214.61)...
Retrieving speedtest.net server list...
Selecting best server based on ping...
Hosted by PLDT (Makati) [634.17 km]: 18.116 ms
Testing download speed................................................................................
Download: 187.62 Mbit/s
Testing upload speed......................................................................................................
Upload: 279.41 Mbit/s
2025-07-01T03:50:01+08:00
Retrieving speedtest.net configuration...
Testing from FIl Products Service Television Inc (103.105.214.61)...
Retrieving speedtest.net server list...
Selecting best server based on ping...
Hosted by PLDT (Makati) [634.17 km]: 19.582 ms
Testing download speed................................................................................
Download: 179.66 Mbit/s
Testing upload speed......................................................................................................
Upload: 327.32 Mbit/s
2025-07-01T03:55:01+08:00
Retrieving speedtest.net configuration...
Testing from FIl Products Service Television Inc (103.105.214.61)...
Retrieving speedtest.net server list...
Selecting best server based on ping...
Hosted by PT&T (Makati City) [634.17 km]: 28.876 ms
Testing download speed................................................................................
Download: 167.53 Mbit/s
Testing upload speed......................................................................................................
Upload: 319.84 Mbit/s
2025-07-01T04:00:01+08:00
Retrieving speedtest.net configuration...
Testing from FIl Products Service Television Inc (103.105.214.54)...
Retrieving speedtest.net server list...
Selecting best server based on ping...
