2025-04-11T10:35:00+08:00
Retrieving speedtest.net configuration...
2025-04-11T10:50:01+08:00
Retrieving speedtest.net configuration...
Testing from FIl Products Service Television Inc (103.105.214.61)...
Retrieving speedtest.net server list...
Selecting best server based on ping...
Hosted by Fil Products Negros (Dumaguete City) [0.00 km]: 14.497 ms
Testing download speed................................................................................
Download: 108.68 Mbit/s
Testing upload speed......................................................................................................
Upload: 142.39 Mbit/s
2025-04-11T10:55:01+08:00
Retrieving speedtest.net configuration...
Testing from FIl Products Service Television Inc (103.105.214.52)...
Retrieving speedtest.net server list...
Selecting best server based on ping...
Hosted by Fil Products Negros (Dumaguete City) [0.00 km]: 15.388 ms
Testing download speed................................................................................
Download: 135.20 Mbit/s
Testing upload speed......................................................................................................
Upload: 145.89 Mbit/s
2025-04-11T11:00:01+08:00
Retrieving speedtest.net configuration...
Testing from FIl Products Service Television Inc (103.105.214.52)...
Retrieving speedtest.net server list...
Selecting best server based on ping...
