2025-09-04T00:00:01+08:00
Retrieving speedtest.net configuration...
Testing from FIl Products Service Television Inc (103.105.214.60)...
Retrieving speedtest.net server list...
Selecting best server based on ping...
2025-09-04T00:05:01+08:00
Retrieving speedtest.net configuration...
2025-09-04T00:10:01+08:00
Retrieving speedtest.net configuration...
Testing from FIl Products Service Television Inc (103.105.214.48)...
Retrieving speedtest.net server list...
Selecting best server based on ping...
Hosted by Keith.net (Antipolo City) [637.26 km]: 32.982 ms
Testing download speed................................................................................
Download: 76.98 Mbit/s
Testing upload speed......................................................................................................
Upload: 84.30 Mbit/s
2025-09-04T00:15:01+08:00
Retrieving speedtest.net configuration...
Testing from FIl Products Service Television Inc (103.105.214.48)...
Retrieving speedtest.net server list...
Selecting best server based on ping...
Hosted by Keith.net (Antipolo City) [637.26 km]: 21.934 ms
Testing download speed................................................................................
Download: 86.87 Mbit/s
Testing upload speed......................................................................................................
Upload: 82.70 Mbit/s
2025-09-04T00:20:01+08:00
Retrieving speedtest.net configuration...
Testing from FIl Products Service Television Inc (103.105.214.48)...
Retrieving speedtest.net server list...
Selecting best server based on ping...
Hosted by Radius Telecoms, Inc. (Pasig City) [633.83 km]: 35.49 ms
Testing download speed................................................................................
Download: 88.30 Mbit/s
Testing upload speed......................................................................................................
Upload: 0.60 Mbit/s
2025-09-04T00:25:01+08:00
Retrieving speedtest.net configuration...
Testing from FIl Products Service Television Inc (103.105.214.60)...
Retrieving speedtest.net server list...
Selecting best server based on ping...
Hosted by Keith.net (Antipolo City) [637.26 km]: 26.219 ms
Testing download speed................................................................................
Download: 85.03 Mbit/s
Testing upload speed......................................................................................................
Upload: 85.72 Mbit/s
2025-09-04T00:30:01+08:00
Retrieving speedtest.net configuration...
Testing from FIl Products Service Television Inc (103.105.214.48)...
Retrieving speedtest.net server list...
Selecting best server based on ping...
2025-09-04T00:35:01+08:00
Retrieving speedtest.net configuration...
Testing from FIl Products Service Television Inc (103.105.214.48)...
Retrieving speedtest.net server list...
Selecting best server based on ping...
Hosted by Keith.net (Antipolo City) [637.26 km]: 23.34 ms
Testing download speed................................................................................
Download: 53.97 Mbit/s
Testing upload speed......................................................................................................
Upload: 87.28 Mbit/s
2025-09-04T00:40:01+08:00
Retrieving speedtest.net configuration...
Testing from FIl Products Service Television Inc (103.105.214.60)...
Retrieving speedtest.net server list...
Selecting best server based on ping...
Hosted by Keith.net (Antipolo City) [637.26 km]: 23.904 ms
Testing download speed................................................................................
Download: 59.95 Mbit/s
Testing upload speed......................................................................................................
Upload: 85.54 Mbit/s
2025-09-04T00:45:01+08:00
Retrieving speedtest.net configuration...
Testing from FIl Products Service Television Inc (103.105.214.48)...
Retrieving speedtest.net server list...
Selecting best server based on ping...
Hosted by Keith.net (Antipolo City) [637.26 km]: 29.325 ms
Testing download speed................................................................................
Download: 84.31 Mbit/s
Testing upload speed......................................................................................................
Upload: 89.22 Mbit/s
2025-09-04T00:50:01+08:00
Retrieving speedtest.net configuration...
Testing from FIl Products Service Television Inc (103.105.214.48)...
Retrieving speedtest.net server list...
Selecting best server based on ping...
Hosted by Keith.net (Antipolo City) [637.26 km]: 22.527 ms
Testing download speed................................................................................
Download: 85.57 Mbit/s
Testing upload speed......................................................................................................
Upload: 83.82 Mbit/s
2025-09-04T00:55:01+08:00
Retrieving speedtest.net configuration...
Testing from FIl Products Service Television Inc (103.105.214.60)...
Retrieving speedtest.net server list...
Selecting best server based on ping...
Hosted by Keith.net (Antipolo City) [637.26 km]: 23.831 ms
Testing download speed................................................................................
Download: 82.88 Mbit/s
Testing upload speed......................................................................................................
Upload: 85.21 Mbit/s
2025-09-04T01:00:01+08:00
Retrieving speedtest.net configuration...
Testing from FIl Products Service Television Inc (103.105.214.48)...
Retrieving speedtest.net server list...
Selecting best server based on ping...
2025-09-04T01:05:01+08:00
Retrieving speedtest.net configuration...
2025-09-04T01:10:01+08:00
Retrieving speedtest.net configuration...
Testing from FIl Products Service Television Inc (103.105.214.60)...
Retrieving speedtest.net server list...
Selecting best server based on ping...
Hosted by Keith.net (Antipolo City) [637.26 km]: 30.699 ms
Testing download speed................................................................................
Download: 30.22 Mbit/s
Testing upload speed......................................................................................................
Upload: 86.34 Mbit/s
2025-09-04T01:15:01+08:00
Retrieving speedtest.net configuration...
Testing from FIl Products Service Television Inc (103.105.214.48)...
Retrieving speedtest.net server list...
Selecting best server based on ping...
Hosted by Keith.net (Antipolo City) [637.26 km]: 23.68 ms
Testing download speed................................................................................
Download: 81.92 Mbit/s
Testing upload speed......................................................................................................
Upload: 82.07 Mbit/s
2025-09-04T01:20:01+08:00
Retrieving speedtest.net configuration...
Testing from FIl Products Service Television Inc (103.105.214.48)...
Retrieving speedtest.net server list...
Selecting best server based on ping...
Hosted by Keith.net (Antipolo City) [637.26 km]: 27.276 ms
Testing download speed................................................................................
Download: 73.34 Mbit/s
Testing upload speed......................................................................................................
Upload: 88.10 Mbit/s
2025-09-04T01:25:01+08:00
Retrieving speedtest.net configuration...
Testing from FIl Products Service Television Inc (103.105.214.60)...
Retrieving speedtest.net server list...
Selecting best server based on ping...
Hosted by Keith.net (Antipolo City) [637.26 km]: 19.939 ms
Testing download speed................................................................................
Download: 79.54 Mbit/s
Testing upload speed......................................................................................................
Upload: 85.46 Mbit/s
2025-09-04T01:30:01+08:00
Retrieving speedtest.net configuration...
Testing from FIl Products Service Television Inc (103.105.214.48)...
Retrieving speedtest.net server list...
Selecting best server based on ping...
2025-09-04T01:35:01+08:00
Retrieving speedtest.net configuration...
Testing from FIl Products Service Television Inc (103.105.214.60)...
Retrieving speedtest.net server list...
Selecting best server based on ping...
Hosted by Keith.net (Antipolo City) [637.26 km]: 24.28 ms
Testing download speed................................................................................
Download: 59.43 Mbit/s
Testing upload speed......................................................................................................
Upload: 89.79 Mbit/s
2025-09-04T01:40:01+08:00
Retrieving speedtest.net configuration...
Testing from FIl Products Service Television Inc (103.105.214.48)...
Retrieving speedtest.net server list...
Selecting best server based on ping...
Hosted by Keith.net (Antipolo City) [637.26 km]: 35.585 ms
Testing download speed................................................................................
Download: 39.61 Mbit/s
Testing upload speed......................................................................................................
Upload: 82.86 Mbit/s
2025-09-04T01:45:01+08:00
Retrieving speedtest.net configuration...
Testing from FIl Products Service Television Inc (103.105.214.48)...
Retrieving speedtest.net server list...
Selecting best server based on ping...
Hosted by Keith.net (Antipolo City) [637.26 km]: 22.415 ms
Testing download speed................................................................................
Download: 67.05 Mbit/s
Testing upload speed......................................................................................................
Upload: 87.53 Mbit/s
2025-09-04T01:50:01+08:00
Retrieving speedtest.net configuration...
Testing from FIl Products Service Television Inc (103.105.214.60)...
Retrieving speedtest.net server list...
Selecting best server based on ping...
Hosted by Keith.net (Antipolo City) [637.26 km]: 22.716 ms
Testing download speed................................................................................
Download: 89.78 Mbit/s
Testing upload speed......................................................................................................
Upload: 83.58 Mbit/s
2025-09-04T01:55:01+08:00
Retrieving speedtest.net configuration...
Testing from FIl Products Service Television Inc (103.105.214.60)...
Retrieving speedtest.net server list...
Selecting best server based on ping...
Hosted by Keith.net (Antipolo City) [637.26 km]: 21.253 ms
Testing download speed................................................................................
Download: 83.01 Mbit/s
Testing upload speed......................................................................................................
Upload: 85.58 Mbit/s
2025-09-04T02:00:01+08:00
Retrieving speedtest.net configuration...
Testing from FIl Products Service Television Inc (103.105.214.60)...
Retrieving speedtest.net server list...
Selecting best server based on ping...
