2025-06-28T00:00:01+08:00
Retrieving speedtest.net configuration...
Testing from FIl Products Service Television Inc (103.105.214.61)...
Retrieving speedtest.net server list...
Selecting best server based on ping...
2025-06-28T00:05:01+08:00
Retrieving speedtest.net configuration...
2025-06-28T00:10:01+08:00
Retrieving speedtest.net configuration...
Testing from FIl Products Service Television Inc (103.105.214.61)...
Retrieving speedtest.net server list...
Selecting best server based on ping...
Hosted by Globe Telecom (Quezon City) [641.63 km]: 23.724 ms
Testing download speed................................................................................
Download: 151.79 Mbit/s
Testing upload speed......................................................................................................
Upload: 240.41 Mbit/s
2025-06-28T00:15:01+08:00
Retrieving speedtest.net configuration...
Testing from FIl Products Service Television Inc (103.105.214.61)...
Retrieving speedtest.net server list...
Selecting best server based on ping...
Hosted by Globe Telecom (San Jose del Monte) [658.82 km]: 20.204 ms
Testing download speed................................................................................
Download: 153.39 Mbit/s
Testing upload speed......................................................................................................
Upload: 420.10 Mbit/s
2025-06-28T00:20:01+08:00
Retrieving speedtest.net configuration...
Testing from FIl Products Service Television Inc (103.105.214.61)...
Retrieving speedtest.net server list...
Selecting best server based on ping...
Hosted by Globe Telecom (Quezon City) [641.63 km]: 20.362 ms
Testing download speed................................................................................
Download: 127.20 Mbit/s
Testing upload speed......................................................................................................
Upload: 282.93 Mbit/s
2025-06-28T00:25:01+08:00
Retrieving speedtest.net configuration...
Testing from FIl Products Service Television Inc (103.105.214.61)...
Retrieving speedtest.net server list...
Selecting best server based on ping...
Hosted by Globe Telecom (San Jose del Monte) [658.82 km]: 20.754 ms
Testing download speed................................................................................
Download: 135.24 Mbit/s
Testing upload speed......................................................................................................
Upload: 212.86 Mbit/s
2025-06-28T00:30:01+08:00
Retrieving speedtest.net configuration...
Testing from FIl Products Service Television Inc (103.105.214.54)...
Retrieving speedtest.net server list...
Selecting best server based on ping...
2025-06-28T00:35:01+08:00
Retrieving speedtest.net configuration...
Testing from FIl Products Service Television Inc (103.105.214.61)...
Retrieving speedtest.net server list...
Selecting best server based on ping...
Hosted by KioBytes ICT (Santa Maria) [665.98 km]: 21.962 ms
Testing download speed................................................................................
Download: 111.91 Mbit/s
Testing upload speed......................................................................................................
Upload: 242.82 Mbit/s
2025-06-28T00:40:01+08:00
Retrieving speedtest.net configuration...
Testing from FIl Products Service Television Inc (103.105.214.61)...
Retrieving speedtest.net server list...
Selecting best server based on ping...
Hosted by Globe Telecom (Quezon City) [641.63 km]: 22.919 ms
Testing download speed................................................................................
Download: 112.65 Mbit/s
Testing upload speed......................................................................................................
Upload: 287.62 Mbit/s
2025-06-28T00:45:01+08:00
Retrieving speedtest.net configuration...
Testing from FIl Products Service Television Inc (103.105.214.61)...
Retrieving speedtest.net server list...
Selecting best server based on ping...
Hosted by Globe Telecom (San Jose del Monte) [658.82 km]: 30.957 ms
Testing download speed................................................................................
Download: 153.12 Mbit/s
Testing upload speed......................................................................................................
Upload: 312.36 Mbit/s
2025-06-28T00:50:01+08:00
Retrieving speedtest.net configuration...
Testing from FIl Products Service Television Inc (103.105.214.54)...
Retrieving speedtest.net server list...
Selecting best server based on ping...
Hosted by Globe Telecom (Quezon City) [641.63 km]: 23.242 ms
Testing download speed................................................................................
Download: 182.75 Mbit/s
Testing upload speed......................................................................................................
Upload: 267.39 Mbit/s
2025-06-28T00:55:01+08:00
Retrieving speedtest.net configuration...
Testing from FIl Products Service Television Inc (103.105.214.54)...
Retrieving speedtest.net server list...
Selecting best server based on ping...
Hosted by Globe Telecom (San Jose del Monte) [658.82 km]: 23.413 ms
Testing download speed................................................................................
Download: 149.85 Mbit/s
Testing upload speed......................................................................................................
Upload: 319.81 Mbit/s
2025-06-28T01:00:01+08:00
Retrieving speedtest.net configuration...
Testing from FIl Products Service Television Inc (103.105.214.54)...
Retrieving speedtest.net server list...
Selecting best server based on ping...
2025-06-28T01:05:01+08:00
Retrieving speedtest.net configuration...
Testing from FIl Products Service Television Inc (103.105.214.61)...
Retrieving speedtest.net server list...
Selecting best server based on ping...
Hosted by KioBytes ICT (Santa Maria) [665.98 km]: 23.955 ms
Testing download speed................................................................................
Download: 104.67 Mbit/s
Testing upload speed......................................................................................................
Upload: 291.08 Mbit/s
2025-06-28T01:10:01+08:00
Retrieving speedtest.net configuration...
Testing from FIl Products Service Television Inc (103.105.214.61)...
Retrieving speedtest.net server list...
Selecting best server based on ping...
Hosted by Globe Telecom (San Jose del Monte) [658.82 km]: 23.551 ms
Testing download speed................................................................................
Download: 156.69 Mbit/s
Testing upload speed......................................................................................................
Upload: 314.74 Mbit/s
2025-06-28T01:15:01+08:00
Retrieving speedtest.net configuration...
Testing from FIl Products Service Television Inc (103.105.214.54)...
Retrieving speedtest.net server list...
Selecting best server based on ping...
Hosted by Globe Telecom (San Jose del Monte) [658.82 km]: 24.762 ms
Testing download speed................................................................................
Download: 156.34 Mbit/s
Testing upload speed......................................................................................................
Upload: 255.29 Mbit/s
2025-06-28T01:20:01+08:00
Retrieving speedtest.net configuration...
Testing from FIl Products Service Television Inc (103.105.214.61)...
Retrieving speedtest.net server list...
Selecting best server based on ping...
Hosted by Globe Telecom (Quezon City) [641.63 km]: 31.157 ms
Testing download speed................................................................................
Download: 133.21 Mbit/s
Testing upload speed......................................................................................................
Upload: 279.66 Mbit/s
2025-06-28T01:25:01+08:00
Retrieving speedtest.net configuration...
Testing from FIl Products Service Television Inc (103.105.214.54)...
Retrieving speedtest.net server list...
Selecting best server based on ping...
Hosted by KioBytes ICT (Santa Maria) [665.98 km]: 27.836 ms
Testing download speed................................................................................
Download: 95.95 Mbit/s
Testing upload speed......................................................................................................
Upload: 227.11 Mbit/s
2025-06-28T01:30:01+08:00
Retrieving speedtest.net configuration...
Testing from FIl Products Service Television Inc (103.105.214.54)...
Retrieving speedtest.net server list...
Selecting best server based on ping...
2025-06-28T01:35:02+08:00
Retrieving speedtest.net configuration...
2025-06-28T01:40:01+08:00
Retrieving speedtest.net configuration...
Testing from FIl Products Service Television Inc (103.105.214.61)...
Retrieving speedtest.net server list...
Selecting best server based on ping...
Hosted by Globe Telecom (Quezon City) [641.63 km]: 27.327 ms
Testing download speed................................................................................
Download: 152.60 Mbit/s
Testing upload speed......................................................................................................
Upload: 251.62 Mbit/s
2025-06-28T01:45:01+08:00
Retrieving speedtest.net configuration...
Testing from FIl Products Service Television Inc (103.105.214.54)...
Retrieving speedtest.net server list...
Selecting best server based on ping...
Hosted by Globe Telecom (San Jose del Monte) [658.82 km]: 20.55 ms
Testing download speed................................................................................
Download: 140.66 Mbit/s
Testing upload speed......................................................................................................
Upload: 307.18 Mbit/s
2025-06-28T01:50:01+08:00
Retrieving speedtest.net configuration...
Testing from FIl Products Service Television Inc (103.105.214.54)...
Retrieving speedtest.net server list...
Selecting best server based on ping...
Hosted by KioBytes ICT (Santa Maria) [665.98 km]: 21.958 ms
Testing download speed................................................................................
Download: 77.05 Mbit/s
Testing upload speed......................................................................................................
Upload: 132.75 Mbit/s
2025-06-28T01:55:02+08:00
Retrieving speedtest.net configuration...
Testing from FIl Products Service Television Inc (103.105.214.61)...
Retrieving speedtest.net server list...
Selecting best server based on ping...
Hosted by Globe Telecom (San Jose del Monte) [658.82 km]: 20.933 ms
Testing download speed................................................................................
Download: 141.40 Mbit/s
Testing upload speed......................................................................................................
Upload: 407.42 Mbit/s
2025-06-28T02:00:01+08:00
Retrieving speedtest.net configuration...
Testing from FIl Products Service Television Inc (103.105.214.61)...
Retrieving speedtest.net server list...
Selecting best server based on ping...
2025-06-28T02:05:01+08:00
Retrieving speedtest.net configuration...
2025-06-28T02:10:01+08:00
Retrieving speedtest.net configuration...
Testing from FIl Products Service Television Inc (103.105.214.61)...
Retrieving speedtest.net server list...
Selecting best server based on ping...
Hosted by KioBytes ICT (Santa Maria) [665.98 km]: 25.025 ms
Testing download speed................................................................................
Download: 101.86 Mbit/s
Testing upload speed......................................................................................................
Upload: 235.11 Mbit/s
2025-06-28T02:15:01+08:00
Retrieving speedtest.net configuration...
Testing from FIl Products Service Television Inc (103.105.214.61)...
Retrieving speedtest.net server list...
Selecting best server based on ping...
Hosted by Globe Telecom (Quezon City) [641.63 km]: 25.854 ms
Testing download speed................................................................................
Download: 133.64 Mbit/s
Testing upload speed......................................................................................................
Upload: 279.76 Mbit/s
2025-06-28T02:20:01+08:00
Retrieving speedtest.net configuration...
Testing from FIl Products Service Television Inc (103.105.214.54)...
Retrieving speedtest.net server list...
Selecting best server based on ping...
Hosted by Globe Telecom (Quezon City) [641.63 km]: 26.291 ms
Testing download speed................................................................................
Download: 157.01 Mbit/s
Testing upload speed......................................................................................................
Upload: 302.59 Mbit/s
2025-06-28T02:25:01+08:00
Retrieving speedtest.net configuration...
Testing from FIl Products Service Television Inc (103.105.214.61)...
Retrieving speedtest.net server list...
Selecting best server based on ping...
Hosted by Globe Telecom (San Jose del Monte) [658.82 km]: 24.365 ms
Testing download speed................................................................................
Download: 133.42 Mbit/s
Testing upload speed......................................................................................................
Upload: 292.60 Mbit/s
2025-06-28T02:30:01+08:00
Retrieving speedtest.net configuration...
Testing from FIl Products Service Television Inc (103.105.214.61)...
Retrieving speedtest.net server list...
Selecting best server based on ping...
2025-06-28T02:35:01+08:00
Retrieving speedtest.net configuration...
Testing from FIl Products Service Television Inc (103.105.214.61)...
Retrieving speedtest.net server list...
Selecting best server based on ping...
Hosted by Globe Telecom (San Jose del Monte) [658.82 km]: 26.659 ms
Testing download speed................................................................................
Download: 154.74 Mbit/s
Testing upload speed......................................................................................................
Upload: 265.11 Mbit/s
2025-06-28T02:40:01+08:00
Retrieving speedtest.net configuration...
Testing from FIl Products Service Television Inc (103.105.214.54)...
Retrieving speedtest.net server list...
Selecting best server based on ping...
Hosted by Globe Telecom (Quezon City) [641.63 km]: 22.945 ms
Testing download speed................................................................................
Download: 158.22 Mbit/s
Testing upload speed......................................................................................................
Upload: 296.56 Mbit/s
2025-06-28T02:45:01+08:00
Retrieving speedtest.net configuration...
Testing from FIl Products Service Television Inc (103.105.214.61)...
Retrieving speedtest.net server list...
Selecting best server based on ping...
Hosted by PLDT (Pasig City) [634.44 km]: 34.071 ms
Testing download speed................................................................................
Download: 101.85 Mbit/s
Testing upload speed......................................................................................................
Upload: 223.41 Mbit/s
2025-06-28T02:50:01+08:00
Retrieving speedtest.net configuration...
Testing from FIl Products Service Television Inc (103.105.214.54)...
Retrieving speedtest.net server list...
Selecting best server based on ping...
Hosted by KMC Solutions (Makati City) [633.45 km]: 37.943 ms
Testing download speed................................................................................
Download: 123.85 Mbit/s
Testing upload speed......................................................................................................
Upload: 314.86 Mbit/s
2025-06-28T02:55:01+08:00
Retrieving speedtest.net configuration...
Testing from FIl Products Service Television Inc (103.105.214.54)...
Retrieving speedtest.net server list...
Selecting best server based on ping...
Hosted by DITO (Makati City) [634.17 km]: 38.845 ms
Testing download speed................................................................................
Download: 122.69 Mbit/s
Testing upload speed......................................................................................................
Upload: 249.85 Mbit/s
2025-06-28T03:00:01+08:00
Retrieving speedtest.net configuration...
Testing from FIl Products Service Television Inc (103.105.214.61)...
Retrieving speedtest.net server list...
Selecting best server based on ping...
2025-06-28T03:05:01+08:00
Retrieving speedtest.net configuration...
2025-06-28T03:10:01+08:00
Retrieving speedtest.net configuration...
Testing from FIl Products Service Television Inc (103.105.214.61)...
Retrieving speedtest.net server list...
Selecting best server based on ping...
Hosted by DITO (Makati City) [634.17 km]: 36.662 ms
Testing download speed................................................................................
Download: 120.30 Mbit/s
Testing upload speed......................................................................................................
Upload: 306.11 Mbit/s
2025-06-28T03:15:01+08:00
Retrieving speedtest.net configuration...
Testing from FIl Products Service Television Inc (103.105.214.54)...
Retrieving speedtest.net server list...
Selecting best server based on ping...
Hosted by PLDT (Pasig City) [634.44 km]: 37.402 ms
Testing download speed................................................................................
Download: 109.20 Mbit/s
Testing upload speed......................................................................................................
Upload: 178.03 Mbit/s
2025-06-28T03:20:01+08:00
Retrieving speedtest.net configuration...
Testing from FIl Products Service Television Inc (103.105.214.61)...
Retrieving speedtest.net server list...
Selecting best server based on ping...
Hosted by PLDT (Pasig City) [634.44 km]: 35.363 ms
Testing download speed................................................................................
Download: 121.41 Mbit/s
Testing upload speed......................................................................................................
Upload: 181.02 Mbit/s
2025-06-28T03:25:01+08:00
Retrieving speedtest.net configuration...
Testing from FIl Products Service Television Inc (103.105.214.54)...
Retrieving speedtest.net server list...
Selecting best server based on ping...
Hosted by KMC Solutions (Makati City) [633.45 km]: 37.405 ms
Testing download speed................................................................................
Download: 141.75 Mbit/s
Testing upload speed......................................................................................................
Upload: 196.99 Mbit/s
2025-06-28T03:30:01+08:00
Retrieving speedtest.net configuration...
Testing from FIl Products Service Television Inc (103.105.214.54)...
Retrieving speedtest.net server list...
Selecting best server based on ping...
2025-06-28T03:35:01+08:00
Retrieving speedtest.net configuration...
Testing from FIl Products Service Television Inc (103.105.214.61)...
Retrieving speedtest.net server list...
Selecting best server based on ping...
Hosted by DITO (Makati City) [634.17 km]: 35.561 ms
Testing download speed................................................................................
Download: 126.88 Mbit/s
Testing upload speed......................................................................................................
Upload: 270.80 Mbit/s
2025-06-28T03:40:01+08:00
Retrieving speedtest.net configuration...
Testing from FIl Products Service Television Inc (103.105.214.54)...
Retrieving speedtest.net server list...
Selecting best server based on ping...
Hosted by PLDT (Pasig City) [634.44 km]: 38.209 ms
Testing download speed................................................................................
Download: 115.76 Mbit/s
Testing upload speed......................................................................................................
Upload: 209.20 Mbit/s
2025-06-28T03:45:01+08:00
Retrieving speedtest.net configuration...
Testing from FIl Products Service Television Inc (103.105.214.54)...
Retrieving speedtest.net server list...
Selecting best server based on ping...
Hosted by DITO (Makati City) [634.17 km]: 41.425 ms
Testing download speed................................................................................
Download: 114.56 Mbit/s
Testing upload speed......................................................................................................
Upload: 353.25 Mbit/s
2025-06-28T03:50:01+08:00
Retrieving speedtest.net configuration...
Testing from FIl Products Service Television Inc (103.105.214.54)...
Retrieving speedtest.net server list...
Selecting best server based on ping...
Hosted by KMC Solutions (Makati City) [633.45 km]: 32.081 ms
Testing download speed................................................................................
Download: 148.61 Mbit/s
Testing upload speed......................................................................................................
Upload: 302.14 Mbit/s
2025-06-28T03:55:01+08:00
Retrieving speedtest.net configuration...
Testing from FIl Products Service Television Inc (103.105.214.61)...
Retrieving speedtest.net server list...
Selecting best server based on ping...
Hosted by KMC Solutions (Makati City) [633.45 km]: 31.973 ms
Testing download speed................................................................................
Download: 140.25 Mbit/s
Testing upload speed......................................................................................................
Upload: 288.53 Mbit/s
2025-06-28T04:00:01+08:00
Retrieving speedtest.net configuration...
Testing from FIl Products Service Television Inc (103.105.214.54)...
Retrieving speedtest.net server list...
Selecting best server based on ping...
2025-06-28T04:05:01+08:00
Retrieving speedtest.net configuration...
2025-06-28T04:10:01+08:00
Retrieving speedtest.net configuration...
Testing from FIl Products Service Television Inc (103.105.214.61)...
Retrieving speedtest.net server list...
Selecting best server based on ping...
Hosted by DITO (Makati City) [634.17 km]: 38.45 ms
Testing download speed................................................................................
Download: 133.83 Mbit/s
Testing upload speed......................................................................................................
Upload: 337.20 Mbit/s
2025-06-28T04:15:01+08:00
Retrieving speedtest.net configuration...
Testing from FIl Products Service Television Inc (103.105.214.61)...
Retrieving speedtest.net server list...
Selecting best server based on ping...
Hosted by DITO (Makati City) [634.17 km]: 36.714 ms
Testing download speed................................................................................
Download: 138.50 Mbit/s
Testing upload speed......................................................................................................
Upload: 319.70 Mbit/s
2025-06-28T04:20:01+08:00
Retrieving speedtest.net configuration...
Testing from FIl Products Service Television Inc (103.105.214.61)...
Retrieving speedtest.net server list...
Selecting best server based on ping...
Hosted by DITO (Makati City) [634.17 km]: 34.643 ms
Testing download speed................................................................................
Download: 122.39 Mbit/s
Testing upload speed......................................................................................................
Upload: 394.55 Mbit/s
2025-06-28T04:25:01+08:00
Retrieving speedtest.net configuration...
Testing from FIl Products Service Television Inc (103.105.214.54)...
Retrieving speedtest.net server list...
Selecting best server based on ping...
Hosted by DITO (Makati City) [634.17 km]: 32.89 ms
Testing download speed................................................................................
Download: 125.80 Mbit/s
Testing upload speed......................................................................................................
Upload: 378.21 Mbit/s
2025-06-28T04:30:01+08:00
Retrieving speedtest.net configuration...
Testing from FIl Products Service Television Inc (103.105.214.54)...
Retrieving speedtest.net server list...
Selecting best server based on ping...
2025-06-28T04:35:01+08:00
Retrieving speedtest.net configuration...
Testing from FIl Products Service Television Inc (103.105.214.54)...
Retrieving speedtest.net server list...
Selecting best server based on ping...
Hosted by DITO (Makati City) [634.17 km]: 36.374 ms
Testing download speed................................................................................
Download: 152.79 Mbit/s
Testing upload speed......................................................................................................
Upload: 222.01 Mbit/s
2025-06-28T04:40:01+08:00
Retrieving speedtest.net configuration...
Testing from FIl Products Service Television Inc (103.105.214.61)...
Retrieving speedtest.net server list...
Selecting best server based on ping...
Hosted by DITO (Makati City) [634.17 km]: 35.987 ms
Testing download speed................................................................................
Download: 132.26 Mbit/s
Testing upload speed......................................................................................................
Upload: 406.18 Mbit/s
2025-06-28T04:45:01+08:00
Retrieving speedtest.net configuration...
Testing from FIl Products Service Television Inc (103.105.214.61)...
Retrieving speedtest.net server list...
Selecting best server based on ping...
Hosted by DITO (Makati City) [634.17 km]: 36.288 ms
Testing download speed................................................................................
Download: 138.66 Mbit/s
Testing upload speed......................................................................................................
Upload: 240.74 Mbit/s
2025-06-28T04:50:01+08:00
Retrieving speedtest.net configuration...
Testing from FIl Products Service Television Inc (103.105.214.61)...
Retrieving speedtest.net server list...
Selecting best server based on ping...
Hosted by DITO (Makati City) [634.17 km]: 36.742 ms
Testing download speed................................................................................
Download: 129.52 Mbit/s
Testing upload speed......................................................................................................
Upload: 296.59 Mbit/s
2025-06-28T04:55:01+08:00
Retrieving speedtest.net configuration...
Testing from FIl Products Service Television Inc (103.105.214.54)...
Retrieving speedtest.net server list...
Selecting best server based on ping...
Hosted by DITO (Makati City) [634.17 km]: 36.151 ms
Testing download speed................................................................................
Download: 139.37 Mbit/s
Testing upload speed......................................................................................................
Upload: 264.04 Mbit/s
2025-06-28T05:00:01+08:00
Retrieving speedtest.net configuration...
Testing from FIl Products Service Television Inc (103.105.214.54)...
Retrieving speedtest.net server list...
Selecting best server based on ping...
