2025-09-17T00:00:01+08:00
Retrieving speedtest.net configuration...
Testing from FIl Products Service Television Inc (103.105.214.62)...
Retrieving speedtest.net server list...
Selecting best server based on ping...
2025-09-17T00:05:01+08:00
Retrieving speedtest.net configuration...
Testing from FIl Products Service Television Inc (103.105.214.57)...
Retrieving speedtest.net server list...
Selecting best server based on ping...
Hosted by Zafra Cable Television Network Inc. (Panglao) [57.64 km]: 40.744 ms
Testing download speed................................................................................
Download: 82.05 Mbit/s
Testing upload speed......................................................................................................
Upload: 50.89 Mbit/s
2025-09-17T00:10:01+08:00
Retrieving speedtest.net configuration...
Testing from FIl Products Service Television Inc (103.105.214.62)...
Retrieving speedtest.net server list...
Selecting best server based on ping...
Hosted by Zafra Cable Television Network Inc. (Panglao) [57.64 km]: 46.9 ms
Testing download speed................................................................................
Download: 86.88 Mbit/s
Testing upload speed......................................................................................................
Upload: 19.09 Mbit/s
2025-09-17T00:15:01+08:00
Retrieving speedtest.net configuration...
Testing from FIl Products Service Television Inc (103.105.214.57)...
Retrieving speedtest.net server list...
Selecting best server based on ping...
Hosted by Radius Telecoms, Inc. (Cebu City) [126.16 km]: 47.547 ms
Testing download speed................................................................................
Download: 87.90 Mbit/s
Testing upload speed......................................................................................................
Upload: 74.62 Mbit/s
2025-09-17T00:20:01+08:00
Retrieving speedtest.net configuration...
Testing from FIl Products Service Television Inc (103.105.214.62)...
Retrieving speedtest.net server list...
Selecting best server based on ping...
Hosted by Radius Telecoms, Inc. (Cebu City) [126.16 km]: 43.809 ms
Testing download speed................................................................................
Download: 79.41 Mbit/s
Testing upload speed......................................................................................................
Upload: 76.49 Mbit/s
2025-09-17T00:25:01+08:00
Retrieving speedtest.net configuration...
Testing from FIl Products Service Television Inc (103.105.214.57)...
Retrieving speedtest.net server list...
Selecting best server based on ping...
Hosted by Zafra Cable Television Network Inc. (Panglao) [57.64 km]: 40.383 ms
Testing download speed................................................................................
Download: 61.23 Mbit/s
Testing upload speed......................................................................................................
Upload: 12.87 Mbit/s
2025-09-17T00:30:01+08:00
Retrieving speedtest.net configuration...
Testing from FIl Products Service Television Inc (103.105.214.62)...
Retrieving speedtest.net server list...
Selecting best server based on ping...
2025-09-17T00:35:01+08:00
Retrieving speedtest.net configuration...
Testing from FIl Products Service Television Inc (103.105.214.57)...
Retrieving speedtest.net server list...
Selecting best server based on ping...
Hosted by Zafra Cable Television Network Inc. (Panglao) [57.64 km]: 45.248 ms
Testing download speed................................................................................
Download: 85.37 Mbit/s
Testing upload speed......................................................................................................
Upload: 29.32 Mbit/s
2025-09-17T00:40:01+08:00
Retrieving speedtest.net configuration...
Testing from FIl Products Service Television Inc (103.105.214.57)...
Retrieving speedtest.net server list...
Selecting best server based on ping...
Hosted by Radius Telecoms, Inc. (Cebu City) [126.16 km]: 38.109 ms
Testing download speed................................................................................
Download: 87.96 Mbit/s
Testing upload speed......................................................................................................
Upload: 73.44 Mbit/s
2025-09-17T00:45:01+08:00
Retrieving speedtest.net configuration...
Testing from FIl Products Service Television Inc (103.105.214.57)...
Retrieving speedtest.net server list...
Selecting best server based on ping...
Hosted by Zafra Cable Television Network Inc. (Panglao) [57.64 km]: 43.284 ms
Testing download speed................................................................................
Download: 86.12 Mbit/s
Testing upload speed......................................................................................................
Upload: 65.53 Mbit/s
2025-09-17T00:50:01+08:00
Retrieving speedtest.net configuration...
Testing from FIl Products Service Television Inc (103.105.214.57)...
Retrieving speedtest.net server list...
Selecting best server based on ping...
Hosted by Zafra Cable Television Network Inc. (Panglao) [57.64 km]: 43.943 ms
Testing download speed................................................................................
Download: 86.81 Mbit/s
Testing upload speed......................................................................................................
Upload: 65.14 Mbit/s
2025-09-17T00:55:01+08:00
Retrieving speedtest.net configuration...
Testing from FIl Products Service Television Inc (103.105.214.62)...
Retrieving speedtest.net server list...
Selecting best server based on ping...
Hosted by Zafra Cable Television Network Inc. (Panglao) [57.64 km]: 41.393 ms
Testing download speed................................................................................
Download: 89.46 Mbit/s
Testing upload speed......................................................................................................
Upload: 10.60 Mbit/s
2025-09-17T01:00:01+08:00
Retrieving speedtest.net configuration...
Testing from FIl Products Service Television Inc (103.105.214.57)...
Retrieving speedtest.net server list...
Selecting best server based on ping...
