2025-06-07T00:00:01+08:00
Retrieving speedtest.net configuration...
Testing from FIl Products Service Television Inc (103.105.214.58)...
Retrieving speedtest.net server list...
Selecting best server based on ping...
2025-06-07T00:05:01+08:00
Retrieving speedtest.net configuration...
2025-06-07T00:10:01+08:00
Retrieving speedtest.net configuration...
Testing from FIl Products Service Television Inc (103.105.214.58)...
Retrieving speedtest.net server list...
Selecting best server based on ping...
Hosted by Imtech Solution and Data Providers (Kidapawan City) [321.95 km]: 26.747 ms
Testing download speed................................................................................
Download: 177.58 Mbit/s
Testing upload speed......................................................................................................
Upload: 39.54 Mbit/s
2025-06-07T00:15:01+08:00
Retrieving speedtest.net configuration...
Testing from FIl Products Service Television Inc (103.105.214.58)...
Retrieving speedtest.net server list...
Selecting best server based on ping...
Hosted by Imtech Solution and Data Providers (Kidapawan City) [321.95 km]: 27.841 ms
Testing download speed................................................................................
Download: 188.98 Mbit/s
Testing upload speed......................................................................................................
Upload: 63.65 Mbit/s
2025-06-07T00:20:01+08:00
Retrieving speedtest.net configuration...
Testing from FIl Products Service Television Inc (103.105.214.58)...
Retrieving speedtest.net server list...
Selecting best server based on ping...
Hosted by Imtech Solution and Data Providers (Kidapawan City) [321.95 km]: 26.438 ms
Testing download speed................................................................................
Download: 173.06 Mbit/s
Testing upload speed......................................................................................................
Upload: 66.57 Mbit/s
2025-06-07T00:25:01+08:00
Retrieving speedtest.net configuration...
Testing from FIl Products Service Television Inc (103.105.214.58)...
Retrieving speedtest.net server list...
Selecting best server based on ping...
Hosted by Imtech Solution and Data Providers (Kidapawan City) [321.95 km]: 26.667 ms
Testing download speed................................................................................
Download: 163.41 Mbit/s
Testing upload speed......................................................................................................
Upload: 78.26 Mbit/s
2025-06-07T00:30:01+08:00
Retrieving speedtest.net configuration...
Testing from FIl Products Service Television Inc (103.105.214.58)...
Retrieving speedtest.net server list...
Selecting best server based on ping...
2025-06-07T00:35:01+08:00
Retrieving speedtest.net configuration...
Testing from FIl Products Service Television Inc (103.105.214.58)...
Retrieving speedtest.net server list...
Selecting best server based on ping...
Hosted by Imtech Solution and Data Providers (Kidapawan City) [321.95 km]: 24.076 ms
Testing download speed................................................................................
Download: 189.89 Mbit/s
Testing upload speed......................................................................................................
Upload: 68.66 Mbit/s
2025-06-07T00:40:01+08:00
Retrieving speedtest.net configuration...
Testing from FIl Products Service Television Inc (103.105.214.58)...
Retrieving speedtest.net server list...
Selecting best server based on ping...
Hosted by Imtech Solution and Data Providers (Kidapawan City) [321.95 km]: 24.479 ms
Testing download speed................................................................................
Download: 135.28 Mbit/s
Testing upload speed......................................................................................................
Upload: 44.01 Mbit/s
2025-06-07T00:45:01+08:00
Retrieving speedtest.net configuration...
Testing from FIl Products Service Television Inc (103.105.214.58)...
Retrieving speedtest.net server list...
Selecting best server based on ping...
Hosted by Imtech Solution and Data Providers (Kidapawan City) [321.95 km]: 26.249 ms
Testing download speed................................................................................
Download: 178.87 Mbit/s
Testing upload speed......................................................................................................
Upload: 51.15 Mbit/s
2025-06-07T00:50:01+08:00
Retrieving speedtest.net configuration...
Testing from FIl Products Service Television Inc (103.105.214.58)...
Retrieving speedtest.net server list...
Selecting best server based on ping...
Hosted by Imtech Solution and Data Providers (Kidapawan City) [321.95 km]: 26.749 ms
Testing download speed................................................................................
Download: 187.10 Mbit/s
Testing upload speed......................................................................................................
Upload: 52.58 Mbit/s
2025-06-07T00:55:01+08:00
Retrieving speedtest.net configuration...
Testing from FIl Products Service Television Inc (103.105.214.58)...
Retrieving speedtest.net server list...
Selecting best server based on ping...
Hosted by Imtech Solution and Data Providers (Kidapawan City) [321.95 km]: 26.576 ms
Testing download speed................................................................................
Download: 186.03 Mbit/s
Testing upload speed......................................................................................................
Upload: 77.97 Mbit/s
2025-06-07T01:00:01+08:00
Retrieving speedtest.net configuration...
Testing from FIl Products Service Television Inc (103.105.214.58)...
Retrieving speedtest.net server list...
Selecting best server based on ping...
2025-06-07T01:05:01+08:00
Retrieving speedtest.net configuration...
2025-06-07T01:10:01+08:00
Retrieving speedtest.net configuration...
Testing from FIl Products Service Television Inc (103.105.214.58)...
Retrieving speedtest.net server list...
Selecting best server based on ping...
Hosted by PLDT (Makati) [634.17 km]: 18.952 ms
Testing download speed................................................................................
Download: 175.86 Mbit/s
Testing upload speed......................................................................................................
Upload: 210.83 Mbit/s
2025-06-07T01:15:01+08:00
Retrieving speedtest.net configuration...
Testing from FIl Products Service Television Inc (103.105.214.58)...
Retrieving speedtest.net server list...
Selecting best server based on ping...
Hosted by PLDT (Makati) [634.17 km]: 19.369 ms
Testing download speed................................................................................
Download: 140.57 Mbit/s
Testing upload speed......................................................................................................
Upload: 224.66 Mbit/s
2025-06-07T01:20:01+08:00
Retrieving speedtest.net configuration...
Testing from FIl Products Service Television Inc (103.105.214.58)...
Retrieving speedtest.net server list...
Selecting best server based on ping...
Hosted by PLDT (Makati) [634.17 km]: 18.887 ms
Testing download speed................................................................................
Download: 186.29 Mbit/s
Testing upload speed......................................................................................................
Upload: 209.01 Mbit/s
2025-06-07T01:25:01+08:00
Retrieving speedtest.net configuration...
Testing from FIl Products Service Television Inc (103.105.214.58)...
Retrieving speedtest.net server list...
Selecting best server based on ping...
Hosted by PLDT (Makati) [634.17 km]: 18.435 ms
Testing download speed................................................................................
Download: 176.39 Mbit/s
Testing upload speed......................................................................................................
Upload: 225.50 Mbit/s
2025-06-07T01:30:01+08:00
Retrieving speedtest.net configuration...
Testing from FIl Products Service Television Inc (103.105.214.58)...
Retrieving speedtest.net server list...
Selecting best server based on ping...
2025-06-07T01:35:01+08:00
Retrieving speedtest.net configuration...
Testing from FIl Products Service Television Inc (103.105.214.58)...
Retrieving speedtest.net server list...
Selecting best server based on ping...
Hosted by PLDT (Makati) [634.17 km]: 19.008 ms
Testing download speed................................................................................
Download: 184.40 Mbit/s
Testing upload speed......................................................................................................
Upload: 189.05 Mbit/s
2025-06-07T01:40:01+08:00
Retrieving speedtest.net configuration...
Testing from FIl Products Service Television Inc (103.105.214.58)...
Retrieving speedtest.net server list...
Selecting best server based on ping...
Hosted by PLDT (Makati) [634.17 km]: 21.079 ms
Testing download speed................................................................................
Download: 137.97 Mbit/s
Testing upload speed......................................................................................................
Upload: 197.53 Mbit/s
2025-06-07T01:45:01+08:00
Retrieving speedtest.net configuration...
Testing from FIl Products Service Television Inc (103.105.214.58)...
Retrieving speedtest.net server list...
Selecting best server based on ping...
Hosted by PLDT (Makati) [634.17 km]: 21.431 ms
Testing download speed................................................................................
Download: 191.74 Mbit/s
Testing upload speed......................................................................................................
Upload: 210.67 Mbit/s
2025-06-07T01:50:01+08:00
Retrieving speedtest.net configuration...
Testing from FIl Products Service Television Inc (103.105.214.58)...
Retrieving speedtest.net server list...
Selecting best server based on ping...
Hosted by PLDT (Makati) [634.17 km]: 18.709 ms
Testing download speed................................................................................
Download: 192.65 Mbit/s
Testing upload speed......................................................................................................
Upload: 249.05 Mbit/s
2025-06-07T01:55:01+08:00
Retrieving speedtest.net configuration...
Testing from FIl Products Service Television Inc (103.105.214.58)...
Retrieving speedtest.net server list...
Selecting best server based on ping...
Hosted by PLDT (Makati) [634.17 km]: 19.017 ms
Testing download speed................................................................................
Download: 192.88 Mbit/s
Testing upload speed......................................................................................................
Upload: 221.24 Mbit/s
2025-06-07T02:00:01+08:00
Retrieving speedtest.net configuration...
Testing from FIl Products Service Television Inc (103.105.214.58)...
Retrieving speedtest.net server list...
Selecting best server based on ping...
2025-06-07T02:05:01+08:00
Retrieving speedtest.net configuration...
2025-06-07T02:10:01+08:00
Retrieving speedtest.net configuration...
Testing from FIl Products Service Television Inc (103.105.214.58)...
Retrieving speedtest.net server list...
Selecting best server based on ping...
Hosted by PLDT (Makati) [634.17 km]: 19.054 ms
Testing download speed................................................................................
Download: 179.06 Mbit/s
Testing upload speed......................................................................................................
Upload: 251.86 Mbit/s
2025-06-07T02:15:01+08:00
Retrieving speedtest.net configuration...
Testing from FIl Products Service Television Inc (103.105.214.58)...
Retrieving speedtest.net server list...
Selecting best server based on ping...
Hosted by PLDT (Makati) [634.17 km]: 21.114 ms
Testing download speed................................................................................
Download: 178.50 Mbit/s
Testing upload speed......................................................................................................
Upload: 242.06 Mbit/s
2025-06-07T02:20:01+08:00
Retrieving speedtest.net configuration...
Testing from FIl Products Service Television Inc (103.105.214.58)...
Retrieving speedtest.net server list...
Selecting best server based on ping...
Hosted by PLDT (Makati) [634.17 km]: 21.875 ms
Testing download speed................................................................................
Download: 181.11 Mbit/s
Testing upload speed......................................................................................................
Upload: 231.97 Mbit/s
2025-06-07T02:25:01+08:00
Retrieving speedtest.net configuration...
Testing from FIl Products Service Television Inc (103.105.214.58)...
Retrieving speedtest.net server list...
Selecting best server based on ping...
Hosted by PLDT (Makati) [634.17 km]: 18.765 ms
Testing download speed................................................................................
Download: 188.92 Mbit/s
Testing upload speed......................................................................................................
Upload: 260.24 Mbit/s
2025-06-07T02:30:01+08:00
Retrieving speedtest.net configuration...
Testing from FIl Products Service Television Inc (103.105.214.58)...
Retrieving speedtest.net server list...
Selecting best server based on ping...
2025-06-07T02:35:01+08:00
Retrieving speedtest.net configuration...
Testing from FIl Products Service Television Inc (103.105.214.58)...
Retrieving speedtest.net server list...
Selecting best server based on ping...
Hosted by PLDT (Makati) [634.17 km]: 20.993 ms
Testing download speed................................................................................
Download: 181.09 Mbit/s
Testing upload speed......................................................................................................
Upload: 248.42 Mbit/s
2025-06-07T02:40:01+08:00
Retrieving speedtest.net configuration...
Testing from FIl Products Service Television Inc (103.105.214.58)...
Retrieving speedtest.net server list...
Selecting best server based on ping...
Hosted by PLDT (Makati) [634.17 km]: 21.76 ms
Testing download speed................................................................................
Download: 187.24 Mbit/s
Testing upload speed......................................................................................................
Upload: 165.01 Mbit/s
2025-06-07T02:45:01+08:00
Retrieving speedtest.net configuration...
Testing from FIl Products Service Television Inc (103.105.214.58)...
Retrieving speedtest.net server list...
Selecting best server based on ping...
Hosted by PLDT (Makati) [634.17 km]: 23.206 ms
Testing download speed................................................................................
Download: 163.29 Mbit/s
Testing upload speed......................................................................................................
Upload: 217.12 Mbit/s
2025-06-07T02:50:01+08:00
Retrieving speedtest.net configuration...
Testing from FIl Products Service Television Inc (103.105.214.58)...
Retrieving speedtest.net server list...
Selecting best server based on ping...
Hosted by PLDT (Makati) [634.17 km]: 21.134 ms
Testing download speed................................................................................
Download: 168.30 Mbit/s
Testing upload speed......................................................................................................
Upload: 233.53 Mbit/s
2025-06-07T02:55:01+08:00
Retrieving speedtest.net configuration...
Testing from FIl Products Service Television Inc (103.105.214.58)...
Retrieving speedtest.net server list...
Selecting best server based on ping...
Hosted by PLDT (Makati) [634.17 km]: 20.968 ms
Testing download speed................................................................................
Download: 192.04 Mbit/s
Testing upload speed......................................................................................................
Upload: 248.46 Mbit/s
2025-06-07T03:00:01+08:00
Retrieving speedtest.net configuration...
Testing from FIl Products Service Television Inc (103.105.214.58)...
Retrieving speedtest.net server list...
Selecting best server based on ping...
2025-06-07T03:05:01+08:00
Retrieving speedtest.net configuration...
2025-06-07T03:10:01+08:00
Retrieving speedtest.net configuration...
Testing from FIl Products Service Television Inc (103.105.214.58)...
Retrieving speedtest.net server list...
Selecting best server based on ping...
Hosted by PLDT (Makati) [634.17 km]: 20.557 ms
Testing download speed................................................................................
Download: 191.38 Mbit/s
Testing upload speed......................................................................................................
Upload: 256.99 Mbit/s
2025-06-07T03:15:01+08:00
Retrieving speedtest.net configuration...
Testing from FIl Products Service Television Inc (103.105.214.58)...
Retrieving speedtest.net server list...
Selecting best server based on ping...
Hosted by PLDT (Makati) [634.17 km]: 20.983 ms
Testing download speed................................................................................
Download: 180.89 Mbit/s
Testing upload speed......................................................................................................
Upload: 239.46 Mbit/s
2025-06-07T03:20:01+08:00
Retrieving speedtest.net configuration...
Testing from FIl Products Service Television Inc (103.105.214.58)...
Retrieving speedtest.net server list...
Selecting best server based on ping...
Hosted by PLDT (Makati) [634.17 km]: 19.082 ms
Testing download speed................................................................................
Download: 173.25 Mbit/s
Testing upload speed......................................................................................................
Upload: 240.66 Mbit/s
2025-06-07T03:25:01+08:00
Retrieving speedtest.net configuration...
Testing from FIl Products Service Television Inc (103.105.214.58)...
Retrieving speedtest.net server list...
Selecting best server based on ping...
Hosted by PLDT (Makati) [634.17 km]: 18.829 ms
Testing download speed................................................................................
Download: 115.98 Mbit/s
Testing upload speed......................................................................................................
Upload: 237.90 Mbit/s
2025-06-07T03:30:01+08:00
Retrieving speedtest.net configuration...
Testing from FIl Products Service Television Inc (103.105.214.58)...
Retrieving speedtest.net server list...
Selecting best server based on ping...
2025-06-07T03:35:01+08:00
Retrieving speedtest.net configuration...
Testing from FIl Products Service Television Inc (103.105.214.58)...
Retrieving speedtest.net server list...
Selecting best server based on ping...
Hosted by PLDT (Makati) [634.17 km]: 18.847 ms
Testing download speed................................................................................
Download: 152.05 Mbit/s
Testing upload speed......................................................................................................
Upload: 259.39 Mbit/s
2025-06-07T03:40:01+08:00
Retrieving speedtest.net configuration...
Testing from FIl Products Service Television Inc (103.105.214.58)...
Retrieving speedtest.net server list...
Selecting best server based on ping...
Hosted by PLDT (Makati) [634.17 km]: 22.332 ms
Testing download speed................................................................................
Download: 173.05 Mbit/s
Testing upload speed......................................................................................................
Upload: 251.01 Mbit/s
2025-06-07T03:45:01+08:00
Retrieving speedtest.net configuration...
Testing from FIl Products Service Television Inc (103.105.214.58)...
Retrieving speedtest.net server list...
Selecting best server based on ping...
Hosted by PLDT (Makati) [634.17 km]: 19.004 ms
Testing download speed................................................................................
Download: 191.21 Mbit/s
Testing upload speed......................................................................................................
Upload: 262.78 Mbit/s
2025-06-07T03:50:01+08:00
Retrieving speedtest.net configuration...
Testing from FIl Products Service Television Inc (103.105.214.58)...
Retrieving speedtest.net server list...
Selecting best server based on ping...
Hosted by PLDT (Makati) [634.17 km]: 18.879 ms
Testing download speed................................................................................
Download: 180.72 Mbit/s
Testing upload speed......................................................................................................
Upload: 274.57 Mbit/s
2025-06-07T03:55:01+08:00
Retrieving speedtest.net configuration...
Testing from FIl Products Service Television Inc (103.105.214.58)...
Retrieving speedtest.net server list...
Selecting best server based on ping...
Hosted by PLDT (Makati) [634.17 km]: 18.885 ms
Testing download speed................................................................................
Download: 177.30 Mbit/s
Testing upload speed......................................................................................................
Upload: 249.01 Mbit/s
2025-06-07T04:00:01+08:00
Retrieving speedtest.net configuration...
Testing from FIl Products Service Television Inc (103.105.214.58)...
Retrieving speedtest.net server list...
Selecting best server based on ping...
2025-06-07T04:05:01+08:00
Retrieving speedtest.net configuration...
2025-06-07T04:10:01+08:00
Retrieving speedtest.net configuration...
Testing from FIl Products Service Television Inc (103.105.214.58)...
Retrieving speedtest.net server list...
Selecting best server based on ping...
Hosted by RISE.ph (Makati) [633.45 km]: 47.014 ms
Testing download speed................................................................................
Download: 163.26 Mbit/s
Testing upload speed......................................................................................................
Upload: 136.79 Mbit/s
2025-06-07T04:15:01+08:00
Retrieving speedtest.net configuration...
Testing from FIl Products Service Television Inc (103.105.214.58)...
Retrieving speedtest.net server list...
Selecting best server based on ping...
Hosted by RISE.ph (Makati) [633.45 km]: 46.873 ms
Testing download speed................................................................................
Download: 180.11 Mbit/s
Testing upload speed......................................................................................................
Upload: 117.17 Mbit/s
2025-06-07T04:20:01+08:00
Retrieving speedtest.net configuration...
Testing from FIl Products Service Television Inc (103.105.214.58)...
Retrieving speedtest.net server list...
Selecting best server based on ping...
Hosted by Hapibytes (Taytay) [629.91 km]: 25.305 ms
Testing download speed................................................................................
Download: 157.12 Mbit/s
Testing upload speed......................................................................................................
Upload: 246.80 Mbit/s
2025-06-07T04:25:01+08:00
Retrieving speedtest.net configuration...
Testing from FIl Products Service Television Inc (103.105.214.58)...
Retrieving speedtest.net server list...
Selecting best server based on ping...
Hosted by RISE.ph (Makati) [633.45 km]: 46.764 ms
Testing download speed................................................................................
Download: 130.70 Mbit/s
Testing upload speed......................................................................................................
Upload: 156.77 Mbit/s
2025-06-07T04:30:01+08:00
Retrieving speedtest.net configuration...
Testing from FIl Products Service Television Inc (103.105.214.58)...
Retrieving speedtest.net server list...
Selecting best server based on ping...
2025-06-07T04:35:01+08:00
Retrieving speedtest.net configuration...
Testing from FIl Products Service Television Inc (103.105.214.58)...
Retrieving speedtest.net server list...
Selecting best server based on ping...
Hosted by Hapibytes (Taytay) [629.91 km]: 36.631 ms
Testing download speed................................................................................
Download: 133.46 Mbit/s
Testing upload speed......................................................................................................
Upload: 171.35 Mbit/s
2025-06-07T04:40:01+08:00
Retrieving speedtest.net configuration...
Testing from FIl Products Service Television Inc (103.105.214.58)...
Retrieving speedtest.net server list...
Selecting best server based on ping...
Hosted by Hapibytes (Taytay) [629.91 km]: 26.846 ms
Testing download speed................................................................................
Download: 174.80 Mbit/s
Testing upload speed......................................................................................................
Upload: 132.50 Mbit/s
2025-06-07T04:45:02+08:00
Retrieving speedtest.net configuration...
Testing from FIl Products Service Television Inc (103.105.214.58)...
Retrieving speedtest.net server list...
Selecting best server based on ping...
Hosted by Hapibytes (Taytay) [629.91 km]: 37.97 ms
Testing download speed................................................................................
Download: 174.36 Mbit/s
Testing upload speed......................................................................................................
Upload: 136.50 Mbit/s
2025-06-07T04:50:01+08:00
Retrieving speedtest.net configuration...
Testing from FIl Products Service Television Inc (103.105.214.58)...
Retrieving speedtest.net server list...
Selecting best server based on ping...
Hosted by Hapibytes (Taytay) [629.91 km]: 27.047 ms
Testing download speed................................................................................
Download: 185.53 Mbit/s
Testing upload speed......................................................................................................
Upload: 197.82 Mbit/s
2025-06-07T04:55:01+08:00
Retrieving speedtest.net configuration...
Testing from FIl Products Service Television Inc (103.105.214.58)...
Retrieving speedtest.net server list...
Selecting best server based on ping...
Hosted by Hapibytes (Taytay) [629.91 km]: 25.198 ms
Testing download speed................................................................................
Download: 187.72 Mbit/s
Testing upload speed......................................................................................................
Upload: 210.12 Mbit/s
2025-06-07T05:00:01+08:00
Retrieving speedtest.net configuration...
Testing from FIl Products Service Television Inc (103.105.214.58)...
Retrieving speedtest.net server list...
Selecting best server based on ping...
