2025-08-01T00:00:01+08:00
Retrieving speedtest.net configuration...
2025-08-01T00:05:01+08:00
Retrieving speedtest.net configuration...
2025-08-01T00:10:01+08:00
Retrieving speedtest.net configuration...
Testing from FIl Products Service Television Inc (103.105.214.56)...
Retrieving speedtest.net server list...
Selecting best server based on ping...
Hosted by Parasat Cable TV, Inc. (Cagayan de Oro) [173.34 km]: 26.163 ms
Testing download speed................................................................................
Download: 182.73 Mbit/s
Testing upload speed......................................................................................................
Upload: 266.22 Mbit/s
2025-08-01T00:15:01+08:00
Retrieving speedtest.net configuration...
Testing from FIl Products Service Television Inc (103.105.214.56)...
Retrieving speedtest.net server list...
Selecting best server based on ping...
Hosted by Parasat Cable TV, Inc. (Cagayan de Oro) [173.34 km]: 23.401 ms
Testing download speed................................................................................
Download: 159.49 Mbit/s
Testing upload speed......................................................................................................
Upload: 250.31 Mbit/s
2025-08-01T00:20:01+08:00
Retrieving speedtest.net configuration...
Testing from FIl Products Service Television Inc (103.105.214.56)...
Retrieving speedtest.net server list...
Selecting best server based on ping...
Hosted by Parasat Cable TV, Inc. (Cagayan de Oro) [173.34 km]: 22.877 ms
Testing download speed................................................................................
Download: 189.22 Mbit/s
Testing upload speed......................................................................................................
Upload: 274.84 Mbit/s
2025-08-01T00:25:01+08:00
Retrieving speedtest.net configuration...
Testing from FIl Products Service Television Inc (103.105.214.54)...
Retrieving speedtest.net server list...
Selecting best server based on ping...
Hosted by Parasat Cable TV, Inc. (Cagayan de Oro) [173.34 km]: 23.471 ms
Testing download speed................................................................................
Download: 170.19 Mbit/s
Testing upload speed......................................................................................................
Upload: 243.20 Mbit/s
2025-08-01T00:30:01+08:00
Retrieving speedtest.net configuration...
Testing from FIl Products Service Television Inc (103.105.214.54)...
Retrieving speedtest.net server list...
Selecting best server based on ping...
2025-08-01T00:35:01+08:00
Retrieving speedtest.net configuration...
Testing from FIl Products Service Television Inc (103.105.214.54)...
Retrieving speedtest.net server list...
Selecting best server based on ping...
Hosted by Globe Telecom (Cagayan de Oro) [173.41 km]: 43.573 ms
Testing download speed................................................................................
Download: 198.91 Mbit/s
Testing upload speed......................................................................................................
Upload: 190.44 Mbit/s
2025-08-01T00:40:01+08:00
Retrieving speedtest.net configuration...
Testing from FIl Products Service Television Inc (103.105.214.54)...
Retrieving speedtest.net server list...
Selecting best server based on ping...
Hosted by Parasat Cable TV, Inc. (Cagayan de Oro) [173.34 km]: 22.652 ms
Testing download speed................................................................................
Download: 199.90 Mbit/s
Testing upload speed......................................................................................................
Upload: 249.97 Mbit/s
2025-08-01T00:45:01+08:00
Retrieving speedtest.net configuration...
Testing from FIl Products Service Television Inc (103.105.214.54)...
Retrieving speedtest.net server list...
Selecting best server based on ping...
Hosted by DITO (Davao City) [333.33 km]: 37.144 ms
Testing download speed................................................................................
Download: 141.33 Mbit/s
Testing upload speed......................................................................................................
Upload: 287.61 Mbit/s
2025-08-01T00:50:01+08:00
Retrieving speedtest.net configuration...
Testing from FIl Products Service Television Inc (103.105.214.54)...
Retrieving speedtest.net server list...
Selecting best server based on ping...
Hosted by Parasat Cable TV, Inc. (Cagayan de Oro) [173.34 km]: 24.606 ms
Testing download speed................................................................................
Download: 197.14 Mbit/s
Testing upload speed......................................................................................................
Upload: 251.75 Mbit/s
2025-08-01T00:55:01+08:00
Retrieving speedtest.net configuration...
Testing from FIl Products Service Television Inc (103.105.214.54)...
Retrieving speedtest.net server list...
Selecting best server based on ping...
Hosted by Parasat Cable TV, Inc. (Cagayan de Oro) [173.34 km]: 25.05 ms
Testing download speed................................................................................
Download: 190.64 Mbit/s
Testing upload speed......................................................................................................
Upload: 306.78 Mbit/s
2025-08-01T01:00:01+08:00
Retrieving speedtest.net configuration...
Testing from FIl Products Service Television Inc (103.105.214.56)...
Retrieving speedtest.net server list...
Selecting best server based on ping...
