2025-09-12T00:00:01+08:00
Retrieving speedtest.net configuration...
Testing from FIl Products Service Television Inc (103.105.214.54)...
Retrieving speedtest.net server list...
Selecting best server based on ping...
2025-09-12T00:05:01+08:00
Retrieving speedtest.net configuration...
2025-09-12T00:10:01+08:00
Retrieving speedtest.net configuration...
Testing from FIl Products Service Television Inc (103.105.214.54)...
Retrieving speedtest.net server list...
Selecting best server based on ping...
Hosted by Fil Products Negros (Dumaguete) [0.00 km]: 13.433 ms
Testing download speed...............................................................................
.Download: 87.53 Mbit/s
Testing upload speed......................................................................................................
Upload: 71.22 Mbit/s
2025-09-12T00:15:01+08:00
Retrieving speedtest.net configuration...
Testing from FIl Products Service Television Inc (103.105.214.59)...
Retrieving speedtest.net server list...
Selecting best server based on ping...
Hosted by Globe Telecom (Cebu City) [126.16 km]: 37.695 ms
Testing download speed................................................................................
Download: 91.55 Mbit/s
Testing upload speed......................................................................................................
Upload: 88.94 Mbit/s
2025-09-12T00:20:01+08:00
Retrieving speedtest.net configuration...
Testing from FIl Products Service Television Inc (103.105.214.54)...
Retrieving speedtest.net server list...
Selecting best server based on ping...
Hosted by Globe Telecom (Cebu City) [126.16 km]: 22.299 ms
Testing download speed................................................................................
Download: 92.38 Mbit/s
Testing upload speed......................................................................................................
Upload: 90.29 Mbit/s
2025-09-12T00:25:01+08:00
Retrieving speedtest.net configuration...
Testing from FIl Products Service Television Inc (103.105.214.59)...
Retrieving speedtest.net server list...
Selecting best server based on ping...
Hosted by Globe Telecom (Cebu City) [126.16 km]: 21.665 ms
Testing download speed................................................................................
Download: 92.21 Mbit/s
Testing upload speed......................................................................................................
Upload: 91.05 Mbit/s
2025-09-12T00:30:01+08:00
Retrieving speedtest.net configuration...
Testing from FIl Products Service Television Inc (103.105.214.54)...
Retrieving speedtest.net server list...
Selecting best server based on ping...
2025-09-12T00:35:01+08:00
Retrieving speedtest.net configuration...
Testing from FIl Products Service Television Inc (103.105.214.54)...
Retrieving speedtest.net server list...
Selecting best server based on ping...
Hosted by Globe Telecom (Cebu City) [126.16 km]: 37.928 ms
Testing download speed................................................................................
Download: 91.97 Mbit/s
Testing upload speed......................................................................................................
Upload: 88.99 Mbit/s
2025-09-12T00:40:01+08:00
Retrieving speedtest.net configuration...
Testing from FIl Products Service Television Inc (103.105.214.59)...
Retrieving speedtest.net server list...
Selecting best server based on ping...
Hosted by Globe Telecom (Cebu City) [126.16 km]: 21.966 ms
Testing download speed................................................................................
Download: 92.65 Mbit/s
Testing upload speed......................................................................................................
Upload: 86.84 Mbit/s
2025-09-12T00:45:01+08:00
Retrieving speedtest.net configuration...
Testing from FIl Products Service Television Inc (103.105.214.59)...
Retrieving speedtest.net server list...
Selecting best server based on ping...
Hosted by Globe Telecom (Cebu City) [126.16 km]: 21.543 ms
Testing download speed................................................................................
Download: 91.15 Mbit/s
Testing upload speed......................................................................................................
Upload: 89.35 Mbit/s
2025-09-12T00:50:01+08:00
Retrieving speedtest.net configuration...
Testing from FIl Products Service Television Inc (103.105.214.54)...
Retrieving speedtest.net server list...
Selecting best server based on ping...
Hosted by Globe Telecom (Cebu City) [126.16 km]: 37.69 ms
Testing download speed................................................................................
Download: 92.31 Mbit/s
Testing upload speed......................................................................................................
Upload: 84.61 Mbit/s
2025-09-12T00:55:01+08:00
Retrieving speedtest.net configuration...
Testing from FIl Products Service Television Inc (103.105.214.59)...
Retrieving speedtest.net server list...
Selecting best server based on ping...
Hosted by Globe Telecom (Cebu City) [126.16 km]: 22.039 ms
Testing download speed................................................................................
Download: 91.39 Mbit/s
Testing upload speed......................................................................................................
Upload: 90.03 Mbit/s
2025-09-12T01:00:01+08:00
Retrieving speedtest.net configuration...
Testing from FIl Products Service Television Inc (103.105.214.59)...
Retrieving speedtest.net server list...
Selecting best server based on ping...
2025-09-12T01:05:01+08:00
Retrieving speedtest.net configuration...
2025-09-12T01:10:01+08:00
Retrieving speedtest.net configuration...
Testing from FIl Products Service Television Inc (103.105.214.59)...
Retrieving speedtest.net server list...
Selecting best server based on ping...
Hosted by Globe Telecom (Cebu City) [126.16 km]: 34.391 ms
Testing download speed................................................................................
Download: 92.73 Mbit/s
Testing upload speed......................................................................................................
Upload: 89.40 Mbit/s
2025-09-12T01:15:01+08:00
Retrieving speedtest.net configuration...
Testing from FIl Products Service Television Inc (103.105.214.54)...
Retrieving speedtest.net server list...
Selecting best server based on ping...
Hosted by Globe Telecom (Cebu City) [126.16 km]: 29.197 ms
Testing download speed................................................................................
Download: 92.86 Mbit/s
Testing upload speed......................................................................................................
Upload: 81.83 Mbit/s
2025-09-12T01:20:01+08:00
Retrieving speedtest.net configuration...
Testing from FIl Products Service Television Inc (103.105.214.54)...
Retrieving speedtest.net server list...
Selecting best server based on ping...
Hosted by PLDT (Cebu City) [126.16 km]: 36.534 ms
Testing download speed................................................................................
Download: 78.73 Mbit/s
Testing upload speed......................................................................................................
Upload: 68.04 Mbit/s
2025-09-12T01:25:01+08:00
Retrieving speedtest.net configuration...
Testing from FIl Products Service Television Inc (103.105.214.54)...
Retrieving speedtest.net server list...
Selecting best server based on ping...
Hosted by Globe Telecom (Cebu City) [126.16 km]: 34.607 ms
Testing download speed................................................................................
Download: 92.27 Mbit/s
Testing upload speed......................................................................................................
Upload: 87.16 Mbit/s
2025-09-12T01:30:01+08:00
Retrieving speedtest.net configuration...
Testing from FIl Products Service Television Inc (103.105.214.54)...
Retrieving speedtest.net server list...
Selecting best server based on ping...
2025-09-12T01:35:01+08:00
Retrieving speedtest.net configuration...
Testing from FIl Products Service Television Inc (103.105.214.54)...
Retrieving speedtest.net server list...
Selecting best server based on ping...
Hosted by Globe Telecom (Cebu City) [126.16 km]: 35.175 ms
Testing download speed................................................................................
Download: 92.88 Mbit/s
Testing upload speed......................................................................................................
Upload: 87.01 Mbit/s
2025-09-12T01:40:01+08:00
Retrieving speedtest.net configuration...
Testing from FIl Products Service Television Inc (103.105.214.54)...
Retrieving speedtest.net server list...
Selecting best server based on ping...
Hosted by Globe Telecom (Cebu City) [126.16 km]: 22.256 ms
Testing download speed................................................................................
Download: 92.30 Mbit/s
Testing upload speed......................................................................................................
Upload: 86.53 Mbit/s
2025-09-12T01:45:01+08:00
Retrieving speedtest.net configuration...
Testing from FIl Products Service Television Inc (103.105.214.54)...
Retrieving speedtest.net server list...
Selecting best server based on ping...
Hosted by Globe Telecom (Cebu City) [126.16 km]: 22.329 ms
Testing download speed................................................................................
Download: 91.81 Mbit/s
Testing upload speed......................................................................................................
Upload: 87.28 Mbit/s
2025-09-12T01:50:01+08:00
Retrieving speedtest.net configuration...
Testing from FIl Products Service Television Inc (103.105.214.54)...
Retrieving speedtest.net server list...
Selecting best server based on ping...
Hosted by PLDT (Cebu City) [126.16 km]: 35.997 ms
Testing download speed................................................................................
Download: 85.55 Mbit/s
Testing upload speed......................................................................................................
Upload: 4.56 Mbit/s
2025-09-12T01:55:01+08:00
Retrieving speedtest.net configuration...
Testing from FIl Products Service Television Inc (103.105.214.54)...
Retrieving speedtest.net server list...
Selecting best server based on ping...
Hosted by Globe Telecom (Cebu City) [126.16 km]: 22.257 ms
Testing download speed................................................................................
Download: 91.22 Mbit/s
Testing upload speed......................................................................................................
Upload: 89.78 Mbit/s
2025-09-12T02:00:01+08:00
Retrieving speedtest.net configuration...
Testing from FIl Products Service Television Inc (103.105.214.54)...
Retrieving speedtest.net server list...
Selecting best server based on ping...
2025-09-12T02:05:01+08:00
Retrieving speedtest.net configuration...
2025-09-12T02:10:01+08:00
Retrieving speedtest.net configuration...
Testing from FIl Products Service Television Inc (103.105.214.59)...
Retrieving speedtest.net server list...
Selecting best server based on ping...
Hosted by Globe Telecom (Cebu City) [126.16 km]: 33.929 ms
Testing download speed................................................................................
Download: 92.65 Mbit/s
Testing upload speed......................................................................................................
Upload: 86.66 Mbit/s
2025-09-12T02:15:01+08:00
Retrieving speedtest.net configuration...
Testing from FIl Products Service Television Inc (103.105.214.59)...
Retrieving speedtest.net server list...
Selecting best server based on ping...
Hosted by Globe Telecom (Cebu City) [126.16 km]: 21.653 ms
Testing download speed................................................................................
Download: 92.80 Mbit/s
Testing upload speed......................................................................................................
Upload: 86.44 Mbit/s
2025-09-12T02:20:01+08:00
Retrieving speedtest.net configuration...
Testing from FIl Products Service Television Inc (103.105.214.59)...
Retrieving speedtest.net server list...
Selecting best server based on ping...
Hosted by Globe Telecom (Cebu City) [126.16 km]: 21.893 ms
Testing download speed................................................................................
Download: 92.10 Mbit/s
Testing upload speed......................................................................................................
Upload: 86.64 Mbit/s
2025-09-12T02:25:01+08:00
Retrieving speedtest.net configuration...
Testing from FIl Products Service Television Inc (103.105.214.54)...
Retrieving speedtest.net server list...
Selecting best server based on ping...
Hosted by Globe Telecom (Cebu City) [126.16 km]: 22.294 ms
Testing download speed................................................................................
Download: 92.93 Mbit/s
Testing upload speed......................................................................................................
Upload: 80.10 Mbit/s
2025-09-12T02:30:01+08:00
Retrieving speedtest.net configuration...
Testing from FIl Products Service Television Inc (103.105.214.59)...
Retrieving speedtest.net server list...
Selecting best server based on ping...
2025-09-12T02:35:01+08:00
Retrieving speedtest.net configuration...
Testing from FIl Products Service Television Inc (103.105.214.59)...
Retrieving speedtest.net server list...
Selecting best server based on ping...
Hosted by Globe Telecom (Cebu City) [126.16 km]: 33.999 ms
Testing download speed................................................................................
Download: 92.53 Mbit/s
Testing upload speed......................................................................................................
Upload: 88.36 Mbit/s
2025-09-12T02:40:01+08:00
Retrieving speedtest.net configuration...
Testing from FIl Products Service Television Inc (103.105.214.54)...
Retrieving speedtest.net server list...
Selecting best server based on ping...
Hosted by Globe Telecom (Cebu City) [126.16 km]: 34.727 ms
Testing download speed................................................................................
Download: 91.36 Mbit/s
Testing upload speed......................................................................................................
Upload: 85.13 Mbit/s
2025-09-12T02:45:01+08:00
Retrieving speedtest.net configuration...
Testing from FIl Products Service Television Inc (103.105.214.59)...
Retrieving speedtest.net server list...
Selecting best server based on ping...
Hosted by Globe Telecom (Cebu City) [126.16 km]: 38.029 ms
Testing download speed................................................................................
Download: 92.72 Mbit/s
Testing upload speed......................................................................................................
Upload: 86.29 Mbit/s
2025-09-12T02:50:01+08:00
Retrieving speedtest.net configuration...
Testing from FIl Products Service Television Inc (103.105.214.59)...
Retrieving speedtest.net server list...
Selecting best server based on ping...
Hosted by Globe Telecom (Cebu City) [126.16 km]: 22.205 ms
Testing download speed................................................................................
Download: 92.09 Mbit/s
Testing upload speed......................................................................................................
Upload: 87.34 Mbit/s
2025-09-12T02:55:01+08:00
Retrieving speedtest.net configuration...
Testing from FIl Products Service Television Inc (103.105.214.59)...
Retrieving speedtest.net server list...
Selecting best server based on ping...
Hosted by Globe Telecom (Cebu City) [126.16 km]: 25.178 ms
Testing download speed................................................................................
Download: 91.76 Mbit/s
Testing upload speed......................................................................................................
Upload: 90.89 Mbit/s
2025-09-12T03:00:01+08:00
Retrieving speedtest.net configuration...
Testing from FIl Products Service Television Inc (103.105.214.59)...
Retrieving speedtest.net server list...
Selecting best server based on ping...
2025-09-12T03:05:01+08:00
Retrieving speedtest.net configuration...
2025-09-12T03:10:01+08:00
Retrieving speedtest.net configuration...
Testing from FIl Products Service Television Inc (103.105.214.54)...
Retrieving speedtest.net server list...
Selecting best server based on ping...
Hosted by Globe Telecom (Cebu City) [126.16 km]: 28.633 ms
Testing download speed................................................................................
Download: 92.34 Mbit/s
Testing upload speed......................................................................................................
Upload: 87.67 Mbit/s
2025-09-12T03:15:01+08:00
Retrieving speedtest.net configuration...
Testing from FIl Products Service Television Inc (103.105.214.54)...
Retrieving speedtest.net server list...
Selecting best server based on ping...
Hosted by Globe Telecom (Cebu City) [126.16 km]: 21.845 ms
Testing download speed................................................................................
Download: 91.75 Mbit/s
Testing upload speed......................................................................................................
Upload: 83.93 Mbit/s
2025-09-12T03:20:01+08:00
Retrieving speedtest.net configuration...
Testing from FIl Products Service Television Inc (103.105.214.59)...
Retrieving speedtest.net server list...
Selecting best server based on ping...
Hosted by Cine Cebu (Cebu City) [126.16 km]: 45.792 ms
Testing download speed................................................................................
Download: 91.05 Mbit/s
Testing upload speed......................................................................................................
Upload: 79.46 Mbit/s
2025-09-12T03:25:01+08:00
Retrieving speedtest.net configuration...
Testing from FIl Products Service Television Inc (103.105.214.59)...
Retrieving speedtest.net server list...
Selecting best server based on ping...
Hosted by Zafra Cable Television Network Inc. (Panglao) [57.64 km]: 43.404 ms
Testing download speed................................................................................
Download: 82.99 Mbit/s
Testing upload speed......................................................................................................
Upload: 4.41 Mbit/s
2025-09-12T03:30:01+08:00
Retrieving speedtest.net configuration...
Testing from FIl Products Service Television Inc (103.105.214.59)...
Retrieving speedtest.net server list...
Selecting best server based on ping...
2025-09-12T03:35:01+08:00
Retrieving speedtest.net configuration...
Testing from FIl Products Service Television Inc (103.105.214.59)...
Retrieving speedtest.net server list...
Selecting best server based on ping...
Hosted by Cine Cebu (Cebu City) [126.16 km]: 42.157 ms
Testing download speed................................................................................
Download: 90.74 Mbit/s
Testing upload speed......................................................................................................
Upload: 80.25 Mbit/s
2025-09-12T03:40:01+08:00
Retrieving speedtest.net configuration...
Testing from FIl Products Service Television Inc (103.105.214.54)...
Retrieving speedtest.net server list...
Selecting best server based on ping...
Hosted by Cine Cebu (Cebu City) [126.16 km]: 45.32 ms
Testing download speed................................................................................
Download: 86.83 Mbit/s
Testing upload speed......................................................................................................
Upload: 77.94 Mbit/s
2025-09-12T03:45:01+08:00
Retrieving speedtest.net configuration...
Testing from FIl Products Service Television Inc (103.105.214.54)...
Retrieving speedtest.net server list...
Selecting best server based on ping...
Hosted by Zafra Cable Television Network Inc. (Panglao) [57.64 km]: 44.387 ms
Testing download speed................................................................................
Download: 84.45 Mbit/s
Testing upload speed......................................................................................................
Upload: 4.95 Mbit/s
2025-09-12T03:50:01+08:00
Retrieving speedtest.net configuration...
Testing from FIl Products Service Television Inc (103.105.214.54)...
Retrieving speedtest.net server list...
Selecting best server based on ping...
Hosted by Zafra Cable Television Network Inc. (Panglao) [57.64 km]: 43.476 ms
Testing download speed................................................................................
Download: 81.74 Mbit/s
Testing upload speed......................................................................................................
Upload: 3.74 Mbit/s
2025-09-12T03:55:01+08:00
Retrieving speedtest.net configuration...
Testing from FIl Products Service Television Inc (103.105.214.59)...
Retrieving speedtest.net server list...
Selecting best server based on ping...
Hosted by Cine Cebu (Cebu City) [126.16 km]: 42.793 ms
Testing download speed................................................................................
Download: 89.40 Mbit/s
Testing upload speed......................................................................................................
Upload: 67.36 Mbit/s
2025-09-12T04:00:01+08:00
Retrieving speedtest.net configuration...
Testing from FIl Products Service Television Inc (103.105.214.59)...
Retrieving speedtest.net server list...
Selecting best server based on ping...
2025-09-12T04:05:01+08:00
Retrieving speedtest.net configuration...
2025-09-12T04:10:01+08:00
Retrieving speedtest.net configuration...
Testing from FIl Products Service Television Inc (103.105.214.59)...
Retrieving speedtest.net server list...
Selecting best server based on ping...
Hosted by Zafra Cable Television Network Inc. (Panglao) [57.64 km]: 44.914 ms
Testing download speed................................................................................
Download: 88.05 Mbit/s
Testing upload speed......................................................................................................
Upload: 3.46 Mbit/s
2025-09-12T04:15:01+08:00
Retrieving speedtest.net configuration...
Testing from FIl Products Service Television Inc (103.105.214.54)...
Retrieving speedtest.net server list...
Selecting best server based on ping...
Hosted by Cine Cebu (Cebu City) [126.16 km]: 44.873 ms
Testing download speed................................................................................
Download: 87.26 Mbit/s
Testing upload speed......................................................................................................
Upload: 78.92 Mbit/s
2025-09-12T04:20:01+08:00
Retrieving speedtest.net configuration...
Testing from FIl Products Service Television Inc (103.105.214.59)...
Retrieving speedtest.net server list...
Selecting best server based on ping...
Hosted by Zafra Cable Television Network Inc. (Panglao) [57.64 km]: 46.592 ms
Testing download speed................................................................................
Download: 83.84 Mbit/s
Testing upload speed......................................................................................................
Upload: 13.14 Mbit/s
2025-09-12T04:25:01+08:00
Retrieving speedtest.net configuration...
Testing from FIl Products Service Television Inc (103.105.214.59)...
Retrieving speedtest.net server list...
Selecting best server based on ping...
Hosted by Cine Cebu (Cebu City) [126.16 km]: 45.317 ms
Testing download speed................................................................................
Download: 89.32 Mbit/s
Testing upload speed......................................................................................................
Upload: 72.88 Mbit/s
2025-09-12T04:30:01+08:00
Retrieving speedtest.net configuration...
Testing from FIl Products Service Television Inc (103.105.214.59)...
Retrieving speedtest.net server list...
Selecting best server based on ping...
2025-09-12T04:35:01+08:00
Retrieving speedtest.net configuration...
Testing from FIl Products Service Television Inc (103.105.214.54)...
Retrieving speedtest.net server list...
Selecting best server based on ping...
Hosted by Zafra Cable Television Network Inc. (Panglao) [57.64 km]: 44.922 ms
Testing download speed................................................................................
Download: 84.43 Mbit/s
Testing upload speed......................................................................................................
Upload: 3.89 Mbit/s
2025-09-12T04:40:01+08:00
Retrieving speedtest.net configuration...
Testing from FIl Products Service Television Inc (103.105.214.54)...
Retrieving speedtest.net server list...
Selecting best server based on ping...
Hosted by Zafra Cable Television Network Inc. (Panglao) [57.64 km]: 46.154 ms
Testing download speed................................................................................
Download: 85.98 Mbit/s
Testing upload speed......................................................................................................
Upload: 57.30 Mbit/s
2025-09-12T04:45:01+08:00
Retrieving speedtest.net configuration...
Testing from FIl Products Service Television Inc (103.105.214.59)...
Retrieving speedtest.net server list...
Selecting best server based on ping...
Hosted by Cine Cebu (Cebu City) [126.16 km]: 42.375 ms
Testing download speed................................................................................
Download: 88.82 Mbit/s
Testing upload speed......................................................................................................
Upload: 72.93 Mbit/s
2025-09-12T04:50:01+08:00
Retrieving speedtest.net configuration...
Testing from FIl Products Service Television Inc (103.105.214.54)...
Retrieving speedtest.net server list...
Selecting best server based on ping...
Hosted by Cine Cebu (Cebu City) [126.16 km]: 44.666 ms
Testing download speed................................................................................
Download: 90.03 Mbit/s
Testing upload speed......................................................................................................
Upload: 77.88 Mbit/s
2025-09-12T04:55:01+08:00
Retrieving speedtest.net configuration...
Testing from FIl Products Service Television Inc (103.105.214.54)...
Retrieving speedtest.net server list...
Selecting best server based on ping...
Hosted by Cine Cebu (Cebu City) [126.16 km]: 44.234 ms
Testing download speed................................................................................
Download: 91.16 Mbit/s
Testing upload speed......................................................................................................
Upload: 79.19 Mbit/s
2025-09-12T05:00:01+08:00
Retrieving speedtest.net configuration...
Testing from FIl Products Service Television Inc (103.105.214.54)...
Retrieving speedtest.net server list...
Selecting best server based on ping...
2025-09-12T05:05:01+08:00
Retrieving speedtest.net configuration...
Testing from FIl Products Service Television Inc (103.105.214.54)...
Retrieving speedtest.net server list...
Selecting best server based on ping...
Hosted by Cine Cebu (Cebu City) [126.16 km]: 41.903 ms
Testing download speed................................................................................
Download: 88.98 Mbit/s
Testing upload speed......................................................................................................
Upload: 78.00 Mbit/s
2025-09-12T05:10:01+08:00
Retrieving speedtest.net configuration...
Testing from FIl Products Service Television Inc (103.105.214.54)...
Retrieving speedtest.net server list...
Selecting best server based on ping...
Hosted by Cine Cebu (Cebu City) [126.16 km]: 47.305 ms
Testing download speed................................................................................
Download: 86.99 Mbit/s
Testing upload speed......................................................................................................
Upload: 79.74 Mbit/s
2025-09-12T05:15:01+08:00
Retrieving speedtest.net configuration...
Testing from FIl Products Service Television Inc (103.105.214.54)...
Retrieving speedtest.net server list...
Selecting best server based on ping...
Hosted by Zafra Cable Television Network Inc. (Panglao) [57.64 km]: 47.587 ms
Testing download speed................................................................................
Download: 83.22 Mbit/s
Testing upload speed......................................................................................................
Upload: 8.37 Mbit/s
2025-09-12T05:20:01+08:00
Retrieving speedtest.net configuration...
Testing from FIl Products Service Television Inc (103.105.214.59)...
Retrieving speedtest.net server list...
Selecting best server based on ping...
Hosted by Cine Cebu (Cebu City) [126.16 km]: 42.98 ms
Testing download speed................................................................................
Download: 88.23 Mbit/s
Testing upload speed......................................................................................................
Upload: 70.34 Mbit/s
2025-09-12T05:25:01+08:00
Retrieving speedtest.net configuration...
Testing from FIl Products Service Television Inc (103.105.214.54)...
Retrieving speedtest.net server list...
Selecting best server based on ping...
Hosted by Cine Cebu (Cebu City) [126.16 km]: 41.624 ms
Testing download speed................................................................................
Download: 88.77 Mbit/s
Testing upload speed......................................................................................................
Upload: 74.80 Mbit/s
2025-09-12T05:30:01+08:00
Retrieving speedtest.net configuration...
Testing from FIl Products Service Television Inc (103.105.214.54)...
Retrieving speedtest.net server list...
Selecting best server based on ping...
2025-09-12T05:35:01+08:00
Retrieving speedtest.net configuration...
Testing from FIl Products Service Television Inc (103.105.214.54)...
Retrieving speedtest.net server list...
Selecting best server based on ping...
Hosted by Cine Cebu (Cebu City) [126.16 km]: 43.537 ms
Testing download speed................................................................................
Download: 90.79 Mbit/s
Testing upload speed......................................................................................................
Upload: 76.90 Mbit/s
2025-09-12T05:40:01+08:00
Retrieving speedtest.net configuration...
Testing from FIl Products Service Television Inc (103.105.214.59)...
Retrieving speedtest.net server list...
Selecting best server based on ping...
Hosted by Cine Cebu (Cebu City) [126.16 km]: 44.277 ms
Testing download speed................................................................................
Download: 91.09 Mbit/s
Testing upload speed......................................................................................................
Upload: 73.03 Mbit/s
2025-09-12T05:45:01+08:00
Retrieving speedtest.net configuration...
Testing from FIl Products Service Television Inc (103.105.214.59)...
Retrieving speedtest.net server list...
Selecting best server based on ping...
Hosted by Cine Cebu (Cebu City) [126.16 km]: 46.013 ms
Testing download speed................................................................................
Download: 88.46 Mbit/s
Testing upload speed......................................................................................................
Upload: 75.82 Mbit/s
2025-09-12T05:50:01+08:00
Retrieving speedtest.net configuration...
Testing from FIl Products Service Television Inc (103.105.214.59)...
Retrieving speedtest.net server list...
Selecting best server based on ping...
Hosted by Zafra Cable Television Network Inc. (Panglao) [57.64 km]: 49.916 ms
Testing download speed................................................................................
Download: 74.51 Mbit/s
Testing upload speed......................................................................................................
Upload: 6.03 Mbit/s
2025-09-12T05:55:01+08:00
Retrieving speedtest.net configuration...
Testing from FIl Products Service Television Inc (103.105.214.54)...
Retrieving speedtest.net server list...
Selecting best server based on ping...
Hosted by Zafra Cable Television Network Inc. (Panglao) [57.64 km]: 45.362 ms
Testing download speed................................................................................
Download: 79.72 Mbit/s
Testing upload speed......................................................................................................
Upload: 9.06 Mbit/s
2025-09-12T06:00:01+08:00
Retrieving speedtest.net configuration...
Testing from FIl Products Service Television Inc (103.105.214.59)...
Retrieving speedtest.net server list...
Selecting best server based on ping...
2025-09-12T06:05:01+08:00
Retrieving speedtest.net configuration...
2025-09-12T06:10:01+08:00
Retrieving speedtest.net configuration...
Testing from FIl Products Service Television Inc (103.105.214.54)...
Retrieving speedtest.net server list...
Selecting best server based on ping...
Hosted by Cine Cebu (Cebu City) [126.16 km]: 44.395 ms
Testing download speed................................................................................
Download: 88.11 Mbit/s
Testing upload speed......................................................................................................
Upload: 69.52 Mbit/s
2025-09-12T06:15:01+08:00
Retrieving speedtest.net configuration...
Testing from FIl Products Service Television Inc (103.105.214.59)...
Retrieving speedtest.net server list...
Selecting best server based on ping...
Hosted by Zafra Cable Television Network Inc. (Panglao) [57.64 km]: 45.914 ms
Testing download speed................................................................................
Download: 77.87 Mbit/s
Testing upload speed......................................................................................................
Upload: 2.76 Mbit/s
2025-09-12T06:20:01+08:00
Retrieving speedtest.net configuration...
Testing from FIl Products Service Television Inc (103.105.214.54)...
Retrieving speedtest.net server list...
Selecting best server based on ping...
Hosted by Cine Cebu (Cebu City) [126.16 km]: 42.266 ms
Testing download speed................................................................................
Download: 85.86 Mbit/s
Testing upload speed......................................................................................................
Upload: 79.64 Mbit/s
2025-09-12T06:25:01+08:00
Retrieving speedtest.net configuration...
Testing from FIl Products Service Television Inc (103.105.214.59)...
Retrieving speedtest.net server list...
Selecting best server based on ping...
Hosted by DITO (Cebu City) [128.48 km]: 34.168 ms
Testing download speed................................................................................
Download: 86.75 Mbit/s
Testing upload speed......................................................................................................
Upload: 83.09 Mbit/s
2025-09-12T06:30:01+08:00
Retrieving speedtest.net configuration...
Testing from FIl Products Service Television Inc (103.105.214.59)...
Retrieving speedtest.net server list...
Selecting best server based on ping...
2025-09-12T06:35:01+08:00
Retrieving speedtest.net configuration...
Testing from FIl Products Service Television Inc (103.105.214.54)...
Retrieving speedtest.net server list...
Selecting best server based on ping...
Hosted by PAKONEK SOLUTIONS (Cebu City) [128.33 km]: 31.032 ms
Testing download speed................................................................................
Download: 78.08 Mbit/s
Testing upload speed......................................................................................................
Upload: 88.75 Mbit/s
2025-09-12T06:40:01+08:00
Retrieving speedtest.net configuration...
Testing from FIl Products Service Television Inc (103.105.214.59)...
Retrieving speedtest.net server list...
Selecting best server based on ping...
Hosted by DITO (Cebu City) [128.48 km]: 39.017 ms
Testing download speed................................................................................
Download: 91.04 Mbit/s
Testing upload speed......................................................................................................
Upload: 81.17 Mbit/s
2025-09-12T06:45:01+08:00
Retrieving speedtest.net configuration...
Testing from FIl Products Service Television Inc (103.105.214.54)...
Retrieving speedtest.net server list...
Selecting best server based on ping...
Hosted by PAKONEK SOLUTIONS (Cebu City) [128.33 km]: 33.113 ms
Testing download speed................................................................................
Download: 89.54 Mbit/s
Testing upload speed......................................................................................................
Upload: 80.60 Mbit/s
2025-09-12T06:50:01+08:00
Retrieving speedtest.net configuration...
Testing from FIl Products Service Television Inc (103.105.214.59)...
Retrieving speedtest.net server list...
Selecting best server based on ping...
Hosted by DITO (Cebu City) [128.48 km]: 32.825 ms
Testing download speed................................................................................
Download: 91.06 Mbit/s
Testing upload speed......................................................................................................
Upload: 83.66 Mbit/s
2025-09-12T06:55:01+08:00
Retrieving speedtest.net configuration...
Testing from FIl Products Service Television Inc (103.105.214.59)...
Retrieving speedtest.net server list...
Selecting best server based on ping...
Hosted by DITO (Cebu City) [128.48 km]: 34.079 ms
Testing download speed................................................................................
Download: 91.92 Mbit/s
Testing upload speed......................................................................................................
Upload: 81.52 Mbit/s
2025-09-12T07:00:01+08:00
Retrieving speedtest.net configuration...
Testing from FIl Products Service Television Inc (103.105.214.54)...
Retrieving speedtest.net server list...
Selecting best server based on ping...
2025-09-12T07:05:01+08:00
Retrieving speedtest.net configuration...
Testing from FIl Products Service Television Inc (103.105.214.59)...
Retrieving speedtest.net server list...
Selecting best server based on ping...
Hosted by DITO (Cebu City) [128.48 km]: 39.466 ms
Testing download speed................................................................................
Download: 90.81 Mbit/s
Testing upload speed......................................................................................................
Upload: 81.85 Mbit/s
2025-09-12T07:10:01+08:00
Retrieving speedtest.net configuration...
2025-09-12T07:15:01+08:00
Retrieving speedtest.net configuration...
2025-09-12T07:20:01+08:00
Retrieving speedtest.net configuration...
Testing from FIl Products Service Television Inc (103.105.214.51)...
Retrieving speedtest.net server list...
Selecting best server based on ping...
Hosted by DITO (Cebu City) [128.48 km]: 35.257 ms
Testing download speed................................................................................
Download: 90.91 Mbit/s
Testing upload speed......................................................................................................
Upload: 81.38 Mbit/s
2025-09-12T07:25:01+08:00
Retrieving speedtest.net configuration...
Testing from FIl Products Service Television Inc (103.105.214.56)...
Retrieving speedtest.net server list...
Selecting best server based on ping...
Hosted by DITO (Cebu City) [128.48 km]: 41.198 ms
Testing download speed................................................................................
Download: 91.38 Mbit/s
Testing upload speed......................................................................................................
Upload: 89.15 Mbit/s
2025-09-12T07:30:01+08:00
Retrieving speedtest.net configuration...
Testing from FIl Products Service Television Inc (103.105.214.51)...
Retrieving speedtest.net server list...
Selecting best server based on ping...
2025-09-12T07:35:01+08:00
Retrieving speedtest.net configuration...
Testing from FIl Products Service Television Inc (103.105.214.62)...
Retrieving speedtest.net server list...
Selecting best server based on ping...
Hosted by PAKONEK SOLUTIONS (Cebu City) [128.33 km]: 39.421 ms
Testing download speed................................................................................
Download: 78.38 Mbit/s
Testing upload speed......................................................................................................
Upload: 85.09 Mbit/s
2025-09-12T07:40:01+08:00
Retrieving speedtest.net configuration...
Testing from FIl Products Service Television Inc (103.105.214.62)...
Retrieving speedtest.net server list...
Selecting best server based on ping...
Hosted by PAKONEK SOLUTIONS (Cebu City) [128.33 km]: 36.068 ms
Testing download speed................................................................................
Download: 82.33 Mbit/s
Testing upload speed......................................................................................................
Upload: 73.08 Mbit/s
2025-09-12T07:45:01+08:00
Retrieving speedtest.net configuration...
Testing from FIl Products Service Television Inc (103.105.214.62)...
Retrieving speedtest.net server list...
Selecting best server based on ping...
Hosted by PAKONEK SOLUTIONS (Cebu City) [128.33 km]: 30.068 ms
Testing download speed................................................................................
Download: 87.11 Mbit/s
Testing upload speed......................................................................................................
Upload: 79.17 Mbit/s
2025-09-12T07:50:01+08:00
Retrieving speedtest.net configuration...
Testing from FIl Products Service Television Inc (103.105.214.51)...
Retrieving speedtest.net server list...
Selecting best server based on ping...
Hosted by DITO (Cebu City) [128.48 km]: 31.965 ms
Testing download speed................................................................................
Download: 91.15 Mbit/s
Testing upload speed......................................................................................................
Upload: 80.03 Mbit/s
2025-09-12T07:55:01+08:00
Retrieving speedtest.net configuration...
Testing from FIl Products Service Television Inc (103.105.214.51)...
Retrieving speedtest.net server list...
Selecting best server based on ping...
Hosted by PAKONEK SOLUTIONS (Cebu City) [128.33 km]: 36.733 ms
Testing download speed................................................................................
Download: 85.99 Mbit/s
Testing upload speed......................................................................................................
Upload: 74.26 Mbit/s
2025-09-12T08:00:01+08:00
Retrieving speedtest.net configuration...
Testing from FIl Products Service Television Inc (103.105.214.51)...
Retrieving speedtest.net server list...
Selecting best server based on ping...
