2025-07-06T00:00:01+08:00
Retrieving speedtest.net configuration...
Testing from FIl Products Service Television Inc (103.105.214.48)...
Retrieving speedtest.net server list...
Selecting best server based on ping...
2025-07-06T00:05:01+08:00
Retrieving speedtest.net configuration...
2025-07-06T00:10:01+08:00
Retrieving speedtest.net configuration...
Testing from FIl Products Service Television Inc (103.105.214.48)...
Retrieving speedtest.net server list...
Selecting best server based on ping...
Hosted by Globe Telecom (Makati) [633.45 km]: 25.693 ms
Testing download speed................................................................................
Download: 195.31 Mbit/s
Testing upload speed......................................................................................................
Upload: 264.17 Mbit/s
2025-07-06T00:15:01+08:00
Retrieving speedtest.net configuration...
Testing from FIl Products Service Television Inc (103.105.214.57)...
Retrieving speedtest.net server list...
Selecting best server based on ping...
Hosted by Globe Telecom (Makati) [633.45 km]: 22.88 ms
Testing download speed................................................................................
Download: 178.59 Mbit/s
Testing upload speed......................................................................................................
Upload: 294.35 Mbit/s
2025-07-06T00:20:01+08:00
Retrieving speedtest.net configuration...
Testing from FIl Products Service Television Inc (103.105.214.48)...
Retrieving speedtest.net server list...
Selecting best server based on ping...
Hosted by Globe Telecom (Makati) [633.45 km]: 25.646 ms
Testing download speed................................................................................
Download: 196.22 Mbit/s
Testing upload speed......................................................................................................
Upload: 270.79 Mbit/s
2025-07-06T00:25:01+08:00
Retrieving speedtest.net configuration...
Testing from FIl Products Service Television Inc (103.105.214.48)...
Retrieving speedtest.net server list...
Selecting best server based on ping...
Hosted by Globe Telecom (Makati) [633.45 km]: 22.627 ms
Testing download speed................................................................................
Download: 188.61 Mbit/s
Testing upload speed......................................................................................................
Upload: 293.00 Mbit/s
2025-07-06T00:30:01+08:00
Retrieving speedtest.net configuration...
Testing from FIl Products Service Television Inc (103.105.214.48)...
Retrieving speedtest.net server list...
Selecting best server based on ping...
2025-07-06T00:35:01+08:00
Retrieving speedtest.net configuration...
Testing from FIl Products Service Television Inc (103.105.214.48)...
Retrieving speedtest.net server list...
Selecting best server based on ping...
Hosted by Globe Telecom (Makati) [633.45 km]: 27.729 ms
Testing download speed................................................................................
Download: 184.23 Mbit/s
Testing upload speed......................................................................................................
Upload: 228.89 Mbit/s
2025-07-06T00:40:01+08:00
Retrieving speedtest.net configuration...
Testing from FIl Products Service Television Inc (103.105.214.48)...
Retrieving speedtest.net server list...
Selecting best server based on ping...
Hosted by Globe Telecom (Makati) [633.45 km]: 23.486 ms
Testing download speed................................................................................
Download: 164.80 Mbit/s
Testing upload speed......................................................................................................
Upload: 240.42 Mbit/s
2025-07-06T00:45:01+08:00
Retrieving speedtest.net configuration...
Testing from FIl Products Service Television Inc (103.105.214.48)...
Retrieving speedtest.net server list...
Selecting best server based on ping...
Hosted by Globe Telecom (Makati) [633.45 km]: 25.052 ms
Testing download speed................................................................................
Download: 187.11 Mbit/s
Testing upload speed......................................................................................................
Upload: 290.64 Mbit/s
2025-07-06T00:50:01+08:00
Retrieving speedtest.net configuration...
Testing from FIl Products Service Television Inc (103.105.214.48)...
Retrieving speedtest.net server list...
Selecting best server based on ping...
Hosted by Globe Telecom (Makati) [633.45 km]: 26.784 ms
Testing download speed................................................................................
Download: 137.29 Mbit/s
Testing upload speed......................................................................................................
Upload: 189.13 Mbit/s
2025-07-06T00:55:01+08:00
Retrieving speedtest.net configuration...
Testing from FIl Products Service Television Inc (103.105.214.48)...
Retrieving speedtest.net server list...
Selecting best server based on ping...
Hosted by Globe Telecom (Makati) [633.45 km]: 22.09 ms
Testing download speed................................................................................
Download: 189.09 Mbit/s
Testing upload speed......................................................................................................
Upload: 178.16 Mbit/s
2025-07-06T01:00:01+08:00
Retrieving speedtest.net configuration...
Testing from FIl Products Service Television Inc (103.105.214.57)...
Retrieving speedtest.net server list...
Selecting best server based on ping...
2025-07-06T01:05:01+08:00
Retrieving speedtest.net configuration...
2025-07-06T01:10:01+08:00
Retrieving speedtest.net configuration...
Testing from FIl Products Service Television Inc (103.105.214.57)...
Retrieving speedtest.net server list...
Selecting best server based on ping...
Hosted by Globe Telecom (Makati) [633.45 km]: 25.786 ms
Testing download speed................................................................................
Download: 186.62 Mbit/s
Testing upload speed......................................................................................................
Upload: 253.20 Mbit/s
2025-07-06T01:15:01+08:00
Retrieving speedtest.net configuration...
Testing from FIl Products Service Television Inc (103.105.214.57)...
Retrieving speedtest.net server list...
Selecting best server based on ping...
Hosted by Globe Telecom (Makati) [633.45 km]: 24.293 ms
Testing download speed................................................................................
Download: 195.61 Mbit/s
Testing upload speed......................................................................................................
Upload: 236.49 Mbit/s
2025-07-06T01:20:01+08:00
Retrieving speedtest.net configuration...
Testing from FIl Products Service Television Inc (103.105.214.57)...
Retrieving speedtest.net server list...
Selecting best server based on ping...
Hosted by Globe Telecom (Makati) [633.45 km]: 25.855 ms
Testing download speed................................................................................
Download: 192.94 Mbit/s
Testing upload speed......................................................................................................
Upload: 199.81 Mbit/s
2025-07-06T01:25:01+08:00
Retrieving speedtest.net configuration...
Testing from FIl Products Service Television Inc (103.105.214.48)...
Retrieving speedtest.net server list...
Selecting best server based on ping...
Hosted by Globe Telecom (Makati) [633.45 km]: 22.531 ms
Testing download speed................................................................................
Download: 164.83 Mbit/s
Testing upload speed......................................................................................................
Upload: 255.05 Mbit/s
2025-07-06T01:30:01+08:00
Retrieving speedtest.net configuration...
Testing from FIl Products Service Television Inc (103.105.214.57)...
Retrieving speedtest.net server list...
Selecting best server based on ping...
2025-07-06T01:35:01+08:00
Retrieving speedtest.net configuration...
Testing from FIl Products Service Television Inc (103.105.214.48)...
Retrieving speedtest.net server list...
Selecting best server based on ping...
Hosted by Globe Telecom (Makati) [633.45 km]: 26.383 ms
Testing download speed................................................................................
Download: 191.08 Mbit/s
Testing upload speed......................................................................................................
Upload: 304.64 Mbit/s
2025-07-06T01:40:01+08:00
Retrieving speedtest.net configuration...
Testing from FIl Products Service Television Inc (103.105.214.57)...
Retrieving speedtest.net server list...
Selecting best server based on ping...
Hosted by Globe Telecom (Makati) [633.45 km]: 25.024 ms
Testing download speed................................................................................
Download: 191.94 Mbit/s
Testing upload speed......................................................................................................
Upload: 238.34 Mbit/s
2025-07-06T01:45:01+08:00
Retrieving speedtest.net configuration...
Testing from FIl Products Service Television Inc (103.105.214.57)...
Retrieving speedtest.net server list...
Selecting best server based on ping...
Hosted by Globe Telecom (Makati) [633.45 km]: 24.479 ms
Testing download speed................................................................................
Download: 194.05 Mbit/s
Testing upload speed......................................................................................................
Upload: 272.05 Mbit/s
2025-07-06T01:50:01+08:00
Retrieving speedtest.net configuration...
Testing from FIl Products Service Television Inc (103.105.214.48)...
Retrieving speedtest.net server list...
Selecting best server based on ping...
Hosted by Globe Telecom (Makati) [633.45 km]: 25.706 ms
Testing download speed................................................................................
Download: 122.87 Mbit/s
Testing upload speed......................................................................................................
Upload: 240.98 Mbit/s
2025-07-06T01:55:01+08:00
Retrieving speedtest.net configuration...
Testing from FIl Products Service Television Inc (103.105.214.48)...
Retrieving speedtest.net server list...
Selecting best server based on ping...
Hosted by Globe Telecom (Makati) [633.45 km]: 24.91 ms
Testing download speed................................................................................
Download: 196.02 Mbit/s
Testing upload speed......................................................................................................
Upload: 258.68 Mbit/s
2025-07-06T02:00:01+08:00
Retrieving speedtest.net configuration...
Testing from FIl Products Service Television Inc (103.105.214.48)...
Retrieving speedtest.net server list...
