2025-06-04T00:00:01+08:00
Retrieving speedtest.net configuration...
Testing from FIl Products Service Television Inc (103.105.214.58)...
Retrieving speedtest.net server list...
Selecting best server based on ping...
2025-06-04T00:05:01+08:00
Retrieving speedtest.net configuration...
2025-06-04T00:10:01+08:00
Retrieving speedtest.net configuration...
Testing from FIl Products Service Television Inc (103.105.214.58)...
Retrieving speedtest.net server list...
Selecting best server based on ping...
Hosted by Zafra Cable Television Network Inc. (Panglao) [57.64 km]: 27.537 ms
Testing download speed................................................................................
Download: 183.30 Mbit/s
Testing upload speed......................................................................................................
Upload: 205.64 Mbit/s
2025-06-04T00:15:01+08:00
Retrieving speedtest.net configuration...
Testing from FIl Products Service Television Inc (103.105.214.58)...
Retrieving speedtest.net server list...
Selecting best server based on ping...
Hosted by Zafra Cable Television Network Inc. (Panglao) [57.64 km]: 27.005 ms
Testing download speed................................................................................
Download: 86.90 Mbit/s
Testing upload speed......................................................................................................
Upload: 192.39 Mbit/s
2025-06-04T00:20:01+08:00
Retrieving speedtest.net configuration...
Testing from FIl Products Service Television Inc (103.105.214.58)...
Retrieving speedtest.net server list...
Selecting best server based on ping...
Hosted by Zafra Cable Television Network Inc. (Panglao) [57.64 km]: 26.761 ms
Testing download speed................................................................................
Download: 172.94 Mbit/s
Testing upload speed......................................................................................................
Upload: 155.09 Mbit/s
2025-06-04T00:25:01+08:00
Retrieving speedtest.net configuration...
Testing from FIl Products Service Television Inc (103.105.214.58)...
Retrieving speedtest.net server list...
Selecting best server based on ping...
Hosted by Zafra Cable Television Network Inc. (Panglao) [57.64 km]: 29.371 ms
Testing download speed................................................................................
Download: 185.50 Mbit/s
Testing upload speed......................................................................................................
Upload: 134.74 Mbit/s
2025-06-04T00:30:01+08:00
Retrieving speedtest.net configuration...
Testing from FIl Products Service Television Inc (103.105.214.58)...
Retrieving speedtest.net server list...
Selecting best server based on ping...
2025-06-04T00:35:01+08:00
Retrieving speedtest.net configuration...
Testing from FIl Products Service Television Inc (103.105.214.58)...
Retrieving speedtest.net server list...
Selecting best server based on ping...
Hosted by Zafra Cable Television Network Inc. (Panglao) [57.64 km]: 30.541 ms
Testing download speed................................................................................
Download: 185.96 Mbit/s
Testing upload speed......................................................................................................
Upload: 219.41 Mbit/s
2025-06-04T00:40:01+08:00
Retrieving speedtest.net configuration...
Testing from FIl Products Service Television Inc (103.105.214.58)...
Retrieving speedtest.net server list...
Selecting best server based on ping...
Hosted by Zafra Cable Television Network Inc. (Panglao) [57.64 km]: 29.257 ms
Testing download speed................................................................................
Download: 184.82 Mbit/s
Testing upload speed......................................................................................................
Upload: 225.34 Mbit/s
2025-06-04T00:45:01+08:00
Retrieving speedtest.net configuration...
Testing from FIl Products Service Television Inc (103.105.214.58)...
Retrieving speedtest.net server list...
Selecting best server based on ping...
Hosted by Zafra Cable Television Network Inc. (Panglao) [57.64 km]: 27.603 ms
Testing download speed................................................................................
Download: 145.96 Mbit/s
Testing upload speed......................................................................................................
Upload: 231.42 Mbit/s
2025-06-04T00:50:01+08:00
Retrieving speedtest.net configuration...
Testing from FIl Products Service Television Inc (103.105.214.58)...
Retrieving speedtest.net server list...
Selecting best server based on ping...
Hosted by Zafra Cable Television Network Inc. (Panglao) [57.64 km]: 29.364 ms
Testing download speed................................................................................
Download: 125.52 Mbit/s
Testing upload speed......................................................................................................
Upload: 269.68 Mbit/s
2025-06-04T00:55:01+08:00
Retrieving speedtest.net configuration...
Testing from FIl Products Service Television Inc (103.105.214.58)...
Retrieving speedtest.net server list...
Selecting best server based on ping...
Hosted by Globe Telecom (Cebu City) [126.16 km]: 22.202 ms
Testing download speed................................................................................
Download: 174.21 Mbit/s
Testing upload speed......................................................................................................
Upload: 182.25 Mbit/s
2025-06-04T01:00:01+08:00
Retrieving speedtest.net configuration...
Testing from FIl Products Service Television Inc (103.105.214.58)...
Retrieving speedtest.net server list...
Selecting best server based on ping...
