2025-09-14T00:00:01+08:00
Retrieving speedtest.net configuration...
Testing from FIl Products Service Television Inc (103.105.214.48)...
Retrieving speedtest.net server list...
Selecting best server based on ping...
2025-09-14T00:05:01+08:00
Retrieving speedtest.net configuration...
2025-09-14T00:10:01+08:00
Retrieving speedtest.net configuration...
Testing from FIl Products Service Television Inc (103.105.214.48)...
Retrieving speedtest.net server list...
Selecting best server based on ping...
Hosted by Globe Telecom (Pasig City) [633.83 km]: 37.366 ms
Testing download speed................................................................................
Download: 90.84 Mbit/s
Testing upload speed......................................................................................................
Upload: 90.25 Mbit/s
2025-09-14T00:15:01+08:00
Retrieving speedtest.net configuration...
Testing from FIl Products Service Television Inc (103.105.214.59)...
Retrieving speedtest.net server list...
Selecting best server based on ping...
Hosted by Globe Telecom (Pasig City) [633.83 km]: 20.57 ms
Testing download speed................................................................................
Download: 92.87 Mbit/s
Testing upload speed......................................................................................................
Upload: 82.68 Mbit/s
2025-09-14T00:20:01+08:00
Retrieving speedtest.net configuration...
Testing from FIl Products Service Television Inc (103.105.214.48)...
Retrieving speedtest.net server list...
Selecting best server based on ping...
Hosted by Globe Telecom (Pasig City) [633.83 km]: 21.233 ms
Testing download speed................................................................................
Download: 92.66 Mbit/s
Testing upload speed......................................................................................................
Upload: 86.15 Mbit/s
2025-09-14T00:25:01+08:00
Retrieving speedtest.net configuration...
Testing from FIl Products Service Television Inc (103.105.214.59)...
Retrieving speedtest.net server list...
Selecting best server based on ping...
Hosted by Globe Telecom (Pasig City) [633.83 km]: 21.224 ms
Testing download speed................................................................................
Download: 92.99 Mbit/s
Testing upload speed......................................................................................................
Upload: 88.18 Mbit/s
2025-09-14T00:30:01+08:00
Retrieving speedtest.net configuration...
Testing from FIl Products Service Television Inc (103.105.214.59)...
Retrieving speedtest.net server list...
Selecting best server based on ping...
2025-09-14T00:35:01+08:00
Retrieving speedtest.net configuration...
Testing from FIl Products Service Television Inc (103.105.214.48)...
Retrieving speedtest.net server list...
Selecting best server based on ping...
Hosted by Globe Telecom (Pasig City) [633.83 km]: 29.521 ms
Testing download speed................................................................................
Download: 92.79 Mbit/s
Testing upload speed......................................................................................................
Upload: 89.85 Mbit/s
2025-09-14T00:40:01+08:00
Retrieving speedtest.net configuration...
Testing from FIl Products Service Television Inc (103.105.214.59)...
Retrieving speedtest.net server list...
Selecting best server based on ping...
Hosted by Globe Telecom (Pasig City) [633.83 km]: 21.626 ms
Testing download speed................................................................................
Download: 92.92 Mbit/s
Testing upload speed......................................................................................................
Upload: 73.15 Mbit/s
2025-09-14T00:45:01+08:00
Retrieving speedtest.net configuration...
Testing from FIl Products Service Television Inc (103.105.214.59)...
Retrieving speedtest.net server list...
Selecting best server based on ping...
Hosted by Globe Telecom (Pasig City) [633.83 km]: 34.931 ms
Testing download speed................................................................................
Download: 85.97 Mbit/s
Testing upload speed......................................................................................................
Upload: 88.49 Mbit/s
2025-09-14T00:50:01+08:00
Retrieving speedtest.net configuration...
Testing from FIl Products Service Television Inc (103.105.214.59)...
Retrieving speedtest.net server list...
Selecting best server based on ping...
Hosted by Globe Telecom (Pasig City) [633.83 km]: 21.548 ms
Testing download speed................................................................................
Download: 92.85 Mbit/s
Testing upload speed......................................................................................................
Upload: 86.30 Mbit/s
2025-09-14T00:55:01+08:00
Retrieving speedtest.net configuration...
Testing from FIl Products Service Television Inc (103.105.214.59)...
Retrieving speedtest.net server list...
Selecting best server based on ping...
Hosted by RISE.ph (Makati) [633.45 km]: 48.026 ms
Testing download speed................................................................................
Download: 87.02 Mbit/s
Testing upload speed......................................................................................................
Upload: 65.88 Mbit/s
2025-09-14T01:00:01+08:00
Retrieving speedtest.net configuration...
Testing from FIl Products Service Television Inc (103.105.214.59)...
Retrieving speedtest.net server list...
Selecting best server based on ping...
2025-09-14T01:05:01+08:00
Retrieving speedtest.net configuration...
2025-09-14T01:10:01+08:00
Retrieving speedtest.net configuration...
Testing from FIl Products Service Television Inc (103.105.214.59)...
Retrieving speedtest.net server list...
Selecting best server based on ping...
Hosted by Globe Telecom (Pasig City) [633.83 km]: 38.79 ms
Testing download speed................................................................................
Download: 91.53 Mbit/s
Testing upload speed......................................................................................................
Upload: 87.57 Mbit/s
2025-09-14T01:15:01+08:00
Retrieving speedtest.net configuration...
Testing from FIl Products Service Television Inc (103.105.214.48)...
Retrieving speedtest.net server list...
Selecting best server based on ping...
Hosted by Globe Telecom (Pasig City) [633.83 km]: 21.776 ms
Testing download speed................................................................................
Download: 92.14 Mbit/s
Testing upload speed......................................................................................................
Upload: 88.70 Mbit/s
2025-09-14T01:20:01+08:00
Retrieving speedtest.net configuration...
Testing from FIl Products Service Television Inc (103.105.214.59)...
Retrieving speedtest.net server list...
Selecting best server based on ping...
Hosted by Globe Telecom (Pasig City) [633.83 km]: 34.196 ms
Testing download speed................................................................................
Download: 92.07 Mbit/s
Testing upload speed......................................................................................................
Upload: 86.77 Mbit/s
2025-09-14T01:25:01+08:00
Retrieving speedtest.net configuration...
Testing from FIl Products Service Television Inc (103.105.214.48)...
Retrieving speedtest.net server list...
Selecting best server based on ping...
Hosted by Globe Telecom (Pasig City) [633.83 km]: 24.957 ms
Testing download speed................................................................................
Download: 92.73 Mbit/s
Testing upload speed......................................................................................................
Upload: 88.28 Mbit/s
2025-09-14T01:30:01+08:00
Retrieving speedtest.net configuration...
Testing from FIl Products Service Television Inc (103.105.214.48)...
Retrieving speedtest.net server list...
Selecting best server based on ping...
2025-09-14T01:35:01+08:00
Retrieving speedtest.net configuration...
Testing from FIl Products Service Television Inc (103.105.214.48)...
Retrieving speedtest.net server list...
Selecting best server based on ping...
Hosted by Globe Telecom (Pasig City) [633.83 km]: 38.639 ms
Testing download speed................................................................................
Download: 91.27 Mbit/s
Testing upload speed......................................................................................................
Upload: 85.16 Mbit/s
2025-09-14T01:40:01+08:00
Retrieving speedtest.net configuration...
Testing from FIl Products Service Television Inc (103.105.214.48)...
Retrieving speedtest.net server list...
Selecting best server based on ping...
Hosted by Cablelink Internet Services Inc (Parañaque) [626.05 km]: 43.684 ms
Testing download speed................................................................................
Download: 78.24 Mbit/s
Testing upload speed......................................................................................................
Upload: 81.77 Mbit/s
2025-09-14T01:45:01+08:00
Retrieving speedtest.net configuration...
Testing from FIl Products Service Television Inc (103.105.214.48)...
Retrieving speedtest.net server list...
Selecting best server based on ping...
Hosted by Cablelink Internet Services Inc (Parañaque) [626.05 km]: 39.905 ms
Testing download speed................................................................................
Download: 76.59 Mbit/s
Testing upload speed......................................................................................................
Upload: 76.70 Mbit/s
2025-09-14T01:50:01+08:00
Retrieving speedtest.net configuration...
Testing from FIl Products Service Television Inc (103.105.214.59)...
Retrieving speedtest.net server list...
Selecting best server based on ping...
Hosted by Globe Telecom (Pasig City) [633.83 km]: 33.853 ms
Testing download speed................................................................................
Download: 92.83 Mbit/s
Testing upload speed......................................................................................................
Upload: 85.00 Mbit/s
2025-09-14T01:55:01+08:00
Retrieving speedtest.net configuration...
Testing from FIl Products Service Television Inc (103.105.214.59)...
Retrieving speedtest.net server list...
Selecting best server based on ping...
Hosted by Cablelink Internet Services Inc (Parañaque) [626.05 km]: 43.788 ms
Testing download speed................................................................................
Download: 81.76 Mbit/s
Testing upload speed......................................................................................................
Upload: 79.79 Mbit/s
2025-09-14T02:00:01+08:00
Retrieving speedtest.net configuration...
Testing from FIl Products Service Television Inc (103.105.214.59)...
Retrieving speedtest.net server list...
Selecting best server based on ping...
2025-09-14T02:05:01+08:00
Retrieving speedtest.net configuration...
2025-09-14T02:10:01+08:00
Retrieving speedtest.net configuration...
Testing from FIl Products Service Television Inc (103.105.214.59)...
Retrieving speedtest.net server list...
Selecting best server based on ping...
Hosted by RISE.ph (Makati) [633.45 km]: 47.203 ms
Testing download speed................................................................................
Download: 82.24 Mbit/s
Testing upload speed......................................................................................................
Upload: 60.51 Mbit/s
2025-09-14T02:15:01+08:00
Retrieving speedtest.net configuration...
Testing from FIl Products Service Television Inc (103.105.214.59)...
Retrieving speedtest.net server list...
Selecting best server based on ping...
Hosted by Globe Telecom (Pasig City) [633.83 km]: 21.479 ms
Testing download speed................................................................................
Download: 92.95 Mbit/s
Testing upload speed......................................................................................................
Upload: 86.84 Mbit/s
2025-09-14T02:20:01+08:00
Retrieving speedtest.net configuration...
Testing from FIl Products Service Television Inc (103.105.214.59)...
Retrieving speedtest.net server list...
Selecting best server based on ping...
Hosted by Globe Telecom (Pasig City) [633.83 km]: 37.44 ms
Testing download speed................................................................................
Download: 92.90 Mbit/s
Testing upload speed......................................................................................................
Upload: 80.95 Mbit/s
2025-09-14T02:25:01+08:00
Retrieving speedtest.net configuration...
Testing from FIl Products Service Television Inc (103.105.214.48)...
Retrieving speedtest.net server list...
Selecting best server based on ping...
Hosted by Globe Telecom (Pasig City) [633.83 km]: 21.21 ms
Testing download speed................................................................................
Download: 91.27 Mbit/s
Testing upload speed......................................................................................................
Upload: 90.28 Mbit/s
2025-09-14T02:30:01+08:00
Retrieving speedtest.net configuration...
Testing from FIl Products Service Television Inc (103.105.214.48)...
Retrieving speedtest.net server list...
Selecting best server based on ping...
2025-09-14T02:35:01+08:00
Retrieving speedtest.net configuration...
Testing from FIl Products Service Television Inc (103.105.214.59)...
Retrieving speedtest.net server list...
Selecting best server based on ping...
Hosted by Globe Telecom (Bacolod) [156.14 km]: 37.694 ms
Testing download speed................................................................................
Download: 89.66 Mbit/s
Testing upload speed......................................................................................................
Upload: 90.61 Mbit/s
2025-09-14T02:40:01+08:00
Retrieving speedtest.net configuration...
Testing from FIl Products Service Television Inc (103.105.214.59)...
Retrieving speedtest.net server list...
Selecting best server based on ping...
Hosted by Globe Telecom (Bacolod) [156.14 km]: 21.273 ms
Testing download speed................................................................................
Download: 92.59 Mbit/s
Testing upload speed......................................................................................................
Upload: 87.56 Mbit/s
2025-09-14T02:45:01+08:00
Retrieving speedtest.net configuration...
Testing from FIl Products Service Television Inc (103.105.214.48)...
Retrieving speedtest.net server list...
Selecting best server based on ping...
Hosted by Globe Telecom (Bacolod) [156.14 km]: 30.316 ms
Testing download speed................................................................................
Download: 92.71 Mbit/s
Testing upload speed......................................................................................................
Upload: 88.34 Mbit/s
2025-09-14T02:50:01+08:00
Retrieving speedtest.net configuration...
Testing from FIl Products Service Television Inc (103.105.214.59)...
Retrieving speedtest.net server list...
Selecting best server based on ping...
Hosted by Globe Telecom (Bacolod) [156.14 km]: 22.271 ms
Testing download speed................................................................................
Download: 92.98 Mbit/s
Testing upload speed......................................................................................................
Upload: 82.01 Mbit/s
2025-09-14T02:55:01+08:00
Retrieving speedtest.net configuration...
Testing from FIl Products Service Television Inc (103.105.214.48)...
Retrieving speedtest.net server list...
Selecting best server based on ping...
Hosted by Globe Telecom (Bacolod) [156.14 km]: 36.023 ms
Testing download speed................................................................................
Download: 92.77 Mbit/s
Testing upload speed......................................................................................................
Upload: 86.00 Mbit/s
2025-09-14T03:00:01+08:00
Retrieving speedtest.net configuration...
Testing from FIl Products Service Television Inc (103.105.214.59)...
Retrieving speedtest.net server list...
Selecting best server based on ping...
2025-09-14T03:05:01+08:00
Retrieving speedtest.net configuration...
2025-09-14T03:10:01+08:00
Retrieving speedtest.net configuration...
Testing from FIl Products Service Television Inc (103.105.214.48)...
Retrieving speedtest.net server list...
Selecting best server based on ping...
Hosted by DITO (Cebu City) [128.48 km]: 34.994 ms
Testing download speed................................................................................
Download: 89.29 Mbit/s
Testing upload speed......................................................................................................
Upload: 82.96 Mbit/s
2025-09-14T03:15:01+08:00
Retrieving speedtest.net configuration...
Testing from FIl Products Service Television Inc (103.105.214.48)...
Retrieving speedtest.net server list...
Selecting best server based on ping...
Hosted by Globe Telecom (Bacolod) [156.14 km]: 29.223 ms
Testing download speed................................................................................
Download: 92.38 Mbit/s
Testing upload speed......................................................................................................
Upload: 81.81 Mbit/s
2025-09-14T03:20:01+08:00
Retrieving speedtest.net configuration...
Testing from FIl Products Service Television Inc (103.105.214.59)...
Retrieving speedtest.net server list...
Selecting best server based on ping...
Hosted by Globe Telecom (Bacolod) [156.14 km]: 21.289 ms
Testing download speed................................................................................
Download: 92.26 Mbit/s
Testing upload speed......................................................................................................
Upload: 89.32 Mbit/s
2025-09-14T03:25:01+08:00
Retrieving speedtest.net configuration...
Testing from FIl Products Service Television Inc (103.105.214.48)...
Retrieving speedtest.net server list...
Selecting best server based on ping...
Hosted by DITO (Cebu City) [128.48 km]: 36.528 ms
Testing download speed................................................................................
Download: 91.67 Mbit/s
Testing upload speed......................................................................................................
Upload: 66.90 Mbit/s
2025-09-14T03:30:01+08:00
Retrieving speedtest.net configuration...
Testing from FIl Products Service Television Inc (103.105.214.59)...
Retrieving speedtest.net server list...
Selecting best server based on ping...
2025-09-14T03:35:01+08:00
Retrieving speedtest.net configuration...
Testing from FIl Products Service Television Inc (103.105.214.59)...
Retrieving speedtest.net server list...
Selecting best server based on ping...
Hosted by DITO (Cebu City) [128.48 km]: 37.096 ms
Testing download speed................................................................................
Download: 91.83 Mbit/s
Testing upload speed......................................................................................................
Upload: 81.64 Mbit/s
2025-09-14T03:40:01+08:00
Retrieving speedtest.net configuration...
Testing from FIl Products Service Television Inc (103.105.214.59)...
Retrieving speedtest.net server list...
Selecting best server based on ping...
Hosted by Globe Telecom (Bacolod) [156.14 km]: 21.63 ms
Testing download speed................................................................................
Download: 92.11 Mbit/s
Testing upload speed......................................................................................................
Upload: 90.04 Mbit/s
2025-09-14T03:45:01+08:00
Retrieving speedtest.net configuration...
Testing from FIl Products Service Television Inc (103.105.214.59)...
Retrieving speedtest.net server list...
Selecting best server based on ping...
Hosted by Globe Telecom (Bacolod) [156.14 km]: 22.336 ms
Testing download speed................................................................................
Download: 92.33 Mbit/s
Testing upload speed......................................................................................................
Upload: 88.76 Mbit/s
2025-09-14T03:50:01+08:00
Retrieving speedtest.net configuration...
Testing from FIl Products Service Television Inc (103.105.214.48)...
Retrieving speedtest.net server list...
Selecting best server based on ping...
Hosted by Globe Telecom (Bacolod) [156.14 km]: 22.359 ms
Testing download speed................................................................................
Download: 91.45 Mbit/s
Testing upload speed......................................................................................................
Upload: 90.65 Mbit/s
2025-09-14T03:55:01+08:00
Retrieving speedtest.net configuration...
Testing from FIl Products Service Television Inc (103.105.214.48)...
Retrieving speedtest.net server list...
Selecting best server based on ping...
Hosted by Globe Telecom (Bacolod) [156.14 km]: 34.667 ms
Testing download speed................................................................................
Download: 92.66 Mbit/s
Testing upload speed......................................................................................................
Upload: 84.15 Mbit/s
2025-09-14T04:00:01+08:00
Retrieving speedtest.net configuration...
Testing from FIl Products Service Television Inc (103.105.214.48)...
Retrieving speedtest.net server list...
