2025-09-02T00:00:01+08:00
Retrieving speedtest.net configuration...
Testing from FIl Products Service Television Inc (103.105.214.48)...
Retrieving speedtest.net server list...
Selecting best server based on ping...
2025-09-02T00:05:01+08:00
Retrieving speedtest.net configuration...
Testing from FIl Products Service Television Inc (103.105.214.60)...
Retrieving speedtest.net server list...
Selecting best server based on ping...
Hosted by Zafra Cable Television Network Inc. (Panglao) [57.64 km]: 37.675 ms
Testing download speed................................................................................
Download: 88.41 Mbit/s
Testing upload speed......................................................................................................
Upload: 86.96 Mbit/s
2025-09-02T00:10:01+08:00
Retrieving speedtest.net configuration...
Testing from FIl Products Service Television Inc (103.105.214.48)...
Retrieving speedtest.net server list...
Selecting best server based on ping...
Hosted by Zafra Cable Television Network Inc. (Panglao) [57.64 km]: 28.198 ms
Testing download speed................................................................................
Download: 88.55 Mbit/s
Testing upload speed......................................................................................................
Upload: 76.30 Mbit/s
2025-09-02T00:15:01+08:00
Retrieving speedtest.net configuration...
Testing from FIl Products Service Television Inc (103.105.214.60)...
Retrieving speedtest.net server list...
Selecting best server based on ping...
Hosted by Zafra Cable Television Network Inc. (Panglao) [57.64 km]: 27.443 ms
Testing download speed................................................................................
Download: 86.19 Mbit/s
Testing upload speed......................................................................................................
Upload: 80.89 Mbit/s
2025-09-02T00:20:01+08:00
Retrieving speedtest.net configuration...
Testing from FIl Products Service Television Inc (103.105.214.54)...
Retrieving speedtest.net server list...
Selecting best server based on ping...
Hosted by Zafra Cable Television Network Inc. (Panglao) [57.64 km]: 33.486 ms
Testing download speed................................................................................
Download: 90.76 Mbit/s
Testing upload speed......................................................................................................
Upload: 82.51 Mbit/s
2025-09-02T00:25:01+08:00
Retrieving speedtest.net configuration...
Testing from FIl Products Service Television Inc (103.105.214.48)...
Retrieving speedtest.net server list...
Selecting best server based on ping...
Hosted by Globe Telecom (Cagayan de Oro) [173.41 km]: 45.051 ms
Testing download speed................................................................................
Download: 91.97 Mbit/s
Testing upload speed......................................................................................................
Upload: 80.50 Mbit/s
2025-09-02T00:30:01+08:00
Retrieving speedtest.net configuration...
Testing from FIl Products Service Television Inc (103.105.214.60)...
Retrieving speedtest.net server list...
Selecting best server based on ping...
2025-09-02T00:35:01+08:00
Retrieving speedtest.net configuration...
Testing from FIl Products Service Television Inc (103.105.214.48)...
Retrieving speedtest.net server list...
Selecting best server based on ping...
Hosted by Zafra Cable Television Network Inc. (Panglao) [57.64 km]: 27.202 ms
Testing download speed................................................................................
Download: 91.74 Mbit/s
Testing upload speed......................................................................................................
Upload: 82.59 Mbit/s
2025-09-02T00:40:01+08:00
Retrieving speedtest.net configuration...
Testing from FIl Products Service Television Inc (103.105.214.48)...
Retrieving speedtest.net server list...
Selecting best server based on ping...
Hosted by Zafra Cable Television Network Inc. (Panglao) [57.64 km]: 30.464 ms
Testing download speed................................................................................
Download: 91.37 Mbit/s
Testing upload speed......................................................................................................
Upload: 79.35 Mbit/s
2025-09-02T00:45:01+08:00
Retrieving speedtest.net configuration...
Testing from FIl Products Service Television Inc (103.105.214.60)...
Retrieving speedtest.net server list...
Selecting best server based on ping...
Hosted by Zafra Cable Television Network Inc. (Panglao) [57.64 km]: 29.048 ms
Testing download speed................................................................................
Download: 87.27 Mbit/s
Testing upload speed......................................................................................................
Upload: 81.54 Mbit/s
2025-09-02T00:50:01+08:00
Retrieving speedtest.net configuration...
Testing from FIl Products Service Television Inc (103.105.214.60)...
Retrieving speedtest.net server list...
Selecting best server based on ping...
Hosted by Zafra Cable Television Network Inc. (Panglao) [57.64 km]: 27.236 ms
Testing download speed................................................................................
Download: 91.17 Mbit/s
Testing upload speed......................................................................................................
Upload: 76.34 Mbit/s
2025-09-02T00:55:01+08:00
Retrieving speedtest.net configuration...
Testing from FIl Products Service Television Inc (103.105.214.60)...
Retrieving speedtest.net server list...
Selecting best server based on ping...
Hosted by Zafra Cable Television Network Inc. (Panglao) [57.64 km]: 31.453 ms
Testing download speed................................................................................
Download: 90.81 Mbit/s
Testing upload speed......................................................................................................
Upload: 65.45 Mbit/s
2025-09-02T01:00:01+08:00
Retrieving speedtest.net configuration...
Testing from FIl Products Service Television Inc (103.105.214.60)...
Retrieving speedtest.net server list...
Selecting best server based on ping...
