2025-05-15T11:50:01-04:00
Retrieving speedtest.net configuration...
Testing from Bell Canada (142.188.145.144)...
Retrieving speedtest.net server list...
Selecting best server based on ping...
Hosted by Rogers (Ottawa, ON) [10.76 km]: 11.371 ms
Testing download speed................................................................................
Download: 407.58 Mbit/s
Testing upload speed......................................................................................................
Upload: 294.64 Mbit/s
2025-05-15T11:55:01-04:00
Retrieving speedtest.net configuration...
Testing from Bell Canada (142.188.145.144)...
Retrieving speedtest.net server list...
Selecting best server based on ping...
Hosted by Rogers (Ottawa, ON) [10.76 km]: 9.673 ms
Testing download speed................................................................................
Download: 385.76 Mbit/s
Testing upload speed......................................................................................................
Upload: 242.51 Mbit/s
2025-05-15T12:00:01-04:00
Retrieving speedtest.net configuration...
Testing from Bell Canada (142.188.145.144)...
Retrieving speedtest.net server list...
Selecting best server based on ping...
Hosted by Hive Data Center (Kanata, ON) [21.52 km]: 9.882 ms
Testing download speed................................................................................
Download: 322.16 Mbit/s
Testing upload speed......................................................................................................
Upload: 253.22 Mbit/s
2025-05-15T12:05:01-04:00
Retrieving speedtest.net configuration...
2025-05-15T12:10:01-04:00
Retrieving speedtest.net configuration...
Testing from Bell Canada (142.188.145.144)...
Retrieving speedtest.net server list...
Selecting best server based on ping...
Hosted by Rogers (Ottawa, ON) [10.76 km]: 9.747 ms
Testing download speed................................................................................
Download: 393.64 Mbit/s
Testing upload speed......................................................................................................
Upload: 235.52 Mbit/s
2025-05-15T12:15:01-04:00
Retrieving speedtest.net configuration...
Testing from Bell Canada (142.188.145.144)...
Retrieving speedtest.net server list...
Selecting best server based on ping...
Hosted by Rogers (Ottawa, ON) [10.76 km]: 10.256 ms
Testing download speed................................................................................
Download: 371.15 Mbit/s
Testing upload speed......................................................................................................
Upload: 262.49 Mbit/s
2025-05-15T12:20:01-04:00
Retrieving speedtest.net configuration...
Testing from Bell Canada (142.188.145.144)...
Retrieving speedtest.net server list...
Selecting best server based on ping...
Hosted by Rogers (Ottawa, ON) [10.76 km]: 10.9 ms
Testing download speed................................................................................
Download: 406.90 Mbit/s
Testing upload speed......................................................................................................
Upload: 261.12 Mbit/s
2025-05-15T12:25:01-04:00
Retrieving speedtest.net configuration...
Testing from Bell Canada (142.188.145.144)...
Retrieving speedtest.net server list...
Selecting best server based on ping...
Hosted by Rogers (Ottawa, ON) [10.76 km]: 9.855 ms
Testing download speed................................................................................
Download: 390.07 Mbit/s
Testing upload speed......................................................................................................
Upload: 305.07 Mbit/s
2025-05-15T12:30:01-04:00
Retrieving speedtest.net configuration...
Testing from Bell Canada (142.188.145.144)...
Retrieving speedtest.net server list...
Selecting best server based on ping...
Hosted by Rogers Wireless (Kanata, ON) [21.52 km]: 8.155 ms
Testing download speed................................................................................
Download: 411.96 Mbit/s
Testing upload speed......................................................................................................
Upload: 339.46 Mbit/s
2025-05-15T12:35:01-04:00
Retrieving speedtest.net configuration...
Testing from Bell Canada (142.188.145.144)...
Retrieving speedtest.net server list...
Selecting best server based on ping...
Hosted by Rogers Wireless (Ottawa, ON) [10.76 km]: 7.254 ms
Testing download speed................................................................................
Download: 394.02 Mbit/s
Testing upload speed......................................................................................................
Upload: 322.56 Mbit/s
2025-05-15T12:40:01-04:00
Retrieving speedtest.net configuration...
Testing from Bell Canada (142.188.145.144)...
Retrieving speedtest.net server list...
Selecting best server based on ping...
Hosted by Rogers Wireless (Kanata, ON) [21.52 km]: 7.166 ms
Testing download speed................................................................................
Download: 410.61 Mbit/s
Testing upload speed......................................................................................................
Upload: 332.35 Mbit/s
2025-05-15T12:45:01-04:00
Retrieving speedtest.net configuration...
Testing from Bell Canada (142.188.145.144)...
Retrieving speedtest.net server list...
Selecting best server based on ping...
Hosted by Rogers Wireless (Ottawa, ON) [10.76 km]: 7.212 ms
Testing download speed................................................................................
Download: 409.49 Mbit/s
Testing upload speed......................................................................................................
Upload: 336.87 Mbit/s
2025-05-15T12:50:01-04:00
Retrieving speedtest.net configuration...
Testing from Bell Canada (142.188.145.144)...
Retrieving speedtest.net server list...
Selecting best server based on ping...
Hosted by Rogers Wireless (Kanata, ON) [21.52 km]: 7.092 ms
Testing download speed................................................................................
Download: 443.73 Mbit/s
Testing upload speed......................................................................................................
Upload: 333.77 Mbit/s
2025-05-15T12:55:01-04:00
Retrieving speedtest.net configuration...
Testing from Bell Canada (142.188.145.144)...
Retrieving speedtest.net server list...
Selecting best server based on ping...
Hosted by Rogers Wireless (Ottawa, ON) [10.76 km]: 7.605 ms
Testing download speed................................................................................
Download: 412.99 Mbit/s
Testing upload speed......................................................................................................
Upload: 325.32 Mbit/s
2025-05-15T13:00:01-04:00
Retrieving speedtest.net configuration...
Testing from Bell Canada (142.188.145.144)...
Retrieving speedtest.net server list...
Selecting best server based on ping...
Hosted by Rogers Wireless (Kanata, ON) [21.52 km]: 6.846 ms
Testing download speed................................................................................
Download: 416.98 Mbit/s
Testing upload speed......................................................................................................
Upload: 326.31 Mbit/s
2025-05-15T13:05:01-04:00
Retrieving speedtest.net configuration...
2025-05-15T13:10:01-04:00
Retrieving speedtest.net configuration...
Testing from Bell Canada (142.188.145.144)...
Retrieving speedtest.net server list...
Selecting best server based on ping...
Hosted by Rogers Wireless (Kanata, ON) [21.52 km]: 7.354 ms
Testing download speed................................................................................
Download: 383.84 Mbit/s
Testing upload speed......................................................................................................
Upload: 329.61 Mbit/s
2025-05-15T13:15:01-04:00
Retrieving speedtest.net configuration...
Testing from Bell Canada (142.188.145.144)...
Retrieving speedtest.net server list...
Selecting best server based on ping...
Hosted by Rogers Wireless (Ottawa, ON) [10.76 km]: 7.189 ms
Testing download speed................................................................................
Download: 411.27 Mbit/s
Testing upload speed......................................................................................................
Upload: 335.17 Mbit/s
2025-05-15T13:20:01-04:00
Retrieving speedtest.net configuration...
Testing from Bell Canada (142.188.145.144)...
Retrieving speedtest.net server list...
Selecting best server based on ping...
Hosted by Rogers Wireless (Ottawa, ON) [10.76 km]: 7.078 ms
Testing download speed................................................................................
Download: 349.69 Mbit/s
Testing upload speed......................................................................................................
Upload: 337.27 Mbit/s
2025-05-15T13:25:01-04:00
Retrieving speedtest.net configuration...
Testing from Bell Canada (142.188.145.144)...
Retrieving speedtest.net server list...
Selecting best server based on ping...
Hosted by Rogers Wireless (Kanata, ON) [21.52 km]: 7.869 ms
Testing download speed................................................................................
Download: 397.23 Mbit/s
Testing upload speed......................................................................................................
Upload: 329.33 Mbit/s
2025-05-15T13:30:01-04:00
Retrieving speedtest.net configuration...
Testing from Bell Canada (142.188.145.144)...
Retrieving speedtest.net server list...
Selecting best server based on ping...
Hosted by Rogers Wireless (Ottawa, ON) [10.76 km]: 7.372 ms
Testing download speed................................................................................
Download: 421.80 Mbit/s
Testing upload speed......................................................................................................
Upload: 330.74 Mbit/s
2025-05-15T13:35:01-04:00
Retrieving speedtest.net configuration...
Testing from Bell Canada (142.188.145.144)...
Retrieving speedtest.net server list...
Selecting best server based on ping...
Hosted by Rogers Wireless (Ottawa, ON) [10.76 km]: 6.634 ms
Testing download speed................................................................................
Download: 408.94 Mbit/s
Testing upload speed......................................................................................................
Upload: 326.41 Mbit/s
2025-05-15T13:40:01-04:00
Retrieving speedtest.net configuration...
Testing from Bell Canada (142.188.145.144)...
Retrieving speedtest.net server list...
Selecting best server based on ping...
Hosted by Rogers Wireless (Ottawa, ON) [10.76 km]: 7.549 ms
Testing download speed................................................................................
Download: 412.19 Mbit/s
Testing upload speed......................................................................................................
Upload: 317.28 Mbit/s
2025-05-15T13:45:01-04:00
Retrieving speedtest.net configuration...
Testing from Bell Canada (142.188.145.144)...
Retrieving speedtest.net server list...
Selecting best server based on ping...
Hosted by Rogers Wireless (Ottawa, ON) [10.76 km]: 7.428 ms
Testing download speed................................................................................
Download: 392.23 Mbit/s
Testing upload speed......................................................................................................
Upload: 280.77 Mbit/s
2025-05-15T13:50:01-04:00
Retrieving speedtest.net configuration...
Testing from Bell Canada (142.188.145.144)...
Retrieving speedtest.net server list...
Selecting best server based on ping...
Hosted by Rogers Wireless (Kanata, ON) [21.52 km]: 7.306 ms
Testing download speed................................................................................
Download: 417.01 Mbit/s
Testing upload speed......................................................................................................
Upload: 334.31 Mbit/s
2025-05-15T23:15:01-04:00
Retrieving speedtest.net configuration...
Testing from Bell Canada (142.188.145.144)...
Retrieving speedtest.net server list...
Selecting best server based on ping...
Hosted by Bell Canada (Dorval, QC) [147.04 km]: 9.299 ms
Testing download speed................................................................................
Download: 413.17 Mbit/s
Testing upload speed......................................................................................................
Upload: 324.84 Mbit/s
2025-05-15T23:20:01-04:00
Retrieving speedtest.net configuration...
Testing from Bell Canada (142.188.145.144)...
Retrieving speedtest.net server list...
Selecting best server based on ping...
Hosted by Bell Canada (Dorval, QC) [147.04 km]: 7.818 ms
Testing download speed................................................................................
Download: 429.62 Mbit/s
Testing upload speed......................................................................................................
Upload: 318.55 Mbit/s
2025-05-15T23:25:01-04:00
Retrieving speedtest.net configuration...
Testing from Bell Canada (142.188.145.144)...
Retrieving speedtest.net server list...
Selecting best server based on ping...
Hosted by Bell Canada (Dorval, QC) [147.04 km]: 8.178 ms
Testing download speed................................................................................
Download: 415.25 Mbit/s
Testing upload speed......................................................................................................
Upload: 319.12 Mbit/s
2025-05-15T23:30:01-04:00
Retrieving speedtest.net configuration...
Testing from Bell Canada (142.188.145.144)...
Retrieving speedtest.net server list...
Selecting best server based on ping...
Hosted by Bell Canada (Dorval, QC) [147.04 km]: 7.058 ms
Testing download speed................................................................................
Download: 406.21 Mbit/s
Testing upload speed......................................................................................................
Upload: 325.88 Mbit/s
2025-05-15T23:35:01-04:00
Retrieving speedtest.net configuration...
Testing from Bell Canada (142.188.145.144)...
Retrieving speedtest.net server list...
Selecting best server based on ping...
Hosted by Bell Canada (Dorval, QC) [147.04 km]: 8.126 ms
Testing download speed................................................................................
Download: 424.80 Mbit/s
Testing upload speed......................................................................................................
Upload: 301.18 Mbit/s
2025-05-15T23:40:01-04:00
Retrieving speedtest.net configuration...
Testing from Bell Canada (142.188.145.144)...
Retrieving speedtest.net server list...
Selecting best server based on ping...
Hosted by Bell Canada (Dorval, QC) [147.04 km]: 8.004 ms
Testing download speed................................................................................
Download: 435.55 Mbit/s
Testing upload speed......................................................................................................
Upload: 258.24 Mbit/s
2025-05-15T23:45:01-04:00
Retrieving speedtest.net configuration...
Testing from Bell Canada (142.188.145.144)...
Retrieving speedtest.net server list...
Selecting best server based on ping...
Hosted by Bell Canada (Dorval, QC) [147.04 km]: 7.524 ms
Testing download speed................................................................................
Download: 441.47 Mbit/s
Testing upload speed......................................................................................................
Upload: 292.53 Mbit/s
2025-05-15T23:50:01-04:00
Retrieving speedtest.net configuration...
Testing from Bell Canada (142.188.145.144)...
Retrieving speedtest.net server list...
Selecting best server based on ping...
Hosted by Bell Canada (Dorval, QC) [147.04 km]: 8.499 ms
Testing download speed................................................................................
Download: 406.72 Mbit/s
Testing upload speed......................................................................................................
Upload: 324.82 Mbit/s
2025-05-15T23:55:01-04:00
Retrieving speedtest.net configuration...
Testing from Bell Canada (142.188.145.144)...
Retrieving speedtest.net server list...
Selecting best server based on ping...
Hosted by Bell Canada (Dorval, QC) [147.04 km]: 6.911 ms
Testing download speed................................................................................
Download: 415.69 Mbit/s
Testing upload speed......................................................................................................
Upload: 253.73 Mbit/s
