2025-08-06T00:00:01+08:00
Retrieving speedtest.net configuration...
Testing from FIl Products Service Television Inc (103.105.214.54)...
Retrieving speedtest.net server list...
Selecting best server based on ping...
2025-08-06T00:05:01+08:00
Retrieving speedtest.net configuration...
2025-08-06T00:10:01+08:00
Retrieving speedtest.net configuration...
Testing from FIl Products Service Television Inc (103.105.214.56)...
Retrieving speedtest.net server list...
Selecting best server based on ping...
Hosted by KMC Solutions (Makati City) [633.45 km]: 43.129 ms
Testing download speed................................................................................
Download: 172.19 Mbit/s
Testing upload speed......................................................................................................
Upload: 302.55 Mbit/s
2025-08-06T00:15:01+08:00
Retrieving speedtest.net configuration...
Testing from FIl Products Service Television Inc (103.105.214.56)...
Retrieving speedtest.net server list...
Selecting best server based on ping...
Hosted by Philippine Global Communications, Inc. (Makati) [633.45 km]: 34.165 ms
Testing download speed................................................................................
Download: 196.62 Mbit/s
Testing upload speed......................................................................................................
Upload: 11.81 Mbit/s
2025-08-06T00:20:01+08:00
Retrieving speedtest.net configuration...
Testing from FIl Products Service Television Inc (103.105.214.54)...
Retrieving speedtest.net server list...
Selecting best server based on ping...
Hosted by Philippine Global Communications, Inc. (Makati) [633.45 km]: 27.051 ms
Testing download speed................................................................................
Download: 171.91 Mbit/s
Testing upload speed......................................................................................................
Upload: 12.12 Mbit/s
2025-08-06T00:25:01+08:00
Retrieving speedtest.net configuration...
Testing from FIl Products Service Television Inc (103.105.214.50)...
Retrieving speedtest.net server list...
Selecting best server based on ping...
Hosted by Philippine Global Communications, Inc. (Makati) [633.45 km]: 25.86 ms
Testing download speed................................................................................
Download: 104.33 Mbit/s
Testing upload speed......................................................................................................
Upload: 14.16 Mbit/s
2025-08-06T00:30:01+08:00
Retrieving speedtest.net configuration...
Testing from FIl Products Service Television Inc (103.105.214.54)...
Retrieving speedtest.net server list...
Selecting best server based on ping...
2025-08-06T00:35:01+08:00
Retrieving speedtest.net configuration...
Testing from FIl Products Service Television Inc (103.105.214.54)...
Retrieving speedtest.net server list...
Selecting best server based on ping...
Hosted by Philippine Global Communications, Inc. (Makati) [633.45 km]: 29.093 ms
Testing download speed................................................................................
Download: 198.84 Mbit/s
Testing upload speed......................................................................................................
Upload: 14.91 Mbit/s
2025-08-06T00:40:01+08:00
Retrieving speedtest.net configuration...
Testing from FIl Products Service Television Inc (103.105.214.56)...
Retrieving speedtest.net server list...
Selecting best server based on ping...
Hosted by Philippine Global Communications, Inc. (Makati) [633.45 km]: 28.489 ms
Testing download speed................................................................................
Download: 202.74 Mbit/s
Testing upload speed......................................................................................................
Upload: 16.47 Mbit/s
2025-08-06T00:45:01+08:00
Retrieving speedtest.net configuration...
Testing from FIl Products Service Television Inc (103.105.214.56)...
Retrieving speedtest.net server list...
Selecting best server based on ping...
Hosted by KMC Solutions (Makati City) [633.45 km]: 32.087 ms
Testing download speed................................................................................
Download: 125.84 Mbit/s
Testing upload speed......................................................................................................
Upload: 411.05 Mbit/s
2025-08-06T00:50:01+08:00
Retrieving speedtest.net configuration...
Testing from FIl Products Service Television Inc (103.105.214.56)...
Retrieving speedtest.net server list...
Selecting best server based on ping...
Hosted by Philippine Global Communications, Inc. (Makati) [633.45 km]: 27.475 ms
Testing download speed................................................................................
Download: 199.80 Mbit/s
Testing upload speed......................................................................................................
Upload: 13.85 Mbit/s
2025-08-06T00:55:01+08:00
Retrieving speedtest.net configuration...
Testing from FIl Products Service Television Inc (103.105.214.54)...
Retrieving speedtest.net server list...
Selecting best server based on ping...
Hosted by Philippine Global Communications, Inc. (Makati) [633.45 km]: 27.378 ms
Testing download speed................................................................................
Download: 196.14 Mbit/s
Testing upload speed......................................................................................................
Upload: 12.32 Mbit/s
2025-08-06T01:00:01+08:00
Retrieving speedtest.net configuration...
Testing from FIl Products Service Television Inc (103.105.214.56)...
Retrieving speedtest.net server list...
Selecting best server based on ping...
