2025-07-29T06:40:01+08:00
Retrieving speedtest.net configuration...
Testing from FIl Products Service Television Inc (103.105.214.49)...
Retrieving speedtest.net server list...
Selecting best server based on ping...
Hosted by Radius Telecoms, Inc. (Pasig City) [633.83 km]: 42.539 ms
Testing download speed................................................................................
Download: 44.47 Mbit/s
Testing upload speed......................................................................................................
Upload: 105.11 Mbit/s
2025-07-29T06:45:01+08:00
Retrieving speedtest.net configuration...
Testing from FIl Products Service Television Inc (103.105.214.61)...
Retrieving speedtest.net server list...
Selecting best server based on ping...
Hosted by Globe Telecom (Makati) [633.45 km]: 33.602 ms
Testing download speed................................................................................
Download: 74.34 Mbit/s
Testing upload speed......................................................................................................
Upload: 96.85 Mbit/s
2025-07-29T06:50:01+08:00
Retrieving speedtest.net configuration...
Testing from FIl Products Service Television Inc (103.105.214.49)...
Retrieving speedtest.net server list...
Selecting best server based on ping...
Hosted by Globe Telecom (Makati) [633.45 km]: 33.423 ms
Testing download speed................................................................................
Download: 80.06 Mbit/s
Testing upload speed......................................................................................................
Upload: 95.54 Mbit/s
2025-07-29T06:55:01+08:00
Retrieving speedtest.net configuration...
Testing from FIl Products Service Television Inc (103.105.214.61)...
Retrieving speedtest.net server list...
Selecting best server based on ping...
Hosted by Radius Telecoms, Inc. (Pasig City) [633.83 km]: 26.183 ms
Testing download speed................................................................................
Download: 44.45 Mbit/s
Testing upload speed......................................................................................................
Upload: 105.99 Mbit/s
2025-07-29T07:00:02+08:00
Retrieving speedtest.net configuration...
Testing from FIl Products Service Television Inc (103.105.214.61)...
Retrieving speedtest.net server list...
Selecting best server based on ping...
2025-07-29T07:05:01+08:00
Retrieving speedtest.net configuration...
2025-07-29T07:10:01+08:00
Retrieving speedtest.net configuration...
Testing from FIl Products Service Television Inc (103.105.214.61)...
Retrieving speedtest.net server list...
Selecting best server based on ping...
Hosted by Globe Telecom (Makati) [633.45 km]: 30.372 ms
Testing download speed................................................................................
Download: 65.03 Mbit/s
Testing upload speed......................................................................................................
Upload: 105.96 Mbit/s
2025-07-29T07:15:01+08:00
Retrieving speedtest.net configuration...
Testing from FIl Products Service Television Inc (103.105.214.49)...
Retrieving speedtest.net server list...
Selecting best server based on ping...
Hosted by Radius Telecoms, Inc. (Pasig City) [633.83 km]: 35.003 ms
Testing download speed................................................................................
Download: 44.92 Mbit/s
Testing upload speed......................................................................................................
Upload: 99.88 Mbit/s
2025-07-29T07:20:01+08:00
Retrieving speedtest.net configuration...
Testing from FIl Products Service Television Inc (103.105.214.49)...
Retrieving speedtest.net server list...
Selecting best server based on ping...
Hosted by Radius Telecoms, Inc. (Pasig City) [633.83 km]: 42.198 ms
Testing download speed................................................................................
Download: 34.37 Mbit/s
Testing upload speed......................................................................................................
Upload: 92.64 Mbit/s
2025-07-29T07:25:01+08:00
Retrieving speedtest.net configuration...
Testing from FIl Products Service Television Inc (103.105.214.49)...
Retrieving speedtest.net server list...
Selecting best server based on ping...
Hosted by Globe Telecom (Makati) [633.45 km]: 24.136 ms
Testing download speed................................................................................
Download: 74.30 Mbit/s
Testing upload speed......................................................................................................
Upload: 92.29 Mbit/s
2025-07-29T07:30:01+08:00
Retrieving speedtest.net configuration...
Testing from FIl Products Service Television Inc (103.105.214.49)...
Retrieving speedtest.net server list...
Selecting best server based on ping...
2025-07-29T07:35:01+08:00
Retrieving speedtest.net configuration...
Testing from FIl Products Service Television Inc (103.105.214.61)...
Retrieving speedtest.net server list...
Selecting best server based on ping...
Hosted by Radius Telecoms, Inc. (Pasig City) [633.83 km]: 41.611 ms
Testing download speed................................................................................
Download: 51.44 Mbit/s
Testing upload speed......................................................................................................
Upload: 97.31 Mbit/s
2025-07-29T07:40:01+08:00
Retrieving speedtest.net configuration...
Testing from FIl Products Service Television Inc (103.105.214.61)...
Retrieving speedtest.net server list...
Selecting best server based on ping...
Hosted by Radius Telecoms, Inc. (Pasig City) [633.83 km]: 26.946 ms
Testing download speed................................................................................
Download: 47.77 Mbit/s
Testing upload speed......................................................................................................
Upload: 96.68 Mbit/s
2025-07-29T07:45:01+08:00
Retrieving speedtest.net configuration...
Testing from FIl Products Service Television Inc (103.105.214.61)...
Retrieving speedtest.net server list...
Selecting best server based on ping...
Hosted by Globe Telecom (Makati) [633.45 km]: 32.755 ms
Testing download speed................................................................................
Download: 74.67 Mbit/s
Testing upload speed......................................................................................................
Upload: 99.36 Mbit/s
2025-07-29T07:50:01+08:00
Retrieving speedtest.net configuration...
Testing from FIl Products Service Television Inc (103.105.214.61)...
Retrieving speedtest.net server list...
Selecting best server based on ping...
Hosted by Radius Telecoms, Inc. (Pasig City) [633.83 km]: 33.23 ms
Testing download speed................................................................................
Download: 41.32 Mbit/s
Testing upload speed......................................................................................................
Upload: 98.99 Mbit/s
2025-07-29T07:55:01+08:00
Retrieving speedtest.net configuration...
Testing from FIl Products Service Television Inc (103.105.214.49)...
Retrieving speedtest.net server list...
Selecting best server based on ping...
Hosted by Globe Telecom (Makati) [633.45 km]: 27.103 ms
Testing download speed................................................................................
Download: 70.52 Mbit/s
Testing upload speed......................................................................................................
Upload: 104.95 Mbit/s
2025-07-29T08:00:01+08:00
Retrieving speedtest.net configuration...
Testing from FIl Products Service Television Inc (103.105.214.61)...
Retrieving speedtest.net server list...
Selecting best server based on ping...
2025-07-29T08:05:01+08:00
Retrieving speedtest.net configuration...
Testing from FIl Products Service Television Inc (103.105.214.49)...
Retrieving speedtest.net server list...
Selecting best server based on ping...
Hosted by United Eight (Makati City) [634.17 km]: 25.858 ms
Testing download speed................................................................................
Download: 10.25 Mbit/s
Testing upload speed......................................................................................................
Upload: 82.74 Mbit/s
2025-07-29T08:10:01+08:00
Retrieving speedtest.net configuration...
Testing from FIl Products Service Television Inc (103.105.214.49)...
Retrieving speedtest.net server list...
Selecting best server based on ping...
Hosted by Globe Telecom (Manila) [637.79 km]: 30.795 ms
Testing download speed................................................................................
Download: 53.09 Mbit/s
Testing upload speed......................................................................................................
Upload: 104.01 Mbit/s
2025-07-29T08:15:01+08:00
Retrieving speedtest.net configuration...
Testing from FIl Products Service Television Inc (103.105.214.61)...
Retrieving speedtest.net server list...
Selecting best server based on ping...
Hosted by keith.net Inc. (Makati City) [634.17 km]: 24.165 ms
Testing download speed................................................................................
Download: 111.13 Mbit/s
Testing upload speed......................................................................................................
Upload: 93.58 Mbit/s
2025-07-29T08:20:01+08:00
Retrieving speedtest.net configuration...
Testing from FIl Products Service Television Inc (103.105.214.49)...
Retrieving speedtest.net server list...
Selecting best server based on ping...
Hosted by keith.net Inc. (Makati City) [634.17 km]: 33.111 ms
Testing download speed................................................................................
Download: 128.17 Mbit/s
Testing upload speed......................................................................................................
Upload: 86.81 Mbit/s
2025-07-29T08:25:01+08:00
Retrieving speedtest.net configuration...
Testing from FIl Products Service Television Inc (103.105.214.49)...
Retrieving speedtest.net server list...
Selecting best server based on ping...
Hosted by keith.net Inc. (Makati City) [634.17 km]: 27.462 ms
Testing download speed................................................................................
Download: 102.93 Mbit/s
Testing upload speed......................................................................................................
Upload: 82.39 Mbit/s
2025-07-29T08:30:01+08:00
Retrieving speedtest.net configuration...
Testing from FIl Products Service Television Inc (103.105.214.61)...
Retrieving speedtest.net server list...
Selecting best server based on ping...
2025-07-29T08:35:01+08:00
Retrieving speedtest.net configuration...
Testing from FIl Products Service Television Inc (103.105.214.61)...
Retrieving speedtest.net server list...
Selecting best server based on ping...
Hosted by keith.net Inc. (Makati City) [634.17 km]: 21.333 ms
Testing download speed................................................................................
Download: 135.89 Mbit/s
Testing upload speed......................................................................................................
Upload: 93.03 Mbit/s
2025-07-29T08:40:01+08:00
Retrieving speedtest.net configuration...
Testing from FIl Products Service Television Inc (103.105.214.49)...
Retrieving speedtest.net server list...
Selecting best server based on ping...
Hosted by United Eight (Makati City) [634.17 km]: 34.16 ms
Testing download speed................................................................................
Download: 80.26 Mbit/s
Testing upload speed......................................................................................................
Upload: 103.11 Mbit/s
2025-07-29T08:45:01+08:00
Retrieving speedtest.net configuration...
Testing from FIl Products Service Television Inc (103.105.214.49)...
Retrieving speedtest.net server list...
Selecting best server based on ping...
Hosted by Globe Telecom (Manila) [637.79 km]: 27.365 ms
Testing download speed................................................................................
Download: 55.73 Mbit/s
Testing upload speed......................................................................................................
Upload: 102.64 Mbit/s
2025-07-29T08:50:01+08:00
Retrieving speedtest.net configuration...
Testing from FIl Products Service Television Inc (103.105.214.49)...
Retrieving speedtest.net server list...
Selecting best server based on ping...
Hosted by United Eight (Makati City) [634.17 km]: 29.707 ms
Testing download speed................................................................................
Download: 10.76 Mbit/s
Testing upload speed......................................................................................................
Upload: 92.02 Mbit/s
2025-07-29T08:55:01+08:00
Retrieving speedtest.net configuration...
Testing from FIl Products Service Television Inc (103.105.214.49)...
Retrieving speedtest.net server list...
Selecting best server based on ping...
Hosted by Globe Telecom (Manila) [637.79 km]: 28.297 ms
Testing download speed................................................................................
Download: 67.35 Mbit/s
Testing upload speed......................................................................................................
Upload: 112.91 Mbit/s
2025-07-29T09:00:01+08:00
Retrieving speedtest.net configuration...
Testing from FIl Products Service Television Inc (103.105.214.61)...
Retrieving speedtest.net server list...
Selecting best server based on ping...
