2025-06-22T00:00:01+08:00
Retrieving speedtest.net configuration...
Testing from FIl Products Service Television Inc (103.105.214.62)...
Retrieving speedtest.net server list...
Selecting best server based on ping...
2025-06-22T00:05:01+08:00
Retrieving speedtest.net configuration...
2025-06-22T00:10:01+08:00
Retrieving speedtest.net configuration...
Testing from FIl Products Service Television Inc (103.105.214.62)...
Retrieving speedtest.net server list...
Selecting best server based on ping...
Hosted by keith.net Inc. (Makati City) [634.17 km]: 17.7 ms
Testing download speed................................................................................
Download: 182.95 Mbit/s
Testing upload speed......................................................................................................
Upload: 234.06 Mbit/s
2025-06-22T00:15:01+08:00
Retrieving speedtest.net configuration...
Testing from FIl Products Service Television Inc (103.105.214.57)...
Retrieving speedtest.net server list...
Selecting best server based on ping...
Hosted by keith.net Inc. (Makati City) [634.17 km]: 18.792 ms
Testing download speed................................................................................
Download: 174.39 Mbit/s
Testing upload speed......................................................................................................
Upload: 197.05 Mbit/s
2025-06-22T00:20:01+08:00
Retrieving speedtest.net configuration...
Testing from FIl Products Service Television Inc (103.105.214.62)...
Retrieving speedtest.net server list...
Selecting best server based on ping...
Hosted by keith.net Inc. (Makati City) [634.17 km]: 24.951 ms
Testing download speed................................................................................
Download: 165.03 Mbit/s
Testing upload speed......................................................................................................
Upload: 301.50 Mbit/s
2025-06-22T00:25:01+08:00
Retrieving speedtest.net configuration...
Testing from FIl Products Service Television Inc (103.105.214.57)...
Retrieving speedtest.net server list...
Selecting best server based on ping...
Hosted by Globe Telecom (Makati) [633.45 km]: 21.967 ms
Testing download speed................................................................................
Download: 196.04 Mbit/s
Testing upload speed......................................................................................................
Upload: 281.51 Mbit/s
2025-06-22T00:30:01+08:00
Retrieving speedtest.net configuration...
Testing from FIl Products Service Television Inc (103.105.214.62)...
Retrieving speedtest.net server list...
Selecting best server based on ping...
2025-06-22T00:35:01+08:00
Retrieving speedtest.net configuration...
Testing from FIl Products Service Television Inc (103.105.214.57)...
Retrieving speedtest.net server list...
Selecting best server based on ping...
Hosted by keith.net Inc. (Makati City) [634.17 km]: 19.388 ms
Testing download speed................................................................................
Download: 179.21 Mbit/s
Testing upload speed......................................................................................................
Upload: 144.53 Mbit/s
2025-06-22T00:40:01+08:00
Retrieving speedtest.net configuration...
Testing from FIl Products Service Television Inc (103.105.214.57)...
Retrieving speedtest.net server list...
Selecting best server based on ping...
Hosted by keith.net Inc. (Makati City) [634.17 km]: 19.423 ms
Testing download speed................................................................................
Download: 179.02 Mbit/s
Testing upload speed......................................................................................................
Upload: 150.82 Mbit/s
2025-06-22T00:45:01+08:00
Retrieving speedtest.net configuration...
Testing from FIl Products Service Television Inc (103.105.214.57)...
Retrieving speedtest.net server list...
Selecting best server based on ping...
Hosted by Globe Telecom (Makati) [633.45 km]: 31.64 ms
Testing download speed................................................................................
Download: 196.05 Mbit/s
Testing upload speed......................................................................................................
Upload: 311.96 Mbit/s
2025-06-22T00:50:01+08:00
Retrieving speedtest.net configuration...
Testing from FIl Products Service Television Inc (103.105.214.57)...
Retrieving speedtest.net server list...
Selecting best server based on ping...
Hosted by Globe Telecom (Pasig City) [633.83 km]: 22.776 ms
Testing download speed................................................................................
Download: 193.36 Mbit/s
Testing upload speed......................................................................................................
Upload: 416.42 Mbit/s
2025-06-22T00:55:01+08:00
Retrieving speedtest.net configuration...
Testing from FIl Products Service Television Inc (103.105.214.57)...
Retrieving speedtest.net server list...
Selecting best server based on ping...
Hosted by Globe Telecom (Pasig City) [633.83 km]: 21.576 ms
Testing download speed................................................................................
Download: 192.41 Mbit/s
Testing upload speed......................................................................................................
Upload: 369.82 Mbit/s
2025-06-22T01:00:01+08:00
Retrieving speedtest.net configuration...
Testing from FIl Products Service Television Inc (103.105.214.62)...
Retrieving speedtest.net server list...
