2025-07-16T00:00:01+08:00
Retrieving speedtest.net configuration...
Testing from FIl Products Service Television Inc (103.105.214.53)...
Retrieving speedtest.net server list...
Selecting best server based on ping...
2025-07-16T00:05:01+08:00
Retrieving speedtest.net configuration...
2025-07-16T00:10:01+08:00
Retrieving speedtest.net configuration...
Testing from FIl Products Service Television Inc (103.105.214.53)...
Retrieving speedtest.net server list...
Selecting best server based on ping...
Hosted by Globe Telecom (Taguig) [629.25 km]: 32.972 ms
Testing download speed................................................................................
Download: 153.11 Mbit/s
Testing upload speed......................................................................................................
Upload: 286.35 Mbit/s
2025-07-16T00:15:01+08:00
Retrieving speedtest.net configuration...
Testing from FIl Products Service Television Inc (103.105.214.48)...
Retrieving speedtest.net server list...
Selecting best server based on ping...
Hosted by Globe Telecom (Taguig) [629.25 km]: 23.08 ms
Testing download speed................................................................................
Download: 146.96 Mbit/s
Testing upload speed......................................................................................................
Upload: 230.83 Mbit/s
2025-07-16T00:20:01+08:00
Retrieving speedtest.net configuration...
Testing from FIl Products Service Television Inc (103.105.214.53)...
Retrieving speedtest.net server list...
Selecting best server based on ping...
Hosted by Globe Telecom (Taguig) [629.25 km]: 28.285 ms
Testing download speed................................................................................
Download: 170.18 Mbit/s
Testing upload speed......................................................................................................
Upload: 222.42 Mbit/s
2025-07-16T00:25:01+08:00
Retrieving speedtest.net configuration...
Testing from FIl Products Service Television Inc (103.105.214.48)...
Retrieving speedtest.net server list...
Selecting best server based on ping...
Hosted by Globe Telecom (Taguig) [629.25 km]: 25.31 ms
Testing download speed................................................................................
Download: 142.25 Mbit/s
Testing upload speed......................................................................................................
Upload: 294.50 Mbit/s
2025-07-16T00:30:01+08:00
Retrieving speedtest.net configuration...
Testing from FIl Products Service Television Inc (103.105.214.53)...
Retrieving speedtest.net server list...
Selecting best server based on ping...
2025-07-16T00:35:01+08:00
Retrieving speedtest.net configuration...
Testing from FIl Products Service Television Inc (103.105.214.48)...
Retrieving speedtest.net server list...
Selecting best server based on ping...
Hosted by Globe Telecom (Taguig) [629.25 km]: 29.083 ms
Testing download speed................................................................................
Download: 169.97 Mbit/s
Testing upload speed......................................................................................................
Upload: 276.92 Mbit/s
2025-07-16T00:40:01+08:00
Retrieving speedtest.net configuration...
Testing from FIl Products Service Television Inc (103.105.214.48)...
Retrieving speedtest.net server list...
Selecting best server based on ping...
Hosted by Globe Telecom (Taguig) [629.25 km]: 25.168 ms
Testing download speed................................................................................
Download: 151.21 Mbit/s
Testing upload speed......................................................................................................
Upload: 268.50 Mbit/s
2025-07-16T00:45:01+08:00
Retrieving speedtest.net configuration...
Testing from FIl Products Service Television Inc (103.105.214.48)...
Retrieving speedtest.net server list...
Selecting best server based on ping...
Hosted by Globe Telecom (Taguig) [629.25 km]: 29.253 ms
Testing download speed................................................................................
Download: 168.74 Mbit/s
Testing upload speed......................................................................................................
Upload: 288.26 Mbit/s
2025-07-16T00:50:01+08:00
Retrieving speedtest.net configuration...
Testing from FIl Products Service Television Inc (103.105.214.53)...
Retrieving speedtest.net server list...
Selecting best server based on ping...
Hosted by SMART Communications, Inc. (Makati) [633.45 km]: 40.99 ms
Testing download speed................................................................................
Download: 167.10 Mbit/s
Testing upload speed......................................................................................................
Upload: 72.30 Mbit/s
2025-07-16T00:55:01+08:00
Retrieving speedtest.net configuration...
Testing from FIl Products Service Television Inc (103.105.214.53)...
Retrieving speedtest.net server list...
Selecting best server based on ping...
Hosted by Globe Telecom (Taguig) [629.25 km]: 31.553 ms
Testing download speed................................................................................
Download: 198.12 Mbit/s
Testing upload speed......................................................................................................
Upload: 307.26 Mbit/s
2025-07-16T01:00:01+08:00
Retrieving speedtest.net configuration...
Testing from FIl Products Service Television Inc (103.105.214.48)...
Retrieving speedtest.net server list...
Selecting best server based on ping...
