2025-07-11T00:00:01+08:00
Retrieving speedtest.net configuration...
Testing from FIl Products Service Television Inc (103.105.214.62)...
Retrieving speedtest.net server list...
Selecting best server based on ping...
2025-07-11T00:05:01+08:00
Retrieving speedtest.net configuration...
2025-07-11T00:10:01+08:00
Retrieving speedtest.net configuration...
Testing from FIl Products Service Television Inc (103.105.214.62)...
Retrieving speedtest.net server list...
Selecting best server based on ping...
Hosted by PLDT (Makati) [634.17 km]: 19.942 ms
Testing download speed................................................................................
Download: 153.68 Mbit/s
Testing upload speed......................................................................................................
Upload: 317.26 Mbit/s
2025-07-11T00:15:01+08:00
Retrieving speedtest.net configuration...
Testing from FIl Products Service Television Inc (103.105.214.62)...
Retrieving speedtest.net server list...
Selecting best server based on ping...
Hosted by PLDT (Makati) [634.17 km]: 19.747 ms
Testing download speed................................................................................
Download: 133.09 Mbit/s
Testing upload speed......................................................................................................
Upload: 249.46 Mbit/s
2025-07-11T00:20:01+08:00
Retrieving speedtest.net configuration...
Testing from FIl Products Service Television Inc (103.105.214.62)...
Retrieving speedtest.net server list...
Selecting best server based on ping...
Hosted by PLDT (Makati) [634.17 km]: 20.551 ms
Testing download speed................................................................................
Download: 148.48 Mbit/s
Testing upload speed......................................................................................................
Upload: 275.18 Mbit/s
2025-07-11T00:25:01+08:00
Retrieving speedtest.net configuration...
Testing from FIl Products Service Television Inc (103.105.214.62)...
Retrieving speedtest.net server list...
Selecting best server based on ping...
Hosted by PLDT (Makati) [634.17 km]: 19.614 ms
Testing download speed................................................................................
Download: 148.52 Mbit/s
Testing upload speed......................................................................................................
Upload: 241.15 Mbit/s
2025-07-11T00:30:01+08:00
Retrieving speedtest.net configuration...
Testing from FIl Products Service Television Inc (103.105.214.62)...
Retrieving speedtest.net server list...
Selecting best server based on ping...
2025-07-11T00:35:01+08:00
Retrieving speedtest.net configuration...
Testing from FIl Products Service Television Inc (103.105.214.62)...
Retrieving speedtest.net server list...
Selecting best server based on ping...
Hosted by PLDT (Makati) [634.17 km]: 21.549 ms
Testing download speed................................................................................
Download: 160.77 Mbit/s
Testing upload speed......................................................................................................
Upload: 262.21 Mbit/s
2025-07-11T00:40:01+08:00
Retrieving speedtest.net configuration...
Testing from FIl Products Service Television Inc (103.105.214.62)...
Retrieving speedtest.net server list...
Selecting best server based on ping...
Hosted by PLDT (Makati) [634.17 km]: 19.664 ms
Testing download speed................................................................................
Download: 159.10 Mbit/s
Testing upload speed......................................................................................................
Upload: 239.87 Mbit/s
2025-07-11T00:45:01+08:00
Retrieving speedtest.net configuration...
Testing from FIl Products Service Television Inc (103.105.214.62)...
Retrieving speedtest.net server list...
Selecting best server based on ping...
Hosted by PLDT (Makati) [634.17 km]: 19.599 ms
Testing download speed................................................................................
Download: 133.06 Mbit/s
Testing upload speed......................................................................................................
Upload: 264.86 Mbit/s
2025-07-11T00:50:01+08:00
Retrieving speedtest.net configuration...
Testing from FIl Products Service Television Inc (103.105.214.62)...
Retrieving speedtest.net server list...
Selecting best server based on ping...
Hosted by KMC Solutions (Makati City) [633.45 km]: 42.52 ms
Testing download speed................................................................................
Download: 113.74 Mbit/s
Testing upload speed......................................................................................................
Upload: 268.20 Mbit/s
2025-07-11T00:55:01+08:00
Retrieving speedtest.net configuration...
Testing from FIl Products Service Television Inc (103.105.214.62)...
Retrieving speedtest.net server list...
Selecting best server based on ping...
Hosted by PLDT (Makati) [634.17 km]: 19.832 ms
Testing download speed................................................................................
Download: 131.03 Mbit/s
Testing upload speed......................................................................................................
Upload: 304.58 Mbit/s
2025-07-11T01:00:01+08:00
Retrieving speedtest.net configuration...
Testing from FIl Products Service Television Inc (103.105.214.62)...
Retrieving speedtest.net server list...
Selecting best server based on ping...
2025-07-11T01:05:01+08:00
Retrieving speedtest.net configuration...
2025-07-11T01:10:01+08:00
Retrieving speedtest.net configuration...
Testing from FIl Products Service Television Inc (103.105.214.62)...
Retrieving speedtest.net server list...
Selecting best server based on ping...
Hosted by PLDT (Makati) [634.17 km]: 21.118 ms
Testing download speed................................................................................
Download: 155.34 Mbit/s
Testing upload speed......................................................................................................
Upload: 277.54 Mbit/s
2025-07-11T01:15:01+08:00
Retrieving speedtest.net configuration...
Testing from FIl Products Service Television Inc (103.105.214.62)...
Retrieving speedtest.net server list...
Selecting best server based on ping...
Hosted by PLDT (Makati) [634.17 km]: 22.544 ms
Testing download speed................................................................................
Download: 149.03 Mbit/s
Testing upload speed......................................................................................................
Upload: 303.16 Mbit/s
2025-07-11T01:20:01+08:00
Retrieving speedtest.net configuration...
Testing from FIl Products Service Television Inc (103.105.214.62)...
Retrieving speedtest.net server list...
Selecting best server based on ping...
Hosted by PLDT (Makati) [634.17 km]: 26.835 ms
Testing download speed................................................................................
Download: 152.08 Mbit/s
Testing upload speed......................................................................................................
Upload: 259.72 Mbit/s
2025-07-11T01:25:01+08:00
Retrieving speedtest.net configuration...
Testing from FIl Products Service Television Inc (103.105.214.62)...
Retrieving speedtest.net server list...
Selecting best server based on ping...
Hosted by PLDT (Makati) [634.17 km]: 18.835 ms
Testing download speed................................................................................
Download: 128.34 Mbit/s
Testing upload speed......................................................................................................
Upload: 260.58 Mbit/s
2025-07-11T01:30:01+08:00
Retrieving speedtest.net configuration...
Testing from FIl Products Service Television Inc (103.105.214.62)...
Retrieving speedtest.net server list...
Selecting best server based on ping...
2025-07-11T01:35:01+08:00
Retrieving speedtest.net configuration...
Testing from FIl Products Service Television Inc (103.105.214.62)...
Retrieving speedtest.net server list...
Selecting best server based on ping...
Hosted by PLDT (Makati) [634.17 km]: 23.115 ms
Testing download speed................................................................................
Download: 148.15 Mbit/s
Testing upload speed......................................................................................................
Upload: 279.64 Mbit/s
2025-07-11T01:40:01+08:00
Retrieving speedtest.net configuration...
Testing from FIl Products Service Television Inc (103.105.214.62)...
Retrieving speedtest.net server list...
Selecting best server based on ping...
Hosted by PLDT (Makati) [634.17 km]: 26.28 ms
Testing download speed................................................................................
Download: 152.29 Mbit/s
Testing upload speed......................................................................................................
Upload: 246.69 Mbit/s
2025-07-11T01:45:01+08:00
Retrieving speedtest.net configuration...
Testing from FIl Products Service Television Inc (103.105.214.62)...
Retrieving speedtest.net server list...
Selecting best server based on ping...
Hosted by PLDT (Makati) [634.17 km]: 22.82 ms
Testing download speed................................................................................
Download: 140.02 Mbit/s
Testing upload speed......................................................................................................
Upload: 298.18 Mbit/s
2025-07-11T01:50:01+08:00
Retrieving speedtest.net configuration...
Testing from FIl Products Service Television Inc (103.105.214.62)...
Retrieving speedtest.net server list...
Selecting best server based on ping...
Hosted by PLDT (Makati) [634.17 km]: 18.911 ms
Testing download speed................................................................................
Download: 119.79 Mbit/s
Testing upload speed......................................................................................................
Upload: 243.45 Mbit/s
2025-07-11T01:55:01+08:00
Retrieving speedtest.net configuration...
Testing from FIl Products Service Television Inc (103.105.214.62)...
Retrieving speedtest.net server list...
Selecting best server based on ping...
Hosted by PLDT (Makati) [634.17 km]: 21.993 ms
Testing download speed................................................................................
Download: 141.72 Mbit/s
Testing upload speed......................................................................................................
Upload: 300.68 Mbit/s
2025-07-11T02:00:01+08:00
Retrieving speedtest.net configuration...
Testing from FIl Products Service Television Inc (103.105.214.62)...
Retrieving speedtest.net server list...
Selecting best server based on ping...
2025-07-11T02:05:01+08:00
Retrieving speedtest.net configuration...
2025-07-11T02:10:01+08:00
Retrieving speedtest.net configuration...
Testing from FIl Products Service Television Inc (103.105.214.62)...
Retrieving speedtest.net server list...
Selecting best server based on ping...
Hosted by PLDT (Makati) [634.17 km]: 18.841 ms
Testing download speed................................................................................
Download: 158.73 Mbit/s
Testing upload speed......................................................................................................
Upload: 241.50 Mbit/s
2025-07-11T02:15:01+08:00
Retrieving speedtest.net configuration...
Testing from FIl Products Service Television Inc (103.105.214.62)...
Retrieving speedtest.net server list...
Selecting best server based on ping...
Hosted by PLDT (Makati) [634.17 km]: 21.319 ms
Testing download speed................................................................................
Download: 129.94 Mbit/s
Testing upload speed......................................................................................................
Upload: 243.60 Mbit/s
2025-07-11T02:20:01+08:00
Retrieving speedtest.net configuration...
Testing from FIl Products Service Television Inc (103.105.214.62)...
Retrieving speedtest.net server list...
Selecting best server based on ping...
Hosted by PLDT (Makati) [634.17 km]: 19.024 ms
Testing download speed................................................................................
Download: 156.45 Mbit/s
Testing upload speed......................................................................................................
Upload: 312.16 Mbit/s
2025-07-11T02:25:01+08:00
Retrieving speedtest.net configuration...
Testing from FIl Products Service Television Inc (103.105.214.62)...
Retrieving speedtest.net server list...
Selecting best server based on ping...
Hosted by PLDT (Makati) [634.17 km]: 19.464 ms
Testing download speed................................................................................
Download: 139.56 Mbit/s
Testing upload speed......................................................................................................
Upload: 273.53 Mbit/s
2025-07-11T02:30:01+08:00
Retrieving speedtest.net configuration...
Testing from FIl Products Service Television Inc (103.105.214.62)...
Retrieving speedtest.net server list...
Selecting best server based on ping...
2025-07-11T02:35:01+08:00
Retrieving speedtest.net configuration...
Testing from FIl Products Service Television Inc (103.105.214.62)...
Retrieving speedtest.net server list...
Selecting best server based on ping...
Hosted by PLDT (Makati) [634.17 km]: 23.852 ms
Testing download speed................................................................................
Download: 148.96 Mbit/s
Testing upload speed......................................................................................................
Upload: 303.54 Mbit/s
2025-07-11T02:40:01+08:00
Retrieving speedtest.net configuration...
Testing from FIl Products Service Television Inc (103.105.214.62)...
Retrieving speedtest.net server list...
Selecting best server based on ping...
Hosted by PLDT (Makati) [634.17 km]: 26.644 ms
Testing download speed................................................................................
Download: 155.20 Mbit/s
Testing upload speed......................................................................................................
Upload: 272.05 Mbit/s
2025-07-11T02:45:01+08:00
Retrieving speedtest.net configuration...
Testing from FIl Products Service Television Inc (103.105.214.62)...
Retrieving speedtest.net server list...
Selecting best server based on ping...
Hosted by PLDT (Makati) [634.17 km]: 18.416 ms
Testing download speed................................................................................
Download: 128.15 Mbit/s
Testing upload speed......................................................................................................
Upload: 332.96 Mbit/s
2025-07-11T02:50:01+08:00
Retrieving speedtest.net configuration...
Testing from FIl Products Service Television Inc (103.105.214.62)...
Retrieving speedtest.net server list...
Selecting best server based on ping...
Hosted by PLDT (Makati) [634.17 km]: 18.922 ms
Testing download speed................................................................................
Download: 147.93 Mbit/s
Testing upload speed......................................................................................................
Upload: 285.41 Mbit/s
2025-07-11T02:55:01+08:00
Retrieving speedtest.net configuration...
Testing from FIl Products Service Television Inc (103.105.214.62)...
Retrieving speedtest.net server list...
Selecting best server based on ping...
Hosted by PLDT (Makati) [634.17 km]: 18.549 ms
Testing download speed................................................................................
Download: 140.90 Mbit/s
Testing upload speed......................................................................................................
Upload: 277.00 Mbit/s
2025-07-11T03:00:01+08:00
Retrieving speedtest.net configuration...
Testing from FIl Products Service Television Inc (103.105.214.62)...
Retrieving speedtest.net server list...
Selecting best server based on ping...
