2025-07-25T00:00:01+08:00
Retrieving speedtest.net configuration...
2025-07-25T00:05:01+08:00
Retrieving speedtest.net configuration...
2025-07-25T00:10:01+08:00
Retrieving speedtest.net configuration...
2025-07-25T00:15:01+08:00
Retrieving speedtest.net configuration...
2025-07-25T00:20:01+08:00
Retrieving speedtest.net configuration...
2025-07-25T00:25:01+08:00
Retrieving speedtest.net configuration...
2025-07-25T00:30:01+08:00
Retrieving speedtest.net configuration...
2025-07-25T00:35:01+08:00
Retrieving speedtest.net configuration...
2025-07-25T00:40:01+08:00
Retrieving speedtest.net configuration...
2025-07-25T00:45:01+08:00
Retrieving speedtest.net configuration...
2025-07-25T05:50:01+08:00
Retrieving speedtest.net configuration...
Testing from FIl Products Service Television Inc (103.105.214.49)...
Retrieving speedtest.net server list...
Selecting best server based on ping...
Hosted by DITO (Makati City) [634.17 km]: 41.22 ms
Testing download speed................................................................................
Download: 164.89 Mbit/s
Testing upload speed......................................................................................................
Upload: 335.58 Mbit/s
2025-07-25T05:55:01+08:00
Retrieving speedtest.net configuration...
Testing from FIl Products Service Television Inc (103.105.214.49)...
Retrieving speedtest.net server list...
Selecting best server based on ping...
Hosted by KMC Solutions (Makati City) [633.45 km]: 42.416 ms
Testing download speed................................................................................
Download: 181.54 Mbit/s
Testing upload speed......................................................................................................
Upload: 315.29 Mbit/s
2025-07-25T06:00:01+08:00
Retrieving speedtest.net configuration...
Testing from FIl Products Service Television Inc (103.105.214.49)...
Retrieving speedtest.net server list...
Selecting best server based on ping...
