2025-09-10T07:35:01+08:00
Retrieving speedtest.net configuration...
2025-09-10T07:40:01+08:00
Retrieving speedtest.net configuration...
Testing from FIl Products Service Television Inc (103.105.214.54)...
Retrieving speedtest.net server list...
Selecting best server based on ping...
Hosted by Keith.net (Antipolo City) [637.26 km]: 28.507 ms
Testing download speed................................................................................
Download: 78.59 Mbit/s
Testing upload speed......................................................................................................
Upload: 70.73 Mbit/s
2025-09-10T07:45:01+08:00
Retrieving speedtest.net configuration...
Testing from FIl Products Service Television Inc (103.105.214.59)...
Retrieving speedtest.net server list...
Selecting best server based on ping...
Hosted by Keith.net (Antipolo City) [637.26 km]: 33.143 ms
Testing download speed................................................................................
Download: 79.11 Mbit/s
Testing upload speed......................................................................................................
Upload: 60.85 Mbit/s
2025-09-10T07:50:01+08:00
Retrieving speedtest.net configuration...
Testing from FIl Products Service Television Inc (103.105.214.54)...
Retrieving speedtest.net server list...
Selecting best server based on ping...
Hosted by Keith.net (Antipolo City) [637.26 km]: 32.787 ms
Testing download speed................................................................................
Download: 78.54 Mbit/s
Testing upload speed......................................................................................................
Upload: 66.72 Mbit/s
2025-09-10T07:55:02+08:00
Retrieving speedtest.net configuration...
Testing from FIl Products Service Television Inc (103.105.214.54)...
Retrieving speedtest.net server list...
Selecting best server based on ping...
Hosted by DC FIBER NETWORK (Cainta) [633.00 km]: 28.189 ms
Testing download speed................................................................................
Download: 92.50 Mbit/s
Testing upload speed......................................................................................................
Upload: 84.58 Mbit/s
2025-09-10T08:00:01+08:00
Retrieving speedtest.net configuration...
Testing from FIl Products Service Television Inc (103.105.214.59)...
Retrieving speedtest.net server list...
Selecting best server based on ping...
