2025-04-12T08:05:01+08:00
Retrieving speedtest.net configuration...
2025-04-12T08:10:01+08:00
Retrieving speedtest.net configuration...
Testing from FIl Products Service Television Inc (103.105.214.52)...
Retrieving speedtest.net server list...
Selecting best server based on ping...
Hosted by DITO (Makati City) [634.17 km]: 40.389 ms
Testing download speed................................................................................
Download: 125.60 Mbit/s
Testing upload speed......................................................................................................
Upload: 86.84 Mbit/s
2025-04-12T08:15:01+08:00
Retrieving speedtest.net configuration...
Testing from FIl Products Service Television Inc (103.105.214.52)...
Retrieving speedtest.net server list...
Selecting best server based on ping...
Hosted by PT&T (Makati City) [634.17 km]: 21.903 ms
Testing download speed................................................................................
Download: 104.12 Mbit/s
Testing upload speed......................................................................................................
Upload: 42.63 Mbit/s
2025-04-12T08:20:01+08:00
Retrieving speedtest.net configuration...
Testing from FIl Products Service Television Inc (103.105.214.61)...
Retrieving speedtest.net server list...
Selecting best server based on ping...
Hosted by PT&T (Makati City) [634.17 km]: 22.369 ms
Testing download speed................................................................................
Download: 88.61 Mbit/s
Testing upload speed......................................................................................................
Upload: 20.80 Mbit/s
2025-04-12T08:25:01+08:00
Retrieving speedtest.net configuration...
Testing from FIl Products Service Television Inc (103.105.214.52)...
Retrieving speedtest.net server list...
Selecting best server based on ping...
Hosted by PT&T (Makati City) [634.17 km]: 25.095 ms
Testing download speed................................................................................
Download: 63.25 Mbit/s
Testing upload speed......................................................................................................
Upload: 60.39 Mbit/s
2025-04-12T08:30:01+08:00
Retrieving speedtest.net configuration...
Testing from FIl Products Service Television Inc (103.105.214.61)...
Retrieving speedtest.net server list...
Selecting best server based on ping...
2025-04-12T08:35:01+08:00
Retrieving speedtest.net configuration...
Testing from FIl Products Service Television Inc (103.105.214.61)...
Retrieving speedtest.net server list...
Selecting best server based on ping...
Hosted by PT&T (Makati City) [634.17 km]: 22.531 ms
Testing download speed................................................................................
Download: 52.48 Mbit/s
Testing upload speed......................................................................................................
Upload: 14.21 Mbit/s
2025-04-12T08:40:01+08:00
Retrieving speedtest.net configuration...
Testing from FIl Products Service Television Inc (103.105.214.52)...
Retrieving speedtest.net server list...
Selecting best server based on ping...
Hosted by PT&T (Makati City) [634.17 km]: 22.009 ms
Testing download speed................................................................................
Download: 37.50 Mbit/s
Testing upload speed......................................................................................................
Upload: 11.96 Mbit/s
2025-04-12T08:45:01+08:00
Retrieving speedtest.net configuration...
Testing from FIl Products Service Television Inc (103.105.214.52)...
Retrieving speedtest.net server list...
Selecting best server based on ping...
Hosted by United Eight (Makati City) [634.17 km]: 22.811 ms
Testing download speed................................................................................
Download: 144.87 Mbit/s
Testing upload speed......................................................................................................
Upload: 99.31 Mbit/s
2025-04-12T08:50:01+08:00
Retrieving speedtest.net configuration...
Testing from FIl Products Service Television Inc (103.105.214.52)...
Retrieving speedtest.net server list...
Selecting best server based on ping...
Hosted by PT&T (Makati City) [634.17 km]: 25.989 ms
Testing download speed................................................................................
Download: 58.05 Mbit/s
Testing upload speed......................................................................................................
Upload: 44.09 Mbit/s
2025-04-12T08:55:01+08:00
Retrieving speedtest.net configuration...
Testing from FIl Products Service Television Inc (103.105.214.49)...
Retrieving speedtest.net server list...
Selecting best server based on ping...
Hosted by DITO (Makati City) [634.17 km]: 43.232 ms
Testing download speed................................................................................
Download: 98.13 Mbit/s
Testing upload speed......................................................................................................
Upload: 56.41 Mbit/s
2025-04-12T09:00:01+08:00
Retrieving speedtest.net configuration...
Testing from FIl Products Service Television Inc (103.105.214.52)...
Retrieving speedtest.net server list...
Selecting best server based on ping...
2025-04-12T09:05:01+08:00
Retrieving speedtest.net configuration...
2025-04-12T09:10:01+08:00
Retrieving speedtest.net configuration...
Testing from FIl Products Service Television Inc (103.105.214.61)...
Retrieving speedtest.net server list...
Selecting best server based on ping...
Hosted by PT&T (Makati City) [634.17 km]: 24.489 ms
Testing download speed................................................................................
Download: 87.13 Mbit/s
Testing upload speed......................................................................................................
Upload: 46.44 Mbit/s
2025-04-12T09:15:01+08:00
Retrieving speedtest.net configuration...
Testing from FIl Products Service Television Inc (103.105.214.52)...
Retrieving speedtest.net server list...
Selecting best server based on ping...
Hosted by PT&T (Makati City) [634.17 km]: 23.519 ms
Testing download speed................................................................................
Download: 87.72 Mbit/s
Testing upload speed......................................................................................................
Upload: 17.73 Mbit/s
2025-04-12T09:20:01+08:00
Retrieving speedtest.net configuration...
Testing from FIl Products Service Television Inc (103.105.214.52)...
Retrieving speedtest.net server list...
Selecting best server based on ping...
Hosted by PT&T (Makati City) [634.17 km]: 22.478 ms
Testing download speed................................................................................
Download: 89.30 Mbit/s
Testing upload speed......................................................................................................
Upload: 16.04 Mbit/s
2025-04-12T09:25:01+08:00
Retrieving speedtest.net configuration...
Testing from FIl Products Service Television Inc (103.105.214.61)...
Retrieving speedtest.net server list...
Selecting best server based on ping...
Hosted by PT&T (Makati City) [634.17 km]: 21.697 ms
Testing download speed................................................................................
Download: 94.37 Mbit/s
Testing upload speed......................................................................................................
Upload: 54.99 Mbit/s
2025-04-12T09:30:01+08:00
Retrieving speedtest.net configuration...
Testing from FIl Products Service Television Inc (103.105.214.61)...
Retrieving speedtest.net server list...
Selecting best server based on ping...
2025-04-12T09:35:01+08:00
Retrieving speedtest.net configuration...
2025-04-12T09:40:01+08:00
Retrieving speedtest.net configuration...
Testing from FIl Products Service Television Inc (103.105.214.61)...
Retrieving speedtest.net server list...
Selecting best server based on ping...
Hosted by PAKONEK SOLUTIONS (Cebu City) [128.33 km]: 49.164 ms
Testing download speed................................................................................
Download: 91.79 Mbit/s
Testing upload speed......................................................................................................
Upload: 113.07 Mbit/s
2025-04-12T09:45:01+08:00
Retrieving speedtest.net configuration...
Testing from FIl Products Service Television Inc (103.105.214.61)...
Retrieving speedtest.net server list...
Selecting best server based on ping...
Hosted by PAKONEK SOLUTIONS (Cebu City) [128.33 km]: 44.419 ms
Testing download speed................................................................................
Download: 84.88 Mbit/s
Testing upload speed......................................................................................................
Upload: 92.12 Mbit/s
2025-04-12T09:50:01+08:00
Retrieving speedtest.net configuration...
Testing from FIl Products Service Television Inc (103.105.214.52)...
Retrieving speedtest.net server list...
Selecting best server based on ping...
Hosted by PAKONEK SOLUTIONS (Cebu City) [128.33 km]: 50.369 ms
Testing download speed................................................................................
Download: 89.44 Mbit/s
Testing upload speed......................................................................................................
Upload: 112.13 Mbit/s
2025-04-12T09:55:01+08:00
Retrieving speedtest.net configuration...
Testing from FIl Products Service Television Inc (103.105.214.52)...
Retrieving speedtest.net server list...
Selecting best server based on ping...
Hosted by PAKONEK SOLUTIONS (Cebu City) [128.33 km]: 48.03 ms
Testing download speed................................................................................
Download: 81.82 Mbit/s
Testing upload speed......................................................................................................
Upload: 86.10 Mbit/s
2025-04-12T10:00:01+08:00
Retrieving speedtest.net configuration...
Testing from FIl Products Service Television Inc (103.105.214.61)...
Retrieving speedtest.net server list...
Selecting best server based on ping...
2025-04-12T10:05:01+08:00
Retrieving speedtest.net configuration...
2025-04-12T10:10:01+08:00
Retrieving speedtest.net configuration...
Testing from FIl Products Service Television Inc (103.105.214.52)...
Retrieving speedtest.net server list...
Selecting best server based on ping...
Hosted by PAKONEK SOLUTIONS (Cebu City) [128.33 km]: 57.214 ms
Testing download speed................................................................................
Download: 36.09 Mbit/s
Testing upload speed......................................................................................................
Upload: 73.13 Mbit/s
2025-04-12T10:15:01+08:00
Retrieving speedtest.net configuration...
Testing from FIl Products Service Television Inc (103.105.214.52)...
Retrieving speedtest.net server list...
Selecting best server based on ping...
Hosted by PAKONEK SOLUTIONS (Cebu City) [128.33 km]: 49.472 ms
Testing download speed................................................................................
Download: 71.69 Mbit/s
Testing upload speed......................................................................................................
Upload: 102.71 Mbit/s
2025-04-12T10:20:01+08:00
Retrieving speedtest.net configuration...
Testing from FIl Products Service Television Inc (103.105.214.52)...
Retrieving speedtest.net server list...
Selecting best server based on ping...
Hosted by PAKONEK SOLUTIONS (Cebu City) [128.33 km]: 48.744 ms
Testing download speed................................................................................
Download: 48.65 Mbit/s
Testing upload speed......................................................................................................
Upload: 56.72 Mbit/s
2025-04-12T10:25:01+08:00
Retrieving speedtest.net configuration...
Testing from FIl Products Service Television Inc (103.105.214.61)...
Retrieving speedtest.net server list...
Selecting best server based on ping...
Hosted by PAKONEK SOLUTIONS (Cebu City) [128.33 km]: 64.874 ms
Testing download speed................................................................................
Download: 40.84 Mbit/s
Testing upload speed......................................................................................................
Upload: 95.43 Mbit/s
2025-04-12T10:30:01+08:00
Retrieving speedtest.net configuration...
Testing from FIl Products Service Television Inc (103.105.214.61)...
Retrieving speedtest.net server list...
Selecting best server based on ping...
2025-04-12T10:35:01+08:00
Retrieving speedtest.net configuration...
2025-04-12T10:40:01+08:00
Retrieving speedtest.net configuration...
Testing from FIl Products Service Television Inc (103.105.214.61)...
Retrieving speedtest.net server list...
Selecting best server based on ping...
Hosted by PAKONEK SOLUTIONS (Cebu City) [128.33 km]: 47.083 ms
Testing download speed................................................................................
Download: 32.11 Mbit/s
Testing upload speed......................................................................................................
Upload: 50.05 Mbit/s
2025-04-12T10:45:01+08:00
Retrieving speedtest.net configuration...
Testing from FIl Products Service Television Inc (103.105.214.61)...
Retrieving speedtest.net server list...
Selecting best server based on ping...
Hosted by PAKONEK SOLUTIONS (Cebu City) [128.33 km]: 57.951 ms
Testing download speed................................................................................
Download: 13.50 Mbit/s
Testing upload speed......................................................................................................
Upload: 20.64 Mbit/s
2025-04-12T10:51:34+08:00
Retrieving speedtest.net configuration...
Testing from FIl Products Service Television Inc (103.105.214.52)...
Retrieving speedtest.net server list...
Selecting best server based on ping...
Hosted by PAKONEK SOLUTIONS (Cebu City) [128.33 km]: 47.451 ms
Testing download speed................................................................................
Download: 73.44 Mbit/s
Testing upload speed......................................................................................................
Upload: 54.75 Mbit/s
2025-04-12T10:55:01+08:00
Retrieving speedtest.net configuration...
Testing from FIl Products Service Television Inc (103.105.214.52)...
Retrieving speedtest.net server list...
Selecting best server based on ping...
Hosted by PAKONEK SOLUTIONS (Cebu City) [128.33 km]: 35.155 ms
Testing download speed................................................................................
Download: 75.60 Mbit/s
Testing upload speed......................................................................................................
Upload: 89.95 Mbit/s
2025-04-12T11:00:01+08:00
Retrieving speedtest.net configuration...
Testing from FIl Products Service Television Inc (103.105.214.52)...
Retrieving speedtest.net server list...
Selecting best server based on ping...
2025-04-12T11:05:01+08:00
Retrieving speedtest.net configuration...
2025-04-12T11:10:02+08:00
Retrieving speedtest.net configuration...
Testing from FIl Products Service Television Inc (103.105.214.61)...
Retrieving speedtest.net server list...
Selecting best server based on ping...
Hosted by PAKONEK SOLUTIONS (Cebu City) [128.33 km]: 44.693 ms
Testing download speed................................................................................
Download: 107.19 Mbit/s
Testing upload speed......................................................................................................
Upload: 110.80 Mbit/s
2025-04-12T11:15:01+08:00
Retrieving speedtest.net configuration...
Testing from FIl Products Service Television Inc (103.105.214.61)...
Retrieving speedtest.net server list...
Selecting best server based on ping...
Hosted by PAKONEK SOLUTIONS (Cebu City) [128.33 km]: 44.874 ms
Testing download speed................................................................................
Download: 81.73 Mbit/s
Testing upload speed......................................................................................................
Upload: 48.54 Mbit/s
2025-04-12T11:20:01+08:00
Retrieving speedtest.net configuration...
Testing from FIl Products Service Television Inc (103.105.214.61)...
Retrieving speedtest.net server list...
Selecting best server based on ping...
Hosted by PAKONEK SOLUTIONS (Cebu City) [128.33 km]: 37.828 ms
Testing download speed................................................................................
Download: 91.63 Mbit/s
Testing upload speed......................................................................................................
Upload: 90.21 Mbit/s
2025-04-12T11:25:01+08:00
Retrieving speedtest.net configuration...
Testing from FIl Products Service Television Inc (103.105.214.61)...
Retrieving speedtest.net server list...
Selecting best server based on ping...
Hosted by PAKONEK SOLUTIONS (Cebu City) [128.33 km]: 46.131 ms
Testing download speed................................................................................
Download: 91.94 Mbit/s
Testing upload speed......................................................................................................
Upload: 78.77 Mbit/s
2025-04-12T11:30:01+08:00
Retrieving speedtest.net configuration...
Testing from FIl Products Service Television Inc (103.105.214.61)...
Retrieving speedtest.net server list...
Selecting best server based on ping...
2025-04-12T11:35:01+08:00
Retrieving speedtest.net configuration...
2025-04-12T11:40:01+08:00
Retrieving speedtest.net configuration...
Testing from FIl Products Service Television Inc (103.105.214.61)...
Retrieving speedtest.net server list...
Selecting best server based on ping...
Hosted by PAKONEK SOLUTIONS (Cebu City) [128.33 km]: 46.827 ms
Testing download speed................................................................................
Download: 87.67 Mbit/s
Testing upload speed......................................................................................................
Upload: 78.52 Mbit/s
2025-04-12T11:45:01+08:00
Retrieving speedtest.net configuration...
Testing from FIl Products Service Television Inc (103.105.214.52)...
Retrieving speedtest.net server list...
Selecting best server based on ping...
Hosted by PAKONEK SOLUTIONS (Cebu City) [128.33 km]: 48.886 ms
Testing download speed................................................................................
Download: 93.75 Mbit/s
Testing upload speed......................................................................................................
Upload: 91.77 Mbit/s
2025-04-12T11:50:01+08:00
Retrieving speedtest.net configuration...
Testing from FIl Products Service Television Inc (103.105.214.61)...
Retrieving speedtest.net server list...
Selecting best server based on ping...
Hosted by PAKONEK SOLUTIONS (Cebu City) [128.33 km]: 46.753 ms
Testing download speed................................................................................
Download: 78.62 Mbit/s
Testing upload speed......................................................................................................
Upload: 84.29 Mbit/s
2025-04-12T11:55:02+08:00
Retrieving speedtest.net configuration...
Testing from FIl Products Service Television Inc (103.105.214.61)...
Retrieving speedtest.net server list...
Selecting best server based on ping...
Hosted by PAKONEK SOLUTIONS (Cebu City) [128.33 km]: 46.18 ms
Testing download speed................................................................................
Download: 83.06 Mbit/s
Testing upload speed......................................................................................................
Upload: 93.65 Mbit/s
2025-04-12T12:00:01+08:00
Retrieving speedtest.net configuration...
Testing from FIl Products Service Television Inc (103.105.214.61)...
Retrieving speedtest.net server list...
Selecting best server based on ping...
2025-04-12T12:05:01+08:00
Retrieving speedtest.net configuration...
2025-04-12T12:10:01+08:00
Retrieving speedtest.net configuration...
Testing from FIl Products Service Television Inc (103.105.214.61)...
Retrieving speedtest.net server list...
Selecting best server based on ping...
Hosted by PAKONEK SOLUTIONS (Cebu City) [128.33 km]: 47.191 ms
Testing download speed................................................................................
Download: 63.32 Mbit/s
Testing upload speed......................................................................................................
Upload: 60.98 Mbit/s
2025-04-12T12:15:01+08:00
Retrieving speedtest.net configuration...
Testing from FIl Products Service Television Inc (103.105.214.61)...
Retrieving speedtest.net server list...
Selecting best server based on ping...
Hosted by PAKONEK SOLUTIONS (Cebu City) [128.33 km]: 35.367 ms
Testing download speed................................................................................
Download: 93.78 Mbit/s
Testing upload speed......................................................................................................
Upload: 97.26 Mbit/s
2025-04-12T12:20:01+08:00
Retrieving speedtest.net configuration...
Testing from FIl Products Service Television Inc (103.105.214.61)...
Retrieving speedtest.net server list...
Selecting best server based on ping...
Hosted by PAKONEK SOLUTIONS (Cebu City) [128.33 km]: 46.218 ms
Testing download speed................................................................................
Download: 41.31 Mbit/s
Testing upload speed......................................................................................................
Upload: 48.79 Mbit/s
2025-04-12T12:25:01+08:00
Retrieving speedtest.net configuration...
Testing from FIl Products Service Television Inc (103.105.214.61)...
Retrieving speedtest.net server list...
Selecting best server based on ping...
Hosted by PAKONEK SOLUTIONS (Cebu City) [128.33 km]: 35.654 ms
Testing download speed................................................................................
Download: 59.96 Mbit/s
Testing upload speed......................................................................................................
Upload: 51.05 Mbit/s
2025-04-12T12:30:01+08:00
Retrieving speedtest.net configuration...
Testing from FIl Products Service Television Inc (103.105.214.52)...
Retrieving speedtest.net server list...
Selecting best server based on ping...
2025-04-12T12:35:01+08:00
Retrieving speedtest.net configuration...
Testing from FIl Products Service Television Inc (103.105.214.61)...
Retrieving speedtest.net server list...
Selecting best server based on ping...
Hosted by PAKONEK SOLUTIONS (Cebu City) [128.33 km]: 45.437 ms
Testing download speed................................................................................
Download: 62.68 Mbit/s
Testing upload speed......................................................................................................
Upload: 69.35 Mbit/s
2025-04-12T12:40:01+08:00
Retrieving speedtest.net configuration...
Testing from FIl Products Service Television Inc (103.105.214.52)...
Retrieving speedtest.net server list...
Selecting best server based on ping...
Hosted by PAKONEK SOLUTIONS (Cebu City) [128.33 km]: 51.732 ms
Testing download speed................................................................................
Download: 43.17 Mbit/s
Testing upload speed......................................................................................................
Upload: 54.95 Mbit/s
2025-04-12T12:45:01+08:00
Retrieving speedtest.net configuration...
Testing from FIl Products Service Television Inc (103.105.214.61)...
Retrieving speedtest.net server list...
Selecting best server based on ping...
Hosted by Zafra Cable Television Network Inc. (Panglao) [57.64 km]: 36.587 ms
Testing download speed................................................................................
Download: 65.54 Mbit/s
Testing upload speed......................................................................................................
Upload: 61.13 Mbit/s
2025-04-12T12:50:01+08:00
Retrieving speedtest.net configuration...
Testing from FIl Products Service Television Inc (103.105.214.52)...
Retrieving speedtest.net server list...
Selecting best server based on ping...
Hosted by Zafra Cable Television Network Inc. (Panglao) [57.64 km]: 28.064 ms
Testing download speed................................................................................
Download: 34.36 Mbit/s
Testing upload speed......................................................................................................
Upload: 75.28 Mbit/s
2025-04-12T12:55:01+08:00
Retrieving speedtest.net configuration...
Testing from FIl Products Service Television Inc (103.105.214.61)...
Retrieving speedtest.net server list...
Selecting best server based on ping...
Hosted by Zafra Cable Television Network Inc. (Panglao) [57.64 km]: 28.496 ms
Testing download speed................................................................................
Download: 62.46 Mbit/s
Testing upload speed......................................................................................................
Upload: 79.93 Mbit/s
2025-04-12T13:00:01+08:00
Retrieving speedtest.net configuration...
Testing from FIl Products Service Television Inc (103.105.214.52)...
Retrieving speedtest.net server list...
Selecting best server based on ping...
2025-04-12T13:05:01+08:00
Retrieving speedtest.net configuration...
2025-04-12T13:10:01+08:00
Retrieving speedtest.net configuration...
Testing from FIl Products Service Television Inc (103.105.214.61)...
Retrieving speedtest.net server list...
Selecting best server based on ping...
Hosted by Zafra Cable Television Network Inc. (Panglao) [57.64 km]: 27.794 ms
Testing download speed................................................................................
Download: 63.47 Mbit/s
Testing upload speed......................................................................................................
Upload: 88.62 Mbit/s
2025-04-12T13:15:01+08:00
Retrieving speedtest.net configuration...
Testing from FIl Products Service Television Inc (103.105.214.52)...
Retrieving speedtest.net server list...
Selecting best server based on ping...
Hosted by Zafra Cable Television Network Inc. (Panglao) [57.64 km]: 27.911 ms
Testing download speed................................................................................
Download: 48.41 Mbit/s
Testing upload speed......................................................................................................
Upload: 66.51 Mbit/s
2025-04-12T13:20:01+08:00
Retrieving speedtest.net configuration...
Testing from FIl Products Service Television Inc (103.105.214.52)...
Retrieving speedtest.net server list...
Selecting best server based on ping...
Hosted by Zafra Cable Television Network Inc. (Panglao) [57.64 km]: 28.64 ms
Testing download speed................................................................................
Download: 60.78 Mbit/s
Testing upload speed......................................................................................................
Upload: 88.33 Mbit/s
2025-04-12T13:25:01+08:00
Retrieving speedtest.net configuration...
Testing from FIl Products Service Television Inc (103.105.214.61)...
Retrieving speedtest.net server list...
Selecting best server based on ping...
Hosted by Zafra Cable Television Network Inc. (Panglao) [57.64 km]: 28.104 ms
Testing download speed................................................................................
Download: 27.53 Mbit/s
Testing upload speed......................................................................................................
Upload: 88.91 Mbit/s
2025-04-12T13:30:01+08:00
Retrieving speedtest.net configuration...
Testing from FIl Products Service Television Inc (103.105.214.52)...
Retrieving speedtest.net server list...
Selecting best server based on ping...
2025-04-12T13:35:01+08:00
Retrieving speedtest.net configuration...
2025-04-12T13:40:01+08:00
Retrieving speedtest.net configuration...
Testing from FIl Products Service Television Inc (103.105.214.61)...
Retrieving speedtest.net server list...
Selecting best server based on ping...
Hosted by Zafra Cable Television Network Inc. (Panglao) [57.64 km]: 28.371 ms
Testing download speed................................................................................
Download: 49.43 Mbit/s
Testing upload speed......................................................................................................
Upload: 83.21 Mbit/s
2025-04-12T13:45:01+08:00
Retrieving speedtest.net configuration...
Testing from FIl Products Service Television Inc (103.105.214.52)...
Retrieving speedtest.net server list...
Selecting best server based on ping...
Hosted by Zafra Cable Television Network Inc. (Panglao) [57.64 km]: 27.449 ms
Testing download speed................................................................................
Download: 43.71 Mbit/s
Testing upload speed......................................................................................................
Upload: 74.43 Mbit/s
2025-04-12T13:50:01+08:00
Retrieving speedtest.net configuration...
Testing from FIl Products Service Television Inc (103.105.214.52)...
Retrieving speedtest.net server list...
Selecting best server based on ping...
Hosted by Zafra Cable Television Network Inc. (Panglao) [57.64 km]: 28.313 ms
Testing download speed................................................................................
Download: 65.39 Mbit/s
Testing upload speed......................................................................................................
Upload: 85.50 Mbit/s
2025-04-12T13:55:01+08:00
Retrieving speedtest.net configuration...
Testing from FIl Products Service Television Inc (103.105.214.61)...
Retrieving speedtest.net server list...
Selecting best server based on ping...
Hosted by Zafra Cable Television Network Inc. (Panglao) [57.64 km]: 27.965 ms
Testing download speed................................................................................
Download: 43.32 Mbit/s
Testing upload speed......................................................................................................
Upload: 87.22 Mbit/s
2025-04-12T14:00:01+08:00
Retrieving speedtest.net configuration...
Testing from FIl Products Service Television Inc (103.105.214.61)...
Retrieving speedtest.net server list...
Selecting best server based on ping...
2025-04-12T14:05:01+08:00
Retrieving speedtest.net configuration...
2025-04-12T14:10:01+08:00
Retrieving speedtest.net configuration...
Testing from FIl Products Service Television Inc (103.105.214.61)...
Retrieving speedtest.net server list...
Selecting best server based on ping...
Hosted by Zafra Cable Television Network Inc. (Panglao) [57.64 km]: 27.968 ms
Testing download speed................................................................................
Download: 46.97 Mbit/s
Testing upload speed......................................................................................................
Upload: 85.88 Mbit/s
2025-04-12T14:15:01+08:00
Retrieving speedtest.net configuration...
Testing from FIl Products Service Television Inc (103.105.214.61)...
Retrieving speedtest.net server list...
Selecting best server based on ping...
Hosted by Zafra Cable Television Network Inc. (Panglao) [57.64 km]: 32.673 ms
Testing download speed................................................................................
Download: 30.19 Mbit/s
Testing upload speed......................................................................................................
Upload: 92.33 Mbit/s
2025-04-12T14:20:01+08:00
Retrieving speedtest.net configuration...
Testing from FIl Products Service Television Inc (103.105.214.61)...
Retrieving speedtest.net server list...
Selecting best server based on ping...
Hosted by Zafra Cable Television Network Inc. (Panglao) [57.64 km]: 27.787 ms
Testing download speed................................................................................
Download: 61.04 Mbit/s
Testing upload speed......................................................................................................
Upload: 92.39 Mbit/s
2025-04-12T14:25:01+08:00
Retrieving speedtest.net configuration...
Testing from FIl Products Service Television Inc (103.105.214.61)...
Retrieving speedtest.net server list...
Selecting best server based on ping...
Hosted by Zafra Cable Television Network Inc. (Panglao) [57.64 km]: 27.684 ms
Testing download speed................................................................................
Download: 41.59 Mbit/s
Testing upload speed......................................................................................................
Upload: 72.12 Mbit/s
2025-04-12T14:30:01+08:00
Retrieving speedtest.net configuration...
Testing from FIl Products Service Television Inc (103.105.214.61)...
Retrieving speedtest.net server list...
Selecting best server based on ping...
2025-04-12T14:35:01+08:00
Retrieving speedtest.net configuration...
Testing from FIl Products Service Television Inc (103.105.214.52)...
Retrieving speedtest.net server list...
Selecting best server based on ping...
Hosted by Zafra Cable Television Network Inc. (Panglao) [57.64 km]: 41.136 ms
Testing download speed................................................................................
Download: 43.92 Mbit/s
Testing upload speed......................................................................................................
Upload: 90.33 Mbit/s
2025-04-12T14:40:01+08:00
Retrieving speedtest.net configuration...
Testing from FIl Products Service Television Inc (103.105.214.61)...
Retrieving speedtest.net server list...
Selecting best server based on ping...
Hosted by Zafra Cable Television Network Inc. (Panglao) [57.64 km]: 29.213 ms
Testing download speed................................................................................
Download: 53.97 Mbit/s
Testing upload speed......................................................................................................
Upload: 67.72 Mbit/s
2025-04-12T14:45:01+08:00
Retrieving speedtest.net configuration...
Testing from FIl Products Service Television Inc (103.105.214.52)...
Retrieving speedtest.net server list...
Selecting best server based on ping...
Hosted by Zafra Cable Television Network Inc. (Panglao) [57.64 km]: 28.435 ms
Testing download speed................................................................................
Download: 48.29 Mbit/s
Testing upload speed......................................................................................................
Upload: 86.76 Mbit/s
2025-04-12T14:50:01+08:00
Retrieving speedtest.net configuration...
2025-04-12T14:55:01+08:00
Retrieving speedtest.net configuration...
Testing from FIl Products Service Television Inc (103.105.214.61)...
Retrieving speedtest.net server list...
Selecting best server based on ping...
Hosted by Radius Telecoms, Inc. (Cebu City) [126.16 km]: 58.785 ms
Testing download speed................................................................................
Download: 54.56 Mbit/s
Testing upload speed......................................................................................................
Upload: 64.72 Mbit/s
2025-04-12T15:00:01+08:00
Retrieving speedtest.net configuration...
Testing from FIl Products Service Television Inc (103.105.214.52)...
Retrieving speedtest.net server list...
Selecting best server based on ping...
2025-04-12T15:05:01+08:00
Retrieving speedtest.net configuration...
2025-04-12T15:10:01+08:00
Retrieving speedtest.net configuration...
Testing from FIl Products Service Television Inc (103.105.214.52)...
Retrieving speedtest.net server list...
Selecting best server based on ping...
Hosted by Zafra Cable Television Network Inc. (Panglao) [57.64 km]: 28.477 ms
Testing download speed................................................................................
Download: 71.05 Mbit/s
Testing upload speed......................................................................................................
Upload: 86.31 Mbit/s
2025-04-12T15:15:01+08:00
Retrieving speedtest.net configuration...
Testing from FIl Products Service Television Inc (103.105.214.61)...
Retrieving speedtest.net server list...
Selecting best server based on ping...
Hosted by Zafra Cable Television Network Inc. (Panglao) [57.64 km]: 30.955 ms
Testing download speed................................................................................
Download: 53.06 Mbit/s
Testing upload speed......................................................................................................
Upload: 54.84 Mbit/s
2025-04-12T15:20:01+08:00
Retrieving speedtest.net configuration...
Testing from FIl Products Service Television Inc (103.105.214.52)...
Retrieving speedtest.net server list...
Selecting best server based on ping...
Hosted by Zafra Cable Television Network Inc. (Panglao) [57.64 km]: 28.916 ms
Testing download speed................................................................................
Download: 46.18 Mbit/s
Testing upload speed......................................................................................................
Upload: 73.59 Mbit/s
2025-04-12T15:25:01+08:00
Retrieving speedtest.net configuration...
Testing from FIl Products Service Television Inc (103.105.214.52)...
Retrieving speedtest.net server list...
Selecting best server based on ping...
Hosted by Zafra Cable Television Network Inc. (Panglao) [57.64 km]: 36.648 ms
Testing download speed................................................................................
Download: 43.36 Mbit/s
Testing upload speed......................................................................................................
Upload: 89.95 Mbit/s
2025-04-12T15:30:01+08:00
Retrieving speedtest.net configuration...
Testing from FIl Products Service Television Inc (103.105.214.61)...
Retrieving speedtest.net server list...
Selecting best server based on ping...
2025-04-12T15:35:01+08:00
Retrieving speedtest.net configuration...
2025-04-12T15:40:01+08:00
Retrieving speedtest.net configuration...
Testing from FIl Products Service Television Inc (103.105.214.52)...
Retrieving speedtest.net server list...
Selecting best server based on ping...
Hosted by Zafra Cable Television Network Inc. (Panglao) [57.64 km]: 28.244 ms
Testing download speed................................................................................
Download: 71.56 Mbit/s
Testing upload speed......................................................................................................
Upload: 96.65 Mbit/s
2025-04-12T15:45:01+08:00
Retrieving speedtest.net configuration...
Testing from FIl Products Service Television Inc (103.105.214.61)...
Retrieving speedtest.net server list...
Selecting best server based on ping...
Hosted by Zafra Cable Television Network Inc. (Panglao) [57.64 km]: 28.588 ms
Testing download speed................................................................................
Download: 69.54 Mbit/s
Testing upload speed......................................................................................................
Upload: 104.29 Mbit/s
2025-04-12T15:50:01+08:00
Retrieving speedtest.net configuration...
Testing from FIl Products Service Television Inc (103.105.214.61)...
Retrieving speedtest.net server list...
Selecting best server based on ping...
Hosted by Fil Products Negros (Dumaguete City) [0.00 km]: 15.301 ms
Testing download speed................................................................................
Download: 96.75 Mbit/s
Testing upload speed......................................................................................................
Upload: 50.61 Mbit/s
2025-04-12T15:55:02+08:00
Retrieving speedtest.net configuration...
Testing from FIl Products Service Television Inc (103.105.214.61)...
Retrieving speedtest.net server list...
Selecting best server based on ping...
Hosted by Fil Products Negros (Dumaguete City) [0.00 km]: 5.359 ms
Testing download speed................................................................................
Download: 159.29 Mbit/s
Testing upload speed......................................................................................................
Upload: 90.87 Mbit/s
2025-04-12T16:00:01+08:00
Retrieving speedtest.net configuration...
Testing from FIl Products Service Television Inc (103.105.214.61)...
Retrieving speedtest.net server list...
Selecting best server based on ping...
2025-04-12T16:05:01+08:00
Retrieving speedtest.net configuration...
2025-04-12T16:10:01+08:00
Retrieving speedtest.net configuration...
Testing from FIl Products Service Television Inc (103.105.214.52)...
Retrieving speedtest.net server list...
Selecting best server based on ping...
Hosted by Fil Products Negros (Dumaguete City) [0.00 km]: 16.864 ms
Testing download speed................................................................................
Download: 152.32 Mbit/s
Testing upload speed......................................................................................................
Upload: 73.76 Mbit/s
2025-04-12T16:15:01+08:00
Retrieving speedtest.net configuration...
Testing from FIl Products Service Television Inc (103.105.214.52)...
Retrieving speedtest.net server list...
Selecting best server based on ping...
Hosted by Fil Products Negros (Dumaguete City) [0.00 km]: 15.526 ms
Testing download speed................................................................................
Download: 160.38 Mbit/s
Testing upload speed......................................................................................................
Upload: 93.12 Mbit/s
2025-04-12T16:20:01+08:00
Retrieving speedtest.net configuration...
Testing from FIl Products Service Television Inc (103.105.214.61)...
Retrieving speedtest.net server list...
Selecting best server based on ping...
Hosted by Fil Products Negros (Dumaguete City) [0.00 km]: 6.249 ms
Testing download speed................................................................................
Download: 159.12 Mbit/s
Testing upload speed......................................................................................................
Upload: 126.90 Mbit/s
2025-04-12T16:25:01+08:00
Retrieving speedtest.net configuration...
Testing from FIl Products Service Television Inc (103.105.214.61)...
Retrieving speedtest.net server list...
Selecting best server based on ping...
Hosted by Fil Products Negros (Dumaguete City) [0.00 km]: 11.636 ms
Testing download speed................................................................................
Download: 158.82 Mbit/s
Testing upload speed......................................................................................................
Upload: 128.64 Mbit/s
2025-04-12T16:30:01+08:00
Retrieving speedtest.net configuration...
Testing from FIl Products Service Television Inc (103.105.214.52)...
Retrieving speedtest.net server list...
Selecting best server based on ping...
2025-04-12T16:35:01+08:00
Retrieving speedtest.net configuration...
2025-04-12T16:40:01+08:00
Retrieving speedtest.net configuration...
Testing from FIl Products Service Television Inc (103.105.214.49)...
Retrieving speedtest.net server list...
Selecting best server based on ping...
Hosted by Fil Products Negros (Dumaguete City) [0.00 km]: 14.911 ms
Testing download speed................................................................................
Download: 157.72 Mbit/s
Testing upload speed......................................................................................................
Upload: 87.61 Mbit/s
2025-04-12T16:45:01+08:00
Retrieving speedtest.net configuration...
Testing from FIl Products Service Television Inc (103.105.214.52)...
Retrieving speedtest.net server list...
Selecting best server based on ping...
Hosted by Fil Products Negros (Dumaguete City) [0.00 km]: 7.251 ms
Testing download speed................................................................................
Download: 155.15 Mbit/s
Testing upload speed......................................................................................................
Upload: 95.82 Mbit/s
2025-04-12T16:50:01+08:00
Retrieving speedtest.net configuration...
Testing from FIl Products Service Television Inc (103.105.214.52)...
Retrieving speedtest.net server list...
Selecting best server based on ping...
Hosted by Fil Products Negros (Dumaguete City) [0.00 km]: 5.455 ms
Testing download speed................................................................................
Download: 142.25 Mbit/s
Testing upload speed......................................................................................................
Upload: 115.71 Mbit/s
2025-04-12T16:55:01+08:00
Retrieving speedtest.net configuration...
Testing from FIl Products Service Television Inc (103.105.214.52)...
Retrieving speedtest.net server list...
Selecting best server based on ping...
Hosted by Fil Products Negros (Dumaguete City) [0.00 km]: 5.545 ms
Testing download speed................................................................................
Download: 145.33 Mbit/s
Testing upload speed......................................................................................................
Upload: 141.04 Mbit/s
2025-04-12T17:00:01+08:00
Retrieving speedtest.net configuration...
Testing from FIl Products Service Television Inc (103.105.214.52)...
Retrieving speedtest.net server list...
Selecting best server based on ping...
2025-04-12T17:05:01+08:00
Retrieving speedtest.net configuration...
2025-04-12T17:10:01+08:00
Retrieving speedtest.net configuration...
Testing from FIl Products Service Television Inc (103.105.214.52)...
Retrieving speedtest.net server list...
Selecting best server based on ping...
Hosted by Fil Products Negros (Dumaguete City) [0.00 km]: 13.909 ms
Testing download speed................................................................................
Download: 157.33 Mbit/s
Testing upload speed......................................................................................................
Upload: 140.34 Mbit/s
2025-04-12T17:15:01+08:00
Retrieving speedtest.net configuration...
Testing from FIl Products Service Television Inc (103.105.214.61)...
Retrieving speedtest.net server list...
Selecting best server based on ping...
Hosted by Fil Products Negros (Dumaguete City) [0.00 km]: 5.406 ms
Testing download speed................................................................................
Download: 143.49 Mbit/s
Testing upload speed......................................................................................................
Upload: 133.03 Mbit/s
2025-04-12T17:20:01+08:00
Retrieving speedtest.net configuration...
Testing from FIl Products Service Television Inc (103.105.214.61)...
Retrieving speedtest.net server list...
Selecting best server based on ping...
Hosted by Fil Products Negros (Dumaguete City) [0.00 km]: 14.973 ms
Testing download speed................................................................................
Download: 144.94 Mbit/s
Testing upload speed......................................................................................................
Upload: 134.28 Mbit/s
2025-04-12T17:25:01+08:00
Retrieving speedtest.net configuration...
Testing from FIl Products Service Television Inc (103.105.214.61)...
Retrieving speedtest.net server list...
Selecting best server based on ping...
Hosted by Fil Products Negros (Dumaguete City) [0.00 km]: 16.949 ms
Testing download speed................................................................................
Download: 150.75 Mbit/s
Testing upload speed......................................................................................................
Upload: 134.97 Mbit/s
2025-04-12T17:30:01+08:00
Retrieving speedtest.net configuration...
Testing from FIl Products Service Television Inc (103.105.214.52)...
Retrieving speedtest.net server list...
Selecting best server based on ping...
2025-04-12T17:35:01+08:00
Retrieving speedtest.net configuration...
2025-04-12T17:40:01+08:00
Retrieving speedtest.net configuration...
Testing from FIl Products Service Television Inc (103.105.214.52)...
Retrieving speedtest.net server list...
Selecting best server based on ping...
Hosted by Fil Products Negros (Dumaguete City) [0.00 km]: 15.696 ms
Testing download speed................................................................................
Download: 158.07 Mbit/s
Testing upload speed......................................................................................................
Upload: 141.46 Mbit/s
2025-04-12T17:45:01+08:00
Retrieving speedtest.net configuration...
Testing from FIl Products Service Television Inc (103.105.214.52)...
Retrieving speedtest.net server list...
Selecting best server based on ping...
Hosted by Fil Products Negros (Dumaguete City) [0.00 km]: 4.448 ms
Testing download speed................................................................................
Download: 161.70 Mbit/s
Testing upload speed......................................................................................................
Upload: 143.48 Mbit/s
2025-04-12T17:50:01+08:00
Retrieving speedtest.net configuration...
Testing from FIl Products Service Television Inc (103.105.214.61)...
Retrieving speedtest.net server list...
Selecting best server based on ping...
Hosted by Fil Products Negros (Dumaguete City) [0.00 km]: 5.168 ms
Testing download speed................................................................................
Download: 103.69 Mbit/s
Testing upload speed......................................................................................................
Upload: 154.04 Mbit/s
2025-04-12T17:55:01+08:00
Retrieving speedtest.net configuration...
Testing from FIl Products Service Television Inc (103.105.214.61)...
Retrieving speedtest.net server list...
Selecting best server based on ping...
Hosted by Fil Products Negros (Dumaguete City) [0.00 km]: 5.469 ms
Testing download speed................................................................................
Download: 104.79 Mbit/s
Testing upload speed......................................................................................................
Upload: 47.95 Mbit/s
2025-04-12T18:00:01+08:00
Retrieving speedtest.net configuration...
Testing from FIl Products Service Television Inc (103.105.214.52)...
Retrieving speedtest.net server list...
Selecting best server based on ping...
