2025-08-16T00:00:02+08:00
Retrieving speedtest.net configuration...
Testing from FIl Products Service Television Inc (103.105.214.59)...
Retrieving speedtest.net server list...
Selecting best server based on ping...
2025-08-16T00:05:01+08:00
Retrieving speedtest.net configuration...
2025-08-16T00:10:01+08:00
Retrieving speedtest.net configuration...
Testing from FIl Products Service Television Inc (103.105.214.52)...
Retrieving speedtest.net server list...
Selecting best server based on ping...
Hosted by Parasat Cable TV, Inc. (Cagayan de Oro) [173.34 km]: 24.254 ms
Testing download speed................................................................................
Download: 98.58 Mbit/s
Testing upload speed......................................................................................................
Upload: 274.91 Mbit/s
2025-08-16T00:15:01+08:00
Retrieving speedtest.net configuration...
Testing from FIl Products Service Television Inc (103.105.214.59)...
Retrieving speedtest.net server list...
Selecting best server based on ping...
Hosted by Haturiko Services Inc. (Quezon) [270.46 km]: 50.96 ms
Testing download speed................................................................................
Download: 68.31 Mbit/s
Testing upload speed......................................................................................................
Upload: 154.44 Mbit/s
2025-08-16T00:20:01+08:00
Retrieving speedtest.net configuration...
Testing from FIl Products Service Television Inc (103.105.214.52)...
Retrieving speedtest.net server list...
Selecting best server based on ping...
Hosted by Globe Telecom (Davao City) [355.16 km]: 31.929 ms
Testing download speed................................................................................
Download: 109.49 Mbit/s
Testing upload speed......................................................................................................
Upload: 212.48 Mbit/s
2025-08-16T00:25:01+08:00
Retrieving speedtest.net configuration...
Testing from FIl Products Service Television Inc (103.105.214.52)...
Retrieving speedtest.net server list...
Selecting best server based on ping...
Hosted by Globe Telecom (Davao City) [355.16 km]: 35.685 ms
Testing download speed................................................................................
Download: 95.82 Mbit/s
Testing upload speed......................................................................................................
Upload: 202.10 Mbit/s
2025-08-16T00:30:01+08:00
Retrieving speedtest.net configuration...
Testing from FIl Products Service Television Inc (103.105.214.52)...
Retrieving speedtest.net server list...
Selecting best server based on ping...
2025-08-16T00:35:01+08:00
Retrieving speedtest.net configuration...
Testing from FIl Products Service Television Inc (103.105.214.52)...
Retrieving speedtest.net server list...
Selecting best server based on ping...
Hosted by Globe Telecom (Davao City) [355.16 km]: 30.0 ms
Testing download speed................................................................................
Download: 98.64 Mbit/s
Testing upload speed......................................................................................................
Upload: 176.98 Mbit/s
2025-08-16T00:40:01+08:00
Retrieving speedtest.net configuration...
Testing from FIl Products Service Television Inc (103.105.214.52)...
Retrieving speedtest.net server list...
Selecting best server based on ping...
Hosted by Globe Telecom (Davao City) [355.16 km]: 31.385 ms
Testing download speed................................................................................
Download: 97.47 Mbit/s
Testing upload speed......................................................................................................
Upload: 279.14 Mbit/s
2025-08-16T00:45:01+08:00
Retrieving speedtest.net configuration...
Testing from FIl Products Service Television Inc (103.105.214.52)...
Retrieving speedtest.net server list...
Selecting best server based on ping...
Hosted by Globe Telecom (Davao City) [355.16 km]: 30.105 ms
Testing download speed................................................................................
Download: 171.73 Mbit/s
Testing upload speed......................................................................................................
Upload: 292.47 Mbit/s
2025-08-16T00:50:01+08:00
Retrieving speedtest.net configuration...
Testing from FIl Products Service Television Inc (103.105.214.59)...
Retrieving speedtest.net server list...
Selecting best server based on ping...
Hosted by Globe Telecom (Davao City) [355.16 km]: 30.167 ms
Testing download speed................................................................................
Download: 190.07 Mbit/s
Testing upload speed......................................................................................................
Upload: 334.40 Mbit/s
2025-08-16T00:55:01+08:00
Retrieving speedtest.net configuration...
Testing from FIl Products Service Television Inc (103.105.214.59)...
Retrieving speedtest.net server list...
Selecting best server based on ping...
Hosted by Globe Telecom (Davao City) [355.16 km]: 29.896 ms
Testing download speed................................................................................
Download: 200.26 Mbit/s
Testing upload speed......................................................................................................
Upload: 283.04 Mbit/s
2025-08-16T01:00:01+08:00
Retrieving speedtest.net configuration...
Testing from FIl Products Service Television Inc (103.105.214.59)...
Retrieving speedtest.net server list...
Selecting best server based on ping...
