2025-05-18T18:25:53-04:00
Retrieving speedtest.net configuration...
Testing from Bell Canada (142.188.145.144)...
Retrieving speedtest.net server list...
Selecting best server based on ping...
Hosted by Bell Canada (Ottawa, ON) [10.76 km]: 7.033 ms
Testing download speed................................................................................
Download: 367.04 Mbit/s
Testing upload speed......................................................................................................
Upload: 226.10 Mbit/s
2025-05-18T18:30:01-04:00
Retrieving speedtest.net configuration...
Testing from Bell Canada (142.188.145.144)...
Retrieving speedtest.net server list...
Selecting best server based on ping...
Hosted by TELUS Mobility (Montréal, QC) [161.74 km]: 9.323 ms
Testing download speed................................................................................
Download: 336.84 Mbit/s
Testing upload speed......................................................................................................
Upload: 208.68 Mbit/s
2025-05-18T18:35:01-04:00
Retrieving speedtest.net configuration...
Testing from Bell Canada (142.188.145.144)...
Retrieving speedtest.net server list...
Selecting best server based on ping...
Hosted by TELUS (Montréal, QC) [161.74 km]: 10.996 ms
Testing download speed................................................................................
Download: 378.21 Mbit/s
Testing upload speed......................................................................................................
Upload: 282.45 Mbit/s
2025-05-18T18:55:01-04:00
Retrieving speedtest.net configuration...
Testing from Bell Canada (142.188.145.144)...
Retrieving speedtest.net server list...
Selecting best server based on ping...
Hosted by TELUS Mobility (Montréal, QC) [161.74 km]: 10.288 ms
Testing download speed................................................................................
Download: 393.70 Mbit/s
Testing upload speed......................................................................................................
Upload: 228.44 Mbit/s
2025-05-18T19:00:01-04:00
Retrieving speedtest.net configuration...
Testing from Bell Canada (142.188.145.144)...
Retrieving speedtest.net server list...
Selecting best server based on ping...
Hosted by TELUS Mobility (Montréal, QC) [161.74 km]: 8.062 ms
Testing download speed................................................................................
Download: 352.91 Mbit/s
Testing upload speed......................................................................................................
Upload: 224.19 Mbit/s
2025-05-18T19:05:01-04:00
Retrieving speedtest.net configuration...
2025-05-18T19:10:01-04:00
Retrieving speedtest.net configuration...
2025-05-18T19:15:01-04:00
Retrieving speedtest.net configuration...
Testing from Bell Canada (142.188.145.144)...
Retrieving speedtest.net server list...
Selecting best server based on ping...
Hosted by TELUS Mobility (Montréal, QC) [161.74 km]: 8.985 ms
Testing download speed................................................................................
Download: 337.84 Mbit/s
Testing upload speed......................................................................................................
Upload: 267.78 Mbit/s
2025-05-18T19:20:01-04:00
Retrieving speedtest.net configuration...
Testing from Bell Canada (142.188.145.144)...
Retrieving speedtest.net server list...
Selecting best server based on ping...
Hosted by TELUS (Montréal, QC) [161.74 km]: 10.029 ms
Testing download speed................................................................................
Download: 358.37 Mbit/s
Testing upload speed......................................................................................................
Upload: 256.24 Mbit/s
2025-05-18T19:25:01-04:00
Retrieving speedtest.net configuration...
Testing from Bell Canada (142.188.145.144)...
Retrieving speedtest.net server list...
Selecting best server based on ping...
Hosted by TELUS Mobility (Montréal, QC) [161.74 km]: 10.128 ms
Testing download speed................................................................................
Download: 372.49 Mbit/s
Testing upload speed......................................................................................................
Upload: 225.25 Mbit/s
2025-05-18T19:30:01-04:00
Retrieving speedtest.net configuration...
Testing from Bell Canada (142.188.145.144)...
Retrieving speedtest.net server list...
Selecting best server based on ping...
Hosted by TELUS (Montréal, QC) [161.74 km]: 9.116 ms
Testing download speed................................................................................
Download: 380.21 Mbit/s
Testing upload speed......................................................................................................
Upload: 292.18 Mbit/s
2025-05-18T19:35:01-04:00
Retrieving speedtest.net configuration...
Testing from Bell Canada (142.188.145.144)...
Retrieving speedtest.net server list...
Selecting best server based on ping...
Hosted by TELUS Mobility (Montréal, QC) [161.74 km]: 7.865 ms
Testing download speed................................................................................
Download: 353.91 Mbit/s
Testing upload speed......................................................................................................
Upload: 276.94 Mbit/s
2025-05-18T19:40:01-04:00
Retrieving speedtest.net configuration...
Testing from Bell Canada (142.188.145.144)...
Retrieving speedtest.net server list...
Selecting best server based on ping...
Hosted by TELUS Mobility (Montréal, QC) [161.74 km]: 7.923 ms
Testing download speed................................................................................
Download: 370.77 Mbit/s
Testing upload speed......................................................................................................
Upload: 283.57 Mbit/s
2025-05-18T19:45:01-04:00
Retrieving speedtest.net configuration...
Testing from Bell Canada (142.188.145.144)...
Retrieving speedtest.net server list...
Selecting best server based on ping...
Hosted by TELUS Mobility (Montréal, QC) [161.74 km]: 9.478 ms
Testing download speed................................................................................
Download: 393.72 Mbit/s
Testing upload speed......................................................................................................
Upload: 272.76 Mbit/s
2025-05-18T19:50:01-04:00
Retrieving speedtest.net configuration...
Testing from Bell Canada (142.188.145.144)...
Retrieving speedtest.net server list...
Selecting best server based on ping...
Hosted by TELUS Mobility (Montréal, QC) [161.74 km]: 8.059 ms
Testing download speed................................................................................
Download: 387.89 Mbit/s
Testing upload speed......................................................................................................
Upload: 292.19 Mbit/s
2025-05-18T19:55:01-04:00
Retrieving speedtest.net configuration...
Testing from Bell Canada (142.188.145.144)...
Retrieving speedtest.net server list...
Selecting best server based on ping...
Hosted by TELUS (Montréal, QC) [161.74 km]: 10.337 ms
Testing download speed................................................................................
Download: 396.45 Mbit/s
Testing upload speed......................................................................................................
Upload: 310.81 Mbit/s
2025-05-18T20:00:01-04:00
Retrieving speedtest.net configuration...
Testing from Bell Canada (142.188.145.144)...
Retrieving speedtest.net server list...
Selecting best server based on ping...
