2025-07-04T00:00:01+08:00
Retrieving speedtest.net configuration...
Testing from FIl Products Service Television Inc (103.105.214.58)...
Retrieving speedtest.net server list...
Selecting best server based on ping...
2025-07-04T00:05:01+08:00
Retrieving speedtest.net configuration...
2025-07-04T00:10:01+08:00
Retrieving speedtest.net configuration...
Testing from FIl Products Service Television Inc (103.105.214.58)...
Retrieving speedtest.net server list...
Selecting best server based on ping...
Hosted by Parasat Cable TV, Inc. (Cagayan de Oro) [173.34 km]: 14.833 ms
Testing download speed................................................................................
Download: 148.53 Mbit/s
Testing upload speed......................................................................................................
Upload: 333.85 Mbit/s
2025-07-04T00:15:01+08:00
Retrieving speedtest.net configuration...
Testing from FIl Products Service Television Inc (103.105.214.58)...
Retrieving speedtest.net server list...
Selecting best server based on ping...
Hosted by Parasat Cable TV, Inc. (Cagayan de Oro) [173.34 km]: 15.212 ms
Testing download speed................................................................................
Download: 131.69 Mbit/s
Testing upload speed......................................................................................................
Upload: 304.83 Mbit/s
2025-07-04T00:20:01+08:00
Retrieving speedtest.net configuration...
Testing from FIl Products Service Television Inc (103.105.214.59)...
Retrieving speedtest.net server list...
Selecting best server based on ping...
Hosted by Parasat Cable TV, Inc. (Cagayan de Oro) [173.34 km]: 14.731 ms
Testing download speed................................................................................
Download: 136.97 Mbit/s
Testing upload speed......................................................................................................
Upload: 355.05 Mbit/s
2025-07-04T00:25:01+08:00
Retrieving speedtest.net configuration...
Testing from FIl Products Service Television Inc (103.105.214.59)...
Retrieving speedtest.net server list...
Selecting best server based on ping...
Hosted by Parasat Cable TV, Inc. (Cagayan de Oro) [173.34 km]: 14.741 ms
Testing download speed................................................................................
Download: 135.55 Mbit/s
Testing upload speed......................................................................................................
Upload: 302.17 Mbit/s
2025-07-04T00:30:01+08:00
Retrieving speedtest.net configuration...
Testing from FIl Products Service Television Inc (103.105.214.59)...
Retrieving speedtest.net server list...
Selecting best server based on ping...
2025-07-04T00:35:01+08:00
Retrieving speedtest.net configuration...
Testing from FIl Products Service Television Inc (103.105.214.59)...
Retrieving speedtest.net server list...
Selecting best server based on ping...
Hosted by Parasat Cable TV, Inc. (Cagayan de Oro) [173.34 km]: 15.03 ms
Testing download speed................................................................................
Download: 156.05 Mbit/s
Testing upload speed......................................................................................................
Upload: 254.97 Mbit/s
2025-07-04T00:40:01+08:00
Retrieving speedtest.net configuration...
Testing from FIl Products Service Television Inc (103.105.214.59)...
Retrieving speedtest.net server list...
Selecting best server based on ping...
Hosted by Parasat Cable TV, Inc. (Cagayan de Oro) [173.34 km]: 12.492 ms
Testing download speed................................................................................
Download: 164.91 Mbit/s
Testing upload speed......................................................................................................
Upload: 332.14 Mbit/s
2025-07-04T00:45:01+08:00
Retrieving speedtest.net configuration...
Testing from FIl Products Service Television Inc (103.105.214.59)...
Retrieving speedtest.net server list...
Selecting best server based on ping...
Hosted by Parasat Cable TV, Inc. (Cagayan de Oro) [173.34 km]: 14.296 ms
Testing download speed................................................................................
Download: 158.37 Mbit/s
Testing upload speed......................................................................................................
Upload: 304.48 Mbit/s
2025-07-04T00:50:01+08:00
Retrieving speedtest.net configuration...
Testing from FIl Products Service Television Inc (103.105.214.59)...
Retrieving speedtest.net server list...
Selecting best server based on ping...
Hosted by Parasat Cable TV, Inc. (Cagayan de Oro) [173.34 km]: 13.505 ms
Testing download speed................................................................................
Download: 158.14 Mbit/s
Testing upload speed......................................................................................................
Upload: 351.20 Mbit/s
2025-07-04T00:55:01+08:00
Retrieving speedtest.net configuration...
Testing from FIl Products Service Television Inc (103.105.214.59)...
Retrieving speedtest.net server list...
Selecting best server based on ping...
Hosted by Parasat Cable TV, Inc. (Cagayan de Oro) [173.34 km]: 13.061 ms
Testing download speed................................................................................
Download: 124.19 Mbit/s
Testing upload speed......................................................................................................
Upload: 361.39 Mbit/s
2025-07-04T01:00:01+08:00
Retrieving speedtest.net configuration...
Testing from FIl Products Service Television Inc (103.105.214.59)...
Retrieving speedtest.net server list...
Selecting best server based on ping...
