2025-04-20T00:00:01+08:00
Retrieving speedtest.net configuration...
Testing from FIl Products Service Television Inc (103.105.214.53)...
Retrieving speedtest.net server list...
Selecting best server based on ping...
2025-04-20T00:05:01+08:00
Retrieving speedtest.net configuration...
2025-04-20T00:10:01+08:00
Retrieving speedtest.net configuration...
Testing from FIl Products Service Television Inc (103.105.214.50)...
Retrieving speedtest.net server list...
Selecting best server based on ping...
Hosted by Fil Products Negros (Dumaguete City) [0.00 km]: 13.949 ms
Testing download speed................................................................................
Download: 167.80 Mbit/s
Testing upload speed......................................................................................................
Upload: 114.52 Mbit/s
2025-04-20T00:15:01+08:00
Retrieving speedtest.net configuration...
Testing from FIl Products Service Television Inc (103.105.214.50)...
Retrieving speedtest.net server list...
Selecting best server based on ping...
Hosted by Fil Products Negros (Dumaguete City) [0.00 km]: 4.803 ms
Testing download speed................................................................................
Download: 169.66 Mbit/s
Testing upload speed......................................................................................................
Upload: 102.28 Mbit/s
2025-04-20T00:20:01+08:00
Retrieving speedtest.net configuration...
Testing from FIl Products Service Television Inc (103.105.214.53)...
Retrieving speedtest.net server list...
Selecting best server based on ping...
Hosted by Fil Products Negros (Dumaguete City) [0.00 km]: 14.974 ms
Testing download speed................................................................................
Download: 152.34 Mbit/s
Testing upload speed......................................................................................................
Upload: 116.61 Mbit/s
2025-04-20T00:25:01+08:00
Retrieving speedtest.net configuration...
Testing from FIl Products Service Television Inc (103.105.214.53)...
Retrieving speedtest.net server list...
Selecting best server based on ping...
Hosted by Fil Products Negros (Dumaguete City) [0.00 km]: 4.57 ms
Testing download speed................................................................................
Download: 169.58 Mbit/s
Testing upload speed......................................................................................................
Upload: 119.09 Mbit/s
2025-04-20T00:30:01+08:00
Retrieving speedtest.net configuration...
Testing from FIl Products Service Television Inc (103.105.214.50)...
Retrieving speedtest.net server list...
Selecting best server based on ping...
2025-04-20T00:35:01+08:00
Retrieving speedtest.net configuration...
2025-04-20T00:40:01+08:00
Retrieving speedtest.net configuration...
Testing from FIl Products Service Television Inc (103.105.214.53)...
Retrieving speedtest.net server list...
Selecting best server based on ping...
Hosted by Fil Products Negros (Dumaguete City) [0.00 km]: 14.32 ms
Testing download speed................................................................................
Download: 167.75 Mbit/s
Testing upload speed......................................................................................................
Upload: 116.89 Mbit/s
2025-04-20T00:45:01+08:00
Retrieving speedtest.net configuration...
Testing from FIl Products Service Television Inc (103.105.214.53)...
Retrieving speedtest.net server list...
Selecting best server based on ping...
Hosted by PLDT (Cebu City) [126.16 km]: 39.828 ms
Testing download speed................................................................................
Download: 92.07 Mbit/s
Testing upload speed......................................................................................................
Upload: 110.19 Mbit/s
2025-04-20T00:50:01+08:00
Retrieving speedtest.net configuration...
Testing from FIl Products Service Television Inc (103.105.214.53)...
Retrieving speedtest.net server list...
Selecting best server based on ping...
Hosted by Fil Products Negros (Dumaguete City) [0.00 km]: 9.394 ms
Testing download speed................................................................................
Download: 167.36 Mbit/s
Testing upload speed......................................................................................................
Upload: 123.28 Mbit/s
2025-04-20T00:55:01+08:00
Retrieving speedtest.net configuration...
Testing from FIl Products Service Television Inc (103.105.214.50)...
Retrieving speedtest.net server list...
Selecting best server based on ping...
Hosted by DCTV Cable Network (Cebu City) [128.48 km]: 37.256 ms
Testing download speed................................................................................
Download: 143.27 Mbit/s
Testing upload speed......................................................................................................
Upload: 97.90 Mbit/s
2025-04-20T01:00:01+08:00
Retrieving speedtest.net configuration...
Testing from FIl Products Service Television Inc (103.105.214.50)...
Retrieving speedtest.net server list...
Selecting best server based on ping...
2025-04-20T01:05:01+08:00
Retrieving speedtest.net configuration...
2025-04-20T01:10:01+08:00
Retrieving speedtest.net configuration...
Testing from FIl Products Service Television Inc (103.105.214.53)...
Retrieving speedtest.net server list...
Selecting best server based on ping...
Hosted by Fil Products Negros (Dumaguete City) [0.00 km]: 9.335 ms
Testing download speed................................................................................
Download: 143.24 Mbit/s
Testing upload speed......................................................................................................
Upload: 91.68 Mbit/s
2025-04-20T01:15:01+08:00
Retrieving speedtest.net configuration...
Testing from FIl Products Service Television Inc (103.105.214.50)...
Retrieving speedtest.net server list...
Selecting best server based on ping...
Hosted by Fil Products Negros (Dumaguete City) [0.00 km]: 5.45 ms
Testing download speed................................................................................
Download: 156.03 Mbit/s
Testing upload speed......................................................................................................
Upload: 119.60 Mbit/s
2025-04-20T01:20:01+08:00
Retrieving speedtest.net configuration...
Testing from FIl Products Service Television Inc (103.105.214.50)...
Retrieving speedtest.net server list...
Selecting best server based on ping...
Hosted by Fil Products Negros (Dumaguete City) [0.00 km]: 8.978 ms
Testing download speed................................................................................
Download: 165.01 Mbit/s
Testing upload speed......................................................................................................
Upload: 122.05 Mbit/s
2025-04-20T01:25:01+08:00
Retrieving speedtest.net configuration...
Testing from FIl Products Service Television Inc (103.105.214.50)...
Retrieving speedtest.net server list...
Selecting best server based on ping...
Hosted by Fil Products Negros (Dumaguete City) [0.00 km]: 13.575 ms
Testing download speed................................................................................
Download: 164.20 Mbit/s
Testing upload speed......................................................................................................
Upload: 110.37 Mbit/s
2025-04-20T01:30:01+08:00
Retrieving speedtest.net configuration...
Testing from FIl Products Service Television Inc (103.105.214.53)...
Retrieving speedtest.net server list...
Selecting best server based on ping...
2025-04-20T01:35:01+08:00
Retrieving speedtest.net configuration...
Testing from FIl Products Service Television Inc (103.105.214.61)...
Retrieving speedtest.net server list...
Selecting best server based on ping...
Hosted by Fil Products Negros (Dumaguete City) [0.00 km]: 15.023 ms
Testing download speed................................................................................
Download: 170.14 Mbit/s
Testing upload speed......................................................................................................
Upload: 115.72 Mbit/s
2025-04-20T01:40:01+08:00
Retrieving speedtest.net configuration...
Testing from FIl Products Service Television Inc (103.105.214.53)...
Retrieving speedtest.net server list...
Selecting best server based on ping...
Hosted by Fil Products Negros (Dumaguete City) [0.00 km]: 4.895 ms
Testing download speed................................................................................
Download: 168.98 Mbit/s
Testing upload speed......................................................................................................
Upload: 110.77 Mbit/s
2025-04-20T01:45:01+08:00
Retrieving speedtest.net configuration...
Testing from FIl Products Service Television Inc (103.105.214.50)...
Retrieving speedtest.net server list...
Selecting best server based on ping...
Hosted by DCTV Cable Network (Cebu City) [128.48 km]: 36.932 ms
Testing download speed................................................................................
Download: 131.73 Mbit/s
Testing upload speed......................................................................................................
Upload: 90.04 Mbit/s
2025-04-20T01:50:01+08:00
Retrieving speedtest.net configuration...
Testing from FIl Products Service Television Inc (103.105.214.53)...
Retrieving speedtest.net server list...
Selecting best server based on ping...
Hosted by DCTV Cable Network (Cebu City) [128.48 km]: 37.084 ms
Testing download speed................................................................................
Download: 91.14 Mbit/s
Testing upload speed......................................................................................................
Upload: 67.98 Mbit/s
2025-04-20T01:55:01+08:00
Retrieving speedtest.net configuration...
Testing from FIl Products Service Television Inc (103.105.214.53)...
Retrieving speedtest.net server list...
Selecting best server based on ping...
Hosted by DCTV Cable Network (Cebu City) [128.48 km]: 38.921 ms
Testing download speed................................................................................
Download: 96.34 Mbit/s
Testing upload speed......................................................................................................
Upload: 113.15 Mbit/s
2025-04-20T02:00:01+08:00
Retrieving speedtest.net configuration...
Testing from FIl Products Service Television Inc (103.105.214.50)...
Retrieving speedtest.net server list...
