2025-06-10T00:00:01+08:00
Retrieving speedtest.net configuration...
Testing from FIl Products Service Television Inc (103.105.214.58)...
Retrieving speedtest.net server list...
Selecting best server based on ping...
2025-06-10T00:05:01+08:00
Retrieving speedtest.net configuration...
2025-06-10T00:10:01+08:00
Retrieving speedtest.net configuration...
Testing from FIl Products Service Television Inc (103.105.214.58)...
Retrieving speedtest.net server list...
Selecting best server based on ping...
Hosted by Parasat Cable TV, Inc. (Cagayan de Oro) [173.34 km]: 12.622 ms
Testing download speed................................................................................
Download: 185.24 Mbit/s
Testing upload speed......................................................................................................
Upload: 237.49 Mbit/s
2025-06-10T00:15:01+08:00
Retrieving speedtest.net configuration...
Testing from FIl Products Service Television Inc (103.105.214.58)...
Retrieving speedtest.net server list...
Selecting best server based on ping...
Hosted by Parasat Cable TV, Inc. (Cagayan de Oro) [173.34 km]: 17.115 ms
Testing download speed................................................................................
Download: 191.71 Mbit/s
Testing upload speed......................................................................................................
Upload: 206.07 Mbit/s
2025-06-10T00:20:01+08:00
Retrieving speedtest.net configuration...
Testing from FIl Products Service Television Inc (103.105.214.58)...
Retrieving speedtest.net server list...
Selecting best server based on ping...
Hosted by Parasat Cable TV, Inc. (Cagayan de Oro) [173.34 km]: 12.57 ms
Testing download speed................................................................................
Download: 191.51 Mbit/s
Testing upload speed......................................................................................................
Upload: 229.53 Mbit/s
2025-06-10T00:25:01+08:00
Retrieving speedtest.net configuration...
Testing from FIl Products Service Television Inc (103.105.214.58)...
Retrieving speedtest.net server list...
Selecting best server based on ping...
Hosted by Parasat Cable TV, Inc. (Cagayan de Oro) [173.34 km]: 12.588 ms
Testing download speed................................................................................
Download: 176.76 Mbit/s
Testing upload speed......................................................................................................
Upload: 231.33 Mbit/s
2025-06-10T00:30:02+08:00
Retrieving speedtest.net configuration...
Testing from FIl Products Service Television Inc (103.105.214.58)...
Retrieving speedtest.net server list...
Selecting best server based on ping...
2025-06-10T00:35:01+08:00
Retrieving speedtest.net configuration...
Testing from FIl Products Service Television Inc (103.105.214.58)...
Retrieving speedtest.net server list...
Selecting best server based on ping...
Hosted by Parasat Cable TV, Inc. (Cagayan de Oro) [173.34 km]: 12.754 ms
Testing download speed................................................................................
Download: 191.21 Mbit/s
Testing upload speed......................................................................................................
Upload: 229.89 Mbit/s
2025-06-10T00:40:01+08:00
Retrieving speedtest.net configuration...
Testing from FIl Products Service Television Inc (103.105.214.58)...
Retrieving speedtest.net server list...
Selecting best server based on ping...
Hosted by Parasat Cable TV, Inc. (Cagayan de Oro) [173.34 km]: 14.509 ms
Testing download speed................................................................................
Download: 191.92 Mbit/s
Testing upload speed......................................................................................................
Upload: 212.75 Mbit/s
2025-06-10T00:45:01+08:00
Retrieving speedtest.net configuration...
Testing from FIl Products Service Television Inc (103.105.214.58)...
Retrieving speedtest.net server list...
Selecting best server based on ping...
Hosted by Parasat Cable TV, Inc. (Cagayan de Oro) [173.34 km]: 14.349 ms
Testing download speed................................................................................
Download: 191.77 Mbit/s
Testing upload speed......................................................................................................
Upload: 262.38 Mbit/s
2025-06-10T00:50:01+08:00
Retrieving speedtest.net configuration...
Testing from FIl Products Service Television Inc (103.105.214.58)...
Retrieving speedtest.net server list...
Selecting best server based on ping...
Hosted by Parasat Cable TV, Inc. (Cagayan de Oro) [173.34 km]: 15.181 ms
Testing download speed................................................................................
Download: 190.03 Mbit/s
Testing upload speed......................................................................................................
Upload: 198.23 Mbit/s
2025-06-10T00:55:01+08:00
Retrieving speedtest.net configuration...
Testing from FIl Products Service Television Inc (103.105.214.58)...
Retrieving speedtest.net server list...
Selecting best server based on ping...
Hosted by Parasat Cable TV, Inc. (Cagayan de Oro) [173.34 km]: 14.822 ms
Testing download speed................................................................................
Download: 192.78 Mbit/s
Testing upload speed......................................................................................................
Upload: 256.47 Mbit/s
2025-06-10T01:00:01+08:00
Retrieving speedtest.net configuration...
Testing from FIl Products Service Television Inc (103.105.214.58)...
Retrieving speedtest.net server list...
Selecting best server based on ping...
