2025-09-21T00:00:01+08:00
Retrieving speedtest.net configuration...
Testing from FIl Products Service Television Inc (103.105.214.62)...
Retrieving speedtest.net server list...
Selecting best server based on ping...
2025-09-21T00:05:01+08:00
Retrieving speedtest.net configuration...
2025-09-21T00:10:01+08:00
Retrieving speedtest.net configuration...
Testing from FIl Products Service Television Inc (103.105.214.57)...
Retrieving speedtest.net server list...
Selecting best server based on ping...
Hosted by Smart Communications (Mandaue) [132.82 km]: 56.716 ms
Testing download speed................................................................................
Download: 84.53 Mbit/s
Testing upload speed......................................................................................................
Upload: 63.19 Mbit/s
2025-09-21T00:15:01+08:00
Retrieving speedtest.net configuration...
Testing from FIl Products Service Television Inc (103.105.214.62)...
Retrieving speedtest.net server list...
Selecting best server based on ping...
Hosted by Smart Communications (Mandaue) [132.82 km]: 59.896 ms
Testing download speed................................................................................
Download: 82.84 Mbit/s
Testing upload speed......................................................................................................
Upload: 34.29 Mbit/s
2025-09-21T00:20:01+08:00
Retrieving speedtest.net configuration...
Testing from FIl Products Service Television Inc (103.105.214.57)...
Retrieving speedtest.net server list...
Selecting best server based on ping...
Hosted by Smart Communications (Mandaue) [132.82 km]: 55.356 ms
Testing download speed................................................................................
Download: 84.09 Mbit/s
Testing upload speed......................................................................................................
Upload: 65.42 Mbit/s
2025-09-21T00:25:01+08:00
Retrieving speedtest.net configuration...
Testing from FIl Products Service Television Inc (103.105.214.57)...
Retrieving speedtest.net server list...
Selecting best server based on ping...
Hosted by Smart Communications (Mandaue) [132.82 km]: 53.645 ms
Testing download speed................................................................................
Download: 87.52 Mbit/s
Testing upload speed......................................................................................................
Upload: 67.75 Mbit/s
2025-09-21T00:30:02+08:00
Retrieving speedtest.net configuration...
Testing from FIl Products Service Television Inc (103.105.214.57)...
Retrieving speedtest.net server list...
Selecting best server based on ping...
2025-09-21T00:35:01+08:00
Retrieving speedtest.net configuration...
Testing from FIl Products Service Television Inc (103.105.214.57)...
Retrieving speedtest.net server list...
Selecting best server based on ping...
Hosted by Smart Communications (Mandaue) [132.82 km]: 49.999 ms
Testing download speed................................................................................
Download: 85.58 Mbit/s
Testing upload speed......................................................................................................
Upload: 71.07 Mbit/s
2025-09-21T00:40:01+08:00
Retrieving speedtest.net configuration...
Testing from FIl Products Service Television Inc (103.105.214.62)...
Retrieving speedtest.net server list...
Selecting best server based on ping...
Hosted by Smart Communications (Mandaue) [132.82 km]: 45.712 ms
Testing download speed................................................................................
Download: 86.58 Mbit/s
Testing upload speed......................................................................................................
Upload: 33.16 Mbit/s
2025-09-21T00:45:01+08:00
Retrieving speedtest.net configuration...
Testing from FIl Products Service Television Inc (103.105.214.62)...
Retrieving speedtest.net server list...
Selecting best server based on ping...
Hosted by Smart Communications (Mandaue) [132.82 km]: 54.247 ms
Testing download speed................................................................................
Download: 85.87 Mbit/s
Testing upload speed......................................................................................................
Upload: 69.71 Mbit/s
2025-09-21T00:50:01+08:00
Retrieving speedtest.net configuration...
Testing from FIl Products Service Television Inc (103.105.214.57)...
Retrieving speedtest.net server list...
Selecting best server based on ping...
Hosted by Smart Communications (Mandaue) [132.82 km]: 49.427 ms
Testing download speed................................................................................
Download: 87.46 Mbit/s
Testing upload speed......................................................................................................
Upload: 33.23 Mbit/s
2025-09-21T00:55:01+08:00
Retrieving speedtest.net configuration...
Testing from FIl Products Service Television Inc (103.105.214.62)...
Retrieving speedtest.net server list...
Selecting best server based on ping...
Hosted by Smart Communications (Mandaue) [132.82 km]: 55.602 ms
Testing download speed................................................................................
Download: 87.74 Mbit/s
Testing upload speed......................................................................................................
Upload: 63.28 Mbit/s
2025-09-21T01:00:01+08:00
Retrieving speedtest.net configuration...
Testing from FIl Products Service Television Inc (103.105.214.62)...
Retrieving speedtest.net server list...
Selecting best server based on ping...
