2025-07-05T00:00:01+08:00
Retrieving speedtest.net configuration...
Testing from FIl Products Service Television Inc (103.105.214.58)...
Retrieving speedtest.net server list...
Selecting best server based on ping...
2025-07-05T00:05:01+08:00
Retrieving speedtest.net configuration...
2025-07-05T00:10:01+08:00
Retrieving speedtest.net configuration...
Testing from FIl Products Service Television Inc (103.105.214.58)...
Retrieving speedtest.net server list...
Selecting best server based on ping...
Hosted by PLDT (Cagayan de Oro) [173.34 km]: 40.697 ms
Testing download speed................................................................................
Download: 161.94 Mbit/s
Testing upload speed......................................................................................................
Upload: 225.23 Mbit/s
2025-07-05T00:15:01+08:00
Retrieving speedtest.net configuration...
Testing from FIl Products Service Television Inc (103.105.214.51)...
Retrieving speedtest.net server list...
Selecting best server based on ping...
Hosted by PLDT (Cagayan de Oro) [173.34 km]: 40.573 ms
Testing download speed................................................................................
Download: 183.69 Mbit/s
Testing upload speed......................................................................................................
Upload: 201.98 Mbit/s
2025-07-05T00:20:01+08:00
Retrieving speedtest.net configuration...
Testing from FIl Products Service Television Inc (103.105.214.51)...
Retrieving speedtest.net server list...
Selecting best server based on ping...
Hosted by PLDT (Cagayan de Oro) [173.34 km]: 41.006 ms
Testing download speed................................................................................
Download: 152.61 Mbit/s
Testing upload speed......................................................................................................
Upload: 222.32 Mbit/s
2025-07-05T00:25:01+08:00
Retrieving speedtest.net configuration...
Testing from FIl Products Service Television Inc (103.105.214.58)...
Retrieving speedtest.net server list...
Selecting best server based on ping...
Hosted by PLDT (Cagayan de Oro) [173.34 km]: 41.313 ms
Testing download speed................................................................................
Download: 87.34 Mbit/s
Testing upload speed......................................................................................................
Upload: 240.37 Mbit/s
2025-07-05T00:30:01+08:00
Retrieving speedtest.net configuration...
Testing from FIl Products Service Television Inc (103.105.214.51)...
Retrieving speedtest.net server list...
Selecting best server based on ping...
2025-07-05T00:35:01+08:00
Retrieving speedtest.net configuration...
Testing from FIl Products Service Television Inc (103.105.214.51)...
Retrieving speedtest.net server list...
Selecting best server based on ping...
Hosted by PLDT (Cagayan de Oro) [173.34 km]: 40.976 ms
Testing download speed................................................................................
Download: 131.52 Mbit/s
Testing upload speed......................................................................................................
Upload: 241.45 Mbit/s
2025-07-05T00:40:01+08:00
Retrieving speedtest.net configuration...
Testing from FIl Products Service Television Inc (103.105.214.58)...
Retrieving speedtest.net server list...
Selecting best server based on ping...
Hosted by PLDT (Cagayan de Oro) [173.34 km]: 42.658 ms
Testing download speed................................................................................
Download: 176.32 Mbit/s
Testing upload speed......................................................................................................
Upload: 205.29 Mbit/s
2025-07-05T00:45:01+08:00
Retrieving speedtest.net configuration...
Testing from FIl Products Service Television Inc (103.105.214.58)...
Retrieving speedtest.net server list...
Selecting best server based on ping...
Hosted by PLDT (Cagayan de Oro) [173.34 km]: 40.379 ms
Testing download speed................................................................................
Download: 155.26 Mbit/s
Testing upload speed......................................................................................................
Upload: 232.85 Mbit/s
2025-07-05T00:50:01+08:00
Retrieving speedtest.net configuration...
Testing from FIl Products Service Television Inc (103.105.214.51)...
Retrieving speedtest.net server list...
Selecting best server based on ping...
Hosted by PLDT (Cagayan de Oro) [173.34 km]: 39.905 ms
Testing download speed................................................................................
Download: 164.01 Mbit/s
Testing upload speed......................................................................................................
Upload: 168.90 Mbit/s
2025-07-05T00:55:01+08:00
Retrieving speedtest.net configuration...
Testing from FIl Products Service Television Inc (103.105.214.51)...
Retrieving speedtest.net server list...
Selecting best server based on ping...
Hosted by PLDT (Cagayan de Oro) [173.34 km]: 82.247 ms
Testing download speed................................................................................
Download: 139.64 Mbit/s
Testing upload speed......................................................................................................
Upload: 206.95 Mbit/s
2025-07-05T01:00:01+08:00
Retrieving speedtest.net configuration...
Testing from FIl Products Service Television Inc (103.105.214.62)...
Retrieving speedtest.net server list...
Selecting best server based on ping...
2025-07-05T01:05:01+08:00
Retrieving speedtest.net configuration...
2025-07-05T01:10:01+08:00
Retrieving speedtest.net configuration...
Testing from FIl Products Service Television Inc (103.105.214.51)...
Retrieving speedtest.net server list...
Selecting best server based on ping...
Hosted by PLDT (Cagayan de Oro) [173.34 km]: 43.423 ms
Testing download speed................................................................................
Download: 141.95 Mbit/s
Testing upload speed......................................................................................................
Upload: 224.64 Mbit/s
2025-07-05T01:15:01+08:00
Retrieving speedtest.net configuration...
Testing from FIl Products Service Television Inc (103.105.214.49)...
Retrieving speedtest.net server list...
Selecting best server based on ping...
Hosted by Parasat Cable TV, Inc. (Cagayan de Oro) [173.34 km]: 32.985 ms
Testing download speed................................................................................
Download: 107.37 Mbit/s
Testing upload speed......................................................................................................
Upload: 24.38 Mbit/s
2025-07-05T01:20:01+08:00
Retrieving speedtest.net configuration...
Testing from FIl Products Service Television Inc (103.105.214.58)...
Retrieving speedtest.net server list...
Selecting best server based on ping...
Hosted by Parasat Cable TV, Inc. (Cagayan de Oro) [173.34 km]: 21.956 ms
Testing download speed................................................................................
Download: 195.66 Mbit/s
Testing upload speed......................................................................................................
Upload: 367.86 Mbit/s
2025-07-05T01:25:01+08:00
Retrieving speedtest.net configuration...
Testing from FIl Products Service Television Inc (103.105.214.58)...
Retrieving speedtest.net server list...
Selecting best server based on ping...
Hosted by Parasat Cable TV, Inc. (Cagayan de Oro) [173.34 km]: 14.256 ms
Testing download speed................................................................................
Download: 192.55 Mbit/s
Testing upload speed......................................................................................................
Upload: 369.43 Mbit/s
2025-07-05T01:30:01+08:00
Retrieving speedtest.net configuration...
Testing from FIl Products Service Television Inc (103.105.214.51)...
Retrieving speedtest.net server list...
Selecting best server based on ping...
2025-07-05T01:35:01+08:00
Retrieving speedtest.net configuration...
Testing from FIl Products Service Television Inc (103.105.214.51)...
Retrieving speedtest.net server list...
Selecting best server based on ping...
Hosted by Parasat Cable TV, Inc. (Cagayan de Oro) [173.34 km]: 16.144 ms
Testing download speed................................................................................
Download: 192.62 Mbit/s
Testing upload speed......................................................................................................
Upload: 331.93 Mbit/s
2025-07-05T01:40:01+08:00
Retrieving speedtest.net configuration...
Testing from FIl Products Service Television Inc (103.105.214.58)...
Retrieving speedtest.net server list...
Selecting best server based on ping...
Hosted by Parasat Cable TV, Inc. (Cagayan de Oro) [173.34 km]: 16.12 ms
Testing download speed................................................................................
Download: 177.32 Mbit/s
Testing upload speed......................................................................................................
Upload: 321.31 Mbit/s
2025-07-05T01:45:01+08:00
Retrieving speedtest.net configuration...
Testing from FIl Products Service Television Inc (103.105.214.58)...
Retrieving speedtest.net server list...
Selecting best server based on ping...
Hosted by Parasat Cable TV, Inc. (Cagayan de Oro) [173.34 km]: 13.884 ms
Testing download speed................................................................................
Download: 193.60 Mbit/s
Testing upload speed......................................................................................................
Upload: 315.35 Mbit/s
2025-07-05T01:50:01+08:00
Retrieving speedtest.net configuration...
Testing from FIl Products Service Television Inc (103.105.214.58)...
Retrieving speedtest.net server list...
Selecting best server based on ping...
Hosted by Parasat Cable TV, Inc. (Cagayan de Oro) [173.34 km]: 32.994 ms
Testing download speed................................................................................
Download: 195.08 Mbit/s
Testing upload speed......................................................................................................
Upload: 320.07 Mbit/s
2025-07-05T01:55:01+08:00
Retrieving speedtest.net configuration...
Testing from FIl Products Service Television Inc (103.105.214.58)...
Retrieving speedtest.net server list...
Selecting best server based on ping...
Hosted by Parasat Cable TV, Inc. (Cagayan de Oro) [173.34 km]: 16.114 ms
Testing download speed................................................................................
Download: 193.63 Mbit/s
Testing upload speed......................................................................................................
Upload: 355.97 Mbit/s
2025-07-05T02:00:01+08:00
Retrieving speedtest.net configuration...
Testing from FIl Products Service Television Inc (103.105.214.51)...
Retrieving speedtest.net server list...
Selecting best server based on ping...
2025-07-05T02:05:01+08:00
Retrieving speedtest.net configuration...
2025-07-05T02:10:01+08:00
Retrieving speedtest.net configuration...
Testing from FIl Products Service Television Inc (103.105.214.51)...
Retrieving speedtest.net server list...
Selecting best server based on ping...
Hosted by Parasat Cable TV, Inc. (Cagayan de Oro) [173.34 km]: 36.207 ms
Testing download speed................................................................................
Download: 190.61 Mbit/s
Testing upload speed......................................................................................................
Upload: 352.75 Mbit/s
2025-07-05T02:15:01+08:00
Retrieving speedtest.net configuration...
Testing from FIl Products Service Television Inc (103.105.214.51)...
Retrieving speedtest.net server list...
Selecting best server based on ping...
Hosted by Parasat Cable TV, Inc. (Cagayan de Oro) [173.34 km]: 16.325 ms
Testing download speed................................................................................
Download: 165.77 Mbit/s
Testing upload speed......................................................................................................
Upload: 322.75 Mbit/s
2025-07-05T02:20:01+08:00
Retrieving speedtest.net configuration...
Testing from FIl Products Service Television Inc (103.105.214.58)...
Retrieving speedtest.net server list...
Selecting best server based on ping...
Hosted by Now Corporation (Cavite) [632.09 km]: 28.707 ms
Testing download speed................................................................................
Download: 191.33 Mbit/s
Testing upload speed......................................................................................................
Upload: 234.70 Mbit/s
2025-07-05T02:25:01+08:00
Retrieving speedtest.net configuration...
Testing from FIl Products Service Television Inc (103.105.214.58)...
Retrieving speedtest.net server list...
Selecting best server based on ping...
Hosted by keith.net Inc. (Makati City) [634.17 km]: 27.055 ms
Testing download speed................................................................................
Download: 159.56 Mbit/s
Testing upload speed......................................................................................................
Upload: 171.79 Mbit/s
2025-07-05T02:30:01+08:00
Retrieving speedtest.net configuration...
Testing from FIl Products Service Television Inc (103.105.214.51)...
Retrieving speedtest.net server list...
Selecting best server based on ping...
2025-07-05T02:35:01+08:00
Retrieving speedtest.net configuration...
Testing from FIl Products Service Television Inc (103.105.214.58)...
Retrieving speedtest.net server list...
Selecting best server based on ping...
Hosted by keith.net Inc. (Makati City) [634.17 km]: 35.687 ms
Testing download speed................................................................................
Download: 169.66 Mbit/s
Testing upload speed......................................................................................................
Upload: 228.12 Mbit/s
2025-07-05T02:40:01+08:00
Retrieving speedtest.net configuration...
Testing from FIl Products Service Television Inc (103.105.214.58)...
Retrieving speedtest.net server list...
Selecting best server based on ping...
Hosted by Now Corporation (Cavite) [632.09 km]: 19.621 ms
Testing download speed................................................................................
Download: 176.47 Mbit/s
Testing upload speed......................................................................................................
Upload: 233.65 Mbit/s
2025-07-05T02:45:01+08:00
Retrieving speedtest.net configuration...
Testing from FIl Products Service Television Inc (103.105.214.58)...
Retrieving speedtest.net server list...
Selecting best server based on ping...
Hosted by keith.net Inc. (Makati City) [634.17 km]: 22.431 ms
Testing download speed................................................................................
Download: 186.87 Mbit/s
Testing upload speed......................................................................................................
Upload: 136.12 Mbit/s
2025-07-05T02:50:01+08:00
Retrieving speedtest.net configuration...
Testing from FIl Products Service Television Inc (103.105.214.58)...
Retrieving speedtest.net server list...
Selecting best server based on ping...
Hosted by keith.net Inc. (Makati City) [634.17 km]: 24.587 ms
Testing download speed................................................................................
Download: 181.60 Mbit/s
Testing upload speed......................................................................................................
Upload: 154.65 Mbit/s
2025-07-05T02:55:01+08:00
Retrieving speedtest.net configuration...
Testing from FIl Products Service Television Inc (103.105.214.58)...
Retrieving speedtest.net server list...
Selecting best server based on ping...
Hosted by Now Corporation (Cavite) [632.09 km]: 23.041 ms
Testing download speed................................................................................
Download: 187.18 Mbit/s
Testing upload speed......................................................................................................
Upload: 258.47 Mbit/s
2025-07-05T03:00:01+08:00
Retrieving speedtest.net configuration...
Testing from FIl Products Service Television Inc (103.105.214.58)...
Retrieving speedtest.net server list...
Selecting best server based on ping...
2025-07-05T03:05:01+08:00
Retrieving speedtest.net configuration...
2025-07-05T03:10:01+08:00
Retrieving speedtest.net configuration...
Testing from FIl Products Service Television Inc (103.105.214.58)...
Retrieving speedtest.net server list...
Selecting best server based on ping...
Hosted by Now Corporation (Cavite) [632.09 km]: 29.819 ms
Testing download speed................................................................................
Download: 159.85 Mbit/s
Testing upload speed......................................................................................................
Upload: 386.67 Mbit/s
2025-07-05T03:15:01+08:00
Retrieving speedtest.net configuration...
Testing from FIl Products Service Television Inc (103.105.214.58)...
Retrieving speedtest.net server list...
Selecting best server based on ping...
Hosted by Now Corporation (Cavite) [632.09 km]: 26.601 ms
Testing download speed................................................................................
Download: 191.82 Mbit/s
Testing upload speed......................................................................................................
Upload: 422.64 Mbit/s
2025-07-05T03:20:01+08:00
Retrieving speedtest.net configuration...
Testing from FIl Products Service Television Inc (103.105.214.51)...
Retrieving speedtest.net server list...
Selecting best server based on ping...
Hosted by Now Corporation (Cavite) [632.09 km]: 20.6 ms
Testing download speed................................................................................
Download: 160.46 Mbit/s
Testing upload speed......................................................................................................
Upload: 298.24 Mbit/s
2025-07-05T03:25:01+08:00
Retrieving speedtest.net configuration...
Testing from FIl Products Service Television Inc (103.105.214.58)...
Retrieving speedtest.net server list...
Selecting best server based on ping...
Hosted by Now Corporation (Cavite) [632.09 km]: 20.689 ms
Testing download speed................................................................................
Download: 190.13 Mbit/s
Testing upload speed......................................................................................................
Upload: 326.71 Mbit/s
2025-07-05T03:30:01+08:00
Retrieving speedtest.net configuration...
Testing from FIl Products Service Television Inc (103.105.214.51)...
Retrieving speedtest.net server list...
Selecting best server based on ping...
2025-07-05T03:35:01+08:00
Retrieving speedtest.net configuration...
Testing from FIl Products Service Television Inc (103.105.214.58)...
Retrieving speedtest.net server list...
Selecting best server based on ping...
Hosted by keith.net Inc. (Makati City) [634.17 km]: 27.533 ms
Testing download speed................................................................................
Download: 183.82 Mbit/s
Testing upload speed......................................................................................................
Upload: 237.03 Mbit/s
2025-07-05T03:40:01+08:00
Retrieving speedtest.net configuration...
Testing from FIl Products Service Television Inc (103.105.214.51)...
Retrieving speedtest.net server list...
Selecting best server based on ping...
Hosted by Now Corporation (Cavite) [632.09 km]: 30.214 ms
Testing download speed................................................................................
Download: 179.78 Mbit/s
Testing upload speed......................................................................................................
Upload: 258.78 Mbit/s
2025-07-05T03:45:01+08:00
Retrieving speedtest.net configuration...
Testing from FIl Products Service Television Inc (103.105.214.51)...
Retrieving speedtest.net server list...
Selecting best server based on ping...
Hosted by keith.net Inc. (Makati City) [634.17 km]: 22.147 ms
Testing download speed................................................................................
Download: 148.22 Mbit/s
Testing upload speed......................................................................................................
Upload: 136.64 Mbit/s
2025-07-05T03:50:01+08:00
Retrieving speedtest.net configuration...
Testing from FIl Products Service Television Inc (103.105.214.51)...
Retrieving speedtest.net server list...
Selecting best server based on ping...
Hosted by Now Corporation (Cavite) [632.09 km]: 39.257 ms
Testing download speed................................................................................
Download: 185.91 Mbit/s
Testing upload speed......................................................................................................
Upload: 305.45 Mbit/s
2025-07-05T03:55:01+08:00
Retrieving speedtest.net configuration...
Testing from FIl Products Service Television Inc (103.105.214.51)...
Retrieving speedtest.net server list...
Selecting best server based on ping...
Hosted by Now Corporation (Cavite) [632.09 km]: 21.554 ms
Testing download speed................................................................................
Download: 191.14 Mbit/s
Testing upload speed......................................................................................................
Upload: 334.56 Mbit/s
2025-07-05T04:00:01+08:00
Retrieving speedtest.net configuration...
Testing from FIl Products Service Television Inc (103.105.214.51)...
Retrieving speedtest.net server list...
Selecting best server based on ping...
2025-07-05T04:05:01+08:00
Retrieving speedtest.net configuration...
2025-07-05T04:10:01+08:00
Retrieving speedtest.net configuration...
Testing from FIl Products Service Television Inc (103.105.214.58)...
Retrieving speedtest.net server list...
Selecting best server based on ping...
Hosted by Now Corporation (Cavite) [632.09 km]: 28.774 ms
Testing download speed................................................................................
Download: 187.28 Mbit/s
Testing upload speed......................................................................................................
Upload: 296.82 Mbit/s
2025-07-05T04:15:01+08:00
Retrieving speedtest.net configuration...
Testing from FIl Products Service Television Inc (103.105.214.58)...
Retrieving speedtest.net server list...
Selecting best server based on ping...
Hosted by keith.net Inc. (Makati City) [634.17 km]: 24.31 ms
Testing download speed................................................................................
Download: 135.81 Mbit/s
Testing upload speed......................................................................................................
Upload: 155.87 Mbit/s
2025-07-05T04:20:01+08:00
Retrieving speedtest.net configuration...
Testing from FIl Products Service Television Inc (103.105.214.51)...
Retrieving speedtest.net server list...
Selecting best server based on ping...
Hosted by Now Corporation (Cavite) [632.09 km]: 28.823 ms
Testing download speed................................................................................
Download: 161.75 Mbit/s
Testing upload speed......................................................................................................
Upload: 316.40 Mbit/s
2025-07-05T04:25:01+08:00
Retrieving speedtest.net configuration...
Testing from FIl Products Service Television Inc (103.105.214.51)...
Retrieving speedtest.net server list...
Selecting best server based on ping...
Hosted by Now Corporation (Cavite) [632.09 km]: 28.48 ms
Testing download speed................................................................................
Download: 190.63 Mbit/s
Testing upload speed......................................................................................................
Upload: 341.67 Mbit/s
2025-07-05T04:30:01+08:00
Retrieving speedtest.net configuration...
Testing from FIl Products Service Television Inc (103.105.214.58)...
Retrieving speedtest.net server list...
Selecting best server based on ping...
2025-07-05T04:35:01+08:00
Retrieving speedtest.net configuration...
Testing from FIl Products Service Television Inc (103.105.214.58)...
Retrieving speedtest.net server list...
Selecting best server based on ping...
Hosted by Now Corporation (Cavite) [632.09 km]: 22.711 ms
Testing download speed................................................................................
Download: 95.90 Mbit/s
Testing upload speed......................................................................................................
Upload: 296.29 Mbit/s
2025-07-05T04:40:01+08:00
Retrieving speedtest.net configuration...
Testing from FIl Products Service Television Inc (103.105.214.58)...
Retrieving speedtest.net server list...
Selecting best server based on ping...
Hosted by Now Corporation (Cavite) [632.09 km]: 26.502 ms
Testing download speed................................................................................
Download: 181.67 Mbit/s
Testing upload speed......................................................................................................
Upload: 349.77 Mbit/s
2025-07-05T04:45:01+08:00
Retrieving speedtest.net configuration...
Testing from FIl Products Service Television Inc (103.105.214.58)...
Retrieving speedtest.net server list...
Selecting best server based on ping...
Hosted by Now Corporation (Cavite) [632.09 km]: 20.308 ms
Testing download speed................................................................................
Download: 158.21 Mbit/s
Testing upload speed......................................................................................................
Upload: 324.64 Mbit/s
2025-07-05T04:50:01+08:00
Retrieving speedtest.net configuration...
Testing from FIl Products Service Television Inc (103.105.214.51)...
Retrieving speedtest.net server list...
Selecting best server based on ping...
Hosted by Now Corporation (Cavite) [632.09 km]: 23.422 ms
Testing download speed................................................................................
Download: 135.99 Mbit/s
Testing upload speed......................................................................................................
Upload: 500.38 Mbit/s
2025-07-05T04:55:01+08:00
Retrieving speedtest.net configuration...
Testing from FIl Products Service Television Inc (103.105.214.51)...
Retrieving speedtest.net server list...
Selecting best server based on ping...
Hosted by Now Corporation (Cavite) [632.09 km]: 25.848 ms
Testing download speed................................................................................
Download: 188.32 Mbit/s
Testing upload speed......................................................................................................
Upload: 360.36 Mbit/s
2025-07-05T05:00:01+08:00
Retrieving speedtest.net configuration...
Testing from FIl Products Service Television Inc (103.105.214.51)...
Retrieving speedtest.net server list...
Selecting best server based on ping...
2025-07-05T05:05:01+08:00
Retrieving speedtest.net configuration...
2025-07-05T05:10:01+08:00
Retrieving speedtest.net configuration...
Testing from FIl Products Service Television Inc (103.105.214.51)...
Retrieving speedtest.net server list...
Selecting best server based on ping...
Hosted by Now Corporation (Cavite) [632.09 km]: 28.409 ms
Testing download speed................................................................................
Download: 154.24 Mbit/s
Testing upload speed......................................................................................................
Upload: 349.14 Mbit/s
2025-07-05T05:15:01+08:00
Retrieving speedtest.net configuration...
Testing from FIl Products Service Television Inc (103.105.214.51)...
Retrieving speedtest.net server list...
Selecting best server based on ping...
Hosted by Now Corporation (Cavite) [632.09 km]: 30.734 ms
Testing download speed................................................................................
Download: 187.80 Mbit/s
Testing upload speed......................................................................................................
Upload: 263.73 Mbit/s
2025-07-05T05:20:01+08:00
Retrieving speedtest.net configuration...
Testing from FIl Products Service Television Inc (103.105.214.51)...
Retrieving speedtest.net server list...
Selecting best server based on ping...
Hosted by PLDT (Makati) [634.17 km]: 18.282 ms
Testing download speed................................................................................
Download: 144.66 Mbit/s
Testing upload speed......................................................................................................
Upload: 268.74 Mbit/s
2025-07-05T05:25:01+08:00
Retrieving speedtest.net configuration...
Testing from FIl Products Service Television Inc (103.105.214.58)...
Retrieving speedtest.net server list...
Selecting best server based on ping...
Hosted by PLDT (Makati) [634.17 km]: 17.984 ms
Testing download speed................................................................................
Download: 182.67 Mbit/s
Testing upload speed......................................................................................................
Upload: 332.51 Mbit/s
2025-07-05T05:30:02+08:00
Retrieving speedtest.net configuration...
Testing from FIl Products Service Television Inc (103.105.214.58)...
Retrieving speedtest.net server list...
Selecting best server based on ping...
2025-07-05T05:35:01+08:00
Retrieving speedtest.net configuration...
Testing from FIl Products Service Television Inc (103.105.214.51)...
Retrieving speedtest.net server list...
Selecting best server based on ping...
Hosted by PLDT (Makati) [634.17 km]: 18.085 ms
Testing download speed................................................................................
Download: 155.37 Mbit/s
Testing upload speed......................................................................................................
Upload: 339.22 Mbit/s
2025-07-05T05:40:01+08:00
Retrieving speedtest.net configuration...
Testing from FIl Products Service Television Inc (103.105.214.58)...
Retrieving speedtest.net server list...
Selecting best server based on ping...
Hosted by PLDT (Makati) [634.17 km]: 19.908 ms
Testing download speed................................................................................
Download: 192.39 Mbit/s
Testing upload speed......................................................................................................
Upload: 215.17 Mbit/s
2025-07-05T05:45:01+08:00
Retrieving speedtest.net configuration...
Testing from FIl Products Service Television Inc (103.105.214.58)...
Retrieving speedtest.net server list...
Selecting best server based on ping...
Hosted by PLDT (Makati) [634.17 km]: 17.246 ms
Testing download speed................................................................................
Download: 188.63 Mbit/s
Testing upload speed......................................................................................................
Upload: 315.17 Mbit/s
2025-07-05T05:50:01+08:00
Retrieving speedtest.net configuration...
Testing from FIl Products Service Television Inc (103.105.214.58)...
Retrieving speedtest.net server list...
Selecting best server based on ping...
Hosted by PLDT (Makati) [634.17 km]: 19.3 ms
Testing download speed................................................................................
Download: 191.21 Mbit/s
Testing upload speed......................................................................................................
Upload: 305.69 Mbit/s
2025-07-05T05:55:01+08:00
Retrieving speedtest.net configuration...
Testing from FIl Products Service Television Inc (103.105.214.51)...
Retrieving speedtest.net server list...
Selecting best server based on ping...
Hosted by PLDT (Makati) [634.17 km]: 16.966 ms
Testing download speed................................................................................
Download: 130.06 Mbit/s
Testing upload speed......................................................................................................
Upload: 293.02 Mbit/s
2025-07-05T06:00:01+08:00
Retrieving speedtest.net configuration...
Testing from FIl Products Service Television Inc (103.105.214.58)...
Retrieving speedtest.net server list...
Selecting best server based on ping...
2025-07-05T06:05:01+08:00
Retrieving speedtest.net configuration...
2025-07-05T06:10:01+08:00
Retrieving speedtest.net configuration...
Testing from FIl Products Service Television Inc (103.105.214.51)...
Retrieving speedtest.net server list...
Selecting best server based on ping...
Hosted by PLDT (Makati) [634.17 km]: 20.941 ms
Testing download speed................................................................................
Download: 143.21 Mbit/s
Testing upload speed......................................................................................................
Upload: 322.61 Mbit/s
2025-07-05T06:15:01+08:00
Retrieving speedtest.net configuration...
Testing from FIl Products Service Television Inc (103.105.214.58)...
Retrieving speedtest.net server list...
Selecting best server based on ping...
Hosted by PLDT (Makati) [634.17 km]: 18.301 ms
Testing download speed................................................................................
Download: 159.31 Mbit/s
Testing upload speed......................................................................................................
Upload: 230.34 Mbit/s
2025-07-05T06:20:01+08:00
Retrieving speedtest.net configuration...
Testing from FIl Products Service Television Inc (103.105.214.58)...
Retrieving speedtest.net server list...
Selecting best server based on ping...
Hosted by PLDT (Makati) [634.17 km]: 22.731 ms
Testing download speed................................................................................
Download: 190.02 Mbit/s
Testing upload speed......................................................................................................
Upload: 258.16 Mbit/s
2025-07-05T06:25:01+08:00
Retrieving speedtest.net configuration...
Testing from FIl Products Service Television Inc (103.105.214.51)...
Retrieving speedtest.net server list...
Selecting best server based on ping...
Hosted by PLDT (Makati) [634.17 km]: 17.177 ms
Testing download speed................................................................................
Download: 184.35 Mbit/s
Testing upload speed......................................................................................................
Upload: 305.46 Mbit/s
2025-07-05T06:30:01+08:00
Retrieving speedtest.net configuration...
Testing from FIl Products Service Television Inc (103.105.214.51)...
Retrieving speedtest.net server list...
Selecting best server based on ping...
2025-07-05T06:35:01+08:00
Retrieving speedtest.net configuration...
Testing from FIl Products Service Television Inc (103.105.214.58)...
Retrieving speedtest.net server list...
Selecting best server based on ping...
Hosted by PLDT (Makati) [634.17 km]: 17.182 ms
Testing download speed................................................................................
Download: 153.04 Mbit/s
Testing upload speed......................................................................................................
Upload: 303.33 Mbit/s
2025-07-05T06:40:01+08:00
Retrieving speedtest.net configuration...
Testing from FIl Products Service Television Inc (103.105.214.51)...
Retrieving speedtest.net server list...
Selecting best server based on ping...
Hosted by PLDT (Makati) [634.17 km]: 17.393 ms
Testing download speed................................................................................
Download: 191.45 Mbit/s
Testing upload speed......................................................................................................
Upload: 311.70 Mbit/s
2025-07-05T06:45:01+08:00
Retrieving speedtest.net configuration...
Testing from FIl Products Service Television Inc (103.105.214.58)...
Retrieving speedtest.net server list...
Selecting best server based on ping...
Hosted by PLDT (Makati) [634.17 km]: 19.429 ms
Testing download speed................................................................................
Download: 137.01 Mbit/s
Testing upload speed......................................................................................................
Upload: 312.80 Mbit/s
2025-07-05T06:50:01+08:00
Retrieving speedtest.net configuration...
Testing from FIl Products Service Television Inc (103.105.214.58)...
Retrieving speedtest.net server list...
Selecting best server based on ping...
Hosted by PLDT (Makati) [634.17 km]: 21.481 ms
Testing download speed................................................................................
Download: 150.25 Mbit/s
Testing upload speed......................................................................................................
Upload: 251.09 Mbit/s
2025-07-05T06:55:01+08:00
Retrieving speedtest.net configuration...
Testing from FIl Products Service Television Inc (103.105.214.51)...
Retrieving speedtest.net server list...
Selecting best server based on ping...
Hosted by PLDT (Makati) [634.17 km]: 18.706 ms
Testing download speed................................................................................
Download: 116.94 Mbit/s
Testing upload speed......................................................................................................
Upload: 215.78 Mbit/s
2025-07-05T07:00:01+08:00
Retrieving speedtest.net configuration...
Testing from FIl Products Service Television Inc (103.105.214.58)...
Retrieving speedtest.net server list...
Selecting best server based on ping...
2025-07-05T07:05:01+08:00
Retrieving speedtest.net configuration...
2025-07-05T07:10:01+08:00
Retrieving speedtest.net configuration...
Testing from FIl Products Service Television Inc (103.105.214.51)...
Retrieving speedtest.net server list...
Selecting best server based on ping...
Hosted by PLDT (Makati) [634.17 km]: 18.126 ms
Testing download speed................................................................................
Download: 190.89 Mbit/s
Testing upload speed......................................................................................................
Upload: 297.01 Mbit/s
2025-07-05T07:15:01+08:00
Retrieving speedtest.net configuration...
Testing from FIl Products Service Television Inc (103.105.214.58)...
Retrieving speedtest.net server list...
Selecting best server based on ping...
Hosted by PLDT (Makati) [634.17 km]: 19.749 ms
Testing download speed................................................................................
Download: 187.95 Mbit/s
Testing upload speed......................................................................................................
Upload: 282.01 Mbit/s
2025-07-05T07:20:01+08:00
Retrieving speedtest.net configuration...
Testing from FIl Products Service Television Inc (103.105.214.58)...
Retrieving speedtest.net server list...
Selecting best server based on ping...
Hosted by PLDT (Makati) [634.17 km]: 19.549 ms
Testing download speed................................................................................
Download: 191.11 Mbit/s
Testing upload speed......................................................................................................
Upload: 291.51 Mbit/s
2025-07-05T07:25:01+08:00
Retrieving speedtest.net configuration...
Testing from FIl Products Service Television Inc (103.105.214.58)...
Retrieving speedtest.net server list...
Selecting best server based on ping...
Hosted by PLDT (Makati) [634.17 km]: 17.156 ms
Testing download speed................................................................................
Download: 190.65 Mbit/s
Testing upload speed......................................................................................................
Upload: 286.79 Mbit/s
2025-07-05T07:30:01+08:00
Retrieving speedtest.net configuration...
Testing from FIl Products Service Television Inc (103.105.214.58)...
Retrieving speedtest.net server list...
Selecting best server based on ping...
2025-07-05T07:35:01+08:00
Retrieving speedtest.net configuration...
Testing from FIl Products Service Television Inc (103.105.214.51)...
Retrieving speedtest.net server list...
Selecting best server based on ping...
Hosted by PLDT (Makati) [634.17 km]: 19.786 ms
Testing download speed................................................................................
Download: 160.92 Mbit/s
Testing upload speed......................................................................................................
Upload: 304.77 Mbit/s
2025-07-05T07:40:01+08:00
Retrieving speedtest.net configuration...
Testing from FIl Products Service Television Inc (103.105.214.51)...
Retrieving speedtest.net server list...
Selecting best server based on ping...
Hosted by PLDT (Makati) [634.17 km]: 20.532 ms
Testing download speed................................................................................
Download: 140.25 Mbit/s
Testing upload speed......................................................................................................
Upload: 296.92 Mbit/s
2025-07-05T07:45:01+08:00
Retrieving speedtest.net configuration...
Testing from FIl Products Service Television Inc (103.105.214.51)...
Retrieving speedtest.net server list...
Selecting best server based on ping...
Hosted by PLDT (Makati) [634.17 km]: 21.37 ms
Testing download speed................................................................................
Download: 181.15 Mbit/s
Testing upload speed......................................................................................................
Upload: 284.01 Mbit/s
2025-07-05T07:50:01+08:00
Retrieving speedtest.net configuration...
Testing from FIl Products Service Television Inc (103.105.214.51)...
Retrieving speedtest.net server list...
Selecting best server based on ping...
Hosted by PLDT (Makati) [634.17 km]: 18.607 ms
Testing download speed................................................................................
Download: 163.78 Mbit/s
Testing upload speed......................................................................................................
Upload: 300.45 Mbit/s
2025-07-05T07:55:01+08:00
Retrieving speedtest.net configuration...
Testing from FIl Products Service Television Inc (103.105.214.51)...
Retrieving speedtest.net server list...
Selecting best server based on ping...
Hosted by PLDT (Makati) [634.17 km]: 17.906 ms
Testing download speed................................................................................
Download: 166.95 Mbit/s
Testing upload speed......................................................................................................
Upload: 271.32 Mbit/s
2025-07-05T08:00:01+08:00
Retrieving speedtest.net configuration...
Testing from FIl Products Service Television Inc (103.105.214.51)...
Retrieving speedtest.net server list...
Selecting best server based on ping...
2025-07-05T08:05:01+08:00
Retrieving speedtest.net configuration...
2025-07-05T08:10:01+08:00
Retrieving speedtest.net configuration...
Testing from FIl Products Service Television Inc (103.105.214.51)...
Retrieving speedtest.net server list...
Selecting best server based on ping...
Hosted by PLDT (Makati) [634.17 km]: 17.197 ms
Testing download speed................................................................................
Download: 163.50 Mbit/s
Testing upload speed......................................................................................................
Upload: 245.28 Mbit/s
2025-07-05T08:15:01+08:00
Retrieving speedtest.net configuration...
Testing from FIl Products Service Television Inc (103.105.214.51)...
Retrieving speedtest.net server list...
Selecting best server based on ping...
Hosted by PLDT (Makati) [634.17 km]: 19.967 ms
Testing download speed................................................................................
Download: 155.03 Mbit/s
Testing upload speed......................................................................................................
Upload: 300.18 Mbit/s
2025-07-05T08:20:01+08:00
Retrieving speedtest.net configuration...
Testing from FIl Products Service Television Inc (103.105.214.51)...
Retrieving speedtest.net server list...
Selecting best server based on ping...
Hosted by PLDT (Makati) [634.17 km]: 18.845 ms
Testing download speed................................................................................
Download: 163.36 Mbit/s
Testing upload speed......................................................................................................
Upload: 238.47 Mbit/s
2025-07-05T08:25:01+08:00
Retrieving speedtest.net configuration...
Testing from FIl Products Service Television Inc (103.105.214.58)...
Retrieving speedtest.net server list...
Selecting best server based on ping...
Hosted by Globe Telecom (Makati) [633.45 km]: 29.522 ms
Testing download speed................................................................................
Download: 144.21 Mbit/s
Testing upload speed......................................................................................................
Upload: 224.57 Mbit/s
2025-07-05T08:30:01+08:00
Retrieving speedtest.net configuration...
Testing from FIl Products Service Television Inc (103.105.214.51)...
Retrieving speedtest.net server list...
Selecting best server based on ping...
2025-07-05T08:35:01+08:00
Retrieving speedtest.net configuration...
Testing from FIl Products Service Television Inc (103.105.214.51)...
Retrieving speedtest.net server list...
Selecting best server based on ping...
Hosted by Globe Telecom (Makati) [633.45 km]: 31.505 ms
Testing download speed................................................................................
Download: 146.30 Mbit/s
Testing upload speed......................................................................................................
Upload: 249.78 Mbit/s
2025-07-05T08:40:01+08:00
Retrieving speedtest.net configuration...
Testing from FIl Products Service Television Inc (103.105.214.51)...
Retrieving speedtest.net server list...
Selecting best server based on ping...
Hosted by DITO (Makati City) [634.17 km]: 32.874 ms
Testing download speed................................................................................
Download: 116.93 Mbit/s
Testing upload speed......................................................................................................
Upload: 298.08 Mbit/s
2025-07-05T08:45:01+08:00
Retrieving speedtest.net configuration...
Testing from FIl Products Service Television Inc (103.105.214.51)...
Retrieving speedtest.net server list...
Selecting best server based on ping...
Hosted by DITO (Makati City) [634.17 km]: 32.643 ms
Testing download speed................................................................................
Download: 114.07 Mbit/s
Testing upload speed......................................................................................................
Upload: 219.31 Mbit/s
2025-07-05T08:50:01+08:00
Retrieving speedtest.net configuration...
Testing from FIl Products Service Television Inc (103.105.214.48)...
Retrieving speedtest.net server list...
Selecting best server based on ping...
Hosted by Globe Telecom (Makati) [633.45 km]: 29.991 ms
Testing download speed................................................................................
Download: 156.22 Mbit/s
Testing upload speed......................................................................................................
Upload: 264.70 Mbit/s
2025-07-05T08:55:01+08:00
Retrieving speedtest.net configuration...
Testing from FIl Products Service Television Inc (103.105.214.51)...
Retrieving speedtest.net server list...
Selecting best server based on ping...
Hosted by Globe Telecom (Makati) [633.45 km]: 23.908 ms
Testing download speed................................................................................
Download: 182.31 Mbit/s
Testing upload speed......................................................................................................
Upload: 245.19 Mbit/s
2025-07-05T09:00:01+08:00
Retrieving speedtest.net configuration...
Testing from FIl Products Service Television Inc (103.105.214.58)...
Retrieving speedtest.net server list...
Selecting best server based on ping...
2025-07-05T09:05:01+08:00
Retrieving speedtest.net configuration...
2025-07-05T09:10:01+08:00
Retrieving speedtest.net configuration...
Testing from FIl Products Service Television Inc (103.105.214.51)...
Retrieving speedtest.net server list...
Selecting best server based on ping...
Hosted by Globe Telecom (Makati) [633.45 km]: 26.913 ms
Testing download speed................................................................................
Download: 158.09 Mbit/s
Testing upload speed......................................................................................................
Upload: 281.77 Mbit/s
2025-07-05T09:15:01+08:00
Retrieving speedtest.net configuration...
Testing from FIl Products Service Television Inc (103.105.214.51)...
Retrieving speedtest.net server list...
Selecting best server based on ping...
Hosted by Globe Telecom (Makati) [633.45 km]: 26.294 ms
Testing download speed................................................................................
Download: 185.03 Mbit/s
Testing upload speed......................................................................................................
Upload: 204.24 Mbit/s
2025-07-05T09:20:01+08:00
Retrieving speedtest.net configuration...
Testing from FIl Products Service Television Inc (103.105.214.51)...
Retrieving speedtest.net server list...
Selecting best server based on ping...
Hosted by Globe Telecom (Makati) [633.45 km]: 27.448 ms
Testing download speed................................................................................
Download: 193.44 Mbit/s
Testing upload speed......................................................................................................
Upload: 245.86 Mbit/s
2025-07-05T09:25:01+08:00
Retrieving speedtest.net configuration...
Testing from FIl Products Service Television Inc (103.105.214.58)...
Retrieving speedtest.net server list...
Selecting best server based on ping...
Hosted by Globe Telecom (Makati) [633.45 km]: 24.691 ms
Testing download speed................................................................................
Download: 187.54 Mbit/s
Testing upload speed......................................................................................................
Upload: 227.83 Mbit/s
2025-07-05T09:30:01+08:00
Retrieving speedtest.net configuration...
Testing from FIl Products Service Television Inc (103.105.214.51)...
Retrieving speedtest.net server list...
Selecting best server based on ping...
2025-07-05T09:35:01+08:00
Retrieving speedtest.net configuration...
Testing from FIl Products Service Television Inc (103.105.214.58)...
Retrieving speedtest.net server list...
Selecting best server based on ping...
Hosted by Globe Telecom (Makati) [633.45 km]: 28.123 ms
Testing download speed................................................................................
Download: 196.04 Mbit/s
Testing upload speed......................................................................................................
Upload: 232.53 Mbit/s
2025-07-05T09:40:01+08:00
Retrieving speedtest.net configuration...
Testing from FIl Products Service Television Inc (103.105.214.51)...
Retrieving speedtest.net server list...
Selecting best server based on ping...
Hosted by Globe Telecom (Makati) [633.45 km]: 23.9 ms
Testing download speed................................................................................
Download: 172.52 Mbit/s
Testing upload speed......................................................................................................
Upload: 236.96 Mbit/s
2025-07-05T09:45:01+08:00
Retrieving speedtest.net configuration...
Testing from FIl Products Service Television Inc (103.105.214.51)...
Retrieving speedtest.net server list...
Selecting best server based on ping...
Hosted by Globe Telecom (Makati) [633.45 km]: 27.216 ms
Testing download speed................................................................................
Download: 195.68 Mbit/s
Testing upload speed......................................................................................................
Upload: 299.84 Mbit/s
2025-07-05T09:50:01+08:00
Retrieving speedtest.net configuration...
Testing from FIl Products Service Television Inc (103.105.214.51)...
Retrieving speedtest.net server list...
Selecting best server based on ping...
Hosted by Globe Telecom (Makati) [633.45 km]: 24.082 ms
Testing download speed................................................................................
Download: 184.14 Mbit/s
Testing upload speed......................................................................................................
Upload: 253.27 Mbit/s
2025-07-05T09:55:01+08:00
Retrieving speedtest.net configuration...
Testing from FIl Products Service Television Inc (103.105.214.51)...
Retrieving speedtest.net server list...
Selecting best server based on ping...
Hosted by Globe Telecom (Makati) [633.45 km]: 23.131 ms
Testing download speed................................................................................
Download: 158.79 Mbit/s
Testing upload speed......................................................................................................
Upload: 237.19 Mbit/s
2025-07-05T10:00:01+08:00
Retrieving speedtest.net configuration...
Testing from FIl Products Service Television Inc (103.105.214.58)...
Retrieving speedtest.net server list...
