2025-04-24T00:00:01+08:00
Retrieving speedtest.net configuration...
Testing from FIl Products Service Television Inc (103.105.214.52)...
Retrieving speedtest.net server list...
Selecting best server based on ping...
2025-04-24T00:05:01+08:00
Retrieving speedtest.net configuration...
2025-04-24T00:10:01+08:00
Retrieving speedtest.net configuration...
Testing from FIl Products Service Television Inc (103.105.214.50)...
Retrieving speedtest.net server list...
Selecting best server based on ping...
Hosted by Giga Fiber Corp. (Tagum City) [344.01 km]: 25.636 ms
Testing download speed................................................................................
Download: 156.63 Mbit/s
Testing upload speed......................................................................................................
Upload: 215.24 Mbit/s
2025-04-24T00:15:01+08:00
Retrieving speedtest.net configuration...
Testing from FIl Products Service Television Inc (103.105.214.52)...
Retrieving speedtest.net server list...
Selecting best server based on ping...
Hosted by Giga Fiber Corp. (Tagum City) [344.01 km]: 25.775 ms
Testing download speed................................................................................
Download: 173.51 Mbit/s
Testing upload speed......................................................................................................
Upload: 152.37 Mbit/s
2025-04-24T00:20:01+08:00
Retrieving speedtest.net configuration...
Testing from FIl Products Service Television Inc (103.105.214.52)...
Retrieving speedtest.net server list...
Selecting best server based on ping...
Hosted by Giga Fiber Corp. (Tagum City) [344.01 km]: 25.712 ms
Testing download speed................................................................................
Download: 177.09 Mbit/s
Testing upload speed......................................................................................................
Upload: 196.03 Mbit/s
2025-04-24T00:25:01+08:00
Retrieving speedtest.net configuration...
Testing from FIl Products Service Television Inc (103.105.214.52)...
Retrieving speedtest.net server list...
Selecting best server based on ping...
Hosted by Giga Fiber Corp. (Tagum City) [344.01 km]: 23.119 ms
Testing download speed................................................................................
Download: 193.09 Mbit/s
Testing upload speed......................................................................................................
Upload: 148.91 Mbit/s
2025-04-24T00:30:01+08:00
Retrieving speedtest.net configuration...
Testing from FIl Products Service Television Inc (103.105.214.52)...
Retrieving speedtest.net server list...
Selecting best server based on ping...
2025-04-24T00:35:01+08:00
Retrieving speedtest.net configuration...
2025-04-24T00:40:01+08:00
Retrieving speedtest.net configuration...
Testing from FIl Products Service Television Inc (103.105.214.50)...
Retrieving speedtest.net server list...
Selecting best server based on ping...
Hosted by Giga Fiber Corp. (Tagum City) [344.01 km]: 24.903 ms
Testing download speed................................................................................
Download: 159.09 Mbit/s
Testing upload speed......................................................................................................
Upload: 167.18 Mbit/s
2025-04-24T00:45:01+08:00
Retrieving speedtest.net configuration...
Testing from FIl Products Service Television Inc (103.105.214.52)...
Retrieving speedtest.net server list...
Selecting best server based on ping...
Hosted by Giga Fiber Corp. (Tagum City) [344.01 km]: 23.405 ms
Testing download speed................................................................................
Download: 197.71 Mbit/s
Testing upload speed......................................................................................................
Upload: 168.10 Mbit/s
2025-04-24T00:50:01+08:00
Retrieving speedtest.net configuration...
Testing from FIl Products Service Television Inc (103.105.214.50)...
Retrieving speedtest.net server list...
Selecting best server based on ping...
Hosted by Giga Fiber Corp. (Tagum City) [344.01 km]: 25.536 ms
Testing download speed................................................................................
Download: 127.80 Mbit/s
Testing upload speed......................................................................................................
Upload: 214.77 Mbit/s
2025-04-24T00:55:01+08:00
Retrieving speedtest.net configuration...
Testing from FIl Products Service Television Inc (103.105.214.52)...
Retrieving speedtest.net server list...
Selecting best server based on ping...
Hosted by Giga Fiber Corp. (Tagum City) [344.01 km]: 25.213 ms
Testing download speed................................................................................
Download: 165.34 Mbit/s
Testing upload speed......................................................................................................
Upload: 197.94 Mbit/s
2025-04-24T01:00:01+08:00
Retrieving speedtest.net configuration...
Testing from FIl Products Service Television Inc (103.105.214.52)...
Retrieving speedtest.net server list...
Selecting best server based on ping...
