2025-05-29T06:40:01+08:00
Retrieving speedtest.net configuration...
Testing from FIl Products Service Television Inc (103.105.214.56)...
Retrieving speedtest.net server list...
Selecting best server based on ping...
Hosted by PAKONEK SOLUTIONS (Cebu City) [128.33 km]: 31.229 ms
Testing download speed................................................................................
Download: 156.65 Mbit/s
Testing upload speed......................................................................................................
Upload: 176.84 Mbit/s
2025-05-29T06:45:01+08:00
Retrieving speedtest.net configuration...
Testing from FIl Products Service Television Inc (103.105.214.56)...
Retrieving speedtest.net server list...
Selecting best server based on ping...
Hosted by PAKONEK SOLUTIONS (Cebu City) [128.33 km]: 30.25 ms
Testing download speed................................................................................
Download: 110.02 Mbit/s
Testing upload speed......................................................................................................
Upload: 182.01 Mbit/s
2025-05-29T06:50:01+08:00
Retrieving speedtest.net configuration...
Testing from FIl Products Service Television Inc (103.105.214.56)...
Retrieving speedtest.net server list...
Selecting best server based on ping...
Hosted by PAKONEK SOLUTIONS (Cebu City) [128.33 km]: 33.825 ms
Testing download speed................................................................................
Download: 126.13 Mbit/s
Testing upload speed......................................................................................................
Upload: 145.81 Mbit/s
2025-05-29T06:55:01+08:00
Retrieving speedtest.net configuration...
Testing from FIl Products Service Television Inc (103.105.214.56)...
Retrieving speedtest.net server list...
Selecting best server based on ping...
Hosted by PAKONEK SOLUTIONS (Cebu City) [128.33 km]: 31.411 ms
Testing download speed................................................................................
Download: 159.25 Mbit/s
Testing upload speed......................................................................................................
Upload: 211.72 Mbit/s
2025-05-29T07:00:01+08:00
Retrieving speedtest.net configuration...
Testing from FIl Products Service Television Inc (103.105.214.56)...
Retrieving speedtest.net server list...
