2025-05-30T00:00:01+08:00
Retrieving speedtest.net configuration...
Testing from FIl Products Service Television Inc (103.105.214.56)...
Retrieving speedtest.net server list...
Selecting best server based on ping...
2025-05-30T00:05:01+08:00
Retrieving speedtest.net configuration...
2025-05-30T00:10:01+08:00
Retrieving speedtest.net configuration...
Testing from FIl Products Service Television Inc (103.105.214.56)...
Retrieving speedtest.net server list...
Selecting best server based on ping...
Hosted by Parasat Cable TV, Inc. (Cagayan de Oro) [173.34 km]: 13.462 ms
Testing download speed................................................................................
Download: 184.55 Mbit/s
Testing upload speed......................................................................................................
Upload: 265.61 Mbit/s
2025-05-30T00:15:01+08:00
Retrieving speedtest.net configuration...
Testing from FIl Products Service Television Inc (103.105.214.56)...
Retrieving speedtest.net server list...
Selecting best server based on ping...
Hosted by Parasat Cable TV, Inc. (Cagayan de Oro) [173.34 km]: 10.705 ms
Testing download speed................................................................................
Download: 198.07 Mbit/s
Testing upload speed......................................................................................................
Upload: 227.37 Mbit/s
2025-05-30T00:20:01+08:00
Retrieving speedtest.net configuration...
Testing from FIl Products Service Television Inc (103.105.214.56)...
Retrieving speedtest.net server list...
Selecting best server based on ping...
Hosted by Parasat Cable TV, Inc. (Cagayan de Oro) [173.34 km]: 13.137 ms
Testing download speed................................................................................
Download: 157.97 Mbit/s
Testing upload speed......................................................................................................
Upload: 249.29 Mbit/s
2025-05-30T00:25:01+08:00
Retrieving speedtest.net configuration...
Testing from FIl Products Service Television Inc (103.105.214.56)...
Retrieving speedtest.net server list...
Selecting best server based on ping...
Hosted by Parasat Cable TV, Inc. (Cagayan de Oro) [173.34 km]: 10.988 ms
Testing download speed................................................................................
Download: 167.66 Mbit/s
Testing upload speed......................................................................................................
Upload: 274.89 Mbit/s
2025-05-30T00:30:01+08:00
Retrieving speedtest.net configuration...
Testing from FIl Products Service Television Inc (103.105.214.56)...
Retrieving speedtest.net server list...
Selecting best server based on ping...
2025-05-30T00:35:01+08:00
Retrieving speedtest.net configuration...
Testing from FIl Products Service Television Inc (103.105.214.56)...
Retrieving speedtest.net server list...
Selecting best server based on ping...
Hosted by Parasat Cable TV, Inc. (Cagayan de Oro) [173.34 km]: 12.676 ms
Testing download speed................................................................................
Download: 194.65 Mbit/s
Testing upload speed......................................................................................................
Upload: 252.72 Mbit/s
2025-05-30T00:40:01+08:00
Retrieving speedtest.net configuration...
Testing from FIl Products Service Television Inc (103.105.214.56)...
Retrieving speedtest.net server list...
Selecting best server based on ping...
Hosted by Zafra Cable Television Network Inc. (Panglao) [57.64 km]: 31.301 ms
Testing download speed................................................................................
Download: 134.28 Mbit/s
Testing upload speed......................................................................................................
Upload: 168.56 Mbit/s
2025-05-30T00:45:01+08:00
Retrieving speedtest.net configuration...
Testing from FIl Products Service Television Inc (103.105.214.56)...
Retrieving speedtest.net server list...
Selecting best server based on ping...
Hosted by Zafra Cable Television Network Inc. (Panglao) [57.64 km]: 27.396 ms
Testing download speed................................................................................
Download: 189.79 Mbit/s
Testing upload speed......................................................................................................
Upload: 245.27 Mbit/s
2025-05-30T00:50:01+08:00
Retrieving speedtest.net configuration...
Testing from FIl Products Service Television Inc (103.105.214.56)...
Retrieving speedtest.net server list...
Selecting best server based on ping...
Hosted by Zafra Cable Television Network Inc. (Panglao) [57.64 km]: 27.702 ms
Testing download speed................................................................................
Download: 163.25 Mbit/s
Testing upload speed......................................................................................................
Upload: 210.51 Mbit/s
2025-05-30T00:55:01+08:00
Retrieving speedtest.net configuration...
Testing from FIl Products Service Television Inc (103.105.214.56)...
Retrieving speedtest.net server list...
Selecting best server based on ping...
Hosted by Zafra Cable Television Network Inc. (Panglao) [57.64 km]: 29.095 ms
Testing download speed................................................................................
Download: 163.30 Mbit/s
Testing upload speed......................................................................................................
Upload: 220.41 Mbit/s
2025-05-30T01:00:01+08:00
Retrieving speedtest.net configuration...
Testing from FIl Products Service Television Inc (103.105.214.56)...
Retrieving speedtest.net server list...
Selecting best server based on ping...
