2025-07-08T00:00:01+08:00
Retrieving speedtest.net configuration...
Testing from FIl Products Service Television Inc (103.105.214.61)...
Retrieving speedtest.net server list...
Selecting best server based on ping...
2025-07-08T00:05:01+08:00
Retrieving speedtest.net configuration...
2025-07-08T00:10:01+08:00
Retrieving speedtest.net configuration...
Testing from FIl Products Service Television Inc (103.105.214.61)...
Retrieving speedtest.net server list...
Selecting best server based on ping...
Hosted by DITO (Davao City) [333.33 km]: 34.34 ms
Testing download speed................................................................................
Download: 185.74 Mbit/s
Testing upload speed......................................................................................................
Upload: 375.08 Mbit/s
2025-07-08T00:15:01+08:00
Retrieving speedtest.net configuration...
Testing from FIl Products Service Television Inc (103.105.214.61)...
Retrieving speedtest.net server list...
Selecting best server based on ping...
Hosted by Globe Telecom (Davao City) [355.16 km]: 30.044 ms
Testing download speed................................................................................
Download: 187.69 Mbit/s
Testing upload speed......................................................................................................
Upload: 221.48 Mbit/s
2025-07-08T00:20:01+08:00
Retrieving speedtest.net configuration...
Testing from FIl Products Service Television Inc (103.105.214.61)...
Retrieving speedtest.net server list...
Selecting best server based on ping...
Hosted by Globe Telecom (Davao City) [355.16 km]: 35.571 ms
Testing download speed................................................................................
Download: 193.78 Mbit/s
Testing upload speed......................................................................................................
Upload: 325.07 Mbit/s
2025-07-08T00:25:01+08:00
Retrieving speedtest.net configuration...
Testing from FIl Products Service Television Inc (103.105.214.53)...
Retrieving speedtest.net server list...
Selecting best server based on ping...
Hosted by Globe Telecom (Davao City) [355.16 km]: 31.501 ms
Testing download speed................................................................................
Download: 192.67 Mbit/s
Testing upload speed......................................................................................................
Upload: 204.43 Mbit/s
2025-07-08T00:30:01+08:00
Retrieving speedtest.net configuration...
Testing from FIl Products Service Television Inc (103.105.214.53)...
Retrieving speedtest.net server list...
Selecting best server based on ping...
2025-07-08T00:35:01+08:00
Retrieving speedtest.net configuration...
Testing from FIl Products Service Television Inc (103.105.214.61)...
Retrieving speedtest.net server list...
Selecting best server based on ping...
Hosted by Globe Telecom (Davao City) [355.16 km]: 36.468 ms
Testing download speed................................................................................
Download: 193.23 Mbit/s
Testing upload speed......................................................................................................
Upload: 367.97 Mbit/s
2025-07-08T00:40:01+08:00
Retrieving speedtest.net configuration...
Testing from FIl Products Service Television Inc (103.105.214.53)...
Retrieving speedtest.net server list...
Selecting best server based on ping...
Hosted by Globe Telecom (Davao City) [355.16 km]: 33.023 ms
Testing download speed................................................................................
Download: 186.31 Mbit/s
Testing upload speed......................................................................................................
Upload: 278.48 Mbit/s
2025-07-08T00:45:01+08:00
Retrieving speedtest.net configuration...
Testing from FIl Products Service Television Inc (103.105.214.61)...
Retrieving speedtest.net server list...
Selecting best server based on ping...
Hosted by DITO (Davao City) [333.33 km]: 34.362 ms
Testing download speed................................................................................
Download: 175.62 Mbit/s
Testing upload speed......................................................................................................
Upload: 262.78 Mbit/s
2025-07-08T00:50:01+08:00
Retrieving speedtest.net configuration...
Testing from FIl Products Service Television Inc (103.105.214.53)...
Retrieving speedtest.net server list...
Selecting best server based on ping...
Hosted by PT&T (Makati City) [634.17 km]: 25.098 ms
Testing download speed................................................................................
Download: 188.63 Mbit/s
Testing upload speed......................................................................................................
Upload: 266.60 Mbit/s
2025-07-08T00:55:01+08:00
Retrieving speedtest.net configuration...
Testing from FIl Products Service Television Inc (103.105.214.53)...
Retrieving speedtest.net server list...
Selecting best server based on ping...
Hosted by PT&T (Makati City) [634.17 km]: 21.826 ms
Testing download speed................................................................................
Download: 192.96 Mbit/s
Testing upload speed......................................................................................................
Upload: 268.56 Mbit/s
2025-07-08T01:00:01+08:00
Retrieving speedtest.net configuration...
Testing from FIl Products Service Television Inc (103.105.214.53)...
Retrieving speedtest.net server list...
Selecting best server based on ping...
2025-07-08T01:05:01+08:00
Retrieving speedtest.net configuration...
2025-07-08T01:10:01+08:00
Retrieving speedtest.net configuration...
Testing from FIl Products Service Television Inc (103.105.214.61)...
Retrieving speedtest.net server list...
Selecting best server based on ping...
Hosted by PT&T (Makati City) [634.17 km]: 22.729 ms
Testing download speed................................................................................
Download: 147.58 Mbit/s
Testing upload speed......................................................................................................
Upload: 351.84 Mbit/s
2025-07-08T01:15:01+08:00
Retrieving speedtest.net configuration...
Testing from FIl Products Service Television Inc (103.105.214.53)...
Retrieving speedtest.net server list...
Selecting best server based on ping...
Hosted by PT&T (Makati City) [634.17 km]: 20.788 ms
Testing download speed................................................................................
Download: 195.75 Mbit/s
Testing upload speed......................................................................................................
Upload: 331.20 Mbit/s
2025-07-08T01:20:01+08:00
Retrieving speedtest.net configuration...
Testing from FIl Products Service Television Inc (103.105.214.61)...
Retrieving speedtest.net server list...
Selecting best server based on ping...
Hosted by PT&T (Makati City) [634.17 km]: 21.23 ms
Testing download speed................................................................................
Download: 196.73 Mbit/s
Testing upload speed......................................................................................................
Upload: 319.31 Mbit/s
2025-07-08T01:25:01+08:00
Retrieving speedtest.net configuration...
Testing from FIl Products Service Television Inc (103.105.214.61)...
Retrieving speedtest.net server list...
Selecting best server based on ping...
Hosted by PT&T (Makati City) [634.17 km]: 32.631 ms
Testing download speed................................................................................
Download: 194.35 Mbit/s
Testing upload speed......................................................................................................
Upload: 329.40 Mbit/s
2025-07-08T01:30:01+08:00
Retrieving speedtest.net configuration...
Testing from FIl Products Service Television Inc (103.105.214.61)...
Retrieving speedtest.net server list...
Selecting best server based on ping...
2025-07-08T01:35:01+08:00
Retrieving speedtest.net configuration...
Testing from FIl Products Service Television Inc (103.105.214.53)...
Retrieving speedtest.net server list...
Selecting best server based on ping...
Hosted by PT&T (Makati City) [634.17 km]: 21.732 ms
Testing download speed................................................................................
Download: 188.47 Mbit/s
Testing upload speed......................................................................................................
Upload: 351.70 Mbit/s
2025-07-08T01:40:01+08:00
Retrieving speedtest.net configuration...
Testing from FIl Products Service Television Inc (103.105.214.61)...
Retrieving speedtest.net server list...
Selecting best server based on ping...
Hosted by PT&T (Makati City) [634.17 km]: 21.885 ms
Testing download speed................................................................................
Download: 193.50 Mbit/s
Testing upload speed......................................................................................................
Upload: 296.78 Mbit/s
2025-07-08T01:45:01+08:00
Retrieving speedtest.net configuration...
Testing from FIl Products Service Television Inc (103.105.214.61)...
Retrieving speedtest.net server list...
Selecting best server based on ping...
Hosted by PT&T (Makati City) [634.17 km]: 21.396 ms
Testing download speed................................................................................
Download: 191.10 Mbit/s
Testing upload speed......................................................................................................
Upload: 356.25 Mbit/s
2025-07-08T01:50:01+08:00
Retrieving speedtest.net configuration...
Testing from FIl Products Service Television Inc (103.105.214.61)...
Retrieving speedtest.net server list...
Selecting best server based on ping...
Hosted by PT&T (Makati City) [634.17 km]: 21.628 ms
Testing download speed................................................................................
Download: 184.07 Mbit/s
Testing upload speed......................................................................................................
Upload: 287.34 Mbit/s
2025-07-08T01:55:01+08:00
Retrieving speedtest.net configuration...
Testing from FIl Products Service Television Inc (103.105.214.53)...
Retrieving speedtest.net server list...
Selecting best server based on ping...
Hosted by PT&T (Makati City) [634.17 km]: 21.623 ms
Testing download speed................................................................................
Download: 195.89 Mbit/s
Testing upload speed......................................................................................................
Upload: 336.07 Mbit/s
2025-07-08T02:00:01+08:00
Retrieving speedtest.net configuration...
Testing from FIl Products Service Television Inc (103.105.214.61)...
Retrieving speedtest.net server list...
Selecting best server based on ping...
2025-07-08T02:05:01+08:00
Retrieving speedtest.net configuration...
2025-07-08T02:10:01+08:00
Retrieving speedtest.net configuration...
Testing from FIl Products Service Television Inc (103.105.214.61)...
Retrieving speedtest.net server list...
Selecting best server based on ping...
Hosted by PT&T (Makati City) [634.17 km]: 21.523 ms
Testing download speed................................................................................
Download: 187.67 Mbit/s
Testing upload speed......................................................................................................
Upload: 315.49 Mbit/s
2025-07-08T02:15:01+08:00
Retrieving speedtest.net configuration...
Testing from FIl Products Service Television Inc (103.105.214.61)...
Retrieving speedtest.net server list...
Selecting best server based on ping...
Hosted by PT&T (Makati City) [634.17 km]: 21.01 ms
Testing download speed................................................................................
Download: 186.52 Mbit/s
Testing upload speed......................................................................................................
Upload: 270.79 Mbit/s
2025-07-08T02:20:01+08:00
Retrieving speedtest.net configuration...
Testing from FIl Products Service Television Inc (103.105.214.53)...
Retrieving speedtest.net server list...
Selecting best server based on ping...
Hosted by PT&T (Makati City) [634.17 km]: 22.316 ms
Testing download speed................................................................................
Download: 192.37 Mbit/s
Testing upload speed......................................................................................................
Upload: 292.62 Mbit/s
2025-07-08T02:25:01+08:00
Retrieving speedtest.net configuration...
Testing from FIl Products Service Television Inc (103.105.214.53)...
Retrieving speedtest.net server list...
Selecting best server based on ping...
Hosted by PT&T (Makati City) [634.17 km]: 21.599 ms
Testing download speed................................................................................
Download: 189.91 Mbit/s
Testing upload speed......................................................................................................
Upload: 309.26 Mbit/s
2025-07-08T02:30:01+08:00
Retrieving speedtest.net configuration...
Testing from FIl Products Service Television Inc (103.105.214.61)...
Retrieving speedtest.net server list...
Selecting best server based on ping...
2025-07-08T02:35:01+08:00
Retrieving speedtest.net configuration...
Testing from FIl Products Service Television Inc (103.105.214.53)...
Retrieving speedtest.net server list...
Selecting best server based on ping...
Hosted by PT&T (Makati City) [634.17 km]: 21.579 ms
Testing download speed................................................................................
Download: 193.01 Mbit/s
Testing upload speed......................................................................................................
Upload: 320.39 Mbit/s
2025-07-08T02:40:01+08:00
Retrieving speedtest.net configuration...
Testing from FIl Products Service Television Inc (103.105.214.61)...
Retrieving speedtest.net server list...
Selecting best server based on ping...
Hosted by PT&T (Makati City) [634.17 km]: 21.638 ms
Testing download speed................................................................................
Download: 160.56 Mbit/s
Testing upload speed......................................................................................................
Upload: 289.28 Mbit/s
2025-07-08T02:45:01+08:00
Retrieving speedtest.net configuration...
Testing from FIl Products Service Television Inc (103.105.214.61)...
Retrieving speedtest.net server list...
Selecting best server based on ping...
Hosted by PT&T (Makati City) [634.17 km]: 20.963 ms
Testing download speed................................................................................
Download: 194.07 Mbit/s
Testing upload speed......................................................................................................
Upload: 291.79 Mbit/s
2025-07-08T02:50:01+08:00
Retrieving speedtest.net configuration...
Testing from FIl Products Service Television Inc (103.105.214.53)...
Retrieving speedtest.net server list...
Selecting best server based on ping...
Hosted by PT&T (Makati City) [634.17 km]: 22.601 ms
Testing download speed................................................................................
Download: 174.07 Mbit/s
Testing upload speed......................................................................................................
Upload: 319.63 Mbit/s
2025-07-08T02:55:01+08:00
Retrieving speedtest.net configuration...
Testing from FIl Products Service Television Inc (103.105.214.53)...
Retrieving speedtest.net server list...
Selecting best server based on ping...
Hosted by PT&T (Makati City) [634.17 km]: 22.339 ms
Testing download speed................................................................................
Download: 195.26 Mbit/s
Testing upload speed......................................................................................................
Upload: 298.81 Mbit/s
2025-07-08T03:00:01+08:00
Retrieving speedtest.net configuration...
Testing from FIl Products Service Television Inc (103.105.214.61)...
Retrieving speedtest.net server list...
Selecting best server based on ping...
2025-07-08T03:05:01+08:00
Retrieving speedtest.net configuration...
Testing from FIl Products Service Television Inc (103.105.214.61)...
Retrieving speedtest.net server list...
Selecting best server based on ping...
Hosted by PT&T (Makati City) [634.17 km]: 21.451 ms
Testing download speed................................................................................
Download: 190.90 Mbit/s
Testing upload speed......................................................................................................
Upload: 333.01 Mbit/s
2025-07-08T03:10:01+08:00
Retrieving speedtest.net configuration...
Testing from FIl Products Service Television Inc (103.105.214.53)...
Retrieving speedtest.net server list...
Selecting best server based on ping...
Hosted by PT&T (Makati City) [634.17 km]: 29.024 ms
Testing download speed................................................................................
Download: 190.01 Mbit/s
Testing upload speed......................................................................................................
Upload: 370.14 Mbit/s
2025-07-08T03:15:01+08:00
Retrieving speedtest.net configuration...
Testing from FIl Products Service Television Inc (103.105.214.61)...
Retrieving speedtest.net server list...
Selecting best server based on ping...
Hosted by PT&T (Makati City) [634.17 km]: 21.586 ms
Testing download speed................................................................................
Download: 195.67 Mbit/s
Testing upload speed......................................................................................................
Upload: 306.65 Mbit/s
2025-07-08T03:20:01+08:00
Retrieving speedtest.net configuration...
Testing from FIl Products Service Television Inc (103.105.214.53)...
Retrieving speedtest.net server list...
Selecting best server based on ping...
Hosted by PT&T (Makati City) [634.17 km]: 20.864 ms
Testing download speed................................................................................
Download: 192.75 Mbit/s
Testing upload speed......................................................................................................
Upload: 337.78 Mbit/s
2025-07-08T03:25:01+08:00
Retrieving speedtest.net configuration...
Testing from FIl Products Service Television Inc (103.105.214.53)...
Retrieving speedtest.net server list...
Selecting best server based on ping...
Hosted by PT&T (Makati City) [634.17 km]: 21.86 ms
Testing download speed................................................................................
Download: 194.61 Mbit/s
Testing upload speed......................................................................................................
Upload: 271.37 Mbit/s
2025-07-08T03:30:01+08:00
Retrieving speedtest.net configuration...
Testing from FIl Products Service Television Inc (103.105.214.61)...
Retrieving speedtest.net server list...
Selecting best server based on ping...
2025-07-08T03:35:01+08:00
Retrieving speedtest.net configuration...
Testing from FIl Products Service Television Inc (103.105.214.53)...
Retrieving speedtest.net server list...
Selecting best server based on ping...
Hosted by PT&T (Makati City) [634.17 km]: 21.055 ms
Testing download speed................................................................................
Download: 188.90 Mbit/s
Testing upload speed......................................................................................................
Upload: 327.60 Mbit/s
2025-07-08T03:40:01+08:00
Retrieving speedtest.net configuration...
Testing from FIl Products Service Television Inc (103.105.214.61)...
Retrieving speedtest.net server list...
Selecting best server based on ping...
Hosted by PT&T (Makati City) [634.17 km]: 21.547 ms
Testing download speed................................................................................
Download: 192.21 Mbit/s
Testing upload speed......................................................................................................
Upload: 303.35 Mbit/s
2025-07-08T03:45:01+08:00
Retrieving speedtest.net configuration...
Testing from FIl Products Service Television Inc (103.105.214.53)...
Retrieving speedtest.net server list...
Selecting best server based on ping...
Hosted by PT&T (Makati City) [634.17 km]: 20.818 ms
Testing download speed................................................................................
Download: 177.93 Mbit/s
Testing upload speed......................................................................................................
Upload: 319.71 Mbit/s
2025-07-08T03:50:01+08:00
Retrieving speedtest.net configuration...
Testing from FIl Products Service Television Inc (103.105.214.61)...
Retrieving speedtest.net server list...
Selecting best server based on ping...
Hosted by PT&T (Makati City) [634.17 km]: 22.227 ms
Testing download speed................................................................................
Download: 174.93 Mbit/s
Testing upload speed......................................................................................................
Upload: 324.09 Mbit/s
2025-07-08T03:55:01+08:00
Retrieving speedtest.net configuration...
Testing from FIl Products Service Television Inc (103.105.214.53)...
Retrieving speedtest.net server list...
Selecting best server based on ping...
Hosted by Globe Telecom (Makati) [633.45 km]: 34.988 ms
Testing download speed................................................................................
Download: 201.50 Mbit/s
Testing upload speed......................................................................................................
Upload: 303.65 Mbit/s
2025-07-08T04:00:01+08:00
Retrieving speedtest.net configuration...
Testing from FIl Products Service Television Inc (103.105.214.53)...
Retrieving speedtest.net server list...
Selecting best server based on ping...
2025-07-08T04:05:01+08:00
Retrieving speedtest.net configuration...
2025-07-08T04:10:01+08:00
Retrieving speedtest.net configuration...
Testing from FIl Products Service Television Inc (103.105.214.61)...
Retrieving speedtest.net server list...
Selecting best server based on ping...
Hosted by PT&T (Makati City) [634.17 km]: 22.098 ms
Testing download speed................................................................................
Download: 188.67 Mbit/s
Testing upload speed......................................................................................................
Upload: 353.18 Mbit/s
2025-07-08T04:15:01+08:00
Retrieving speedtest.net configuration...
Testing from FIl Products Service Television Inc (103.105.214.61)...
Retrieving speedtest.net server list...
Selecting best server based on ping...
Hosted by Globe Telecom (Pasig City) [633.83 km]: 20.702 ms
Testing download speed................................................................................
Download: 196.92 Mbit/s
Testing upload speed......................................................................................................
Upload: 352.61 Mbit/s
2025-07-08T04:20:01+08:00
Retrieving speedtest.net configuration...
Testing from FIl Products Service Television Inc (103.105.214.53)...
Retrieving speedtest.net server list...
Selecting best server based on ping...
Hosted by PT&T (Makati City) [634.17 km]: 20.639 ms
Testing download speed................................................................................
Download: 194.70 Mbit/s
Testing upload speed......................................................................................................
Upload: 333.33 Mbit/s
2025-07-08T04:25:01+08:00
Retrieving speedtest.net configuration...
Testing from FIl Products Service Television Inc (103.105.214.61)...
Retrieving speedtest.net server list...
Selecting best server based on ping...
Hosted by PT&T (Makati City) [634.17 km]: 22.525 ms
Testing download speed................................................................................
Download: 174.89 Mbit/s
Testing upload speed......................................................................................................
Upload: 296.50 Mbit/s
2025-07-08T04:30:01+08:00
Retrieving speedtest.net configuration...
Testing from FIl Products Service Television Inc (103.105.214.61)...
Retrieving speedtest.net server list...
Selecting best server based on ping...
2025-07-08T04:35:01+08:00
Retrieving speedtest.net configuration...
Testing from FIl Products Service Television Inc (103.105.214.61)...
Retrieving speedtest.net server list...
Selecting best server based on ping...
Hosted by PT&T (Makati City) [634.17 km]: 24.834 ms
Testing download speed................................................................................
Download: 186.90 Mbit/s
Testing upload speed......................................................................................................
Upload: 345.22 Mbit/s
2025-07-08T04:40:01+08:00
Retrieving speedtest.net configuration...
Testing from FIl Products Service Television Inc (103.105.214.61)...
Retrieving speedtest.net server list...
Selecting best server based on ping...
Hosted by Globe Telecom (Pasig City) [633.83 km]: 20.497 ms
Testing download speed................................................................................
Download: 197.53 Mbit/s
Testing upload speed......................................................................................................
Upload: 416.06 Mbit/s
2025-07-08T04:45:01+08:00
Retrieving speedtest.net configuration...
Testing from FIl Products Service Television Inc (103.105.214.53)...
Retrieving speedtest.net server list...
Selecting best server based on ping...
Hosted by PT&T (Makati City) [634.17 km]: 21.827 ms
Testing download speed................................................................................
Download: 188.82 Mbit/s
Testing upload speed......................................................................................................
Upload: 329.74 Mbit/s
2025-07-08T04:50:01+08:00
Retrieving speedtest.net configuration...
Testing from FIl Products Service Television Inc (103.105.214.53)...
Retrieving speedtest.net server list...
Selecting best server based on ping...
Hosted by PT&T (Makati City) [634.17 km]: 21.514 ms
Testing download speed................................................................................
Download: 196.00 Mbit/s
Testing upload speed......................................................................................................
Upload: 310.09 Mbit/s
2025-07-08T04:55:01+08:00
Retrieving speedtest.net configuration...
Testing from FIl Products Service Television Inc (103.105.214.61)...
Retrieving speedtest.net server list...
Selecting best server based on ping...
Hosted by PT&T (Makati City) [634.17 km]: 21.87 ms
Testing download speed................................................................................
Download: 193.22 Mbit/s
Testing upload speed......................................................................................................
Upload: 253.68 Mbit/s
2025-07-08T05:00:01+08:00
Retrieving speedtest.net configuration...
Testing from FIl Products Service Television Inc (103.105.214.53)...
Retrieving speedtest.net server list...
Selecting best server based on ping...
2025-07-08T05:05:01+08:00
Retrieving speedtest.net configuration...
2025-07-08T05:10:01+08:00
Retrieving speedtest.net configuration...
Testing from FIl Products Service Television Inc (103.105.214.53)...
Retrieving speedtest.net server list...
Selecting best server based on ping...
Hosted by PT&T (Makati City) [634.17 km]: 25.78 ms
Testing download speed................................................................................
Download: 194.26 Mbit/s
Testing upload speed......................................................................................................
Upload: 334.83 Mbit/s
2025-07-08T05:15:01+08:00
Retrieving speedtest.net configuration...
Testing from FIl Products Service Television Inc (103.105.214.53)...
Retrieving speedtest.net server list...
Selecting best server based on ping...
Hosted by Globe Telecom (Pasig City) [633.83 km]: 20.482 ms
Testing download speed................................................................................
Download: 199.06 Mbit/s
Testing upload speed......................................................................................................
Upload: 332.13 Mbit/s
2025-07-08T05:20:01+08:00
Retrieving speedtest.net configuration...
Testing from FIl Products Service Television Inc (103.105.214.61)...
Retrieving speedtest.net server list...
Selecting best server based on ping...
Hosted by PT&T (Makati City) [634.17 km]: 21.214 ms
Testing download speed................................................................................
Download: 181.92 Mbit/s
Testing upload speed......................................................................................................
Upload: 222.56 Mbit/s
2025-07-08T05:25:01+08:00
Retrieving speedtest.net configuration...
Testing from FIl Products Service Television Inc (103.105.214.53)...
Retrieving speedtest.net server list...
Selecting best server based on ping...
Hosted by PT&T (Makati City) [634.17 km]: 21.876 ms
Testing download speed................................................................................
Download: 195.98 Mbit/s
Testing upload speed......................................................................................................
Upload: 353.44 Mbit/s
2025-07-08T05:30:01+08:00
Retrieving speedtest.net configuration...
Testing from FIl Products Service Television Inc (103.105.214.61)...
Retrieving speedtest.net server list...
Selecting best server based on ping...
2025-07-08T05:35:01+08:00
Retrieving speedtest.net configuration...
Testing from FIl Products Service Television Inc (103.105.214.53)...
Retrieving speedtest.net server list...
Selecting best server based on ping...
Hosted by Globe Telecom (Pasig City) [633.83 km]: 27.151 ms
Testing download speed................................................................................
Download: 199.58 Mbit/s
Testing upload speed......................................................................................................
Upload: 481.18 Mbit/s
2025-07-08T05:40:01+08:00
Retrieving speedtest.net configuration...
Testing from FIl Products Service Television Inc (103.105.214.53)...
Retrieving speedtest.net server list...
Selecting best server based on ping...
Hosted by Globe Telecom (Pasig City) [633.83 km]: 20.285 ms
Testing download speed................................................................................
Download: 198.86 Mbit/s
Testing upload speed......................................................................................................
Upload: 384.55 Mbit/s
2025-07-08T05:45:01+08:00
Retrieving speedtest.net configuration...
Testing from FIl Products Service Television Inc (103.105.214.53)...
Retrieving speedtest.net server list...
Selecting best server based on ping...
Hosted by PT&T (Makati City) [634.17 km]: 22.171 ms
Testing download speed................................................................................
Download: 190.71 Mbit/s
Testing upload speed......................................................................................................
Upload: 362.01 Mbit/s
2025-07-08T05:50:01+08:00
Retrieving speedtest.net configuration...
Testing from FIl Products Service Television Inc (103.105.214.61)...
Retrieving speedtest.net server list...
Selecting best server based on ping...
Hosted by PT&T (Makati City) [634.17 km]: 21.575 ms
Testing download speed................................................................................
Download: 185.60 Mbit/s
Testing upload speed......................................................................................................
Upload: 293.79 Mbit/s
2025-07-08T05:55:01+08:00
Retrieving speedtest.net configuration...
Testing from FIl Products Service Television Inc (103.105.214.53)...
Retrieving speedtest.net server list...
Selecting best server based on ping...
Hosted by PT&T (Makati City) [634.17 km]: 21.574 ms
Testing download speed................................................................................
Download: 191.83 Mbit/s
Testing upload speed......................................................................................................
Upload: 323.38 Mbit/s
2025-07-08T06:00:01+08:00
Retrieving speedtest.net configuration...
Testing from FIl Products Service Television Inc (103.105.214.61)...
Retrieving speedtest.net server list...
Selecting best server based on ping...
2025-07-08T06:05:01+08:00
Retrieving speedtest.net configuration...
Testing from FIl Products Service Television Inc (103.105.214.61)...
Retrieving speedtest.net server list...
Selecting best server based on ping...
Hosted by PT&T (Makati City) [634.17 km]: 21.782 ms
Testing download speed................................................................................
Download: 164.79 Mbit/s
Testing upload speed......................................................................................................
Upload: 249.51 Mbit/s
2025-07-08T06:10:01+08:00
Retrieving speedtest.net configuration...
Testing from FIl Products Service Television Inc (103.105.214.53)...
Retrieving speedtest.net server list...
Selecting best server based on ping...
Hosted by PT&T (Makati City) [634.17 km]: 21.898 ms
Testing download speed................................................................................
Download: 156.08 Mbit/s
Testing upload speed......................................................................................................
Upload: 276.19 Mbit/s
2025-07-08T06:15:01+08:00
Retrieving speedtest.net configuration...
Testing from FIl Products Service Television Inc (103.105.214.61)...
Retrieving speedtest.net server list...
Selecting best server based on ping...
Hosted by PT&T (Makati City) [634.17 km]: 22.488 ms
Testing download speed................................................................................
Download: 193.36 Mbit/s
Testing upload speed......................................................................................................
Upload: 335.16 Mbit/s
2025-07-08T06:20:01+08:00
Retrieving speedtest.net configuration...
Testing from FIl Products Service Television Inc (103.105.214.61)...
Retrieving speedtest.net server list...
Selecting best server based on ping...
Hosted by Globe Telecom (Pasig City) [633.83 km]: 19.494 ms
Testing download speed................................................................................
Download: 170.91 Mbit/s
Testing upload speed......................................................................................................
Upload: 352.25 Mbit/s
2025-07-08T06:25:01+08:00
Retrieving speedtest.net configuration...
Testing from FIl Products Service Television Inc (103.105.214.61)...
Retrieving speedtest.net server list...
Selecting best server based on ping...
Hosted by PT&T (Makati City) [634.17 km]: 21.882 ms
Testing download speed................................................................................
Download: 195.78 Mbit/s
Testing upload speed......................................................................................................
Upload: 355.62 Mbit/s
2025-07-08T06:30:01+08:00
Retrieving speedtest.net configuration...
Testing from FIl Products Service Television Inc (103.105.214.53)...
Retrieving speedtest.net server list...
Selecting best server based on ping...
2025-07-08T06:35:02+08:00
Retrieving speedtest.net configuration...
Testing from FIl Products Service Television Inc (103.105.214.53)...
Retrieving speedtest.net server list...
Selecting best server based on ping...
Hosted by PT&T (Makati City) [634.17 km]: 22.572 ms
Testing download speed................................................................................
Download: 191.02 Mbit/s
Testing upload speed......................................................................................................
Upload: 310.79 Mbit/s
2025-07-08T06:40:01+08:00
Retrieving speedtest.net configuration...
Testing from FIl Products Service Television Inc (103.105.214.53)...
Retrieving speedtest.net server list...
Selecting best server based on ping...
Hosted by Globe Telecom (Pasig City) [633.83 km]: 23.638 ms
Testing download speed................................................................................
Download: 180.12 Mbit/s
Testing upload speed......................................................................................................
Upload: 400.47 Mbit/s
2025-07-08T06:45:01+08:00
Retrieving speedtest.net configuration...
Testing from FIl Products Service Television Inc (103.105.214.61)...
Retrieving speedtest.net server list...
Selecting best server based on ping...
Hosted by Globe Telecom (Pasig City) [633.83 km]: 23.109 ms
Testing download speed................................................................................
Download: 197.95 Mbit/s
Testing upload speed......................................................................................................
Upload: 500.11 Mbit/s
2025-07-08T06:50:01+08:00
Retrieving speedtest.net configuration...
Testing from FIl Products Service Television Inc (103.105.214.53)...
Retrieving speedtest.net server list...
Selecting best server based on ping...
Hosted by PT&T (Makati City) [634.17 km]: 22.201 ms
Testing download speed................................................................................
Download: 194.90 Mbit/s
Testing upload speed......................................................................................................
Upload: 322.21 Mbit/s
2025-07-08T06:55:01+08:00
Retrieving speedtest.net configuration...
Testing from FIl Products Service Television Inc (103.105.214.53)...
Retrieving speedtest.net server list...
Selecting best server based on ping...
Hosted by PT&T (Makati City) [634.17 km]: 21.715 ms
Testing download speed................................................................................
Download: 193.60 Mbit/s
Testing upload speed......................................................................................................
Upload: 338.90 Mbit/s
2025-07-08T07:00:01+08:00
Retrieving speedtest.net configuration...
Testing from FIl Products Service Television Inc (103.105.214.53)...
Retrieving speedtest.net server list...
Selecting best server based on ping...
2025-07-08T07:05:01+08:00
Retrieving speedtest.net configuration...
2025-07-08T07:10:01+08:00
Retrieving speedtest.net configuration...
Testing from FIl Products Service Television Inc (103.105.214.61)...
Retrieving speedtest.net server list...
Selecting best server based on ping...
Hosted by PLDT (Makati) [634.17 km]: 17.146 ms
Testing download speed................................................................................
Download: 197.05 Mbit/s
Testing upload speed......................................................................................................
Upload: 292.25 Mbit/s
2025-07-08T07:15:01+08:00
Retrieving speedtest.net configuration...
Testing from FIl Products Service Television Inc (103.105.214.53)...
Retrieving speedtest.net server list...
Selecting best server based on ping...
Hosted by PLDT (Makati) [634.17 km]: 17.281 ms
Testing download speed................................................................................
Download: 194.18 Mbit/s
Testing upload speed......................................................................................................
Upload: 317.74 Mbit/s
2025-07-08T07:20:01+08:00
Retrieving speedtest.net configuration...
Testing from FIl Products Service Television Inc (103.105.214.61)...
Retrieving speedtest.net server list...
Selecting best server based on ping...
Hosted by PLDT (Makati) [634.17 km]: 37.173 ms
Testing download speed................................................................................
Download: 145.99 Mbit/s
Testing upload speed......................................................................................................
Upload: 326.60 Mbit/s
2025-07-08T07:25:01+08:00
Retrieving speedtest.net configuration...
Testing from FIl Products Service Television Inc (103.105.214.61)...
Retrieving speedtest.net server list...
Selecting best server based on ping...
Hosted by PLDT (Makati) [634.17 km]: 17.754 ms
Testing download speed................................................................................
Download: 199.14 Mbit/s
Testing upload speed......................................................................................................
Upload: 263.37 Mbit/s
2025-07-08T07:30:01+08:00
Retrieving speedtest.net configuration...
Testing from FIl Products Service Television Inc (103.105.214.61)...
Retrieving speedtest.net server list...
Selecting best server based on ping...
2025-07-08T07:35:01+08:00
Retrieving speedtest.net configuration...
Testing from FIl Products Service Television Inc (103.105.214.53)...
Retrieving speedtest.net server list...
Selecting best server based on ping...
Hosted by PLDT (Makati) [634.17 km]: 17.499 ms
Testing download speed................................................................................
Download: 191.34 Mbit/s
Testing upload speed......................................................................................................
Upload: 321.59 Mbit/s
2025-07-08T07:40:01+08:00
Retrieving speedtest.net configuration...
Testing from FIl Products Service Television Inc (103.105.214.53)...
Retrieving speedtest.net server list...
Selecting best server based on ping...
Hosted by PLDT (Makati) [634.17 km]: 17.163 ms
Testing download speed................................................................................
Download: 190.38 Mbit/s
Testing upload speed......................................................................................................
Upload: 309.21 Mbit/s
2025-07-08T07:45:01+08:00
Retrieving speedtest.net configuration...
Testing from FIl Products Service Television Inc (103.105.214.61)...
Retrieving speedtest.net server list...
Selecting best server based on ping...
Hosted by PLDT (Makati) [634.17 km]: 17.449 ms
Testing download speed................................................................................
Download: 192.42 Mbit/s
Testing upload speed......................................................................................................
Upload: 344.15 Mbit/s
2025-07-08T07:50:01+08:00
Retrieving speedtest.net configuration...
Testing from FIl Products Service Television Inc (103.105.214.61)...
Retrieving speedtest.net server list...
Selecting best server based on ping...
Hosted by Switch Fiber (Makati City) [634.17 km]: 22.76 ms
Testing download speed................................................................................
Download: 191.61 Mbit/s
Testing upload speed......................................................................................................
Upload: 294.23 Mbit/s
2025-07-08T07:55:01+08:00
Retrieving speedtest.net configuration...
Testing from FIl Products Service Television Inc (103.105.214.53)...
Retrieving speedtest.net server list...
Selecting best server based on ping...
Hosted by PLDT (Makati) [634.17 km]: 17.763 ms
Testing download speed................................................................................
Download: 195.85 Mbit/s
Testing upload speed......................................................................................................
Upload: 306.11 Mbit/s
2025-07-08T08:00:01+08:00
Retrieving speedtest.net configuration...
Testing from FIl Products Service Television Inc (103.105.214.53)...
Retrieving speedtest.net server list...
Selecting best server based on ping...
2025-07-08T08:05:01+08:00
Retrieving speedtest.net configuration...
2025-07-08T08:10:01+08:00
Retrieving speedtest.net configuration...
Testing from FIl Products Service Television Inc (103.105.214.61)...
Retrieving speedtest.net server list...
Selecting best server based on ping...
Hosted by PLDT (Makati) [634.17 km]: 19.801 ms
Testing download speed................................................................................
Download: 162.96 Mbit/s
Testing upload speed......................................................................................................
Upload: 245.47 Mbit/s
2025-07-08T08:15:01+08:00
Retrieving speedtest.net configuration...
Testing from FIl Products Service Television Inc (103.105.214.61)...
Retrieving speedtest.net server list...
Selecting best server based on ping...
Hosted by PLDT (Makati) [634.17 km]: 17.391 ms
Testing download speed................................................................................
Download: 186.39 Mbit/s
Testing upload speed......................................................................................................
Upload: 306.34 Mbit/s
2025-07-08T08:20:01+08:00
Retrieving speedtest.net configuration...
Testing from FIl Products Service Television Inc (103.105.214.61)...
Retrieving speedtest.net server list...
Selecting best server based on ping...
Hosted by PLDT (Makati) [634.17 km]: 19.239 ms
Testing download speed................................................................................
Download: 122.20 Mbit/s
Testing upload speed......................................................................................................
Upload: 273.90 Mbit/s
2025-07-08T08:25:01+08:00
Retrieving speedtest.net configuration...
Testing from FIl Products Service Television Inc (103.105.214.53)...
Retrieving speedtest.net server list...
Selecting best server based on ping...
Hosted by PLDT (Makati) [634.17 km]: 19.519 ms
Testing download speed................................................................................
Download: 143.66 Mbit/s
Testing upload speed......................................................................................................
Upload: 301.31 Mbit/s
2025-07-08T08:30:01+08:00
Retrieving speedtest.net configuration...
Testing from FIl Products Service Television Inc (103.105.214.61)...
Retrieving speedtest.net server list...
Selecting best server based on ping...
2025-07-08T08:35:01+08:00
Retrieving speedtest.net configuration...
Testing from FIl Products Service Television Inc (103.105.214.61)...
Retrieving speedtest.net server list...
Selecting best server based on ping...
Hosted by PLDT (Makati) [634.17 km]: 19.587 ms
Testing download speed................................................................................
Download: 191.84 Mbit/s
Testing upload speed......................................................................................................
Upload: 241.14 Mbit/s
2025-07-08T08:40:01+08:00
Retrieving speedtest.net configuration...
Testing from FIl Products Service Television Inc (103.105.214.61)...
Retrieving speedtest.net server list...
Selecting best server based on ping...
Hosted by PLDT (Makati) [634.17 km]: 17.386 ms
Testing download speed................................................................................
Download: 178.24 Mbit/s
Testing upload speed......................................................................................................
Upload: 281.86 Mbit/s
2025-07-08T08:45:01+08:00
Retrieving speedtest.net configuration...
Testing from FIl Products Service Television Inc (103.105.214.53)...
Retrieving speedtest.net server list...
Selecting best server based on ping...
Hosted by PLDT (Makati) [634.17 km]: 20.394 ms
Testing download speed................................................................................
Download: 138.09 Mbit/s
Testing upload speed......................................................................................................
Upload: 327.69 Mbit/s
2025-07-08T08:50:01+08:00
Retrieving speedtest.net configuration...
Testing from FIl Products Service Television Inc (103.105.214.61)...
Retrieving speedtest.net server list...
Selecting best server based on ping...
Hosted by PLDT (Makati) [634.17 km]: 17.482 ms
Testing download speed................................................................................
Download: 183.85 Mbit/s
Testing upload speed......................................................................................................
Upload: 321.35 Mbit/s
2025-07-08T08:55:01+08:00
Retrieving speedtest.net configuration...
Testing from FIl Products Service Television Inc (103.105.214.61)...
Retrieving speedtest.net server list...
Selecting best server based on ping...
Hosted by PLDT (Makati) [634.17 km]: 19.631 ms
Testing download speed................................................................................
Download: 171.20 Mbit/s
Testing upload speed......................................................................................................
Upload: 277.59 Mbit/s
2025-07-08T09:00:01+08:00
Retrieving speedtest.net configuration...
Testing from FIl Products Service Television Inc (103.105.214.53)...
Retrieving speedtest.net server list...
Selecting best server based on ping...
2025-07-08T09:05:01+08:00
Retrieving speedtest.net configuration...
2025-07-08T09:10:01+08:00
Retrieving speedtest.net configuration...
2025-07-08T09:15:01+08:00
Retrieving speedtest.net configuration...
2025-07-08T09:20:01+08:00
Retrieving speedtest.net configuration...
2025-07-08T09:25:01+08:00
Retrieving speedtest.net configuration...
2025-07-08T09:30:01+08:00
Retrieving speedtest.net configuration...
2025-07-08T09:35:01+08:00
Retrieving speedtest.net configuration...
2025-07-08T09:40:01+08:00
Retrieving speedtest.net configuration...
2025-07-08T09:45:01+08:00
Retrieving speedtest.net configuration...
2025-07-08T09:50:01+08:00
Retrieving speedtest.net configuration...
2025-07-08T09:55:01+08:00
Retrieving speedtest.net configuration...
2025-07-08T10:00:01+08:00
Retrieving speedtest.net configuration...
2025-07-08T10:05:01+08:00
Retrieving speedtest.net configuration...
2025-07-08T10:10:01+08:00
Retrieving speedtest.net configuration...
2025-07-08T10:15:01+08:00
Retrieving speedtest.net configuration...
2025-07-08T10:20:01+08:00
Retrieving speedtest.net configuration...
2025-07-08T10:25:01+08:00
Retrieving speedtest.net configuration...
2025-07-08T10:30:01+08:00
Retrieving speedtest.net configuration...
2025-07-08T10:35:01+08:00
Retrieving speedtest.net configuration...
2025-07-08T10:40:01+08:00
Retrieving speedtest.net configuration...
2025-07-08T10:45:01+08:00
Retrieving speedtest.net configuration...
2025-07-08T10:50:01+08:00
Retrieving speedtest.net configuration...
2025-07-08T10:55:01+08:00
Retrieving speedtest.net configuration...
2025-07-08T11:00:01+08:00
Retrieving speedtest.net configuration...
2025-07-08T11:05:01+08:00
Retrieving speedtest.net configuration...
2025-07-08T11:10:01+08:00
Retrieving speedtest.net configuration...
2025-07-08T11:15:01+08:00
Retrieving speedtest.net configuration...
2025-07-08T11:20:01+08:00
Retrieving speedtest.net configuration...
2025-07-08T11:25:01+08:00
Retrieving speedtest.net configuration...
2025-07-08T11:30:01+08:00
Retrieving speedtest.net configuration...
2025-07-08T11:35:01+08:00
Retrieving speedtest.net configuration...
2025-07-08T11:40:01+08:00
Retrieving speedtest.net configuration...
2025-07-08T11:45:01+08:00
Retrieving speedtest.net configuration...
2025-07-08T11:50:01+08:00
Retrieving speedtest.net configuration...
2025-07-08T11:55:01+08:00
Retrieving speedtest.net configuration...
2025-07-08T12:00:01+08:00
Retrieving speedtest.net configuration...
2025-07-08T12:05:01+08:00
Retrieving speedtest.net configuration...
2025-07-08T12:10:01+08:00
Retrieving speedtest.net configuration...
2025-07-08T12:15:01+08:00
Retrieving speedtest.net configuration...
2025-07-08T12:20:01+08:00
Retrieving speedtest.net configuration...
2025-07-08T12:25:01+08:00
Retrieving speedtest.net configuration...
2025-07-08T12:30:01+08:00
Retrieving speedtest.net configuration...
2025-07-08T12:35:01+08:00
Retrieving speedtest.net configuration...
2025-07-08T12:40:01+08:00
Retrieving speedtest.net configuration...
2025-07-08T12:45:01+08:00
Retrieving speedtest.net configuration...
2025-07-08T12:50:01+08:00
Retrieving speedtest.net configuration...
2025-07-08T12:55:01+08:00
Retrieving speedtest.net configuration...
2025-07-08T13:00:01+08:00
Retrieving speedtest.net configuration...
2025-07-08T13:05:01+08:00
Retrieving speedtest.net configuration...
2025-07-08T13:10:01+08:00
Retrieving speedtest.net configuration...
2025-07-08T13:15:01+08:00
Retrieving speedtest.net configuration...
2025-07-08T13:20:01+08:00
Retrieving speedtest.net configuration...
2025-07-08T13:25:01+08:00
Retrieving speedtest.net configuration...
2025-07-08T13:30:01+08:00
Retrieving speedtest.net configuration...
2025-07-08T13:35:01+08:00
Retrieving speedtest.net configuration...
2025-07-08T13:40:01+08:00
Retrieving speedtest.net configuration...
2025-07-08T13:45:01+08:00
Retrieving speedtest.net configuration...
2025-07-08T13:50:01+08:00
Retrieving speedtest.net configuration...
2025-07-08T13:55:01+08:00
Retrieving speedtest.net configuration...
2025-07-08T14:00:01+08:00
Retrieving speedtest.net configuration...
2025-07-08T14:05:01+08:00
Retrieving speedtest.net configuration...
2025-07-08T16:10:01+08:00
Retrieving speedtest.net configuration...
Testing from FIl Products Service Television Inc (103.105.214.62)...
Retrieving speedtest.net server list...
Selecting best server based on ping...
Hosted by Globe Telecom (Taguig) [629.25 km]: 29.85 ms
Testing download speed................................................................................
Download: 200.81 Mbit/s
Testing upload speed......................................................................................................
Upload: 301.16 Mbit/s
2025-07-08T16:15:01+08:00
Retrieving speedtest.net configuration...
Testing from FIl Products Service Television Inc (103.105.214.62)...
Retrieving speedtest.net server list...
Selecting best server based on ping...
Hosted by Globe Telecom (Makati) [633.45 km]: 26.003 ms
Testing download speed................................................................................
Download: 195.95 Mbit/s
Testing upload speed......................................................................................................
Upload: 268.33 Mbit/s
2025-07-08T16:20:01+08:00
Retrieving speedtest.net configuration...
Testing from FIl Products Service Television Inc (103.105.214.62)...
Retrieving speedtest.net server list...
Selecting best server based on ping...
Hosted by Globe Telecom (Makati) [633.45 km]: 30.151 ms
Testing download speed................................................................................
Download: 199.81 Mbit/s
Testing upload speed......................................................................................................
Upload: 245.33 Mbit/s
2025-07-08T16:25:01+08:00
Retrieving speedtest.net configuration...
Testing from FIl Products Service Television Inc (103.105.214.62)...
Retrieving speedtest.net server list...
Selecting best server based on ping...
Hosted by Globe Telecom (Taguig) [629.25 km]: 23.073 ms
Testing download speed................................................................................
Download: 196.67 Mbit/s
Testing upload speed......................................................................................................
Upload: 275.51 Mbit/s
2025-07-08T16:30:01+08:00
Retrieving speedtest.net configuration...
Testing from FIl Products Service Television Inc (103.105.214.62)...
Retrieving speedtest.net server list...
Selecting best server based on ping...
2025-07-08T16:35:01+08:00
Retrieving speedtest.net configuration...
Testing from FIl Products Service Television Inc (103.105.214.62)...
Retrieving speedtest.net server list...
Selecting best server based on ping...
Hosted by Globe Telecom (Taguig) [629.25 km]: 26.588 ms
Testing download speed................................................................................
Download: 196.85 Mbit/s
Testing upload speed......................................................................................................
Upload: 214.41 Mbit/s
2025-07-08T16:40:01+08:00
Retrieving speedtest.net configuration...
Testing from FIl Products Service Television Inc (103.105.214.62)...
Retrieving speedtest.net server list...
Selecting best server based on ping...
Hosted by Globe Telecom (Taguig) [629.25 km]: 22.343 ms
Testing download speed................................................................................
Download: 192.45 Mbit/s
Testing upload speed......................................................................................................
Upload: 248.33 Mbit/s
2025-07-08T16:45:01+08:00
Retrieving speedtest.net configuration...
Testing from FIl Products Service Television Inc (103.105.214.62)...
Retrieving speedtest.net server list...
Selecting best server based on ping...
Hosted by Globe Telecom (Taguig) [629.25 km]: 27.065 ms
Testing download speed................................................................................
Download: 192.14 Mbit/s
Testing upload speed......................................................................................................
Upload: 294.60 Mbit/s
2025-07-08T16:50:01+08:00
Retrieving speedtest.net configuration...
Testing from FIl Products Service Television Inc (103.105.214.62)...
Retrieving speedtest.net server list...
Selecting best server based on ping...
Hosted by Globe Telecom (Taguig) [629.25 km]: 28.259 ms
Testing download speed................................................................................
Download: 196.96 Mbit/s
Testing upload speed......................................................................................................
Upload: 292.77 Mbit/s
2025-07-08T16:55:01+08:00
Retrieving speedtest.net configuration...
Testing from FIl Products Service Television Inc (103.105.214.62)...
Retrieving speedtest.net server list...
Selecting best server based on ping...
Hosted by Globe Telecom (Taguig) [629.25 km]: 21.305 ms
Testing download speed................................................................................
Download: 200.52 Mbit/s
Testing upload speed......................................................................................................
Upload: 308.77 Mbit/s
2025-07-08T17:00:01+08:00
Retrieving speedtest.net configuration...
Testing from FIl Products Service Television Inc (103.105.214.62)...
Retrieving speedtest.net server list...
Selecting best server based on ping...
2025-07-08T17:05:01+08:00
Retrieving speedtest.net configuration...
2025-07-08T17:10:01+08:00
Retrieving speedtest.net configuration...
Testing from FIl Products Service Television Inc (103.105.214.62)...
Retrieving speedtest.net server list...
Selecting best server based on ping...
Hosted by Globe Telecom (Makati) [633.45 km]: 25.916 ms
Testing download speed................................................................................
Download: 203.45 Mbit/s
Testing upload speed......................................................................................................
Upload: 246.17 Mbit/s
2025-07-08T17:15:01+08:00
Retrieving speedtest.net configuration...
Testing from FIl Products Service Television Inc (103.105.214.62)...
Retrieving speedtest.net server list...
Selecting best server based on ping...
Hosted by Globe Telecom (Makati) [633.45 km]: 21.67 ms
Testing download speed................................................................................
Download: 203.18 Mbit/s
Testing upload speed......................................................................................................
Upload: 296.61 Mbit/s
2025-07-08T17:20:01+08:00
Retrieving speedtest.net configuration...
Testing from FIl Products Service Television Inc (103.105.214.62)...
Retrieving speedtest.net server list...
Selecting best server based on ping...
Hosted by Globe Telecom (Makati) [633.45 km]: 25.617 ms
Testing download speed................................................................................
Download: 197.89 Mbit/s
Testing upload speed......................................................................................................
Upload: 215.20 Mbit/s
2025-07-08T17:25:01+08:00
Retrieving speedtest.net configuration...
Testing from FIl Products Service Television Inc (103.105.214.62)...
Retrieving speedtest.net server list...
Selecting best server based on ping...
Hosted by Globe Telecom (Makati) [633.45 km]: 25.582 ms
Testing download speed................................................................................
Download: 190.30 Mbit/s
Testing upload speed......................................................................................................
Upload: 299.39 Mbit/s
2025-07-08T17:30:01+08:00
Retrieving speedtest.net configuration...
Testing from FIl Products Service Television Inc (103.105.214.62)...
Retrieving speedtest.net server list...
Selecting best server based on ping...
2025-07-08T17:35:02+08:00
Retrieving speedtest.net configuration...
Testing from FIl Products Service Television Inc (103.105.214.62)...
Retrieving speedtest.net server list...
Selecting best server based on ping...
Hosted by Globe Telecom (Taguig) [629.25 km]: 29.51 ms
Testing download speed................................................................................
Download: 204.67 Mbit/s
Testing upload speed......................................................................................................
Upload: 265.48 Mbit/s
2025-07-08T17:40:01+08:00
Retrieving speedtest.net configuration...
Testing from FIl Products Service Television Inc (103.105.214.62)...
Retrieving speedtest.net server list...
Selecting best server based on ping...
Hosted by Globe Telecom (Makati) [633.45 km]: 22.196 ms
Testing download speed................................................................................
Download: 192.63 Mbit/s
Testing upload speed......................................................................................................
Upload: 313.22 Mbit/s
2025-07-08T17:45:01+08:00
Retrieving speedtest.net configuration...
Testing from FIl Products Service Television Inc (103.105.214.62)...
Retrieving speedtest.net server list...
Selecting best server based on ping...
Hosted by Globe Telecom (Makati) [633.45 km]: 29.922 ms
Testing download speed................................................................................
Download: 205.93 Mbit/s
Testing upload speed......................................................................................................
Upload: 294.44 Mbit/s
2025-07-08T17:50:01+08:00
Retrieving speedtest.net configuration...
Testing from FIl Products Service Television Inc (103.105.214.62)...
Retrieving speedtest.net server list...
Selecting best server based on ping...
Hosted by Globe Telecom (Makati) [633.45 km]: 26.443 ms
Testing download speed................................................................................
Download: 205.36 Mbit/s
Testing upload speed......................................................................................................
Upload: 291.77 Mbit/s
2025-07-08T17:55:01+08:00
Retrieving speedtest.net configuration...
Testing from FIl Products Service Television Inc (103.105.214.62)...
Retrieving speedtest.net server list...
Selecting best server based on ping...
Hosted by Globe Telecom (Taguig) [629.25 km]: 22.31 ms
Testing download speed................................................................................
Download: 205.05 Mbit/s
Testing upload speed......................................................................................................
Upload: 270.11 Mbit/s
2025-07-08T18:00:01+08:00
Retrieving speedtest.net configuration...
Testing from FIl Products Service Television Inc (103.105.214.62)...
Retrieving speedtest.net server list...
Selecting best server based on ping...
2025-07-08T18:05:01+08:00
Retrieving speedtest.net configuration...
2025-07-08T18:10:01+08:00
Retrieving speedtest.net configuration...
Testing from FIl Products Service Television Inc (103.105.214.62)...
Retrieving speedtest.net server list...
Selecting best server based on ping...
Hosted by Globe Telecom (Taguig) [629.25 km]: 28.769 ms
Testing download speed................................................................................
Download: 197.02 Mbit/s
Testing upload speed......................................................................................................
Upload: 231.66 Mbit/s
2025-07-08T18:15:01+08:00
Retrieving speedtest.net configuration...
Testing from FIl Products Service Television Inc (103.105.214.62)...
Retrieving speedtest.net server list...
Selecting best server based on ping...
Hosted by Globe Telecom (Makati) [633.45 km]: 27.355 ms
Testing download speed................................................................................
Download: 196.16 Mbit/s
Testing upload speed......................................................................................................
Upload: 286.70 Mbit/s
2025-07-08T18:20:01+08:00
Retrieving speedtest.net configuration...
Testing from FIl Products Service Television Inc (103.105.214.62)...
Retrieving speedtest.net server list...
Selecting best server based on ping...
Hosted by Globe Telecom (Makati) [633.45 km]: 21.704 ms
Testing download speed................................................................................
Download: 196.80 Mbit/s
Testing upload speed......................................................................................................
Upload: 238.27 Mbit/s
2025-07-08T18:25:01+08:00
Retrieving speedtest.net configuration...
Testing from FIl Products Service Television Inc (103.105.214.62)...
Retrieving speedtest.net server list...
Selecting best server based on ping...
Hosted by Globe Telecom (Makati) [633.45 km]: 25.891 ms
Testing download speed................................................................................
Download: 199.46 Mbit/s
Testing upload speed......................................................................................................
Upload: 261.93 Mbit/s
2025-07-08T18:30:01+08:00
Retrieving speedtest.net configuration...
Testing from FIl Products Service Television Inc (103.105.214.62)...
Retrieving speedtest.net server list...
Selecting best server based on ping...
2025-07-08T18:35:01+08:00
Retrieving speedtest.net configuration...
Testing from FIl Products Service Television Inc (103.105.214.62)...
Retrieving speedtest.net server list...
Selecting best server based on ping...
Hosted by Globe Telecom (Makati) [633.45 km]: 27.161 ms
Testing download speed................................................................................
Download: 168.55 Mbit/s
Testing upload speed......................................................................................................
Upload: 277.14 Mbit/s
2025-07-08T18:40:02+08:00
Retrieving speedtest.net configuration...
Testing from FIl Products Service Television Inc (103.105.214.62)...
Retrieving speedtest.net server list...
Selecting best server based on ping...
Hosted by Globe Telecom (Makati) [633.45 km]: 21.656 ms
Testing download speed................................................................................
Download: 201.77 Mbit/s
Testing upload speed......................................................................................................
Upload: 270.35 Mbit/s
2025-07-08T18:45:01+08:00
Retrieving speedtest.net configuration...
Testing from FIl Products Service Television Inc (103.105.214.62)...
Retrieving speedtest.net server list...
Selecting best server based on ping...
Hosted by Globe Telecom (Makati) [633.45 km]: 25.584 ms
Testing download speed................................................................................
Download: 203.71 Mbit/s
Testing upload speed......................................................................................................
Upload: 244.60 Mbit/s
2025-07-08T18:50:01+08:00
Retrieving speedtest.net configuration...
Testing from FIl Products Service Television Inc (103.105.214.62)...
Retrieving speedtest.net server list...
Selecting best server based on ping...
Hosted by Globe Telecom (Makati) [633.45 km]: 22.684 ms
Testing download speed................................................................................
Download: 189.76 Mbit/s
Testing upload speed......................................................................................................
Upload: 233.49 Mbit/s
2025-07-08T18:55:01+08:00
Retrieving speedtest.net configuration...
Testing from FIl Products Service Television Inc (103.105.214.62)...
Retrieving speedtest.net server list...
Selecting best server based on ping...
Hosted by Globe Telecom (Makati) [633.45 km]: 25.89 ms
Testing download speed................................................................................
Download: 204.35 Mbit/s
Testing upload speed......................................................................................................
Upload: 231.52 Mbit/s
2025-07-08T19:00:01+08:00
Retrieving speedtest.net configuration...
Testing from FIl Products Service Television Inc (103.105.214.62)...
Retrieving speedtest.net server list...
Selecting best server based on ping...
2025-07-08T19:05:01+08:00
Retrieving speedtest.net configuration...
Testing from FIl Products Service Television Inc (103.105.214.62)...
Retrieving speedtest.net server list...
Selecting best server based on ping...
Hosted by Globe Telecom (Makati) [633.45 km]: 30.015 ms
Testing download speed................................................................................
Download: 191.05 Mbit/s
Testing upload speed......................................................................................................
Upload: 289.05 Mbit/s
2025-07-08T19:10:01+08:00
Retrieving speedtest.net configuration...
Testing from FIl Products Service Television Inc (103.105.214.62)...
Retrieving speedtest.net server list...
Selecting best server based on ping...
Hosted by Globe Telecom (Makati) [633.45 km]: 23.212 ms
Testing download speed................................................................................
Download: 204.26 Mbit/s
Testing upload speed......................................................................................................
Upload: 302.93 Mbit/s
2025-07-08T19:15:01+08:00
Retrieving speedtest.net configuration...
Testing from FIl Products Service Television Inc (103.105.214.62)...
Retrieving speedtest.net server list...
Selecting best server based on ping...
Hosted by SMART Communications, Inc. (Makati) [633.45 km]: 35.448 ms
Testing download speed................................................................................
Download: 184.45 Mbit/s
Testing upload speed......................................................................................................
Upload: 225.71 Mbit/s
2025-07-08T19:20:02+08:00
Retrieving speedtest.net configuration...
Testing from FIl Products Service Television Inc (103.105.214.62)...
Retrieving speedtest.net server list...
Selecting best server based on ping...
Hosted by keith.net Inc. (Makati City) [634.17 km]: 21.545 ms
Testing download speed................................................................................
Download: 183.22 Mbit/s
Testing upload speed......................................................................................................
Upload: 114.96 Mbit/s
2025-07-08T19:25:01+08:00
Retrieving speedtest.net configuration...
Testing from FIl Products Service Television Inc (103.105.214.62)...
Retrieving speedtest.net server list...
Selecting best server based on ping...
Hosted by keith.net Inc. (Makati City) [634.17 km]: 21.757 ms
Testing download speed................................................................................
Download: 186.93 Mbit/s
Testing upload speed......................................................................................................
Upload: 123.08 Mbit/s
2025-07-08T19:30:01+08:00
Retrieving speedtest.net configuration...
Testing from FIl Products Service Television Inc (103.105.214.62)...
Retrieving speedtest.net server list...
Selecting best server based on ping...
2025-07-08T19:35:01+08:00
Retrieving speedtest.net configuration...
Testing from FIl Products Service Television Inc (103.105.214.62)...
Retrieving speedtest.net server list...
Selecting best server based on ping...
Hosted by SMART Communications, Inc. (Makati) [633.45 km]: 37.022 ms
Testing download speed................................................................................
Download: 178.42 Mbit/s
Testing upload speed......................................................................................................
Upload: 247.55 Mbit/s
2025-07-08T19:40:01+08:00
Retrieving speedtest.net configuration...
Testing from FIl Products Service Television Inc (103.105.214.62)...
Retrieving speedtest.net server list...
Selecting best server based on ping...
Hosted by SMART Communications, Inc. (Makati) [633.45 km]: 31.633 ms
Testing download speed................................................................................
Download: 199.31 Mbit/s
Testing upload speed......................................................................................................
Upload: 322.70 Mbit/s
2025-07-08T19:45:01+08:00
Retrieving speedtest.net configuration...
Testing from FIl Products Service Television Inc (103.105.214.62)...
Retrieving speedtest.net server list...
Selecting best server based on ping...
Hosted by keith.net Inc. (Makati City) [634.17 km]: 29.035 ms
Testing download speed................................................................................
Download: 179.02 Mbit/s
Testing upload speed......................................................................................................
Upload: 252.45 Mbit/s
2025-07-08T19:50:01+08:00
Retrieving speedtest.net configuration...
Testing from FIl Products Service Television Inc (103.105.214.62)...
Retrieving speedtest.net server list...
Selecting best server based on ping...
Hosted by keith.net Inc. (Makati City) [634.17 km]: 24.098 ms
Testing download speed................................................................................
Download: 180.04 Mbit/s
Testing upload speed......................................................................................................
Upload: 89.39 Mbit/s
2025-07-08T19:55:01+08:00
Retrieving speedtest.net configuration...
Testing from FIl Products Service Television Inc (103.105.214.62)...
Retrieving speedtest.net server list...
Selecting best server based on ping...
Hosted by SMART Communications, Inc. (Makati) [633.45 km]: 38.108 ms
Testing download speed................................................................................
Download: 195.33 Mbit/s
Testing upload speed......................................................................................................
Upload: 103.32 Mbit/s
2025-07-08T20:00:01+08:00
Retrieving speedtest.net configuration...
Testing from FIl Products Service Television Inc (103.105.214.62)...
Retrieving speedtest.net server list...
Selecting best server based on ping...
2025-07-08T20:05:01+08:00
Retrieving speedtest.net configuration...
2025-07-08T20:10:01+08:00
Retrieving speedtest.net configuration...
Testing from FIl Products Service Television Inc (103.105.214.62)...
Retrieving speedtest.net server list...
Selecting best server based on ping...
Hosted by SMART Communications, Inc. (Makati) [633.45 km]: 37.812 ms
Testing download speed................................................................................
Download: 112.39 Mbit/s
Testing upload speed......................................................................................................
Upload: 90.86 Mbit/s
2025-07-08T20:15:01+08:00
Retrieving speedtest.net configuration...
Testing from FIl Products Service Television Inc (103.105.214.62)...
Retrieving speedtest.net server list...
Selecting best server based on ping...
Hosted by keith.net Inc. (Makati City) [634.17 km]: 22.304 ms
Testing download speed................................................................................
Download: 167.79 Mbit/s
Testing upload speed......................................................................................................
Upload: 152.91 Mbit/s
2025-07-08T20:20:01+08:00
Retrieving speedtest.net configuration...
Testing from FIl Products Service Television Inc (103.105.214.62)...
Retrieving speedtest.net server list...
Selecting best server based on ping...
Hosted by SMART Communications, Inc. (Makati) [633.45 km]: 31.998 ms
Testing download speed................................................................................
Download: 176.78 Mbit/s
Testing upload speed......................................................................................................
Upload: 119.77 Mbit/s
2025-07-08T20:25:01+08:00
Retrieving speedtest.net configuration...
Testing from FIl Products Service Television Inc (103.105.214.62)...
Retrieving speedtest.net server list...
Selecting best server based on ping...
Hosted by keith.net Inc. (Makati City) [634.17 km]: 23.558 ms
Testing download speed................................................................................
Download: 163.55 Mbit/s
Testing upload speed......................................................................................................
Upload: 123.96 Mbit/s
2025-07-08T20:30:01+08:00
Retrieving speedtest.net configuration...
Testing from FIl Products Service Television Inc (103.105.214.62)...
Retrieving speedtest.net server list...
Selecting best server based on ping...
2025-07-08T20:35:01+08:00
Retrieving speedtest.net configuration...
Testing from FIl Products Service Television Inc (103.105.214.62)...
Retrieving speedtest.net server list...
Selecting best server based on ping...
Hosted by keith.net Inc. (Makati City) [634.17 km]: 36.97 ms
Testing download speed................................................................................
Download: 157.31 Mbit/s
Testing upload speed......................................................................................................
Upload: 119.75 Mbit/s
2025-07-08T20:40:01+08:00
Retrieving speedtest.net configuration...
Testing from FIl Products Service Television Inc (103.105.214.62)...
Retrieving speedtest.net server list...
Selecting best server based on ping...
Hosted by keith.net Inc. (Makati City) [634.17 km]: 39.678 ms
Testing download speed................................................................................
Download: 118.01 Mbit/s
Testing upload speed......................................................................................................
Upload: 129.71 Mbit/s
2025-07-08T20:45:01+08:00
Retrieving speedtest.net configuration...
Testing from FIl Products Service Television Inc (103.105.214.62)...
Retrieving speedtest.net server list...
Selecting best server based on ping...
Hosted by SMART Communications, Inc. (Makati) [633.45 km]: 37.61 ms
Testing download speed................................................................................
Download: 161.74 Mbit/s
Testing upload speed......................................................................................................
Upload: 188.85 Mbit/s
2025-07-08T20:50:01+08:00
Retrieving speedtest.net configuration...
Testing from FIl Products Service Television Inc (103.105.214.62)...
Retrieving speedtest.net server list...
Selecting best server based on ping...
Hosted by keith.net Inc. (Makati City) [634.17 km]: 45.879 ms
Testing download speed................................................................................
Download: 106.84 Mbit/s
Testing upload speed......................................................................................................
Upload: 120.09 Mbit/s
2025-07-08T20:55:01+08:00
Retrieving speedtest.net configuration...
Testing from FIl Products Service Television Inc (103.105.214.62)...
Retrieving speedtest.net server list...
Selecting best server based on ping...
Hosted by keith.net Inc. (Makati City) [634.17 km]: 34.644 ms
Testing download speed................................................................................
Download: 157.53 Mbit/s
Testing upload speed......................................................................................................
Upload: 119.38 Mbit/s
2025-07-08T21:00:01+08:00
Retrieving speedtest.net configuration...
Testing from FIl Products Service Television Inc (103.105.214.62)...
Retrieving speedtest.net server list...
Selecting best server based on ping...
2025-07-08T21:05:01+08:00
Retrieving speedtest.net configuration...
2025-07-08T21:10:01+08:00
Retrieving speedtest.net configuration...
Testing from FIl Products Service Television Inc (103.105.214.62)...
Retrieving speedtest.net server list...
Selecting best server based on ping...
Hosted by keith.net Inc. (Makati City) [634.17 km]: 34.021 ms
Testing download speed................................................................................
Download: 110.62 Mbit/s
Testing upload speed......................................................................................................
Upload: 125.99 Mbit/s
2025-07-08T21:15:01+08:00
Retrieving speedtest.net configuration...
Testing from FIl Products Service Television Inc (103.105.214.62)...
Retrieving speedtest.net server list...
Selecting best server based on ping...
Hosted by keith.net Inc. (Makati City) [634.17 km]: 32.918 ms
Testing download speed................................................................................
Download: 160.42 Mbit/s
Testing upload speed......................................................................................................
Upload: 49.39 Mbit/s
2025-07-08T21:20:01+08:00
Retrieving speedtest.net configuration...
Testing from FIl Products Service Television Inc (103.105.214.62)...
Retrieving speedtest.net server list...
Selecting best server based on ping...
Hosted by keith.net Inc. (Makati City) [634.17 km]: 40.586 ms
Testing download speed................................................................................
Download: 161.90 Mbit/s
Testing upload speed......................................................................................................
Upload: 205.43 Mbit/s
2025-07-08T21:25:01+08:00
Retrieving speedtest.net configuration...
Testing from FIl Products Service Television Inc (103.105.214.48)...
Retrieving speedtest.net server list...
Selecting best server based on ping...
Hosted by keith.net Inc. (Makati City) [634.17 km]: 21.822 ms
Testing download speed................................................................................
Download: 85.41 Mbit/s
Testing upload speed......................................................................................................
Upload: 179.70 Mbit/s
2025-07-08T21:30:01+08:00
Retrieving speedtest.net configuration...
Testing from FIl Products Service Television Inc (103.105.214.62)...
Retrieving speedtest.net server list...
Selecting best server based on ping...
2025-07-08T21:35:01+08:00
Retrieving speedtest.net configuration...
Testing from FIl Products Service Television Inc (103.105.214.62)...
Retrieving speedtest.net server list...
Selecting best server based on ping...
Hosted by SMART Communications, Inc. (Makati) [633.45 km]: 36.203 ms
Testing download speed................................................................................
Download: 87.42 Mbit/s
Testing upload speed......................................................................................................
Upload: 64.30 Mbit/s
2025-07-08T21:40:01+08:00
Retrieving speedtest.net configuration...
Testing from FIl Products Service Television Inc (103.105.214.62)...
Retrieving speedtest.net server list...
Selecting best server based on ping...
Hosted by keith.net Inc. (Makati City) [634.17 km]: 21.208 ms
Testing download speed................................................................................
Download: 143.94 Mbit/s
Testing upload speed......................................................................................................
Upload: 118.80 Mbit/s
2025-07-08T21:45:01+08:00
Retrieving speedtest.net configuration...
Testing from FIl Products Service Television Inc (103.105.214.62)...
Retrieving speedtest.net server list...
Selecting best server based on ping...
Hosted by SMART Communications, Inc. (Makati) [633.45 km]: 41.242 ms
Testing download speed................................................................................
Download: 155.96 Mbit/s
Testing upload speed......................................................................................................
Upload: 277.76 Mbit/s
2025-07-08T21:50:01+08:00
Retrieving speedtest.net configuration...
Testing from FIl Products Service Television Inc (103.105.214.62)...
Retrieving speedtest.net server list...
Selecting best server based on ping...
Hosted by SMART Communications, Inc. (Makati) [633.45 km]: 36.48 ms
Testing download speed................................................................................
Download: 188.89 Mbit/s
Testing upload speed......................................................................................................
Upload: 116.77 Mbit/s
2025-07-08T21:55:01+08:00
Retrieving speedtest.net configuration...
Testing from FIl Products Service Television Inc (103.105.214.62)...
Retrieving speedtest.net server list...
Selecting best server based on ping...
Hosted by SMART Communications, Inc. (Makati) [633.45 km]: 28.2 ms
Testing download speed................................................................................
Download: 190.52 Mbit/s
Testing upload speed......................................................................................................
Upload: 208.59 Mbit/s
2025-07-08T22:00:01+08:00
Retrieving speedtest.net configuration...
Testing from FIl Products Service Television Inc (103.105.214.62)...
Retrieving speedtest.net server list...
Selecting best server based on ping...
