2025-09-11T00:00:01+08:00
Retrieving speedtest.net configuration...
Testing from FIl Products Service Television Inc (103.105.214.59)...
Retrieving speedtest.net server list...
Selecting best server based on ping...
2025-09-11T00:05:01+08:00
Retrieving speedtest.net configuration...
2025-09-11T00:10:01+08:00
Retrieving speedtest.net configuration...
Testing from FIl Products Service Television Inc (103.105.214.59)...
Retrieving speedtest.net server list...
Selecting best server based on ping...
Hosted by Globe Telecom (Cebu City) [126.16 km]: 38.108 ms
Testing download speed................................................................................
Download: 92.38 Mbit/s
Testing upload speed......................................................................................................
Upload: 88.91 Mbit/s
2025-09-11T00:15:01+08:00
Retrieving speedtest.net configuration...
Testing from FIl Products Service Television Inc (103.105.214.59)...
Retrieving speedtest.net server list...
Selecting best server based on ping...
Hosted by Globe Telecom (Cebu City) [126.16 km]: 22.324 ms
Testing download speed................................................................................
Download: 92.76 Mbit/s
Testing upload speed......................................................................................................
Upload: 81.38 Mbit/s
2025-09-11T00:20:01+08:00
Retrieving speedtest.net configuration...
Testing from FIl Products Service Television Inc (103.105.214.59)...
Retrieving speedtest.net server list...
Selecting best server based on ping...
Hosted by Globe Telecom (Cebu City) [126.16 km]: 34.823 ms
Testing download speed................................................................................
Download: 92.93 Mbit/s
Testing upload speed......................................................................................................
Upload: 87.92 Mbit/s
2025-09-11T00:25:01+08:00
Retrieving speedtest.net configuration...
Testing from FIl Products Service Television Inc (103.105.214.54)...
Retrieving speedtest.net server list...
Selecting best server based on ping...
Hosted by Globe Telecom (Cebu City) [126.16 km]: 35.92 ms
Testing download speed................................................................................
Download: 91.90 Mbit/s
Testing upload speed......................................................................................................
Upload: 91.21 Mbit/s
2025-09-11T00:30:01+08:00
Retrieving speedtest.net configuration...
Testing from FIl Products Service Television Inc (103.105.214.59)...
Retrieving speedtest.net server list...
Selecting best server based on ping...
2025-09-11T00:35:01+08:00
Retrieving speedtest.net configuration...
Testing from FIl Products Service Television Inc (103.105.214.59)...
Retrieving speedtest.net server list...
Selecting best server based on ping...
Hosted by Globe Telecom (Cebu City) [126.16 km]: 38.708 ms
Testing download speed................................................................................
Download: 92.29 Mbit/s
Testing upload speed......................................................................................................
Upload: 91.17 Mbit/s
2025-09-11T00:40:01+08:00
Retrieving speedtest.net configuration...
Testing from FIl Products Service Television Inc (103.105.214.59)...
Retrieving speedtest.net server list...
Selecting best server based on ping...
Hosted by Globe Telecom (Cebu City) [126.16 km]: 21.85 ms
Testing download speed................................................................................
Download: 92.99 Mbit/s
Testing upload speed......................................................................................................
Upload: 87.29 Mbit/s
2025-09-11T00:45:01+08:00
Retrieving speedtest.net configuration...
Testing from FIl Products Service Television Inc (103.105.214.54)...
Retrieving speedtest.net server list...
Selecting best server based on ping...
Hosted by Globe Telecom (Cebu City) [126.16 km]: 22.009 ms
Testing download speed................................................................................
Download: 91.77 Mbit/s
Testing upload speed......................................................................................................
Upload: 89.15 Mbit/s
2025-09-11T00:50:01+08:00
Retrieving speedtest.net configuration...
Testing from FIl Products Service Television Inc (103.105.214.59)...
Retrieving speedtest.net server list...
Selecting best server based on ping...
Hosted by Globe Telecom (Cebu City) [126.16 km]: 25.018 ms
Testing download speed................................................................................
Download: 91.98 Mbit/s
Testing upload speed......................................................................................................
Upload: 82.87 Mbit/s
2025-09-11T00:55:01+08:00
Retrieving speedtest.net configuration...
Testing from FIl Products Service Television Inc (103.105.214.54)...
Retrieving speedtest.net server list...
Selecting best server based on ping...
Hosted by Globe Telecom (Cebu City) [126.16 km]: 25.954 ms
Testing download speed................................................................................
Download: 92.58 Mbit/s
Testing upload speed......................................................................................................
Upload: 84.03 Mbit/s
2025-09-11T01:00:01+08:00
Retrieving speedtest.net configuration...
Testing from FIl Products Service Television Inc (103.105.214.54)...
Retrieving speedtest.net server list...
