2025-09-23T00:00:01+08:00
Retrieving speedtest.net configuration...
Testing from FIl Products Service Television Inc (103.105.214.62)...
Retrieving speedtest.net server list...
Selecting best server based on ping...
2025-09-23T00:05:01+08:00
Retrieving speedtest.net configuration...
2025-09-23T00:10:01+08:00
Retrieving speedtest.net configuration...
Testing from FIl Products Service Television Inc (103.105.214.57)...
Retrieving speedtest.net server list...
Selecting best server based on ping...
Hosted by Queens Link (Ormoc City) [239.80 km]: 34.531 ms
Testing download speed................................................................................
Download: 91.63 Mbit/s
Testing upload speed......................................................................................................
Upload: 88.22 Mbit/s
2025-09-23T00:15:01+08:00
Retrieving speedtest.net configuration...
Testing from FIl Products Service Television Inc (103.105.214.62)...
Retrieving speedtest.net server list...
Selecting best server based on ping...
Hosted by Globe Telecom (Bacolod) [156.14 km]: 21.556 ms
Testing download speed................................................................................
Download: 92.98 Mbit/s
Testing upload speed......................................................................................................
Upload: 88.21 Mbit/s
2025-09-23T00:20:01+08:00
Retrieving speedtest.net configuration...
Testing from FIl Products Service Television Inc (103.105.214.57)...
Retrieving speedtest.net server list...
Selecting best server based on ping...
Hosted by Globe Telecom (Cebu City) [126.16 km]: 21.829 ms
Testing download speed................................................................................
Download: 92.54 Mbit/s
Testing upload speed......................................................................................................
Upload: 88.75 Mbit/s
2025-09-23T00:25:01+08:00
Retrieving speedtest.net configuration...
Testing from FIl Products Service Television Inc (103.105.214.62)...
Retrieving speedtest.net server list...
Selecting best server based on ping...
Hosted by Queens Link (Ormoc City) [239.80 km]: 22.846 ms
Testing download speed................................................................................
Download: 91.77 Mbit/s
Testing upload speed......................................................................................................
Upload: 84.52 Mbit/s
2025-09-23T00:30:01+08:00
Retrieving speedtest.net configuration...
Testing from FIl Products Service Television Inc (103.105.214.57)...
Retrieving speedtest.net server list...
Selecting best server based on ping...
2025-09-23T00:35:01+08:00
Retrieving speedtest.net configuration...
Testing from FIl Products Service Television Inc (103.105.214.57)...
Retrieving speedtest.net server list...
Selecting best server based on ping...
Hosted by Queens Link (Ormoc City) [239.80 km]: 34.738 ms
Testing download speed................................................................................
Download: 91.94 Mbit/s
Testing upload speed......................................................................................................
Upload: 87.58 Mbit/s
2025-09-23T00:40:01+08:00
Retrieving speedtest.net configuration...
Testing from FIl Products Service Television Inc (103.105.214.57)...
Retrieving speedtest.net server list...
Selecting best server based on ping...
Hosted by Globe Telecom (Bacolod) [156.14 km]: 22.226 ms
Testing download speed................................................................................
Download: 91.59 Mbit/s
Testing upload speed......................................................................................................
Upload: 87.78 Mbit/s
2025-09-23T00:45:01+08:00
Retrieving speedtest.net configuration...
Testing from FIl Products Service Television Inc (103.105.214.62)...
Retrieving speedtest.net server list...
Selecting best server based on ping...
Hosted by Globe Telecom (Cebu City) [126.16 km]: 24.715 ms
Testing download speed................................................................................
Download: 92.76 Mbit/s
Testing upload speed......................................................................................................
Upload: 81.57 Mbit/s
2025-09-23T00:50:01+08:00
Retrieving speedtest.net configuration...
Testing from FIl Products Service Television Inc (103.105.214.57)...
Retrieving speedtest.net server list...
Selecting best server based on ping...
Hosted by Globe Telecom (Bacolod) [156.14 km]: 21.83 ms
Testing download speed................................................................................
Download: 92.35 Mbit/s
Testing upload speed......................................................................................................
Upload: 86.72 Mbit/s
2025-09-23T00:55:01+08:00
Retrieving speedtest.net configuration...
Testing from FIl Products Service Television Inc (103.105.214.62)...
Retrieving speedtest.net server list...
Selecting best server based on ping...
Hosted by Queens Link (Ormoc City) [239.80 km]: 30.043 ms
Testing download speed................................................................................
Download: 90.37 Mbit/s
Testing upload speed......................................................................................................
Upload: 84.55 Mbit/s
2025-09-23T01:00:01+08:00
Retrieving speedtest.net configuration...
Testing from FIl Products Service Television Inc (103.105.214.62)...
Retrieving speedtest.net server list...
Selecting best server based on ping...
2025-09-23T01:05:01+08:00
Retrieving speedtest.net configuration...
2025-09-23T01:10:01+08:00
Retrieving speedtest.net configuration...
Testing from FIl Products Service Television Inc (103.105.214.57)...
Retrieving speedtest.net server list...
Selecting best server based on ping...
Hosted by Globe Telecom (Cebu City) [126.16 km]: 29.41 ms
Testing download speed................................................................................
Download: 92.67 Mbit/s
Testing upload speed......................................................................................................
Upload: 85.13 Mbit/s
2025-09-23T01:15:01+08:00
Retrieving speedtest.net configuration...
Testing from FIl Products Service Television Inc (103.105.214.62)...
Retrieving speedtest.net server list...
Selecting best server based on ping...
Hosted by Globe Telecom (Cebu City) [126.16 km]: 21.737 ms
Testing download speed................................................................................
Download: 92.80 Mbit/s
Testing upload speed......................................................................................................
Upload: 82.28 Mbit/s
2025-09-23T01:20:01+08:00
Retrieving speedtest.net configuration...
Testing from FIl Products Service Television Inc (103.105.214.62)...
Retrieving speedtest.net server list...
Selecting best server based on ping...
Hosted by Radius Telecoms, Inc. (Cebu City) [126.16 km]: 50.498 ms
Testing download speed................................................................................
Download: 89.87 Mbit/s
Testing upload speed......................................................................................................
Upload: 71.16 Mbit/s
2025-09-23T01:25:01+08:00
Retrieving speedtest.net configuration...
Testing from FIl Products Service Television Inc (103.105.214.57)...
Retrieving speedtest.net server list...
Selecting best server based on ping...
Hosted by MEGALINK Networks (Sierra Bullones) [120.25 km]: 38.909 ms
Testing download speed................................................................................
Download: 86.68 Mbit/s
Testing upload speed......................................................................................................
Upload: 67.00 Mbit/s
2025-09-23T01:30:01+08:00
Retrieving speedtest.net configuration...
Testing from FIl Products Service Television Inc (103.105.214.57)...
Retrieving speedtest.net server list...
Selecting best server based on ping...
2025-09-23T01:35:01+08:00
Retrieving speedtest.net configuration...
Testing from FIl Products Service Television Inc (103.105.214.57)...
Retrieving speedtest.net server list...
Selecting best server based on ping...
Hosted by MEGALINK Networks (Sierra Bullones) [120.25 km]: 36.562 ms
Testing download speed................................................................................
Download: 75.31 Mbit/s
Testing upload speed......................................................................................................
Upload: 67.09 Mbit/s
2025-09-23T01:40:01+08:00
Retrieving speedtest.net configuration...
Testing from FIl Products Service Television Inc (103.105.214.62)...
Retrieving speedtest.net server list...
Selecting best server based on ping...
Hosted by MEGALINK Networks (Sierra Bullones) [120.25 km]: 36.243 ms
Testing download speed................................................................................
Download: 86.60 Mbit/s
Testing upload speed......................................................................................................
Upload: 75.93 Mbit/s
2025-09-23T01:45:01+08:00
Retrieving speedtest.net configuration...
Testing from FIl Products Service Television Inc (103.105.214.62)...
Retrieving speedtest.net server list...
Selecting best server based on ping...
Hosted by MEGALINK Networks (Sierra Bullones) [120.25 km]: 36.442 ms
Testing download speed................................................................................
Download: 89.90 Mbit/s
Testing upload speed......................................................................................................
Upload: 74.91 Mbit/s
2025-09-23T01:50:02+08:00
Retrieving speedtest.net configuration...
Testing from FIl Products Service Television Inc (103.105.214.57)...
Retrieving speedtest.net server list...
Selecting best server based on ping...
Hosted by MEGALINK Networks (Sierra Bullones) [120.25 km]: 40.02 ms
Testing download speed................................................................................
Download: 80.14 Mbit/s
Testing upload speed......................................................................................................
Upload: 72.96 Mbit/s
2025-09-23T01:55:01+08:00
Retrieving speedtest.net configuration...
Testing from FIl Products Service Television Inc (103.105.214.62)...
Retrieving speedtest.net server list...
Selecting best server based on ping...
Hosted by MEGALINK Networks (Sierra Bullones) [120.25 km]: 38.955 ms
Testing download speed................................................................................
Download: 84.10 Mbit/s
Testing upload speed......................................................................................................
Upload: 66.62 Mbit/s
2025-09-23T02:00:01+08:00
Retrieving speedtest.net configuration...
Testing from FIl Products Service Television Inc (103.105.214.57)...
Retrieving speedtest.net server list...
Selecting best server based on ping...
2025-09-23T02:05:01+08:00
Retrieving speedtest.net configuration...
2025-09-23T02:10:01+08:00
Retrieving speedtest.net configuration...
Testing from FIl Products Service Television Inc (103.105.214.57)...
Retrieving speedtest.net server list...
Selecting best server based on ping...
Hosted by MEGALINK Networks (Sierra Bullones) [120.25 km]: 40.724 ms
Testing download speed................................................................................
Download: 70.59 Mbit/s
Testing upload speed......................................................................................................
Upload: 67.98 Mbit/s
2025-09-23T02:15:01+08:00
Retrieving speedtest.net configuration...
Testing from FIl Products Service Television Inc (103.105.214.57)...
Retrieving speedtest.net server list...
Selecting best server based on ping...
Hosted by Zafra Cable Television Network Inc. (Panglao) [57.64 km]: 45.689 ms
Testing download speed................................................................................
Download: 83.81 Mbit/s
Testing upload speed......................................................................................................
Upload: 62.42 Mbit/s
2025-09-23T02:20:01+08:00
Retrieving speedtest.net configuration...
Testing from FIl Products Service Television Inc (103.105.214.62)...
Retrieving speedtest.net server list...
Selecting best server based on ping...
Hosted by MEGALINK Networks (Sierra Bullones) [120.25 km]: 42.205 ms
Testing download speed................................................................................
Download: 79.17 Mbit/s
Testing upload speed......................................................................................................
Upload: 69.79 Mbit/s
2025-09-23T02:25:01+08:00
Retrieving speedtest.net configuration...
Testing from FIl Products Service Television Inc (103.105.214.57)...
Retrieving speedtest.net server list...
Selecting best server based on ping...
Hosted by MEGALINK Networks (Sierra Bullones) [120.25 km]: 36.21 ms
Testing download speed................................................................................
Download: 85.91 Mbit/s
Testing upload speed......................................................................................................
Upload: 63.97 Mbit/s
2025-09-23T02:30:01+08:00
Retrieving speedtest.net configuration...
Testing from FIl Products Service Television Inc (103.105.214.57)...
Retrieving speedtest.net server list...
Selecting best server based on ping...
2025-09-23T02:35:01+08:00
Retrieving speedtest.net configuration...
Testing from FIl Products Service Television Inc (103.105.214.62)...
Retrieving speedtest.net server list...
Selecting best server based on ping...
Hosted by MEGALINK Networks (Sierra Bullones) [120.25 km]: 35.727 ms
Testing download speed................................................................................
Download: 84.91 Mbit/s
Testing upload speed......................................................................................................
Upload: 62.93 Mbit/s
2025-09-23T02:40:01+08:00
Retrieving speedtest.net configuration...
Testing from FIl Products Service Television Inc (103.105.214.57)...
Retrieving speedtest.net server list...
Selecting best server based on ping...
Hosted by MEGALINK Networks (Sierra Bullones) [120.25 km]: 37.852 ms
Testing download speed................................................................................
Download: 85.77 Mbit/s
Testing upload speed......................................................................................................
Upload: 74.12 Mbit/s
2025-09-23T02:45:01+08:00
Retrieving speedtest.net configuration...
Testing from FIl Products Service Television Inc (103.105.214.57)...
Retrieving speedtest.net server list...
Selecting best server based on ping...
Hosted by MEGALINK Networks (Sierra Bullones) [120.25 km]: 39.769 ms
Testing download speed................................................................................
Download: 51.19 Mbit/s
Testing upload speed......................................................................................................
Upload: 74.07 Mbit/s
2025-09-23T02:50:01+08:00
Retrieving speedtest.net configuration...
Testing from FIl Products Service Television Inc (103.105.214.62)...
Retrieving speedtest.net server list...
Selecting best server based on ping...
Hosted by Radius Telecoms, Inc. (Cebu City) [126.16 km]: 36.412 ms
Testing download speed................................................................................
Download: 88.14 Mbit/s
Testing upload speed......................................................................................................
Upload: 75.92 Mbit/s
2025-09-23T02:55:01+08:00
Retrieving speedtest.net configuration...
Testing from FIl Products Service Television Inc (103.105.214.57)...
Retrieving speedtest.net server list...
Selecting best server based on ping...
Hosted by Radius Telecoms, Inc. (Cebu City) [126.16 km]: 35.687 ms
Testing download speed................................................................................
Download: 90.12 Mbit/s
Testing upload speed......................................................................................................
Upload: 78.66 Mbit/s
2025-09-23T03:00:01+08:00
Retrieving speedtest.net configuration...
Testing from FIl Products Service Television Inc (103.105.214.62)...
Retrieving speedtest.net server list...
Selecting best server based on ping...
