2025-07-19T00:00:01+08:00
Retrieving speedtest.net configuration...
2025-07-19T00:05:01+08:00
Retrieving speedtest.net configuration...
2025-07-19T00:10:01+08:00
Retrieving speedtest.net configuration...
2025-07-19T00:15:01+08:00
Retrieving speedtest.net configuration...
2025-07-19T00:20:01+08:00
Retrieving speedtest.net configuration...
2025-07-19T00:25:01+08:00
Retrieving speedtest.net configuration...
2025-07-19T00:30:01+08:00
Retrieving speedtest.net configuration...
2025-07-19T00:35:01+08:00
Retrieving speedtest.net configuration...
2025-07-19T00:40:01+08:00
Retrieving speedtest.net configuration...
2025-07-19T00:45:01+08:00
Retrieving speedtest.net configuration...
2025-07-19T01:05:41+08:00
Retrieving speedtest.net configuration...
2025-07-19T01:10:01+08:00
Retrieving speedtest.net configuration...
2025-07-19T01:15:01+08:00
Retrieving speedtest.net configuration...
2025-07-19T01:20:01+08:00
Retrieving speedtest.net configuration...
2025-07-19T01:25:01+08:00
Retrieving speedtest.net configuration...
2025-07-19T01:30:01+08:00
Retrieving speedtest.net configuration...
2025-07-19T01:35:01+08:00
Retrieving speedtest.net configuration...
2025-07-19T01:40:02+08:00
Retrieving speedtest.net configuration...
2025-07-19T01:45:01+08:00
Retrieving speedtest.net configuration...
2025-07-19T01:50:01+08:00
Retrieving speedtest.net configuration...
2025-07-19T01:55:01+08:00
Retrieving speedtest.net configuration...
2025-07-19T02:00:01+08:00
Retrieving speedtest.net configuration...
2025-07-19T02:05:01+08:00
Retrieving speedtest.net configuration...
2025-07-19T02:10:01+08:00
Retrieving speedtest.net configuration...
2025-07-19T02:15:01+08:00
Retrieving speedtest.net configuration...
2025-07-19T02:20:01+08:00
Retrieving speedtest.net configuration...
2025-07-19T02:25:01+08:00
Retrieving speedtest.net configuration...
2025-07-19T02:30:01+08:00
Retrieving speedtest.net configuration...
2025-07-19T02:35:01+08:00
Retrieving speedtest.net configuration...
2025-07-19T02:40:02+08:00
Retrieving speedtest.net configuration...
2025-07-19T02:45:01+08:00
Retrieving speedtest.net configuration...
2025-07-19T07:00:01+08:00
Retrieving speedtest.net configuration...
Testing from FIl Products Service Television Inc (103.105.214.48)...
Retrieving speedtest.net server list...
Selecting best server based on ping...
