2025-05-09T07:05:01-04:00
Retrieving speedtest.net configuration...
2025-05-09T07:10:01-04:00
Retrieving speedtest.net configuration...
Testing from Bell Canada (142.188.145.144)...
Retrieving speedtest.net server list...
Selecting best server based on ping...
Hosted by Bell Canada (Ottawa, ON) [10.76 km]: 4.782 ms
Testing download speed................................................................................
Download: 432.21 Mbit/s
Testing upload speed......................................................................................................
Upload: 372.15 Mbit/s
2025-05-09T07:15:01-04:00
Retrieving speedtest.net configuration...
Testing from Bell Canada (142.188.145.144)...
Retrieving speedtest.net server list...
Selecting best server based on ping...
Hosted by Bell Canada (Ottawa, ON) [10.76 km]: 5.033 ms
Testing download speed................................................................................
Download: 440.04 Mbit/s
Testing upload speed......................................................................................................
Upload: 304.79 Mbit/s
2025-05-09T07:20:01-04:00
Retrieving speedtest.net configuration...
Testing from Bell Canada (142.188.145.144)...
Retrieving speedtest.net server list...
Selecting best server based on ping...
Hosted by Bell Canada (Ottawa, ON) [10.76 km]: 3.751 ms
Testing download speed................................................................................
Download: 395.00 Mbit/s
Testing upload speed......................................................................................................
Upload: 364.89 Mbit/s
2025-05-09T07:25:01-04:00
Retrieving speedtest.net configuration...
Testing from Bell Canada (142.188.145.144)...
Retrieving speedtest.net server list...
Selecting best server based on ping...
Hosted by Bell Canada (Ottawa, ON) [10.76 km]: 4.896 ms
Testing download speed................................................................................
Download: 445.24 Mbit/s
Testing upload speed......................................................................................................
Upload: 359.01 Mbit/s
2025-05-09T07:30:01-04:00
Retrieving speedtest.net configuration...
Testing from Bell Canada (142.188.145.144)...
Retrieving speedtest.net server list...
Selecting best server based on ping...
Hosted by Bell Canada (Ottawa, ON) [10.76 km]: 4.962 ms
Testing download speed................................................................................
Download: 390.16 Mbit/s
Testing upload speed......................................................................................................
Upload: 354.10 Mbit/s
2025-05-09T07:35:01-04:00
Retrieving speedtest.net configuration...
Testing from Bell Canada (142.188.145.144)...
Retrieving speedtest.net server list...
Selecting best server based on ping...
Hosted by Bell Canada (Ottawa, ON) [10.76 km]: 4.862 ms
Testing download speed................................................................................
Download: 428.45 Mbit/s
Testing upload speed......................................................................................................
Upload: 375.69 Mbit/s
2025-05-09T07:40:01-04:00
Retrieving speedtest.net configuration...
Testing from Bell Canada (142.188.145.144)...
Retrieving speedtest.net server list...
Selecting best server based on ping...
Hosted by Bell Canada (Ottawa, ON) [10.76 km]: 5.0 ms
Testing download speed................................................................................
Download: 434.97 Mbit/s
Testing upload speed......................................................................................................
Upload: 276.42 Mbit/s
2025-05-09T07:45:01-04:00
Retrieving speedtest.net configuration...
Testing from Bell Canada (142.188.145.144)...
Retrieving speedtest.net server list...
Selecting best server based on ping...
Hosted by Bell Canada (Ottawa, ON) [10.76 km]: 4.371 ms
Testing download speed................................................................................
Download: 439.68 Mbit/s
Testing upload speed......................................................................................................
Upload: 357.27 Mbit/s
2025-05-09T07:50:01-04:00
Retrieving speedtest.net configuration...
Testing from Bell Canada (142.188.145.144)...
Retrieving speedtest.net server list...
Selecting best server based on ping...
Hosted by Bell Canada (Ottawa, ON) [10.76 km]: 4.862 ms
Testing download speed................................................................................
Download: 425.22 Mbit/s
Testing upload speed......................................................................................................
Upload: 365.47 Mbit/s
2025-05-09T07:55:01-04:00
Retrieving speedtest.net configuration...
Testing from Bell Canada (142.188.145.144)...
Retrieving speedtest.net server list...
Selecting best server based on ping...
Hosted by Bell Canada (Ottawa, ON) [10.76 km]: 4.767 ms
Testing download speed................................................................................
Download: 392.89 Mbit/s
Testing upload speed......................................................................................................
Upload: 334.09 Mbit/s
2025-05-09T08:00:01-04:00
Retrieving speedtest.net configuration...
Testing from Bell Canada (142.188.145.144)...
Retrieving speedtest.net server list...
Selecting best server based on ping...
