2025-06-24T00:00:01+08:00
Retrieving speedtest.net configuration...
Testing from FIl Products Service Television Inc (103.105.214.49)...
Retrieving speedtest.net server list...
Selecting best server based on ping...
2025-06-24T00:05:01+08:00
Retrieving speedtest.net configuration...
2025-06-24T00:10:01+08:00
Retrieving speedtest.net configuration...
Testing from FIl Products Service Television Inc (103.105.214.49)...
Retrieving speedtest.net server list...
Selecting best server based on ping...
Hosted by PLDT (Makati) [634.17 km]: 18.074 ms
Testing download speed................................................................................
Download: 199.48 Mbit/s
Testing upload speed......................................................................................................
Upload: 323.63 Mbit/s
2025-06-24T00:15:01+08:00
Retrieving speedtest.net configuration...
Testing from FIl Products Service Television Inc (103.105.214.49)...
Retrieving speedtest.net server list...
Selecting best server based on ping...
Hosted by PLDT (Makati) [634.17 km]: 19.274 ms
Testing download speed................................................................................
Download: 163.68 Mbit/s
Testing upload speed......................................................................................................
Upload: 328.19 Mbit/s
2025-06-24T00:20:02+08:00
Retrieving speedtest.net configuration...
Testing from FIl Products Service Television Inc (103.105.214.54)...
Retrieving speedtest.net server list...
Selecting best server based on ping...
Hosted by PLDT (Makati) [634.17 km]: 16.772 ms
Testing download speed................................................................................
Download: 149.25 Mbit/s
Testing upload speed......................................................................................................
Upload: 305.11 Mbit/s
2025-06-24T00:25:01+08:00
Retrieving speedtest.net configuration...
Testing from FIl Products Service Television Inc (103.105.214.49)...
Retrieving speedtest.net server list...
Selecting best server based on ping...
Hosted by PLDT (Makati) [634.17 km]: 17.275 ms
Testing download speed................................................................................
Download: 151.47 Mbit/s
Testing upload speed......................................................................................................
Upload: 347.59 Mbit/s
2025-06-24T00:30:01+08:00
Retrieving speedtest.net configuration...
Testing from FIl Products Service Television Inc (103.105.214.49)...
Retrieving speedtest.net server list...
Selecting best server based on ping...
2025-06-24T00:35:01+08:00
Retrieving speedtest.net configuration...
Testing from FIl Products Service Television Inc (103.105.214.54)...
Retrieving speedtest.net server list...
Selecting best server based on ping...
Hosted by PLDT (Makati) [634.17 km]: 17.143 ms
Testing download speed................................................................................
Download: 169.68 Mbit/s
Testing upload speed......................................................................................................
Upload: 325.30 Mbit/s
2025-06-24T00:40:01+08:00
Retrieving speedtest.net configuration...
Testing from FIl Products Service Television Inc (103.105.214.49)...
Retrieving speedtest.net server list...
Selecting best server based on ping...
Hosted by PLDT (Makati) [634.17 km]: 17.423 ms
Testing download speed................................................................................
Download: 164.72 Mbit/s
Testing upload speed......................................................................................................
Upload: 309.43 Mbit/s
2025-06-24T00:45:01+08:00
Retrieving speedtest.net configuration...
Testing from FIl Products Service Television Inc (103.105.214.54)...
Retrieving speedtest.net server list...
Selecting best server based on ping...
Hosted by PLDT (Makati) [634.17 km]: 16.717 ms
Testing download speed................................................................................
Download: 201.07 Mbit/s
Testing upload speed......................................................................................................
Upload: 300.84 Mbit/s
2025-06-24T00:50:01+08:00
Retrieving speedtest.net configuration...
Testing from FIl Products Service Television Inc (103.105.214.54)...
Retrieving speedtest.net server list...
Selecting best server based on ping...
Hosted by PLDT (Makati) [634.17 km]: 18.827 ms
Testing download speed................................................................................
Download: 175.49 Mbit/s
Testing upload speed......................................................................................................
Upload: 332.59 Mbit/s
2025-06-24T00:55:01+08:00
Retrieving speedtest.net configuration...
Testing from FIl Products Service Television Inc (103.105.214.49)...
Retrieving speedtest.net server list...
Selecting best server based on ping...
Hosted by PLDT (Makati) [634.17 km]: 17.135 ms
Testing download speed................................................................................
Download: 131.23 Mbit/s
Testing upload speed......................................................................................................
Upload: 288.02 Mbit/s
2025-06-24T01:00:01+08:00
Retrieving speedtest.net configuration...
Testing from FIl Products Service Television Inc (103.105.214.49)...
Retrieving speedtest.net server list...
Selecting best server based on ping...
