2025-04-13T00:00:01+08:00
Retrieving speedtest.net configuration...
Testing from FIl Products Service Television Inc (103.105.214.52)...
Retrieving speedtest.net server list...
Selecting best server based on ping...
2025-04-13T00:05:01+08:00
Retrieving speedtest.net configuration...
2025-04-13T00:10:01+08:00
Retrieving speedtest.net configuration...
Testing from FIl Products Service Television Inc (103.105.214.52)...
Retrieving speedtest.net server list...
Selecting best server based on ping...
Hosted by DCTV Cable Network (Cebu City) [128.48 km]: 38.289 ms
Testing download speed................................................................................
Download: 110.29 Mbit/s
Testing upload speed......................................................................................................
Upload: 100.57 Mbit/s
2025-04-13T00:15:01+08:00
Retrieving speedtest.net configuration...
Testing from FIl Products Service Television Inc (103.105.214.52)...
Retrieving speedtest.net server list...
Selecting best server based on ping...
Hosted by DCTV Cable Network (Cebu City) [128.48 km]: 38.521 ms
Testing download speed................................................................................
Download: 111.02 Mbit/s
Testing upload speed......................................................................................................
Upload: 120.88 Mbit/s
2025-04-13T00:20:01+08:00
Retrieving speedtest.net configuration...
Testing from FIl Products Service Television Inc (103.105.214.61)...
Retrieving speedtest.net server list...
Selecting best server based on ping...
Hosted by DCTV Cable Network (Cebu City) [128.48 km]: 39.245 ms
Testing download speed................................................................................
Download: 103.07 Mbit/s
Testing upload speed......................................................................................................
Upload: 100.19 Mbit/s
2025-04-13T00:25:01+08:00
Retrieving speedtest.net configuration...
Testing from FIl Products Service Television Inc (103.105.214.61)...
Retrieving speedtest.net server list...
Selecting best server based on ping...
Hosted by DCTV Cable Network (Cebu City) [128.48 km]: 39.143 ms
Testing download speed................................................................................
Download: 99.96 Mbit/s
Testing upload speed......................................................................................................
Upload: 108.04 Mbit/s
2025-04-13T00:30:01+08:00
Retrieving speedtest.net configuration...
Testing from FIl Products Service Television Inc (103.105.214.61)...
Retrieving speedtest.net server list...
Selecting best server based on ping...
2025-04-13T00:35:01+08:00
Retrieving speedtest.net configuration...
2025-04-13T00:40:01+08:00
Retrieving speedtest.net configuration...
Testing from FIl Products Service Television Inc (103.105.214.52)...
Retrieving speedtest.net server list...
Selecting best server based on ping...
Hosted by DCTV Cable Network (Cebu City) [128.48 km]: 56.027 ms
Testing download speed................................................................................
Download: 98.91 Mbit/s
Testing upload speed......................................................................................................
Upload: 92.64 Mbit/s
2025-04-13T00:45:01+08:00
Retrieving speedtest.net configuration...
Testing from FIl Products Service Television Inc (103.105.214.61)...
Retrieving speedtest.net server list...
Selecting best server based on ping...
Hosted by DCTV Cable Network (Cebu City) [128.48 km]: 38.558 ms
Testing download speed................................................................................
Download: 79.10 Mbit/s
Testing upload speed......................................................................................................
Upload: 118.69 Mbit/s
2025-04-13T00:50:01+08:00
Retrieving speedtest.net configuration...
Testing from FIl Products Service Television Inc (103.105.214.61)...
Retrieving speedtest.net server list...
Selecting best server based on ping...
Hosted by DCTV Cable Network (Cebu City) [128.48 km]: 38.771 ms
Testing download speed................................................................................
Download: 105.95 Mbit/s
Testing upload speed......................................................................................................
Upload: 101.08 Mbit/s
2025-04-13T00:55:01+08:00
Retrieving speedtest.net configuration...
Testing from FIl Products Service Television Inc (103.105.214.61)...
Retrieving speedtest.net server list...
Selecting best server based on ping...
Hosted by Fil Products Negros (Dumaguete City) [0.00 km]: 14.914 ms
Testing download speed................................................................................
Download: 143.31 Mbit/s
Testing upload speed......................................................................................................
Upload: 127.24 Mbit/s
2025-04-13T01:00:01+08:00
Retrieving speedtest.net configuration...
Testing from FIl Products Service Television Inc (103.105.214.52)...
Retrieving speedtest.net server list...
Selecting best server based on ping...
