2025-06-20T00:00:01+08:00
Retrieving speedtest.net configuration...
Testing from FIl Products Service Television Inc (103.105.214.57)...
Retrieving speedtest.net server list...
Selecting best server based on ping...
2025-06-20T00:05:01+08:00
Retrieving speedtest.net configuration...
2025-06-20T00:10:01+08:00
Retrieving speedtest.net configuration...
Testing from FIl Products Service Television Inc (103.105.214.57)...
Retrieving speedtest.net server list...
Selecting best server based on ping...
Hosted by Infinivan, Inc. (Makati City) [634.17 km]: 34.682 ms
Testing download speed................................................................................
Download: 172.46 Mbit/s
Testing upload speed......................................................................................................
Upload: 349.29 Mbit/s
2025-06-20T00:15:01+08:00
Retrieving speedtest.net configuration...
Testing from FIl Products Service Television Inc (103.105.214.57)...
Retrieving speedtest.net server list...
Selecting best server based on ping...
Hosted by DITO (Makati City) [634.17 km]: 32.708 ms
Testing download speed................................................................................
Download: 109.13 Mbit/s
Testing upload speed......................................................................................................
Upload: 291.08 Mbit/s
2025-06-20T00:20:01+08:00
Retrieving speedtest.net configuration...
Testing from FIl Products Service Television Inc (103.105.214.62)...
Retrieving speedtest.net server list...
Selecting best server based on ping...
Hosted by DITO (Makati City) [634.17 km]: 36.781 ms
Testing download speed................................................................................
Download: 157.17 Mbit/s
Testing upload speed......................................................................................................
Upload: 252.29 Mbit/s
2025-06-20T00:25:01+08:00
Retrieving speedtest.net configuration...
Testing from FIl Products Service Television Inc (103.105.214.62)...
Retrieving speedtest.net server list...
Selecting best server based on ping...
Hosted by DITO (Makati City) [634.17 km]: 39.308 ms
Testing download speed................................................................................
Download: 140.62 Mbit/s
Testing upload speed......................................................................................................
Upload: 240.67 Mbit/s
2025-06-20T00:30:01+08:00
Retrieving speedtest.net configuration...
Testing from FIl Products Service Television Inc (103.105.214.62)...
Retrieving speedtest.net server list...
Selecting best server based on ping...
2025-06-20T00:35:01+08:00
Retrieving speedtest.net configuration...
2025-06-20T00:40:01+08:00
Retrieving speedtest.net configuration...
Testing from FIl Products Service Television Inc (103.105.214.57)...
Retrieving speedtest.net server list...
Selecting best server based on ping...
Hosted by DITO (Makati City) [634.17 km]: 37.56 ms
Testing download speed................................................................................
Download: 151.10 Mbit/s
Testing upload speed......................................................................................................
Upload: 263.26 Mbit/s
2025-06-20T00:45:01+08:00
Retrieving speedtest.net configuration...
Testing from FIl Products Service Television Inc (103.105.214.62)...
Retrieving speedtest.net server list...
Selecting best server based on ping...
Hosted by FiberBro (Makati) [633.45 km]: 38.365 ms
Testing download speed................................................................................
Download: 113.31 Mbit/s
Testing upload speed......................................................................................................
Upload: 74.74 Mbit/s
2025-06-20T00:50:01+08:00
Retrieving speedtest.net configuration...
Testing from FIl Products Service Television Inc (103.105.214.57)...
Retrieving speedtest.net server list...
Selecting best server based on ping...
Hosted by FiberBro (Makati) [633.45 km]: 30.419 ms
Testing download speed................................................................................
Download: 151.80 Mbit/s
Testing upload speed......................................................................................................
Upload: 369.78 Mbit/s
2025-06-20T00:55:01+08:00
Retrieving speedtest.net configuration...
Testing from FIl Products Service Television Inc (103.105.214.57)...
Retrieving speedtest.net server list...
Selecting best server based on ping...
Hosted by DITO (Makati City) [634.17 km]: 35.104 ms
Testing download speed................................................................................
Download: 133.59 Mbit/s
Testing upload speed......................................................................................................
Upload: 260.88 Mbit/s
2025-06-20T01:00:02+08:00
Retrieving speedtest.net configuration...
Testing from FIl Products Service Television Inc (103.105.214.62)...
Retrieving speedtest.net server list...
Selecting best server based on ping...
