2025-05-17T09:30:01-04:00
Retrieving speedtest.net configuration...
Testing from Bell Canada (142.188.145.144)...
Retrieving speedtest.net server list...
Selecting best server based on ping...
Hosted by Bell Canada (Ottawa, ON) [10.76 km]: 8.391 ms
Testing download speed................................................................................
Download: 378.07 Mbit/s
Testing upload speed......................................................................................................
Upload: 255.92 Mbit/s
2025-05-17T09:35:01-04:00
Retrieving speedtest.net configuration...
Testing from Bell Canada (142.188.145.144)...
Retrieving speedtest.net server list...
Selecting best server based on ping...
Hosted by Bell Canada (Ottawa, ON) [10.76 km]: 4.605 ms
Testing download speed................................................................................
Download: 371.17 Mbit/s
Testing upload speed......................................................................................................
Upload: 259.78 Mbit/s
2025-05-17T09:40:01-04:00
Retrieving speedtest.net configuration...
Testing from Bell Canada (142.188.145.144)...
Retrieving speedtest.net server list...
Selecting best server based on ping...
Hosted by Bell Canada (Ottawa, ON) [10.76 km]: 4.453 ms
Testing download speed................................................................................
Download: 400.51 Mbit/s
Testing upload speed......................................................................................................
Upload: 267.11 Mbit/s
2025-05-17T09:45:01-04:00
Retrieving speedtest.net configuration...
Testing from Bell Canada (142.188.145.144)...
Retrieving speedtest.net server list...
Selecting best server based on ping...
Hosted by Bell Canada (Ottawa, ON) [10.76 km]: 4.148 ms
Testing download speed................................................................................
Download: 399.59 Mbit/s
Testing upload speed......................................................................................................
Upload: 264.54 Mbit/s
2025-05-17T09:50:01-04:00
Retrieving speedtest.net configuration...
Testing from Bell Canada (142.188.145.144)...
Retrieving speedtest.net server list...
Selecting best server based on ping...
Hosted by Bell Canada (Ottawa, ON) [10.76 km]: 4.874 ms
Testing download speed................................................................................
Download: 395.30 Mbit/s
Testing upload speed......................................................................................................
Upload: 264.15 Mbit/s
2025-05-17T09:55:01-04:00
Retrieving speedtest.net configuration...
Testing from Bell Canada (142.188.145.144)...
Retrieving speedtest.net server list...
Selecting best server based on ping...
Hosted by Bell Canada (Ottawa, ON) [10.76 km]: 3.894 ms
Testing download speed................................................................................
Download: 403.17 Mbit/s
Testing upload speed......................................................................................................
Upload: 261.40 Mbit/s
2025-05-17T10:00:01-04:00
Retrieving speedtest.net configuration...
Testing from Bell Canada (142.188.145.144)...
Retrieving speedtest.net server list...
Selecting best server based on ping...
Hosted by Bell Canada (Ottawa, ON) [10.76 km]: 4.415 ms
Testing download speed................................................................................
Download: 390.43 Mbit/s
Testing upload speed......................................................................................................
Upload: 260.01 Mbit/s
2025-05-17T10:05:01-04:00
Retrieving speedtest.net configuration...
2025-05-17T10:10:01-04:00
Retrieving speedtest.net configuration...
Testing from Bell Canada (142.188.145.144)...
Retrieving speedtest.net server list...
Selecting best server based on ping...
Hosted by Bell Canada (Ottawa, ON) [10.76 km]: 4.586 ms
Testing download speed................................................................................
Download: 387.16 Mbit/s
Testing upload speed......................................................................................................
Upload: 262.27 Mbit/s
2025-05-17T10:15:01-04:00
Retrieving speedtest.net configuration...
Testing from Bell Canada (142.188.145.144)...
Retrieving speedtest.net server list...
Selecting best server based on ping...
Hosted by Bell Canada (Ottawa, ON) [10.76 km]: 4.393 ms
Testing download speed................................................................................
Download: 415.04 Mbit/s
Testing upload speed......................................................................................................
Upload: 264.68 Mbit/s
2025-05-17T10:20:01-04:00
Retrieving speedtest.net configuration...
Testing from Bell Canada (142.188.145.144)...
Retrieving speedtest.net server list...
Selecting best server based on ping...
Hosted by Bell Canada (Ottawa, ON) [10.76 km]: 3.764 ms
Testing download speed................................................................................
Download: 391.51 Mbit/s
Testing upload speed......................................................................................................
Upload: 296.12 Mbit/s
2025-05-17T10:25:01-04:00
Retrieving speedtest.net configuration...
Testing from Bell Canada (142.188.145.144)...
Retrieving speedtest.net server list...
Selecting best server based on ping...
Hosted by Bell Canada (Ottawa, ON) [10.76 km]: 4.552 ms
Testing download speed................................................................................
Download: 417.30 Mbit/s
Testing upload speed......................................................................................................
Upload: 373.73 Mbit/s
2025-05-17T10:30:01-04:00
Retrieving speedtest.net configuration...
Testing from Bell Canada (142.188.145.144)...
Retrieving speedtest.net server list...
Selecting best server based on ping...
Hosted by Bell Canada (Ottawa, ON) [10.76 km]: 4.678 ms
Testing download speed................................................................................
Download: 442.08 Mbit/s
Testing upload speed......................................................................................................
Upload: 364.33 Mbit/s
2025-05-17T10:35:01-04:00
Retrieving speedtest.net configuration...
Testing from Bell Canada (142.188.145.144)...
Retrieving speedtest.net server list...
Selecting best server based on ping...
Hosted by Bell Canada (Ottawa, ON) [10.76 km]: 4.673 ms
Testing download speed................................................................................
Download: 438.89 Mbit/s
Testing upload speed......................................................................................................
Upload: 363.97 Mbit/s
2025-05-17T10:40:01-04:00
Retrieving speedtest.net configuration...
Testing from Bell Canada (142.188.145.144)...
Retrieving speedtest.net server list...
Selecting best server based on ping...
Hosted by Bell Canada (Ottawa, ON) [10.76 km]: 4.854 ms
Testing download speed................................................................................
Download: 429.18 Mbit/s
Testing upload speed......................................................................................................
Upload: 322.81 Mbit/s
2025-05-17T10:45:01-04:00
Retrieving speedtest.net configuration...
Testing from Bell Canada (142.188.145.144)...
Retrieving speedtest.net server list...
Selecting best server based on ping...
Hosted by Bell Canada (Ottawa, ON) [10.76 km]: 4.844 ms
Testing download speed................................................................................
Download: 439.71 Mbit/s
Testing upload speed......................................................................................................
Upload: 348.89 Mbit/s
2025-05-17T10:50:01-04:00
Retrieving speedtest.net configuration...
Testing from Bell Canada (142.188.145.144)...
Retrieving speedtest.net server list...
Selecting best server based on ping...
Hosted by Bell Canada (Ottawa, ON) [10.76 km]: 3.545 ms
Testing download speed................................................................................
Download: 323.96 Mbit/s
Testing upload speed......................................................................................................
Upload: 304.10 Mbit/s
2025-05-17T10:55:01-04:00
Retrieving speedtest.net configuration...
Testing from Bell Canada (142.188.145.144)...
Retrieving speedtest.net server list...
Selecting best server based on ping...
Hosted by Bell Canada (Ottawa, ON) [10.76 km]: 4.66 ms
Testing download speed................................................................................
Download: 409.70 Mbit/s
Testing upload speed......................................................................................................
Upload: 341.28 Mbit/s
2025-05-17T11:00:01-04:00
Retrieving speedtest.net configuration...
Testing from Bell Canada (142.188.145.144)...
Retrieving speedtest.net server list...
Selecting best server based on ping...
Hosted by Bell Canada (Ottawa, ON) [10.76 km]: 3.76 ms
Testing download speed................................................................................
Download: 359.10 Mbit/s
Testing upload speed......................................................................................................
Upload: 288.99 Mbit/s
2025-05-17T11:05:01-04:00
Retrieving speedtest.net configuration...
2025-05-17T11:10:01-04:00
Retrieving speedtest.net configuration...
Testing from Bell Canada (142.188.145.144)...
Retrieving speedtest.net server list...
Selecting best server based on ping...
Hosted by Bell Canada (Ottawa, ON) [10.76 km]: 5.709 ms
Testing download speed................................................................................
Download: 401.80 Mbit/s
Testing upload speed......................................................................................................
Upload: 286.01 Mbit/s
2025-05-17T11:15:01-04:00
Retrieving speedtest.net configuration...
Testing from Bell Canada (142.188.145.144)...
Retrieving speedtest.net server list...
Selecting best server based on ping...
Hosted by Bell Canada (Ottawa, ON) [10.76 km]: 3.887 ms
Testing download speed................................................................................
Download: 406.10 Mbit/s
Testing upload speed......................................................................................................
Upload: 338.59 Mbit/s
2025-05-17T11:20:01-04:00
Retrieving speedtest.net configuration...
Testing from Bell Canada (142.188.145.144)...
Retrieving speedtest.net server list...
Selecting best server based on ping...
Hosted by Bell Canada (Ottawa, ON) [10.76 km]: 4.94 ms
Testing download speed................................................................................
Download: 423.62 Mbit/s
Testing upload speed......................................................................................................
Upload: 341.45 Mbit/s
2025-05-17T11:25:01-04:00
Retrieving speedtest.net configuration...
Testing from Bell Canada (142.188.145.144)...
Retrieving speedtest.net server list...
Selecting best server based on ping...
Hosted by Bell Canada (Ottawa, ON) [10.76 km]: 6.32 ms
Testing download speed................................................................................
Download: 395.16 Mbit/s
Testing upload speed......................................................................................................
Upload: 330.59 Mbit/s
2025-05-17T11:30:01-04:00
Retrieving speedtest.net configuration...
Testing from Bell Canada (142.188.145.144)...
Retrieving speedtest.net server list...
Selecting best server based on ping...
Hosted by Bell Canada (Ottawa, ON) [10.76 km]: 4.687 ms
Testing download speed................................................................................
Download: 404.73 Mbit/s
Testing upload speed......................................................................................................
Upload: 358.93 Mbit/s
2025-05-17T11:35:01-04:00
Retrieving speedtest.net configuration...
Testing from Bell Canada (142.188.145.144)...
Retrieving speedtest.net server list...
Selecting best server based on ping...
Hosted by Bell Canada (Ottawa, ON) [10.76 km]: 4.503 ms
Testing download speed................................................................................
Download: 431.10 Mbit/s
Testing upload speed......................................................................................................
Upload: 350.16 Mbit/s
2025-05-17T11:40:01-04:00
Retrieving speedtest.net configuration...
Testing from Bell Canada (142.188.145.144)...
Retrieving speedtest.net server list...
Selecting best server based on ping...
Hosted by Bell Canada (Ottawa, ON) [10.76 km]: 5.551 ms
Testing download speed................................................................................
Download: 418.88 Mbit/s
Testing upload speed......................................................................................................
Upload: 351.94 Mbit/s
2025-05-17T11:45:01-04:00
Retrieving speedtest.net configuration...
Testing from Bell Canada (142.188.145.144)...
Retrieving speedtest.net server list...
Selecting best server based on ping...
Hosted by Bell Canada (Ottawa, ON) [10.76 km]: 4.445 ms
Testing download speed................................................................................
Download: 418.72 Mbit/s
Testing upload speed......................................................................................................
Upload: 365.58 Mbit/s
2025-05-17T11:50:01-04:00
Retrieving speedtest.net configuration...
Testing from Bell Canada (142.188.145.144)...
Retrieving speedtest.net server list...
Selecting best server based on ping...
Hosted by Bell Canada (Ottawa, ON) [10.76 km]: 4.264 ms
Testing download speed................................................................................
Download: 419.61 Mbit/s
Testing upload speed......................................................................................................
Upload: 343.74 Mbit/s
2025-05-17T11:55:01-04:00
Retrieving speedtest.net configuration...
Testing from Bell Canada (142.188.145.144)...
Retrieving speedtest.net server list...
Selecting best server based on ping...
Hosted by Bell Canada (Ottawa, ON) [10.76 km]: 4.68 ms
Testing download speed................................................................................
Download: 410.15 Mbit/s
Testing upload speed......................................................................................................
Upload: 345.09 Mbit/s
2025-05-17T12:00:01-04:00
Retrieving speedtest.net configuration...
Testing from Bell Canada (142.188.145.144)...
Retrieving speedtest.net server list...
Selecting best server based on ping...
Hosted by Bell Canada (Ottawa, ON) [10.76 km]: 4.474 ms
Testing download speed................................................................................
Download: 421.42 Mbit/s
Testing upload speed......................................................................................................
Upload: 356.65 Mbit/s
2025-05-17T12:05:01-04:00
Retrieving speedtest.net configuration...
2025-05-17T12:10:01-04:00
Retrieving speedtest.net configuration...
Testing from Bell Canada (142.188.145.144)...
Retrieving speedtest.net server list...
Selecting best server based on ping...
Hosted by Bell Canada (Ottawa, ON) [10.76 km]: 4.202 ms
Testing download speed................................................................................
Download: 417.86 Mbit/s
Testing upload speed......................................................................................................
Upload: 355.10 Mbit/s
2025-05-17T12:15:01-04:00
Retrieving speedtest.net configuration...
Testing from Bell Canada (142.188.145.144)...
Retrieving speedtest.net server list...
Selecting best server based on ping...
Hosted by Bell Canada (Ottawa, ON) [10.76 km]: 4.564 ms
Testing download speed................................................................................
Download: 379.98 Mbit/s
Testing upload speed......................................................................................................
Upload: 356.78 Mbit/s
2025-05-17T12:20:01-04:00
Retrieving speedtest.net configuration...
Testing from Bell Canada (142.188.145.144)...
Retrieving speedtest.net server list...
Selecting best server based on ping...
Hosted by Bell Canada (Ottawa, ON) [10.76 km]: 5.215 ms
Testing download speed................................................................................
Download: 391.98 Mbit/s
Testing upload speed......................................................................................................
Upload: 351.86 Mbit/s
2025-05-17T12:25:01-04:00
Retrieving speedtest.net configuration...
Testing from Bell Canada (142.188.145.144)...
Retrieving speedtest.net server list...
Selecting best server based on ping...
Hosted by Bell Canada (Ottawa, ON) [10.76 km]: 4.867 ms
Testing download speed................................................................................
Download: 413.98 Mbit/s
Testing upload speed......................................................................................................
Upload: 330.15 Mbit/s
2025-05-17T12:30:01-04:00
Retrieving speedtest.net configuration...
Testing from Bell Canada (142.188.145.144)...
Retrieving speedtest.net server list...
Selecting best server based on ping...
Hosted by Bell Canada (Ottawa, ON) [10.76 km]: 4.428 ms
Testing download speed................................................................................
Download: 431.59 Mbit/s
Testing upload speed......................................................................................................
Upload: 311.10 Mbit/s
2025-05-17T12:35:01-04:00
Retrieving speedtest.net configuration...
Testing from Bell Canada (142.188.145.144)...
Retrieving speedtest.net server list...
Selecting best server based on ping...
Hosted by Bell Canada (Ottawa, ON) [10.76 km]: 5.336 ms
Testing download speed................................................................................
Download: 427.20 Mbit/s
Testing upload speed......................................................................................................
Upload: 362.43 Mbit/s
2025-05-17T12:40:01-04:00
Retrieving speedtest.net configuration...
Testing from Bell Canada (142.188.145.144)...
Retrieving speedtest.net server list...
Selecting best server based on ping...
Hosted by Bell Canada (Kanata, ON) [10.76 km]: 4.686 ms
Testing download speed................................................................................
Download: 418.86 Mbit/s
Testing upload speed......................................................................................................
Upload: 358.11 Mbit/s
2025-05-17T12:45:01-04:00
Retrieving speedtest.net configuration...
Testing from Bell Canada (142.188.145.144)...
Retrieving speedtest.net server list...
Selecting best server based on ping...
Hosted by Bell Canada (Ottawa, ON) [10.76 km]: 4.676 ms
Testing download speed................................................................................
Download: 400.27 Mbit/s
Testing upload speed......................................................................................................
Upload: 356.84 Mbit/s
2025-05-17T12:50:01-04:00
Retrieving speedtest.net configuration...
Testing from Bell Canada (142.188.145.144)...
Retrieving speedtest.net server list...
Selecting best server based on ping...
Hosted by Bell Canada (Kanata, ON) [10.76 km]: 4.834 ms
Testing download speed................................................................................
Download: 438.43 Mbit/s
Testing upload speed......................................................................................................
Upload: 341.35 Mbit/s
2025-05-17T12:55:01-04:00
Retrieving speedtest.net configuration...
Testing from Bell Canada (142.188.145.144)...
Retrieving speedtest.net server list...
Selecting best server based on ping...
Hosted by Bell Canada (Kanata, ON) [10.76 km]: 4.094 ms
Testing download speed................................................................................
Download: 396.26 Mbit/s
Testing upload speed......................................................................................................
Upload: 347.49 Mbit/s
2025-05-17T13:00:01-04:00
Retrieving speedtest.net configuration...
Testing from Bell Canada (142.188.145.144)...
Retrieving speedtest.net server list...
Selecting best server based on ping...
Hosted by Bell Canada (Ottawa, ON) [10.76 km]: 3.823 ms
Testing download speed................................................................................
Download: 375.10 Mbit/s
Testing upload speed......................................................................................................
Upload: 347.15 Mbit/s
2025-05-17T13:05:01-04:00
Retrieving speedtest.net configuration...
2025-05-17T13:10:01-04:00
Retrieving speedtest.net configuration...
Testing from Bell Canada (142.188.145.144)...
Retrieving speedtest.net server list...
Selecting best server based on ping...
Hosted by Bell Canada (Ottawa, ON) [10.76 km]: 4.709 ms
Testing download speed................................................................................
Download: 403.36 Mbit/s
Testing upload speed......................................................................................................
Upload: 328.27 Mbit/s
2025-05-17T13:15:01-04:00
Retrieving speedtest.net configuration...
Testing from Bell Canada (142.188.145.144)...
Retrieving speedtest.net server list...
Selecting best server based on ping...
Hosted by Bell Canada (Ottawa, ON) [10.76 km]: 4.859 ms
Testing download speed................................................................................
Download: 302.35 Mbit/s
Testing upload speed......................................................................................................
Upload: 323.99 Mbit/s
2025-05-17T13:20:01-04:00
Retrieving speedtest.net configuration...
Testing from Bell Canada (142.188.145.144)...
Retrieving speedtest.net server list...
Selecting best server based on ping...
Hosted by Bell Canada (Ottawa, ON) [10.76 km]: 3.989 ms
Testing download speed................................................................................
Download: 440.14 Mbit/s
Testing upload speed......................................................................................................
Upload: 336.79 Mbit/s
2025-05-17T13:25:01-04:00
Retrieving speedtest.net configuration...
Testing from Bell Canada (142.188.145.144)...
Retrieving speedtest.net server list...
Selecting best server based on ping...
Hosted by Bell Canada (Ottawa, ON) [10.76 km]: 6.433 ms
Testing download speed................................................................................
Download: 400.53 Mbit/s
Testing upload speed......................................................................................................
Upload: 331.48 Mbit/s
2025-05-17T13:30:01-04:00
Retrieving speedtest.net configuration...
Testing from Bell Canada (142.188.145.144)...
Retrieving speedtest.net server list...
Selecting best server based on ping...
Hosted by Bell Canada (Ottawa, ON) [10.76 km]: 4.135 ms
Testing download speed................................................................................
Download: 426.92 Mbit/s
Testing upload speed......................................................................................................
Upload: 322.25 Mbit/s
2025-05-17T13:35:01-04:00
Retrieving speedtest.net configuration...
Testing from Bell Canada (142.188.145.144)...
Retrieving speedtest.net server list...
Selecting best server based on ping...
Hosted by Bell Canada (Ottawa, ON) [10.76 km]: 4.684 ms
Testing download speed................................................................................
Download: 424.92 Mbit/s
Testing upload speed......................................................................................................
Upload: 333.66 Mbit/s
2025-05-17T13:40:01-04:00
Retrieving speedtest.net configuration...
Testing from Bell Canada (142.188.145.144)...
Retrieving speedtest.net server list...
Selecting best server based on ping...
Hosted by Bell Canada (Kanata, ON) [10.76 km]: 4.439 ms
Testing download speed................................................................................
Download: 434.41 Mbit/s
Testing upload speed......................................................................................................
Upload: 328.09 Mbit/s
2025-05-17T13:45:01-04:00
Retrieving speedtest.net configuration...
Testing from Bell Canada (142.188.145.144)...
Retrieving speedtest.net server list...
Selecting best server based on ping...
Hosted by Bell Canada (Ottawa, ON) [10.76 km]: 4.23 ms
Testing download speed................................................................................
Download: 432.59 Mbit/s
Testing upload speed......................................................................................................
Upload: 318.02 Mbit/s
2025-05-17T13:50:01-04:00
Retrieving speedtest.net configuration...
Testing from Bell Canada (142.188.145.144)...
Retrieving speedtest.net server list...
Selecting best server based on ping...
Hosted by Bell Canada (Ottawa, ON) [10.76 km]: 4.217 ms
Testing download speed................................................................................
Download: 396.12 Mbit/s
Testing upload speed......................................................................................................
Upload: 315.38 Mbit/s
2025-05-17T13:55:01-04:00
Retrieving speedtest.net configuration...
Testing from Bell Canada (142.188.145.144)...
Retrieving speedtest.net server list...
Selecting best server based on ping...
Hosted by Bell Canada (Ottawa, ON) [10.76 km]: 3.804 ms
Testing download speed................................................................................
Download: 428.49 Mbit/s
Testing upload speed......................................................................................................
Upload: 327.42 Mbit/s
2025-05-17T14:00:01-04:00
Retrieving speedtest.net configuration...
Testing from Bell Canada (142.188.145.144)...
Retrieving speedtest.net server list...
Selecting best server based on ping...
Hosted by Bell Canada (Kanata, ON) [10.76 km]: 4.202 ms
Testing download speed................................................................................
Download: 404.52 Mbit/s
Testing upload speed......................................................................................................
Upload: 321.49 Mbit/s
2025-05-17T14:05:01-04:00
Retrieving speedtest.net configuration...
2025-05-17T14:10:01-04:00
Retrieving speedtest.net configuration...
Testing from Bell Canada (142.188.145.144)...
Retrieving speedtest.net server list...
Selecting best server based on ping...
Hosted by Bell Canada (Kanata, ON) [10.76 km]: 3.887 ms
Testing download speed................................................................................
Download: 443.16 Mbit/s
Testing upload speed......................................................................................................
Upload: 346.86 Mbit/s
2025-05-17T14:15:01-04:00
Retrieving speedtest.net configuration...
Testing from Bell Canada (142.188.145.144)...
Retrieving speedtest.net server list...
Selecting best server based on ping...
Hosted by Bell Canada (Ottawa, ON) [10.76 km]: 4.383 ms
Testing download speed................................................................................
Download: 427.63 Mbit/s
Testing upload speed......................................................................................................
Upload: 352.89 Mbit/s
2025-05-17T14:20:01-04:00
Retrieving speedtest.net configuration...
Testing from Bell Canada (142.188.145.144)...
Retrieving speedtest.net server list...
Selecting best server based on ping...
Hosted by Bell Canada (Ottawa, ON) [10.76 km]: 4.71 ms
Testing download speed................................................................................
Download: 414.11 Mbit/s
Testing upload speed......................................................................................................
Upload: 343.67 Mbit/s
2025-05-17T14:25:01-04:00
Retrieving speedtest.net configuration...
Testing from Bell Canada (142.188.145.144)...
Retrieving speedtest.net server list...
Selecting best server based on ping...
Hosted by Bell Canada (Kanata, ON) [10.76 km]: 4.819 ms
Testing download speed................................................................................
Download: 450.41 Mbit/s
Testing upload speed......................................................................................................
Upload: 341.84 Mbit/s
2025-05-17T14:30:01-04:00
Retrieving speedtest.net configuration...
Testing from Bell Canada (142.188.145.144)...
Retrieving speedtest.net server list...
Selecting best server based on ping...
Hosted by Bell Canada (Ottawa, ON) [10.76 km]: 4.355 ms
Testing download speed................................................................................
Download: 432.32 Mbit/s
Testing upload speed......................................................................................................
Upload: 357.61 Mbit/s
2025-05-17T14:35:01-04:00
Retrieving speedtest.net configuration...
Testing from Bell Canada (142.188.145.144)...
Retrieving speedtest.net server list...
Selecting best server based on ping...
Hosted by Bell Canada (Ottawa, ON) [10.76 km]: 4.223 ms
Testing download speed................................................................................
Download: 432.35 Mbit/s
Testing upload speed......................................................................................................
Upload: 326.17 Mbit/s
2025-05-17T14:40:01-04:00
Retrieving speedtest.net configuration...
Testing from Bell Canada (142.188.145.144)...
Retrieving speedtest.net server list...
Selecting best server based on ping...
Hosted by Bell Canada (Kanata, ON) [10.76 km]: 4.69 ms
Testing download speed................................................................................
Download: 409.76 Mbit/s
Testing upload speed......................................................................................................
Upload: 349.71 Mbit/s
2025-05-17T14:45:01-04:00
Retrieving speedtest.net configuration...
Testing from Bell Canada (142.188.145.144)...
Retrieving speedtest.net server list...
Selecting best server based on ping...
Hosted by Bell Canada (Ottawa, ON) [10.76 km]: 4.689 ms
Testing download speed................................................................................
Download: 435.63 Mbit/s
Testing upload speed......................................................................................................
Upload: 345.02 Mbit/s
2025-05-17T14:50:01-04:00
Retrieving speedtest.net configuration...
Testing from Bell Canada (142.188.145.144)...
Retrieving speedtest.net server list...
Selecting best server based on ping...
Hosted by Bell Canada (Kanata, ON) [10.76 km]: 4.537 ms
Testing download speed................................................................................
Download: 452.58 Mbit/s
Testing upload speed......................................................................................................
Upload: 342.15 Mbit/s
2025-05-17T14:55:01-04:00
Retrieving speedtest.net configuration...
Testing from Bell Canada (142.188.145.144)...
Retrieving speedtest.net server list...
Selecting best server based on ping...
Hosted by Bell Canada (Kanata, ON) [10.76 km]: 4.671 ms
Testing download speed................................................................................
Download: 443.45 Mbit/s
Testing upload speed......................................................................................................
Upload: 336.55 Mbit/s
2025-05-17T15:00:01-04:00
Retrieving speedtest.net configuration...
Testing from Bell Canada (142.188.145.144)...
Retrieving speedtest.net server list...
Selecting best server based on ping...
Hosted by Bell Canada (Ottawa, ON) [10.76 km]: 4.159 ms
Testing download speed................................................................................
Download: 436.04 Mbit/s
Testing upload speed......................................................................................................
Upload: 352.71 Mbit/s
2025-05-17T15:05:01-04:00
Retrieving speedtest.net configuration...
2025-05-17T15:10:01-04:00
Retrieving speedtest.net configuration...
Testing from Bell Canada (142.188.145.144)...
Retrieving speedtest.net server list...
Selecting best server based on ping...
Hosted by Bell Canada (Ottawa, ON) [10.76 km]: 4.521 ms
Testing download speed................................................................................
Download: 411.20 Mbit/s
Testing upload speed......................................................................................................
Upload: 333.89 Mbit/s
2025-05-17T15:15:01-04:00
Retrieving speedtest.net configuration...
Testing from Bell Canada (142.188.145.144)...
Retrieving speedtest.net server list...
Selecting best server based on ping...
Hosted by Bell Canada (Ottawa, ON) [10.76 km]: 4.364 ms
Testing download speed................................................................................
Download: 431.03 Mbit/s
Testing upload speed......................................................................................................
Upload: 345.12 Mbit/s
