2025-05-12T07:10:26-04:00
Retrieving speedtest.net configuration...
Testing from Bell Canada (142.188.145.144)...
Retrieving speedtest.net server list...
Selecting best server based on ping...
Hosted by Bell Canada (Kanata, ON) [10.76 km]: 6.671 ms
Testing download speed................................................................................
Download: 428.73 Mbit/s
Testing upload speed......................................................................................................
Upload: 357.04 Mbit/s
2025-05-12T07:15:01-04:00
Retrieving speedtest.net configuration...
Testing from Bell Canada (142.188.145.144)...
Retrieving speedtest.net server list...
Selecting best server based on ping...
Hosted by Bell Canada (Kanata, ON) [10.76 km]: 4.542 ms
Testing download speed................................................................................
Download: 407.14 Mbit/s
Testing upload speed......................................................................................................
Upload: 320.03 Mbit/s
2025-05-12T07:20:01-04:00
Retrieving speedtest.net configuration...
Testing from Bell Canada (142.188.145.144)...
Retrieving speedtest.net server list...
Selecting best server based on ping...
Hosted by Bell Canada (Ottawa, ON) [10.76 km]: 3.869 ms
Testing download speed................................................................................
Download: 421.71 Mbit/s
Testing upload speed......................................................................................................
Upload: 342.46 Mbit/s
2025-05-12T07:25:01-04:00
Retrieving speedtest.net configuration...
Testing from Bell Canada (142.188.145.144)...
Retrieving speedtest.net server list...
Selecting best server based on ping...
Hosted by Bell Canada (Ottawa, ON) [10.76 km]: 4.479 ms
Testing download speed................................................................................
Download: 423.29 Mbit/s
Testing upload speed......................................................................................................
Upload: 353.52 Mbit/s
2025-05-12T13:25:01-04:00
Retrieving speedtest.net configuration...
Testing from Bell Canada (142.188.145.144)...
Retrieving speedtest.net server list...
Selecting best server based on ping...
Hosted by Rogers Wireless (Cornwall, ON) [78.40 km]: 9.621 ms
Testing download speed................................................................................
Download: 396.32 Mbit/s
Testing upload speed......................................................................................................
Upload: 290.27 Mbit/s
2025-05-12T13:30:01-04:00
Retrieving speedtest.net configuration...
Testing from Bell Canada (142.188.145.144)...
Retrieving speedtest.net server list...
Selecting best server based on ping...
Hosted by Rogers Wireless (Cornwall, ON) [78.40 km]: 8.522 ms
Testing download speed................................................................................
Download: 408.91 Mbit/s
Testing upload speed......................................................................................................
Upload: 299.88 Mbit/s
2025-05-12T13:35:01-04:00
Retrieving speedtest.net configuration...
Testing from Bell Canada (142.188.145.144)...
Retrieving speedtest.net server list...
Selecting best server based on ping...
Hosted by Rogers Wireless (Cornwall, ON) [78.40 km]: 7.131 ms
Testing download speed................................................................................
Download: 410.09 Mbit/s
Testing upload speed......................................................................................................
Upload: 285.78 Mbit/s
2025-05-12T13:40:02-04:00
Retrieving speedtest.net configuration...
Testing from Bell Canada (142.188.145.144)...
Retrieving speedtest.net server list...
Selecting best server based on ping...
Hosted by Rogers Wireless (Cornwall, ON) [78.40 km]: 7.331 ms
Testing download speed................................................................................
Download: 358.79 Mbit/s
Testing upload speed......................................................................................................
Upload: 283.49 Mbit/s
2025-05-12T13:45:01-04:00
Retrieving speedtest.net configuration...
Testing from Bell Canada (142.188.145.144)...
Retrieving speedtest.net server list...
Selecting best server based on ping...
Hosted by Rogers Wireless (Cornwall, ON) [78.40 km]: 8.104 ms
Testing download speed................................................................................
Download: 409.35 Mbit/s
Testing upload speed......................................................................................................
Upload: 252.05 Mbit/s
2025-05-12T13:50:01-04:00
Retrieving speedtest.net configuration...
Testing from Bell Canada (142.188.145.144)...
Retrieving speedtest.net server list...
Selecting best server based on ping...
Hosted by Rogers Wireless (Cornwall, ON) [78.40 km]: 7.667 ms
Testing download speed................................................................................
Download: 403.26 Mbit/s
Testing upload speed......................................................................................................
Upload: 261.48 Mbit/s
2025-05-12T13:55:01-04:00
Retrieving speedtest.net configuration...
Testing from Bell Canada (142.188.145.144)...
Retrieving speedtest.net server list...
Selecting best server based on ping...
Hosted by Rogers Wireless (Cornwall, ON) [78.40 km]: 7.675 ms
Testing download speed................................................................................
Download: 413.68 Mbit/s
Testing upload speed......................................................................................................
Upload: 280.18 Mbit/s
2025-05-12T14:00:01-04:00
Retrieving speedtest.net configuration...
Testing from Bell Canada (142.188.145.144)...
Retrieving speedtest.net server list...
Selecting best server based on ping...
Hosted by Rogers Wireless (Cornwall, ON) [78.40 km]: 7.581 ms
Testing download speed................................................................................
Download: 381.84 Mbit/s
Testing upload speed......................................................................................................
Upload: 286.28 Mbit/s
2025-05-12T14:05:01-04:00
Retrieving speedtest.net configuration...
2025-05-12T14:10:01-04:00
Retrieving speedtest.net configuration...
Testing from Bell Canada (142.188.145.144)...
Retrieving speedtest.net server list...
Selecting best server based on ping...
Hosted by Rogers Wireless (Cornwall, ON) [78.40 km]: 7.675 ms
Testing download speed................................................................................
Download: 414.69 Mbit/s
Testing upload speed......................................................................................................
Upload: 270.74 Mbit/s
2025-05-12T14:15:01-04:00
Retrieving speedtest.net configuration...
Testing from Bell Canada (142.188.145.144)...
Retrieving speedtest.net server list...
Selecting best server based on ping...
Hosted by Rogers Wireless (Cornwall, ON) [78.40 km]: 7.366 ms
Testing download speed................................................................................
Download: 423.53 Mbit/s
Testing upload speed......................................................................................................
Upload: 282.49 Mbit/s
2025-05-12T14:20:01-04:00
Retrieving speedtest.net configuration...
Testing from Bell Canada (142.188.145.144)...
Retrieving speedtest.net server list...
Selecting best server based on ping...
Hosted by Rogers Wireless (Cornwall, ON) [78.40 km]: 7.234 ms
Testing download speed................................................................................
Download: 424.87 Mbit/s
Testing upload speed......................................................................................................
Upload: 290.73 Mbit/s
2025-05-12T14:25:01-04:00
Retrieving speedtest.net configuration...
Testing from Bell Canada (142.188.145.144)...
Retrieving speedtest.net server list...
Selecting best server based on ping...
Hosted by Rogers Wireless (Cornwall, ON) [78.40 km]: 7.171 ms
Testing download speed................................................................................
Download: 445.21 Mbit/s
Testing upload speed......................................................................................................
Upload: 304.40 Mbit/s
2025-05-12T14:30:01-04:00
Retrieving speedtest.net configuration...
Testing from Bell Canada (142.188.145.144)...
Retrieving speedtest.net server list...
Selecting best server based on ping...
Hosted by Rogers Wireless (Cornwall, ON) [78.40 km]: 7.038 ms
Testing download speed................................................................................
Download: 403.17 Mbit/s
Testing upload speed......................................................................................................
Upload: 308.72 Mbit/s
2025-05-12T14:35:01-04:00
Retrieving speedtest.net configuration...
Testing from Bell Canada (142.188.145.144)...
Retrieving speedtest.net server list...
Selecting best server based on ping...
Hosted by Rogers Wireless (Cornwall, ON) [78.40 km]: 7.702 ms
Testing download speed................................................................................
Download: 409.01 Mbit/s
Testing upload speed......................................................................................................
Upload: 301.50 Mbit/s
2025-05-12T14:40:01-04:00
Retrieving speedtest.net configuration...
Testing from Bell Canada (142.188.145.144)...
Retrieving speedtest.net server list...
Selecting best server based on ping...
Hosted by Rogers Wireless (Cornwall, ON) [78.40 km]: 7.907 ms
Testing download speed................................................................................
Download: 408.16 Mbit/s
Testing upload speed......................................................................................................
Upload: 317.17 Mbit/s
2025-05-12T14:45:01-04:00
Retrieving speedtest.net configuration...
Testing from Bell Canada (142.188.145.144)...
Retrieving speedtest.net server list...
Selecting best server based on ping...
Hosted by Rogers Wireless (Cornwall, ON) [78.40 km]: 6.693 ms
Testing download speed................................................................................
Download: 403.97 Mbit/s
Testing upload speed......................................................................................................
Upload: 309.72 Mbit/s
2025-05-12T14:50:01-04:00
Retrieving speedtest.net configuration...
Testing from Bell Canada (142.188.145.144)...
Retrieving speedtest.net server list...
Selecting best server based on ping...
Hosted by Rogers Wireless (Cornwall, ON) [78.40 km]: 7.534 ms
Testing download speed................................................................................
Download: 423.96 Mbit/s
Testing upload speed......................................................................................................
Upload: 308.72 Mbit/s
2025-05-12T14:55:01-04:00
Retrieving speedtest.net configuration...
Testing from Bell Canada (142.188.145.144)...
Retrieving speedtest.net server list...
Selecting best server based on ping...
Hosted by Rogers Wireless (Cornwall, ON) [78.40 km]: 7.513 ms
Testing download speed................................................................................
Download: 429.88 Mbit/s
Testing upload speed......................................................................................................
Upload: 254.24 Mbit/s
2025-05-12T15:00:01-04:00
Retrieving speedtest.net configuration...
Testing from Bell Canada (142.188.145.144)...
Retrieving speedtest.net server list...
Selecting best server based on ping...
