2025-03-18T15:25:01+08:00
Retrieving speedtest.net configuration...
Testing from FIl Products Service Television Inc (103.105.214.59)...
Retrieving speedtest.net server list...
Selecting best server based on ping...
Hosted by Globe Telecom (Cagayan de Oro) [173.41 km]: 25.424 ms
Testing download speed................................................................................
Download: 199.54 Mbit/s
Testing upload speed......................................................................................................
Upload: 244.07 Mbit/s
2025-03-18T15:30:01+08:00
Retrieving speedtest.net configuration...
Testing from FIl Products Service Television Inc (103.105.214.59)...
Retrieving speedtest.net server list...
Selecting best server based on ping...
2025-03-18T15:35:01+08:00
Retrieving speedtest.net configuration...
2025-03-18T15:40:01+08:00
Retrieving speedtest.net configuration...
Testing from FIl Products Service Television Inc (103.105.214.59)...
Retrieving speedtest.net server list...
Selecting best server based on ping...
Hosted by Globe Telecom (Cagayan de Oro) [173.41 km]: 27.986 ms
Testing download speed................................................................................
Download: 192.12 Mbit/s
Testing upload speed......................................................................................................
Upload: 235.72 Mbit/s
2025-03-18T15:45:01+08:00
Retrieving speedtest.net configuration...
Testing from FIl Products Service Television Inc (103.105.214.58)...
Retrieving speedtest.net server list...
Selecting best server based on ping...
Hosted by Globe Telecom (Cagayan de Oro) [173.41 km]: 23.985 ms
Testing download speed................................................................................
Download: 191.85 Mbit/s
Testing upload speed......................................................................................................
Upload: 234.73 Mbit/s
2025-03-18T15:50:01+08:00
Retrieving speedtest.net configuration...
Testing from FIl Products Service Television Inc (103.105.214.58)...
Retrieving speedtest.net server list...
Selecting best server based on ping...
Hosted by Globe Telecom (Cagayan de Oro) [173.41 km]: 25.877 ms
Testing download speed................................................................................
Download: 195.37 Mbit/s
Testing upload speed......................................................................................................
Upload: 189.17 Mbit/s
2025-03-18T15:55:01+08:00
Retrieving speedtest.net configuration...
Testing from FIl Products Service Television Inc (103.105.214.59)...
Retrieving speedtest.net server list...
Selecting best server based on ping...
Hosted by Globe Telecom (Cagayan de Oro) [173.41 km]: 23.775 ms
Testing download speed................................................................................
Download: 203.27 Mbit/s
Testing upload speed......................................................................................................
Upload: 209.76 Mbit/s
2025-03-18T16:00:01+08:00
Retrieving speedtest.net configuration...
Testing from FIl Products Service Television Inc (103.105.214.58)...
Retrieving speedtest.net server list...
Selecting best server based on ping...
