2025-08-20T00:00:01+08:00
Retrieving speedtest.net configuration...
Testing from FIl Products Service Television Inc (103.105.214.53)...
Retrieving speedtest.net server list...
Selecting best server based on ping...
2025-08-20T00:05:01+08:00
Retrieving speedtest.net configuration...
2025-08-20T00:10:01+08:00
Retrieving speedtest.net configuration...
Testing from FIl Products Service Television Inc (103.105.214.53)...
Retrieving speedtest.net server list...
Selecting best server based on ping...
Hosted by FiberBro (Makati) [633.45 km]: 37.448 ms
Testing download speed................................................................................
Download: 150.32 Mbit/s
Testing upload speed......................................................................................................
Upload: 121.05 Mbit/s
2025-08-20T00:15:01+08:00
Retrieving speedtest.net configuration...
Testing from FIl Products Service Television Inc (103.105.214.53)...
Retrieving speedtest.net server list...
Selecting best server based on ping...
Hosted by FiberBro (Makati) [633.45 km]: 57.264 ms
Testing download speed................................................................................
Download: 158.93 Mbit/s
Testing upload speed......................................................................................................
Upload: 61.96 Mbit/s
2025-08-20T00:20:01+08:00
Retrieving speedtest.net configuration...
Testing from FIl Products Service Television Inc (103.105.214.53)...
Retrieving speedtest.net server list...
Selecting best server based on ping...
Hosted by FiberBro (Makati) [633.45 km]: 38.185 ms
Testing download speed................................................................................
Download: 110.99 Mbit/s
Testing upload speed......................................................................................................
Upload: 14.43 Mbit/s
2025-08-20T00:25:01+08:00
Retrieving speedtest.net configuration...
Testing from FIl Products Service Television Inc (103.105.214.53)...
Retrieving speedtest.net server list...
Selecting best server based on ping...
Hosted by FiberBro (Makati) [633.45 km]: 33.179 ms
Testing download speed................................................................................
Download: 67.48 Mbit/s
Testing upload speed......................................................................................................
Upload: 133.33 Mbit/s
2025-08-20T00:30:01+08:00
Retrieving speedtest.net configuration...
Testing from FIl Products Service Television Inc (103.105.214.53)...
Retrieving speedtest.net server list...
Selecting best server based on ping...
2025-08-20T00:35:01+08:00
Retrieving speedtest.net configuration...
Testing from FIl Products Service Television Inc (103.105.214.53)...
Retrieving speedtest.net server list...
Selecting best server based on ping...
Hosted by FiberBro (Makati) [633.45 km]: 38.484 ms
Testing download speed................................................................................
Download: 170.43 Mbit/s
Testing upload speed......................................................................................................
Upload: 122.93 Mbit/s
2025-08-20T00:40:01+08:00
Retrieving speedtest.net configuration...
Testing from FIl Products Service Television Inc (103.105.214.54)...
Retrieving speedtest.net server list...
Selecting best server based on ping...
Hosted by AirDan Networks (Makati) [633.45 km]: 57.704 ms
Testing download speed................................................................................
Download: 143.52 Mbit/s
Testing upload speed......................................................................................................
Upload: 301.11 Mbit/s
2025-08-20T00:45:01+08:00
Retrieving speedtest.net configuration...
Testing from FIl Products Service Television Inc (103.105.214.53)...
Retrieving speedtest.net server list...
Selecting best server based on ping...
Hosted by Data-Beam Business Solution (Makati City) [633.45 km]: 54.72 ms
Testing download speed................................................................................
Download: 99.82 Mbit/s
Testing upload speed......................................................................................................
Upload: 199.87 Mbit/s
2025-08-20T00:50:01+08:00
Retrieving speedtest.net configuration...
Testing from FIl Products Service Television Inc (103.105.214.54)...
Retrieving speedtest.net server list...
Selecting best server based on ping...
Hosted by Data-Beam Business Solution (Makati City) [633.45 km]: 54.721 ms
Testing download speed................................................................................
Download: 134.87 Mbit/s
Testing upload speed......................................................................................................
Upload: 165.59 Mbit/s
2025-08-20T00:55:01+08:00
Retrieving speedtest.net configuration...
Testing from FIl Products Service Television Inc (103.105.214.53)...
Retrieving speedtest.net server list...
Selecting best server based on ping...
Hosted by AirDan Networks (Makati) [633.45 km]: 43.511 ms
Testing download speed................................................................................
Download: 154.60 Mbit/s
Testing upload speed......................................................................................................
Upload: 293.94 Mbit/s
2025-08-20T01:00:01+08:00
Retrieving speedtest.net configuration...
Testing from FIl Products Service Television Inc (103.105.214.54)...
Retrieving speedtest.net server list...
Selecting best server based on ping...
