2025-04-04T00:00:01+08:00
Retrieving speedtest.net configuration...
Testing from FIl Products Service Television Inc (103.105.214.62)...
Retrieving speedtest.net server list...
Selecting best server based on ping...
2025-04-04T00:05:01+08:00
Retrieving speedtest.net configuration...
2025-04-04T00:10:01+08:00
Retrieving speedtest.net configuration...
Testing from FIl Products Service Television Inc (103.105.214.62)...
Retrieving speedtest.net server list...
Selecting best server based on ping...
Hosted by Fil Products Negros (Dumaguete City) [0.00 km]: 6.105 ms
Testing download speed................................................................................
Download: 172.49 Mbit/s
Testing upload speed......................................................................................................
Upload: 363.13 Mbit/s
2025-04-04T00:15:01+08:00
Retrieving speedtest.net configuration...
Testing from FIl Products Service Television Inc (103.105.214.62)...
Retrieving speedtest.net server list...
Selecting best server based on ping...
Hosted by Fil Products Negros (Dumaguete City) [0.00 km]: 5.946 ms
Testing download speed................................................................................
Download: 157.68 Mbit/s
Testing upload speed......................................................................................................
Upload: 350.28 Mbit/s
2025-04-04T00:20:01+08:00
Retrieving speedtest.net configuration...
Testing from FIl Products Service Television Inc (103.105.214.59)...
Retrieving speedtest.net server list...
Selecting best server based on ping...
Hosted by Fil Products Negros (Dumaguete City) [0.00 km]: 5.631 ms
Testing download speed................................................................................
Download: 173.05 Mbit/s
Testing upload speed......................................................................................................
Upload: 333.15 Mbit/s
2025-04-04T00:25:01+08:00
Retrieving speedtest.net configuration...
Testing from FIl Products Service Television Inc (103.105.214.59)...
Retrieving speedtest.net server list...
Selecting best server based on ping...
Hosted by Fil Products Negros (Dumaguete City) [0.00 km]: 5.308 ms
Testing download speed................................................................................
Download: 149.56 Mbit/s
Testing upload speed......................................................................................................
Upload: 333.98 Mbit/s
2025-04-04T00:30:01+08:00
Retrieving speedtest.net configuration...
Testing from FIl Products Service Television Inc (103.105.214.59)...
Retrieving speedtest.net server list...
Selecting best server based on ping...
2025-04-04T00:35:01+08:00
Retrieving speedtest.net configuration...
2025-04-04T00:40:01+08:00
Retrieving speedtest.net configuration...
Testing from FIl Products Service Television Inc (103.105.214.59)...
Retrieving speedtest.net server list...
Selecting best server based on ping...
Hosted by Fil Products Negros (Dumaguete City) [0.00 km]: 4.129 ms
Testing download speed................................................................................
Download: 153.46 Mbit/s
Testing upload speed......................................................................................................
Upload: 343.37 Mbit/s
2025-04-04T00:45:01+08:00
Retrieving speedtest.net configuration...
Testing from FIl Products Service Television Inc (103.105.214.59)...
Retrieving speedtest.net server list...
Selecting best server based on ping...
Hosted by Fil Products Negros (Dumaguete City) [0.00 km]: 4.309 ms
Testing download speed................................................................................
Download: 151.18 Mbit/s
Testing upload speed......................................................................................................
Upload: 349.80 Mbit/s
2025-04-04T00:50:02+08:00
Retrieving speedtest.net configuration...
Testing from FIl Products Service Television Inc (103.105.214.62)...
Retrieving speedtest.net server list...
Selecting best server based on ping...
Hosted by Fil Products Negros (Dumaguete City) [0.00 km]: 6.974 ms
Testing download speed................................................................................
Download: 153.40 Mbit/s
Testing upload speed......................................................................................................
Upload: 357.74 Mbit/s
2025-04-04T00:55:01+08:00
Retrieving speedtest.net configuration...
Testing from FIl Products Service Television Inc (103.105.214.62)...
Retrieving speedtest.net server list...
Selecting best server based on ping...
Hosted by Fil Products Negros (Dumaguete City) [0.00 km]: 2.759 ms
Testing download speed................................................................................
Download: 162.23 Mbit/s
Testing upload speed......................................................................................................
Upload: 320.63 Mbit/s
2025-04-04T01:00:01+08:00
Retrieving speedtest.net configuration...
Testing from FIl Products Service Television Inc (103.105.214.59)...
Retrieving speedtest.net server list...
