2025-06-13T00:00:01+08:00
Retrieving speedtest.net configuration...
Testing from FIl Products Service Television Inc (103.105.214.50)...
Retrieving speedtest.net server list...
Selecting best server based on ping...
2025-06-13T00:05:01+08:00
Retrieving speedtest.net configuration...
2025-06-13T00:10:01+08:00
Retrieving speedtest.net configuration...
Testing from FIl Products Service Television Inc (103.105.214.50)...
Retrieving speedtest.net server list...
Selecting best server based on ping...
Hosted by FIBERBLAZE (Imus) [622.79 km]: 27.778 ms
Testing download speed................................................................................
Download: 188.66 Mbit/s
Testing upload speed......................................................................................................
Upload: 291.29 Mbit/s
2025-06-13T00:15:01+08:00
Retrieving speedtest.net configuration...
Testing from FIl Products Service Television Inc (103.105.214.50)...
Retrieving speedtest.net server list...
Selecting best server based on ping...
Hosted by Now Corporation (Cavite) [632.09 km]: 26.336 ms
Testing download speed................................................................................
Download: 176.29 Mbit/s
Testing upload speed......................................................................................................
Upload: 356.20 Mbit/s
2025-06-13T00:20:01+08:00
Retrieving speedtest.net configuration...
Testing from FIl Products Service Television Inc (103.105.214.50)...
Retrieving speedtest.net server list...
Selecting best server based on ping...
Hosted by Now Corporation (Cavite) [632.09 km]: 30.974 ms
Testing download speed................................................................................
Download: 173.96 Mbit/s
Testing upload speed......................................................................................................
Upload: 287.48 Mbit/s
2025-06-13T00:25:01+08:00
Retrieving speedtest.net configuration...
Testing from FIl Products Service Television Inc (103.105.214.50)...
Retrieving speedtest.net server list...
Selecting best server based on ping...
Hosted by Now Corporation (Cavite) [632.09 km]: 20.102 ms
Testing download speed................................................................................
Download: 184.17 Mbit/s
Testing upload speed......................................................................................................
Upload: 367.60 Mbit/s
2025-06-13T00:30:01+08:00
Retrieving speedtest.net configuration...
Testing from FIl Products Service Television Inc (103.105.214.53)...
Retrieving speedtest.net server list...
Selecting best server based on ping...
2025-06-13T00:35:01+08:00
Retrieving speedtest.net configuration...
Testing from FIl Products Service Television Inc (103.105.214.53)...
Retrieving speedtest.net server list...
Selecting best server based on ping...
Hosted by Globe Telecom (Taguig) [629.25 km]: 25.627 ms
Testing download speed................................................................................
Download: 186.62 Mbit/s
Testing upload speed......................................................................................................
Upload: 292.36 Mbit/s
2025-06-13T00:40:01+08:00
Retrieving speedtest.net configuration...
Testing from FIl Products Service Television Inc (103.105.214.53)...
Retrieving speedtest.net server list...
Selecting best server based on ping...
Hosted by Globe Telecom (Taguig) [629.25 km]: 24.999 ms
Testing download speed................................................................................
Download: 170.60 Mbit/s
Testing upload speed......................................................................................................
Upload: 260.72 Mbit/s
2025-06-13T00:45:01+08:00
Retrieving speedtest.net configuration...
Testing from FIl Products Service Television Inc (103.105.214.50)...
Retrieving speedtest.net server list...
Selecting best server based on ping...
Hosted by Now Corporation (Cavite) [632.09 km]: 29.173 ms
Testing download speed................................................................................
Download: 186.33 Mbit/s
Testing upload speed......................................................................................................
Upload: 434.75 Mbit/s
2025-06-13T00:50:01+08:00
Retrieving speedtest.net configuration...
Testing from FIl Products Service Television Inc (103.105.214.50)...
Retrieving speedtest.net server list...
Selecting best server based on ping...
Hosted by PLDT (Pasig City) [634.44 km]: 33.826 ms
Testing download speed................................................................................
Download: 187.38 Mbit/s
Testing upload speed......................................................................................................
Upload: 233.92 Mbit/s
2025-06-13T00:55:01+08:00
Retrieving speedtest.net configuration...
Testing from FIl Products Service Television Inc (103.105.214.53)...
Retrieving speedtest.net server list...
Selecting best server based on ping...
Hosted by Switch Fiber (Makati City) [634.17 km]: 35.471 ms
Testing download speed................................................................................
Download: 170.29 Mbit/s
Testing upload speed......................................................................................................
Upload: 35.90 Mbit/s
2025-06-13T01:00:01+08:00
Retrieving speedtest.net configuration...
Testing from FIl Products Service Television Inc (103.105.214.50)...
Retrieving speedtest.net server list...
Selecting best server based on ping...
2025-06-13T01:05:01+08:00
Retrieving speedtest.net configuration...
2025-06-13T01:10:01+08:00
Retrieving speedtest.net configuration...
Testing from FIl Products Service Television Inc (103.105.214.53)...
Retrieving speedtest.net server list...
Selecting best server based on ping...
Hosted by PLDT (Pasig City) [634.44 km]: 36.134 ms
Testing download speed................................................................................
Download: 155.99 Mbit/s
Testing upload speed......................................................................................................
Upload: 221.24 Mbit/s
2025-06-13T01:15:01+08:00
Retrieving speedtest.net configuration...
Testing from FIl Products Service Television Inc (103.105.214.53)...
Retrieving speedtest.net server list...
Selecting best server based on ping...
Hosted by Switch Fiber (Makati City) [634.17 km]: 28.701 ms
Testing download speed................................................................................
Download: 104.79 Mbit/s
Testing upload speed......................................................................................................
Upload: 31.35 Mbit/s
2025-06-13T01:20:01+08:00
Retrieving speedtest.net configuration...
Testing from FIl Products Service Television Inc (103.105.214.50)...
Retrieving speedtest.net server list...
Selecting best server based on ping...
Hosted by Switch Fiber (Makati City) [634.17 km]: 25.684 ms
Testing download speed................................................................................
Download: 180.18 Mbit/s
Testing upload speed......................................................................................................
Upload: 32.97 Mbit/s
2025-06-13T01:25:01+08:00
Retrieving speedtest.net configuration...
Testing from FIl Products Service Television Inc (103.105.214.50)...
Retrieving speedtest.net server list...
Selecting best server based on ping...
Hosted by Switch Fiber (Makati City) [634.17 km]: 25.515 ms
Testing download speed................................................................................
Download: 171.47 Mbit/s
Testing upload speed......................................................................................................
Upload: 23.51 Mbit/s
2025-06-13T01:30:01+08:00
Retrieving speedtest.net configuration...
Testing from FIl Products Service Television Inc (103.105.214.53)...
Retrieving speedtest.net server list...
Selecting best server based on ping...
2025-06-13T01:35:01+08:00
Retrieving speedtest.net configuration...
Testing from FIl Products Service Television Inc (103.105.214.50)...
Retrieving speedtest.net server list...
Selecting best server based on ping...
Hosted by Switch Fiber (Makati City) [634.17 km]: 36.975 ms
Testing download speed................................................................................
Download: 167.58 Mbit/s
Testing upload speed......................................................................................................
Upload: 44.64 Mbit/s
2025-06-13T01:40:01+08:00
Retrieving speedtest.net configuration...
Testing from FIl Products Service Television Inc (103.105.214.50)...
Retrieving speedtest.net server list...
Selecting best server based on ping...
Hosted by Switch Fiber (Makati City) [634.17 km]: 32.251 ms
Testing download speed................................................................................
Download: 166.16 Mbit/s
Testing upload speed......................................................................................................
Upload: 34.19 Mbit/s
2025-06-13T01:45:01+08:00
Retrieving speedtest.net configuration...
Testing from FIl Products Service Television Inc (103.105.214.53)...
Retrieving speedtest.net server list...
Selecting best server based on ping...
Hosted by Switch Fiber (Makati City) [634.17 km]: 27.368 ms
Testing download speed................................................................................
Download: 183.61 Mbit/s
Testing upload speed......................................................................................................
Upload: 34.18 Mbit/s
2025-06-13T01:50:01+08:00
Retrieving speedtest.net configuration...
Testing from FIl Products Service Television Inc (103.105.214.53)...
Retrieving speedtest.net server list...
Selecting best server based on ping...
Hosted by Switch Fiber (Makati City) [634.17 km]: 24.115 ms
Testing download speed................................................................................
Download: 162.25 Mbit/s
Testing upload speed......................................................................................................
Upload: 39.92 Mbit/s
2025-06-13T01:55:01+08:00
Retrieving speedtest.net configuration...
Testing from FIl Products Service Television Inc (103.105.214.53)...
Retrieving speedtest.net server list...
Selecting best server based on ping...
Hosted by Switch Fiber (Makati City) [634.17 km]: 24.536 ms
Testing download speed................................................................................
Download: 179.33 Mbit/s
Testing upload speed......................................................................................................
Upload: 31.69 Mbit/s
2025-06-13T02:00:01+08:00
Retrieving speedtest.net configuration...
Testing from FIl Products Service Television Inc (103.105.214.50)...
Retrieving speedtest.net server list...
Selecting best server based on ping...
