2025-08-26T00:00:01+08:00
Retrieving speedtest.net configuration...
Testing from FIl Products Service Television Inc (103.105.214.63)...
Retrieving speedtest.net server list...
Selecting best server based on ping...
2025-08-26T00:05:01+08:00
Retrieving speedtest.net configuration...
2025-08-26T00:10:01+08:00
Retrieving speedtest.net configuration...
Testing from FIl Products Service Television Inc (103.105.214.63)...
Retrieving speedtest.net server list...
Selecting best server based on ping...
Hosted by PLDT (Makati) [634.17 km]: 16.631 ms
Testing download speed................................................................................
Download: 89.04 Mbit/s
Testing upload speed......................................................................................................
Upload: 90.16 Mbit/s
2025-08-26T00:15:01+08:00
Retrieving speedtest.net configuration...
Testing from FIl Products Service Television Inc (103.105.214.63)...
Retrieving speedtest.net server list...
Selecting best server based on ping...
Hosted by PLDT (Makati) [634.17 km]: 17.705 ms
Testing download speed................................................................................
Download: 93.13 Mbit/s
Testing upload speed......................................................................................................
Upload: 87.96 Mbit/s
2025-08-26T00:20:01+08:00
Retrieving speedtest.net configuration...
Testing from FIl Products Service Television Inc (103.105.214.63)...
Retrieving speedtest.net server list...
Selecting best server based on ping...
Hosted by PLDT (Makati) [634.17 km]: 16.947 ms
Testing download speed................................................................................
Download: 92.28 Mbit/s
Testing upload speed......................................................................................................
Upload: 89.29 Mbit/s
2025-08-26T00:25:01+08:00
Retrieving speedtest.net configuration...
Testing from FIl Products Service Television Inc (103.105.214.63)...
Retrieving speedtest.net server list...
Selecting best server based on ping...
Hosted by PLDT (Makati) [634.17 km]: 17.002 ms
Testing download speed................................................................................
Download: 92.18 Mbit/s
Testing upload speed......................................................................................................
Upload: 87.54 Mbit/s
2025-08-26T00:30:01+08:00
Retrieving speedtest.net configuration...
Testing from FIl Products Service Television Inc (103.105.214.63)...
Retrieving speedtest.net server list...
Selecting best server based on ping...
2025-08-26T00:35:01+08:00
Retrieving speedtest.net configuration...
Testing from FIl Products Service Television Inc (103.105.214.57)...
Retrieving speedtest.net server list...
Selecting best server based on ping...
Hosted by PLDT (Makati) [634.17 km]: 17.013 ms
Testing download speed................................................................................
Download: 93.07 Mbit/s
Testing upload speed......................................................................................................
Upload: 87.19 Mbit/s
2025-08-26T00:40:01+08:00
Retrieving speedtest.net configuration...
Testing from FIl Products Service Television Inc (103.105.214.63)...
Retrieving speedtest.net server list...
Selecting best server based on ping...
Hosted by PLDT (Makati) [634.17 km]: 17.164 ms
Testing download speed................................................................................
Download: 92.13 Mbit/s
Testing upload speed......................................................................................................
Upload: 87.93 Mbit/s
2025-08-26T00:45:01+08:00
Retrieving speedtest.net configuration...
Testing from FIl Products Service Television Inc (103.105.214.63)...
Retrieving speedtest.net server list...
Selecting best server based on ping...
Hosted by Cablelink Internet Services Inc (Para単aque) [626.05 km]: 49.999 ms
Testing download speed................................................................................
Download: 79.57 Mbit/s
Testing upload speed......................................................................................................
Upload: 82.77 Mbit/s
2025-08-26T00:50:01+08:00
Retrieving speedtest.net configuration...
Testing from FIl Products Service Television Inc (103.105.214.55)...
Retrieving speedtest.net server list...
Selecting best server based on ping...
Hosted by Cablelink Internet Services Inc (Para単aque) [626.05 km]: 35.625 ms
Testing download speed................................................................................
Download: 76.82 Mbit/s
Testing upload speed......................................................................................................
Upload: 41.27 Mbit/s
2025-08-26T00:55:01+08:00
Retrieving speedtest.net configuration...
Testing from FIl Products Service Television Inc (103.105.214.63)...
Retrieving speedtest.net server list...
Selecting best server based on ping...
Hosted by FiberBro (Makati) [633.45 km]: 33.261 ms
Testing download speed................................................................................
Download: 92.89 Mbit/s
Testing upload speed......................................................................................................
Upload: 69.71 Mbit/s
2025-08-26T01:00:01+08:00
Retrieving speedtest.net configuration...
Testing from FIl Products Service Television Inc (103.105.214.48)...
Retrieving speedtest.net server list...
Selecting best server based on ping...
2025-08-26T01:05:01+08:00
Retrieving speedtest.net configuration...
2025-08-26T01:10:01+08:00
Retrieving speedtest.net configuration...
Testing from FIl Products Service Television Inc (103.105.214.63)...
Retrieving speedtest.net server list...
Selecting best server based on ping...
Hosted by Cablelink Internet Services Inc (Para単aque) [626.05 km]: 33.439 ms
Testing download speed................................................................................
Download: 72.14 Mbit/s
Testing upload speed......................................................................................................
Upload: 81.40 Mbit/s
2025-08-26T01:15:01+08:00
Retrieving speedtest.net configuration...
Testing from FIl Products Service Television Inc (103.105.214.48)...
Retrieving speedtest.net server list...
Selecting best server based on ping...
Hosted by FiberBro (Makati) [633.45 km]: 25.955 ms
Testing download speed................................................................................
Download: 45.99 Mbit/s
Testing upload speed......................................................................................................
Upload: 65.77 Mbit/s
2025-08-26T01:20:01+08:00
Retrieving speedtest.net configuration...
Testing from FIl Products Service Television Inc (103.105.214.63)...
Retrieving speedtest.net server list...
Selecting best server based on ping...
Hosted by FiberBro (Makati) [633.45 km]: 29.753 ms
Testing download speed................................................................................
Download: 92.01 Mbit/s
Testing upload speed......................................................................................................
Upload: 55.75 Mbit/s
2025-08-26T01:25:01+08:00
Retrieving speedtest.net configuration...
Testing from FIl Products Service Television Inc (103.105.214.48)...
Retrieving speedtest.net server list...
Selecting best server based on ping...
Hosted by FiberBro (Makati) [633.45 km]: 25.478 ms
Testing download speed................................................................................
Download: 92.42 Mbit/s
Testing upload speed......................................................................................................
Upload: 64.52 Mbit/s
2025-08-26T01:30:02+08:00
Retrieving speedtest.net configuration...
Testing from FIl Products Service Television Inc (103.105.214.63)...
Retrieving speedtest.net server list...
Selecting best server based on ping...
2025-08-26T01:35:01+08:00
Retrieving speedtest.net configuration...
Testing from FIl Products Service Television Inc (103.105.214.63)...
Retrieving speedtest.net server list...
Selecting best server based on ping...
Hosted by FiberBro (Makati) [633.45 km]: 25.681 ms
Testing download speed................................................................................
Download: 83.82 Mbit/s
Testing upload speed......................................................................................................
Upload: 70.23 Mbit/s
2025-08-26T01:40:01+08:00
Retrieving speedtest.net configuration...
Testing from FIl Products Service Television Inc (103.105.214.63)...
Retrieving speedtest.net server list...
Selecting best server based on ping...
Hosted by FiberBro (Makati) [633.45 km]: 28.48 ms
Testing download speed................................................................................
Download: 92.84 Mbit/s
Testing upload speed......................................................................................................
Upload: 64.42 Mbit/s
2025-08-26T01:45:01+08:00
Retrieving speedtest.net configuration...
Testing from FIl Products Service Television Inc (103.105.214.48)...
Retrieving speedtest.net server list...
Selecting best server based on ping...
Hosted by FiberBro (Makati) [633.45 km]: 25.384 ms
Testing download speed................................................................................
Download: 91.41 Mbit/s
Testing upload speed......................................................................................................
Upload: 63.20 Mbit/s
2025-08-26T01:50:01+08:00
Retrieving speedtest.net configuration...
Testing from FIl Products Service Television Inc (103.105.214.63)...
Retrieving speedtest.net server list...
Selecting best server based on ping...
Hosted by FiberBro (Makati) [633.45 km]: 32.466 ms
Testing download speed................................................................................
Download: 85.06 Mbit/s
Testing upload speed......................................................................................................
Upload: 71.75 Mbit/s
2025-08-26T01:55:01+08:00
Retrieving speedtest.net configuration...
Testing from FIl Products Service Television Inc (103.105.214.48)...
Retrieving speedtest.net server list...
Selecting best server based on ping...
Hosted by FiberBro (Makati) [633.45 km]: 25.284 ms
Testing download speed................................................................................
Download: 91.24 Mbit/s
Testing upload speed......................................................................................................
Upload: 60.74 Mbit/s
2025-08-26T02:00:01+08:00
Retrieving speedtest.net configuration...
Testing from FIl Products Service Television Inc (103.105.214.63)...
Retrieving speedtest.net server list...
Selecting best server based on ping...
2025-08-26T02:05:01+08:00
Retrieving speedtest.net configuration...
2025-08-26T02:10:01+08:00
Retrieving speedtest.net configuration...
Testing from FIl Products Service Television Inc (103.105.214.48)...
Retrieving speedtest.net server list...
Selecting best server based on ping...
Hosted by FiberBro (Makati) [633.45 km]: 24.668 ms
Testing download speed................................................................................
Download: 90.58 Mbit/s
Testing upload speed......................................................................................................
Upload: 58.11 Mbit/s
2025-08-26T02:15:01+08:00
Retrieving speedtest.net configuration...
Testing from FIl Products Service Television Inc (103.105.214.48)...
Retrieving speedtest.net server list...
Selecting best server based on ping...
Hosted by FiberBro (Makati) [633.45 km]: 25.697 ms
Testing download speed................................................................................
Download: 92.07 Mbit/s
Testing upload speed......................................................................................................
Upload: 69.36 Mbit/s
2025-08-26T02:20:01+08:00
Retrieving speedtest.net configuration...
Testing from FIl Products Service Television Inc (103.105.214.63)...
Retrieving speedtest.net server list...
Selecting best server based on ping...
Hosted by FiberBro (Makati) [633.45 km]: 25.661 ms
Testing download speed................................................................................
Download: 93.23 Mbit/s
Testing upload speed......................................................................................................
Upload: 82.77 Mbit/s
2025-08-26T02:25:01+08:00
Retrieving speedtest.net configuration...
Testing from FIl Products Service Television Inc (103.105.214.48)...
Retrieving speedtest.net server list...
Selecting best server based on ping...
Hosted by FiberBro (Makati) [633.45 km]: 25.19 ms
Testing download speed................................................................................
Download: 92.50 Mbit/s
Testing upload speed......................................................................................................
Upload: 68.57 Mbit/s
2025-08-26T02:30:01+08:00
Retrieving speedtest.net configuration...
Testing from FIl Products Service Television Inc (103.105.214.63)...
Retrieving speedtest.net server list...
Selecting best server based on ping...
2025-08-26T02:35:01+08:00
Retrieving speedtest.net configuration...
2025-08-26T02:40:01+08:00
Retrieving speedtest.net configuration...
Testing from FIl Products Service Television Inc (103.105.214.48)...
Retrieving speedtest.net server list...
Selecting best server based on ping...
Hosted by FiberBro (Makati) [633.45 km]: 32.991 ms
Testing download speed................................................................................
Download: 93.22 Mbit/s
Testing upload speed......................................................................................................
Upload: 59.67 Mbit/s
2025-08-26T02:45:01+08:00
Retrieving speedtest.net configuration...
Testing from FIl Products Service Television Inc (103.105.214.63)...
Retrieving speedtest.net server list...
Selecting best server based on ping...
Hosted by Cablelink Internet Services Inc (Para単aque) [626.05 km]: 46.269 ms
Testing download speed................................................................................
Download: 72.30 Mbit/s
Testing upload speed......................................................................................................
Upload: 83.07 Mbit/s
2025-08-26T02:50:01+08:00
Retrieving speedtest.net configuration...
Testing from FIl Products Service Television Inc (103.105.214.63)...
Retrieving speedtest.net server list...
Selecting best server based on ping...
Hosted by FiberBro (Makati) [633.45 km]: 29.492 ms
Testing download speed................................................................................
Download: 90.22 Mbit/s
Testing upload speed......................................................................................................
Upload: 54.49 Mbit/s
2025-08-26T02:55:01+08:00
Retrieving speedtest.net configuration...
Testing from FIl Products Service Television Inc (103.105.214.63)...
Retrieving speedtest.net server list...
Selecting best server based on ping...
Hosted by FiberBro (Makati) [633.45 km]: 29.728 ms
Testing download speed................................................................................
Download: 91.46 Mbit/s
Testing upload speed......................................................................................................
Upload: 71.66 Mbit/s
2025-08-26T03:00:01+08:00
Retrieving speedtest.net configuration...
Testing from FIl Products Service Television Inc (103.105.214.63)...
Retrieving speedtest.net server list...
Selecting best server based on ping...
