2025-08-22T00:00:01+08:00
Retrieving speedtest.net configuration...
Testing from FIl Products Service Television Inc (103.105.214.52)...
Retrieving speedtest.net server list...
Selecting best server based on ping...
2025-08-22T00:05:01+08:00
Retrieving speedtest.net configuration...
2025-08-22T00:10:01+08:00
Retrieving speedtest.net configuration...
Testing from FIl Products Service Television Inc (103.105.214.59)...
Retrieving speedtest.net server list...
Selecting best server based on ping...
Hosted by Fil Products Negros (Dumaguete City) [0.00 km]: 4.392 ms
Testing download speed................................................................................
Download: 201.14 Mbit/s
Testing upload speed......................................................................................................
Upload: 731.72 Mbit/s
2025-08-22T00:15:01+08:00
Retrieving speedtest.net configuration...
Testing from FIl Products Service Television Inc (103.105.214.59)...
Retrieving speedtest.net server list...
Selecting best server based on ping...
Hosted by Fil Products Negros (Dumaguete City) [0.00 km]: 4.277 ms
Testing download speed................................................................................
Download: 199.89 Mbit/s
Testing upload speed......................................................................................................
Upload: 795.82 Mbit/s
2025-08-22T00:20:01+08:00
Retrieving speedtest.net configuration...
Testing from FIl Products Service Television Inc (103.105.214.59)...
Retrieving speedtest.net server list...
Selecting best server based on ping...
Hosted by Fil Products Negros (Dumaguete City) [0.00 km]: 3.212 ms
Testing download speed................................................................................
Download: 194.37 Mbit/s
Testing upload speed......................................................................................................
Upload: 809.51 Mbit/s
2025-08-22T00:25:01+08:00
Retrieving speedtest.net configuration...
Testing from FIl Products Service Television Inc (103.105.214.52)...
Retrieving speedtest.net server list...
Selecting best server based on ping...
Hosted by Fil Products Negros (Dumaguete City) [0.00 km]: 4.404 ms
Testing download speed................................................................................
Download: 199.90 Mbit/s
Testing upload speed......................................................................................................
Upload: 506.11 Mbit/s
2025-08-22T00:30:01+08:00
Retrieving speedtest.net configuration...
Testing from FIl Products Service Television Inc (103.105.214.52)...
Retrieving speedtest.net server list...
Selecting best server based on ping...
2025-08-22T00:35:01+08:00
Retrieving speedtest.net configuration...
Testing from FIl Products Service Television Inc (103.105.214.59)...
Retrieving speedtest.net server list...
Selecting best server based on ping...
Hosted by Fil Products Negros (Dumaguete City) [0.00 km]: 6.197 ms
Testing download speed................................................................................
Download: 201.30 Mbit/s
Testing upload speed......................................................................................................
Upload: 714.75 Mbit/s
2025-08-22T00:40:01+08:00
Retrieving speedtest.net configuration...
Testing from FIl Products Service Television Inc (103.105.214.59)...
Retrieving speedtest.net server list...
Selecting best server based on ping...
Hosted by Fil Products Negros (Dumaguete City) [0.00 km]: 3.153 ms
Testing download speed................................................................................
Download: 200.81 Mbit/s
Testing upload speed......................................................................................................
Upload: 733.11 Mbit/s
2025-08-22T00:45:01+08:00
Retrieving speedtest.net configuration...
Testing from FIl Products Service Television Inc (103.105.214.52)...
Retrieving speedtest.net server list...
Selecting best server based on ping...
Hosted by Fil Products Negros (Dumaguete City) [0.00 km]: 6.782 ms
Testing download speed................................................................................
Download: 198.66 Mbit/s
Testing upload speed......................................................................................................
Upload: 625.08 Mbit/s
2025-08-22T00:50:01+08:00
Retrieving speedtest.net configuration...
Testing from FIl Products Service Television Inc (103.105.214.52)...
Retrieving speedtest.net server list...
Selecting best server based on ping...
Hosted by Fil Products Negros (Dumaguete City) [0.00 km]: 3.332 ms
Testing download speed................................................................................
Download: 199.52 Mbit/s
Testing upload speed......................................................................................................
Upload: 769.25 Mbit/s
2025-08-22T00:55:01+08:00
Retrieving speedtest.net configuration...
Testing from FIl Products Service Television Inc (103.105.214.52)...
Retrieving speedtest.net server list...
Selecting best server based on ping...
Hosted by Fil Products Negros (Dumaguete City) [0.00 km]: 3.318 ms
Testing download speed................................................................................
Download: 193.42 Mbit/s
Testing upload speed......................................................................................................
Upload: 779.84 Mbit/s
2025-08-22T01:00:01+08:00
Retrieving speedtest.net configuration...
Testing from FIl Products Service Television Inc (103.105.214.52)...
Retrieving speedtest.net server list...
Selecting best server based on ping...
