2025-09-05T00:00:01+08:00
Retrieving speedtest.net configuration...
Testing from FIl Products Service Television Inc (103.105.214.48)...
Retrieving speedtest.net server list...
Selecting best server based on ping...
2025-09-05T00:05:01+08:00
Retrieving speedtest.net configuration...
2025-09-05T00:10:01+08:00
Retrieving speedtest.net configuration...
Testing from FIl Products Service Television Inc (103.105.214.48)...
Retrieving speedtest.net server list...
Selecting best server based on ping...
Hosted by Smart Communications (Cebu City) [126.16 km]: 51.258 ms
Testing download speed................................................................................
Download: 84.19 Mbit/s
Testing upload speed......................................................................................................
Upload: 5.63 Mbit/s
2025-09-05T00:15:01+08:00
Retrieving speedtest.net configuration...
Testing from FIl Products Service Television Inc (103.105.214.59)...
Retrieving speedtest.net server list...
Selecting best server based on ping...
Hosted by Smart Communications (Cebu City) [126.16 km]: 55.944 ms
Testing download speed................................................................................
Download: 86.41 Mbit/s
Testing upload speed......................................................................................................
Upload: 13.16 Mbit/s
2025-09-05T00:20:01+08:00
Retrieving speedtest.net configuration...
Testing from FIl Products Service Television Inc (103.105.214.60)...
Retrieving speedtest.net server list...
Selecting best server based on ping...
Hosted by Smart Communications (Cebu City) [126.16 km]: 55.066 ms
Testing download speed................................................................................
Download: 71.03 Mbit/s
Testing upload speed......................................................................................................
Upload: 6.51 Mbit/s
2025-09-05T00:25:01+08:00
Retrieving speedtest.net configuration...
Testing from FIl Products Service Television Inc (103.105.214.48)...
Retrieving speedtest.net server list...
Selecting best server based on ping...
Hosted by Smart Communications (Cebu City) [126.16 km]: 57.471 ms
Testing download speed................................................................................
Download: 76.61 Mbit/s
Testing upload speed......................................................................................................
Upload: 3.21 Mbit/s
2025-09-05T00:30:01+08:00
Retrieving speedtest.net configuration...
Testing from FIl Products Service Television Inc (103.105.214.60)...
Retrieving speedtest.net server list...
Selecting best server based on ping...
2025-09-05T00:35:01+08:00
Retrieving speedtest.net configuration...
Testing from FIl Products Service Television Inc (103.105.214.48)...
Retrieving speedtest.net server list...
Selecting best server based on ping...
Hosted by PAKONEK SOLUTIONS (Cebu City) [128.33 km]: 47.194 ms
Testing download speed................................................................................
Download: 85.53 Mbit/s
Testing upload speed......................................................................................................
Upload: 80.75 Mbit/s
2025-09-05T00:40:01+08:00
Retrieving speedtest.net configuration...
Testing from FIl Products Service Television Inc (103.105.214.60)...
Retrieving speedtest.net server list...
Selecting best server based on ping...
Hosted by PAKONEK SOLUTIONS (Cebu City) [128.33 km]: 30.056 ms
Testing download speed................................................................................
Download: 79.50 Mbit/s
Testing upload speed......................................................................................................
Upload: 78.76 Mbit/s
2025-09-05T00:45:01+08:00
Retrieving speedtest.net configuration...
Testing from FIl Products Service Television Inc (103.105.214.48)...
Retrieving speedtest.net server list...
Selecting best server based on ping...
Hosted by PAKONEK SOLUTIONS (Cebu City) [128.33 km]: 36.647 ms
Testing download speed................................................................................
Download: 87.24 Mbit/s
Testing upload speed......................................................................................................
Upload: 82.15 Mbit/s
2025-09-05T00:50:01+08:00
Retrieving speedtest.net configuration...
Testing from FIl Products Service Television Inc (103.105.214.48)...
Retrieving speedtest.net server list...
Selecting best server based on ping...
Hosted by PAKONEK SOLUTIONS (Cebu City) [128.33 km]: 29.092 ms
Testing download speed................................................................................
Download: 87.49 Mbit/s
Testing upload speed......................................................................................................
Upload: 85.51 Mbit/s
2025-09-05T00:55:01+08:00
Retrieving speedtest.net configuration...
Testing from FIl Products Service Television Inc (103.105.214.60)...
Retrieving speedtest.net server list...
Selecting best server based on ping...
Hosted by PAKONEK SOLUTIONS (Cebu City) [128.33 km]: 29.998 ms
Testing download speed................................................................................
Download: 82.02 Mbit/s
Testing upload speed......................................................................................................
Upload: 79.47 Mbit/s
2025-09-05T01:00:01+08:00
Retrieving speedtest.net configuration...
Testing from FIl Products Service Television Inc (103.105.214.48)...
Retrieving speedtest.net server list...
Selecting best server based on ping...
