2025-07-24T00:00:01+08:00
Retrieving speedtest.net configuration...
Testing from FIl Products Service Television Inc (103.105.214.54)...
Retrieving speedtest.net server list...
Selecting best server based on ping...
2025-07-24T00:05:01+08:00
Retrieving speedtest.net configuration...
2025-07-24T00:10:01+08:00
Retrieving speedtest.net configuration...
Testing from FIl Products Service Television Inc (103.105.214.56)...
Retrieving speedtest.net server list...
Selecting best server based on ping...
Hosted by Switch Fiber (Makati City) [634.17 km]: 30.114 ms
Testing download speed................................................................................
Download: 141.54 Mbit/s
Testing upload speed......................................................................................................
Upload: 289.70 Mbit/s
2025-07-24T00:15:01+08:00
Retrieving speedtest.net configuration...
Testing from FIl Products Service Television Inc (103.105.214.56)...
Retrieving speedtest.net server list...
Selecting best server based on ping...
Hosted by Switch Fiber (Makati City) [634.17 km]: 24.186 ms
Testing download speed................................................................................
Download: 177.04 Mbit/s
Testing upload speed......................................................................................................
Upload: 298.86 Mbit/s
2025-07-24T00:20:01+08:00
Retrieving speedtest.net configuration...
Testing from FIl Products Service Television Inc (103.105.214.54)...
Retrieving speedtest.net server list...
Selecting best server based on ping...
Hosted by Switch Fiber (Makati City) [634.17 km]: 22.547 ms
Testing download speed................................................................................
Download: 114.78 Mbit/s
Testing upload speed......................................................................................................
Upload: 273.63 Mbit/s
2025-07-24T00:25:01+08:00
Retrieving speedtest.net configuration...
Testing from FIl Products Service Television Inc (103.105.214.54)...
Retrieving speedtest.net server list...
Selecting best server based on ping...
Hosted by Switch Fiber (Makati City) [634.17 km]: 21.625 ms
Testing download speed................................................................................
Download: 110.47 Mbit/s
Testing upload speed......................................................................................................
Upload: 320.94 Mbit/s
2025-07-24T00:30:01+08:00
Retrieving speedtest.net configuration...
Testing from FIl Products Service Television Inc (103.105.214.56)...
Retrieving speedtest.net server list...
Selecting best server based on ping...
2025-07-24T00:35:01+08:00
Retrieving speedtest.net configuration...
Testing from FIl Products Service Television Inc (103.105.214.54)...
Retrieving speedtest.net server list...
Selecting best server based on ping...
Hosted by Switch Fiber (Makati City) [634.17 km]: 32.469 ms
Testing download speed................................................................................
Download: 146.05 Mbit/s
Testing upload speed......................................................................................................
Upload: 261.31 Mbit/s
2025-07-24T00:40:01+08:00
Retrieving speedtest.net configuration...
Testing from FIl Products Service Television Inc (103.105.214.54)...
Retrieving speedtest.net server list...
Selecting best server based on ping...
Hosted by Philippine Global Communications, Inc. (Makati) [633.45 km]: 39.699 ms
Testing download speed................................................................................
Download: 174.48 Mbit/s
Testing upload speed......................................................................................................
Upload: 10.95 Mbit/s
2025-07-24T00:45:01+08:00
Retrieving speedtest.net configuration...
Testing from FIl Products Service Television Inc (103.105.214.54)...
Retrieving speedtest.net server list...
Selecting best server based on ping...
Hosted by Switch Fiber (Makati City) [634.17 km]: 22.716 ms
Testing download speed................................................................................
Download: 124.92 Mbit/s
Testing upload speed......................................................................................................
Upload: 333.23 Mbit/s
2025-07-24T00:50:01+08:00
Retrieving speedtest.net configuration...
Testing from FIl Products Service Television Inc (103.105.214.54)...
Retrieving speedtest.net server list...
Selecting best server based on ping...
Hosted by Switch Fiber (Makati City) [634.17 km]: 27.494 ms
Testing download speed................................................................................
Download: 178.08 Mbit/s
Testing upload speed......................................................................................................
Upload: 334.31 Mbit/s
2025-07-24T00:55:01+08:00
Retrieving speedtest.net configuration...
Testing from FIl Products Service Television Inc (103.105.214.54)...
Retrieving speedtest.net server list...
Selecting best server based on ping...
Hosted by Switch Fiber (Makati City) [634.17 km]: 27.027 ms
Testing download speed................................................................................
Download: 173.53 Mbit/s
Testing upload speed......................................................................................................
Upload: 306.31 Mbit/s
2025-07-24T01:00:01+08:00
Retrieving speedtest.net configuration...
Testing from FIl Products Service Television Inc (103.105.214.54)...
Retrieving speedtest.net server list...
Selecting best server based on ping...
2025-07-24T01:05:01+08:00
Retrieving speedtest.net configuration...
2025-07-24T01:10:01+08:00
Retrieving speedtest.net configuration...
Testing from FIl Products Service Television Inc (103.105.214.56)...
Retrieving speedtest.net server list...
Selecting best server based on ping...
Hosted by Switch Fiber (Makati City) [634.17 km]: 27.245 ms
Testing download speed................................................................................
Download: 186.25 Mbit/s
Testing upload speed......................................................................................................
Upload: 238.02 Mbit/s
2025-07-24T01:15:01+08:00
Retrieving speedtest.net configuration...
Testing from FIl Products Service Television Inc (103.105.214.56)...
Retrieving speedtest.net server list...
Selecting best server based on ping...
Hosted by Switch Fiber (Makati City) [634.17 km]: 25.442 ms
Testing download speed................................................................................
Download: 160.07 Mbit/s
Testing upload speed......................................................................................................
Upload: 308.43 Mbit/s
2025-07-24T01:20:01+08:00
Retrieving speedtest.net configuration...
Testing from FIl Products Service Television Inc (103.105.214.56)...
Retrieving speedtest.net server list...
Selecting best server based on ping...
Hosted by Switch Fiber (Makati City) [634.17 km]: 27.331 ms
Testing download speed................................................................................
Download: 153.87 Mbit/s
Testing upload speed......................................................................................................
Upload: 309.11 Mbit/s
2025-07-24T01:25:01+08:00
Retrieving speedtest.net configuration...
Testing from FIl Products Service Television Inc (103.105.214.56)...
Retrieving speedtest.net server list...
Selecting best server based on ping...
Hosted by Switch Fiber (Makati City) [634.17 km]: 26.735 ms
Testing download speed................................................................................
Download: 187.00 Mbit/s
Testing upload speed......................................................................................................
Upload: 185.10 Mbit/s
2025-07-24T01:30:01+08:00
Retrieving speedtest.net configuration...
Testing from FIl Products Service Television Inc (103.105.214.56)...
Retrieving speedtest.net server list...
Selecting best server based on ping...
2025-07-24T01:35:01+08:00
Retrieving speedtest.net configuration...
Testing from FIl Products Service Television Inc (103.105.214.56)...
Retrieving speedtest.net server list...
Selecting best server based on ping...
Hosted by Switch Fiber (Makati City) [634.17 km]: 24.457 ms
Testing download speed................................................................................
Download: 135.45 Mbit/s
Testing upload speed......................................................................................................
Upload: 329.04 Mbit/s
2025-07-24T01:40:01+08:00
Retrieving speedtest.net configuration...
Testing from FIl Products Service Television Inc (103.105.214.54)...
Retrieving speedtest.net server list...
Selecting best server based on ping...
Hosted by Switch Fiber (Makati City) [634.17 km]: 25.21 ms
Testing download speed................................................................................
Download: 135.13 Mbit/s
Testing upload speed......................................................................................................
Upload: 254.68 Mbit/s
2025-07-24T01:45:01+08:00
Retrieving speedtest.net configuration...
Testing from FIl Products Service Television Inc (103.105.214.54)...
Retrieving speedtest.net server list...
Selecting best server based on ping...
Hosted by Switch Fiber (Makati City) [634.17 km]: 24.591 ms
Testing download speed................................................................................
Download: 127.37 Mbit/s
Testing upload speed......................................................................................................
Upload: 324.64 Mbit/s
2025-07-24T01:50:01+08:00
Retrieving speedtest.net configuration...
Testing from FIl Products Service Television Inc (103.105.214.54)...
Retrieving speedtest.net server list...
Selecting best server based on ping...
Hosted by Switch Fiber (Makati City) [634.17 km]: 22.939 ms
Testing download speed................................................................................
Download: 131.60 Mbit/s
Testing upload speed......................................................................................................
Upload: 272.76 Mbit/s
2025-07-24T01:55:01+08:00
Retrieving speedtest.net configuration...
Testing from FIl Products Service Television Inc (103.105.214.54)...
Retrieving speedtest.net server list...
Selecting best server based on ping...
Hosted by Switch Fiber (Makati City) [634.17 km]: 30.039 ms
Testing download speed................................................................................
Download: 115.14 Mbit/s
Testing upload speed......................................................................................................
Upload: 295.87 Mbit/s
2025-07-24T02:00:01+08:00
Retrieving speedtest.net configuration...
Testing from FIl Products Service Television Inc (103.105.214.54)...
Retrieving speedtest.net server list...
Selecting best server based on ping...
2025-07-24T02:05:02+08:00
Retrieving speedtest.net configuration...
2025-07-24T02:10:01+08:00
Retrieving speedtest.net configuration...
Testing from FIl Products Service Television Inc (103.105.214.56)...
Retrieving speedtest.net server list...
Selecting best server based on ping...
Hosted by Switch Fiber (Makati City) [634.17 km]: 26.81 ms
Testing download speed................................................................................
Download: 121.59 Mbit/s
Testing upload speed......................................................................................................
Upload: 192.05 Mbit/s
2025-07-24T02:15:01+08:00
Retrieving speedtest.net configuration...
Testing from FIl Products Service Television Inc (103.105.214.56)...
Retrieving speedtest.net server list...
Selecting best server based on ping...
Hosted by Switch Fiber (Makati City) [634.17 km]: 24.412 ms
Testing download speed................................................................................
Download: 114.99 Mbit/s
Testing upload speed......................................................................................................
Upload: 294.67 Mbit/s
2025-07-24T02:20:01+08:00
Retrieving speedtest.net configuration...
Testing from FIl Products Service Television Inc (103.105.214.56)...
Retrieving speedtest.net server list...
Selecting best server based on ping...
Hosted by Switch Fiber (Makati City) [634.17 km]: 21.668 ms
Testing download speed................................................................................
Download: 121.01 Mbit/s
Testing upload speed......................................................................................................
Upload: 274.20 Mbit/s
2025-07-24T02:25:01+08:00
Retrieving speedtest.net configuration...
Testing from FIl Products Service Television Inc (103.105.214.56)...
Retrieving speedtest.net server list...
Selecting best server based on ping...
Hosted by Switch Fiber (Makati City) [634.17 km]: 21.724 ms
Testing download speed................................................................................
Download: 95.56 Mbit/s
Testing upload speed......................................................................................................
Upload: 306.67 Mbit/s
2025-07-24T02:30:01+08:00
Retrieving speedtest.net configuration...
Testing from FIl Products Service Television Inc (103.105.214.56)...
Retrieving speedtest.net server list...
Selecting best server based on ping...
2025-07-24T02:35:01+08:00
Retrieving speedtest.net configuration...
Testing from FIl Products Service Television Inc (103.105.214.54)...
Retrieving speedtest.net server list...
Selecting best server based on ping...
Hosted by Switch Fiber (Makati City) [634.17 km]: 26.051 ms
Testing download speed................................................................................
Download: 129.25 Mbit/s
Testing upload speed......................................................................................................
Upload: 298.72 Mbit/s
2025-07-24T02:40:01+08:00
Retrieving speedtest.net configuration...
Testing from FIl Products Service Television Inc (103.105.214.56)...
Retrieving speedtest.net server list...
Selecting best server based on ping...
Hosted by Globe Telecom (Makati) [633.45 km]: 24.591 ms
Testing download speed................................................................................
Download: 185.41 Mbit/s
Testing upload speed......................................................................................................
Upload: 216.63 Mbit/s
2025-07-24T02:45:01+08:00
Retrieving speedtest.net configuration...
Testing from FIl Products Service Television Inc (103.105.214.54)...
Retrieving speedtest.net server list...
Selecting best server based on ping...
Hosted by Globe Telecom (Makati) [633.45 km]: 28.725 ms
Testing download speed................................................................................
Download: 171.52 Mbit/s
Testing upload speed......................................................................................................
Upload: 254.86 Mbit/s
2025-07-24T02:50:01+08:00
Retrieving speedtest.net configuration...
Testing from FIl Products Service Television Inc (103.105.214.54)...
Retrieving speedtest.net server list...
Selecting best server based on ping...
Hosted by Globe Telecom (Makati) [633.45 km]: 30.414 ms
Testing download speed................................................................................
Download: 185.46 Mbit/s
Testing upload speed......................................................................................................
Upload: 228.57 Mbit/s
2025-07-24T02:55:01+08:00
Retrieving speedtest.net configuration...
Testing from FIl Products Service Television Inc (103.105.214.54)...
Retrieving speedtest.net server list...
Selecting best server based on ping...
Hosted by Globe Telecom (Makati) [633.45 km]: 27.373 ms
Testing download speed................................................................................
Download: 190.41 Mbit/s
Testing upload speed......................................................................................................
Upload: 255.89 Mbit/s
2025-07-24T03:00:01+08:00
Retrieving speedtest.net configuration...
Testing from FIl Products Service Television Inc (103.105.214.56)...
Retrieving speedtest.net server list...
Selecting best server based on ping...
2025-07-24T03:05:01+08:00
Retrieving speedtest.net configuration...
Testing from FIl Products Service Television Inc (103.105.214.54)...
Retrieving speedtest.net server list...
Selecting best server based on ping...
Hosted by Globe Telecom (Makati) [633.45 km]: 27.834 ms
Testing download speed................................................................................
Download: 167.91 Mbit/s
Testing upload speed......................................................................................................
Upload: 279.13 Mbit/s
2025-07-24T03:10:01+08:00
Retrieving speedtest.net configuration...
Testing from FIl Products Service Television Inc (103.105.214.54)...
Retrieving speedtest.net server list...
Selecting best server based on ping...
Hosted by Globe Telecom (Makati) [633.45 km]: 25.479 ms
Testing download speed................................................................................
Download: 190.48 Mbit/s
Testing upload speed......................................................................................................
Upload: 257.04 Mbit/s
2025-07-24T03:15:01+08:00
Retrieving speedtest.net configuration...
Testing from FIl Products Service Television Inc (103.105.214.54)...
Retrieving speedtest.net server list...
Selecting best server based on ping...
Hosted by Globe Telecom (Makati) [633.45 km]: 25.123 ms
Testing download speed................................................................................
Download: 174.06 Mbit/s
Testing upload speed......................................................................................................
Upload: 297.26 Mbit/s
2025-07-24T03:20:01+08:00
Retrieving speedtest.net configuration...
Testing from FIl Products Service Television Inc (103.105.214.54)...
Retrieving speedtest.net server list...
Selecting best server based on ping...
Hosted by Globe Telecom (Makati) [633.45 km]: 24.32 ms
Testing download speed................................................................................
Download: 180.14 Mbit/s
Testing upload speed......................................................................................................
Upload: 247.24 Mbit/s
2025-07-24T03:25:01+08:00
Retrieving speedtest.net configuration...
Testing from FIl Products Service Television Inc (103.105.214.54)...
Retrieving speedtest.net server list...
Selecting best server based on ping...
Hosted by Globe Telecom (Makati) [633.45 km]: 24.674 ms
Testing download speed................................................................................
Download: 179.23 Mbit/s
Testing upload speed......................................................................................................
Upload: 278.77 Mbit/s
2025-07-24T03:30:01+08:00
Retrieving speedtest.net configuration...
Testing from FIl Products Service Television Inc (103.105.214.54)...
Retrieving speedtest.net server list...
Selecting best server based on ping...
2025-07-24T03:35:01+08:00
Retrieving speedtest.net configuration...
Testing from FIl Products Service Television Inc (103.105.214.56)...
Retrieving speedtest.net server list...
Selecting best server based on ping...
Hosted by Globe Telecom (Makati) [633.45 km]: 27.385 ms
Testing download speed................................................................................
Download: 164.56 Mbit/s
Testing upload speed......................................................................................................
Upload: 239.91 Mbit/s
2025-07-24T03:40:01+08:00
Retrieving speedtest.net configuration...
Testing from FIl Products Service Television Inc (103.105.214.54)...
Retrieving speedtest.net server list...
Selecting best server based on ping...
Hosted by Globe Telecom (Makati) [633.45 km]: 23.759 ms
Testing download speed................................................................................
Download: 176.67 Mbit/s
Testing upload speed......................................................................................................
Upload: 285.09 Mbit/s
2025-07-24T03:45:01+08:00
Retrieving speedtest.net configuration...
Testing from FIl Products Service Television Inc (103.105.214.54)...
Retrieving speedtest.net server list...
Selecting best server based on ping...
Hosted by Globe Telecom (Makati) [633.45 km]: 28.759 ms
Testing download speed................................................................................
Download: 189.68 Mbit/s
Testing upload speed......................................................................................................
Upload: 184.60 Mbit/s
2025-07-24T03:50:01+08:00
Retrieving speedtest.net configuration...
Testing from FIl Products Service Television Inc (103.105.214.56)...
Retrieving speedtest.net server list...
Selecting best server based on ping...
Hosted by Globe Telecom (Makati) [633.45 km]: 25.122 ms
Testing download speed................................................................................
Download: 179.81 Mbit/s
Testing upload speed......................................................................................................
Upload: 276.84 Mbit/s
2025-07-24T03:55:01+08:00
Retrieving speedtest.net configuration...
Testing from FIl Products Service Television Inc (103.105.214.54)...
Retrieving speedtest.net server list...
Selecting best server based on ping...
Hosted by Globe Telecom (Makati) [633.45 km]: 29.051 ms
Testing download speed................................................................................
Download: 163.25 Mbit/s
Testing upload speed......................................................................................................
Upload: 268.15 Mbit/s
2025-07-24T04:00:01+08:00
Retrieving speedtest.net configuration...
Testing from FIl Products Service Television Inc (103.105.214.54)...
Retrieving speedtest.net server list...
Selecting best server based on ping...
