2025-05-16T00:00:01-04:00
Retrieving speedtest.net configuration...
Testing from Bell Canada (142.188.145.144)...
Retrieving speedtest.net server list...
Selecting best server based on ping...
Hosted by Bell Canada (Dorval, QC) [147.04 km]: 8.213 ms
Testing download speed................................................................................
Download: 373.63 Mbit/s
Testing upload speed......................................................................................................
Upload: 224.32 Mbit/s
2025-05-16T00:05:01-04:00
Retrieving speedtest.net configuration...
2025-05-16T00:10:01-04:00
Retrieving speedtest.net configuration...
Testing from Bell Canada (142.188.145.144)...
Retrieving speedtest.net server list...
Selecting best server based on ping...
Hosted by Bell Canada (Dorval, QC) [147.04 km]: 7.947 ms
Testing download speed................................................................................
Download: 367.00 Mbit/s
Testing upload speed......................................................................................................
Upload: 224.86 Mbit/s
2025-05-16T00:15:01-04:00
Retrieving speedtest.net configuration...
Testing from Bell Canada (142.188.145.144)...
Retrieving speedtest.net server list...
Selecting best server based on ping...
Hosted by Bell Canada (Dorval, QC) [147.04 km]: 8.535 ms
Testing download speed................................................................................
Download: 378.34 Mbit/s
Testing upload speed......................................................................................................
Upload: 267.54 Mbit/s
2025-05-16T00:20:01-04:00
Retrieving speedtest.net configuration...
Testing from Bell Canada (142.188.145.144)...
Retrieving speedtest.net server list...
Selecting best server based on ping...
Hosted by Bell Canada (Dorval, QC) [147.04 km]: 7.849 ms
Testing download speed................................................................................
Download: 404.04 Mbit/s
Testing upload speed......................................................................................................
Upload: 293.80 Mbit/s
2025-05-16T00:25:01-04:00
Retrieving speedtest.net configuration...
Testing from Bell Canada (142.188.145.144)...
Retrieving speedtest.net server list...
Selecting best server based on ping...
Hosted by Bell Canada (Dorval, QC) [147.04 km]: 7.893 ms
Testing download speed................................................................................
Download: 408.74 Mbit/s
Testing upload speed......................................................................................................
Upload: 281.25 Mbit/s
2025-05-16T00:30:01-04:00
Retrieving speedtest.net configuration...
Testing from Bell Canada (142.188.145.144)...
Retrieving speedtest.net server list...
Selecting best server based on ping...
Hosted by Bell Canada (Kanata, ON) [10.76 km]: 5.166 ms
Testing download speed................................................................................
Download: 400.49 Mbit/s
Testing upload speed......................................................................................................
Upload: 288.48 Mbit/s
2025-05-16T00:35:01-04:00
Retrieving speedtest.net configuration...
Testing from Bell Canada (142.188.145.144)...
Retrieving speedtest.net server list...
Selecting best server based on ping...
Hosted by Bell Canada (Kanata, ON) [10.76 km]: 4.926 ms
Testing download speed................................................................................
Download: 405.53 Mbit/s
Testing upload speed......................................................................................................
Upload: 247.70 Mbit/s
2025-05-16T00:40:01-04:00
Retrieving speedtest.net configuration...
Testing from Bell Canada (142.188.145.144)...
Retrieving speedtest.net server list...
Selecting best server based on ping...
Hosted by Bell Canada (Ottawa, ON) [10.76 km]: 3.959 ms
Testing download speed................................................................................
Download: 398.09 Mbit/s
Testing upload speed......................................................................................................
Upload: 262.04 Mbit/s
2025-05-16T07:10:01-04:00
Retrieving speedtest.net configuration...
Testing from Bell Canada (142.188.145.144)...
Retrieving speedtest.net server list...
Selecting best server based on ping...
Hosted by Bell Mobility (Nepean, ON) [7.67 km]: 7.395 ms
Testing download speed................................................................................
Download: 398.11 Mbit/s
Testing upload speed......................................................................................................
Upload: 320.16 Mbit/s
2025-05-16T07:15:01-04:00
Retrieving speedtest.net configuration...
Testing from Bell Canada (142.188.145.144)...
Retrieving speedtest.net server list...
Selecting best server based on ping...
Hosted by Bell Mobility (Nepean, ON) [7.67 km]: 6.765 ms
Testing download speed................................................................................
Download: 402.50 Mbit/s
Testing upload speed......................................................................................................
Upload: 325.31 Mbit/s
2025-05-16T07:20:01-04:00
Retrieving speedtest.net configuration...
Testing from Bell Canada (142.188.145.144)...
Retrieving speedtest.net server list...
Selecting best server based on ping...
Hosted by Bell Mobility (Nepean, ON) [7.67 km]: 7.147 ms
Testing download speed................................................................................
Download: 431.56 Mbit/s
Testing upload speed......................................................................................................
Upload: 325.96 Mbit/s
2025-05-16T07:25:01-04:00
Retrieving speedtest.net configuration...
Testing from Bell Canada (142.188.145.144)...
Retrieving speedtest.net server list...
Selecting best server based on ping...
Hosted by Bell Mobility (Nepean, ON) [7.67 km]: 7.142 ms
Testing download speed................................................................................
Download: 422.58 Mbit/s
Testing upload speed......................................................................................................
Upload: 324.20 Mbit/s
2025-05-16T07:30:01-04:00
Retrieving speedtest.net configuration...
Testing from Bell Canada (142.188.145.144)...
Retrieving speedtest.net server list...
Selecting best server based on ping...
Hosted by Bell Mobility (Nepean, ON) [7.67 km]: 7.311 ms
Testing download speed................................................................................
Download: 433.13 Mbit/s
Testing upload speed......................................................................................................
Upload: 337.70 Mbit/s
2025-05-16T07:35:01-04:00
Retrieving speedtest.net configuration...
Testing from Bell Canada (142.188.145.144)...
Retrieving speedtest.net server list...
Selecting best server based on ping...
Hosted by Bell Mobility (Nepean, ON) [7.67 km]: 7.397 ms
Testing download speed................................................................................
Download: 434.50 Mbit/s
Testing upload speed......................................................................................................
Upload: 327.92 Mbit/s
2025-05-16T07:40:01-04:00
Retrieving speedtest.net configuration...
Testing from Bell Canada (142.188.145.144)...
Retrieving speedtest.net server list...
Selecting best server based on ping...
Hosted by Rogers Wireless (Ottawa, ON) [10.76 km]: 7.565 ms
Testing download speed................................................................................
Download: 415.86 Mbit/s
Testing upload speed......................................................................................................
Upload: 332.52 Mbit/s
2025-05-16T07:45:01-04:00
Retrieving speedtest.net configuration...
Testing from Bell Canada (142.188.145.144)...
Retrieving speedtest.net server list...
Selecting best server based on ping...
Hosted by Bell Mobility (Nepean, ON) [7.67 km]: 6.437 ms
Testing download speed................................................................................
Download: 429.21 Mbit/s
Testing upload speed......................................................................................................
Upload: 304.33 Mbit/s
2025-05-16T07:50:01-04:00
Retrieving speedtest.net configuration...
Testing from Bell Canada (142.188.145.144)...
Retrieving speedtest.net server list...
Selecting best server based on ping...
Hosted by Bell Mobility (Nepean, ON) [7.67 km]: 7.012 ms
Testing download speed................................................................................
Download: 434.42 Mbit/s
Testing upload speed......................................................................................................
Upload: 326.37 Mbit/s
2025-05-16T07:55:01-04:00
Retrieving speedtest.net configuration...
Testing from Bell Canada (142.188.145.144)...
Retrieving speedtest.net server list...
Selecting best server based on ping...
Hosted by Bell Mobility (Nepean, ON) [7.67 km]: 7.227 ms
Testing download speed................................................................................
Download: 430.57 Mbit/s
Testing upload speed......................................................................................................
Upload: 318.59 Mbit/s
2025-05-16T08:00:01-04:00
Retrieving speedtest.net configuration...
Testing from Bell Canada (142.188.145.144)...
Retrieving speedtest.net server list...
Selecting best server based on ping...
Hosted by Bell Mobility (Nepean, ON) [7.67 km]: 6.742 ms
Testing download speed................................................................................
Download: 429.13 Mbit/s
Testing upload speed......................................................................................................
Upload: 267.38 Mbit/s
2025-05-16T08:05:01-04:00
Retrieving speedtest.net configuration...
2025-05-16T08:10:01-04:00
Retrieving speedtest.net configuration...
Testing from Bell Canada (142.188.145.144)...
Retrieving speedtest.net server list...
Selecting best server based on ping...
Hosted by Bell Mobility (Nepean, ON) [7.67 km]: 6.952 ms
Testing download speed................................................................................
Download: 434.34 Mbit/s
Testing upload speed......................................................................................................
Upload: 318.86 Mbit/s
2025-05-16T08:15:01-04:00
Retrieving speedtest.net configuration...
Testing from Bell Canada (142.188.145.144)...
Retrieving speedtest.net server list...
Selecting best server based on ping...
Hosted by Bell Mobility (Nepean, ON) [7.67 km]: 6.422 ms
Testing download speed................................................................................
Download: 402.70 Mbit/s
Testing upload speed......................................................................................................
Upload: 325.02 Mbit/s
2025-05-16T08:20:01-04:00
Retrieving speedtest.net configuration...
Testing from Bell Canada (142.188.145.144)...
Retrieving speedtest.net server list...
Selecting best server based on ping...
Hosted by Bell Mobility (Nepean, ON) [7.67 km]: 6.663 ms
Testing download speed................................................................................
Download: 427.93 Mbit/s
Testing upload speed......................................................................................................
Upload: 324.62 Mbit/s
2025-05-16T08:25:01-04:00
Retrieving speedtest.net configuration...
Testing from Bell Canada (142.188.145.144)...
Retrieving speedtest.net server list...
Selecting best server based on ping...
Hosted by Rogers Wireless (Ottawa, ON) [10.76 km]: 7.869 ms
Testing download speed................................................................................
Download: 416.64 Mbit/s
Testing upload speed......................................................................................................
Upload: 321.93 Mbit/s
2025-05-16T08:30:01-04:00
Retrieving speedtest.net configuration...
Testing from Bell Canada (142.188.145.144)...
Retrieving speedtest.net server list...
Selecting best server based on ping...
Hosted by Bell Mobility (Nepean, ON) [7.67 km]: 6.918 ms
Testing download speed................................................................................
Download: 409.37 Mbit/s
Testing upload speed......................................................................................................
Upload: 314.15 Mbit/s
2025-05-16T09:55:01-04:00
Retrieving speedtest.net configuration...
Testing from Bell Canada (142.188.145.144)...
Retrieving speedtest.net server list...
Selecting best server based on ping...
Hosted by Bell Mobility (Kingston, ON) [140.26 km]: 9.122 ms
Testing download speed................................................................................
Download: 397.72 Mbit/s
Testing upload speed......................................................................................................
Upload: 256.74 Mbit/s
2025-05-16T10:00:01-04:00
Retrieving speedtest.net configuration...
Testing from Bell Canada (142.188.145.144)...
Retrieving speedtest.net server list...
Selecting best server based on ping...
Hosted by Rogers Wireless (Kingston, ON) [140.92 km]: 6.78 ms
Testing download speed................................................................................
Download: 419.30 Mbit/s
Testing upload speed......................................................................................................
Upload: 251.97 Mbit/s
2025-05-16T10:05:01-04:00
Retrieving speedtest.net configuration...
2025-05-16T10:10:01-04:00
Retrieving speedtest.net configuration...
Testing from Bell Canada (142.188.145.144)...
Retrieving speedtest.net server list...
Selecting best server based on ping...
Hosted by Rogers Wireless (Kingston, ON) [140.92 km]: 6.809 ms
Testing download speed................................................................................
Download: 398.58 Mbit/s
Testing upload speed......................................................................................................
Upload: 257.10 Mbit/s
2025-05-16T10:15:01-04:00
Retrieving speedtest.net configuration...
Testing from Bell Canada (142.188.145.144)...
Retrieving speedtest.net server list...
Selecting best server based on ping...
Hosted by Rogers Wireless (Kanata, ON) [21.52 km]: 7.457 ms
Testing download speed................................................................................
Download: 383.18 Mbit/s
Testing upload speed......................................................................................................
Upload: 251.85 Mbit/s
2025-05-16T10:20:01-04:00
Retrieving speedtest.net configuration...
Testing from Bell Canada (142.188.145.144)...
Retrieving speedtest.net server list...
Selecting best server based on ping...
Hosted by Bell Mobility (Kingston, ON) [140.26 km]: 7.037 ms
Testing download speed................................................................................
Download: 399.13 Mbit/s
Testing upload speed......................................................................................................
Upload: 327.38 Mbit/s
2025-05-16T17:10:01-04:00
Retrieving speedtest.net configuration...
Testing from Bell Canada (142.188.145.144)...
Retrieving speedtest.net server list...
Selecting best server based on ping...
Hosted by Giant Communications (Topeka, KS) [1787.47 km]: 51.179 ms
Testing download speed................................................................................
Download: 335.61 Mbit/s
Testing upload speed......................................................................................................
Upload: 219.40 Mbit/s
2025-05-16T17:15:01-04:00
Retrieving speedtest.net configuration...
Testing from Bell Canada (142.188.145.144)...
Retrieving speedtest.net server list...
Selecting best server based on ping...
Hosted by Giant Communications (Topeka, KS) [1787.47 km]: 37.154 ms
Testing download speed................................................................................
Download: 346.16 Mbit/s
Testing upload speed......................................................................................................
Upload: 214.88 Mbit/s
2025-05-16T17:20:01-04:00
Retrieving speedtest.net configuration...
Testing from Bell Canada (142.188.145.144)...
Retrieving speedtest.net server list...
Selecting best server based on ping...
Hosted by Giant Communications (Topeka, KS) [1787.47 km]: 37.222 ms
Testing download speed................................................................................
Download: 322.58 Mbit/s
Testing upload speed......................................................................................................
Upload: 239.05 Mbit/s
2025-05-16T17:25:01-04:00
Retrieving speedtest.net configuration...
Testing from Bell Canada (142.188.145.144)...
Retrieving speedtest.net server list...
Selecting best server based on ping...
Hosted by Giant Communications (Topeka, KS) [1787.47 km]: 37.488 ms
Testing download speed................................................................................
Download: 322.26 Mbit/s
Testing upload speed......................................................................................................
Upload: 221.56 Mbit/s
2025-05-16T17:30:01-04:00
Retrieving speedtest.net configuration...
Testing from Bell Canada (142.188.145.144)...
Retrieving speedtest.net server list...
Selecting best server based on ping...
Hosted by Giant Communications (Topeka, KS) [1787.47 km]: 36.561 ms
Testing download speed................................................................................
Download: 338.14 Mbit/s
Testing upload speed......................................................................................................
Upload: 145.54 Mbit/s
2025-05-16T17:35:01-04:00
Retrieving speedtest.net configuration...
Testing from Bell Canada (142.188.145.144)...
Retrieving speedtest.net server list...
Selecting best server based on ping...
Hosted by Giant Communications (Topeka, KS) [1787.47 km]: 49.887 ms
Testing download speed................................................................................
Download: 302.37 Mbit/s
Testing upload speed......................................................................................................
Upload: 155.50 Mbit/s
2025-05-16T17:40:01-04:00
Retrieving speedtest.net configuration...
Testing from Bell Canada (142.188.145.144)...
Retrieving speedtest.net server list...
Selecting best server based on ping...
Hosted by Giant Communications (Topeka, KS) [1787.47 km]: 38.495 ms
Testing download speed................................................................................
Download: 309.12 Mbit/s
Testing upload speed......................................................................................................
Upload: 227.84 Mbit/s
2025-05-16T17:45:01-04:00
Retrieving speedtest.net configuration...
Testing from Bell Canada (142.188.145.144)...
Retrieving speedtest.net server list...
Selecting best server based on ping...
Hosted by Giant Communications (Topeka, KS) [1787.47 km]: 38.099 ms
Testing download speed................................................................................
Download: 328.09 Mbit/s
Testing upload speed......................................................................................................
Upload: 212.28 Mbit/s
2025-05-16T17:50:01-04:00
Retrieving speedtest.net configuration...
Testing from Bell Canada (142.188.145.144)...
Retrieving speedtest.net server list...
Selecting best server based on ping...
Hosted by Craw-Kan Telephone Cooperative (Girard, KS) [1816.81 km]: 43.223 ms
Testing download speed................................................................................
Download: 293.64 Mbit/s
Testing upload speed......................................................................................................
Upload: 200.83 Mbit/s
2025-05-16T17:55:01-04:00
Retrieving speedtest.net configuration...
Testing from Bell Canada (142.188.145.144)...
Retrieving speedtest.net server list...
Selecting best server based on ping...
Hosted by Giant Communications (Topeka, KS) [1787.47 km]: 37.72 ms
Testing download speed................................................................................
Download: 313.97 Mbit/s
Testing upload speed......................................................................................................
Upload: 230.37 Mbit/s
2025-05-16T18:00:01-04:00
Retrieving speedtest.net configuration...
Testing from Bell Canada (142.188.145.144)...
Retrieving speedtest.net server list...
Selecting best server based on ping...
