2025-07-22T00:00:01+08:00
Retrieving speedtest.net configuration...
Testing from FIl Products Service Television Inc (103.105.214.62)...
Retrieving speedtest.net server list...
Selecting best server based on ping...
2025-07-22T00:05:01+08:00
Retrieving speedtest.net configuration...
2025-07-22T00:10:01+08:00
Retrieving speedtest.net configuration...
Testing from FIl Products Service Television Inc (103.105.214.62)...
Retrieving speedtest.net server list...
Selecting best server based on ping...
Hosted by Globe Telecom (Taguig) [629.25 km]: 33.523 ms
Testing download speed................................................................................
Download: 174.87 Mbit/s
Testing upload speed......................................................................................................
Upload: 268.05 Mbit/s
2025-07-22T00:15:01+08:00
Retrieving speedtest.net configuration...
Testing from FIl Products Service Television Inc (103.105.214.59)...
Retrieving speedtest.net server list...
Selecting best server based on ping...
Hosted by Globe Telecom (Taguig) [629.25 km]: 26.309 ms
Testing download speed................................................................................
Download: 183.43 Mbit/s
Testing upload speed......................................................................................................
Upload: 233.69 Mbit/s
2025-07-22T00:20:01+08:00
Retrieving speedtest.net configuration...
Testing from FIl Products Service Television Inc (103.105.214.62)...
Retrieving speedtest.net server list...
Selecting best server based on ping...
Hosted by Globe Telecom (Taguig) [629.25 km]: 32.162 ms
Testing download speed................................................................................
Download: 181.21 Mbit/s
Testing upload speed......................................................................................................
Upload: 292.38 Mbit/s
2025-07-22T00:25:01+08:00
Retrieving speedtest.net configuration...
Testing from FIl Products Service Television Inc (103.105.214.62)...
Retrieving speedtest.net server list...
Selecting best server based on ping...
Hosted by Globe Telecom (Taguig) [629.25 km]: 23.997 ms
Testing download speed................................................................................
Download: 151.17 Mbit/s
Testing upload speed......................................................................................................
Upload: 275.42 Mbit/s
2025-07-22T00:30:01+08:00
Retrieving speedtest.net configuration...
Testing from FIl Products Service Television Inc (103.105.214.59)...
Retrieving speedtest.net server list...
Selecting best server based on ping...
2025-07-22T00:35:01+08:00
Retrieving speedtest.net configuration...
Testing from FIl Products Service Television Inc (103.105.214.62)...
Retrieving speedtest.net server list...
Selecting best server based on ping...
Hosted by Globe Telecom (Taguig) [629.25 km]: 32.191 ms
Testing download speed................................................................................
Download: 199.33 Mbit/s
Testing upload speed......................................................................................................
Upload: 265.01 Mbit/s
2025-07-22T00:40:01+08:00
Retrieving speedtest.net configuration...
Testing from FIl Products Service Television Inc (103.105.214.62)...
Retrieving speedtest.net server list...
Selecting best server based on ping...
Hosted by Globe Telecom (Taguig) [629.25 km]: 26.419 ms
Testing download speed................................................................................
Download: 192.35 Mbit/s
Testing upload speed......................................................................................................
Upload: 188.94 Mbit/s
2025-07-22T00:45:01+08:00
Retrieving speedtest.net configuration...
Testing from FIl Products Service Television Inc (103.105.214.59)...
Retrieving speedtest.net server list...
Selecting best server based on ping...
Hosted by Globe Telecom (Taguig) [629.25 km]: 29.687 ms
Testing download speed................................................................................
Download: 188.10 Mbit/s
Testing upload speed......................................................................................................
Upload: 284.81 Mbit/s
2025-07-22T00:50:01+08:00
Retrieving speedtest.net configuration...
Testing from FIl Products Service Television Inc (103.105.214.59)...
Retrieving speedtest.net server list...
Selecting best server based on ping...
Hosted by PLDT (Makati) [634.17 km]: 22.261 ms
Testing download speed................................................................................
Download: 185.81 Mbit/s
Testing upload speed......................................................................................................
Upload: 326.38 Mbit/s
2025-07-22T00:55:01+08:00
Retrieving speedtest.net configuration...
Testing from FIl Products Service Television Inc (103.105.214.62)...
Retrieving speedtest.net server list...
Selecting best server based on ping...
Hosted by PLDT (Makati) [634.17 km]: 20.576 ms
Testing download speed................................................................................
Download: 194.66 Mbit/s
Testing upload speed......................................................................................................
Upload: 326.22 Mbit/s
2025-07-22T01:00:01+08:00
Retrieving speedtest.net configuration...
Testing from FIl Products Service Television Inc (103.105.214.62)...
Retrieving speedtest.net server list...
Selecting best server based on ping...
