2025-06-29T00:00:01+08:00
Retrieving speedtest.net configuration...
Testing from FIl Products Service Television Inc (103.105.214.61)...
Retrieving speedtest.net server list...
Selecting best server based on ping...
2025-06-29T00:05:01+08:00
Retrieving speedtest.net configuration...
2025-06-29T00:10:01+08:00
Retrieving speedtest.net configuration...
Testing from FIl Products Service Television Inc (103.105.214.61)...
Retrieving speedtest.net server list...
Selecting best server based on ping...
Hosted by Airlive Communications, Inc. (Pasig City) [633.83 km]: 23.238 ms
Testing download speed................................................................................
Download: 192.39 Mbit/s
Testing upload speed......................................................................................................
Upload: 338.76 Mbit/s
2025-06-29T00:15:01+08:00
Retrieving speedtest.net configuration...
Testing from FIl Products Service Television Inc (103.105.214.54)...
Retrieving speedtest.net server list...
Selecting best server based on ping...
Hosted by PT&T (Makati City) [634.17 km]: 24.414 ms
Testing download speed................................................................................
Download: 183.04 Mbit/s
Testing upload speed......................................................................................................
Upload: 333.03 Mbit/s
2025-06-29T00:20:01+08:00
Retrieving speedtest.net configuration...
Testing from FIl Products Service Television Inc (103.105.214.61)...
Retrieving speedtest.net server list...
Selecting best server based on ping...
Hosted by Now Corporation (Cavite) [632.09 km]: 19.891 ms
Testing download speed................................................................................
Download: 191.14 Mbit/s
Testing upload speed......................................................................................................
Upload: 297.29 Mbit/s
2025-06-29T00:25:01+08:00
Retrieving speedtest.net configuration...
Testing from FIl Products Service Television Inc (103.105.214.61)...
Retrieving speedtest.net server list...
Selecting best server based on ping...
Hosted by Now Corporation (Cavite) [632.09 km]: 19.595 ms
Testing download speed................................................................................
Download: 190.74 Mbit/s
Testing upload speed......................................................................................................
Upload: 398.19 Mbit/s
2025-06-29T00:30:01+08:00
Retrieving speedtest.net configuration...
Testing from FIl Products Service Television Inc (103.105.214.61)...
Retrieving speedtest.net server list...
Selecting best server based on ping...
2025-06-29T00:35:01+08:00
Retrieving speedtest.net configuration...
Testing from FIl Products Service Television Inc (103.105.214.61)...
Retrieving speedtest.net server list...
Selecting best server based on ping...
Hosted by PT&T (Makati City) [634.17 km]: 21.24 ms
Testing download speed................................................................................
Download: 158.52 Mbit/s
Testing upload speed......................................................................................................
Upload: 329.79 Mbit/s
2025-06-29T00:40:01+08:00
Retrieving speedtest.net configuration...
Testing from FIl Products Service Television Inc (103.105.214.54)...
Retrieving speedtest.net server list...
Selecting best server based on ping...
Hosted by PT&T (Makati City) [634.17 km]: 21.858 ms
Testing download speed................................................................................
Download: 191.80 Mbit/s
Testing upload speed......................................................................................................
Upload: 348.27 Mbit/s
2025-06-29T00:45:01+08:00
Retrieving speedtest.net configuration...
Testing from FIl Products Service Television Inc (103.105.214.61)...
Retrieving speedtest.net server list...
Selecting best server based on ping...
Hosted by Now Corporation (Cavite) [632.09 km]: 19.783 ms
Testing download speed................................................................................
Download: 185.23 Mbit/s
Testing upload speed......................................................................................................
Upload: 332.27 Mbit/s
2025-06-29T00:50:01+08:00
Retrieving speedtest.net configuration...
Testing from FIl Products Service Television Inc (103.105.214.61)...
Retrieving speedtest.net server list...
Selecting best server based on ping...
Hosted by Now Corporation (Cavite) [632.09 km]: 19.541 ms
Testing download speed................................................................................
Download: 193.62 Mbit/s
Testing upload speed......................................................................................................
Upload: 454.47 Mbit/s
2025-06-29T00:55:01+08:00
Retrieving speedtest.net configuration...
Testing from FIl Products Service Television Inc (103.105.214.54)...
Retrieving speedtest.net server list...
Selecting best server based on ping...
Hosted by PT&T (Makati City) [634.17 km]: 21.518 ms
Testing download speed................................................................................
Download: 166.17 Mbit/s
Testing upload speed......................................................................................................
Upload: 291.06 Mbit/s
2025-06-29T01:00:01+08:00
Retrieving speedtest.net configuration...
Testing from FIl Products Service Television Inc (103.105.214.61)...
Retrieving speedtest.net server list...
Selecting best server based on ping...
