2025-08-28T00:00:01+08:00
Retrieving speedtest.net configuration...
Testing from FIl Products Service Television Inc (103.105.214.48)...
Retrieving speedtest.net server list...
Selecting best server based on ping...
2025-08-28T00:05:01+08:00
Retrieving speedtest.net configuration...
2025-08-28T00:10:01+08:00
Retrieving speedtest.net configuration...
Testing from FIl Products Service Television Inc (103.105.214.48)...
Retrieving speedtest.net server list...
Selecting best server based on ping...
Hosted by FiberBro (Makati) [633.45 km]: 24.006 ms
Testing download speed................................................................................
Download: 30.43 Mbit/s
Testing upload speed......................................................................................................
Upload: 61.44 Mbit/s
2025-08-28T00:15:01+08:00
Retrieving speedtest.net configuration...
Testing from FIl Products Service Television Inc (103.105.214.48)...
Retrieving speedtest.net server list...
Selecting best server based on ping...
Hosted by Globe Telecom (Taguig) [629.25 km]: 25.108 ms
Testing download speed................................................................................
Download: 107.46 Mbit/s
Testing upload speed......................................................................................................
Upload: 87.39 Mbit/s
2025-08-28T00:20:01+08:00
Retrieving speedtest.net configuration...
Testing from FIl Products Service Television Inc (103.105.214.63)...
Retrieving speedtest.net server list...
Selecting best server based on ping...
Hosted by Globe Telecom (Taguig) [629.25 km]: 24.057 ms
Testing download speed................................................................................
Download: 107.85 Mbit/s
Testing upload speed......................................................................................................
Upload: 83.74 Mbit/s
2025-08-28T00:25:01+08:00
Retrieving speedtest.net configuration...
Testing from FIl Products Service Television Inc (103.105.214.48)...
Retrieving speedtest.net server list...
Selecting best server based on ping...
Hosted by Globe Telecom (Taguig) [629.25 km]: 27.327 ms
Testing download speed................................................................................
Download: 122.87 Mbit/s
Testing upload speed......................................................................................................
Upload: 73.88 Mbit/s
2025-08-28T00:30:01+08:00
Retrieving speedtest.net configuration...
Testing from FIl Products Service Television Inc (103.105.214.63)...
Retrieving speedtest.net server list...
Selecting best server based on ping...
2025-08-28T00:35:01+08:00
Retrieving speedtest.net configuration...
Testing from FIl Products Service Television Inc (103.105.214.63)...
Retrieving speedtest.net server list...
Selecting best server based on ping...
Hosted by Globe Telecom (Taguig) [629.25 km]: 35.449 ms
Testing download speed................................................................................
Download: 131.05 Mbit/s
Testing upload speed......................................................................................................
Upload: 84.53 Mbit/s
2025-08-28T00:40:01+08:00
Retrieving speedtest.net configuration...
Testing from FIl Products Service Television Inc (103.105.214.48)...
Retrieving speedtest.net server list...
Selecting best server based on ping...
Hosted by Globe Telecom (Taguig) [629.25 km]: 24.662 ms
Testing download speed................................................................................
Download: 109.76 Mbit/s
Testing upload speed......................................................................................................
Upload: 55.58 Mbit/s
2025-08-28T00:45:01+08:00
Retrieving speedtest.net configuration...
Testing from FIl Products Service Television Inc (103.105.214.63)...
Retrieving speedtest.net server list...
Selecting best server based on ping...
Hosted by Globe Telecom (Taguig) [629.25 km]: 24.936 ms
Testing download speed................................................................................
Download: 98.59 Mbit/s
Testing upload speed......................................................................................................
Upload: 74.29 Mbit/s
2025-08-28T00:50:01+08:00
Retrieving speedtest.net configuration...
Testing from FIl Products Service Television Inc (103.105.214.63)...
Retrieving speedtest.net server list...
Selecting best server based on ping...
Hosted by Globe Telecom (Taguig) [629.25 km]: 24.699 ms
Testing download speed................................................................................
Download: 111.16 Mbit/s
Testing upload speed......................................................................................................
Upload: 78.66 Mbit/s
2025-08-28T00:55:01+08:00
Retrieving speedtest.net configuration...
Testing from FIl Products Service Television Inc (103.105.214.63)...
Retrieving speedtest.net server list...
Selecting best server based on ping...
Hosted by Globe Telecom (Taguig) [629.25 km]: 27.232 ms
Testing download speed................................................................................
Download: 112.93 Mbit/s
Testing upload speed......................................................................................................
Upload: 80.01 Mbit/s
2025-08-28T01:00:01+08:00
Retrieving speedtest.net configuration...
Testing from FIl Products Service Television Inc (103.105.214.63)...
Retrieving speedtest.net server list...
Selecting best server based on ping...
