2025-09-08T00:00:01+08:00
Retrieving speedtest.net configuration...
Testing from FIl Products Service Television Inc (103.105.214.56)...
Retrieving speedtest.net server list...
Selecting best server based on ping...
2025-09-08T00:05:01+08:00
Retrieving speedtest.net configuration...
2025-09-08T00:10:01+08:00
Retrieving speedtest.net configuration...
Testing from FIl Products Service Television Inc (103.105.214.56)...
Retrieving speedtest.net server list...
Selecting best server based on ping...
Hosted by Airlive Communications, Inc. (Pasig City) [633.83 km]: 25.681 ms
Testing download speed................................................................................
Download: 91.29 Mbit/s
Testing upload speed......................................................................................................
Upload: 87.73 Mbit/s
2025-09-08T00:15:01+08:00
Retrieving speedtest.net configuration...
Testing from FIl Products Service Television Inc (103.105.214.54)...
Retrieving speedtest.net server list...
Selecting best server based on ping...
Hosted by PT&T (Makati City) [634.17 km]: 21.49 ms
Testing download speed................................................................................
Download: 91.60 Mbit/s
Testing upload speed......................................................................................................
Upload: 90.86 Mbit/s
2025-09-08T00:20:01+08:00
Retrieving speedtest.net configuration...
Testing from FIl Products Service Television Inc (103.105.214.56)...
Retrieving speedtest.net server list...
Selecting best server based on ping...
Hosted by PT&T (Makati City) [634.17 km]: 21.312 ms
Testing download speed................................................................................
Download: 92.74 Mbit/s
Testing upload speed......................................................................................................
Upload: 87.39 Mbit/s
2025-09-08T00:25:01+08:00
Retrieving speedtest.net configuration...
Testing from FIl Products Service Television Inc (103.105.214.54)...
Retrieving speedtest.net server list...
Selecting best server based on ping...
Hosted by PT&T (Makati City) [634.17 km]: 20.751 ms
Testing download speed................................................................................
Download: 93.14 Mbit/s
Testing upload speed......................................................................................................
Upload: 83.12 Mbit/s
2025-09-08T00:30:01+08:00
Retrieving speedtest.net configuration...
Testing from FIl Products Service Television Inc (103.105.214.54)...
Retrieving speedtest.net server list...
Selecting best server based on ping...
2025-09-08T00:35:01+08:00
Retrieving speedtest.net configuration...
Testing from FIl Products Service Television Inc (103.105.214.56)...
Retrieving speedtest.net server list...
Selecting best server based on ping...
Hosted by PT&T (Makati City) [634.17 km]: 21.521 ms
Testing download speed................................................................................
Download: 92.98 Mbit/s
Testing upload speed......................................................................................................
Upload: 82.87 Mbit/s
2025-09-08T00:40:01+08:00
Retrieving speedtest.net configuration...
Testing from FIl Products Service Television Inc (103.105.214.56)...
Retrieving speedtest.net server list...
Selecting best server based on ping...
Hosted by Globe Telecom (Makati) [633.45 km]: 30.635 ms
Testing download speed................................................................................
Download: 90.38 Mbit/s
Testing upload speed......................................................................................................
Upload: 84.86 Mbit/s
2025-09-08T00:45:01+08:00
Retrieving speedtest.net configuration...
Testing from FIl Products Service Television Inc (103.105.214.56)...
Retrieving speedtest.net server list...
Selecting best server based on ping...
Hosted by Globe Telecom (Pasig City) [633.83 km]: 22.331 ms
Testing download speed................................................................................
Download: 91.70 Mbit/s
Testing upload speed......................................................................................................
Upload: 85.78 Mbit/s
2025-09-08T00:50:01+08:00
Retrieving speedtest.net configuration...
Testing from FIl Products Service Television Inc (103.105.214.54)...
Retrieving speedtest.net server list...
Selecting best server based on ping...
Hosted by Globe Telecom (Pasig City) [633.83 km]: 23.105 ms
Testing download speed................................................................................
Download: 90.57 Mbit/s
Testing upload speed......................................................................................................
Upload: 83.37 Mbit/s
2025-09-08T00:55:01+08:00
Retrieving speedtest.net configuration...
Testing from FIl Products Service Television Inc (103.105.214.54)...
Retrieving speedtest.net server list...
Selecting best server based on ping...
Hosted by Philippine Global Communications, Inc. (Makati) [633.45 km]: 35.917 ms
Testing download speed................................................................................
Download: 45.95 Mbit/s
Testing upload speed.....................................................................................................
.Upload: 85.83 Mbit/s
2025-09-08T01:00:01+08:00
Retrieving speedtest.net configuration...
Testing from FIl Products Service Television Inc (103.105.214.56)...
Retrieving speedtest.net server list...
