2025-06-03T00:00:01+08:00
Retrieving speedtest.net configuration...
Testing from FIl Products Service Television Inc (103.105.214.58)...
Retrieving speedtest.net server list...
Selecting best server based on ping...
2025-06-03T00:05:01+08:00
Retrieving speedtest.net configuration...
2025-06-03T00:10:01+08:00
Retrieving speedtest.net configuration...
Testing from FIl Products Service Television Inc (103.105.214.58)...
Retrieving speedtest.net server list...
Selecting best server based on ping...
Hosted by PLDT (Cagayan de Oro) [173.34 km]: 40.846 ms
Testing download speed................................................................................
Download: 134.13 Mbit/s
Testing upload speed......................................................................................................
Upload: 162.45 Mbit/s
2025-06-03T00:15:01+08:00
Retrieving speedtest.net configuration...
Testing from FIl Products Service Television Inc (103.105.214.58)...
Retrieving speedtest.net server list...
Selecting best server based on ping...
Hosted by PLDT (Cagayan de Oro) [173.34 km]: 41.188 ms
Testing download speed................................................................................
Download: 151.93 Mbit/s
Testing upload speed......................................................................................................
Upload: 136.33 Mbit/s
2025-06-03T00:20:01+08:00
Retrieving speedtest.net configuration...
Testing from FIl Products Service Television Inc (103.105.214.58)...
Retrieving speedtest.net server list...
Selecting best server based on ping...
Hosted by Sky Fiber (Bacolod) [156.14 km]: 41.375 ms
Testing download speed................................................................................
Download: 118.39 Mbit/s
Testing upload speed......................................................................................................
Upload: 30.43 Mbit/s
2025-06-03T00:25:01+08:00
Retrieving speedtest.net configuration...
Testing from FIl Products Service Television Inc (103.105.214.58)...
Retrieving speedtest.net server list...
Selecting best server based on ping...
Hosted by Sky Fiber (Bacolod) [156.14 km]: 42.774 ms
Testing download speed................................................................................
Download: 134.00 Mbit/s
Testing upload speed......................................................................................................
Upload: 32.30 Mbit/s
2025-06-03T00:30:01+08:00
Retrieving speedtest.net configuration...
Testing from FIl Products Service Television Inc (103.105.214.58)...
Retrieving speedtest.net server list...
Selecting best server based on ping...
2025-06-03T00:35:01+08:00
Retrieving speedtest.net configuration...
Testing from FIl Products Service Television Inc (103.105.214.58)...
Retrieving speedtest.net server list...
Selecting best server based on ping...
Hosted by PLDT (Cagayan de Oro) [173.34 km]: 44.083 ms
Testing download speed................................................................................
Download: 181.39 Mbit/s
Testing upload speed......................................................................................................
Upload: 153.77 Mbit/s
2025-06-03T00:40:01+08:00
Retrieving speedtest.net configuration...
Testing from FIl Products Service Television Inc (103.105.214.58)...
Retrieving speedtest.net server list...
Selecting best server based on ping...
Hosted by Sky Fiber (Bacolod) [156.14 km]: 37.867 ms
Testing download speed................................................................................
Download: 137.54 Mbit/s
Testing upload speed......................................................................................................
Upload: 43.27 Mbit/s
2025-06-03T00:45:01+08:00
Retrieving speedtest.net configuration...
Testing from FIl Products Service Television Inc (103.105.214.58)...
Retrieving speedtest.net server list...
Selecting best server based on ping...
Hosted by Sky Fiber (Bacolod) [156.14 km]: 32.837 ms
Testing download speed................................................................................
Download: 137.31 Mbit/s
Testing upload speed......................................................................................................
Upload: 21.80 Mbit/s
2025-06-03T00:50:01+08:00
Retrieving speedtest.net configuration...
Testing from FIl Products Service Television Inc (103.105.214.58)...
Retrieving speedtest.net server list...
Selecting best server based on ping...
Hosted by Sky Fiber (Bacolod) [156.14 km]: 38.139 ms
Testing download speed................................................................................
Download: 139.80 Mbit/s
Testing upload speed......................................................................................................
Upload: 26.41 Mbit/s
2025-06-03T00:55:01+08:00
Retrieving speedtest.net configuration...
Testing from FIl Products Service Television Inc (103.105.214.58)...
Retrieving speedtest.net server list...
Selecting best server based on ping...
Hosted by PLDT (Cagayan de Oro) [173.34 km]: 42.279 ms
Testing download speed................................................................................
Download: 177.59 Mbit/s
Testing upload speed......................................................................................................
Upload: 149.40 Mbit/s
2025-06-03T01:00:01+08:00
Retrieving speedtest.net configuration...
Testing from FIl Products Service Television Inc (103.105.214.58)...
Retrieving speedtest.net server list...
Selecting best server based on ping...
