2025-04-23T00:00:01+08:00
Retrieving speedtest.net configuration...
Testing from FIl Products Service Television Inc (103.105.214.50)...
Retrieving speedtest.net server list...
Selecting best server based on ping...
2025-04-23T00:05:01+08:00
Retrieving speedtest.net configuration...
2025-04-23T00:10:01+08:00
Retrieving speedtest.net configuration...
Testing from FIl Products Service Television Inc (103.105.214.52)...
Retrieving speedtest.net server list...
Selecting best server based on ping...
Hosted by Zafra Cable Television Network Inc. (Panglao) [57.64 km]: 30.444 ms
Testing download speed................................................................................
Download: 69.01 Mbit/s
Testing upload speed......................................................................................................
Upload: 37.51 Mbit/s
2025-04-23T00:15:01+08:00
Retrieving speedtest.net configuration...
Testing from FIl Products Service Television Inc (103.105.214.50)...
Retrieving speedtest.net server list...
Selecting best server based on ping...
Hosted by Zafra Cable Television Network Inc. (Panglao) [57.64 km]: 29.556 ms
Testing download speed................................................................................
Download: 67.81 Mbit/s
Testing upload speed......................................................................................................
Upload: 25.90 Mbit/s
2025-04-23T00:20:01+08:00
Retrieving speedtest.net configuration...
Testing from FIl Products Service Television Inc (103.105.214.50)...
Retrieving speedtest.net server list...
Selecting best server based on ping...
Hosted by GNET Technologies (Bacolod) [156.60 km]: 48.398 ms
Testing download speed................................................................................
Download: 36.93 Mbit/s
Testing upload speed......................................................................................................
Upload: 27.17 Mbit/s
2025-04-23T00:25:01+08:00
Retrieving speedtest.net configuration...
Testing from FIl Products Service Television Inc (103.105.214.50)...
Retrieving speedtest.net server list...
Selecting best server based on ping...
Hosted by GNET Technologies (Bacolod) [156.60 km]: 29.943 ms
Testing download speed................................................................................
Download: 77.04 Mbit/s
Testing upload speed......................................................................................................
Upload: 31.18 Mbit/s
2025-04-23T00:30:01+08:00
Retrieving speedtest.net configuration...
Testing from FIl Products Service Television Inc (103.105.214.50)...
Retrieving speedtest.net server list...
Selecting best server based on ping...
2025-04-23T00:35:01+08:00
Retrieving speedtest.net configuration...
Testing from FIl Products Service Television Inc (103.105.214.50)...
Retrieving speedtest.net server list...
Selecting best server based on ping...
Hosted by Globe Telecom (Cebu City) [126.16 km]: 49.277 ms
Testing download speed................................................................................
Download: 61.95 Mbit/s
Testing upload speed......................................................................................................
Upload: 34.08 Mbit/s
2025-04-23T00:40:01+08:00
Retrieving speedtest.net configuration...
Testing from FIl Products Service Television Inc (103.105.214.50)...
Retrieving speedtest.net server list...
Selecting best server based on ping...
Hosted by Globe Telecom (Cebu City) [126.16 km]: 43.975 ms
Testing download speed................................................................................
Download: 70.13 Mbit/s
Testing upload speed......................................................................................................
Upload: 28.35 Mbit/s
2025-04-23T00:45:01+08:00
Retrieving speedtest.net configuration...
Testing from FIl Products Service Television Inc (103.105.214.52)...
Retrieving speedtest.net server list...
Selecting best server based on ping...
Hosted by GNET Technologies (Bacolod) [156.60 km]: 29.898 ms
Testing download speed................................................................................
Download: 72.40 Mbit/s
Testing upload speed......................................................................................................
Upload: 36.44 Mbit/s
2025-04-23T00:50:01+08:00
Retrieving speedtest.net configuration...
Testing from FIl Products Service Television Inc (103.105.214.50)...
Retrieving speedtest.net server list...
Selecting best server based on ping...
Hosted by GNET Technologies (Bacolod) [156.60 km]: 29.208 ms
Testing download speed................................................................................
Download: 69.65 Mbit/s
Testing upload speed......................................................................................................
Upload: 41.64 Mbit/s
2025-04-23T00:55:01+08:00
Retrieving speedtest.net configuration...
Testing from FIl Products Service Television Inc (103.105.214.50)...
Retrieving speedtest.net server list...
Selecting best server based on ping...
Hosted by GNET Technologies (Bacolod) [156.60 km]: 29.716 ms
Testing download speed................................................................................
Download: 73.22 Mbit/s
Testing upload speed......................................................................................................
Upload: 27.04 Mbit/s
2025-04-23T01:00:01+08:00
Retrieving speedtest.net configuration...
Testing from FIl Products Service Television Inc (103.105.214.52)...
Retrieving speedtest.net server list...
Selecting best server based on ping...
2025-04-23T01:05:01+08:00
Retrieving speedtest.net configuration...
2025-04-23T01:10:01+08:00
Retrieving speedtest.net configuration...
Testing from FIl Products Service Television Inc (103.105.214.50)...
Retrieving speedtest.net server list...
Selecting best server based on ping...
Hosted by GNET Technologies (Bacolod) [156.60 km]: 48.877 ms
Testing download speed................................................................................
Download: 79.05 Mbit/s
Testing upload speed......................................................................................................
Upload: 33.98 Mbit/s
2025-04-23T01:15:01+08:00
Retrieving speedtest.net configuration...
Testing from FIl Products Service Television Inc (103.105.214.52)...
Retrieving speedtest.net server list...
Selecting best server based on ping...
Hosted by GNET Technologies (Bacolod) [156.60 km]: 29.196 ms
Testing download speed................................................................................
Download: 73.11 Mbit/s
Testing upload speed......................................................................................................
Upload: 28.18 Mbit/s
2025-04-23T01:20:01+08:00
Retrieving speedtest.net configuration...
Testing from FIl Products Service Television Inc (103.105.214.52)...
Retrieving speedtest.net server list...
Selecting best server based on ping...
Hosted by GNET Technologies (Bacolod) [156.60 km]: 49.243 ms
Testing download speed................................................................................
Download: 55.50 Mbit/s
Testing upload speed......................................................................................................
Upload: 35.51 Mbit/s
2025-04-23T01:25:01+08:00
Retrieving speedtest.net configuration...
Testing from FIl Products Service Television Inc (103.105.214.50)...
Retrieving speedtest.net server list...
Selecting best server based on ping...
Hosted by GNET Technologies (Bacolod) [156.60 km]: 29.369 ms
Testing download speed................................................................................
Download: 79.58 Mbit/s
Testing upload speed......................................................................................................
Upload: 40.28 Mbit/s
2025-04-23T01:30:01+08:00
Retrieving speedtest.net configuration...
Testing from FIl Products Service Television Inc (103.105.214.50)...
Retrieving speedtest.net server list...
Selecting best server based on ping...
2025-04-23T01:35:01+08:00
Retrieving speedtest.net configuration...
Testing from FIl Products Service Television Inc (103.105.214.52)...
Retrieving speedtest.net server list...
Selecting best server based on ping...
Hosted by GNET Technologies (Bacolod) [156.60 km]: 48.919 ms
Testing download speed................................................................................
Download: 59.58 Mbit/s
Testing upload speed......................................................................................................
Upload: 32.85 Mbit/s
2025-04-23T01:40:01+08:00
Retrieving speedtest.net configuration...
Testing from FIl Products Service Television Inc (103.105.214.50)...
Retrieving speedtest.net server list...
Selecting best server based on ping...
Hosted by Sky Fiber (Bacolod) [156.14 km]: 47.315 ms
Testing download speed................................................................................
Download: 86.94 Mbit/s
Testing upload speed......................................................................................................
Upload: 32.22 Mbit/s
2025-04-23T01:45:01+08:00
Retrieving speedtest.net configuration...
Testing from FIl Products Service Television Inc (103.105.214.52)...
Retrieving speedtest.net server list...
Selecting best server based on ping...
Hosted by GNET Technologies (Bacolod) [156.60 km]: 29.505 ms
Testing download speed................................................................................
Download: 24.78 Mbit/s
Testing upload speed......................................................................................................
Upload: 40.11 Mbit/s
2025-04-23T01:50:02+08:00
Retrieving speedtest.net configuration...
Testing from FIl Products Service Television Inc (103.105.214.52)...
Retrieving speedtest.net server list...
Selecting best server based on ping...
Hosted by Sky Fiber (Bacolod) [156.14 km]: 52.419 ms
Testing download speed................................................................................
Download: 77.93 Mbit/s
Testing upload speed......................................................................................................
Upload: 38.58 Mbit/s
2025-04-23T01:55:01+08:00
Retrieving speedtest.net configuration...
Testing from FIl Products Service Television Inc (103.105.214.50)...
Retrieving speedtest.net server list...
Selecting best server based on ping...
Hosted by GNET Technologies (Bacolod) [156.60 km]: 30.46 ms
Testing download speed................................................................................
Download: 70.38 Mbit/s
Testing upload speed......................................................................................................
Upload: 40.08 Mbit/s
2025-04-23T02:00:01+08:00
Retrieving speedtest.net configuration...
Testing from FIl Products Service Television Inc (103.105.214.50)...
Retrieving speedtest.net server list...
