2025-03-12T06:30:01+10:00
Retrieving speedtest.net configuration...
Testing from PTI Pacifica (202.123.141.186)...
Retrieving speedtest.net server list...
Selecting best server based on ping...
2025-03-12T06:35:01+10:00
Retrieving speedtest.net configuration...
Testing from PTI Pacifica (202.123.141.186)...
Retrieving speedtest.net server list...
Selecting best server based on ping...
Hosted by FSMTC (Pohnpei) [1642.67 km]: 37.261 ms
Testing download speed................................................................................
Download: 14.44 Mbit/s
Testing upload speed......................................................................................................
Upload: 15.47 Mbit/s
2025-03-12T06:40:01+10:00
Retrieving speedtest.net configuration...
Testing from PTI Pacifica (202.123.141.186)...
Retrieving speedtest.net server list...
Selecting best server based on ping...
Hosted by FSMTC (Pohnpei) [1642.67 km]: 41.616 ms
Testing download speed................................................................................
Download: 4.22 Mbit/s
Testing upload speed......................................................................................................
Upload: 1.76 Mbit/s
2025-03-12T06:45:01+10:00
Retrieving speedtest.net configuration...
Testing from PTI Pacifica (202.123.141.186)...
Retrieving speedtest.net server list...
Selecting best server based on ping...
Hosted by FSMTC (Pohnpei) [1642.67 km]: 40.018 ms
Testing download speed...............................................................................
.Download: 7.74 Mbit/s
Testing upload speed......................................................................................................
Upload: 1.46 Mbit/s
2025-03-12T06:50:01+10:00
Retrieving speedtest.net configuration...
Testing from PTI Pacifica (202.123.141.186)...
Retrieving speedtest.net server list...
Selecting best server based on ping...
Hosted by GTA (Tamuning) [14.77 km]: 83.169 ms
Testing download speed................................................................................
Download: 15.54 Mbit/s
Testing upload speed......................................................................................................
Upload: 18.43 Mbit/s
2025-03-12T06:55:01+10:00
Retrieving speedtest.net configuration...
Testing from PTI Pacifica (202.123.141.186)...
Retrieving speedtest.net server list...
Selecting best server based on ping...
Hosted by FSMTC (Pohnpei) [1642.67 km]: 38.244 ms
Testing download speed................................................................................
Download: 6.76 Mbit/s
Testing upload speed......................................................................................................
Upload: 2.96 Mbit/s
2025-03-12T07:00:01+10:00
Retrieving speedtest.net configuration...
Testing from PTI Pacifica (202.123.141.186)...
Retrieving speedtest.net server list...
Selecting best server based on ping...
2025-03-12T07:05:01+10:00
Retrieving speedtest.net configuration...
2025-03-12T07:10:02+10:00
Retrieving speedtest.net configuration...
Testing from PTI Pacifica (202.123.141.186)...
Retrieving speedtest.net server list...
Selecting best server based on ping...
Hosted by FSMTC (Pohnpei) [1642.67 km]: 38.772 ms
Testing download speed................................................................................
Download: 8.71 Mbit/s
Testing upload speed......................................................................................................
Upload: 19.61 Mbit/s
2025-03-12T07:15:01+10:00
Retrieving speedtest.net configuration...
Testing from PTI Pacifica (202.123.141.186)...
Retrieving speedtest.net server list...
Selecting best server based on ping...
Hosted by FSMTC (Pohnpei) [1642.67 km]: 38.181 ms
Testing download speed................................................................................
Download: 7.17 Mbit/s
Testing upload speed......................................................................................................
Upload: 9.12 Mbit/s
2025-03-12T07:20:01+10:00
Retrieving speedtest.net configuration...
Testing from PTI Pacifica (202.123.141.186)...
Retrieving speedtest.net server list...
Selecting best server based on ping...
Hosted by FSMTC (Pohnpei) [1642.67 km]: 44.812 ms
Testing download speed................................................................................
Download: 4.33 Mbit/s
Testing upload speed......................................................................................................
Upload: 2.16 Mbit/s
2025-03-12T07:25:01+10:00
Retrieving speedtest.net configuration...
Testing from PTI Pacifica (202.123.141.186)...
Retrieving speedtest.net server list...
Selecting best server based on ping...
Hosted by FSMTC (Pohnpei) [1642.67 km]: 36.438 ms
Testing download speed................................................................................
Download: 11.25 Mbit/s
Testing upload speed......................................................................................................
Upload: 15.35 Mbit/s
2025-03-12T07:30:01+10:00
Retrieving speedtest.net configuration...
Testing from PTI Pacifica (202.123.141.186)...
Retrieving speedtest.net server list...
Selecting best server based on ping...
2025-03-12T07:35:01+10:00
Retrieving speedtest.net configuration...
Testing from PTI Pacifica (202.123.141.186)...
Retrieving speedtest.net server list...
Selecting best server based on ping...
Hosted by FSMTC (Pohnpei) [1642.67 km]: 37.647 ms
Testing download speed................................................................................
Download: 9.01 Mbit/s
Testing upload speed......................................................................................................
Upload: 2.95 Mbit/s
2025-03-12T07:40:01+10:00
Retrieving speedtest.net configuration...
Testing from PTI Pacifica (202.123.141.186)...
Retrieving speedtest.net server list...
Selecting best server based on ping...
Hosted by FSMTC (Pohnpei) [1642.67 km]: 42.182 ms
Testing download speed................................................................................
Download: 3.29 Mbit/s
Testing upload speed......................................................................................................
Upload: 2.59 Mbit/s
2025-03-12T07:45:01+10:00
Retrieving speedtest.net configuration...
Testing from PTI Pacifica (202.123.141.186)...
Retrieving speedtest.net server list...
Selecting best server based on ping...
Hosted by FSMTC (Pohnpei) [1642.67 km]: 40.926 ms
Testing download speed................................................................................
Download: 8.26 Mbit/s
Testing upload speed......................................................................................................
Upload: 12.41 Mbit/s
2025-03-12T07:50:01+10:00
Retrieving speedtest.net configuration...
Testing from PTI Pacifica (202.123.141.186)...
Retrieving speedtest.net server list...
Selecting best server based on ping...
Hosted by FSMTC (Pohnpei) [1642.67 km]: 38.343 ms
Testing download speed................................................................................
Download: 13.12 Mbit/s
Testing upload speed......................................................................................................
Upload: 17.85 Mbit/s
2025-03-12T07:55:01+10:00
Retrieving speedtest.net configuration...
Testing from PTI Pacifica (202.123.141.186)...
Retrieving speedtest.net server list...
Selecting best server based on ping...
Hosted by FSMTC (Pohnpei) [1642.67 km]: 34.676 ms
Testing download speed................................................................................
Download: 12.28 Mbit/s
Testing upload speed......................................................................................................
Upload: 12.29 Mbit/s
2025-03-12T08:00:01+10:00
Retrieving speedtest.net configuration...
Testing from PTI Pacifica (202.123.141.186)...
Retrieving speedtest.net server list...
Selecting best server based on ping...
2025-03-12T08:05:01+10:00
Retrieving speedtest.net configuration...
Testing from PTI Pacifica (202.123.141.186)...
Retrieving speedtest.net server list...
Selecting best server based on ping...
Hosted by FSMTC (Pohnpei) [1642.67 km]: 68.12 ms
Testing download speed................................................................................
Download: 9.77 Mbit/s
Testing upload speed......................................................................................................
Upload: 17.53 Mbit/s
2025-03-12T08:10:01+10:00
Retrieving speedtest.net configuration...
Testing from PTI Pacifica (202.123.141.186)...
Retrieving speedtest.net server list...
Selecting best server based on ping...
Hosted by FSMTC (Pohnpei) [1642.67 km]: 96.706 ms
Testing download speed................................................................................
Download: 23.43 Mbit/s
Testing upload speed......................................................................................................
Upload: 13.31 Mbit/s
2025-03-12T08:15:01+10:00
Retrieving speedtest.net configuration...
Testing from PTI Pacifica (202.123.141.186)...
Retrieving speedtest.net server list...
Selecting best server based on ping...
Hosted by University of Guam (Mangilao) [11.60 km]: 62.75 ms
Testing download speed................................................................................
Download: 12.75 Mbit/s
Testing upload speed......................................................................................................
Upload: 16.56 Mbit/s
2025-03-12T08:20:01+10:00
Retrieving speedtest.net configuration...
Testing from PTI Pacifica (202.123.141.186)...
Retrieving speedtest.net server list...
Selecting best server based on ping...
Hosted by FSMTC (Pohnpei) [1642.67 km]: 38.639 ms
Testing download speed................................................................................
Download: 5.24 Mbit/s
Testing upload speed......................................................................................................
Upload: 12.67 Mbit/s
2025-03-12T08:25:01+10:00
Retrieving speedtest.net configuration...
Testing from PTI Pacifica (202.123.141.186)...
Retrieving speedtest.net server list...
Selecting best server based on ping...
Hosted by FSMTC (Pohnpei) [1642.67 km]: 37.73 ms
Testing download speed................................................................................
Download: 3.07 Mbit/s
Testing upload speed......................................................................................................
Upload: 5.81 Mbit/s
2025-03-12T08:30:01+10:00
Retrieving speedtest.net configuration...
Testing from PTI Pacifica (202.123.141.186)...
Retrieving speedtest.net server list...
Selecting best server based on ping...
2025-03-12T08:35:01+10:00
Retrieving speedtest.net configuration...
Testing from PTI Pacifica (202.123.141.186)...
Retrieving speedtest.net server list...
Selecting best server based on ping...
Hosted by Docomo Pacific (Dededo) [4.23 km]: 102.46 ms
Testing download speed................................................................................
Download: 4.45 Mbit/s
Testing upload speed......................................................................................................
Upload: 2.13 Mbit/s
2025-03-12T08:40:01+10:00
Retrieving speedtest.net configuration...
Testing from PTI Pacifica (202.123.141.186)...
Retrieving speedtest.net server list...
Selecting best server based on ping...
Hosted by FSMTC (Pohnpei) [1642.67 km]: 76.621 ms
Testing download speed................................................................................
Download: 5.80 Mbit/s
Testing upload speed......................................................................................................
Upload: 2.11 Mbit/s
2025-03-12T08:45:01+10:00
Retrieving speedtest.net configuration...
Testing from PTI Pacifica (202.123.141.186)...
Retrieving speedtest.net server list...
Selecting best server based on ping...
Hosted by FSMTC (Pohnpei) [1642.67 km]: 84.674 ms
Testing download speed................................................................................
Download: 3.18 Mbit/s
Testing upload speed......................................................................................................
Upload: 1.87 Mbit/s
2025-03-12T08:50:01+10:00
Retrieving speedtest.net configuration...
Testing from PTI Pacifica (202.123.141.186)...
Retrieving speedtest.net server list...
Selecting best server based on ping...
Hosted by FSMTC (Pohnpei) [1642.67 km]: 91.015 ms
Testing download speed................................................................................
Download: 4.14 Mbit/s
Testing upload speed......................................................................................................
Upload: 0.77 Mbit/s
2025-03-12T08:55:01+10:00
Retrieving speedtest.net configuration...
Testing from PTI Pacifica (202.123.141.186)...
Retrieving speedtest.net server list...
Selecting best server based on ping...
Hosted by FSMTC (Pohnpei) [1642.67 km]: 49.826 ms
Testing download speed................................................................................
Download: 4.75 Mbit/s
Testing upload speed......................................................................................................
Upload: 1.58 Mbit/s
2025-03-12T09:00:01+10:00
Retrieving speedtest.net configuration...
Testing from PTI Pacifica (202.123.141.186)...
Retrieving speedtest.net server list...
Selecting best server based on ping...
2025-03-12T09:05:01+10:00
Retrieving speedtest.net configuration...
2025-03-12T09:10:01+10:00
Retrieving speedtest.net configuration...
Testing from PTI Pacifica (202.123.141.186)...
Retrieving speedtest.net server list...
Selecting best server based on ping...
Hosted by GTA (Tamuning) [14.77 km]: 100.119 ms
Testing download speed................................................................................
Download: 10.41 Mbit/s
Testing upload speed......................................................................................................
Upload: 2.87 Mbit/s
2025-03-12T09:15:01+10:00
Retrieving speedtest.net configuration...
Testing from PTI Pacifica (202.123.141.186)...
Retrieving speedtest.net server list...
Selecting best server based on ping...
Hosted by GTA (Tamuning) [14.77 km]: 100.708 ms
Testing download speed................................................................................
Download: 26.94 Mbit/s
Testing upload speed......................................................................................................
Upload: 7.24 Mbit/s
2025-03-12T09:20:01+10:00
Retrieving speedtest.net configuration...
Testing from PTI Pacifica (202.123.141.186)...
Retrieving speedtest.net server list...
Selecting best server based on ping...
Hosted by GTA (Tamuning) [14.77 km]: 131.211 ms
Testing download speed................................................................................
Download: 6.76 Mbit/s
Testing upload speed......................................................................................................
Upload: 1.90 Mbit/s
2025-03-12T09:25:01+10:00
Retrieving speedtest.net configuration...
Testing from PTI Pacifica (202.123.141.186)...
Retrieving speedtest.net server list...
Selecting best server based on ping...
Hosted by GTA (Tamuning) [14.77 km]: 104.037 ms
Testing download speed................................................................................
Download: 12.54 Mbit/s
Testing upload speed......................................................................................................
Upload: 5.72 Mbit/s
2025-03-12T09:30:01+10:00
Retrieving speedtest.net configuration...
Testing from PTI Pacifica (202.123.141.186)...
Retrieving speedtest.net server list...
Selecting best server based on ping...
2025-03-12T09:35:01+10:00
Retrieving speedtest.net configuration...
2025-03-12T09:40:01+10:00
Retrieving speedtest.net configuration...
Testing from PTI Pacifica (202.123.141.186)...
Retrieving speedtest.net server list...
Selecting best server based on ping...
Hosted by GTA (Tamuning) [14.77 km]: 61.694 ms
Testing download speed................................................................................
Download: 9.26 Mbit/s
Testing upload speed......................................................................................................
Upload: 4.87 Mbit/s
2025-03-12T09:45:01+10:00
Retrieving speedtest.net configuration...
Testing from PTI Pacifica (202.123.141.186)...
Retrieving speedtest.net server list...
Selecting best server based on ping...
Hosted by GTA (Tamuning) [14.77 km]: 94.423 ms
Testing download speed................................................................................
Download: 12.76 Mbit/s
Testing upload speed......................................................................................................
Upload: 11.36 Mbit/s
2025-03-12T09:50:01+10:00
Retrieving speedtest.net configuration...
Testing from PTI Pacifica (202.123.141.186)...
Retrieving speedtest.net server list...
Selecting best server based on ping...
Hosted by GTA (Tamuning) [14.77 km]: 74.674 ms
Testing download speed................................................................................
Download: 15.23 Mbit/s
Testing upload speed......................................................................................................
Upload: 19.53 Mbit/s
2025-03-12T09:55:01+10:00
Retrieving speedtest.net configuration...
Testing from PTI Pacifica (202.123.141.186)...
Retrieving speedtest.net server list...
Selecting best server based on ping...
Hosted by GTA (Tamuning) [14.77 km]: 155.94 ms
Testing download speed................................................................................
Download: 11.88 Mbit/s
Testing upload speed......................................................................................................
Upload: 13.01 Mbit/s
2025-03-12T10:00:01+10:00
Retrieving speedtest.net configuration...
Testing from PTI Pacifica (202.123.141.186)...
Retrieving speedtest.net server list...
Selecting best server based on ping...
2025-03-12T10:05:01+10:00
Retrieving speedtest.net configuration...
2025-03-12T10:10:01+10:00
Retrieving speedtest.net configuration...
Testing from PTI Pacifica (202.123.141.186)...
Retrieving speedtest.net server list...
Selecting best server based on ping...
Hosted by GTA (Tamuning) [14.77 km]: 90.57 ms
Testing download speed................................................................................
Download: 10.30 Mbit/s
Testing upload speed......................................................................................................
Upload: 15.23 Mbit/s
2025-03-12T10:15:01+10:00
Retrieving speedtest.net configuration...
Testing from PTI Pacifica (202.123.141.186)...
Retrieving speedtest.net server list...
Selecting best server based on ping...
Hosted by GTA (Tamuning) [14.77 km]: 48.024 ms
Testing download speed................................................................................
Download: 8.61 Mbit/s
Testing upload speed......................................................................................................
Upload: 3.84 Mbit/s
2025-03-12T10:20:01+10:00
Retrieving speedtest.net configuration...
Testing from PTI Pacifica (202.123.141.186)...
Retrieving speedtest.net server list...
Selecting best server based on ping...
Hosted by GTA (Tamuning) [14.77 km]: 71.739 ms
Testing download speed................................................................................
Download: 10.11 Mbit/s
Testing upload speed......................................................................................................
Upload: 18.52 Mbit/s
2025-03-12T10:25:01+10:00
Retrieving speedtest.net configuration...
Testing from PTI Pacifica (202.123.141.186)...
Retrieving speedtest.net server list...
Selecting best server based on ping...
Hosted by GTA (Tamuning) [14.77 km]: 103.545 ms
Testing download speed................................................................................
Download: 28.41 Mbit/s
Testing upload speed......................................................................................................
Upload: 15.66 Mbit/s
2025-03-12T10:30:01+10:00
Retrieving speedtest.net configuration...
Testing from PTI Pacifica (202.123.141.186)...
Retrieving speedtest.net server list...
Selecting best server based on ping...
2025-03-12T10:35:01+10:00
Retrieving speedtest.net configuration...
2025-03-12T10:40:01+10:00
Retrieving speedtest.net configuration...
Testing from PTI Pacifica (202.123.141.186)...
Retrieving speedtest.net server list...
Selecting best server based on ping...
Hosted by GTA (Tamuning) [14.77 km]: 100.951 ms
Testing download speed................................................................................
Download: 26.14 Mbit/s
Testing upload speed......................................................................................................
Upload: 15.81 Mbit/s
2025-03-12T10:45:01+10:00
Retrieving speedtest.net configuration...
Testing from PTI Pacifica (202.123.141.186)...
Retrieving speedtest.net server list...
Selecting best server based on ping...
Hosted by GTA (Tamuning) [14.77 km]: 88.669 ms
Testing download speed................................................................................
Download: 10.70 Mbit/s
Testing upload speed......................................................................................................
Upload: 2.16 Mbit/s
2025-03-12T10:50:01+10:00
Retrieving speedtest.net configuration...
Testing from PTI Pacifica (202.123.141.186)...
Retrieving speedtest.net server list...
Selecting best server based on ping...
Hosted by GTA (Tamuning) [14.77 km]: 141.491 ms
Testing download speed................................................................................
Download: 25.28 Mbit/s
Testing upload speed......................................................................................................
Upload: 11.05 Mbit/s
2025-03-12T10:55:01+10:00
Retrieving speedtest.net configuration...
Testing from PTI Pacifica (202.123.141.186)...
Retrieving speedtest.net server list...
Selecting best server based on ping...
Hosted by GTA (Tamuning) [14.77 km]: 81.447 ms
Testing download speed................................................................................
Download: 6.81 Mbit/s
Testing upload speed......................................................................................................
Upload: 1.03 Mbit/s
2025-03-12T11:00:01+10:00
Retrieving speedtest.net configuration...
Testing from PTI Pacifica (202.123.141.186)...
Retrieving speedtest.net server list...
Selecting best server based on ping...
2025-03-12T11:05:01+10:00
Retrieving speedtest.net configuration...
2025-03-12T11:10:01+10:00
Retrieving speedtest.net configuration...
Testing from PTI Pacifica (202.123.141.186)...
Retrieving speedtest.net server list...
Selecting best server based on ping...
Hosted by GTA (Tamuning) [14.77 km]: 78.049 ms
Testing download speed................................................................................
Download: 15.22 Mbit/s
Testing upload speed......................................................................................................
Upload: 16.35 Mbit/s
2025-03-12T11:15:01+10:00
Retrieving speedtest.net configuration...
Testing from PTI Pacifica (202.123.141.186)...
Retrieving speedtest.net server list...
Selecting best server based on ping...
Hosted by GTA (Tamuning) [14.77 km]: 127.151 ms
Testing download speed................................................................................
Download: 14.50 Mbit/s
Testing upload speed......................................................................................................
Upload: 17.97 Mbit/s
2025-03-12T11:20:01+10:00
Retrieving speedtest.net configuration...
Testing from PTI Pacifica (202.123.141.186)...
Retrieving speedtest.net server list...
Selecting best server based on ping...
Hosted by GTA (Tamuning) [14.77 km]: 159.175 ms
Testing download speed................................................................................
Download: 6.81 Mbit/s
Testing upload speed......................................................................................................
Upload: 7.66 Mbit/s
2025-03-12T11:25:01+10:00
Retrieving speedtest.net configuration...
Testing from PTI Pacifica (202.123.141.186)...
Retrieving speedtest.net server list...
Selecting best server based on ping...
Hosted by GTA (Tamuning) [14.77 km]: 71.024 ms
Testing download speed................................................................................
Download: 10.22 Mbit/s
Testing upload speed......................................................................................................
Upload: 1.59 Mbit/s
2025-03-12T11:30:01+10:00
Retrieving speedtest.net configuration...
Testing from PTI Pacifica (202.123.141.186)...
Retrieving speedtest.net server list...
Selecting best server based on ping...
2025-03-12T11:35:01+10:00
Retrieving speedtest.net configuration...
2025-03-12T11:40:01+10:00
Retrieving speedtest.net configuration...
Testing from PTI Pacifica (202.123.141.186)...
Retrieving speedtest.net server list...
Selecting best server based on ping...
Hosted by GTA (Tamuning) [14.77 km]: 95.137 ms
Testing download speed................................................................................
Download: 5.07 Mbit/s
Testing upload speed......................................................................................................
Upload: 1.34 Mbit/s
2025-03-12T11:45:01+10:00
Retrieving speedtest.net configuration...
Testing from PTI Pacifica (202.123.141.186)...
Retrieving speedtest.net server list...
Selecting best server based on ping...
Hosted by UBITECH IT Solutions (Samal) [2214.68 km]: 221.34 ms
Testing download speed................................................................................
Download: 12.43 Mbit/s
Testing upload speed......................................................................................................
Upload: 11.12 Mbit/s
2025-03-12T11:50:01+10:00
Retrieving speedtest.net configuration...
Testing from PTI Pacifica (202.123.141.186)...
Retrieving speedtest.net server list...
Selecting best server based on ping...
Hosted by GTA (Tamuning) [14.77 km]: 54.11 ms
Testing download speed................................................................................
Download: 2.12 Mbit/s
Testing upload speed......................................................................................................
Upload: 12.84 Mbit/s
2025-03-12T11:55:01+10:00
Retrieving speedtest.net configuration...
Testing from PTI Pacifica (202.123.141.186)...
Retrieving speedtest.net server list...
Selecting best server based on ping...
Hosted by GTA (Tamuning) [14.77 km]: 128.333 ms
Testing download speed................................................................................
Download: 16.08 Mbit/s
Testing upload speed......................................................................................................
Upload: 2.72 Mbit/s
2025-03-12T12:00:01+10:00
Retrieving speedtest.net configuration...
Testing from PTI Pacifica (202.123.141.186)...
Retrieving speedtest.net server list...
Selecting best server based on ping...
2025-03-12T12:05:01+10:00
Retrieving speedtest.net configuration...
2025-03-12T12:10:01+10:00
Retrieving speedtest.net configuration...
Testing from PTI Pacifica (202.123.141.186)...
Retrieving speedtest.net server list...
Selecting best server based on ping...
Hosted by GTA (Tamuning) [14.77 km]: 107.435 ms
Testing download speed................................................................................
Download: 24.24 Mbit/s
Testing upload speed......................................................................................................
Upload: 6.79 Mbit/s
2025-03-12T12:15:01+10:00
Retrieving speedtest.net configuration...
Testing from PTI Pacifica (202.123.141.186)...
Retrieving speedtest.net server list...
Selecting best server based on ping...
Hosted by GTA (Tamuning) [14.77 km]: 126.459 ms
Testing download speed................................................................................
Download: 10.55 Mbit/s
Testing upload speed......................................................................................................
Upload: 11.01 Mbit/s
2025-03-12T12:20:01+10:00
Retrieving speedtest.net configuration...
Testing from PTI Pacifica (202.123.141.186)...
Retrieving speedtest.net server list...
Selecting best server based on ping...
Hosted by GTA (Tamuning) [14.77 km]: 95.339 ms
Testing download speed................................................................................
Download: 6.50 Mbit/s
Testing upload speed......................................................................................................
Upload: 4.12 Mbit/s
2025-03-12T12:25:01+10:00
Retrieving speedtest.net configuration...
Testing from PTI Pacifica (202.123.141.186)...
Retrieving speedtest.net server list...
Selecting best server based on ping...
Hosted by IT&E (Barrigada) [14.31 km]: 126.91 ms
Testing download speed................................................................................
Download: 6.92 Mbit/s
Testing upload speed......................................................................................................
Upload: 4.06 Mbit/s
2025-03-12T12:30:01+10:00
Retrieving speedtest.net configuration...
Testing from PTI Pacifica (202.123.141.186)...
Retrieving speedtest.net server list...
Selecting best server based on ping...
2025-03-12T12:35:01+10:00
Retrieving speedtest.net configuration...
2025-03-12T12:40:01+10:00
Retrieving speedtest.net configuration...
Testing from PTI Pacifica (202.123.141.186)...
Retrieving speedtest.net server list...
Selecting best server based on ping...
Hosted by IT&E (Susupe) [198.09 km]: 88.655 ms
Testing download speed................................................................................
Download: 4.87 Mbit/s
Testing upload speed......................................................................................................
Upload: 6.85 Mbit/s
2025-03-12T12:45:01+10:00
Retrieving speedtest.net configuration...
Testing from PTI Pacifica (202.123.141.186)...
Retrieving speedtest.net server list...
Selecting best server based on ping...
Hosted by IT&E (Barrigada) [14.31 km]: 54.824 ms
Testing download speed................................................................................
Download: 3.88 Mbit/s
Testing upload speed......................................................................................................
Upload: 4.02 Mbit/s
2025-03-12T12:50:01+10:00
Retrieving speedtest.net configuration...
Testing from PTI Pacifica (202.123.141.186)...
Retrieving speedtest.net server list...
Selecting best server based on ping...
Hosted by GTA (Tamuning) [14.77 km]: 153.383 ms
Testing download speed................................................................................
Download: 1.57 Mbit/s
Testing upload speed......................................................................................................
Upload: 1.55 Mbit/s
2025-03-12T12:55:01+10:00
Retrieving speedtest.net configuration...
Testing from PTI Pacifica (202.123.141.186)...
Retrieving speedtest.net server list...
Selecting best server based on ping...
Hosted by GTA (Tamuning) [14.77 km]: 153.729 ms
Testing download speed................................................................................
Download: 10.80 Mbit/s
Testing upload speed......................................................................................................
Upload: 2.35 Mbit/s
2025-03-12T13:00:01+10:00
Retrieving speedtest.net configuration...
Testing from PTI Pacifica (202.123.141.186)...
Retrieving speedtest.net server list...
Selecting best server based on ping...
2025-03-12T13:05:01+10:00
Retrieving speedtest.net configuration...
2025-03-12T13:10:01+10:00
Retrieving speedtest.net configuration...
Testing from PTI Pacifica (202.123.141.186)...
Retrieving speedtest.net server list...
Selecting best server based on ping...
Hosted by GTA (Tamuning) [14.77 km]: 92.996 ms
Testing download speed................................................................................
Download: 19.53 Mbit/s
Testing upload speed......................................................................................................
Upload: 3.68 Mbit/s
2025-03-12T13:15:01+10:00
Retrieving speedtest.net configuration...
Testing from PTI Pacifica (202.123.141.186)...
Retrieving speedtest.net server list...
Selecting best server based on ping...
Hosted by GTA (Tamuning) [14.77 km]: 34.145 ms
Testing download speed................................................................................
Download: 21.94 Mbit/s
Testing upload speed......................................................................................................
Upload: 7.94 Mbit/s
2025-03-12T13:20:01+10:00
Retrieving speedtest.net configuration...
Testing from PTI Pacifica (202.123.141.186)...
Retrieving speedtest.net server list...
Selecting best server based on ping...
Hosted by GTA (Tamuning) [14.77 km]: 150.702 ms
Testing download speed................................................................................
Download: 18.30 Mbit/s
Testing upload speed......................................................................................................
Upload: 12.00 Mbit/s
2025-03-12T13:25:01+10:00
Retrieving speedtest.net configuration...
Testing from PTI Pacifica (202.123.141.186)...
Retrieving speedtest.net server list...
Selecting best server based on ping...
Hosted by IT&E (Susupe) [198.09 km]: 85.643 ms
Testing download speed................................................................................
Download: 23.26 Mbit/s
Testing upload speed......................................................................................................
Upload: 7.40 Mbit/s
2025-03-12T13:30:01+10:00
Retrieving speedtest.net configuration...
Testing from PTI Pacifica (202.123.141.186)...
Retrieving speedtest.net server list...
Selecting best server based on ping...
2025-03-12T13:35:01+10:00
Retrieving speedtest.net configuration...
2025-03-12T13:40:01+10:00
Retrieving speedtest.net configuration...
Testing from PTI Pacifica (202.123.141.186)...
Retrieving speedtest.net server list...
Selecting best server based on ping...
Hosted by GTA (Tamuning) [14.77 km]: 99.043 ms
Testing download speed................................................................................
Download: 29.05 Mbit/s
Testing upload speed......................................................................................................
Upload: 13.52 Mbit/s
2025-03-12T13:45:01+10:00
Retrieving speedtest.net configuration...
Testing from PTI Pacifica (202.123.141.186)...
Retrieving speedtest.net server list...
Selecting best server based on ping...
Hosted by IT&E (Susupe) [198.09 km]: 107.289 ms
Testing download speed................................................................................
Download: 28.12 Mbit/s
Testing upload speed......................................................................................................
Upload: 10.78 Mbit/s
2025-03-12T13:50:01+10:00
Retrieving speedtest.net configuration...
Testing from PTI Pacifica (202.123.141.186)...
Retrieving speedtest.net server list...
Selecting best server based on ping...
Hosted by GTA (Tamuning) [14.77 km]: 111.025 ms
Testing download speed................................................................................
Download: 8.72 Mbit/s
Testing upload speed......................................................................................................
Upload: 6.38 Mbit/s
2025-03-12T13:55:01+10:00
Retrieving speedtest.net configuration...
Testing from PTI Pacifica (202.123.141.186)...
Retrieving speedtest.net server list...
Selecting best server based on ping...
Hosted by GTA (Tamuning) [14.77 km]: 130.647 ms
Testing download speed................................................................................
Download: 22.37 Mbit/s
Testing upload speed......................................................................................................
Upload: 11.32 Mbit/s
2025-03-12T14:00:01+10:00
Retrieving speedtest.net configuration...
Testing from PTI Pacifica (202.123.141.186)...
Retrieving speedtest.net server list...
Selecting best server based on ping...
2025-03-12T14:05:01+10:00
Retrieving speedtest.net configuration...
2025-03-12T14:10:01+10:00
Retrieving speedtest.net configuration...
Testing from PTI Pacifica (202.123.141.186)...
Retrieving speedtest.net server list...
Selecting best server based on ping...
Hosted by GTA (Tamuning) [14.77 km]: 100.373 ms
Testing download speed................................................................................
Download: 20.67 Mbit/s
Testing upload speed......................................................................................................
Upload: 9.04 Mbit/s
2025-03-12T14:15:01+10:00
Retrieving speedtest.net configuration...
Testing from PTI Pacifica (202.123.141.186)...
Retrieving speedtest.net server list...
Selecting best server based on ping...
Hosted by GTA (Tamuning) [14.77 km]: 72.102 ms
Testing download speed................................................................................
Download: 16.24 Mbit/s
Testing upload speed......................................................................................................
Upload: 12.92 Mbit/s
2025-03-12T14:20:01+10:00
Retrieving speedtest.net configuration...
Testing from PTI Pacifica (202.123.141.186)...
Retrieving speedtest.net server list...
Selecting best server based on ping...
Hosted by IT&E (Susupe) [198.09 km]: 88.983 ms
Testing download speed................................................................................
Download: 27.56 Mbit/s
Testing upload speed......................................................................................................
Upload: 9.96 Mbit/s
2025-03-12T14:25:01+10:00
Retrieving speedtest.net configuration...
Testing from PTI Pacifica (202.123.141.186)...
Retrieving speedtest.net server list...
Selecting best server based on ping...
Hosted by IT&E (Susupe) [198.09 km]: 153.325 ms
Testing download speed................................................................................
Download: 26.99 Mbit/s
Testing upload speed......................................................................................................
Upload: 9.20 Mbit/s
2025-03-12T14:30:01+10:00
Retrieving speedtest.net configuration...
Testing from PTI Pacifica (202.123.141.186)...
Retrieving speedtest.net server list...
Selecting best server based on ping...
2025-03-12T14:35:01+10:00
Retrieving speedtest.net configuration...
2025-03-12T14:40:01+10:00
Retrieving speedtest.net configuration...
Testing from PTI Pacifica (202.123.141.186)...
Retrieving speedtest.net server list...
Selecting best server based on ping...
Hosted by GTA (Tamuning) [14.77 km]: 99.856 ms
Testing download speed................................................................................
Download: 15.46 Mbit/s
Testing upload speed......................................................................................................
Upload: 18.80 Mbit/s
2025-03-12T14:45:01+10:00
Retrieving speedtest.net configuration...
Testing from PTI Pacifica (202.123.141.186)...
Retrieving speedtest.net server list...
Selecting best server based on ping...
Hosted by IT&E (Susupe) [198.09 km]: 107.056 ms
Testing download speed................................................................................
Download: 32.56 Mbit/s
Testing upload speed......................................................................................................
Upload: 17.34 Mbit/s
2025-03-12T14:50:01+10:00
Retrieving speedtest.net configuration...
Testing from PTI Pacifica (202.123.141.186)...
Retrieving speedtest.net server list...
Selecting best server based on ping...
Hosted by GTA (Tamuning) [14.77 km]: 308.869 ms
Testing download speed................................................................................
Download: 30.42 Mbit/s
Testing upload speed......................................................................................................
Upload: 19.30 Mbit/s
2025-03-12T14:55:01+10:00
Retrieving speedtest.net configuration...
Testing from PTI Pacifica (202.123.141.186)...
Retrieving speedtest.net server list...
Selecting best server based on ping...
Hosted by IT&E (Susupe) [198.09 km]: 86.43 ms
Testing download speed................................................................................
Download: 24.87 Mbit/s
Testing upload speed......................................................................................................
Upload: 13.45 Mbit/s
2025-03-12T15:00:01+10:00
Retrieving speedtest.net configuration...
Testing from PTI Pacifica (202.123.141.186)...
Retrieving speedtest.net server list...
Selecting best server based on ping...
2025-03-12T15:05:01+10:00
Retrieving speedtest.net configuration...
2025-03-12T15:10:01+10:00
Retrieving speedtest.net configuration...
Testing from PTI Pacifica (202.123.141.186)...
Retrieving speedtest.net server list...
Selecting best server based on ping...
Hosted by GTA (Tamuning) [14.77 km]: 138.157 ms
Testing download speed................................................................................
Download: 29.87 Mbit/s
Testing upload speed......................................................................................................
Upload: 15.46 Mbit/s
2025-03-12T15:15:01+10:00
Retrieving speedtest.net configuration...
Testing from PTI Pacifica (202.123.141.186)...
Retrieving speedtest.net server list...
Selecting best server based on ping...
Hosted by IT&E (Susupe) [198.09 km]: 122.405 ms
Testing download speed................................................................................
Download: 25.77 Mbit/s
Testing upload speed......................................................................................................
Upload: 17.48 Mbit/s
2025-03-12T15:20:01+10:00
Retrieving speedtest.net configuration...
Testing from PTI Pacifica (202.123.141.186)...
Retrieving speedtest.net server list...
Selecting best server based on ping...
Hosted by IT&E (Susupe) [198.09 km]: 128.536 ms
Testing download speed................................................................................
Download: 26.38 Mbit/s
Testing upload speed......................................................................................................
Upload: 16.64 Mbit/s
2025-03-12T15:25:01+10:00
Retrieving speedtest.net configuration...
Testing from PTI Pacifica (202.123.141.186)...
Retrieving speedtest.net server list...
Selecting best server based on ping...
Hosted by IT&E (Susupe) [198.09 km]: 95.078 ms
Testing download speed................................................................................
Download: 26.50 Mbit/s
Testing upload speed......................................................................................................
Upload: 12.68 Mbit/s
2025-03-12T15:30:01+10:00
Retrieving speedtest.net configuration...
Testing from PTI Pacifica (202.123.141.186)...
Retrieving speedtest.net server list...
Selecting best server based on ping...
2025-03-12T15:35:01+10:00
Retrieving speedtest.net configuration...
