2025-09-06T00:00:01+08:00
Retrieving speedtest.net configuration...
Testing from FIl Products Service Television Inc (103.105.214.48)...
Retrieving speedtest.net server list...
Selecting best server based on ping...
2025-09-06T00:05:01+08:00
Retrieving speedtest.net configuration...
2025-09-06T00:10:01+08:00
Retrieving speedtest.net configuration...
Testing from FIl Products Service Television Inc (103.105.214.48)...
Retrieving speedtest.net server list...
Selecting best server based on ping...
Hosted by United Eight (Makati City) [634.17 km]: 33.224 ms
Testing download speed................................................................................
Download: 89.35 Mbit/s
Testing upload speed......................................................................................................
Upload: 82.11 Mbit/s
2025-09-06T00:15:01+08:00
Retrieving speedtest.net configuration...
Testing from FIl Products Service Television Inc (103.105.214.59)...
Retrieving speedtest.net server list...
Selecting best server based on ping...
Hosted by United Eight (Makati City) [634.17 km]: 25.449 ms
Testing download speed................................................................................
Download: 90.13 Mbit/s
Testing upload speed......................................................................................................
Upload: 88.57 Mbit/s
2025-09-06T00:20:01+08:00
Retrieving speedtest.net configuration...
Testing from FIl Products Service Television Inc (103.105.214.48)...
Retrieving speedtest.net server list...
Selecting best server based on ping...
Hosted by DITO (Makati City) [634.17 km]: 35.657 ms
Testing download speed................................................................................
Download: 91.10 Mbit/s
Testing upload speed......................................................................................................
Upload: 87.69 Mbit/s
2025-09-06T00:25:01+08:00
Retrieving speedtest.net configuration...
Testing from FIl Products Service Television Inc (103.105.214.48)...
Retrieving speedtest.net server list...
Selecting best server based on ping...
Hosted by United Eight (Makati City) [634.17 km]: 23.33 ms
Testing download speed................................................................................
Download: 91.25 Mbit/s
Testing upload speed......................................................................................................
Upload: 82.17 Mbit/s
2025-09-06T00:30:01+08:00
Retrieving speedtest.net configuration...
Testing from FIl Products Service Television Inc (103.105.214.59)...
Retrieving speedtest.net server list...
Selecting best server based on ping...
2025-09-06T00:35:01+08:00
Retrieving speedtest.net configuration...
Testing from FIl Products Service Television Inc (103.105.214.48)...
Retrieving speedtest.net server list...
Selecting best server based on ping...
Hosted by United Eight (Makati City) [634.17 km]: 34.967 ms
Testing download speed................................................................................
Download: 91.74 Mbit/s
Testing upload speed......................................................................................................
Upload: 82.42 Mbit/s
2025-09-06T00:40:01+08:00
Retrieving speedtest.net configuration...
Testing from FIl Products Service Television Inc (103.105.214.48)...
Retrieving speedtest.net server list...
Selecting best server based on ping...
Hosted by United Eight (Makati City) [634.17 km]: 24.859 ms
Testing download speed................................................................................
Download: 91.79 Mbit/s
Testing upload speed......................................................................................................
Upload: 84.24 Mbit/s
2025-09-06T00:45:01+08:00
Retrieving speedtest.net configuration...
Testing from FIl Products Service Television Inc (103.105.214.48)...
Retrieving speedtest.net server list...
Selecting best server based on ping...
Hosted by United Eight (Makati City) [634.17 km]: 28.037 ms
Testing download speed................................................................................
Download: 92.37 Mbit/s
Testing upload speed......................................................................................................
Upload: 84.79 Mbit/s
2025-09-06T00:50:01+08:00
Retrieving speedtest.net configuration...
Testing from FIl Products Service Television Inc (103.105.214.48)...
Retrieving speedtest.net server list...
Selecting best server based on ping...
Hosted by DITO (Makati City) [634.17 km]: 43.526 ms
Testing download speed................................................................................
Download: 90.23 Mbit/s
Testing upload speed......................................................................................................
Upload: 84.34 Mbit/s
2025-09-06T00:55:01+08:00
Retrieving speedtest.net configuration...
Testing from FIl Products Service Television Inc (103.105.214.48)...
Retrieving speedtest.net server list...
Selecting best server based on ping...
Hosted by United Eight (Makati City) [634.17 km]: 25.766 ms
Testing download speed................................................................................
Download: 91.25 Mbit/s
Testing upload speed......................................................................................................
Upload: 83.49 Mbit/s
2025-09-06T01:00:01+08:00
Retrieving speedtest.net configuration...
Testing from FIl Products Service Television Inc (103.105.214.59)...
Retrieving speedtest.net server list...
Selecting best server based on ping...
2025-09-06T01:05:01+08:00
Retrieving speedtest.net configuration...
Testing from FIl Products Service Television Inc (103.105.214.48)...
Retrieving speedtest.net server list...
Selecting best server based on ping...
Hosted by United Eight (Makati City) [634.17 km]: 32.25 ms
Testing download speed................................................................................
Download: 92.59 Mbit/s
Testing upload speed......................................................................................................
Upload: 85.02 Mbit/s
2025-09-06T01:10:01+08:00
Retrieving speedtest.net configuration...
Testing from FIl Products Service Television Inc (103.105.214.59)...
Retrieving speedtest.net server list...
Selecting best server based on ping...
Hosted by United Eight (Makati City) [634.17 km]: 22.963 ms
Testing download speed................................................................................
Download: 91.19 Mbit/s
Testing upload speed......................................................................................................
Upload: 89.83 Mbit/s
2025-09-06T01:15:01+08:00
Retrieving speedtest.net configuration...
Testing from FIl Products Service Television Inc (103.105.214.59)...
Retrieving speedtest.net server list...
Selecting best server based on ping...
Hosted by United Eight (Makati City) [634.17 km]: 25.026 ms
Testing download speed................................................................................
Download: 89.33 Mbit/s
Testing upload speed......................................................................................................
Upload: 85.68 Mbit/s
2025-09-06T01:20:01+08:00
Retrieving speedtest.net configuration...
Testing from FIl Products Service Television Inc (103.105.214.59)...
Retrieving speedtest.net server list...
Selecting best server based on ping...
Hosted by United Eight (Makati City) [634.17 km]: 32.919 ms
Testing download speed................................................................................
Download: 92.89 Mbit/s
Testing upload speed......................................................................................................
Upload: 86.48 Mbit/s
2025-09-06T01:25:01+08:00
Retrieving speedtest.net configuration...
Testing from FIl Products Service Television Inc (103.105.214.48)...
Retrieving speedtest.net server list...
Selecting best server based on ping...
Hosted by United Eight (Makati City) [634.17 km]: 26.851 ms
Testing download speed................................................................................
Download: 92.63 Mbit/s
Testing upload speed......................................................................................................
Upload: 86.14 Mbit/s
2025-09-06T01:30:01+08:00
Retrieving speedtest.net configuration...
Testing from FIl Products Service Television Inc (103.105.214.59)...
Retrieving speedtest.net server list...
Selecting best server based on ping...
2025-09-06T01:35:01+08:00
Retrieving speedtest.net configuration...
Testing from FIl Products Service Television Inc (103.105.214.59)...
Retrieving speedtest.net server list...
Selecting best server based on ping...
Hosted by United Eight (Makati City) [634.17 km]: 25.743 ms
Testing download speed................................................................................
Download: 92.39 Mbit/s
Testing upload speed......................................................................................................
Upload: 88.69 Mbit/s
2025-09-06T01:40:01+08:00
Retrieving speedtest.net configuration...
Testing from FIl Products Service Television Inc (103.105.214.48)...
Retrieving speedtest.net server list...
Selecting best server based on ping...
Hosted by United Eight (Makati City) [634.17 km]: 26.352 ms
Testing download speed................................................................................
Download: 92.55 Mbit/s
Testing upload speed......................................................................................................
Upload: 86.04 Mbit/s
2025-09-06T01:45:01+08:00
Retrieving speedtest.net configuration...
Testing from FIl Products Service Television Inc (103.105.214.59)...
Retrieving speedtest.net server list...
Selecting best server based on ping...
Hosted by KMC Solutions (Makati City) [633.45 km]: 34.294 ms
Testing download speed................................................................................
Download: 86.94 Mbit/s
Testing upload speed......................................................................................................
Upload: 87.41 Mbit/s
2025-09-06T01:50:01+08:00
Retrieving speedtest.net configuration...
Testing from FIl Products Service Television Inc (103.105.214.48)...
Retrieving speedtest.net server list...
Selecting best server based on ping...
Hosted by United Eight (Makati City) [634.17 km]: 25.443 ms
Testing download speed................................................................................
Download: 92.26 Mbit/s
Testing upload speed......................................................................................................
Upload: 83.18 Mbit/s
2025-09-06T01:55:01+08:00
Retrieving speedtest.net configuration...
Testing from FIl Products Service Television Inc (103.105.214.48)...
Retrieving speedtest.net server list...
Selecting best server based on ping...
Hosted by United Eight (Makati City) [634.17 km]: 24.731 ms
Testing download speed................................................................................
Download: 91.48 Mbit/s
Testing upload speed......................................................................................................
Upload: 87.47 Mbit/s
2025-09-06T02:00:01+08:00
Retrieving speedtest.net configuration...
Testing from FIl Products Service Television Inc (103.105.214.59)...
Retrieving speedtest.net server list...
