2025-08-11T00:00:01+08:00
Retrieving speedtest.net configuration...
Testing from FIl Products Service Television Inc (103.105.214.62)...
Retrieving speedtest.net server list...
Selecting best server based on ping...
2025-08-11T00:05:01+08:00
Retrieving speedtest.net configuration...
2025-08-11T00:10:01+08:00
Retrieving speedtest.net configuration...
Testing from FIl Products Service Television Inc (103.105.214.62)...
Retrieving speedtest.net server list...
Selecting best server based on ping...
Hosted by RISE.ph (Makati) [633.45 km]: 22.007 ms
Testing download speed................................................................................
Download: 178.28 Mbit/s
Testing upload speed......................................................................................................
Upload: 308.61 Mbit/s
2025-08-11T00:15:01+08:00
Retrieving speedtest.net configuration...
Testing from FIl Products Service Television Inc (103.105.214.62)...
Retrieving speedtest.net server list...
Selecting best server based on ping...
Hosted by RISE.ph (Makati) [633.45 km]: 23.781 ms
Testing download speed................................................................................
Download: 188.56 Mbit/s
Testing upload speed......................................................................................................
Upload: 281.41 Mbit/s
2025-08-11T00:20:01+08:00
Retrieving speedtest.net configuration...
Testing from FIl Products Service Television Inc (103.105.214.62)...
Retrieving speedtest.net server list...
Selecting best server based on ping...
Hosted by RISE.ph (Makati) [633.45 km]: 25.231 ms
Testing download speed................................................................................
Download: 188.10 Mbit/s
Testing upload speed......................................................................................................
Upload: 288.06 Mbit/s
2025-08-11T00:25:01+08:00
Retrieving speedtest.net configuration...
Testing from FIl Products Service Television Inc (103.105.214.62)...
Retrieving speedtest.net server list...
Selecting best server based on ping...
Hosted by RISE.ph (Makati) [633.45 km]: 23.567 ms
Testing download speed................................................................................
Download: 174.36 Mbit/s
Testing upload speed......................................................................................................
Upload: 302.63 Mbit/s
2025-08-11T00:30:01+08:00
Retrieving speedtest.net configuration...
Testing from FIl Products Service Television Inc (103.105.214.62)...
Retrieving speedtest.net server list...
Selecting best server based on ping...
2025-08-11T00:35:01+08:00
Retrieving speedtest.net configuration...
Testing from FIl Products Service Television Inc (103.105.214.62)...
Retrieving speedtest.net server list...
Selecting best server based on ping...
Hosted by RISE.ph (Makati) [633.45 km]: 23.47 ms
Testing download speed................................................................................
Download: 182.04 Mbit/s
Testing upload speed......................................................................................................
Upload: 301.24 Mbit/s
2025-08-11T00:40:01+08:00
Retrieving speedtest.net configuration...
Testing from FIl Products Service Television Inc (103.105.214.62)...
Retrieving speedtest.net server list...
Selecting best server based on ping...
Hosted by RISE.ph (Makati) [633.45 km]: 22.011 ms
Testing download speed................................................................................
Download: 169.16 Mbit/s
Testing upload speed......................................................................................................
Upload: 292.70 Mbit/s
2025-08-11T00:45:01+08:00
Retrieving speedtest.net configuration...
Testing from FIl Products Service Television Inc (103.105.214.62)...
Retrieving speedtest.net server list...
Selecting best server based on ping...
Hosted by RISE.ph (Makati) [633.45 km]: 25.278 ms
Testing download speed................................................................................
Download: 181.04 Mbit/s
Testing upload speed......................................................................................................
Upload: 259.35 Mbit/s
2025-08-11T00:50:01+08:00
Retrieving speedtest.net configuration...
Testing from FIl Products Service Television Inc (103.105.214.62)...
Retrieving speedtest.net server list...
Selecting best server based on ping...
Hosted by Airlive Communications, Inc. (Pasig City) [633.83 km]: 24.58 ms
Testing download speed................................................................................
Download: 153.69 Mbit/s
Testing upload speed......................................................................................................
Upload: 346.42 Mbit/s
2025-08-11T00:55:01+08:00
Retrieving speedtest.net configuration...
Testing from FIl Products Service Television Inc (103.105.214.62)...
Retrieving speedtest.net server list...
Selecting best server based on ping...
Hosted by Airlive Communications, Inc. (Pasig City) [633.83 km]: 19.107 ms
Testing download speed................................................................................
Download: 126.10 Mbit/s
Testing upload speed......................................................................................................
Upload: 291.13 Mbit/s
2025-08-11T01:00:01+08:00
Retrieving speedtest.net configuration...
Testing from FIl Products Service Television Inc (103.105.214.62)...
Retrieving speedtest.net server list...
Selecting best server based on ping...
2025-08-11T01:05:01+08:00
Retrieving speedtest.net configuration...
2025-08-11T01:10:01+08:00
Retrieving speedtest.net configuration...
Testing from FIl Products Service Television Inc (103.105.214.62)...
Retrieving speedtest.net server list...
Selecting best server based on ping...
Hosted by Airlive Communications, Inc. (Pasig City) [633.83 km]: 21.217 ms
Testing download speed................................................................................
Download: 168.47 Mbit/s
Testing upload speed......................................................................................................
Upload: 350.95 Mbit/s
2025-08-11T01:15:01+08:00
Retrieving speedtest.net configuration...
Testing from FIl Products Service Television Inc (103.105.214.62)...
Retrieving speedtest.net server list...
Selecting best server based on ping...
Hosted by Airlive Communications, Inc. (Pasig City) [633.83 km]: 20.67 ms
Testing download speed................................................................................
Download: 154.31 Mbit/s
Testing upload speed......................................................................................................
Upload: 312.37 Mbit/s
2025-08-11T01:20:01+08:00
Retrieving speedtest.net configuration...
Testing from FIl Products Service Television Inc (103.105.214.62)...
Retrieving speedtest.net server list...
Selecting best server based on ping...
Hosted by Airlive Communications, Inc. (Pasig City) [633.83 km]: 19.073 ms
Testing download speed................................................................................
Download: 145.00 Mbit/s
Testing upload speed......................................................................................................
Upload: 329.32 Mbit/s
2025-08-11T01:25:01+08:00
Retrieving speedtest.net configuration...
Testing from FIl Products Service Television Inc (103.105.214.62)...
Retrieving speedtest.net server list...
Selecting best server based on ping...
Hosted by Airlive Communications, Inc. (Pasig City) [633.83 km]: 21.085 ms
Testing download speed................................................................................
Download: 134.73 Mbit/s
Testing upload speed......................................................................................................
Upload: 334.99 Mbit/s
2025-08-11T01:30:01+08:00
Retrieving speedtest.net configuration...
Testing from FIl Products Service Television Inc (103.105.214.62)...
Retrieving speedtest.net server list...
Selecting best server based on ping...
2025-08-11T01:35:01+08:00
Retrieving speedtest.net configuration...
Testing from FIl Products Service Television Inc (103.105.214.62)...
Retrieving speedtest.net server list...
Selecting best server based on ping...
Hosted by Airlive Communications, Inc. (Pasig City) [633.83 km]: 22.652 ms
Testing download speed................................................................................
Download: 154.24 Mbit/s
Testing upload speed......................................................................................................
Upload: 367.98 Mbit/s
2025-08-11T01:40:01+08:00
Retrieving speedtest.net configuration...
Testing from FIl Products Service Television Inc (103.105.214.62)...
Retrieving speedtest.net server list...
Selecting best server based on ping...
Hosted by Airlive Communications, Inc. (Pasig City) [633.83 km]: 19.218 ms
Testing download speed................................................................................
Download: 146.85 Mbit/s
Testing upload speed......................................................................................................
Upload: 320.13 Mbit/s
2025-08-11T01:45:01+08:00
Retrieving speedtest.net configuration...
Testing from FIl Products Service Television Inc (103.105.214.62)...
Retrieving speedtest.net server list...
Selecting best server based on ping...
Hosted by Airlive Communications, Inc. (Pasig City) [633.83 km]: 20.604 ms
Testing download speed................................................................................
Download: 169.18 Mbit/s
Testing upload speed......................................................................................................
Upload: 363.02 Mbit/s
2025-08-11T01:50:01+08:00
Retrieving speedtest.net configuration...
Testing from FIl Products Service Television Inc (103.105.214.62)...
Retrieving speedtest.net server list...
Selecting best server based on ping...
Hosted by Airlive Communications, Inc. (Pasig City) [633.83 km]: 19.178 ms
Testing download speed................................................................................
Download: 138.51 Mbit/s
Testing upload speed......................................................................................................
Upload: 365.77 Mbit/s
2025-08-11T01:55:01+08:00
Retrieving speedtest.net configuration...
Testing from FIl Products Service Television Inc (103.105.214.62)...
Retrieving speedtest.net server list...
Selecting best server based on ping...
Hosted by Airlive Communications, Inc. (Pasig City) [633.83 km]: 19.926 ms
Testing download speed................................................................................
Download: 159.55 Mbit/s
Testing upload speed......................................................................................................
Upload: 344.14 Mbit/s
2025-08-11T02:00:01+08:00
Retrieving speedtest.net configuration...
Testing from FIl Products Service Television Inc (103.105.214.62)...
Retrieving speedtest.net server list...
Selecting best server based on ping...
