2025-03-30T00:00:01+08:00
Retrieving speedtest.net configuration...
2025-03-30T00:05:01+08:00
Retrieving speedtest.net configuration...
2025-03-30T00:10:01+08:00
Retrieving speedtest.net configuration...
Testing from FIl Products Service Television Inc (103.105.214.62)...
Retrieving speedtest.net server list...
Selecting best server based on ping...
Hosted by Fil Products Negros (Dumaguete City) [0.00 km]: 7.292 ms
Testing download speed................................................................................
Download: 191.35 Mbit/s
Testing upload speed......................................................................................................
Upload: 342.84 Mbit/s
2025-03-30T00:15:01+08:00
Retrieving speedtest.net configuration...
Testing from FIl Products Service Television Inc (103.105.214.59)...
Retrieving speedtest.net server list...
Selecting best server based on ping...
Hosted by Fil Products Negros (Dumaguete City) [0.00 km]: 4.287 ms
Testing download speed................................................................................
Download: 192.11 Mbit/s
Testing upload speed......................................................................................................
Upload: 325.20 Mbit/s
2025-03-30T00:20:01+08:00
Retrieving speedtest.net configuration...
Testing from FIl Products Service Television Inc (103.105.214.62)...
Retrieving speedtest.net server list...
Selecting best server based on ping...
Hosted by Zafra Cable Television Network Inc. (Panglao) [57.64 km]: 22.102 ms
Testing download speed................................................................................
Download: 185.82 Mbit/s
Testing upload speed......................................................................................................
Upload: 281.46 Mbit/s
2025-03-30T00:25:01+08:00
Retrieving speedtest.net configuration...
Testing from FIl Products Service Television Inc (103.105.214.59)...
Retrieving speedtest.net server list...
Selecting best server based on ping...
Hosted by Zafra Cable Television Network Inc. (Panglao) [57.64 km]: 21.597 ms
Testing download speed................................................................................
Download: 167.79 Mbit/s
Testing upload speed......................................................................................................
Upload: 272.39 Mbit/s
2025-03-30T00:30:01+08:00
Retrieving speedtest.net configuration...
Testing from FIl Products Service Television Inc (103.105.214.62)...
Retrieving speedtest.net server list...
Selecting best server based on ping...
2025-03-30T00:35:01+08:00
Retrieving speedtest.net configuration...
2025-03-30T00:40:01+08:00
Retrieving speedtest.net configuration...
Testing from FIl Products Service Television Inc (103.105.214.62)...
Retrieving speedtest.net server list...
Selecting best server based on ping...
Hosted by Zafra Cable Television Network Inc. (Panglao) [57.64 km]: 21.337 ms
Testing download speed................................................................................
Download: 185.32 Mbit/s
Testing upload speed......................................................................................................
Upload: 263.50 Mbit/s
2025-03-30T00:45:01+08:00
Retrieving speedtest.net configuration...
Testing from FIl Products Service Television Inc (103.105.214.62)...
Retrieving speedtest.net server list...
Selecting best server based on ping...
Hosted by Zafra Cable Television Network Inc. (Panglao) [57.64 km]: 21.353 ms
Testing download speed................................................................................
Download: 186.09 Mbit/s
Testing upload speed......................................................................................................
Upload: 336.73 Mbit/s
2025-03-30T00:50:01+08:00
Retrieving speedtest.net configuration...
Testing from FIl Products Service Television Inc (103.105.214.59)...
Retrieving speedtest.net server list...
Selecting best server based on ping...
Hosted by Zafra Cable Television Network Inc. (Panglao) [57.64 km]: 24.036 ms
Testing download speed................................................................................
Download: 181.68 Mbit/s
Testing upload speed......................................................................................................
Upload: 276.28 Mbit/s
2025-03-30T00:55:01+08:00
Retrieving speedtest.net configuration...
Testing from FIl Products Service Television Inc (103.105.214.62)...
Retrieving speedtest.net server list...
Selecting best server based on ping...
Hosted by Zafra Cable Television Network Inc. (Panglao) [57.64 km]: 23.754 ms
Testing download speed................................................................................
Download: 180.69 Mbit/s
Testing upload speed......................................................................................................
Upload: 112.06 Mbit/s
2025-03-30T01:00:01+08:00
Retrieving speedtest.net configuration...
Testing from FIl Products Service Television Inc (103.105.214.62)...
Retrieving speedtest.net server list...
Selecting best server based on ping...
2025-03-30T01:05:01+08:00
Retrieving speedtest.net configuration...
2025-03-30T01:10:01+08:00
Retrieving speedtest.net configuration...
Testing from FIl Products Service Television Inc (103.105.214.62)...
Retrieving speedtest.net server list...
Selecting best server based on ping...
Hosted by Zafra Cable Television Network Inc. (Panglao) [57.64 km]: 21.564 ms
Testing download speed................................................................................
Download: 162.49 Mbit/s
Testing upload speed......................................................................................................
Upload: 310.27 Mbit/s
2025-03-30T01:15:01+08:00
Retrieving speedtest.net configuration...
Testing from FIl Products Service Television Inc (103.105.214.59)...
Retrieving speedtest.net server list...
Selecting best server based on ping...
Hosted by Zafra Cable Television Network Inc. (Panglao) [57.64 km]: 21.805 ms
Testing download speed................................................................................
Download: 184.84 Mbit/s
Testing upload speed......................................................................................................
Upload: 289.90 Mbit/s
2025-03-30T01:20:02+08:00
Retrieving speedtest.net configuration...
Testing from FIl Products Service Television Inc (103.105.214.59)...
Retrieving speedtest.net server list...
Selecting best server based on ping...
Hosted by Zafra Cable Television Network Inc. (Panglao) [57.64 km]: 21.596 ms
Testing download speed................................................................................
Download: 187.00 Mbit/s
Testing upload speed......................................................................................................
Upload: 300.61 Mbit/s
2025-03-30T01:25:01+08:00
Retrieving speedtest.net configuration...
Testing from FIl Products Service Television Inc (103.105.214.62)...
Retrieving speedtest.net server list...
Selecting best server based on ping...
Hosted by Zafra Cable Television Network Inc. (Panglao) [57.64 km]: 21.242 ms
Testing download speed................................................................................
Download: 177.55 Mbit/s
Testing upload speed......................................................................................................
Upload: 233.11 Mbit/s
2025-03-30T01:30:01+08:00
Retrieving speedtest.net configuration...
Testing from FIl Products Service Television Inc (103.105.214.62)...
Retrieving speedtest.net server list...
Selecting best server based on ping...
2025-03-30T01:35:01+08:00
Retrieving speedtest.net configuration...
2025-03-30T01:40:01+08:00
Retrieving speedtest.net configuration...
Testing from FIl Products Service Television Inc (103.105.214.62)...
Retrieving speedtest.net server list...
Selecting best server based on ping...
Hosted by Zafra Cable Television Network Inc. (Panglao) [57.64 km]: 23.927 ms
Testing download speed................................................................................
Download: 186.03 Mbit/s
Testing upload speed......................................................................................................
Upload: 117.74 Mbit/s
2025-03-30T01:45:01+08:00
Retrieving speedtest.net configuration...
Testing from FIl Products Service Television Inc (103.105.214.62)...
Retrieving speedtest.net server list...
Selecting best server based on ping...
Hosted by Zafra Cable Television Network Inc. (Panglao) [57.64 km]: 23.632 ms
Testing download speed................................................................................
Download: 186.46 Mbit/s
Testing upload speed......................................................................................................
Upload: 288.02 Mbit/s
2025-03-30T01:50:01+08:00
Retrieving speedtest.net configuration...
Testing from FIl Products Service Television Inc (103.105.214.59)...
Retrieving speedtest.net server list...
Selecting best server based on ping...
Hosted by Zafra Cable Television Network Inc. (Panglao) [57.64 km]: 21.833 ms
Testing download speed................................................................................
Download: 185.60 Mbit/s
Testing upload speed......................................................................................................
Upload: 261.41 Mbit/s
2025-03-30T01:55:01+08:00
Retrieving speedtest.net configuration...
Testing from FIl Products Service Television Inc (103.105.214.62)...
Retrieving speedtest.net server list...
Selecting best server based on ping...
Hosted by Zafra Cable Television Network Inc. (Panglao) [57.64 km]: 21.367 ms
Testing download speed................................................................................
Download: 183.26 Mbit/s
Testing upload speed......................................................................................................
Upload: 259.50 Mbit/s
2025-03-30T02:00:01+08:00
Retrieving speedtest.net configuration...
Testing from FIl Products Service Television Inc (103.105.214.62)...
Retrieving speedtest.net server list...
Selecting best server based on ping...
