2025-08-13T00:00:01+08:00
Retrieving speedtest.net configuration...
Testing from FIl Products Service Television Inc (103.105.214.50)...
Retrieving speedtest.net server list...
Selecting best server based on ping...
2025-08-13T00:05:01+08:00
Retrieving speedtest.net configuration...
2025-08-13T00:10:01+08:00
Retrieving speedtest.net configuration...
Testing from FIl Products Service Television Inc (103.105.214.50)...
Retrieving speedtest.net server list...
Selecting best server based on ping...
Hosted by Switch Fiber (Makati City) [634.17 km]: 19.044 ms
Testing download speed................................................................................
Download: 108.81 Mbit/s
Testing upload speed......................................................................................................
Upload: 340.57 Mbit/s
2025-08-13T00:15:01+08:00
Retrieving speedtest.net configuration...
Testing from FIl Products Service Television Inc (103.105.214.52)...
Retrieving speedtest.net server list...
Selecting best server based on ping...
Hosted by PT&T (Makati City) [634.17 km]: 17.583 ms
Testing download speed................................................................................
Download: 137.23 Mbit/s
Testing upload speed......................................................................................................
Upload: 355.85 Mbit/s
2025-08-13T00:20:01+08:00
Retrieving speedtest.net configuration...
Testing from FIl Products Service Television Inc (103.105.214.52)...
Retrieving speedtest.net server list...
Selecting best server based on ping...
Hosted by PT&T (Makati City) [634.17 km]: 23.818 ms
Testing download speed................................................................................
Download: 139.85 Mbit/s
Testing upload speed......................................................................................................
Upload: 331.00 Mbit/s
2025-08-13T00:25:01+08:00
Retrieving speedtest.net configuration...
Testing from FIl Products Service Television Inc (103.105.214.50)...
Retrieving speedtest.net server list...
Selecting best server based on ping...
Hosted by Switch Fiber (Makati City) [634.17 km]: 20.652 ms
Testing download speed................................................................................
Download: 110.33 Mbit/s
Testing upload speed......................................................................................................
Upload: 216.51 Mbit/s
2025-08-13T00:30:01+08:00
Retrieving speedtest.net configuration...
Testing from FIl Products Service Television Inc (103.105.214.50)...
Retrieving speedtest.net server list...
Selecting best server based on ping...
2025-08-13T00:35:01+08:00
Retrieving speedtest.net configuration...
Testing from FIl Products Service Television Inc (103.105.214.50)...
Retrieving speedtest.net server list...
Selecting best server based on ping...
Hosted by PT&T (Makati City) [634.17 km]: 19.841 ms
Testing download speed................................................................................
Download: 124.25 Mbit/s
Testing upload speed......................................................................................................
Upload: 361.73 Mbit/s
2025-08-13T00:40:01+08:00
Retrieving speedtest.net configuration...
Testing from FIl Products Service Television Inc (103.105.214.50)...
Retrieving speedtest.net server list...
Selecting best server based on ping...
Hosted by PT&T (Makati City) [634.17 km]: 17.515 ms
Testing download speed................................................................................
Download: 118.70 Mbit/s
Testing upload speed......................................................................................................
Upload: 373.33 Mbit/s
2025-08-13T00:45:01+08:00
Retrieving speedtest.net configuration...
Testing from FIl Products Service Television Inc (103.105.214.52)...
Retrieving speedtest.net server list...
Selecting best server based on ping...
Hosted by PT&T (Makati City) [634.17 km]: 17.658 ms
Testing download speed................................................................................
Download: 139.81 Mbit/s
Testing upload speed......................................................................................................
Upload: 378.47 Mbit/s
2025-08-13T00:50:01+08:00
Retrieving speedtest.net configuration...
Testing from FIl Products Service Television Inc (103.105.214.52)...
Retrieving speedtest.net server list...
Selecting best server based on ping...
Hosted by PT&T (Makati City) [634.17 km]: 20.197 ms
Testing download speed................................................................................
Download: 148.26 Mbit/s
Testing upload speed......................................................................................................
Upload: 378.11 Mbit/s
2025-08-13T00:55:01+08:00
Retrieving speedtest.net configuration...
Testing from FIl Products Service Television Inc (103.105.214.52)...
Retrieving speedtest.net server list...
Selecting best server based on ping...
Hosted by PT&T (Makati City) [634.17 km]: 19.968 ms
Testing download speed................................................................................
Download: 124.41 Mbit/s
Testing upload speed......................................................................................................
Upload: 339.51 Mbit/s
2025-08-13T01:00:01+08:00
Retrieving speedtest.net configuration...
Testing from FIl Products Service Television Inc (103.105.214.52)...
Retrieving speedtest.net server list...
Selecting best server based on ping...
2025-08-13T01:05:01+08:00
Retrieving speedtest.net configuration...
2025-08-13T01:10:01+08:00
Retrieving speedtest.net configuration...
Testing from FIl Products Service Television Inc (103.105.214.50)...
Retrieving speedtest.net server list...
Selecting best server based on ping...
Hosted by PT&T (Makati City) [634.17 km]: 23.199 ms
Testing download speed...............................................................................
.Download: 145.54 Mbit/s
Testing upload speed......................................................................................................
Upload: 276.87 Mbit/s
2025-08-13T01:15:01+08:00
Retrieving speedtest.net configuration...
Testing from FIl Products Service Television Inc (103.105.214.50)...
Retrieving speedtest.net server list...
Selecting best server based on ping...
Hosted by PT&T (Makati City) [634.17 km]: 19.61 ms
Testing download speed................................................................................
Download: 136.12 Mbit/s
Testing upload speed......................................................................................................
Upload: 344.26 Mbit/s
2025-08-13T01:20:01+08:00
Retrieving speedtest.net configuration...
Testing from FIl Products Service Television Inc (103.105.214.50)...
Retrieving speedtest.net server list...
Selecting best server based on ping...
Hosted by PT&T (Makati City) [634.17 km]: 17.716 ms
Testing download speed................................................................................
Download: 145.80 Mbit/s
Testing upload speed......................................................................................................
Upload: 324.97 Mbit/s
2025-08-13T01:25:01+08:00
Retrieving speedtest.net configuration...
Testing from FIl Products Service Television Inc (103.105.214.50)...
Retrieving speedtest.net server list...
Selecting best server based on ping...
Hosted by PT&T (Makati City) [634.17 km]: 19.7 ms
Testing download speed................................................................................
Download: 129.97 Mbit/s
Testing upload speed......................................................................................................
Upload: 317.96 Mbit/s
2025-08-13T01:30:01+08:00
Retrieving speedtest.net configuration...
Testing from FIl Products Service Television Inc (103.105.214.52)...
Retrieving speedtest.net server list...
Selecting best server based on ping...
2025-08-13T01:35:01+08:00
Retrieving speedtest.net configuration...
Testing from FIl Products Service Television Inc (103.105.214.52)...
Retrieving speedtest.net server list...
Selecting best server based on ping...
Hosted by PT&T (Makati City) [634.17 km]: 20.001 ms
Testing download speed................................................................................
Download: 144.32 Mbit/s
Testing upload speed......................................................................................................
Upload: 329.58 Mbit/s
2025-08-13T01:40:01+08:00
Retrieving speedtest.net configuration...
Testing from FIl Products Service Television Inc (103.105.214.50)...
Retrieving speedtest.net server list...
Selecting best server based on ping...
Hosted by PT&T (Makati City) [634.17 km]: 19.955 ms
Testing download speed................................................................................
Download: 152.59 Mbit/s
Testing upload speed......................................................................................................
Upload: 325.15 Mbit/s
2025-08-13T01:45:01+08:00
Retrieving speedtest.net configuration...
Testing from FIl Products Service Television Inc (103.105.214.52)...
Retrieving speedtest.net server list...
Selecting best server based on ping...
Hosted by PT&T (Makati City) [634.17 km]: 23.765 ms
Testing download speed................................................................................
Download: 126.80 Mbit/s
Testing upload speed......................................................................................................
Upload: 250.91 Mbit/s
2025-08-13T01:50:01+08:00
Retrieving speedtest.net configuration...
Testing from FIl Products Service Television Inc (103.105.214.50)...
Retrieving speedtest.net server list...
Selecting best server based on ping...
Hosted by PT&T (Makati City) [634.17 km]: 18.013 ms
Testing download speed................................................................................
Download: 130.29 Mbit/s
Testing upload speed......................................................................................................
Upload: 371.32 Mbit/s
2025-08-13T01:55:01+08:00
Retrieving speedtest.net configuration...
Testing from FIl Products Service Television Inc (103.105.214.50)...
Retrieving speedtest.net server list...
Selecting best server based on ping...
Hosted by PT&T (Makati City) [634.17 km]: 17.924 ms
Testing download speed................................................................................
Download: 152.65 Mbit/s
Testing upload speed......................................................................................................
Upload: 358.27 Mbit/s
2025-08-13T02:00:01+08:00
Retrieving speedtest.net configuration...
Testing from FIl Products Service Television Inc (103.105.214.50)...
Retrieving speedtest.net server list...
Selecting best server based on ping...
