2025-09-18T00:00:01+08:00
Retrieving speedtest.net configuration...
Testing from FIl Products Service Television Inc (103.105.214.57)...
Retrieving speedtest.net server list...
Selecting best server based on ping...
2025-09-18T00:05:01+08:00
Retrieving speedtest.net configuration...
2025-09-18T00:10:01+08:00
Retrieving speedtest.net configuration...
Testing from FIl Products Service Television Inc (103.105.214.62)...
Retrieving speedtest.net server list...
Selecting best server based on ping...
Hosted by Cine Cebu (Cebu City) [126.16 km]: 40.473 ms
Testing download speed................................................................................
Download: 89.62 Mbit/s
Testing upload speed......................................................................................................
Upload: 78.37 Mbit/s
2025-09-18T00:15:01+08:00
Retrieving speedtest.net configuration...
Testing from FIl Products Service Television Inc (103.105.214.62)...
Retrieving speedtest.net server list...
Selecting best server based on ping...
Hosted by Cine Cebu (Cebu City) [126.16 km]: 37.45 ms
Testing download speed................................................................................
Download: 91.52 Mbit/s
Testing upload speed......................................................................................................
Upload: 85.09 Mbit/s
2025-09-18T00:20:01+08:00
Retrieving speedtest.net configuration...
Testing from FIl Products Service Television Inc (103.105.214.62)...
Retrieving speedtest.net server list...
Selecting best server based on ping...
Hosted by Cine Cebu (Cebu City) [126.16 km]: 46.733 ms
Testing download speed................................................................................
Download: 90.08 Mbit/s
Testing upload speed......................................................................................................
Upload: 73.95 Mbit/s
2025-09-18T00:25:01+08:00
Retrieving speedtest.net configuration...
Testing from FIl Products Service Television Inc (103.105.214.57)...
Retrieving speedtest.net server list...
Selecting best server based on ping...
Hosted by Cine Cebu (Cebu City) [126.16 km]: 44.706 ms
Testing download speed................................................................................
Download: 87.42 Mbit/s
Testing upload speed......................................................................................................
Upload: 79.18 Mbit/s
2025-09-18T00:30:01+08:00
Retrieving speedtest.net configuration...
Testing from FIl Products Service Television Inc (103.105.214.57)...
Retrieving speedtest.net server list...
Selecting best server based on ping...
2025-09-18T00:35:01+08:00
Retrieving speedtest.net configuration...
Testing from FIl Products Service Television Inc (103.105.214.62)...
Retrieving speedtest.net server list...
Selecting best server based on ping...
Hosted by Cine Cebu (Cebu City) [126.16 km]: 44.135 ms
Testing download speed................................................................................
Download: 90.78 Mbit/s
Testing upload speed......................................................................................................
Upload: 76.22 Mbit/s
2025-09-18T00:40:01+08:00
Retrieving speedtest.net configuration...
Testing from FIl Products Service Television Inc (103.105.214.57)...
Retrieving speedtest.net server list...
Selecting best server based on ping...
Hosted by Radius Telecoms, Inc. (Cebu City) [126.16 km]: 47.592 ms
Testing download speed................................................................................
Download: 88.06 Mbit/s
Testing upload speed......................................................................................................
Upload: 77.20 Mbit/s
2025-09-18T00:45:01+08:00
Retrieving speedtest.net configuration...
Testing from FIl Products Service Television Inc (103.105.214.62)...
Retrieving speedtest.net server list...
Selecting best server based on ping...
Hosted by Cine Cebu (Cebu City) [126.16 km]: 41.381 ms
Testing download speed................................................................................
Download: 88.13 Mbit/s
Testing upload speed......................................................................................................
Upload: 77.60 Mbit/s
2025-09-18T00:50:01+08:00
Retrieving speedtest.net configuration...
Testing from FIl Products Service Television Inc (103.105.214.57)...
Retrieving speedtest.net server list...
Selecting best server based on ping...
Hosted by Fil Products Negros (Dumaguete) [0.00 km]: 16.31 ms
Testing download speed................................................................................
Download: 93.96 Mbit/s
Testing upload speed......................................................................................................
Upload: 94.69 Mbit/s
2025-09-18T00:55:01+08:00
Retrieving speedtest.net configuration...
Testing from FIl Products Service Television Inc (103.105.214.57)...
Retrieving speedtest.net server list...
Selecting best server based on ping...
Hosted by Fil Products Negros (Dumaguete) [0.00 km]: 2.811 ms
Testing download speed................................................................................
Download: 93.86 Mbit/s
Testing upload speed......................................................................................................
Upload: 94.85 Mbit/s
2025-09-18T01:00:01+08:00
Retrieving speedtest.net configuration...
Testing from FIl Products Service Television Inc (103.105.214.57)...
Retrieving speedtest.net server list...
Selecting best server based on ping...
