2025-08-05T00:00:01+08:00
Retrieving speedtest.net configuration...
Testing from FIl Products Service Television Inc (103.105.214.54)...
Retrieving speedtest.net server list...
Selecting best server based on ping...
2025-08-05T00:05:01+08:00
Retrieving speedtest.net configuration...
2025-08-05T00:10:01+08:00
Retrieving speedtest.net configuration...
Testing from FIl Products Service Television Inc (103.105.214.54)...
Retrieving speedtest.net server list...
Selecting best server based on ping...
Hosted by Philippine Global Communications, Inc. (Makati) [633.45 km]: 33.981 ms
Testing download speed................................................................................
Download: 167.65 Mbit/s
Testing upload speed......................................................................................................
Upload: 34.17 Mbit/s
2025-08-05T00:15:01+08:00
Retrieving speedtest.net configuration...
Testing from FIl Products Service Television Inc (103.105.214.54)...
Retrieving speedtest.net server list...
Selecting best server based on ping...
Hosted by Philippine Global Communications, Inc. (Makati) [633.45 km]: 26.835 ms
Testing download speed................................................................................
Download: 186.71 Mbit/s
Testing upload speed......................................................................................................
Upload: 31.77 Mbit/s
2025-08-05T00:20:01+08:00
Retrieving speedtest.net configuration...
Testing from FIl Products Service Television Inc (103.105.214.56)...
Retrieving speedtest.net server list...
Selecting best server based on ping...
Hosted by Philippine Global Communications, Inc. (Makati) [633.45 km]: 27.643 ms
Testing download speed................................................................................
Download: 171.67 Mbit/s
Testing upload speed......................................................................................................
Upload: 33.83 Mbit/s
2025-08-05T00:25:01+08:00
Retrieving speedtest.net configuration...
Testing from FIl Products Service Television Inc (103.105.214.54)...
Retrieving speedtest.net server list...
Selecting best server based on ping...
Hosted by Philippine Global Communications, Inc. (Makati) [633.45 km]: 25.17 ms
Testing download speed................................................................................
Download: 125.85 Mbit/s
Testing upload speed......................................................................................................
Upload: 31.78 Mbit/s
2025-08-05T00:30:01+08:00
Retrieving speedtest.net configuration...
Testing from FIl Products Service Television Inc (103.105.214.54)...
Retrieving speedtest.net server list...
Selecting best server based on ping...
2025-08-05T00:35:01+08:00
Retrieving speedtest.net configuration...
Testing from FIl Products Service Television Inc (103.105.214.56)...
Retrieving speedtest.net server list...
Selecting best server based on ping...
Hosted by PLDT (Manila) [637.79 km]: 36.559 ms
Testing download speed................................................................................
Download: 152.62 Mbit/s
Testing upload speed......................................................................................................
Upload: 210.71 Mbit/s
2025-08-05T00:40:01+08:00
Retrieving speedtest.net configuration...
Testing from FIl Products Service Television Inc (103.105.214.54)...
Retrieving speedtest.net server list...
Selecting best server based on ping...
Hosted by Philippine Global Communications, Inc. (Makati) [633.45 km]: 32.69 ms
Testing download speed................................................................................
Download: 167.59 Mbit/s
Testing upload speed......................................................................................................
Upload: 35.57 Mbit/s
2025-08-05T00:45:01+08:00
Retrieving speedtest.net configuration...
Testing from FIl Products Service Television Inc (103.105.214.56)...
Retrieving speedtest.net server list...
Selecting best server based on ping...
Hosted by DITO (Makati City) [634.17 km]: 31.725 ms
Testing download speed................................................................................
Download: 155.05 Mbit/s
Testing upload speed......................................................................................................
Upload: 259.31 Mbit/s
2025-08-05T00:50:01+08:00
Retrieving speedtest.net configuration...
Testing from FIl Products Service Television Inc (103.105.214.56)...
Retrieving speedtest.net server list...
Selecting best server based on ping...
Hosted by Philippine Global Communications, Inc. (Makati) [633.45 km]: 28.569 ms
Testing download speed................................................................................
Download: 156.42 Mbit/s
Testing upload speed......................................................................................................
Upload: 33.25 Mbit/s
2025-08-05T00:55:01+08:00
Retrieving speedtest.net configuration...
Testing from FIl Products Service Television Inc (103.105.214.56)...
Retrieving speedtest.net server list...
Selecting best server based on ping...
Hosted by Philippine Global Communications, Inc. (Makati) [633.45 km]: 27.537 ms
Testing download speed................................................................................
Download: 171.09 Mbit/s
Testing upload speed......................................................................................................
Upload: 36.23 Mbit/s
2025-08-05T01:00:01+08:00
Retrieving speedtest.net configuration...
Testing from FIl Products Service Television Inc (103.105.214.56)...
Retrieving speedtest.net server list...
Selecting best server based on ping...
2025-08-05T01:05:01+08:00
Retrieving speedtest.net configuration...
2025-08-05T01:10:01+08:00
Retrieving speedtest.net configuration...
Testing from FIl Products Service Television Inc (103.105.214.56)...
Retrieving speedtest.net server list...
Selecting best server based on ping...
Hosted by Philippine Global Communications, Inc. (Makati) [633.45 km]: 34.437 ms
Testing download speed................................................................................
Download: 132.78 Mbit/s
Testing upload speed......................................................................................................
Upload: 26.67 Mbit/s
2025-08-05T01:15:01+08:00
Retrieving speedtest.net configuration...
Testing from FIl Products Service Television Inc (103.105.214.54)...
Retrieving speedtest.net server list...
Selecting best server based on ping...
Hosted by Philippine Global Communications, Inc. (Makati) [633.45 km]: 28.334 ms
Testing download speed................................................................................
Download: 175.49 Mbit/s
Testing upload speed......................................................................................................
Upload: 28.19 Mbit/s
2025-08-05T01:20:01+08:00
Retrieving speedtest.net configuration...
Testing from FIl Products Service Television Inc (103.105.214.54)...
Retrieving speedtest.net server list...
Selecting best server based on ping...
Hosted by Philippine Global Communications, Inc. (Makati) [633.45 km]: 29.906 ms
Testing download speed................................................................................
Download: 185.10 Mbit/s
Testing upload speed......................................................................................................
Upload: 29.60 Mbit/s
2025-08-05T01:25:01+08:00
Retrieving speedtest.net configuration...
Testing from FIl Products Service Television Inc (103.105.214.56)...
Retrieving speedtest.net server list...
Selecting best server based on ping...
Hosted by Globe Telecom (Pasig City) [633.83 km]: 35.378 ms
Testing download speed................................................................................
Download: 159.16 Mbit/s
Testing upload speed......................................................................................................
Upload: 282.95 Mbit/s
2025-08-05T01:30:01+08:00
Retrieving speedtest.net configuration...
Testing from FIl Products Service Television Inc (103.105.214.56)...
Retrieving speedtest.net server list...
Selecting best server based on ping...
2025-08-05T01:35:01+08:00
Retrieving speedtest.net configuration...
Testing from FIl Products Service Television Inc (103.105.214.56)...
Retrieving speedtest.net server list...
Selecting best server based on ping...
Hosted by Globe Telecom (Pasig City) [633.83 km]: 28.444 ms
Testing download speed................................................................................
Download: 157.81 Mbit/s
Testing upload speed......................................................................................................
Upload: 392.76 Mbit/s
2025-08-05T01:40:01+08:00
Retrieving speedtest.net configuration...
Testing from FIl Products Service Television Inc (103.105.214.56)...
Retrieving speedtest.net server list...
Selecting best server based on ping...
Hosted by Globe Telecom (Pasig City) [633.83 km]: 24.721 ms
Testing download speed................................................................................
Download: 197.22 Mbit/s
Testing upload speed......................................................................................................
Upload: 371.07 Mbit/s
2025-08-05T01:45:01+08:00
Retrieving speedtest.net configuration...
Testing from FIl Products Service Television Inc (103.105.214.56)...
Retrieving speedtest.net server list...
Selecting best server based on ping...
Hosted by Globe Telecom (Pasig City) [633.83 km]: 18.913 ms
Testing download speed................................................................................
Download: 179.02 Mbit/s
Testing upload speed......................................................................................................
Upload: 379.25 Mbit/s
2025-08-05T01:50:01+08:00
Retrieving speedtest.net configuration...
Testing from FIl Products Service Television Inc (103.105.214.56)...
Retrieving speedtest.net server list...
Selecting best server based on ping...
Hosted by Globe Telecom (Pasig City) [633.83 km]: 18.694 ms
Testing download speed................................................................................
Download: 191.64 Mbit/s
Testing upload speed......................................................................................................
Upload: 294.55 Mbit/s
2025-08-05T01:55:01+08:00
Retrieving speedtest.net configuration...
Testing from FIl Products Service Television Inc (103.105.214.56)...
Retrieving speedtest.net server list...
Selecting best server based on ping...
Hosted by Globe Telecom (Pasig City) [633.83 km]: 24.255 ms
Testing download speed................................................................................
Download: 178.27 Mbit/s
Testing upload speed......................................................................................................
Upload: 261.05 Mbit/s
2025-08-05T02:00:01+08:00
Retrieving speedtest.net configuration...
Testing from FIl Products Service Television Inc (103.105.214.56)...
Retrieving speedtest.net server list...
Selecting best server based on ping...
