2025-06-30T00:00:01+08:00
Retrieving speedtest.net configuration...
Testing from FIl Products Service Television Inc (103.105.214.54)...
Retrieving speedtest.net server list...
Selecting best server based on ping...
2025-06-30T00:05:01+08:00
Retrieving speedtest.net configuration...
2025-06-30T00:10:01+08:00
Retrieving speedtest.net configuration...
Testing from FIl Products Service Television Inc (103.105.214.61)...
Retrieving speedtest.net server list...
Selecting best server based on ping...
Hosted by G-Net IT Systems OPC (Bulacan) [664.80 km]: 30.905 ms
Testing download speed................................................................................
Download: 167.86 Mbit/s
Testing upload speed......................................................................................................
Upload: 305.26 Mbit/s
2025-06-30T00:15:01+08:00
Retrieving speedtest.net configuration...
Testing from FIl Products Service Television Inc (103.105.214.61)...
Retrieving speedtest.net server list...
Selecting best server based on ping...
Hosted by Akm Internet Installation Service (Santa Maria) [663.03 km]: 20.76 ms
Testing download speed................................................................................
Download: 187.94 Mbit/s
Testing upload speed......................................................................................................
Upload: 234.85 Mbit/s
2025-06-30T00:20:01+08:00
Retrieving speedtest.net configuration...
Testing from FIl Products Service Television Inc (103.105.214.61)...
Retrieving speedtest.net server list...
Selecting best server based on ping...
Hosted by Akm Internet Installation Service (Santa Maria) [663.03 km]: 20.948 ms
Testing download speed................................................................................
Download: 185.34 Mbit/s
Testing upload speed......................................................................................................
Upload: 261.71 Mbit/s
2025-06-30T00:25:01+08:00
Retrieving speedtest.net configuration...
Testing from FIl Products Service Television Inc (103.105.214.61)...
Retrieving speedtest.net server list...
Selecting best server based on ping...
Hosted by Akm Internet Installation Service (Santa Maria) [663.03 km]: 20.626 ms
Testing download speed................................................................................
Download: 189.95 Mbit/s
Testing upload speed......................................................................................................
Upload: 185.07 Mbit/s
2025-06-30T00:30:01+08:00
Retrieving speedtest.net configuration...
Testing from FIl Products Service Television Inc (103.105.214.54)...
Retrieving speedtest.net server list...
Selecting best server based on ping...
2025-06-30T00:35:01+08:00
Retrieving speedtest.net configuration...
Testing from FIl Products Service Television Inc (103.105.214.54)...
Retrieving speedtest.net server list...
Selecting best server based on ping...
Hosted by Globe Telecom (Makati) [633.45 km]: 35.383 ms
Testing download speed................................................................................
Download: 178.75 Mbit/s
Testing upload speed......................................................................................................
Upload: 280.93 Mbit/s
2025-06-30T00:40:01+08:00
Retrieving speedtest.net configuration...
Testing from FIl Products Service Television Inc (103.105.214.61)...
Retrieving speedtest.net server list...
Selecting best server based on ping...
Hosted by Globe Telecom (Makati) [633.45 km]: 23.03 ms
Testing download speed................................................................................
Download: 195.55 Mbit/s
Testing upload speed......................................................................................................
Upload: 266.96 Mbit/s
2025-06-30T00:45:01+08:00
Retrieving speedtest.net configuration...
Testing from FIl Products Service Television Inc (103.105.214.54)...
Retrieving speedtest.net server list...
Selecting best server based on ping...
Hosted by Globe Telecom (Makati) [633.45 km]: 26.35 ms
Testing download speed................................................................................
Download: 195.53 Mbit/s
Testing upload speed......................................................................................................
Upload: 306.22 Mbit/s
2025-06-30T00:50:01+08:00
Retrieving speedtest.net configuration...
Testing from FIl Products Service Television Inc (103.105.214.61)...
Retrieving speedtest.net server list...
Selecting best server based on ping...
Hosted by Globe Telecom (Makati) [633.45 km]: 22.606 ms
Testing download speed................................................................................
Download: 198.45 Mbit/s
Testing upload speed......................................................................................................
Upload: 247.83 Mbit/s
2025-06-30T00:55:01+08:00
Retrieving speedtest.net configuration...
Testing from FIl Products Service Television Inc (103.105.214.61)...
Retrieving speedtest.net server list...
Selecting best server based on ping...
Hosted by Globe Telecom (Makati) [633.45 km]: 29.259 ms
Testing download speed................................................................................
Download: 196.01 Mbit/s
Testing upload speed......................................................................................................
Upload: 256.55 Mbit/s
2025-06-30T01:00:01+08:00
Retrieving speedtest.net configuration...
Testing from FIl Products Service Television Inc (103.105.214.54)...
Retrieving speedtest.net server list...
Selecting best server based on ping...
2025-06-30T01:05:01+08:00
Retrieving speedtest.net configuration...
2025-06-30T01:10:01+08:00
Retrieving speedtest.net configuration...
Testing from FIl Products Service Television Inc (103.105.214.61)...
Retrieving speedtest.net server list...
Selecting best server based on ping...
Hosted by keith.net Inc. (Makati City) [634.17 km]: 31.677 ms
Testing download speed................................................................................
Download: 179.85 Mbit/s
Testing upload speed......................................................................................................
Upload: 254.48 Mbit/s
2025-06-30T01:15:01+08:00
Retrieving speedtest.net configuration...
Testing from FIl Products Service Television Inc (103.105.214.61)...
Retrieving speedtest.net server list...
Selecting best server based on ping...
Hosted by Globe Telecom (Makati) [633.45 km]: 31.558 ms
Testing download speed................................................................................
Download: 146.43 Mbit/s
Testing upload speed......................................................................................................
Upload: 304.36 Mbit/s
2025-06-30T01:20:01+08:00
Retrieving speedtest.net configuration...
Testing from FIl Products Service Television Inc (103.105.214.61)...
Retrieving speedtest.net server list...
Selecting best server based on ping...
Hosted by Globe Telecom (Makati) [633.45 km]: 25.832 ms
Testing download speed................................................................................
Download: 196.57 Mbit/s
Testing upload speed......................................................................................................
Upload: 287.41 Mbit/s
2025-06-30T01:25:01+08:00
Retrieving speedtest.net configuration...
Testing from FIl Products Service Television Inc (103.105.214.61)...
Retrieving speedtest.net server list...
Selecting best server based on ping...
Hosted by keith.net Inc. (Makati City) [634.17 km]: 24.665 ms
Testing download speed................................................................................
Download: 180.00 Mbit/s
Testing upload speed......................................................................................................
Upload: 203.87 Mbit/s
2025-06-30T01:30:01+08:00
Retrieving speedtest.net configuration...
Testing from FIl Products Service Television Inc (103.105.214.54)...
Retrieving speedtest.net server list...
Selecting best server based on ping...
2025-06-30T01:35:01+08:00
Retrieving speedtest.net configuration...
Testing from FIl Products Service Television Inc (103.105.214.61)...
Retrieving speedtest.net server list...
Selecting best server based on ping...
Hosted by Globe Telecom (Makati) [633.45 km]: 29.964 ms
Testing download speed................................................................................
Download: 196.46 Mbit/s
Testing upload speed......................................................................................................
Upload: 272.38 Mbit/s
2025-06-30T01:40:01+08:00
Retrieving speedtest.net configuration...
Testing from FIl Products Service Television Inc (103.105.214.61)...
Retrieving speedtest.net server list...
Selecting best server based on ping...
Hosted by keith.net Inc. (Makati City) [634.17 km]: 20.71 ms
Testing download speed................................................................................
Download: 184.17 Mbit/s
Testing upload speed......................................................................................................
Upload: 148.72 Mbit/s
2025-06-30T01:45:01+08:00
Retrieving speedtest.net configuration...
Testing from FIl Products Service Television Inc (103.105.214.54)...
Retrieving speedtest.net server list...
Selecting best server based on ping...
Hosted by Globe Telecom (Makati) [633.45 km]: 31.209 ms
Testing download speed................................................................................
Download: 197.22 Mbit/s
Testing upload speed......................................................................................................
Upload: 251.44 Mbit/s
2025-06-30T01:50:01+08:00
Retrieving speedtest.net configuration...
Testing from FIl Products Service Television Inc (103.105.214.61)...
Retrieving speedtest.net server list...
Selecting best server based on ping...
Hosted by Globe Telecom (Makati) [633.45 km]: 26.79 ms
Testing download speed................................................................................
Download: 183.70 Mbit/s
Testing upload speed......................................................................................................
Upload: 281.71 Mbit/s
2025-06-30T01:55:01+08:00
Retrieving speedtest.net configuration...
Testing from FIl Products Service Television Inc (103.105.214.61)...
Retrieving speedtest.net server list...
Selecting best server based on ping...
Hosted by Globe Telecom (Makati) [633.45 km]: 30.254 ms
Testing download speed................................................................................
Download: 188.15 Mbit/s
Testing upload speed......................................................................................................
Upload: 251.00 Mbit/s
2025-06-30T02:00:02+08:00
Retrieving speedtest.net configuration...
Testing from FIl Products Service Television Inc (103.105.214.61)...
Retrieving speedtest.net server list...
Selecting best server based on ping...
2025-06-30T02:05:01+08:00
Retrieving speedtest.net configuration...
2025-06-30T02:10:01+08:00
Retrieving speedtest.net configuration...
Testing from FIl Products Service Television Inc (103.105.214.61)...
Retrieving speedtest.net server list...
Selecting best server based on ping...
Hosted by Globe Telecom (Makati) [633.45 km]: 31.968 ms
Testing download speed................................................................................
Download: 186.35 Mbit/s
Testing upload speed......................................................................................................
Upload: 237.58 Mbit/s
2025-06-30T02:15:01+08:00
Retrieving speedtest.net configuration...
Testing from FIl Products Service Television Inc (103.105.214.54)...
Retrieving speedtest.net server list...
Selecting best server based on ping...
Hosted by Globe Telecom (Makati) [633.45 km]: 25.628 ms
Testing download speed................................................................................
Download: 195.39 Mbit/s
Testing upload speed......................................................................................................
Upload: 206.77 Mbit/s
2025-06-30T02:20:01+08:00
Retrieving speedtest.net configuration...
Testing from FIl Products Service Television Inc (103.105.214.54)...
Retrieving speedtest.net server list...
Selecting best server based on ping...
Hosted by keith.net Inc. (Makati City) [634.17 km]: 21.549 ms
Testing download speed................................................................................
Download: 180.45 Mbit/s
Testing upload speed......................................................................................................
Upload: 162.17 Mbit/s
2025-06-30T02:25:01+08:00
Retrieving speedtest.net configuration...
Testing from FIl Products Service Television Inc (103.105.214.61)...
Retrieving speedtest.net server list...
Selecting best server based on ping...
Hosted by Globe Telecom (Makati) [633.45 km]: 30.648 ms
Testing download speed................................................................................
Download: 189.91 Mbit/s
Testing upload speed......................................................................................................
Upload: 288.14 Mbit/s
2025-06-30T02:30:01+08:00
Retrieving speedtest.net configuration...
Testing from FIl Products Service Television Inc (103.105.214.54)...
Retrieving speedtest.net server list...
Selecting best server based on ping...
2025-06-30T02:35:01+08:00
Retrieving speedtest.net configuration...
Testing from FIl Products Service Television Inc (103.105.214.61)...
Retrieving speedtest.net server list...
Selecting best server based on ping...
Hosted by Globe Telecom (Makati) [633.45 km]: 31.748 ms
Testing download speed................................................................................
Download: 190.88 Mbit/s
Testing upload speed......................................................................................................
Upload: 285.98 Mbit/s
2025-06-30T02:40:01+08:00
Retrieving speedtest.net configuration...
Testing from FIl Products Service Television Inc (103.105.214.61)...
Retrieving speedtest.net server list...
Selecting best server based on ping...
Hosted by Globe Telecom (Makati) [633.45 km]: 22.827 ms
Testing download speed................................................................................
Download: 196.77 Mbit/s
Testing upload speed......................................................................................................
Upload: 249.71 Mbit/s
2025-06-30T02:45:01+08:00
Retrieving speedtest.net configuration...
Testing from FIl Products Service Television Inc (103.105.214.61)...
Retrieving speedtest.net server list...
Selecting best server based on ping...
Hosted by Globe Telecom (Makati) [633.45 km]: 30.065 ms
Testing download speed................................................................................
Download: 194.44 Mbit/s
Testing upload speed......................................................................................................
Upload: 296.42 Mbit/s
2025-06-30T02:50:01+08:00
Retrieving speedtest.net configuration...
Testing from FIl Products Service Television Inc (103.105.214.54)...
Retrieving speedtest.net server list...
Selecting best server based on ping...
Hosted by Globe Telecom (Makati) [633.45 km]: 23.217 ms
Testing download speed................................................................................
Download: 194.24 Mbit/s
Testing upload speed......................................................................................................
Upload: 270.62 Mbit/s
2025-06-30T02:55:01+08:00
Retrieving speedtest.net configuration...
Testing from FIl Products Service Television Inc (103.105.214.61)...
Retrieving speedtest.net server list...
Selecting best server based on ping...
Hosted by Globe Telecom (Makati) [633.45 km]: 22.635 ms
Testing download speed................................................................................
Download: 197.10 Mbit/s
Testing upload speed......................................................................................................
Upload: 245.61 Mbit/s
2025-06-30T03:00:01+08:00
Retrieving speedtest.net configuration...
Testing from FIl Products Service Television Inc (103.105.214.61)...
Retrieving speedtest.net server list...
Selecting best server based on ping...
2025-06-30T03:05:01+08:00
Retrieving speedtest.net configuration...
2025-06-30T03:10:01+08:00
Retrieving speedtest.net configuration...
Testing from FIl Products Service Television Inc (103.105.214.54)...
Retrieving speedtest.net server list...
Selecting best server based on ping...
Hosted by keith.net Inc. (Makati City) [634.17 km]: 20.864 ms
Testing download speed................................................................................
Download: 182.72 Mbit/s
Testing upload speed......................................................................................................
Upload: 171.51 Mbit/s
2025-06-30T03:15:01+08:00
Retrieving speedtest.net configuration...
Testing from FIl Products Service Television Inc (103.105.214.61)...
Retrieving speedtest.net server list...
Selecting best server based on ping...
Hosted by Globe Telecom (Makati) [633.45 km]: 24.141 ms
Testing download speed................................................................................
Download: 196.25 Mbit/s
Testing upload speed......................................................................................................
Upload: 247.05 Mbit/s
2025-06-30T03:20:01+08:00
Retrieving speedtest.net configuration...
Testing from FIl Products Service Television Inc (103.105.214.61)...
Retrieving speedtest.net server list...
Selecting best server based on ping...
Hosted by keith.net Inc. (Makati City) [634.17 km]: 24.151 ms
Testing download speed................................................................................
Download: 176.33 Mbit/s
Testing upload speed......................................................................................................
Upload: 147.58 Mbit/s
2025-06-30T03:25:01+08:00
Retrieving speedtest.net configuration...
Testing from FIl Products Service Television Inc (103.105.214.54)...
Retrieving speedtest.net server list...
Selecting best server based on ping...
Hosted by Globe Telecom (Makati) [633.45 km]: 22.499 ms
Testing download speed................................................................................
Download: 196.06 Mbit/s
Testing upload speed......................................................................................................
Upload: 258.41 Mbit/s
2025-06-30T03:30:02+08:00
Retrieving speedtest.net configuration...
Testing from FIl Products Service Television Inc (103.105.214.54)...
Retrieving speedtest.net server list...
Selecting best server based on ping...
2025-06-30T03:35:01+08:00
Retrieving speedtest.net configuration...
Testing from FIl Products Service Television Inc (103.105.214.54)...
Retrieving speedtest.net server list...
Selecting best server based on ping...
Hosted by keith.net Inc. (Makati City) [634.17 km]: 30.774 ms
Testing download speed................................................................................
Download: 180.81 Mbit/s
Testing upload speed......................................................................................................
Upload: 249.49 Mbit/s
2025-06-30T03:40:01+08:00
Retrieving speedtest.net configuration...
Testing from FIl Products Service Television Inc (103.105.214.61)...
Retrieving speedtest.net server list...
Selecting best server based on ping...
Hosted by keith.net Inc. (Makati City) [634.17 km]: 22.277 ms
Testing download speed................................................................................
Download: 173.89 Mbit/s
Testing upload speed......................................................................................................
Upload: 119.98 Mbit/s
2025-06-30T03:45:01+08:00
Retrieving speedtest.net configuration...
Testing from FIl Products Service Television Inc (103.105.214.54)...
Retrieving speedtest.net server list...
Selecting best server based on ping...
Hosted by keith.net Inc. (Makati City) [634.17 km]: 30.626 ms
Testing download speed................................................................................
Download: 173.56 Mbit/s
Testing upload speed......................................................................................................
Upload: 209.30 Mbit/s
2025-06-30T03:50:01+08:00
Retrieving speedtest.net configuration...
Testing from FIl Products Service Television Inc (103.105.214.61)...
Retrieving speedtest.net server list...
Selecting best server based on ping...
Hosted by PLDT (Pasig City) [634.44 km]: 37.534 ms
Testing download speed................................................................................
Download: 186.60 Mbit/s
Testing upload speed......................................................................................................
Upload: 207.79 Mbit/s
2025-06-30T03:55:01+08:00
Retrieving speedtest.net configuration...
Testing from FIl Products Service Television Inc (103.105.214.61)...
Retrieving speedtest.net server list...
Selecting best server based on ping...
Hosted by keith.net Inc. (Makati City) [634.17 km]: 28.46 ms
Testing download speed................................................................................
Download: 178.87 Mbit/s
Testing upload speed......................................................................................................
Upload: 151.02 Mbit/s
2025-06-30T04:00:01+08:00
Retrieving speedtest.net configuration...
Testing from FIl Products Service Television Inc (103.105.214.54)...
Retrieving speedtest.net server list...
Selecting best server based on ping...
2025-06-30T04:05:01+08:00
Retrieving speedtest.net configuration...
2025-06-30T04:10:01+08:00
Retrieving speedtest.net configuration...
Testing from FIl Products Service Television Inc (103.105.214.54)...
Retrieving speedtest.net server list...
Selecting best server based on ping...
Hosted by PLDT (Pasig City) [634.44 km]: 37.386 ms
Testing download speed................................................................................
Download: 185.12 Mbit/s
Testing upload speed......................................................................................................
Upload: 230.56 Mbit/s
2025-06-30T04:15:01+08:00
Retrieving speedtest.net configuration...
Testing from FIl Products Service Television Inc (103.105.214.54)...
Retrieving speedtest.net server list...
Selecting best server based on ping...
Hosted by keith.net Inc. (Makati City) [634.17 km]: 21.502 ms
Testing download speed................................................................................
Download: 175.48 Mbit/s
Testing upload speed......................................................................................................
Upload: 119.86 Mbit/s
2025-06-30T04:20:01+08:00
Retrieving speedtest.net configuration...
Testing from FIl Products Service Television Inc (103.105.214.54)...
Retrieving speedtest.net server list...
Selecting best server based on ping...
Hosted by keith.net Inc. (Makati City) [634.17 km]: 30.019 ms
Testing download speed................................................................................
Download: 174.71 Mbit/s
Testing upload speed......................................................................................................
Upload: 155.55 Mbit/s
2025-06-30T04:25:01+08:00
Retrieving speedtest.net configuration...
Testing from FIl Products Service Television Inc (103.105.214.61)...
Retrieving speedtest.net server list...
Selecting best server based on ping...
Hosted by keith.net Inc. (Makati City) [634.17 km]: 35.319 ms
Testing download speed................................................................................
Download: 182.08 Mbit/s
Testing upload speed......................................................................................................
Upload: 212.90 Mbit/s
2025-06-30T04:30:01+08:00
Retrieving speedtest.net configuration...
Testing from FIl Products Service Television Inc (103.105.214.54)...
Retrieving speedtest.net server list...
Selecting best server based on ping...
2025-06-30T04:35:01+08:00
Retrieving speedtest.net configuration...
2025-06-30T04:40:01+08:00
Retrieving speedtest.net configuration...
Testing from FIl Products Service Television Inc (103.105.214.61)...
Retrieving speedtest.net server list...
Selecting best server based on ping...
Hosted by keith.net Inc. (Makati City) [634.17 km]: 21.07 ms
Testing download speed................................................................................
Download: 184.17 Mbit/s
Testing upload speed......................................................................................................
Upload: 190.59 Mbit/s
2025-06-30T04:45:01+08:00
Retrieving speedtest.net configuration...
Testing from FIl Products Service Television Inc (103.105.214.54)...
Retrieving speedtest.net server list...
Selecting best server based on ping...
Hosted by keith.net Inc. (Makati City) [634.17 km]: 28.643 ms
Testing download speed................................................................................
Download: 179.60 Mbit/s
Testing upload speed......................................................................................................
Upload: 227.02 Mbit/s
2025-06-30T04:50:01+08:00
Retrieving speedtest.net configuration...
Testing from FIl Products Service Television Inc (103.105.214.54)...
Retrieving speedtest.net server list...
Selecting best server based on ping...
Hosted by GTDC (Makati) [633.45 km]: 50.665 ms
Testing download speed................................................................................
Download: 63.39 Mbit/s
Testing upload speed......................................................................................................
Upload: 172.73 Mbit/s
2025-06-30T04:55:01+08:00
Retrieving speedtest.net configuration...
Testing from FIl Products Service Television Inc (103.105.214.61)...
Retrieving speedtest.net server list...
Selecting best server based on ping...
Hosted by keith.net Inc. (Makati City) [634.17 km]: 36.831 ms
Testing download speed................................................................................
Download: 185.35 Mbit/s
Testing upload speed......................................................................................................
Upload: 191.43 Mbit/s
2025-06-30T05:00:01+08:00
Retrieving speedtest.net configuration...
Testing from FIl Products Service Television Inc (103.105.214.54)...
Retrieving speedtest.net server list...
Selecting best server based on ping...
2025-06-30T05:05:01+08:00
Retrieving speedtest.net configuration...
2025-06-30T05:10:01+08:00
Retrieving speedtest.net configuration...
Testing from FIl Products Service Television Inc (103.105.214.54)...
Retrieving speedtest.net server list...
Selecting best server based on ping...
Hosted by PLDT (Pasig City) [634.44 km]: 39.039 ms
Testing download speed................................................................................
Download: 185.61 Mbit/s
Testing upload speed......................................................................................................
Upload: 187.85 Mbit/s
2025-06-30T05:15:01+08:00
Retrieving speedtest.net configuration...
Testing from FIl Products Service Television Inc (103.105.214.61)...
Retrieving speedtest.net server list...
Selecting best server based on ping...
Hosted by keith.net Inc. (Makati City) [634.17 km]: 24.17 ms
Testing download speed................................................................................
Download: 184.33 Mbit/s
Testing upload speed......................................................................................................
Upload: 233.59 Mbit/s
2025-06-30T05:20:01+08:00
Retrieving speedtest.net configuration...
Testing from FIl Products Service Television Inc (103.105.214.61)...
Retrieving speedtest.net server list...
Selecting best server based on ping...
Hosted by keith.net Inc. (Makati City) [634.17 km]: 33.046 ms
Testing download speed................................................................................
Download: 185.08 Mbit/s
Testing upload speed......................................................................................................
Upload: 190.69 Mbit/s
2025-06-30T05:25:01+08:00
Retrieving speedtest.net configuration...
Testing from FIl Products Service Television Inc (103.105.214.61)...
Retrieving speedtest.net server list...
Selecting best server based on ping...
Hosted by keith.net Inc. (Makati City) [634.17 km]: 21.124 ms
Testing download speed................................................................................
Download: 177.06 Mbit/s
Testing upload speed......................................................................................................
Upload: 133.34 Mbit/s
2025-06-30T05:30:01+08:00
Retrieving speedtest.net configuration...
Testing from FIl Products Service Television Inc (103.105.214.54)...
Retrieving speedtest.net server list...
Selecting best server based on ping...
2025-06-30T05:35:01+08:00
Retrieving speedtest.net configuration...
Testing from FIl Products Service Television Inc (103.105.214.61)...
Retrieving speedtest.net server list...
Selecting best server based on ping...
Hosted by keith.net Inc. (Makati City) [634.17 km]: 38.914 ms
Testing download speed................................................................................
Download: 178.12 Mbit/s
Testing upload speed......................................................................................................
Upload: 138.25 Mbit/s
2025-06-30T05:40:01+08:00
Retrieving speedtest.net configuration...
Testing from FIl Products Service Television Inc (103.105.214.61)...
Retrieving speedtest.net server list...
Selecting best server based on ping...
Hosted by FiberBro (Makati) [633.45 km]: 36.588 ms
Testing download speed................................................................................
Download: 184.35 Mbit/s
Testing upload speed......................................................................................................
Upload: 254.07 Mbit/s
2025-06-30T05:45:01+08:00
Retrieving speedtest.net configuration...
Testing from FIl Products Service Television Inc (103.105.214.61)...
Retrieving speedtest.net server list...
Selecting best server based on ping...
Hosted by keith.net Inc. (Makati City) [634.17 km]: 22.015 ms
Testing download speed................................................................................
Download: 179.20 Mbit/s
Testing upload speed......................................................................................................
Upload: 159.67 Mbit/s
2025-06-30T05:50:01+08:00
Retrieving speedtest.net configuration...
Testing from FIl Products Service Television Inc (103.105.214.61)...
Retrieving speedtest.net server list...
Selecting best server based on ping...
Hosted by keith.net Inc. (Makati City) [634.17 km]: 29.608 ms
Testing download speed................................................................................
Download: 185.20 Mbit/s
Testing upload speed......................................................................................................
Upload: 158.58 Mbit/s
2025-06-30T05:55:01+08:00
Retrieving speedtest.net configuration...
Testing from FIl Products Service Television Inc (103.105.214.61)...
Retrieving speedtest.net server list...
Selecting best server based on ping...
Hosted by keith.net Inc. (Makati City) [634.17 km]: 21.008 ms
Testing download speed................................................................................
Download: 179.34 Mbit/s
Testing upload speed......................................................................................................
Upload: 225.76 Mbit/s
2025-06-30T06:00:02+08:00
Retrieving speedtest.net configuration...
Testing from FIl Products Service Television Inc (103.105.214.54)...
Retrieving speedtest.net server list...
Selecting best server based on ping...
2025-06-30T06:05:01+08:00
Retrieving speedtest.net configuration...
Testing from FIl Products Service Television Inc (103.105.214.61)...
Retrieving speedtest.net server list...
Selecting best server based on ping...
Hosted by keith.net Inc. (Makati City) [634.17 km]: 21.121 ms
Testing download speed................................................................................
Download: 169.56 Mbit/s
Testing upload speed......................................................................................................
Upload: 257.36 Mbit/s
2025-06-30T06:10:01+08:00
Retrieving speedtest.net configuration...
Testing from FIl Products Service Television Inc (103.105.214.54)...
Retrieving speedtest.net server list...
Selecting best server based on ping...
Hosted by keith.net Inc. (Makati City) [634.17 km]: 28.619 ms
Testing download speed................................................................................
Download: 156.41 Mbit/s
Testing upload speed......................................................................................................
Upload: 195.28 Mbit/s
2025-06-30T06:15:01+08:00
Retrieving speedtest.net configuration...
Testing from FIl Products Service Television Inc (103.105.214.61)...
Retrieving speedtest.net server list...
Selecting best server based on ping...
Hosted by PLDT (Pasig City) [634.44 km]: 42.089 ms
Testing download speed................................................................................
Download: 123.63 Mbit/s
Testing upload speed......................................................................................................
Upload: 218.55 Mbit/s
2025-06-30T06:20:01+08:00
Retrieving speedtest.net configuration...
Testing from FIl Products Service Television Inc (103.105.214.54)...
Retrieving speedtest.net server list...
Selecting best server based on ping...
Hosted by keith.net Inc. (Makati City) [634.17 km]: 28.355 ms
Testing download speed................................................................................
Download: 170.40 Mbit/s
Testing upload speed......................................................................................................
Upload: 259.51 Mbit/s
2025-06-30T06:25:01+08:00
Retrieving speedtest.net configuration...
Testing from FIl Products Service Television Inc (103.105.214.61)...
Retrieving speedtest.net server list...
Selecting best server based on ping...
Hosted by keith.net Inc. (Makati City) [634.17 km]: 21.109 ms
Testing download speed................................................................................
Download: 126.31 Mbit/s
Testing upload speed......................................................................................................
Upload: 256.63 Mbit/s
2025-06-30T06:30:01+08:00
Retrieving speedtest.net configuration...
Testing from FIl Products Service Television Inc (103.105.214.54)...
Retrieving speedtest.net server list...
Selecting best server based on ping...
2025-06-30T06:35:01+08:00
Retrieving speedtest.net configuration...
Testing from FIl Products Service Television Inc (103.105.214.54)...
Retrieving speedtest.net server list...
Selecting best server based on ping...
Hosted by keith.net Inc. (Makati City) [634.17 km]: 26.823 ms
Testing download speed................................................................................
Download: 150.83 Mbit/s
Testing upload speed......................................................................................................
Upload: 201.06 Mbit/s
2025-06-30T06:40:01+08:00
Retrieving speedtest.net configuration...
Testing from FIl Products Service Television Inc (103.105.214.54)...
Retrieving speedtest.net server list...
Selecting best server based on ping...
Hosted by PLDT (Makati) [634.17 km]: 16.972 ms
Testing download speed................................................................................
Download: 173.74 Mbit/s
Testing upload speed......................................................................................................
Upload: 308.07 Mbit/s
2025-06-30T06:45:01+08:00
Retrieving speedtest.net configuration...
Testing from FIl Products Service Television Inc (103.105.214.54)...
Retrieving speedtest.net server list...
Selecting best server based on ping...
Hosted by PLDT (Makati) [634.17 km]: 30.682 ms
Testing download speed................................................................................
Download: 180.70 Mbit/s
Testing upload speed......................................................................................................
Upload: 256.39 Mbit/s
2025-06-30T06:50:01+08:00
Retrieving speedtest.net configuration...
Testing from FIl Products Service Television Inc (103.105.214.61)...
Retrieving speedtest.net server list...
Selecting best server based on ping...
Hosted by PLDT (Makati) [634.17 km]: 19.392 ms
Testing download speed................................................................................
Download: 173.88 Mbit/s
Testing upload speed......................................................................................................
Upload: 291.16 Mbit/s
2025-06-30T06:55:02+08:00
Retrieving speedtest.net configuration...
Testing from FIl Products Service Television Inc (103.105.214.61)...
Retrieving speedtest.net server list...
Selecting best server based on ping...
Hosted by PLDT (Makati) [634.17 km]: 22.476 ms
Testing download speed................................................................................
Download: 159.25 Mbit/s
Testing upload speed......................................................................................................
Upload: 252.01 Mbit/s
2025-06-30T07:00:01+08:00
Retrieving speedtest.net configuration...
Testing from FIl Products Service Television Inc (103.105.214.61)...
Retrieving speedtest.net server list...
Selecting best server based on ping...
2025-06-30T07:05:01+08:00
Retrieving speedtest.net configuration...
2025-06-30T07:10:01+08:00
Retrieving speedtest.net configuration...
Testing from FIl Products Service Television Inc (103.105.214.61)...
Retrieving speedtest.net server list...
Selecting best server based on ping...
Hosted by PLDT (Makati) [634.17 km]: 20.175 ms
Testing download speed................................................................................
Download: 175.19 Mbit/s
Testing upload speed......................................................................................................
Upload: 302.98 Mbit/s
2025-06-30T07:15:01+08:00
Retrieving speedtest.net configuration...
Testing from FIl Products Service Television Inc (103.105.214.61)...
Retrieving speedtest.net server list...
Selecting best server based on ping...
Hosted by PLDT (Makati) [634.17 km]: 17.333 ms
Testing download speed................................................................................
Download: 158.16 Mbit/s
Testing upload speed......................................................................................................
Upload: 295.07 Mbit/s
2025-06-30T07:20:01+08:00
Retrieving speedtest.net configuration...
Testing from FIl Products Service Television Inc (103.105.214.61)...
Retrieving speedtest.net server list...
Selecting best server based on ping...
Hosted by PLDT (Makati) [634.17 km]: 20.217 ms
Testing download speed................................................................................
Download: 168.75 Mbit/s
Testing upload speed......................................................................................................
Upload: 232.13 Mbit/s
2025-06-30T07:25:01+08:00
Retrieving speedtest.net configuration...
Testing from FIl Products Service Television Inc (103.105.214.54)...
Retrieving speedtest.net server list...
Selecting best server based on ping...
Hosted by PLDT (Makati) [634.17 km]: 20.301 ms
Testing download speed................................................................................
Download: 148.68 Mbit/s
Testing upload speed......................................................................................................
Upload: 272.85 Mbit/s
2025-06-30T07:30:01+08:00
Retrieving speedtest.net configuration...
Testing from FIl Products Service Television Inc (103.105.214.54)...
Retrieving speedtest.net server list...
Selecting best server based on ping...
2025-06-30T07:35:01+08:00
Retrieving speedtest.net configuration...
Testing from FIl Products Service Television Inc (103.105.214.54)...
Retrieving speedtest.net server list...
Selecting best server based on ping...
Hosted by PLDT (Makati) [634.17 km]: 20.446 ms
Testing download speed................................................................................
Download: 166.63 Mbit/s
Testing upload speed......................................................................................................
Upload: 274.39 Mbit/s
2025-06-30T07:40:01+08:00
Retrieving speedtest.net configuration...
Testing from FIl Products Service Television Inc (103.105.214.61)...
Retrieving speedtest.net server list...
Selecting best server based on ping...
Hosted by PLDT (Makati) [634.17 km]: 19.028 ms
Testing download speed................................................................................
Download: 188.39 Mbit/s
Testing upload speed......................................................................................................
Upload: 209.34 Mbit/s
2025-06-30T07:45:01+08:00
Retrieving speedtest.net configuration...
Testing from FIl Products Service Television Inc (103.105.214.61)...
Retrieving speedtest.net server list...
Selecting best server based on ping...
Hosted by Philippine Global Communications, Inc. (Makati) [633.45 km]: 34.845 ms
Testing download speed................................................................................
Download: 171.98 Mbit/s
Testing upload speed......................................................................................................
Upload: 23.41 Mbit/s
2025-06-30T07:50:01+08:00
Retrieving speedtest.net configuration...
Testing from FIl Products Service Television Inc (103.105.214.54)...
Retrieving speedtest.net server list...
Selecting best server based on ping...
Hosted by PLDT (Makati) [634.17 km]: 16.523 ms
Testing download speed................................................................................
Download: 165.55 Mbit/s
Testing upload speed......................................................................................................
Upload: 238.23 Mbit/s
2025-06-30T07:55:01+08:00
Retrieving speedtest.net configuration...
Testing from FIl Products Service Television Inc (103.105.214.61)...
Retrieving speedtest.net server list...
Selecting best server based on ping...
Hosted by PLDT (Makati) [634.17 km]: 22.689 ms
Testing download speed................................................................................
Download: 177.55 Mbit/s
Testing upload speed......................................................................................................
Upload: 261.61 Mbit/s
2025-06-30T08:00:01+08:00
Retrieving speedtest.net configuration...
Testing from FIl Products Service Television Inc (103.105.214.54)...
Retrieving speedtest.net server list...
Selecting best server based on ping...
2025-06-30T08:05:01+08:00
Retrieving speedtest.net configuration...
2025-06-30T08:10:01+08:00
Retrieving speedtest.net configuration...
Testing from FIl Products Service Television Inc (103.105.214.61)...
Retrieving speedtest.net server list...
Selecting best server based on ping...
Hosted by PLDT (Makati) [634.17 km]: 18.671 ms
Testing download speed................................................................................
Download: 181.62 Mbit/s
Testing upload speed......................................................................................................
Upload: 302.18 Mbit/s
2025-06-30T08:15:01+08:00
Retrieving speedtest.net configuration...
Testing from FIl Products Service Television Inc (103.105.214.54)...
Retrieving speedtest.net server list...
Selecting best server based on ping...
Hosted by PLDT (Makati) [634.17 km]: 19.561 ms
Testing download speed................................................................................
Download: 172.86 Mbit/s
Testing upload speed......................................................................................................
Upload: 258.99 Mbit/s
2025-06-30T08:20:01+08:00
Retrieving speedtest.net configuration...
Testing from FIl Products Service Television Inc (103.105.214.61)...
Retrieving speedtest.net server list...
Selecting best server based on ping...
Hosted by PLDT (Makati) [634.17 km]: 17.596 ms
Testing download speed................................................................................
Download: 154.98 Mbit/s
Testing upload speed......................................................................................................
Upload: 298.84 Mbit/s
2025-06-30T08:25:01+08:00
Retrieving speedtest.net configuration...
Testing from FIl Products Service Television Inc (103.105.214.61)...
Retrieving speedtest.net server list...
Selecting best server based on ping...
Hosted by PLDT (Makati) [634.17 km]: 20.737 ms
Testing download speed................................................................................
Download: 176.73 Mbit/s
Testing upload speed......................................................................................................
Upload: 254.53 Mbit/s
2025-06-30T08:30:01+08:00
Retrieving speedtest.net configuration...
Testing from FIl Products Service Television Inc (103.105.214.54)...
Retrieving speedtest.net server list...
Selecting best server based on ping...
2025-06-30T08:35:01+08:00
Retrieving speedtest.net configuration...
Testing from FIl Products Service Television Inc (103.105.214.54)...
Retrieving speedtest.net server list...
Selecting best server based on ping...
Hosted by PLDT (Makati) [634.17 km]: 19.022 ms
Testing download speed................................................................................
Download: 185.09 Mbit/s
Testing upload speed......................................................................................................
Upload: 272.61 Mbit/s
2025-06-30T08:40:01+08:00
Retrieving speedtest.net configuration...
Testing from FIl Products Service Television Inc (103.105.214.61)...
Retrieving speedtest.net server list...
Selecting best server based on ping...
Hosted by PLDT (Makati) [634.17 km]: 19.36 ms
Testing download speed................................................................................
Download: 185.01 Mbit/s
Testing upload speed......................................................................................................
Upload: 271.69 Mbit/s
2025-06-30T08:45:01+08:00
Retrieving speedtest.net configuration...
Testing from FIl Products Service Television Inc (103.105.214.61)...
Retrieving speedtest.net server list...
Selecting best server based on ping...
Hosted by PLDT (Makati) [634.17 km]: 20.662 ms
Testing download speed................................................................................
Download: 182.17 Mbit/s
Testing upload speed......................................................................................................
Upload: 217.31 Mbit/s
2025-06-30T08:50:01+08:00
Retrieving speedtest.net configuration...
Testing from FIl Products Service Television Inc (103.105.214.61)...
Retrieving speedtest.net server list...
Selecting best server based on ping...
Hosted by PLDT (Makati) [634.17 km]: 19.43 ms
Testing download speed................................................................................
Download: 163.27 Mbit/s
Testing upload speed......................................................................................................
Upload: 89.75 Mbit/s
2025-06-30T08:55:01+08:00
Retrieving speedtest.net configuration...
Testing from FIl Products Service Television Inc (103.105.214.54)...
Retrieving speedtest.net server list...
Selecting best server based on ping...
Hosted by PLDT (Makati) [634.17 km]: 18.564 ms
Testing download speed................................................................................
Download: 149.20 Mbit/s
Testing upload speed......................................................................................................
Upload: 282.77 Mbit/s
2025-06-30T09:00:01+08:00
Retrieving speedtest.net configuration...
Testing from FIl Products Service Television Inc (103.105.214.61)...
Retrieving speedtest.net server list...
Selecting best server based on ping...
2025-06-30T09:05:01+08:00
Retrieving speedtest.net configuration...
2025-06-30T09:10:01+08:00
Retrieving speedtest.net configuration...
Testing from FIl Products Service Television Inc (103.105.214.61)...
Retrieving speedtest.net server list...
Selecting best server based on ping...
Hosted by PLDT (Makati) [634.17 km]: 20.197 ms
Testing download speed................................................................................
Download: 181.52 Mbit/s
Testing upload speed......................................................................................................
Upload: 293.90 Mbit/s
2025-06-30T09:15:01+08:00
Retrieving speedtest.net configuration...
Testing from FIl Products Service Television Inc (103.105.214.54)...
Retrieving speedtest.net server list...
Selecting best server based on ping...
Hosted by PLDT (Makati) [634.17 km]: 18.089 ms
Testing download speed................................................................................
Download: 190.59 Mbit/s
Testing upload speed......................................................................................................
Upload: 265.22 Mbit/s
2025-06-30T09:20:01+08:00
Retrieving speedtest.net configuration...
Testing from FIl Products Service Television Inc (103.105.214.54)...
Retrieving speedtest.net server list...
Selecting best server based on ping...
Hosted by PLDT (Makati) [634.17 km]: 20.28 ms
Testing download speed................................................................................
Download: 184.39 Mbit/s
Testing upload speed......................................................................................................
Upload: 281.96 Mbit/s
2025-06-30T09:25:01+08:00
Retrieving speedtest.net configuration...
Testing from FIl Products Service Television Inc (103.105.214.61)...
Retrieving speedtest.net server list...
Selecting best server based on ping...
Hosted by PLDT (Makati) [634.17 km]: 20.936 ms
Testing download speed................................................................................
Download: 162.42 Mbit/s
Testing upload speed......................................................................................................
Upload: 269.54 Mbit/s
2025-06-30T09:30:01+08:00
Retrieving speedtest.net configuration...
Testing from FIl Products Service Television Inc (103.105.214.54)...
Retrieving speedtest.net server list...
Selecting best server based on ping...
2025-06-30T09:35:01+08:00
Retrieving speedtest.net configuration...
Testing from FIl Products Service Television Inc (103.105.214.54)...
Retrieving speedtest.net server list...
Selecting best server based on ping...
Hosted by PLDT (Makati) [634.17 km]: 18.325 ms
Testing download speed................................................................................
Download: 187.02 Mbit/s
Testing upload speed......................................................................................................
Upload: 290.56 Mbit/s
2025-06-30T09:40:01+08:00
Retrieving speedtest.net configuration...
Testing from FIl Products Service Television Inc (103.105.214.61)...
Retrieving speedtest.net server list...
Selecting best server based on ping...
Hosted by PLDT (Makati) [634.17 km]: 18.316 ms
Testing download speed................................................................................
Download: 144.54 Mbit/s
Testing upload speed......................................................................................................
Upload: 272.21 Mbit/s
2025-06-30T09:45:01+08:00
Retrieving speedtest.net configuration...
Testing from FIl Products Service Television Inc (103.105.214.61)...
Retrieving speedtest.net server list...
Selecting best server based on ping...
Hosted by Fil Products Negros (Dumaguete City) [0.00 km]: 13.414 ms
Testing download speed................................................................................
Download: 141.77 Mbit/s
Testing upload speed......................................................................................................
Upload: 674.35 Mbit/s
2025-06-30T09:50:01+08:00
Retrieving speedtest.net configuration...
Testing from FIl Products Service Television Inc (103.105.214.54)...
Retrieving speedtest.net server list...
Selecting best server based on ping...
Hosted by Fil Products Negros (Dumaguete City) [0.00 km]: 6.234 ms
Testing download speed................................................................................
Download: 149.35 Mbit/s
Testing upload speed......................................................................................................
Upload: 506.81 Mbit/s
2025-06-30T09:55:01+08:00
Retrieving speedtest.net configuration...
Testing from FIl Products Service Television Inc (103.105.214.61)...
Retrieving speedtest.net server list...
Selecting best server based on ping...
Hosted by Fil Products Negros (Dumaguete City) [0.00 km]: 4.225 ms
Testing download speed................................................................................
Download: 138.61 Mbit/s
Testing upload speed......................................................................................................
Upload: 459.79 Mbit/s
2025-06-30T10:00:01+08:00
Retrieving speedtest.net configuration...
Testing from FIl Products Service Television Inc (103.105.214.54)...
Retrieving speedtest.net server list...
Selecting best server based on ping...
2025-06-30T10:05:01+08:00
Retrieving speedtest.net configuration...
Testing from FIl Products Service Television Inc (103.105.214.61)...
Retrieving speedtest.net server list...
Selecting best server based on ping...
Hosted by Fil Products Negros (Dumaguete City) [0.00 km]: 10.779 ms
Testing download speed................................................................................
Download: 172.93 Mbit/s
Testing upload speed......................................................................................................
Upload: 766.84 Mbit/s
2025-06-30T10:10:01+08:00
Retrieving speedtest.net configuration...
Testing from FIl Products Service Television Inc (103.105.214.61)...
Retrieving speedtest.net server list...
Selecting best server based on ping...
Hosted by Fil Products Negros (Dumaguete City) [0.00 km]: 2.72 ms
Testing download speed................................................................................
Download: 175.38 Mbit/s
Testing upload speed......................................................................................................
Upload: 739.84 Mbit/s
2025-06-30T10:15:01+08:00
Retrieving speedtest.net configuration...
Testing from FIl Products Service Television Inc (103.105.214.54)...
Retrieving speedtest.net server list...
Selecting best server based on ping...
Hosted by Fil Products Negros (Dumaguete City) [0.00 km]: 2.694 ms
Testing download speed................................................................................
Download: 183.97 Mbit/s
Testing upload speed......................................................................................................
Upload: 594.63 Mbit/s
2025-06-30T10:20:01+08:00
Retrieving speedtest.net configuration...
Testing from FIl Products Service Television Inc (103.105.214.61)...
Retrieving speedtest.net server list...
Selecting best server based on ping...
Hosted by Fil Products Negros (Dumaguete City) [0.00 km]: 5.875 ms
Testing download speed................................................................................
Download: 189.50 Mbit/s
Testing upload speed......................................................................................................
Upload: 556.08 Mbit/s
2025-06-30T10:25:01+08:00
Retrieving speedtest.net configuration...
Testing from FIl Products Service Television Inc (103.105.214.54)...
Retrieving speedtest.net server list...
Selecting best server based on ping...
Hosted by Fil Products Negros (Dumaguete City) [0.00 km]: 3.429 ms
Testing download speed................................................................................
Download: 162.92 Mbit/s
Testing upload speed......................................................................................................
Upload: 728.68 Mbit/s
2025-06-30T10:30:01+08:00
Retrieving speedtest.net configuration...
Testing from FIl Products Service Television Inc (103.105.214.61)...
Retrieving speedtest.net server list...
Selecting best server based on ping...
2025-06-30T10:35:01+08:00
Retrieving speedtest.net configuration...
2025-06-30T10:40:01+08:00
Retrieving speedtest.net configuration...
Testing from FIl Products Service Television Inc (103.105.214.61)...
Retrieving speedtest.net server list...
Selecting best server based on ping...
Hosted by Fil Products Negros (Dumaguete City) [0.00 km]: 21.625 ms
Testing download speed................................................................................
Download: 157.57 Mbit/s
Testing upload speed......................................................................................................
Upload: 825.22 Mbit/s
2025-06-30T10:45:01+08:00
Retrieving speedtest.net configuration...
Testing from FIl Products Service Television Inc (103.105.214.61)...
Retrieving speedtest.net server list...
Selecting best server based on ping...
Hosted by Fil Products Negros (Dumaguete City) [0.00 km]: 4.348 ms
Testing download speed................................................................................
Download: 183.94 Mbit/s
Testing upload speed......................................................................................................
Upload: 428.87 Mbit/s
2025-06-30T10:50:01+08:00
Retrieving speedtest.net configuration...
Testing from FIl Products Service Television Inc (103.105.214.54)...
Retrieving speedtest.net server list...
Selecting best server based on ping...
Hosted by Fil Products Negros (Dumaguete City) [0.00 km]: 8.606 ms
Testing download speed................................................................................
Download: 185.68 Mbit/s
Testing upload speed......................................................................................................
Upload: 728.00 Mbit/s
2025-06-30T10:55:01+08:00
Retrieving speedtest.net configuration...
Testing from FIl Products Service Television Inc (103.105.214.61)...
Retrieving speedtest.net server list...
Selecting best server based on ping...
Hosted by Fil Products Negros (Dumaguete City) [0.00 km]: 3.381 ms
Testing download speed................................................................................
Download: 165.46 Mbit/s
Testing upload speed......................................................................................................
Upload: 584.55 Mbit/s
2025-06-30T11:00:01+08:00
Retrieving speedtest.net configuration...
Testing from FIl Products Service Television Inc (103.105.214.54)...
Retrieving speedtest.net server list...
Selecting best server based on ping...
2025-06-30T11:05:01+08:00
Retrieving speedtest.net configuration...
2025-06-30T11:10:01+08:00
Retrieving speedtest.net configuration...
Testing from FIl Products Service Television Inc (103.105.214.54)...
Retrieving speedtest.net server list...
Selecting best server based on ping...
Hosted by Fil Products Negros (Dumaguete City) [0.00 km]: 13.001 ms
Testing download speed................................................................................
Download: 163.22 Mbit/s
Testing upload speed......................................................................................................
Upload: 667.32 Mbit/s
2025-06-30T11:15:01+08:00
Retrieving speedtest.net configuration...
Testing from FIl Products Service Television Inc (103.105.214.61)...
Retrieving speedtest.net server list...
Selecting best server based on ping...
Hosted by Fil Products Negros (Dumaguete City) [0.00 km]: 6.344 ms
Testing download speed................................................................................
Download: 120.86 Mbit/s
Testing upload speed......................................................................................................
Upload: 481.99 Mbit/s
2025-06-30T11:20:01+08:00
Retrieving speedtest.net configuration...
Testing from FIl Products Service Television Inc (103.105.214.61)...
Retrieving speedtest.net server list...
Selecting best server based on ping...
Hosted by Fil Products Negros (Dumaguete City) [0.00 km]: 8.351 ms
Testing download speed................................................................................
Download: 176.91 Mbit/s
Testing upload speed......................................................................................................
Upload: 493.72 Mbit/s
2025-06-30T11:25:01+08:00
Retrieving speedtest.net configuration...
Testing from FIl Products Service Television Inc (103.105.214.54)...
Retrieving speedtest.net server list...
Selecting best server based on ping...
Hosted by Fil Products Negros (Dumaguete City) [0.00 km]: 3.491 ms
Testing download speed................................................................................
Download: 174.07 Mbit/s
Testing upload speed......................................................................................................
Upload: 815.65 Mbit/s
2025-06-30T11:30:01+08:00
Retrieving speedtest.net configuration...
Testing from FIl Products Service Television Inc (103.105.214.61)...
Retrieving speedtest.net server list...
Selecting best server based on ping...
2025-06-30T11:35:01+08:00
Retrieving speedtest.net configuration...
Testing from FIl Products Service Television Inc (103.105.214.54)...
Retrieving speedtest.net server list...
Selecting best server based on ping...
Hosted by Fil Products Negros (Dumaguete City) [0.00 km]: 7.67 ms
Testing download speed................................................................................
Download: 173.90 Mbit/s
Testing upload speed......................................................................................................
Upload: 712.98 Mbit/s
2025-06-30T11:40:01+08:00
Retrieving speedtest.net configuration...
Testing from FIl Products Service Television Inc (103.105.214.61)...
Retrieving speedtest.net server list...
Selecting best server based on ping...
Hosted by Fil Products Negros (Dumaguete City) [0.00 km]: 4.749 ms
Testing download speed................................................................................
Download: 185.30 Mbit/s
Testing upload speed......................................................................................................
Upload: 682.40 Mbit/s
2025-06-30T11:45:01+08:00
Retrieving speedtest.net configuration...
Testing from FIl Products Service Television Inc (103.105.214.54)...
Retrieving speedtest.net server list...
Selecting best server based on ping...
Hosted by Fil Products Negros (Dumaguete City) [0.00 km]: 7.021 ms
Testing download speed................................................................................
Download: 174.24 Mbit/s
Testing upload speed......................................................................................................
Upload: 640.08 Mbit/s
2025-06-30T11:50:01+08:00
Retrieving speedtest.net configuration...
Testing from FIl Products Service Television Inc (103.105.214.54)...
Retrieving speedtest.net server list...
Selecting best server based on ping...
Hosted by Fil Products Negros (Dumaguete City) [0.00 km]: 3.346 ms
Testing download speed................................................................................
Download: 180.00 Mbit/s
Testing upload speed......................................................................................................
Upload: 635.27 Mbit/s
2025-06-30T11:55:01+08:00
Retrieving speedtest.net configuration...
Testing from FIl Products Service Television Inc (103.105.214.61)...
Retrieving speedtest.net server list...
Selecting best server based on ping...
Hosted by Fil Products Negros (Dumaguete City) [0.00 km]: 5.172 ms
Testing download speed................................................................................
Download: 177.75 Mbit/s
Testing upload speed......................................................................................................
Upload: 730.75 Mbit/s
2025-06-30T12:00:01+08:00
Retrieving speedtest.net configuration...
Testing from FIl Products Service Television Inc (103.105.214.61)...
Retrieving speedtest.net server list...
Selecting best server based on ping...
2025-06-30T12:05:01+08:00
Retrieving speedtest.net configuration...
2025-06-30T12:10:01+08:00
Retrieving speedtest.net configuration...
Testing from FIl Products Service Television Inc (103.105.214.54)...
Retrieving speedtest.net server list...
Selecting best server based on ping...
Hosted by Fil Products Negros (Dumaguete City) [0.00 km]: 8.395 ms
Testing download speed................................................................................
Download: 186.90 Mbit/s
Testing upload speed......................................................................................................
Upload: 685.36 Mbit/s
2025-06-30T12:15:01+08:00
Retrieving speedtest.net configuration...
Testing from FIl Products Service Television Inc (103.105.214.54)...
Retrieving speedtest.net server list...
Selecting best server based on ping...
Hosted by Fil Products Negros (Dumaguete City) [0.00 km]: 2.35 ms
Testing download speed................................................................................
Download: 178.30 Mbit/s
Testing upload speed......................................................................................................
Upload: 593.95 Mbit/s
2025-06-30T12:20:01+08:00
Retrieving speedtest.net configuration...
Testing from FIl Products Service Television Inc (103.105.214.61)...
Retrieving speedtest.net server list...
Selecting best server based on ping...
Hosted by Fil Products Negros (Dumaguete City) [0.00 km]: 2.974 ms
Testing download speed................................................................................
Download: 182.88 Mbit/s
Testing upload speed......................................................................................................
Upload: 839.02 Mbit/s
2025-06-30T12:25:01+08:00
Retrieving speedtest.net configuration...
Testing from FIl Products Service Television Inc (103.105.214.54)...
Retrieving speedtest.net server list...
Selecting best server based on ping...
Hosted by Fil Products Negros (Dumaguete City) [0.00 km]: 8.016 ms
Testing download speed................................................................................
Download: 176.86 Mbit/s
Testing upload speed......................................................................................................
Upload: 615.82 Mbit/s
2025-06-30T12:30:01+08:00
Retrieving speedtest.net configuration...
Testing from FIl Products Service Television Inc (103.105.214.54)...
Retrieving speedtest.net server list...
Selecting best server based on ping...
2025-06-30T12:35:01+08:00
Retrieving speedtest.net configuration...
Testing from FIl Products Service Television Inc (103.105.214.54)...
Retrieving speedtest.net server list...
Selecting best server based on ping...
Hosted by Fil Products Negros (Dumaguete City) [0.00 km]: 7.032 ms
Testing download speed................................................................................
Download: 189.93 Mbit/s
Testing upload speed......................................................................................................
Upload: 711.86 Mbit/s
2025-06-30T12:40:01+08:00
Retrieving speedtest.net configuration...
Testing from FIl Products Service Television Inc (103.105.214.54)...
Retrieving speedtest.net server list...
Selecting best server based on ping...
Hosted by Fil Products Negros (Dumaguete City) [0.00 km]: 3.992 ms
Testing download speed................................................................................
Download: 183.02 Mbit/s
Testing upload speed......................................................................................................
Upload: 734.31 Mbit/s
2025-06-30T12:45:01+08:00
Retrieving speedtest.net configuration...
Testing from FIl Products Service Television Inc (103.105.214.54)...
Retrieving speedtest.net server list...
Selecting best server based on ping...
Hosted by Globe Telecom (Cebu City) [126.16 km]: 22.475 ms
Testing download speed................................................................................
Download: 171.65 Mbit/s
Testing upload speed......................................................................................................
Upload: 279.27 Mbit/s
2025-06-30T12:50:01+08:00
Retrieving speedtest.net configuration...
Testing from FIl Products Service Television Inc (103.105.214.61)...
Retrieving speedtest.net server list...
Selecting best server based on ping...
Hosted by Globe Telecom (Cebu City) [126.16 km]: 24.271 ms
Testing download speed................................................................................
Download: 178.36 Mbit/s
Testing upload speed......................................................................................................
Upload: 274.60 Mbit/s
2025-06-30T12:55:01+08:00
Retrieving speedtest.net configuration...
Testing from FIl Products Service Television Inc (103.105.214.54)...
Retrieving speedtest.net server list...
Selecting best server based on ping...
Hosted by Globe Telecom (Cebu City) [126.16 km]: 25.407 ms
Testing download speed................................................................................
Download: 169.47 Mbit/s
Testing upload speed......................................................................................................
Upload: 241.18 Mbit/s
2025-06-30T13:00:01+08:00
Retrieving speedtest.net configuration...
Testing from FIl Products Service Television Inc (103.105.214.54)...
Retrieving speedtest.net server list...
Selecting best server based on ping...
2025-06-30T13:05:01+08:00
Retrieving speedtest.net configuration...
2025-06-30T13:10:01+08:00
Retrieving speedtest.net configuration...
Testing from FIl Products Service Television Inc (103.105.214.54)...
Retrieving speedtest.net server list...
Selecting best server based on ping...
Hosted by Globe Telecom (Cebu City) [126.16 km]: 25.447 ms
Testing download speed................................................................................
Download: 114.68 Mbit/s
Testing upload speed......................................................................................................
Upload: 290.36 Mbit/s
2025-06-30T13:15:01+08:00
Retrieving speedtest.net configuration...
Testing from FIl Products Service Television Inc (103.105.214.61)...
Retrieving speedtest.net server list...
Selecting best server based on ping...
Hosted by Globe Telecom (Cebu City) [126.16 km]: 32.675 ms
Testing download speed................................................................................
Download: 181.91 Mbit/s
Testing upload speed......................................................................................................
Upload: 266.66 Mbit/s
2025-06-30T13:20:02+08:00
Retrieving speedtest.net configuration...
Testing from FIl Products Service Television Inc (103.105.214.54)...
Retrieving speedtest.net server list...
Selecting best server based on ping...
Hosted by Globe Telecom (Cebu City) [126.16 km]: 31.857 ms
Testing download speed................................................................................
Download: 177.39 Mbit/s
Testing upload speed......................................................................................................
Upload: 291.32 Mbit/s
2025-06-30T13:25:01+08:00
Retrieving speedtest.net configuration...
Testing from FIl Products Service Television Inc (103.105.214.54)...
Retrieving speedtest.net server list...
Selecting best server based on ping...
Hosted by Globe Telecom (Cebu City) [126.16 km]: 21.663 ms
Testing download speed................................................................................
Download: 174.14 Mbit/s
Testing upload speed......................................................................................................
Upload: 269.92 Mbit/s
2025-06-30T13:30:01+08:00
Retrieving speedtest.net configuration...
Testing from FIl Products Service Television Inc (103.105.214.61)...
Retrieving speedtest.net server list...
Selecting best server based on ping...
2025-06-30T13:35:01+08:00
Retrieving speedtest.net configuration...
2025-06-30T13:40:01+08:00
Retrieving speedtest.net configuration...
Testing from FIl Products Service Television Inc (103.105.214.61)...
Retrieving speedtest.net server list...
Selecting best server based on ping...
Hosted by Globe Telecom (Cebu City) [126.16 km]: 30.593 ms
Testing download speed................................................................................
Download: 189.22 Mbit/s
Testing upload speed......................................................................................................
Upload: 248.79 Mbit/s
2025-06-30T13:45:01+08:00
Retrieving speedtest.net configuration...
Testing from FIl Products Service Television Inc (103.105.214.54)...
Retrieving speedtest.net server list...
Selecting best server based on ping...
Hosted by Globe Telecom (Cebu City) [126.16 km]: 24.837 ms
Testing download speed................................................................................
Download: 175.63 Mbit/s
Testing upload speed......................................................................................................
Upload: 275.08 Mbit/s
2025-06-30T13:50:02+08:00
Retrieving speedtest.net configuration...
Testing from FIl Products Service Television Inc (103.105.214.54)...
Retrieving speedtest.net server list...
Selecting best server based on ping...
Hosted by Globe Telecom (Cebu City) [126.16 km]: 24.225 ms
Testing download speed................................................................................
Download: 178.75 Mbit/s
Testing upload speed......................................................................................................
Upload: 266.25 Mbit/s
2025-06-30T13:55:01+08:00
Retrieving speedtest.net configuration...
Testing from FIl Products Service Television Inc (103.105.214.54)...
Retrieving speedtest.net server list...
Selecting best server based on ping...
Hosted by Globe Telecom (Cebu City) [126.16 km]: 23.58 ms
Testing download speed................................................................................
Download: 188.98 Mbit/s
Testing upload speed......................................................................................................
Upload: 275.65 Mbit/s
2025-06-30T14:00:01+08:00
Retrieving speedtest.net configuration...
Testing from FIl Products Service Television Inc (103.105.214.54)...
Retrieving speedtest.net server list...
Selecting best server based on ping...
2025-06-30T14:05:01+08:00
Retrieving speedtest.net configuration...
2025-06-30T14:10:01+08:00
Retrieving speedtest.net configuration...
Testing from FIl Products Service Television Inc (103.105.214.61)...
Retrieving speedtest.net server list...
Selecting best server based on ping...
Hosted by Globe Telecom (Cebu City) [126.16 km]: 23.359 ms
Testing download speed................................................................................
Download: 168.23 Mbit/s
Testing upload speed......................................................................................................
Upload: 243.69 Mbit/s
2025-06-30T14:15:01+08:00
Retrieving speedtest.net configuration...
Testing from FIl Products Service Television Inc (103.105.214.54)...
Retrieving speedtest.net server list...
Selecting best server based on ping...
Hosted by Globe Telecom (Cebu City) [126.16 km]: 24.401 ms
Testing download speed................................................................................
Download: 175.91 Mbit/s
Testing upload speed......................................................................................................
Upload: 220.13 Mbit/s
2025-06-30T14:20:01+08:00
Retrieving speedtest.net configuration...
Testing from FIl Products Service Television Inc (103.105.214.61)...
Retrieving speedtest.net server list...
Selecting best server based on ping...
Hosted by Globe Telecom (Cebu City) [126.16 km]: 25.743 ms
Testing download speed................................................................................
Download: 184.01 Mbit/s
Testing upload speed......................................................................................................
Upload: 246.80 Mbit/s
2025-06-30T14:25:01+08:00
Retrieving speedtest.net configuration...
Testing from FIl Products Service Television Inc (103.105.214.61)...
Retrieving speedtest.net server list...
Selecting best server based on ping...
Hosted by Globe Telecom (Cebu City) [126.16 km]: 22.907 ms
Testing download speed................................................................................
Download: 165.79 Mbit/s
Testing upload speed......................................................................................................
Upload: 232.64 Mbit/s
2025-06-30T14:30:01+08:00
Retrieving speedtest.net configuration...
Testing from FIl Products Service Television Inc (103.105.214.61)...
Retrieving speedtest.net server list...
Selecting best server based on ping...
2025-06-30T14:35:01+08:00
Retrieving speedtest.net configuration...
Testing from FIl Products Service Television Inc (103.105.214.61)...
Retrieving speedtest.net server list...
Selecting best server based on ping...
Hosted by Globe Telecom (Cebu City) [126.16 km]: 25.86 ms
Testing download speed................................................................................
Download: 172.16 Mbit/s
Testing upload speed......................................................................................................
Upload: 208.31 Mbit/s
2025-06-30T14:40:01+08:00
Retrieving speedtest.net configuration...
Testing from FIl Products Service Television Inc (103.105.214.61)...
Retrieving speedtest.net server list...
Selecting best server based on ping...
Hosted by Globe Telecom (Cebu City) [126.16 km]: 24.68 ms
Testing download speed................................................................................
Download: 162.62 Mbit/s
Testing upload speed......................................................................................................
Upload: 239.26 Mbit/s
2025-06-30T14:45:01+08:00
Retrieving speedtest.net configuration...
Testing from FIl Products Service Television Inc (103.105.214.61)...
Retrieving speedtest.net server list...
Selecting best server based on ping...
Hosted by Globe Telecom (Cebu City) [126.16 km]: 26.651 ms
Testing download speed................................................................................
Download: 183.39 Mbit/s
Testing upload speed......................................................................................................
Upload: 280.11 Mbit/s
2025-06-30T14:50:01+08:00
Retrieving speedtest.net configuration...
Testing from FIl Products Service Television Inc (103.105.214.61)...
Retrieving speedtest.net server list...
Selecting best server based on ping...
Hosted by Globe Telecom (Cebu City) [126.16 km]: 25.444 ms
Testing download speed................................................................................
Download: 126.33 Mbit/s
Testing upload speed......................................................................................................
Upload: 238.50 Mbit/s
2025-06-30T14:55:01+08:00
Retrieving speedtest.net configuration...
Testing from FIl Products Service Television Inc (103.105.214.54)...
Retrieving speedtest.net server list...
Selecting best server based on ping...
Hosted by Globe Telecom (Cebu City) [126.16 km]: 24.088 ms
Testing download speed................................................................................
Download: 170.25 Mbit/s
Testing upload speed......................................................................................................
Upload: 241.18 Mbit/s
2025-06-30T15:00:01+08:00
Retrieving speedtest.net configuration...
Testing from FIl Products Service Television Inc (103.105.214.61)...
Retrieving speedtest.net server list...
Selecting best server based on ping...
