2025-07-23T00:00:01+08:00
Retrieving speedtest.net configuration...
2025-07-23T00:05:01+08:00
Retrieving speedtest.net configuration...
2025-07-23T00:10:01+08:00
Retrieving speedtest.net configuration...
2025-07-23T00:15:01+08:00
Retrieving speedtest.net configuration...
Testing from FIl Products Service Television Inc (103.105.214.54)...
Retrieving speedtest.net server list...
Selecting best server based on ping...
Hosted by PLDT (Makati) [634.17 km]: 17.057 ms
Testing download speed................................................................................
Download: 195.56 Mbit/s
Testing upload speed......................................................................................................
Upload: 263.57 Mbit/s
2025-07-23T00:20:01+08:00
Retrieving speedtest.net configuration...
2025-07-23T00:25:01+08:00
Retrieving speedtest.net configuration...
2025-07-23T00:30:01+08:00
Retrieving speedtest.net configuration...
2025-07-23T00:35:01+08:00
Retrieving speedtest.net configuration...
Testing from FIl Products Service Television Inc (103.105.214.54)...
Retrieving speedtest.net server list...
Selecting best server based on ping...
Hosted by PLDT (Makati) [634.17 km]: 25.877 ms
Testing download speed................................................................................
Download: 196.60 Mbit/s
Testing upload speed......................................................................................................
Upload: 342.44 Mbit/s
2025-07-23T00:40:01+08:00
Retrieving speedtest.net configuration...
Testing from FIl Products Service Television Inc (103.105.214.54)...
Retrieving speedtest.net server list...
Selecting best server based on ping...
Hosted by PLDT (Makati) [634.17 km]: 17.139 ms
Testing download speed................................................................................
Download: 198.43 Mbit/s
Testing upload speed......................................................................................................
Upload: 354.37 Mbit/s
2025-07-23T00:45:01+08:00
Retrieving speedtest.net configuration...
2025-07-23T00:50:01+08:00
Retrieving speedtest.net configuration...
2025-07-23T00:55:01+08:00
Retrieving speedtest.net configuration...
2025-07-23T01:00:01+08:00
Retrieving speedtest.net configuration...
Testing from FIl Products Service Television Inc (103.105.214.54)...
Retrieving speedtest.net server list...
Selecting best server based on ping...
2025-07-23T01:05:01+08:00
Retrieving speedtest.net configuration...
2025-07-23T01:10:01+08:00
Retrieving speedtest.net configuration...
Testing from FIl Products Service Television Inc (103.105.214.54)...
Retrieving speedtest.net server list...
Selecting best server based on ping...
Hosted by RISE.ph (Makati) [633.45 km]: 58.137 ms
Testing download speed................................................................................
Download: 3.16 Mbit/s
Testing upload speed......................................................................................................
Upload: 1.29 Mbit/s
2025-07-23T01:15:01+08:00
Retrieving speedtest.net configuration...
2025-07-23T01:20:01+08:00
Retrieving speedtest.net configuration...
Testing from FIl Products Service Television Inc (103.105.214.54)...
Retrieving speedtest.net server list...
Selecting best server based on ping...
Hosted by PLDT (Makati) [634.17 km]: 17.816 ms
Testing download speed................................................................................
Download: 201.29 Mbit/s
Testing upload speed......................................................................................................
Upload: 33.09 Mbit/s
2025-07-23T01:25:01+08:00
Retrieving speedtest.net configuration...
Testing from FIl Products Service Television Inc (103.105.214.54)...
Retrieving speedtest.net server list...
Selecting best server based on ping...
2025-07-23T01:30:01+08:00
Retrieving speedtest.net configuration...
Testing from FIl Products Service Television Inc (103.105.214.54)...
Retrieving speedtest.net server list...
Selecting best server based on ping...
Hosted by Data-Beam Business Solution (Makati City) [633.45 km]: 56.481 ms
Testing download speed................................................................................
Download: 35.21 Mbit/s
Testing upload speed......................................................................................................
Upload: 7.21 Mbit/s
2025-07-23T01:35:01+08:00
Retrieving speedtest.net configuration...
2025-07-23T01:40:01+08:00
Retrieving speedtest.net configuration...
Testing from FIl Products Service Television Inc (103.105.214.54)...
Retrieving speedtest.net server list...
Selecting best server based on ping...
Hosted by United Eight (Makati City) [634.17 km]: 28.217 ms
Testing download speed................................................................................
Download: 142.49 Mbit/s
Testing upload speed......................................................................................................
Upload: 120.31 Mbit/s
2025-07-23T01:45:01+08:00
Retrieving speedtest.net configuration...
Testing from FIl Products Service Television Inc (103.105.214.54)...
Retrieving speedtest.net server list...
Selecting best server based on ping...
Hosted by KMC Solutions (Makati City) [633.45 km]: 33.8 ms
Testing download speed................................................................................
Download: 176.71 Mbit/s
Testing upload speed......................................................................................................
Upload: 80.24 Mbit/s
2025-07-23T01:50:01+08:00
Retrieving speedtest.net configuration...
Testing from FIl Products Service Television Inc (103.105.214.54)...
Retrieving speedtest.net server list...
Selecting best server based on ping...
Hosted by KMC Solutions (Makati City) [633.45 km]: 29.195 ms
Testing download speed................................................................................
Download: 66.22 Mbit/s
Testing upload speed......................................................................................................
Upload: 394.49 Mbit/s
2025-07-23T01:55:01+08:00
Retrieving speedtest.net configuration...
Testing from FIl Products Service Television Inc (103.105.214.54)...
Retrieving speedtest.net server list...
Selecting best server based on ping...
Hosted by PLDT (Makati) [634.17 km]: 17.873 ms
Testing download speed................................................................................
Download: 199.42 Mbit/s
Testing upload speed......................................................................................................
Upload: 287.81 Mbit/s
2025-07-23T02:00:01+08:00
Retrieving speedtest.net configuration...
Testing from FIl Products Service Television Inc (103.105.214.54)...
Retrieving speedtest.net server list...
Selecting best server based on ping...
2025-07-23T02:05:01+08:00
Retrieving speedtest.net configuration...
2025-07-23T02:10:01+08:00
Retrieving speedtest.net configuration...
2025-07-23T02:15:01+08:00
Retrieving speedtest.net configuration...
Testing from FIl Products Service Television Inc (103.105.214.54)...
Retrieving speedtest.net server list...
Selecting best server based on ping...
Hosted by United Eight (Makati City) [634.17 km]: 39.339 ms
Testing download speed................................................................................
Download: 175.49 Mbit/s
Testing upload speed......................................................................................................
Upload: 179.47 Mbit/s
2025-07-23T02:20:01+08:00
Retrieving speedtest.net configuration...
2025-07-23T02:25:01+08:00
Retrieving speedtest.net configuration...
2025-07-23T02:30:01+08:00
Retrieving speedtest.net configuration...
Testing from FIl Products Service Television Inc (103.105.214.54)...
Retrieving speedtest.net server list...
Selecting best server based on ping...
Hosted by United Eight (Makati City) [634.17 km]: 44.971 ms
Testing download speed................................................................................
Download: 189.50 Mbit/s
Testing upload speed......................................................................................................
Upload: 222.17 Mbit/s
2025-07-23T02:35:01+08:00
Retrieving speedtest.net configuration...
Testing from FIl Products Service Television Inc (103.105.214.54)...
Retrieving speedtest.net server list...
Selecting best server based on ping...
Hosted by PLDT (Makati) [634.17 km]: 17.438 ms
Testing download speed................................................................................
Download: 200.85 Mbit/s
Testing upload speed......................................................................................................
Upload: 20.07 Mbit/s
2025-07-23T02:40:01+08:00
Retrieving speedtest.net configuration...
Testing from FIl Products Service Television Inc (103.105.214.54)...
Retrieving speedtest.net server list...
Selecting best server based on ping...
Hosted by PLDT (Makati) [634.17 km]: 17.555 ms
Testing download speed................................................................................
Download: 196.89 Mbit/s
Testing upload speed......................................................................................................
Upload: 97.60 Mbit/s
2025-07-23T02:45:01+08:00
Retrieving speedtest.net configuration...
2025-07-23T02:50:01+08:00
Retrieving speedtest.net configuration...
Testing from FIl Products Service Television Inc (103.105.214.54)...
Retrieving speedtest.net server list...
Selecting best server based on ping...
Hosted by KMC Solutions (Makati City) [633.45 km]: 36.434 ms
Testing download speed................................................................................
Download: 190.57 Mbit/s
Testing upload speed......................................................................................................
Upload: 391.53 Mbit/s
2025-07-23T02:55:01+08:00
Retrieving speedtest.net configuration...
Testing from FIl Products Service Television Inc (103.105.214.54)...
Retrieving speedtest.net server list...
Selecting best server based on ping...
Hosted by KMC Solutions (Makati City) [633.45 km]: 29.127 ms
Testing download speed................................................................................
Download: 172.04 Mbit/s
Testing upload speed......................................................................................................
Upload: 384.16 Mbit/s
2025-07-23T03:00:01+08:00
Retrieving speedtest.net configuration...
