2025-08-21T00:00:01+08:00
Retrieving speedtest.net configuration...
Testing from FIl Products Service Television Inc (103.105.214.52)...
Retrieving speedtest.net server list...
Selecting best server based on ping...
2025-08-21T00:05:01+08:00
Retrieving speedtest.net configuration...
2025-08-21T00:10:01+08:00
Retrieving speedtest.net configuration...
Testing from FIl Products Service Television Inc (103.105.214.52)...
Retrieving speedtest.net server list...
Selecting best server based on ping...
Hosted by Globe Telecom (Makati) [633.45 km]: 31.619 ms
Testing download speed................................................................................
Download: 204.36 Mbit/s
Testing upload speed......................................................................................................
Upload: 309.35 Mbit/s
2025-08-21T00:15:01+08:00
Retrieving speedtest.net configuration...
Testing from FIl Products Service Television Inc (103.105.214.52)...
Retrieving speedtest.net server list...
Selecting best server based on ping...
Hosted by RISE.ph (Makati) [633.45 km]: 23.914 ms
Testing download speed................................................................................
Download: 202.63 Mbit/s
Testing upload speed......................................................................................................
Upload: 283.51 Mbit/s
2025-08-21T00:20:01+08:00
Retrieving speedtest.net configuration...
Testing from FIl Products Service Television Inc (103.105.214.52)...
Retrieving speedtest.net server list...
Selecting best server based on ping...
Hosted by PT&T (Makati City) [634.17 km]: 21.825 ms
Testing download speed................................................................................
Download: 181.44 Mbit/s
Testing upload speed......................................................................................................
Upload: 195.02 Mbit/s
2025-08-21T00:25:01+08:00
Retrieving speedtest.net configuration...
Testing from FIl Products Service Television Inc (103.105.214.59)...
Retrieving speedtest.net server list...
Selecting best server based on ping...
Hosted by RISE.ph (Makati) [633.45 km]: 23.326 ms
Testing download speed................................................................................
Download: 200.38 Mbit/s
Testing upload speed......................................................................................................
Upload: 246.81 Mbit/s
2025-08-21T00:30:01+08:00
Retrieving speedtest.net configuration...
Testing from FIl Products Service Television Inc (103.105.214.59)...
Retrieving speedtest.net server list...
Selecting best server based on ping...
2025-08-21T00:35:01+08:00
Retrieving speedtest.net configuration...
Testing from FIl Products Service Television Inc (103.105.214.59)...
Retrieving speedtest.net server list...
Selecting best server based on ping...
Hosted by PT&T (Makati City) [634.17 km]: 19.413 ms
Testing download speed................................................................................
Download: 198.79 Mbit/s
Testing upload speed......................................................................................................
Upload: 360.81 Mbit/s
2025-08-21T00:40:01+08:00
Retrieving speedtest.net configuration...
Testing from FIl Products Service Television Inc (103.105.214.59)...
Retrieving speedtest.net server list...
Selecting best server based on ping...
Hosted by PT&T (Makati City) [634.17 km]: 19.344 ms
Testing download speed................................................................................
Download: 200.58 Mbit/s
Testing upload speed......................................................................................................
Upload: 358.43 Mbit/s
2025-08-21T00:45:01+08:00
Retrieving speedtest.net configuration...
Testing from FIl Products Service Television Inc (103.105.214.52)...
Retrieving speedtest.net server list...
Selecting best server based on ping...
Hosted by PT&T (Makati City) [634.17 km]: 19.346 ms
Testing download speed................................................................................
Download: 200.58 Mbit/s
Testing upload speed......................................................................................................
Upload: 355.79 Mbit/s
2025-08-21T00:50:01+08:00
Retrieving speedtest.net configuration...
Testing from FIl Products Service Television Inc (103.105.214.52)...
Retrieving speedtest.net server list...
Selecting best server based on ping...
Hosted by PT&T (Makati City) [634.17 km]: 19.42 ms
Testing download speed................................................................................
Download: 194.90 Mbit/s
Testing upload speed......................................................................................................
Upload: 373.86 Mbit/s
2025-08-21T00:55:01+08:00
Retrieving speedtest.net configuration...
Testing from FIl Products Service Television Inc (103.105.214.52)...
Retrieving speedtest.net server list...
Selecting best server based on ping...
Hosted by PT&T (Makati City) [634.17 km]: 19.465 ms
Testing download speed................................................................................
Download: 177.50 Mbit/s
Testing upload speed......................................................................................................
Upload: 391.31 Mbit/s
2025-08-21T01:00:01+08:00
Retrieving speedtest.net configuration...
Testing from FIl Products Service Television Inc (103.105.214.59)...
Retrieving speedtest.net server list...
Selecting best server based on ping...
2025-08-21T01:05:01+08:00
Retrieving speedtest.net configuration...
2025-08-21T01:10:01+08:00
Retrieving speedtest.net configuration...
Testing from FIl Products Service Television Inc (103.105.214.52)...
Retrieving speedtest.net server list...
Selecting best server based on ping...
Hosted by PT&T (Makati City) [634.17 km]: 19.485 ms
Testing download speed................................................................................
Download: 198.97 Mbit/s
Testing upload speed......................................................................................................
Upload: 373.22 Mbit/s
2025-08-21T01:15:01+08:00
Retrieving speedtest.net configuration...
Testing from FIl Products Service Television Inc (103.105.214.59)...
Retrieving speedtest.net server list...
Selecting best server based on ping...
Hosted by PT&T (Makati City) [634.17 km]: 18.851 ms
Testing download speed................................................................................
Download: 193.82 Mbit/s
Testing upload speed......................................................................................................
Upload: 327.13 Mbit/s
2025-08-21T01:20:01+08:00
Retrieving speedtest.net configuration...
Testing from FIl Products Service Television Inc (103.105.214.52)...
Retrieving speedtest.net server list...
Selecting best server based on ping...
Hosted by PT&T (Makati City) [634.17 km]: 19.195 ms
Testing download speed................................................................................
Download: 180.80 Mbit/s
Testing upload speed......................................................................................................
Upload: 370.16 Mbit/s
2025-08-21T01:25:01+08:00
Retrieving speedtest.net configuration...
Testing from FIl Products Service Television Inc (103.105.214.59)...
Retrieving speedtest.net server list...
Selecting best server based on ping...
Hosted by PT&T (Makati City) [634.17 km]: 19.468 ms
Testing download speed................................................................................
Download: 197.12 Mbit/s
Testing upload speed......................................................................................................
Upload: 357.15 Mbit/s
2025-08-21T01:30:01+08:00
Retrieving speedtest.net configuration...
Testing from FIl Products Service Television Inc (103.105.214.52)...
Retrieving speedtest.net server list...
Selecting best server based on ping...
2025-08-21T01:35:01+08:00
Retrieving speedtest.net configuration...
Testing from FIl Products Service Television Inc (103.105.214.59)...
Retrieving speedtest.net server list...
Selecting best server based on ping...
Hosted by PT&T (Makati City) [634.17 km]: 19.372 ms
Testing download speed................................................................................
Download: 200.61 Mbit/s
Testing upload speed......................................................................................................
Upload: 381.38 Mbit/s
2025-08-21T01:40:01+08:00
Retrieving speedtest.net configuration...
Testing from FIl Products Service Television Inc (103.105.214.52)...
Retrieving speedtest.net server list...
Selecting best server based on ping...
Hosted by PT&T (Makati City) [634.17 km]: 19.267 ms
Testing download speed................................................................................
Download: 199.50 Mbit/s
Testing upload speed......................................................................................................
Upload: 392.89 Mbit/s
2025-08-21T01:45:01+08:00
Retrieving speedtest.net configuration...
Testing from FIl Products Service Television Inc (103.105.214.52)...
Retrieving speedtest.net server list...
Selecting best server based on ping...
Hosted by RISE.ph (Makati) [633.45 km]: 20.67 ms
Testing download speed................................................................................
Download: 196.99 Mbit/s
Testing upload speed......................................................................................................
Upload: 296.26 Mbit/s
2025-08-21T01:50:01+08:00
Retrieving speedtest.net configuration...
Testing from FIl Products Service Television Inc (103.105.214.52)...
Retrieving speedtest.net server list...
Selecting best server based on ping...
Hosted by RISE.ph (Makati) [633.45 km]: 20.998 ms
Testing download speed................................................................................
Download: 197.71 Mbit/s
Testing upload speed......................................................................................................
Upload: 330.41 Mbit/s
2025-08-21T01:55:01+08:00
Retrieving speedtest.net configuration...
Testing from FIl Products Service Television Inc (103.105.214.59)...
Retrieving speedtest.net server list...
Selecting best server based on ping...
Hosted by RISE.ph (Makati) [633.45 km]: 20.334 ms
Testing download speed................................................................................
Download: 177.12 Mbit/s
Testing upload speed......................................................................................................
Upload: 313.73 Mbit/s
2025-08-21T02:00:01+08:00
Retrieving speedtest.net configuration...
Testing from FIl Products Service Television Inc (103.105.214.52)...
Retrieving speedtest.net server list...
Selecting best server based on ping...
2025-08-21T02:05:01+08:00
Retrieving speedtest.net configuration...
2025-08-21T02:10:01+08:00
Retrieving speedtest.net configuration...
Testing from FIl Products Service Television Inc (103.105.214.52)...
Retrieving speedtest.net server list...
Selecting best server based on ping...
Hosted by RISE.ph (Makati) [633.45 km]: 20.355 ms
Testing download speed................................................................................
Download: 197.65 Mbit/s
Testing upload speed......................................................................................................
Upload: 349.47 Mbit/s
2025-08-21T02:15:01+08:00
Retrieving speedtest.net configuration...
Testing from FIl Products Service Television Inc (103.105.214.59)...
Retrieving speedtest.net server list...
Selecting best server based on ping...
Hosted by RISE.ph (Makati) [633.45 km]: 20.529 ms
Testing download speed................................................................................
Download: 194.36 Mbit/s
Testing upload speed......................................................................................................
Upload: 308.56 Mbit/s
2025-08-21T02:20:01+08:00
Retrieving speedtest.net configuration...
Testing from FIl Products Service Television Inc (103.105.214.52)...
Retrieving speedtest.net server list...
Selecting best server based on ping...
Hosted by RISE.ph (Makati) [633.45 km]: 20.744 ms
Testing download speed................................................................................
Download: 201.72 Mbit/s
Testing upload speed......................................................................................................
Upload: 321.17 Mbit/s
2025-08-21T02:25:01+08:00
Retrieving speedtest.net configuration...
Testing from FIl Products Service Television Inc (103.105.214.59)...
Retrieving speedtest.net server list...
Selecting best server based on ping...
Hosted by RISE.ph (Makati) [633.45 km]: 22.903 ms
Testing download speed................................................................................
Download: 198.18 Mbit/s
Testing upload speed......................................................................................................
Upload: 361.37 Mbit/s
2025-08-21T02:30:01+08:00
Retrieving speedtest.net configuration...
Testing from FIl Products Service Television Inc (103.105.214.52)...
Retrieving speedtest.net server list...
Selecting best server based on ping...
2025-08-21T02:35:01+08:00
Retrieving speedtest.net configuration...
Testing from FIl Products Service Television Inc (103.105.214.59)...
Retrieving speedtest.net server list...
Selecting best server based on ping...
Hosted by RISE.ph (Makati) [633.45 km]: 20.716 ms
Testing download speed................................................................................
Download: 198.66 Mbit/s
Testing upload speed......................................................................................................
Upload: 339.46 Mbit/s
2025-08-21T02:40:01+08:00
Retrieving speedtest.net configuration...
Testing from FIl Products Service Television Inc (103.105.214.59)...
Retrieving speedtest.net server list...
Selecting best server based on ping...
Hosted by RISE.ph (Makati) [633.45 km]: 19.012 ms
Testing download speed................................................................................
Download: 198.05 Mbit/s
Testing upload speed......................................................................................................
Upload: 323.42 Mbit/s
2025-08-21T02:45:01+08:00
Retrieving speedtest.net configuration...
Testing from FIl Products Service Television Inc (103.105.214.59)...
Retrieving speedtest.net server list...
Selecting best server based on ping...
Hosted by RISE.ph (Makati) [633.45 km]: 20.108 ms
Testing download speed................................................................................
Download: 203.74 Mbit/s
Testing upload speed......................................................................................................
Upload: 342.23 Mbit/s
2025-08-21T02:50:01+08:00
Retrieving speedtest.net configuration...
Testing from FIl Products Service Television Inc (103.105.214.52)...
Retrieving speedtest.net server list...
Selecting best server based on ping...
Hosted by RISE.ph (Makati) [633.45 km]: 20.014 ms
Testing download speed................................................................................
Download: 196.87 Mbit/s
Testing upload speed......................................................................................................
Upload: 355.65 Mbit/s
2025-08-21T02:55:01+08:00
Retrieving speedtest.net configuration...
Testing from FIl Products Service Television Inc (103.105.214.52)...
Retrieving speedtest.net server list...
Selecting best server based on ping...
Hosted by RISE.ph (Makati) [633.45 km]: 20.385 ms
Testing download speed................................................................................
Download: 197.59 Mbit/s
Testing upload speed......................................................................................................
Upload: 298.71 Mbit/s
2025-08-21T03:00:01+08:00
Retrieving speedtest.net configuration...
Testing from FIl Products Service Television Inc (103.105.214.52)...
Retrieving speedtest.net server list...
Selecting best server based on ping...
2025-08-21T03:05:01+08:00
Retrieving speedtest.net configuration...
2025-08-21T03:10:01+08:00
Retrieving speedtest.net configuration...
Testing from FIl Products Service Television Inc (103.105.214.59)...
Retrieving speedtest.net server list...
Selecting best server based on ping...
Hosted by RISE.ph (Makati) [633.45 km]: 22.5 ms
Testing download speed................................................................................
Download: 193.46 Mbit/s
Testing upload speed......................................................................................................
Upload: 281.84 Mbit/s
2025-08-21T03:15:01+08:00
Retrieving speedtest.net configuration...
Testing from FIl Products Service Television Inc (103.105.214.52)...
Retrieving speedtest.net server list...
Selecting best server based on ping...
Hosted by RISE.ph (Makati) [633.45 km]: 21.14 ms
Testing download speed................................................................................
Download: 199.28 Mbit/s
Testing upload speed......................................................................................................
Upload: 326.31 Mbit/s
2025-08-21T03:20:01+08:00
Retrieving speedtest.net configuration...
Testing from FIl Products Service Television Inc (103.105.214.52)...
Retrieving speedtest.net server list...
Selecting best server based on ping...
Hosted by RISE.ph (Makati) [633.45 km]: 20.449 ms
Testing download speed................................................................................
Download: 198.26 Mbit/s
Testing upload speed......................................................................................................
Upload: 359.47 Mbit/s
2025-08-21T03:25:01+08:00
Retrieving speedtest.net configuration...
Testing from FIl Products Service Television Inc (103.105.214.59)...
Retrieving speedtest.net server list...
Selecting best server based on ping...
Hosted by RISE.ph (Makati) [633.45 km]: 20.897 ms
Testing download speed................................................................................
Download: 197.09 Mbit/s
Testing upload speed......................................................................................................
Upload: 367.18 Mbit/s
2025-08-21T03:30:01+08:00
Retrieving speedtest.net configuration...
Testing from FIl Products Service Television Inc (103.105.214.59)...
Retrieving speedtest.net server list...
Selecting best server based on ping...
2025-08-21T03:35:01+08:00
Retrieving speedtest.net configuration...
Testing from FIl Products Service Television Inc (103.105.214.52)...
Retrieving speedtest.net server list...
Selecting best server based on ping...
Hosted by RISE.ph (Makati) [633.45 km]: 20.931 ms
Testing download speed................................................................................
Download: 197.46 Mbit/s
Testing upload speed......................................................................................................
Upload: 339.14 Mbit/s
2025-08-21T03:40:02+08:00
Retrieving speedtest.net configuration...
Testing from FIl Products Service Television Inc (103.105.214.59)...
Retrieving speedtest.net server list...
Selecting best server based on ping...
Hosted by RISE.ph (Makati) [633.45 km]: 19.932 ms
Testing download speed................................................................................
Download: 198.99 Mbit/s
Testing upload speed......................................................................................................
Upload: 290.44 Mbit/s
2025-08-21T03:45:01+08:00
Retrieving speedtest.net configuration...
Testing from FIl Products Service Television Inc (103.105.214.52)...
Retrieving speedtest.net server list...
Selecting best server based on ping...
Hosted by RISE.ph (Makati) [633.45 km]: 22.038 ms
Testing download speed................................................................................
Download: 200.92 Mbit/s
Testing upload speed......................................................................................................
Upload: 293.35 Mbit/s
2025-08-21T03:50:01+08:00
Retrieving speedtest.net configuration...
Testing from FIl Products Service Television Inc (103.105.214.59)...
Retrieving speedtest.net server list...
Selecting best server based on ping...
Hosted by RISE.ph (Makati) [633.45 km]: 20.162 ms
Testing download speed................................................................................
Download: 190.55 Mbit/s
Testing upload speed......................................................................................................
Upload: 311.20 Mbit/s
2025-08-21T03:55:01+08:00
Retrieving speedtest.net configuration...
Testing from FIl Products Service Television Inc (103.105.214.52)...
Retrieving speedtest.net server list...
Selecting best server based on ping...
Hosted by RISE.ph (Makati) [633.45 km]: 19.877 ms
Testing download speed................................................................................
Download: 199.02 Mbit/s
Testing upload speed......................................................................................................
Upload: 357.22 Mbit/s
2025-08-21T04:00:01+08:00
Retrieving speedtest.net configuration...
Testing from FIl Products Service Television Inc (103.105.214.59)...
Retrieving speedtest.net server list...
Selecting best server based on ping...
