2025-07-28T00:00:01+08:00
Retrieving speedtest.net configuration...
Testing from FIl Products Service Television Inc (103.105.214.48)...
Retrieving speedtest.net server list...
Selecting best server based on ping...
2025-07-28T00:05:01+08:00
Retrieving speedtest.net configuration...
Testing from FIl Products Service Television Inc (103.105.214.48)...
Retrieving speedtest.net server list...
Selecting best server based on ping...
Hosted by Imtech Solution and Data Providers (Kidapawan City) [321.95 km]: 42.299 ms
Testing download speed................................................................................
Download: 137.75 Mbit/s
Testing upload speed......................................................................................................
Upload: 55.01 Mbit/s
2025-07-28T00:10:01+08:00
Retrieving speedtest.net configuration...
Testing from FIl Products Service Television Inc (103.105.214.60)...
Retrieving speedtest.net server list...
Selecting best server based on ping...
Hosted by Imtech Solution and Data Providers (Kidapawan City) [321.95 km]: 36.445 ms
Testing download speed................................................................................
Download: 129.12 Mbit/s
Testing upload speed......................................................................................................
Upload: 34.88 Mbit/s
2025-07-28T00:15:01+08:00
Retrieving speedtest.net configuration...
Testing from FIl Products Service Television Inc (103.105.214.48)...
Retrieving speedtest.net server list...
Selecting best server based on ping...
Hosted by Imtech Solution and Data Providers (Kidapawan City) [321.95 km]: 37.699 ms
Testing download speed................................................................................
Download: 149.08 Mbit/s
Testing upload speed......................................................................................................
Upload: 36.60 Mbit/s
2025-07-28T00:20:01+08:00
Retrieving speedtest.net configuration...
Testing from FIl Products Service Television Inc (103.105.214.60)...
Retrieving speedtest.net server list...
Selecting best server based on ping...
Hosted by Imtech Solution and Data Providers (Kidapawan City) [321.95 km]: 35.149 ms
Testing download speed................................................................................
Download: 132.80 Mbit/s
Testing upload speed......................................................................................................
Upload: 47.23 Mbit/s
2025-07-28T00:25:01+08:00
Retrieving speedtest.net configuration...
Testing from FIl Products Service Television Inc (103.105.214.60)...
Retrieving speedtest.net server list...
Selecting best server based on ping...
Hosted by Imtech Solution and Data Providers (Kidapawan City) [321.95 km]: 37.508 ms
Testing download speed................................................................................
Download: 147.75 Mbit/s
Testing upload speed......................................................................................................
Upload: 37.55 Mbit/s
2025-07-28T00:30:01+08:00
Retrieving speedtest.net configuration...
Testing from FIl Products Service Television Inc (103.105.214.60)...
Retrieving speedtest.net server list...
Selecting best server based on ping...
2025-07-28T00:35:01+08:00
Retrieving speedtest.net configuration...
Testing from FIl Products Service Television Inc (103.105.214.48)...
Retrieving speedtest.net server list...
Selecting best server based on ping...
Hosted by Imtech Solution and Data Providers (Kidapawan City) [321.95 km]: 37.693 ms
Testing download speed................................................................................
Download: 127.92 Mbit/s
Testing upload speed......................................................................................................
Upload: 33.34 Mbit/s
2025-07-28T00:40:01+08:00
Retrieving speedtest.net configuration...
Testing from FIl Products Service Television Inc (103.105.214.60)...
Retrieving speedtest.net server list...
Selecting best server based on ping...
Hosted by Imtech Solution and Data Providers (Kidapawan City) [321.95 km]: 36.726 ms
Testing download speed................................................................................
Download: 130.39 Mbit/s
Testing upload speed......................................................................................................
Upload: 40.02 Mbit/s
2025-07-28T00:45:02+08:00
Retrieving speedtest.net configuration...
Testing from FIl Products Service Television Inc (103.105.214.48)...
Retrieving speedtest.net server list...
Selecting best server based on ping...
Hosted by Imtech Solution and Data Providers (Kidapawan City) [321.95 km]: 35.532 ms
Testing download speed................................................................................
Download: 152.34 Mbit/s
Testing upload speed......................................................................................................
Upload: 35.85 Mbit/s
2025-07-28T00:50:01+08:00
Retrieving speedtest.net configuration...
Testing from FIl Products Service Television Inc (103.105.214.60)...
Retrieving speedtest.net server list...
Selecting best server based on ping...
Hosted by Imtech Solution and Data Providers (Kidapawan City) [321.95 km]: 37.564 ms
Testing download speed................................................................................
Download: 163.91 Mbit/s
Testing upload speed......................................................................................................
Upload: 35.60 Mbit/s
2025-07-28T00:55:01+08:00
Retrieving speedtest.net configuration...
Testing from FIl Products Service Television Inc (103.105.214.48)...
Retrieving speedtest.net server list...
Selecting best server based on ping...
Hosted by Imtech Solution and Data Providers (Kidapawan City) [321.95 km]: 37.204 ms
Testing download speed................................................................................
Download: 136.64 Mbit/s
Testing upload speed......................................................................................................
Upload: 29.10 Mbit/s
2025-07-28T01:00:01+08:00
Retrieving speedtest.net configuration...
Testing from FIl Products Service Television Inc (103.105.214.60)...
Retrieving speedtest.net server list...
Selecting best server based on ping...
