2025-06-14T00:00:01+08:00
Retrieving speedtest.net configuration...
Testing from FIl Products Service Television Inc (103.105.214.50)...
Retrieving speedtest.net server list...
Selecting best server based on ping...
2025-06-14T00:05:01+08:00
Retrieving speedtest.net configuration...
2025-06-14T00:10:01+08:00
Retrieving speedtest.net configuration...
Testing from FIl Products Service Television Inc (103.105.214.50)...
Retrieving speedtest.net server list...
Selecting best server based on ping...
Hosted by PLDT (Cebu City) [126.16 km]: 35.758 ms
Testing download speed................................................................................
Download: 149.49 Mbit/s
Testing upload speed......................................................................................................
Upload: 231.50 Mbit/s
2025-06-14T00:15:01+08:00
Retrieving speedtest.net configuration...
Testing from FIl Products Service Television Inc (103.105.214.50)...
Retrieving speedtest.net server list...
Selecting best server based on ping...
Hosted by PLDT (Cebu City) [126.16 km]: 43.691 ms
Testing download speed................................................................................
Download: 158.48 Mbit/s
Testing upload speed......................................................................................................
Upload: 252.22 Mbit/s
2025-06-14T00:20:01+08:00
Retrieving speedtest.net configuration...
Testing from FIl Products Service Television Inc (103.105.214.50)...
Retrieving speedtest.net server list...
Selecting best server based on ping...
Hosted by PLDT (Cebu City) [126.16 km]: 35.35 ms
Testing download speed................................................................................
Download: 121.70 Mbit/s
Testing upload speed......................................................................................................
Upload: 174.31 Mbit/s
2025-06-14T00:25:01+08:00
Retrieving speedtest.net configuration...
Testing from FIl Products Service Television Inc (103.105.214.50)...
Retrieving speedtest.net server list...
Selecting best server based on ping...
Hosted by PLDT (Cebu City) [126.16 km]: 35.724 ms
Testing download speed................................................................................
Download: 149.80 Mbit/s
Testing upload speed......................................................................................................
Upload: 246.52 Mbit/s
2025-06-14T00:30:01+08:00
Retrieving speedtest.net configuration...
Testing from FIl Products Service Television Inc (103.105.214.53)...
Retrieving speedtest.net server list...
Selecting best server based on ping...
2025-06-14T00:35:01+08:00
Retrieving speedtest.net configuration...
Testing from FIl Products Service Television Inc (103.105.214.53)...
Retrieving speedtest.net server list...
Selecting best server based on ping...
Hosted by PLDT (Cebu City) [126.16 km]: 35.564 ms
Testing download speed................................................................................
Download: 156.25 Mbit/s
Testing upload speed......................................................................................................
Upload: 207.88 Mbit/s
2025-06-14T00:40:01+08:00
Retrieving speedtest.net configuration...
Testing from FIl Products Service Television Inc (103.105.214.53)...
Retrieving speedtest.net server list...
Selecting best server based on ping...
Hosted by PLDT (Cebu City) [126.16 km]: 35.642 ms
Testing download speed................................................................................
Download: 139.81 Mbit/s
Testing upload speed......................................................................................................
Upload: 183.97 Mbit/s
2025-06-14T00:45:01+08:00
Retrieving speedtest.net configuration...
Testing from FIl Products Service Television Inc (103.105.214.53)...
Retrieving speedtest.net server list...
Selecting best server based on ping...
Hosted by PLDT (Cebu City) [126.16 km]: 38.51 ms
Testing download speed................................................................................
Download: 159.64 Mbit/s
Testing upload speed......................................................................................................
Upload: 214.71 Mbit/s
2025-06-14T00:50:01+08:00
Retrieving speedtest.net configuration...
Testing from FIl Products Service Television Inc (103.105.214.53)...
Retrieving speedtest.net server list...
Selecting best server based on ping...
Hosted by PLDT (Cebu City) [126.16 km]: 35.345 ms
Testing download speed................................................................................
Download: 145.34 Mbit/s
Testing upload speed......................................................................................................
Upload: 221.37 Mbit/s
2025-06-14T00:55:01+08:00
Retrieving speedtest.net configuration...
Testing from FIl Products Service Television Inc (103.105.214.50)...
Retrieving speedtest.net server list...
Selecting best server based on ping...
Hosted by PLDT (Cebu City) [126.16 km]: 35.551 ms
Testing download speed................................................................................
Download: 131.60 Mbit/s
Testing upload speed......................................................................................................
Upload: 210.12 Mbit/s
2025-06-14T01:00:01+08:00
Retrieving speedtest.net configuration...
Testing from FIl Products Service Television Inc (103.105.214.50)...
Retrieving speedtest.net server list...
Selecting best server based on ping...
