2025-07-20T02:40:01+08:00
Retrieving speedtest.net configuration...
Testing from FIl Products Service Television Inc (103.105.214.59)...
Retrieving speedtest.net server list...
Selecting best server based on ping...
Hosted by Globe Telecom (Taguig) [629.25 km]: 32.468 ms
Testing download speed................................................................................
Download: 204.10 Mbit/s
Testing upload speed......................................................................................................
Upload: 294.43 Mbit/s
2025-07-20T02:45:01+08:00
Retrieving speedtest.net configuration...
Testing from FIl Products Service Television Inc (103.105.214.59)...
Retrieving speedtest.net server list...
Selecting best server based on ping...
Hosted by Globe Telecom (Taguig) [629.25 km]: 30.821 ms
Testing download speed................................................................................
Download: 138.51 Mbit/s
Testing upload speed......................................................................................................
Upload: 312.88 Mbit/s
2025-07-20T02:50:01+08:00
Retrieving speedtest.net configuration...
Testing from FIl Products Service Television Inc (103.105.214.59)...
Retrieving speedtest.net server list...
Selecting best server based on ping...
Hosted by Globe Telecom (Taguig) [629.25 km]: 25.498 ms
Testing download speed................................................................................
Download: 99.20 Mbit/s
Testing upload speed......................................................................................................
Upload: 147.13 Mbit/s
2025-07-20T02:55:01+08:00
Retrieving speedtest.net configuration...
Testing from FIl Products Service Television Inc (103.105.214.59)...
Retrieving speedtest.net server list...
Selecting best server based on ping...
Hosted by Globe Telecom (Taguig) [629.25 km]: 30.011 ms
Testing download speed................................................................................
Download: 156.30 Mbit/s
Testing upload speed......................................................................................................
Upload: 222.38 Mbit/s
2025-07-20T03:00:01+08:00
Retrieving speedtest.net configuration...
Testing from FIl Products Service Television Inc (103.105.214.59)...
Retrieving speedtest.net server list...
Selecting best server based on ping...
