2025-04-25T00:00:01+08:00
Retrieving speedtest.net configuration...
Testing from FIl Products Service Television Inc (103.105.214.52)...
Retrieving speedtest.net server list...
Selecting best server based on ping...
2025-04-25T00:05:01+08:00
Retrieving speedtest.net configuration...
2025-04-25T00:10:01+08:00
Retrieving speedtest.net configuration...
Testing from FIl Products Service Television Inc (103.105.214.50)...
Retrieving speedtest.net server list...
Selecting best server based on ping...
Hosted by PT&T (Makati City) [634.17 km]: 20.697 ms
Testing download speed................................................................................
Download: 198.82 Mbit/s
Testing upload speed......................................................................................................
Upload: 25.57 Mbit/s
2025-04-25T00:15:01+08:00
Retrieving speedtest.net configuration...
Testing from FIl Products Service Television Inc (103.105.214.52)...
Retrieving speedtest.net server list...
Selecting best server based on ping...
Hosted by PT&T (Makati City) [634.17 km]: 22.837 ms
Testing download speed................................................................................
Download: 183.68 Mbit/s
Testing upload speed......................................................................................................
Upload: 44.30 Mbit/s
2025-04-25T00:20:01+08:00
Retrieving speedtest.net configuration...
Testing from FIl Products Service Television Inc (103.105.214.52)...
Retrieving speedtest.net server list...
Selecting best server based on ping...
Hosted by PT&T (Makati City) [634.17 km]: 25.088 ms
Testing download speed................................................................................
Download: 178.83 Mbit/s
Testing upload speed......................................................................................................
Upload: 17.17 Mbit/s
2025-04-25T00:25:01+08:00
Retrieving speedtest.net configuration...
Testing from FIl Products Service Television Inc (103.105.214.52)...
Retrieving speedtest.net server list...
Selecting best server based on ping...
Hosted by PT&T (Makati City) [634.17 km]: 21.513 ms
Testing download speed................................................................................
Download: 163.63 Mbit/s
Testing upload speed......................................................................................................
Upload: 75.88 Mbit/s
2025-04-25T00:30:01+08:00
Retrieving speedtest.net configuration...
Testing from FIl Products Service Television Inc (103.105.214.52)...
Retrieving speedtest.net server list...
Selecting best server based on ping...
2025-04-25T00:35:01+08:00
Retrieving speedtest.net configuration...
2025-04-25T00:40:01+08:00
Retrieving speedtest.net configuration...
Testing from FIl Products Service Television Inc (103.105.214.52)...
Retrieving speedtest.net server list...
Selecting best server based on ping...
Hosted by PT&T (Makati City) [634.17 km]: 20.257 ms
Testing download speed................................................................................
Download: 155.62 Mbit/s
Testing upload speed......................................................................................................
Upload: 37.96 Mbit/s
2025-04-25T00:45:01+08:00
Retrieving speedtest.net configuration...
Testing from FIl Products Service Television Inc (103.105.214.52)...
Retrieving speedtest.net server list...
Selecting best server based on ping...
Hosted by PT&T (Makati City) [634.17 km]: 22.982 ms
Testing download speed................................................................................
Download: 190.66 Mbit/s
Testing upload speed......................................................................................................
Upload: 15.39 Mbit/s
2025-04-25T00:50:01+08:00
Retrieving speedtest.net configuration...
Testing from FIl Products Service Television Inc (103.105.214.52)...
Retrieving speedtest.net server list...
Selecting best server based on ping...
Hosted by PT&T (Makati City) [634.17 km]: 22.87 ms
Testing download speed................................................................................
Download: 171.25 Mbit/s
Testing upload speed......................................................................................................
Upload: 98.03 Mbit/s
2025-04-25T00:55:02+08:00
Retrieving speedtest.net configuration...
Testing from FIl Products Service Television Inc (103.105.214.50)...
Retrieving speedtest.net server list...
Selecting best server based on ping...
Hosted by PT&T (Makati City) [634.17 km]: 23.042 ms
Testing download speed................................................................................
Download: 184.59 Mbit/s
Testing upload speed......................................................................................................
Upload: 16.23 Mbit/s
2025-04-25T01:00:01+08:00
Retrieving speedtest.net configuration...
Testing from FIl Products Service Television Inc (103.105.214.50)...
Retrieving speedtest.net server list...
Selecting best server based on ping...
2025-04-25T01:05:01+08:00
Retrieving speedtest.net configuration...
2025-04-25T01:10:01+08:00
Retrieving speedtest.net configuration...
Testing from FIl Products Service Television Inc (103.105.214.50)...
Retrieving speedtest.net server list...
Selecting best server based on ping...
Hosted by PT&T (Makati City) [634.17 km]: 23.002 ms
Testing download speed................................................................................
Download: 194.93 Mbit/s
Testing upload speed......................................................................................................
Upload: 61.59 Mbit/s
2025-04-25T01:15:01+08:00
Retrieving speedtest.net configuration...
Testing from FIl Products Service Television Inc (103.105.214.50)...
Retrieving speedtest.net server list...
Selecting best server based on ping...
Hosted by PT&T (Makati City) [634.17 km]: 20.568 ms
Testing download speed................................................................................
Download: 197.24 Mbit/s
Testing upload speed......................................................................................................
Upload: 20.82 Mbit/s
2025-04-25T01:20:01+08:00
Retrieving speedtest.net configuration...
Testing from FIl Products Service Television Inc (103.105.214.50)...
Retrieving speedtest.net server list...
Selecting best server based on ping...
Hosted by PT&T (Makati City) [634.17 km]: 24.693 ms
Testing download speed................................................................................
Download: 189.85 Mbit/s
Testing upload speed......................................................................................................
Upload: 15.91 Mbit/s
2025-04-25T01:25:01+08:00
Retrieving speedtest.net configuration...
Testing from FIl Products Service Television Inc (103.105.214.50)...
Retrieving speedtest.net server list...
Selecting best server based on ping...
Hosted by PT&T (Makati City) [634.17 km]: 22.982 ms
Testing download speed................................................................................
Download: 187.21 Mbit/s
Testing upload speed......................................................................................................
Upload: 13.85 Mbit/s
2025-04-25T01:30:01+08:00
Retrieving speedtest.net configuration...
Testing from FIl Products Service Television Inc (103.105.214.52)...
Retrieving speedtest.net server list...
Selecting best server based on ping...
2025-04-25T01:35:01+08:00
Retrieving speedtest.net configuration...
2025-04-25T01:40:02+08:00
Retrieving speedtest.net configuration...
Testing from FIl Products Service Television Inc (103.105.214.52)...
Retrieving speedtest.net server list...
Selecting best server based on ping...
Hosted by DITO (Makati City) [634.17 km]: 37.628 ms
Testing download speed................................................................................
Download: 195.66 Mbit/s
Testing upload speed......................................................................................................
Upload: 237.71 Mbit/s
2025-04-25T01:45:01+08:00
Retrieving speedtest.net configuration...
Testing from FIl Products Service Television Inc (103.105.214.50)...
Retrieving speedtest.net server list...
Selecting best server based on ping...
Hosted by DITO (Makati City) [634.17 km]: 32.498 ms
Testing download speed................................................................................
Download: 194.74 Mbit/s
Testing upload speed......................................................................................................
Upload: 231.66 Mbit/s
2025-04-25T01:50:01+08:00
Retrieving speedtest.net configuration...
Testing from FIl Products Service Television Inc (103.105.214.52)...
Retrieving speedtest.net server list...
Selecting best server based on ping...
Hosted by DITO (Makati City) [634.17 km]: 29.876 ms
Testing download speed................................................................................
Download: 154.44 Mbit/s
Testing upload speed......................................................................................................
Upload: 258.67 Mbit/s
2025-04-25T01:55:01+08:00
Retrieving speedtest.net configuration...
Testing from FIl Products Service Television Inc (103.105.214.52)...
Retrieving speedtest.net server list...
Selecting best server based on ping...
Hosted by DITO (Makati City) [634.17 km]: 31.322 ms
Testing download speed................................................................................
Download: 168.86 Mbit/s
Testing upload speed......................................................................................................
Upload: 169.45 Mbit/s
2025-04-25T02:00:01+08:00
Retrieving speedtest.net configuration...
Testing from FIl Products Service Television Inc (103.105.214.52)...
Retrieving speedtest.net server list...
