2025-08-23T00:00:01+08:00
Retrieving speedtest.net configuration...
Testing from FIl Products Service Television Inc (103.105.214.52)...
Retrieving speedtest.net server list...
Selecting best server based on ping...
2025-08-23T00:05:01+08:00
Retrieving speedtest.net configuration...
2025-08-23T00:10:02+08:00
Retrieving speedtest.net configuration...
Testing from FIl Products Service Television Inc (103.105.214.59)...
Retrieving speedtest.net server list...
Selecting best server based on ping...
Hosted by Globe Telecom (Cebu City) [126.16 km]: 25.073 ms
Testing download speed................................................................................
Download: 201.37 Mbit/s
Testing upload speed......................................................................................................
Upload: 295.26 Mbit/s
2025-08-23T00:15:01+08:00
Retrieving speedtest.net configuration...
Testing from FIl Products Service Television Inc (103.105.214.52)...
Retrieving speedtest.net server list...
Selecting best server based on ping...
Hosted by Globe Telecom (Cebu City) [126.16 km]: 23.91 ms
Testing download speed................................................................................
Download: 203.29 Mbit/s
Testing upload speed......................................................................................................
Upload: 307.87 Mbit/s
2025-08-23T00:20:01+08:00
Retrieving speedtest.net configuration...
Testing from FIl Products Service Television Inc (103.105.214.59)...
Retrieving speedtest.net server list...
Selecting best server based on ping...
Hosted by Globe Telecom (Cebu City) [126.16 km]: 27.068 ms
Testing download speed................................................................................
Download: 189.36 Mbit/s
Testing upload speed......................................................................................................
Upload: 293.72 Mbit/s
2025-08-23T00:25:01+08:00
Retrieving speedtest.net configuration...
Testing from FIl Products Service Television Inc (103.105.214.52)...
Retrieving speedtest.net server list...
Selecting best server based on ping...
Hosted by Globe Telecom (Cebu City) [126.16 km]: 24.529 ms
Testing download speed................................................................................
Download: 195.36 Mbit/s
Testing upload speed......................................................................................................
Upload: 297.75 Mbit/s
2025-08-23T00:30:01+08:00
Retrieving speedtest.net configuration...
Testing from FIl Products Service Television Inc (103.105.214.52)...
Retrieving speedtest.net server list...
Selecting best server based on ping...
2025-08-23T00:35:01+08:00
Retrieving speedtest.net configuration...
Testing from FIl Products Service Television Inc (103.105.214.52)...
Retrieving speedtest.net server list...
Selecting best server based on ping...
Hosted by Cine Cebu (Cebu City) [126.16 km]: 24.345 ms
Testing download speed................................................................................
Download: 196.01 Mbit/s
Testing upload speed......................................................................................................
Upload: 233.43 Mbit/s
2025-08-23T00:40:01+08:00
Retrieving speedtest.net configuration...
Testing from FIl Products Service Television Inc (103.105.214.59)...
Retrieving speedtest.net server list...
Selecting best server based on ping...
Hosted by Globe Telecom (Cebu City) [126.16 km]: 25.364 ms
Testing download speed................................................................................
Download: 199.99 Mbit/s
Testing upload speed......................................................................................................
Upload: 227.56 Mbit/s
2025-08-23T00:45:01+08:00
Retrieving speedtest.net configuration...
Testing from FIl Products Service Television Inc (103.105.214.59)...
Retrieving speedtest.net server list...
Selecting best server based on ping...
Hosted by Globe Telecom (Cebu City) [126.16 km]: 24.527 ms
Testing download speed................................................................................
Download: 191.94 Mbit/s
Testing upload speed......................................................................................................
Upload: 272.44 Mbit/s
2025-08-23T00:50:01+08:00
Retrieving speedtest.net configuration...
Testing from FIl Products Service Television Inc (103.105.214.52)...
Retrieving speedtest.net server list...
Selecting best server based on ping...
Hosted by Globe Telecom (Cebu City) [126.16 km]: 22.573 ms
Testing download speed................................................................................
Download: 196.14 Mbit/s
Testing upload speed......................................................................................................
Upload: 288.45 Mbit/s
2025-08-23T00:55:01+08:00
Retrieving speedtest.net configuration...
Testing from FIl Products Service Television Inc (103.105.214.52)...
Retrieving speedtest.net server list...
Selecting best server based on ping...
Hosted by Globe Telecom (Cebu City) [126.16 km]: 23.214 ms
Testing download speed................................................................................
Download: 197.82 Mbit/s
Testing upload speed......................................................................................................
Upload: 182.87 Mbit/s
2025-08-23T01:00:01+08:00
Retrieving speedtest.net configuration...
Testing from FIl Products Service Television Inc (103.105.214.52)...
Retrieving speedtest.net server list...
Selecting best server based on ping...
2025-08-23T01:05:01+08:00
Retrieving speedtest.net configuration...
2025-08-23T01:10:01+08:00
Retrieving speedtest.net configuration...
Testing from FIl Products Service Television Inc (103.105.214.52)...
Retrieving speedtest.net server list...
Selecting best server based on ping...
Hosted by Globe Telecom (Cebu City) [126.16 km]: 26.271 ms
Testing download speed................................................................................
Download: 196.26 Mbit/s
Testing upload speed......................................................................................................
Upload: 304.59 Mbit/s
2025-08-23T01:15:01+08:00
Retrieving speedtest.net configuration...
Testing from FIl Products Service Television Inc (103.105.214.59)...
Retrieving speedtest.net server list...
Selecting best server based on ping...
Hosted by Globe Telecom (Cebu City) [126.16 km]: 22.178 ms
Testing download speed................................................................................
Download: 202.83 Mbit/s
Testing upload speed......................................................................................................
Upload: 287.27 Mbit/s
2025-08-23T01:20:01+08:00
Retrieving speedtest.net configuration...
Testing from FIl Products Service Television Inc (103.105.214.59)...
Retrieving speedtest.net server list...
Selecting best server based on ping...
Hosted by Globe Telecom (Cebu City) [126.16 km]: 20.689 ms
Testing download speed................................................................................
Download: 202.28 Mbit/s
Testing upload speed......................................................................................................
Upload: 284.57 Mbit/s
2025-08-23T01:25:01+08:00
Retrieving speedtest.net configuration...
Testing from FIl Products Service Television Inc (103.105.214.59)...
Retrieving speedtest.net server list...
Selecting best server based on ping...
Hosted by Globe Telecom (Cebu City) [126.16 km]: 21.953 ms
Testing download speed................................................................................
Download: 201.52 Mbit/s
Testing upload speed......................................................................................................
Upload: 302.97 Mbit/s
2025-08-23T01:30:01+08:00
Retrieving speedtest.net configuration...
Testing from FIl Products Service Television Inc (103.105.214.52)...
Retrieving speedtest.net server list...
Selecting best server based on ping...
2025-08-23T01:35:01+08:00
Retrieving speedtest.net configuration...
Testing from FIl Products Service Television Inc (103.105.214.59)...
Retrieving speedtest.net server list...
Selecting best server based on ping...
Hosted by Globe Telecom (Cebu City) [126.16 km]: 26.002 ms
Testing download speed................................................................................
Download: 202.09 Mbit/s
Testing upload speed......................................................................................................
Upload: 286.40 Mbit/s
2025-08-23T01:40:01+08:00
Retrieving speedtest.net configuration...
Testing from FIl Products Service Television Inc (103.105.214.52)...
Retrieving speedtest.net server list...
Selecting best server based on ping...
Hosted by Globe Telecom (Cebu City) [126.16 km]: 20.772 ms
Testing download speed................................................................................
Download: 165.34 Mbit/s
Testing upload speed......................................................................................................
Upload: 302.00 Mbit/s
2025-08-23T01:45:01+08:00
Retrieving speedtest.net configuration...
Testing from FIl Products Service Television Inc (103.105.214.59)...
Retrieving speedtest.net server list...
Selecting best server based on ping...
Hosted by Globe Telecom (Cebu City) [126.16 km]: 23.61 ms
Testing download speed................................................................................
Download: 200.37 Mbit/s
Testing upload speed......................................................................................................
Upload: 277.46 Mbit/s
2025-08-23T01:50:01+08:00
Retrieving speedtest.net configuration...
Testing from FIl Products Service Television Inc (103.105.214.59)...
Retrieving speedtest.net server list...
Selecting best server based on ping...
Hosted by Globe Telecom (Cebu City) [126.16 km]: 20.399 ms
Testing download speed................................................................................
Download: 205.55 Mbit/s
Testing upload speed......................................................................................................
Upload: 293.18 Mbit/s
2025-08-23T01:55:01+08:00
Retrieving speedtest.net configuration...
Testing from FIl Products Service Television Inc (103.105.214.59)...
Retrieving speedtest.net server list...
Selecting best server based on ping...
Hosted by Globe Telecom (Cebu City) [126.16 km]: 21.71 ms
Testing download speed................................................................................
Download: 201.72 Mbit/s
Testing upload speed......................................................................................................
Upload: 290.41 Mbit/s
2025-08-23T02:00:01+08:00
Retrieving speedtest.net configuration...
Testing from FIl Products Service Television Inc (103.105.214.52)...
Retrieving speedtest.net server list...
Selecting best server based on ping...
