2025-04-19T00:00:01+08:00
Retrieving speedtest.net configuration...
Testing from FIl Products Service Television Inc (103.105.214.53)...
Retrieving speedtest.net server list...
Selecting best server based on ping...
2025-04-19T00:05:01+08:00
Retrieving speedtest.net configuration...
2025-04-19T00:10:01+08:00
Retrieving speedtest.net configuration...
Testing from FIl Products Service Television Inc (103.105.214.50)...
Retrieving speedtest.net server list...
Selecting best server based on ping...
Hosted by Imtech Solution and Data Providers (Kidapawan City) [321.95 km]: 29.592 ms
Testing download speed................................................................................
Download: 78.50 Mbit/s
Testing upload speed......................................................................................................
Upload: 41.13 Mbit/s
2025-04-19T00:15:01+08:00
Retrieving speedtest.net configuration...
Testing from FIl Products Service Television Inc (103.105.214.53)...
Retrieving speedtest.net server list...
Selecting best server based on ping...
Hosted by Imtech Solution and Data Providers (Kidapawan City) [321.95 km]: 29.144 ms
Testing download speed................................................................................
Download: 96.19 Mbit/s
Testing upload speed......................................................................................................
Upload: 40.02 Mbit/s
2025-04-19T00:20:01+08:00
Retrieving speedtest.net configuration...
Testing from FIl Products Service Television Inc (103.105.214.50)...
Retrieving speedtest.net server list...
Selecting best server based on ping...
Hosted by Imtech Solution and Data Providers (Kidapawan City) [321.95 km]: 62.587 ms
Testing download speed................................................................................
Download: 86.78 Mbit/s
Testing upload speed......................................................................................................
Upload: 43.48 Mbit/s
2025-04-19T00:25:01+08:00
Retrieving speedtest.net configuration...
Testing from FIl Products Service Television Inc (103.105.214.50)...
Retrieving speedtest.net server list...
Selecting best server based on ping...
Hosted by Smart Communications (Cagayan de Oro) [173.34 km]: 59.37 ms
Testing download speed................................................................................
Download: 86.37 Mbit/s
Testing upload speed......................................................................................................
Upload: 19.15 Mbit/s
2025-04-19T00:30:01+08:00
Retrieving speedtest.net configuration...
Testing from FIl Products Service Television Inc (103.105.214.50)...
Retrieving speedtest.net server list...
Selecting best server based on ping...
2025-04-19T00:35:02+08:00
Retrieving speedtest.net configuration...
2025-04-19T00:40:01+08:00
Retrieving speedtest.net configuration...
Testing from FIl Products Service Television Inc (103.105.214.53)...
Retrieving speedtest.net server list...
Selecting best server based on ping...
Hosted by Imtech Solution and Data Providers (Kidapawan City) [321.95 km]: 29.832 ms
Testing download speed................................................................................
Download: 111.23 Mbit/s
Testing upload speed......................................................................................................
Upload: 18.39 Mbit/s
2025-04-19T00:45:01+08:00
Retrieving speedtest.net configuration...
Testing from FIl Products Service Television Inc (103.105.214.53)...
Retrieving speedtest.net server list...
Selecting best server based on ping...
Hosted by Smart Communications (Cagayan de Oro) [173.34 km]: 43.643 ms
Testing download speed................................................................................
Download: 92.43 Mbit/s
Testing upload speed......................................................................................................
Upload: 14.12 Mbit/s
2025-04-19T00:50:01+08:00
Retrieving speedtest.net configuration...
Testing from FIl Products Service Television Inc (103.105.214.50)...
Retrieving speedtest.net server list...
Selecting best server based on ping...
Hosted by Imtech Solution and Data Providers (Kidapawan City) [321.95 km]: 29.631 ms
Testing download speed................................................................................
Download: 100.22 Mbit/s
Testing upload speed......................................................................................................
Upload: 47.77 Mbit/s
2025-04-19T00:55:01+08:00
Retrieving speedtest.net configuration...
Testing from FIl Products Service Television Inc (103.105.214.53)...
Retrieving speedtest.net server list...
Selecting best server based on ping...
Hosted by Imtech Solution and Data Providers (Kidapawan City) [321.95 km]: 30.901 ms
Testing download speed................................................................................
Download: 76.58 Mbit/s
Testing upload speed......................................................................................................
Upload: 48.60 Mbit/s
2025-04-19T01:00:01+08:00
Retrieving speedtest.net configuration...
Testing from FIl Products Service Television Inc (103.105.214.50)...
Retrieving speedtest.net server list...
Selecting best server based on ping...
2025-04-19T01:05:01+08:00
Retrieving speedtest.net configuration...
2025-04-19T01:10:01+08:00
Retrieving speedtest.net configuration...
Testing from FIl Products Service Television Inc (103.105.214.53)...
Retrieving speedtest.net server list...
Selecting best server based on ping...
Hosted by Imtech Solution and Data Providers (Kidapawan City) [321.95 km]: 30.19 ms
Testing download speed................................................................................
Download: 77.28 Mbit/s
Testing upload speed......................................................................................................
Upload: 37.84 Mbit/s
2025-04-19T01:15:01+08:00
Retrieving speedtest.net configuration...
Testing from FIl Products Service Television Inc (103.105.214.50)...
Retrieving speedtest.net server list...
Selecting best server based on ping...
Hosted by DCTV Cable Network (Cebu City) [128.48 km]: 39.974 ms
Testing download speed................................................................................
Download: 110.31 Mbit/s
Testing upload speed......................................................................................................
Upload: 35.28 Mbit/s
2025-04-19T01:20:01+08:00
Retrieving speedtest.net configuration...
Testing from FIl Products Service Television Inc (103.105.214.53)...
Retrieving speedtest.net server list...
Selecting best server based on ping...
Hosted by DCTV Cable Network (Cebu City) [128.48 km]: 36.134 ms
Testing download speed................................................................................
Download: 96.96 Mbit/s
Testing upload speed......................................................................................................
Upload: 37.12 Mbit/s
2025-04-19T01:25:01+08:00
Retrieving speedtest.net configuration...
Testing from FIl Products Service Television Inc (103.105.214.53)...
Retrieving speedtest.net server list...
Selecting best server based on ping...
Hosted by DCTV Cable Network (Cebu City) [128.48 km]: 35.849 ms
Testing download speed................................................................................
Download: 78.39 Mbit/s
Testing upload speed......................................................................................................
Upload: 31.40 Mbit/s
2025-04-19T01:30:01+08:00
Retrieving speedtest.net configuration...
Testing from FIl Products Service Television Inc (103.105.214.50)...
Retrieving speedtest.net server list...
Selecting best server based on ping...
2025-04-19T01:35:01+08:00
Retrieving speedtest.net configuration...
Testing from FIl Products Service Television Inc (103.105.214.50)...
Retrieving speedtest.net server list...
Selecting best server based on ping...
Hosted by DCTV Cable Network (Cebu City) [128.48 km]: 36.98 ms
Testing download speed................................................................................
Download: 96.06 Mbit/s
Testing upload speed......................................................................................................
Upload: 35.83 Mbit/s
2025-04-19T01:40:01+08:00
Retrieving speedtest.net configuration...
Testing from FIl Products Service Television Inc (103.105.214.53)...
Retrieving speedtest.net server list...
Selecting best server based on ping...
Hosted by DCTV Cable Network (Cebu City) [128.48 km]: 35.546 ms
Testing download speed................................................................................
Download: 99.17 Mbit/s
Testing upload speed......................................................................................................
Upload: 45.27 Mbit/s
2025-04-19T01:45:01+08:00
Retrieving speedtest.net configuration...
Testing from FIl Products Service Television Inc (103.105.214.50)...
Retrieving speedtest.net server list...
Selecting best server based on ping...
Hosted by DCTV Cable Network (Cebu City) [128.48 km]: 35.357 ms
Testing download speed................................................................................
Download: 101.66 Mbit/s
Testing upload speed......................................................................................................
Upload: 24.56 Mbit/s
2025-04-19T01:50:01+08:00
Retrieving speedtest.net configuration...
Testing from FIl Products Service Television Inc (103.105.214.50)...
Retrieving speedtest.net server list...
Selecting best server based on ping...
Hosted by DCTV Cable Network (Cebu City) [128.48 km]: 35.724 ms
Testing download speed................................................................................
Download: 107.37 Mbit/s
Testing upload speed......................................................................................................
Upload: 34.28 Mbit/s
2025-04-19T01:55:01+08:00
Retrieving speedtest.net configuration...
Testing from FIl Products Service Television Inc (103.105.214.50)...
Retrieving speedtest.net server list...
Selecting best server based on ping...
Hosted by DCTV Cable Network (Cebu City) [128.48 km]: 36.092 ms
Testing download speed................................................................................
Download: 97.49 Mbit/s
Testing upload speed......................................................................................................
Upload: 28.70 Mbit/s
2025-04-19T02:00:01+08:00
Retrieving speedtest.net configuration...
Testing from FIl Products Service Television Inc (103.105.214.50)...
Retrieving speedtest.net server list...
