2025-06-09T00:00:01+08:00
Retrieving speedtest.net configuration...
Testing from FIl Products Service Television Inc (103.105.214.58)...
Retrieving speedtest.net server list...
Selecting best server based on ping...
2025-06-09T00:05:01+08:00
Retrieving speedtest.net configuration...
2025-06-09T00:10:01+08:00
Retrieving speedtest.net configuration...
Testing from FIl Products Service Television Inc (103.105.214.58)...
Retrieving speedtest.net server list...
Selecting best server based on ping...
Hosted by Switch Fiber (Makati City) [634.17 km]: 27.397 ms
Testing download speed................................................................................
Download: 190.59 Mbit/s
Testing upload speed......................................................................................................
Upload: 28.59 Mbit/s
2025-06-09T00:15:01+08:00
Retrieving speedtest.net configuration...
Testing from FIl Products Service Television Inc (103.105.214.58)...
Retrieving speedtest.net server list...
Selecting best server based on ping...
Hosted by Switch Fiber (Makati City) [634.17 km]: 28.464 ms
Testing download speed................................................................................
Download: 189.97 Mbit/s
Testing upload speed......................................................................................................
Upload: 34.94 Mbit/s
2025-06-09T00:20:01+08:00
Retrieving speedtest.net configuration...
Testing from FIl Products Service Television Inc (103.105.214.58)...
Retrieving speedtest.net server list...
Selecting best server based on ping...
Hosted by Switch Fiber (Makati City) [634.17 km]: 27.619 ms
Testing download speed................................................................................
Download: 187.95 Mbit/s
Testing upload speed......................................................................................................
Upload: 30.93 Mbit/s
2025-06-09T00:25:01+08:00
Retrieving speedtest.net configuration...
Testing from FIl Products Service Television Inc (103.105.214.58)...
Retrieving speedtest.net server list...
Selecting best server based on ping...
Hosted by Switch Fiber (Makati City) [634.17 km]: 26.533 ms
Testing download speed................................................................................
Download: 187.92 Mbit/s
Testing upload speed......................................................................................................
Upload: 33.98 Mbit/s
2025-06-09T00:30:01+08:00
Retrieving speedtest.net configuration...
Testing from FIl Products Service Television Inc (103.105.214.58)...
Retrieving speedtest.net server list...
Selecting best server based on ping...
2025-06-09T00:35:01+08:00
Retrieving speedtest.net configuration...
Testing from FIl Products Service Television Inc (103.105.214.58)...
Retrieving speedtest.net server list...
Selecting best server based on ping...
Hosted by Switch Fiber (Makati City) [634.17 km]: 28.908 ms
Testing download speed................................................................................
Download: 190.74 Mbit/s
Testing upload speed......................................................................................................
Upload: 37.11 Mbit/s
2025-06-09T00:40:01+08:00
Retrieving speedtest.net configuration...
Testing from FIl Products Service Television Inc (103.105.214.58)...
Retrieving speedtest.net server list...
Selecting best server based on ping...
Hosted by DITO (Makati City) [634.17 km]: 25.943 ms
Testing download speed................................................................................
Download: 190.41 Mbit/s
Testing upload speed......................................................................................................
Upload: 223.44 Mbit/s
2025-06-09T00:45:01+08:00
Retrieving speedtest.net configuration...
Testing from FIl Products Service Television Inc (103.105.214.58)...
Retrieving speedtest.net server list...
Selecting best server based on ping...
Hosted by Switch Fiber (Makati City) [634.17 km]: 28.716 ms
Testing download speed................................................................................
Download: 187.02 Mbit/s
Testing upload speed......................................................................................................
Upload: 35.09 Mbit/s
2025-06-09T00:50:01+08:00
Retrieving speedtest.net configuration...
Testing from FIl Products Service Television Inc (103.105.214.58)...
Retrieving speedtest.net server list...
Selecting best server based on ping...
Hosted by Switch Fiber (Makati City) [634.17 km]: 30.687 ms
Testing download speed................................................................................
Download: 186.90 Mbit/s
Testing upload speed......................................................................................................
Upload: 31.21 Mbit/s
2025-06-09T00:55:01+08:00
Retrieving speedtest.net configuration...
Testing from FIl Products Service Television Inc (103.105.214.58)...
Retrieving speedtest.net server list...
Selecting best server based on ping...
Hosted by DITO (Makati City) [634.17 km]: 27.952 ms
Testing download speed................................................................................
Download: 189.25 Mbit/s
Testing upload speed......................................................................................................
Upload: 247.77 Mbit/s
2025-06-09T01:00:01+08:00
Retrieving speedtest.net configuration...
Testing from FIl Products Service Television Inc (103.105.214.58)...
Retrieving speedtest.net server list...
Selecting best server based on ping...
