2025-04-26T00:00:01+08:00
Retrieving speedtest.net configuration...
Testing from FIl Products Service Television Inc (103.105.214.52)...
Retrieving speedtest.net server list...
Selecting best server based on ping...
2025-04-26T00:05:01+08:00
Retrieving speedtest.net configuration...
2025-04-26T00:10:01+08:00
Retrieving speedtest.net configuration...
Testing from FIl Products Service Television Inc (103.105.214.62)...
Retrieving speedtest.net server list...
Selecting best server based on ping...
Hosted by Parasat Cable TV, Inc. (Cagayan de Oro) [173.34 km]: 11.369 ms
Testing download speed................................................................................
Download: 149.85 Mbit/s
Testing upload speed......................................................................................................
Upload: 249.71 Mbit/s
2025-04-26T00:15:01+08:00
Retrieving speedtest.net configuration...
Testing from FIl Products Service Television Inc (103.105.214.62)...
Retrieving speedtest.net server list...
Selecting best server based on ping...
Hosted by Parasat Cable TV, Inc. (Cagayan de Oro) [173.34 km]: 11.818 ms
Testing download speed................................................................................
Download: 193.63 Mbit/s
Testing upload speed......................................................................................................
Upload: 259.70 Mbit/s
2025-04-26T00:20:01+08:00
Retrieving speedtest.net configuration...
Testing from FIl Products Service Television Inc (103.105.214.52)...
Retrieving speedtest.net server list...
Selecting best server based on ping...
Hosted by Parasat Cable TV, Inc. (Cagayan de Oro) [173.34 km]: 11.408 ms
Testing download speed................................................................................
Download: 171.93 Mbit/s
Testing upload speed......................................................................................................
Upload: 282.06 Mbit/s
2025-04-26T00:25:01+08:00
Retrieving speedtest.net configuration...
Testing from FIl Products Service Television Inc (103.105.214.62)...
Retrieving speedtest.net server list...
Selecting best server based on ping...
Hosted by Parasat Cable TV, Inc. (Cagayan de Oro) [173.34 km]: 10.836 ms
Testing download speed................................................................................
Download: 190.66 Mbit/s
Testing upload speed......................................................................................................
Upload: 268.37 Mbit/s
2025-04-26T00:30:01+08:00
Retrieving speedtest.net configuration...
Testing from FIl Products Service Television Inc (103.105.214.62)...
Retrieving speedtest.net server list...
Selecting best server based on ping...
2025-04-26T00:35:01+08:00
Retrieving speedtest.net configuration...
2025-04-26T00:40:01+08:00
Retrieving speedtest.net configuration...
Testing from FIl Products Service Television Inc (103.105.214.52)...
Retrieving speedtest.net server list...
Selecting best server based on ping...
Hosted by Parasat Cable TV, Inc. (Cagayan de Oro) [173.34 km]: 11.221 ms
Testing download speed................................................................................
Download: 163.33 Mbit/s
Testing upload speed......................................................................................................
Upload: 261.13 Mbit/s
2025-04-26T00:45:01+08:00
Retrieving speedtest.net configuration...
Testing from FIl Products Service Television Inc (103.105.214.62)...
Retrieving speedtest.net server list...
Selecting best server based on ping...
Hosted by Parasat Cable TV, Inc. (Cagayan de Oro) [173.34 km]: 10.591 ms
Testing download speed................................................................................
Download: 200.52 Mbit/s
Testing upload speed......................................................................................................
Upload: 235.55 Mbit/s
2025-04-26T00:50:01+08:00
Retrieving speedtest.net configuration...
Testing from FIl Products Service Television Inc (103.105.214.52)...
Retrieving speedtest.net server list...
Selecting best server based on ping...
Hosted by Parasat Cable TV, Inc. (Cagayan de Oro) [173.34 km]: 12.548 ms
Testing download speed................................................................................
Download: 160.13 Mbit/s
Testing upload speed......................................................................................................
Upload: 266.80 Mbit/s
2025-04-26T00:55:01+08:00
Retrieving speedtest.net configuration...
Testing from FIl Products Service Television Inc (103.105.214.52)...
Retrieving speedtest.net server list...
Selecting best server based on ping...
Hosted by Parasat Cable TV, Inc. (Cagayan de Oro) [173.34 km]: 10.75 ms
Testing download speed................................................................................
Download: 151.72 Mbit/s
Testing upload speed......................................................................................................
Upload: 284.31 Mbit/s
2025-04-26T01:00:01+08:00
Retrieving speedtest.net configuration...
Testing from FIl Products Service Television Inc (103.105.214.62)...
Retrieving speedtest.net server list...
