2025-06-21T00:00:01+08:00
Retrieving speedtest.net configuration...
Testing from FIl Products Service Television Inc (103.105.214.57)...
Retrieving speedtest.net server list...
Selecting best server based on ping...
2025-06-21T00:05:01+08:00
Retrieving speedtest.net configuration...
2025-06-21T00:10:01+08:00
Retrieving speedtest.net configuration...
Testing from FIl Products Service Television Inc (103.105.214.57)...
Retrieving speedtest.net server list...
Selecting best server based on ping...
Hosted by Philippine Global Communications, Inc. (Makati) [633.45 km]: 36.701 ms
Testing download speed................................................................................
Download: 165.62 Mbit/s
Testing upload speed......................................................................................................
Upload: 8.29 Mbit/s
2025-06-21T00:15:01+08:00
Retrieving speedtest.net configuration...
Testing from FIl Products Service Television Inc (103.105.214.57)...
Retrieving speedtest.net server list...
Selecting best server based on ping...
Hosted by Philippine Global Communications, Inc. (Makati) [633.45 km]: 23.894 ms
Testing download speed................................................................................
Download: 169.22 Mbit/s
Testing upload speed......................................................................................................
Upload: 6.20 Mbit/s
2025-06-21T00:20:01+08:00
Retrieving speedtest.net configuration...
Testing from FIl Products Service Television Inc (103.105.214.62)...
Retrieving speedtest.net server list...
Selecting best server based on ping...
Hosted by Philippine Global Communications, Inc. (Makati) [633.45 km]: 24.731 ms
Testing download speed................................................................................
Download: 164.34 Mbit/s
Testing upload speed......................................................................................................
Upload: 12.63 Mbit/s
2025-06-21T00:25:01+08:00
Retrieving speedtest.net configuration...
Testing from FIl Products Service Television Inc (103.105.214.57)...
Retrieving speedtest.net server list...
Selecting best server based on ping...
Hosted by Philippine Global Communications, Inc. (Makati) [633.45 km]: 22.699 ms
Testing download speed................................................................................
Download: 172.06 Mbit/s
Testing upload speed......................................................................................................
Upload: 8.51 Mbit/s
2025-06-21T00:30:01+08:00
Retrieving speedtest.net configuration...
Testing from FIl Products Service Television Inc (103.105.214.57)...
Retrieving speedtest.net server list...
Selecting best server based on ping...
2025-06-21T00:35:01+08:00
Retrieving speedtest.net configuration...
Testing from FIl Products Service Television Inc (103.105.214.62)...
Retrieving speedtest.net server list...
Selecting best server based on ping...
Hosted by Philippine Global Communications, Inc. (Makati) [633.45 km]: 25.49 ms
Testing download speed................................................................................
Download: 177.89 Mbit/s
Testing upload speed......................................................................................................
Upload: 5.29 Mbit/s
2025-06-21T00:40:01+08:00
Retrieving speedtest.net configuration...
Testing from FIl Products Service Television Inc (103.105.214.62)...
Retrieving speedtest.net server list...
Selecting best server based on ping...
Hosted by Philippine Global Communications, Inc. (Makati) [633.45 km]: 26.499 ms
Testing download speed................................................................................
Download: 162.40 Mbit/s
Testing upload speed......................................................................................................
Upload: 9.64 Mbit/s
2025-06-21T00:45:01+08:00
Retrieving speedtest.net configuration...
Testing from FIl Products Service Television Inc (103.105.214.62)...
Retrieving speedtest.net server list...
Selecting best server based on ping...
Hosted by Philippine Global Communications, Inc. (Makati) [633.45 km]: 31.058 ms
Testing download speed................................................................................
Download: 184.56 Mbit/s
Testing upload speed......................................................................................................
Upload: 6.33 Mbit/s
2025-06-21T00:50:01+08:00
Retrieving speedtest.net configuration...
Testing from FIl Products Service Television Inc (103.105.214.62)...
Retrieving speedtest.net server list...
Selecting best server based on ping...
Hosted by Infinivan, Inc. (Makati City) [634.17 km]: 43.254 ms
Testing download speed................................................................................
Download: 163.34 Mbit/s
Testing upload speed......................................................................................................
Upload: 346.78 Mbit/s
2025-06-21T00:55:01+08:00
Retrieving speedtest.net configuration...
Testing from FIl Products Service Television Inc (103.105.214.62)...
Retrieving speedtest.net server list...
Selecting best server based on ping...
Hosted by Philippine Global Communications, Inc. (Makati) [633.45 km]: 24.889 ms
Testing download speed................................................................................
Download: 174.34 Mbit/s
Testing upload speed......................................................................................................
Upload: 4.37 Mbit/s
2025-06-21T01:00:01+08:00
Retrieving speedtest.net configuration...
Testing from FIl Products Service Television Inc (103.105.214.57)...
Retrieving speedtest.net server list...
Selecting best server based on ping...
