2025-04-17T00:00:01+08:00
Retrieving speedtest.net configuration...
Testing from FIl Products Service Television Inc (103.105.214.50)...
Retrieving speedtest.net server list...
Selecting best server based on ping...
2025-04-17T00:05:01+08:00
Retrieving speedtest.net configuration...
2025-04-17T00:10:01+08:00
Retrieving speedtest.net configuration...
Testing from FIl Products Service Television Inc (103.105.214.53)...
Retrieving speedtest.net server list...
Selecting best server based on ping...
Hosted by Zafra Cable Television Network Inc. (Panglao) [57.64 km]: 39.583 ms
Testing download speed................................................................................
Download: 78.97 Mbit/s
Testing upload speed......................................................................................................
Upload: 34.96 Mbit/s
2025-04-17T00:15:01+08:00
Retrieving speedtest.net configuration...
Testing from FIl Products Service Television Inc (103.105.214.50)...
Retrieving speedtest.net server list...
Selecting best server based on ping...
Hosted by Zafra Cable Television Network Inc. (Panglao) [57.64 km]: 29.251 ms
Testing download speed................................................................................
Download: 75.39 Mbit/s
Testing upload speed......................................................................................................
Upload: 39.52 Mbit/s
2025-04-17T00:20:01+08:00
Retrieving speedtest.net configuration...
Testing from FIl Products Service Television Inc (103.105.214.50)...
Retrieving speedtest.net server list...
Selecting best server based on ping...
Hosted by Zafra Cable Television Network Inc. (Panglao) [57.64 km]: 29.56 ms
Testing download speed................................................................................
Download: 88.38 Mbit/s
Testing upload speed......................................................................................................
Upload: 46.52 Mbit/s
2025-04-17T00:25:01+08:00
Retrieving speedtest.net configuration...
Testing from FIl Products Service Television Inc (103.105.214.53)...
Retrieving speedtest.net server list...
Selecting best server based on ping...
Hosted by Zafra Cable Television Network Inc. (Panglao) [57.64 km]: 30.948 ms
Testing download speed................................................................................
Download: 108.95 Mbit/s
Testing upload speed......................................................................................................
Upload: 38.67 Mbit/s
2025-04-17T00:30:01+08:00
Retrieving speedtest.net configuration...
Testing from FIl Products Service Television Inc (103.105.214.53)...
Retrieving speedtest.net server list...
Selecting best server based on ping...
2025-04-17T00:35:02+08:00
Retrieving speedtest.net configuration...
2025-04-17T00:40:01+08:00
Retrieving speedtest.net configuration...
Testing from FIl Products Service Television Inc (103.105.214.53)...
Retrieving speedtest.net server list...
Selecting best server based on ping...
Hosted by Zafra Cable Television Network Inc. (Panglao) [57.64 km]: 29.592 ms
Testing download speed................................................................................
Download: 96.53 Mbit/s
Testing upload speed......................................................................................................
Upload: 49.59 Mbit/s
2025-04-17T00:45:01+08:00
Retrieving speedtest.net configuration...
Testing from FIl Products Service Television Inc (103.105.214.50)...
Retrieving speedtest.net server list...
Selecting best server based on ping...
Hosted by Zafra Cable Television Network Inc. (Panglao) [57.64 km]: 33.547 ms
Testing download speed................................................................................
Download: 80.87 Mbit/s
Testing upload speed......................................................................................................
Upload: 48.63 Mbit/s
2025-04-17T00:50:01+08:00
Retrieving speedtest.net configuration...
Testing from FIl Products Service Television Inc (103.105.214.53)...
Retrieving speedtest.net server list...
Selecting best server based on ping...
Hosted by Zafra Cable Television Network Inc. (Panglao) [57.64 km]: 29.216 ms
Testing download speed................................................................................
Download: 80.18 Mbit/s
Testing upload speed......................................................................................................
Upload: 49.94 Mbit/s
2025-04-17T00:55:01+08:00
Retrieving speedtest.net configuration...
Testing from FIl Products Service Television Inc (103.105.214.53)...
Retrieving speedtest.net server list...
Selecting best server based on ping...
Hosted by Zafra Cable Television Network Inc. (Panglao) [57.64 km]: 29.595 ms
Testing download speed................................................................................
Download: 84.32 Mbit/s
Testing upload speed......................................................................................................
Upload: 45.42 Mbit/s
2025-04-17T01:00:01+08:00
Retrieving speedtest.net configuration...
Testing from FIl Products Service Television Inc (103.105.214.53)...
Retrieving speedtest.net server list...
