2025-05-31T00:00:01+08:00
Retrieving speedtest.net configuration...
Testing from FIl Products Service Television Inc (103.105.214.57)...
Retrieving speedtest.net server list...
Selecting best server based on ping...
2025-05-31T00:05:01+08:00
Retrieving speedtest.net configuration...
2025-05-31T00:10:01+08:00
Retrieving speedtest.net configuration...
Testing from FIl Products Service Television Inc (103.105.214.52)...
Retrieving speedtest.net server list...
Selecting best server based on ping...
Hosted by Fil Products Negros (Dumaguete City) [0.00 km]: 8.268 ms
Testing download speed................................................................................
Download: 148.27 Mbit/s
Testing upload speed......................................................................................................
Upload: 362.49 Mbit/s
2025-05-31T00:15:01+08:00
Retrieving speedtest.net configuration...
Testing from FIl Products Service Television Inc (103.105.214.52)...
Retrieving speedtest.net server list...
Selecting best server based on ping...
Hosted by Fil Products Negros (Dumaguete City) [0.00 km]: 3.487 ms
Testing download speed................................................................................
Download: 169.65 Mbit/s
Testing upload speed......................................................................................................
Upload: 305.12 Mbit/s
2025-05-31T00:20:01+08:00
Retrieving speedtest.net configuration...
Testing from FIl Products Service Television Inc (103.105.214.57)...
Retrieving speedtest.net server list...
Selecting best server based on ping...
Hosted by Fil Products Negros (Dumaguete City) [0.00 km]: 5.331 ms
Testing download speed................................................................................
Download: 172.40 Mbit/s
Testing upload speed......................................................................................................
Upload: 319.21 Mbit/s
2025-05-31T00:25:01+08:00
Retrieving speedtest.net configuration...
Testing from FIl Products Service Television Inc (103.105.214.57)...
Retrieving speedtest.net server list...
Selecting best server based on ping...
Hosted by Fil Products Negros (Dumaguete City) [0.00 km]: 3.35 ms
Testing download speed................................................................................
Download: 191.69 Mbit/s
Testing upload speed......................................................................................................
Upload: 329.27 Mbit/s
2025-05-31T00:30:01+08:00
Retrieving speedtest.net configuration...
Testing from FIl Products Service Television Inc (103.105.214.57)...
Retrieving speedtest.net server list...
Selecting best server based on ping...
2025-05-31T00:35:01+08:00
Retrieving speedtest.net configuration...
Testing from FIl Products Service Television Inc (103.105.214.57)...
Retrieving speedtest.net server list...
Selecting best server based on ping...
Hosted by Fil Products Negros (Dumaguete City) [0.00 km]: 4.059 ms
Testing download speed................................................................................
Download: 191.01 Mbit/s
Testing upload speed......................................................................................................
Upload: 328.85 Mbit/s
2025-05-31T00:40:01+08:00
Retrieving speedtest.net configuration...
Testing from FIl Products Service Television Inc (103.105.214.52)...
Retrieving speedtest.net server list...
Selecting best server based on ping...
Hosted by Fil Products Negros (Dumaguete City) [0.00 km]: 2.723 ms
Testing download speed................................................................................
Download: 173.23 Mbit/s
Testing upload speed......................................................................................................
Upload: 334.82 Mbit/s
2025-05-31T00:45:01+08:00
Retrieving speedtest.net configuration...
Testing from FIl Products Service Television Inc (103.105.214.57)...
Retrieving speedtest.net server list...
Selecting best server based on ping...
Hosted by Fil Products Negros (Dumaguete City) [0.00 km]: 5.777 ms
Testing download speed................................................................................
Download: 169.22 Mbit/s
Testing upload speed......................................................................................................
Upload: 323.06 Mbit/s
2025-05-31T00:50:01+08:00
Retrieving speedtest.net configuration...
Testing from FIl Products Service Television Inc (103.105.214.52)...
Retrieving speedtest.net server list...
Selecting best server based on ping...
Hosted by Fil Products Negros (Dumaguete City) [0.00 km]: 2.707 ms
Testing download speed................................................................................
Download: 188.28 Mbit/s
Testing upload speed......................................................................................................
Upload: 304.73 Mbit/s
2025-05-31T00:55:01+08:00
Retrieving speedtest.net configuration...
Testing from FIl Products Service Television Inc (103.105.214.57)...
Retrieving speedtest.net server list...
Selecting best server based on ping...
Hosted by Fil Products Negros (Dumaguete City) [0.00 km]: 5.524 ms
Testing download speed................................................................................
Download: 192.33 Mbit/s
Testing upload speed......................................................................................................
Upload: 337.18 Mbit/s
2025-05-31T01:00:01+08:00
Retrieving speedtest.net configuration...
Testing from FIl Products Service Television Inc (103.105.214.52)...
Retrieving speedtest.net server list...
Selecting best server based on ping...
