2025-09-09T00:00:01+08:00
Retrieving speedtest.net configuration...
Testing from FIl Products Service Television Inc (103.105.214.50)...
Retrieving speedtest.net server list...
Selecting best server based on ping...
2025-09-09T00:05:01+08:00
Retrieving speedtest.net configuration...
Testing from FIl Products Service Television Inc (103.105.214.50)...
Retrieving speedtest.net server list...
Selecting best server based on ping...
Hosted by Globe Telecom (Cebu City) [126.16 km]: 40.719 ms
Testing download speed................................................................................
Download: 91.01 Mbit/s
Testing upload speed......................................................................................................
Upload: 88.03 Mbit/s
2025-09-09T00:10:01+08:00
Retrieving speedtest.net configuration...
Testing from FIl Products Service Television Inc (103.105.214.50)...
Retrieving speedtest.net server list...
Selecting best server based on ping...
Hosted by Globe Telecom (Cebu City) [126.16 km]: 24.129 ms
Testing download speed................................................................................
Download: 92.51 Mbit/s
Testing upload speed......................................................................................................
Upload: 83.72 Mbit/s
2025-09-09T00:15:01+08:00
Retrieving speedtest.net configuration...
Testing from FIl Products Service Television Inc (103.105.214.54)...
Retrieving speedtest.net server list...
Selecting best server based on ping...
Hosted by Globe Telecom (Cebu City) [126.16 km]: 37.17 ms
Testing download speed................................................................................
Download: 91.64 Mbit/s
Testing upload speed......................................................................................................
Upload: 81.62 Mbit/s
2025-09-09T00:20:01+08:00
Retrieving speedtest.net configuration...
Testing from FIl Products Service Television Inc (103.105.214.50)...
Retrieving speedtest.net server list...
Selecting best server based on ping...
Hosted by Globe Telecom (Cebu City) [126.16 km]: 24.229 ms
Testing download speed................................................................................
Download: 92.77 Mbit/s
Testing upload speed......................................................................................................
Upload: 85.38 Mbit/s
2025-09-09T00:25:01+08:00
Retrieving speedtest.net configuration...
Testing from FIl Products Service Television Inc (103.105.214.50)...
Retrieving speedtest.net server list...
Selecting best server based on ping...
Hosted by Globe Telecom (Cebu City) [126.16 km]: 32.047 ms
Testing download speed................................................................................
Download: 92.06 Mbit/s
Testing upload speed......................................................................................................
Upload: 75.99 Mbit/s
2025-09-09T00:30:01+08:00
Retrieving speedtest.net configuration...
Testing from FIl Products Service Television Inc (103.105.214.54)...
Retrieving speedtest.net server list...
Selecting best server based on ping...
2025-09-09T00:35:01+08:00
Retrieving speedtest.net configuration...
Testing from FIl Products Service Television Inc (103.105.214.50)...
Retrieving speedtest.net server list...
Selecting best server based on ping...
Hosted by Globe Telecom (Cebu City) [126.16 km]: 37.15 ms
Testing download speed................................................................................
Download: 92.44 Mbit/s
Testing upload speed......................................................................................................
Upload: 86.89 Mbit/s
2025-09-09T00:40:01+08:00
Retrieving speedtest.net configuration...
Testing from FIl Products Service Television Inc (103.105.214.54)...
Retrieving speedtest.net server list...
Selecting best server based on ping...
Hosted by Globe Telecom (Cebu City) [126.16 km]: 24.343 ms
Testing download speed................................................................................
Download: 92.24 Mbit/s
Testing upload speed......................................................................................................
Upload: 88.47 Mbit/s
2025-09-09T00:45:01+08:00
Retrieving speedtest.net configuration...
Testing from FIl Products Service Television Inc (103.105.214.50)...
Retrieving speedtest.net server list...
Selecting best server based on ping...
Hosted by Globe Telecom (Cebu City) [126.16 km]: 31.543 ms
Testing download speed................................................................................
Download: 91.42 Mbit/s
Testing upload speed......................................................................................................
Upload: 84.95 Mbit/s
2025-09-09T00:50:01+08:00
Retrieving speedtest.net configuration...
Testing from FIl Products Service Television Inc (103.105.214.50)...
Retrieving speedtest.net server list...
Selecting best server based on ping...
Hosted by Globe Telecom (Cebu City) [126.16 km]: 24.163 ms
Testing download speed................................................................................
Download: 92.30 Mbit/s
Testing upload speed......................................................................................................
Upload: 83.80 Mbit/s
2025-09-09T00:55:01+08:00
Retrieving speedtest.net configuration...
Testing from FIl Products Service Television Inc (103.105.214.54)...
Retrieving speedtest.net server list...
Selecting best server based on ping...
Hosted by Globe Telecom (Cebu City) [126.16 km]: 37.398 ms
Testing download speed................................................................................
Download: 92.65 Mbit/s
Testing upload speed......................................................................................................
Upload: 86.75 Mbit/s
2025-09-09T01:00:01+08:00
Retrieving speedtest.net configuration...
Testing from FIl Products Service Television Inc (103.105.214.50)...
Retrieving speedtest.net server list...
Selecting best server based on ping...
2025-09-09T01:05:01+08:00
Retrieving speedtest.net configuration...
Testing from FIl Products Service Television Inc (103.105.214.54)...
Retrieving speedtest.net server list...
Selecting best server based on ping...
Hosted by KMC Solutions (Makati City) [633.45 km]: 39.057 ms
Testing download speed................................................................................
Download: 83.93 Mbit/s
Testing upload speed......................................................................................................
Upload: 88.07 Mbit/s
2025-09-09T01:10:01+08:00
Retrieving speedtest.net configuration...
Testing from FIl Products Service Television Inc (103.105.214.50)...
Retrieving speedtest.net server list...
Selecting best server based on ping...
Hosted by KMC Solutions (Makati City) [633.45 km]: 35.21 ms
Testing download speed................................................................................
Download: 85.55 Mbit/s
Testing upload speed......................................................................................................
Upload: 78.67 Mbit/s
2025-09-09T01:15:01+08:00
Retrieving speedtest.net configuration...
Testing from FIl Products Service Television Inc (103.105.214.54)...
Retrieving speedtest.net server list...
Selecting best server based on ping...
Hosted by KMC Solutions (Makati City) [633.45 km]: 39.292 ms
Testing download speed................................................................................
Download: 84.59 Mbit/s
Testing upload speed......................................................................................................
Upload: 80.76 Mbit/s
2025-09-09T01:20:01+08:00
Retrieving speedtest.net configuration...
Testing from FIl Products Service Television Inc (103.105.214.50)...
Retrieving speedtest.net server list...
Selecting best server based on ping...
Hosted by KMC Solutions (Makati City) [633.45 km]: 35.064 ms
Testing download speed................................................................................
Download: 82.49 Mbit/s
Testing upload speed......................................................................................................
Upload: 82.51 Mbit/s
2025-09-09T01:25:01+08:00
Retrieving speedtest.net configuration...
Testing from FIl Products Service Television Inc (103.105.214.50)...
Retrieving speedtest.net server list...
Selecting best server based on ping...
Hosted by KMC Solutions (Makati City) [633.45 km]: 38.322 ms
Testing download speed................................................................................
Download: 86.10 Mbit/s
Testing upload speed......................................................................................................
Upload: 84.09 Mbit/s
2025-09-09T01:30:01+08:00
Retrieving speedtest.net configuration...
Testing from FIl Products Service Television Inc (103.105.214.54)...
Retrieving speedtest.net server list...
Selecting best server based on ping...
2025-09-09T01:35:01+08:00
Retrieving speedtest.net configuration...
Testing from FIl Products Service Television Inc (103.105.214.50)...
Retrieving speedtest.net server list...
Selecting best server based on ping...
Hosted by KMC Solutions (Makati City) [633.45 km]: 40.565 ms
Testing download speed................................................................................
Download: 72.30 Mbit/s
Testing upload speed......................................................................................................
Upload: 86.75 Mbit/s
2025-09-09T01:40:01+08:00
Retrieving speedtest.net configuration...
Testing from FIl Products Service Television Inc (103.105.214.50)...
Retrieving speedtest.net server list...
Selecting best server based on ping...
Hosted by KMC Solutions (Makati City) [633.45 km]: 36.844 ms
Testing download speed................................................................................
Download: 84.63 Mbit/s
Testing upload speed......................................................................................................
Upload: 74.16 Mbit/s
2025-09-09T01:45:01+08:00
Retrieving speedtest.net configuration...
Testing from FIl Products Service Television Inc (103.105.214.50)...
Retrieving speedtest.net server list...
Selecting best server based on ping...
Hosted by KMC Solutions (Makati City) [633.45 km]: 41.417 ms
Testing download speed................................................................................
Download: 73.34 Mbit/s
Testing upload speed......................................................................................................
Upload: 82.98 Mbit/s
2025-09-09T01:50:01+08:00
Retrieving speedtest.net configuration...
Testing from FIl Products Service Television Inc (103.105.214.50)...
Retrieving speedtest.net server list...
Selecting best server based on ping...
Hosted by KMC Solutions (Makati City) [633.45 km]: 33.795 ms
Testing download speed................................................................................
Download: 86.99 Mbit/s
Testing upload speed......................................................................................................
Upload: 83.57 Mbit/s
2025-09-09T01:55:01+08:00
Retrieving speedtest.net configuration...
Testing from FIl Products Service Television Inc (103.105.214.50)...
Retrieving speedtest.net server list...
Selecting best server based on ping...
Hosted by KMC Solutions (Makati City) [633.45 km]: 34.356 ms
Testing download speed................................................................................
Download: 84.65 Mbit/s
Testing upload speed......................................................................................................
Upload: 84.97 Mbit/s
2025-09-09T02:00:01+08:00
Retrieving speedtest.net configuration...
Testing from FIl Products Service Television Inc (103.105.214.50)...
Retrieving speedtest.net server list...
Selecting best server based on ping...
