2025-07-12T00:00:01+08:00
Retrieving speedtest.net configuration...
Testing from FIl Products Service Television Inc (103.105.214.62)...
Retrieving speedtest.net server list...
Selecting best server based on ping...
2025-07-12T00:05:01+08:00
Retrieving speedtest.net configuration...
2025-07-12T00:10:01+08:00
Retrieving speedtest.net configuration...
Testing from FIl Products Service Television Inc (103.105.214.62)...
Retrieving speedtest.net server list...
Selecting best server based on ping...
Hosted by Globe Telecom (Manila) [637.79 km]: 32.457 ms
Testing download speed................................................................................
Download: 190.98 Mbit/s
Testing upload speed......................................................................................................
Upload: 187.62 Mbit/s
2025-07-12T00:15:01+08:00
Retrieving speedtest.net configuration...
Testing from FIl Products Service Television Inc (103.105.214.62)...
Retrieving speedtest.net server list...
Selecting best server based on ping...
Hosted by Globe Telecom (Manila) [637.79 km]: 24.047 ms
Testing download speed................................................................................
Download: 131.17 Mbit/s
Testing upload speed......................................................................................................
Upload: 196.05 Mbit/s
2025-07-12T00:20:01+08:00
Retrieving speedtest.net configuration...
Testing from FIl Products Service Television Inc (103.105.214.62)...
Retrieving speedtest.net server list...
Selecting best server based on ping...
Hosted by ATSS Fiber (Antipolo City) [637.26 km]: 29.4 ms
Testing download speed................................................................................
Download: 174.26 Mbit/s
Testing upload speed......................................................................................................
Upload: 276.87 Mbit/s
2025-07-12T00:25:01+08:00
Retrieving speedtest.net configuration...
Testing from FIl Products Service Television Inc (103.105.214.62)...
Retrieving speedtest.net server list...
Selecting best server based on ping...
Hosted by ATSS Fiber (Antipolo City) [637.26 km]: 31.526 ms
Testing download speed................................................................................
Download: 126.16 Mbit/s
Testing upload speed......................................................................................................
Upload: 244.26 Mbit/s
2025-07-12T00:30:01+08:00
Retrieving speedtest.net configuration...
Testing from FIl Products Service Television Inc (103.105.214.62)...
Retrieving speedtest.net server list...
Selecting best server based on ping...
2025-07-12T00:35:01+08:00
Retrieving speedtest.net configuration...
Testing from FIl Products Service Television Inc (103.105.214.62)...
Retrieving speedtest.net server list...
Selecting best server based on ping...
Hosted by Globe Telecom (Manila) [637.79 km]: 32.056 ms
Testing download speed................................................................................
Download: 171.44 Mbit/s
Testing upload speed......................................................................................................
Upload: 222.87 Mbit/s
2025-07-12T00:40:01+08:00
Retrieving speedtest.net configuration...
Testing from FIl Products Service Television Inc (103.105.214.62)...
Retrieving speedtest.net server list...
Selecting best server based on ping...
Hosted by Globe Telecom (Manila) [637.79 km]: 29.811 ms
Testing download speed................................................................................
Download: 149.19 Mbit/s
Testing upload speed......................................................................................................
Upload: 261.54 Mbit/s
2025-07-12T00:45:01+08:00
Retrieving speedtest.net configuration...
Testing from FIl Products Service Television Inc (103.105.214.62)...
Retrieving speedtest.net server list...
Selecting best server based on ping...
Hosted by ATSS Fiber (Antipolo City) [637.26 km]: 26.653 ms
Testing download speed................................................................................
Download: 177.47 Mbit/s
Testing upload speed......................................................................................................
Upload: 170.27 Mbit/s
2025-07-12T00:50:01+08:00
Retrieving speedtest.net configuration...
Testing from FIl Products Service Television Inc (103.105.214.62)...
Retrieving speedtest.net server list...
Selecting best server based on ping...
Hosted by ATSS Fiber (Antipolo City) [637.26 km]: 26.675 ms
Testing download speed................................................................................
Download: 156.07 Mbit/s
Testing upload speed......................................................................................................
Upload: 301.57 Mbit/s
2025-07-12T00:55:01+08:00
Retrieving speedtest.net configuration...
Testing from FIl Products Service Television Inc (103.105.214.62)...
Retrieving speedtest.net server list...
Selecting best server based on ping...
Hosted by ATSS Fiber (Antipolo City) [637.26 km]: 28.996 ms
Testing download speed................................................................................
Download: 170.22 Mbit/s
Testing upload speed......................................................................................................
Upload: 246.57 Mbit/s
2025-07-12T01:00:01+08:00
Retrieving speedtest.net configuration...
Testing from FIl Products Service Television Inc (103.105.214.62)...
Retrieving speedtest.net server list...
Selecting best server based on ping...
