2025-07-31T00:00:01+08:00
Retrieving speedtest.net configuration...
Testing from FIl Products Service Television Inc (103.105.214.61)...
Retrieving speedtest.net server list...
Selecting best server based on ping...
2025-07-31T00:05:01+08:00
Retrieving speedtest.net configuration...
2025-07-31T00:10:01+08:00
Retrieving speedtest.net configuration...
Testing from FIl Products Service Television Inc (103.105.214.61)...
Retrieving speedtest.net server list...
Selecting best server based on ping...
Hosted by PLDT (Makati) [634.17 km]: 17.557 ms
Testing download speed................................................................................
Download: 181.32 Mbit/s
Testing upload speed......................................................................................................
Upload: 252.31 Mbit/s
2025-07-31T00:15:01+08:00
Retrieving speedtest.net configuration...
Testing from FIl Products Service Television Inc (103.105.214.61)...
Retrieving speedtest.net server list...
Selecting best server based on ping...
Hosted by PLDT (Makati) [634.17 km]: 17.201 ms
Testing download speed................................................................................
Download: 153.37 Mbit/s
Testing upload speed......................................................................................................
Upload: 310.51 Mbit/s
2025-07-31T00:20:01+08:00
Retrieving speedtest.net configuration...
Testing from FIl Products Service Television Inc (103.105.214.56)...
Retrieving speedtest.net server list...
Selecting best server based on ping...
Hosted by PLDT (Makati) [634.17 km]: 17.107 ms
Testing download speed................................................................................
Download: 161.78 Mbit/s
Testing upload speed......................................................................................................
Upload: 355.30 Mbit/s
2025-07-31T00:25:01+08:00
Retrieving speedtest.net configuration...
Testing from FIl Products Service Television Inc (103.105.214.61)...
Retrieving speedtest.net server list...
Selecting best server based on ping...
Hosted by PLDT (Makati) [634.17 km]: 19.978 ms
Testing download speed................................................................................
Download: 178.10 Mbit/s
Testing upload speed......................................................................................................
Upload: 188.68 Mbit/s
2025-07-31T00:30:01+08:00
Retrieving speedtest.net configuration...
Testing from FIl Products Service Television Inc (103.105.214.61)...
Retrieving speedtest.net server list...
Selecting best server based on ping...
2025-07-31T00:35:01+08:00
Retrieving speedtest.net configuration...
Testing from FIl Products Service Television Inc (103.105.214.56)...
Retrieving speedtest.net server list...
Selecting best server based on ping...
Hosted by PLDT (Makati) [634.17 km]: 19.365 ms
Testing download speed................................................................................
Download: 183.97 Mbit/s
Testing upload speed......................................................................................................
Upload: 225.16 Mbit/s
2025-07-31T00:40:01+08:00
Retrieving speedtest.net configuration...
Testing from FIl Products Service Television Inc (103.105.214.61)...
Retrieving speedtest.net server list...
Selecting best server based on ping...
Hosted by PLDT (Makati) [634.17 km]: 18.178 ms
Testing download speed................................................................................
Download: 186.42 Mbit/s
Testing upload speed......................................................................................................
Upload: 150.67 Mbit/s
2025-07-31T00:45:01+08:00
Retrieving speedtest.net configuration...
Testing from FIl Products Service Television Inc (103.105.214.56)...
Retrieving speedtest.net server list...
Selecting best server based on ping...
Hosted by PLDT (Makati) [634.17 km]: 19.582 ms
Testing download speed................................................................................
Download: 186.68 Mbit/s
Testing upload speed......................................................................................................
Upload: 305.87 Mbit/s
2025-07-31T00:50:01+08:00
Retrieving speedtest.net configuration...
Testing from FIl Products Service Television Inc (103.105.214.61)...
Retrieving speedtest.net server list...
Selecting best server based on ping...
Hosted by PLDT (Makati) [634.17 km]: 17.909 ms
Testing download speed................................................................................
Download: 183.22 Mbit/s
Testing upload speed......................................................................................................
Upload: 295.88 Mbit/s
2025-07-31T00:55:01+08:00
Retrieving speedtest.net configuration...
Testing from FIl Products Service Television Inc (103.105.214.61)...
Retrieving speedtest.net server list...
Selecting best server based on ping...
Hosted by PLDT (Makati) [634.17 km]: 19.671 ms
Testing download speed................................................................................
Download: 186.47 Mbit/s
Testing upload speed......................................................................................................
Upload: 342.84 Mbit/s
2025-07-31T01:00:01+08:00
Retrieving speedtest.net configuration...
Testing from FIl Products Service Television Inc (103.105.214.56)...
Retrieving speedtest.net server list...
Selecting best server based on ping...
2025-07-31T01:05:01+08:00
Retrieving speedtest.net configuration...
2025-07-31T01:10:01+08:00
Retrieving speedtest.net configuration...
Testing from FIl Products Service Television Inc (103.105.214.61)...
Retrieving speedtest.net server list...
Selecting best server based on ping...
Hosted by PLDT (Makati) [634.17 km]: 18.095 ms
Testing download speed................................................................................
Download: 165.65 Mbit/s
Testing upload speed......................................................................................................
Upload: 309.54 Mbit/s
2025-07-31T01:15:01+08:00
Retrieving speedtest.net configuration...
Testing from FIl Products Service Television Inc (103.105.214.56)...
Retrieving speedtest.net server list...
Selecting best server based on ping...
Hosted by PLDT (Makati) [634.17 km]: 17.494 ms
Testing download speed................................................................................
Download: 162.57 Mbit/s
Testing upload speed......................................................................................................
Upload: 338.76 Mbit/s
2025-07-31T01:20:01+08:00
Retrieving speedtest.net configuration...
Testing from FIl Products Service Television Inc (103.105.214.56)...
Retrieving speedtest.net server list...
Selecting best server based on ping...
Hosted by PLDT (Makati) [634.17 km]: 16.919 ms
Testing download speed................................................................................
Download: 185.18 Mbit/s
Testing upload speed......................................................................................................
Upload: 313.33 Mbit/s
2025-07-31T01:25:01+08:00
Retrieving speedtest.net configuration...
Testing from FIl Products Service Television Inc (103.105.214.61)...
Retrieving speedtest.net server list...
Selecting best server based on ping...
Hosted by PLDT (Makati) [634.17 km]: 17.535 ms
Testing download speed................................................................................
Download: 172.82 Mbit/s
Testing upload speed......................................................................................................
Upload: 337.93 Mbit/s
2025-07-31T01:30:01+08:00
Retrieving speedtest.net configuration...
Testing from FIl Products Service Television Inc (103.105.214.56)...
Retrieving speedtest.net server list...
Selecting best server based on ping...
2025-07-31T01:35:01+08:00
Retrieving speedtest.net configuration...
Testing from FIl Products Service Television Inc (103.105.214.61)...
Retrieving speedtest.net server list...
Selecting best server based on ping...
Hosted by PLDT (Makati) [634.17 km]: 17.451 ms
Testing download speed................................................................................
Download: 182.23 Mbit/s
Testing upload speed......................................................................................................
Upload: 296.78 Mbit/s
2025-07-31T01:40:01+08:00
Retrieving speedtest.net configuration...
Testing from FIl Products Service Television Inc (103.105.214.61)...
Retrieving speedtest.net server list...
Selecting best server based on ping...
Hosted by PLDT (Makati) [634.17 km]: 19.127 ms
Testing download speed................................................................................
Download: 157.21 Mbit/s
Testing upload speed......................................................................................................
Upload: 285.94 Mbit/s
2025-07-31T01:45:01+08:00
Retrieving speedtest.net configuration...
Testing from FIl Products Service Television Inc (103.105.214.61)...
Retrieving speedtest.net server list...
Selecting best server based on ping...
Hosted by PLDT (Makati) [634.17 km]: 19.753 ms
Testing download speed................................................................................
Download: 188.42 Mbit/s
Testing upload speed......................................................................................................
Upload: 337.39 Mbit/s
2025-07-31T01:50:01+08:00
Retrieving speedtest.net configuration...
Testing from FIl Products Service Television Inc (103.105.214.61)...
Retrieving speedtest.net server list...
Selecting best server based on ping...
Hosted by PLDT (Makati) [634.17 km]: 19.953 ms
Testing download speed................................................................................
Download: 148.87 Mbit/s
Testing upload speed......................................................................................................
Upload: 304.96 Mbit/s
2025-07-31T01:55:01+08:00
Retrieving speedtest.net configuration...
Testing from FIl Products Service Television Inc (103.105.214.61)...
Retrieving speedtest.net server list...
Selecting best server based on ping...
Hosted by PLDT (Makati) [634.17 km]: 17.441 ms
Testing download speed................................................................................
Download: 185.00 Mbit/s
Testing upload speed......................................................................................................
Upload: 303.21 Mbit/s
2025-07-31T02:00:01+08:00
Retrieving speedtest.net configuration...
Testing from FIl Products Service Television Inc (103.105.214.56)...
Retrieving speedtest.net server list...
Selecting best server based on ping...
2025-07-31T02:05:01+08:00
Retrieving speedtest.net configuration...
2025-07-31T02:10:01+08:00
Retrieving speedtest.net configuration...
Testing from FIl Products Service Television Inc (103.105.214.56)...
Retrieving speedtest.net server list...
Selecting best server based on ping...
Hosted by PLDT (Makati) [634.17 km]: 18.714 ms
Testing download speed................................................................................
Download: 189.21 Mbit/s
Testing upload speed......................................................................................................
Upload: 111.35 Mbit/s
2025-07-31T02:15:01+08:00
Retrieving speedtest.net configuration...
Testing from FIl Products Service Television Inc (103.105.214.61)...
Retrieving speedtest.net server list...
Selecting best server based on ping...
Hosted by PLDT (Makati) [634.17 km]: 17.171 ms
Testing download speed................................................................................
Download: 122.47 Mbit/s
Testing upload speed......................................................................................................
Upload: 342.40 Mbit/s
2025-07-31T02:20:01+08:00
Retrieving speedtest.net configuration...
Testing from FIl Products Service Television Inc (103.105.214.61)...
Retrieving speedtest.net server list...
Selecting best server based on ping...
Hosted by PLDT (Makati) [634.17 km]: 18.796 ms
Testing download speed................................................................................
Download: 163.80 Mbit/s
Testing upload speed......................................................................................................
Upload: 266.17 Mbit/s
2025-07-31T02:25:01+08:00
Retrieving speedtest.net configuration...
Testing from FIl Products Service Television Inc (103.105.214.56)...
Retrieving speedtest.net server list...
Selecting best server based on ping...
Hosted by PLDT (Makati) [634.17 km]: 19.492 ms
Testing download speed................................................................................
Download: 186.25 Mbit/s
Testing upload speed......................................................................................................
Upload: 305.60 Mbit/s
2025-07-31T02:30:01+08:00
Retrieving speedtest.net configuration...
Testing from FIl Products Service Television Inc (103.105.214.61)...
Retrieving speedtest.net server list...
Selecting best server based on ping...
2025-07-31T02:35:01+08:00
Retrieving speedtest.net configuration...
Testing from FIl Products Service Television Inc (103.105.214.61)...
Retrieving speedtest.net server list...
Selecting best server based on ping...
Hosted by PLDT (Makati) [634.17 km]: 17.258 ms
Testing download speed................................................................................
Download: 144.25 Mbit/s
Testing upload speed......................................................................................................
Upload: 342.16 Mbit/s
2025-07-31T02:40:01+08:00
Retrieving speedtest.net configuration...
Testing from FIl Products Service Television Inc (103.105.214.56)...
Retrieving speedtest.net server list...
Selecting best server based on ping...
Hosted by PLDT (Makati) [634.17 km]: 16.897 ms
Testing download speed................................................................................
Download: 178.96 Mbit/s
Testing upload speed......................................................................................................
Upload: 328.00 Mbit/s
2025-07-31T02:45:01+08:00
Retrieving speedtest.net configuration...
Testing from FIl Products Service Television Inc (103.105.214.56)...
Retrieving speedtest.net server list...
Selecting best server based on ping...
Hosted by Globe Telecom (Makati) [633.45 km]: 30.386 ms
Testing download speed................................................................................
Download: 160.57 Mbit/s
Testing upload speed......................................................................................................
Upload: 305.82 Mbit/s
2025-07-31T02:50:01+08:00
Retrieving speedtest.net configuration...
Testing from FIl Products Service Television Inc (103.105.214.56)...
Retrieving speedtest.net server list...
Selecting best server based on ping...
Hosted by Globe Telecom (Makati) [633.45 km]: 24.478 ms
Testing download speed................................................................................
Download: 189.09 Mbit/s
Testing upload speed......................................................................................................
Upload: 258.94 Mbit/s
2025-07-31T02:55:01+08:00
Retrieving speedtest.net configuration...
Testing from FIl Products Service Television Inc (103.105.214.61)...
Retrieving speedtest.net server list...
Selecting best server based on ping...
Hosted by Globe Telecom (Makati) [633.45 km]: 25.529 ms
Testing download speed................................................................................
Download: 161.07 Mbit/s
Testing upload speed......................................................................................................
Upload: 233.69 Mbit/s
2025-07-31T03:00:01+08:00
Retrieving speedtest.net configuration...
Testing from FIl Products Service Television Inc (103.105.214.61)...
Retrieving speedtest.net server list...
Selecting best server based on ping...
