2025-07-14T00:00:01+08:00
Retrieving speedtest.net configuration...
Testing from FIl Products Service Television Inc (103.105.214.62)...
Retrieving speedtest.net server list...
Selecting best server based on ping...
2025-07-14T00:05:01+08:00
Retrieving speedtest.net configuration...
2025-07-14T00:10:01+08:00
Retrieving speedtest.net configuration...
Testing from FIl Products Service Television Inc (103.105.214.62)...
Retrieving speedtest.net server list...
Selecting best server based on ping...
Hosted by SMART Communications, Inc. (Makati) [633.45 km]: 33.645 ms
Testing download speed................................................................................
Download: 159.50 Mbit/s
Testing upload speed......................................................................................................
Upload: 277.26 Mbit/s
2025-07-14T00:15:01+08:00
Retrieving speedtest.net configuration...
Testing from FIl Products Service Television Inc (103.105.214.62)...
Retrieving speedtest.net server list...
Selecting best server based on ping...
Hosted by United Eight (Makati City) [634.17 km]: 36.766 ms
Testing download speed................................................................................
Download: 173.63 Mbit/s
Testing upload speed......................................................................................................
Upload: 154.42 Mbit/s
2025-07-14T00:20:01+08:00
Retrieving speedtest.net configuration...
Testing from FIl Products Service Television Inc (103.105.214.62)...
Retrieving speedtest.net server list...
Selecting best server based on ping...
Hosted by United Eight (Makati City) [634.17 km]: 41.196 ms
Testing download speed................................................................................
Download: 126.66 Mbit/s
Testing upload speed......................................................................................................
Upload: 179.01 Mbit/s
2025-07-14T00:25:01+08:00
Retrieving speedtest.net configuration...
Testing from FIl Products Service Television Inc (103.105.214.62)...
Retrieving speedtest.net server list...
Selecting best server based on ping...
Hosted by United Eight (Makati City) [634.17 km]: 32.298 ms
Testing download speed................................................................................
Download: 124.06 Mbit/s
Testing upload speed......................................................................................................
Upload: 321.35 Mbit/s
2025-07-14T00:30:01+08:00
Retrieving speedtest.net configuration...
Testing from FIl Products Service Television Inc (103.105.214.62)...
Retrieving speedtest.net server list...
Selecting best server based on ping...
2025-07-14T00:35:01+08:00
Retrieving speedtest.net configuration...
Testing from FIl Products Service Television Inc (103.105.214.62)...
Retrieving speedtest.net server list...
Selecting best server based on ping...
Hosted by United Eight (Makati City) [634.17 km]: 32.101 ms
Testing download speed................................................................................
Download: 147.16 Mbit/s
Testing upload speed......................................................................................................
Upload: 187.47 Mbit/s
2025-07-14T00:40:01+08:00
Retrieving speedtest.net configuration...
Testing from FIl Products Service Television Inc (103.105.214.62)...
Retrieving speedtest.net server list...
Selecting best server based on ping...
Hosted by SMART Communications, Inc. (Makati) [633.45 km]: 37.163 ms
Testing download speed................................................................................
Download: 171.20 Mbit/s
Testing upload speed......................................................................................................
Upload: 265.24 Mbit/s
2025-07-14T00:45:01+08:00
Retrieving speedtest.net configuration...
Testing from FIl Products Service Television Inc (103.105.214.62)...
Retrieving speedtest.net server list...
Selecting best server based on ping...
Hosted by PLDT (Makati) [634.17 km]: 19.698 ms
Testing download speed................................................................................
Download: 187.48 Mbit/s
Testing upload speed......................................................................................................
Upload: 280.95 Mbit/s
2025-07-14T00:50:01+08:00
Retrieving speedtest.net configuration...
Testing from FIl Products Service Television Inc (103.105.214.62)...
Retrieving speedtest.net server list...
Selecting best server based on ping...
Hosted by PLDT (Makati) [634.17 km]: 19.193 ms
Testing download speed................................................................................
Download: 177.01 Mbit/s
Testing upload speed......................................................................................................
Upload: 321.18 Mbit/s
2025-07-14T00:55:01+08:00
Retrieving speedtest.net configuration...
Testing from FIl Products Service Television Inc (103.105.214.62)...
Retrieving speedtest.net server list...
Selecting best server based on ping...
Hosted by PLDT (Makati) [634.17 km]: 16.853 ms
Testing download speed................................................................................
Download: 173.63 Mbit/s
Testing upload speed......................................................................................................
Upload: 276.48 Mbit/s
2025-07-14T01:00:01+08:00
Retrieving speedtest.net configuration...
Testing from FIl Products Service Television Inc (103.105.214.62)...
Retrieving speedtest.net server list...
Selecting best server based on ping...
2025-07-14T01:05:02+08:00
Retrieving speedtest.net configuration...
2025-07-14T01:10:01+08:00
Retrieving speedtest.net configuration...
Testing from FIl Products Service Television Inc (103.105.214.62)...
Retrieving speedtest.net server list...
Selecting best server based on ping...
Hosted by PLDT (Makati) [634.17 km]: 17.255 ms
Testing download speed................................................................................
Download: 166.65 Mbit/s
Testing upload speed......................................................................................................
Upload: 311.91 Mbit/s
2025-07-14T01:15:01+08:00
Retrieving speedtest.net configuration...
Testing from FIl Products Service Television Inc (103.105.214.62)...
Retrieving speedtest.net server list...
Selecting best server based on ping...
Hosted by PLDT (Makati) [634.17 km]: 24.705 ms
Testing download speed................................................................................
Download: 183.49 Mbit/s
Testing upload speed......................................................................................................
Upload: 281.91 Mbit/s
2025-07-14T01:20:01+08:00
Retrieving speedtest.net configuration...
Testing from FIl Products Service Television Inc (103.105.214.62)...
Retrieving speedtest.net server list...
Selecting best server based on ping...
Hosted by PLDT (Makati) [634.17 km]: 19.698 ms
Testing download speed................................................................................
Download: 155.42 Mbit/s
Testing upload speed......................................................................................................
Upload: 254.01 Mbit/s
2025-07-14T01:25:01+08:00
Retrieving speedtest.net configuration...
Testing from FIl Products Service Television Inc (103.105.214.62)...
Retrieving speedtest.net server list...
Selecting best server based on ping...
Hosted by PLDT (Makati) [634.17 km]: 17.837 ms
Testing download speed................................................................................
Download: 171.62 Mbit/s
Testing upload speed......................................................................................................
Upload: 322.87 Mbit/s
2025-07-14T01:30:01+08:00
Retrieving speedtest.net configuration...
Testing from FIl Products Service Television Inc (103.105.214.62)...
Retrieving speedtest.net server list...
Selecting best server based on ping...
2025-07-14T01:35:01+08:00
Retrieving speedtest.net configuration...
Testing from FIl Products Service Television Inc (103.105.214.62)...
Retrieving speedtest.net server list...
Selecting best server based on ping...
Hosted by PLDT (Makati) [634.17 km]: 17.624 ms
Testing download speed................................................................................
Download: 183.33 Mbit/s
Testing upload speed......................................................................................................
Upload: 344.25 Mbit/s
2025-07-14T01:40:01+08:00
Retrieving speedtest.net configuration...
Testing from FIl Products Service Television Inc (103.105.214.62)...
Retrieving speedtest.net server list...
Selecting best server based on ping...
Hosted by PLDT (Makati) [634.17 km]: 17.758 ms
Testing download speed................................................................................
Download: 183.37 Mbit/s
Testing upload speed......................................................................................................
Upload: 335.57 Mbit/s
2025-07-14T01:45:01+08:00
Retrieving speedtest.net configuration...
Testing from FIl Products Service Television Inc (103.105.214.62)...
Retrieving speedtest.net server list...
Selecting best server based on ping...
Hosted by PLDT (Makati) [634.17 km]: 20.727 ms
Testing download speed................................................................................
Download: 183.28 Mbit/s
Testing upload speed......................................................................................................
Upload: 249.33 Mbit/s
2025-07-14T01:50:01+08:00
Retrieving speedtest.net configuration...
Testing from FIl Products Service Television Inc (103.105.214.62)...
Retrieving speedtest.net server list...
Selecting best server based on ping...
Hosted by PLDT (Makati) [634.17 km]: 20.093 ms
Testing download speed................................................................................
Download: 180.48 Mbit/s
Testing upload speed......................................................................................................
Upload: 280.32 Mbit/s
2025-07-14T01:55:01+08:00
Retrieving speedtest.net configuration...
Testing from FIl Products Service Television Inc (103.105.214.62)...
Retrieving speedtest.net server list...
Selecting best server based on ping...
Hosted by PLDT (Makati) [634.17 km]: 17.766 ms
Testing download speed................................................................................
Download: 166.16 Mbit/s
Testing upload speed......................................................................................................
Upload: 244.30 Mbit/s
2025-07-14T02:00:01+08:00
Retrieving speedtest.net configuration...
Testing from FIl Products Service Television Inc (103.105.214.62)...
Retrieving speedtest.net server list...
Selecting best server based on ping...
