2025-03-21T00:00:01+08:00
Retrieving speedtest.net configuration...
Testing from FIl Products Service Television Inc (103.105.214.59)...
Retrieving speedtest.net server list...
Selecting best server based on ping...
2025-03-21T00:05:01+08:00
Retrieving speedtest.net configuration...
2025-03-21T00:10:01+08:00
Retrieving speedtest.net configuration...
Testing from FIl Products Service Television Inc (103.105.214.59)...
Retrieving speedtest.net server list...
Selecting best server based on ping...
Hosted by PLDT (Cebu City) [126.16 km]: 37.163 ms
Testing download speed................................................................................
Download: 197.03 Mbit/s
Testing upload speed......................................................................................................
Upload: 143.79 Mbit/s
2025-03-21T00:15:01+08:00
Retrieving speedtest.net configuration...
Testing from FIl Products Service Television Inc (103.105.214.59)...
Retrieving speedtest.net server list...
Selecting best server based on ping...
Hosted by Globe Telecom (Bacolod) [156.14 km]: 34.562 ms
Testing download speed................................................................................
Download: 191.52 Mbit/s
Testing upload speed......................................................................................................
Upload: 126.79 Mbit/s
2025-03-21T00:20:01+08:00
Retrieving speedtest.net configuration...
Testing from FIl Products Service Television Inc (103.105.214.48)...
Retrieving speedtest.net server list...
Selecting best server based on ping...
Hosted by PLDT (Cebu City) [126.16 km]: 35.064 ms
Testing download speed................................................................................
Download: 194.40 Mbit/s
Testing upload speed......................................................................................................
Upload: 158.37 Mbit/s
2025-03-21T00:25:01+08:00
Retrieving speedtest.net configuration...
Testing from FIl Products Service Television Inc (103.105.214.48)...
Retrieving speedtest.net server list...
Selecting best server based on ping...
Hosted by Sky Fiber (IloIlo) [177.13 km]: 27.7 ms
Testing download speed................................................................................
Download: 146.91 Mbit/s
Testing upload speed......................................................................................................
Upload: 175.20 Mbit/s
2025-03-21T00:30:01+08:00
Retrieving speedtest.net configuration...
Testing from FIl Products Service Television Inc (103.105.214.59)...
Retrieving speedtest.net server list...
Selecting best server based on ping...
2025-03-21T00:35:01+08:00
Retrieving speedtest.net configuration...
2025-03-21T00:40:01+08:00
Retrieving speedtest.net configuration...
Testing from FIl Products Service Television Inc (103.105.214.48)...
Retrieving speedtest.net server list...
Selecting best server based on ping...
Hosted by PLDT (Cebu City) [126.16 km]: 37.372 ms
Testing download speed................................................................................
Download: 186.74 Mbit/s
Testing upload speed......................................................................................................
Upload: 188.84 Mbit/s
2025-03-21T00:45:01+08:00
Retrieving speedtest.net configuration...
Testing from FIl Products Service Television Inc (103.105.214.59)...
Retrieving speedtest.net server list...
Selecting best server based on ping...
Hosted by Sky Fiber (IloIlo) [177.13 km]: 33.222 ms
Testing download speed................................................................................
Download: 138.92 Mbit/s
Testing upload speed......................................................................................................
Upload: 114.79 Mbit/s
2025-03-21T00:50:01+08:00
Retrieving speedtest.net configuration...
Testing from FIl Products Service Television Inc (103.105.214.59)...
Retrieving speedtest.net server list...
Selecting best server based on ping...
Hosted by Sky Fiber (IloIlo) [177.13 km]: 32.614 ms
Testing download speed................................................................................
Download: 145.42 Mbit/s
Testing upload speed......................................................................................................
Upload: 164.55 Mbit/s
2025-03-21T00:55:01+08:00
Retrieving speedtest.net configuration...
Testing from FIl Products Service Television Inc (103.105.214.48)...
Retrieving speedtest.net server list...
Selecting best server based on ping...
Hosted by PLDT (Cebu City) [126.16 km]: 34.623 ms
Testing download speed................................................................................
Download: 195.71 Mbit/s
Testing upload speed......................................................................................................
Upload: 171.40 Mbit/s
2025-03-21T01:00:01+08:00
Retrieving speedtest.net configuration...
Testing from FIl Products Service Television Inc (103.105.214.59)...
Retrieving speedtest.net server list...
Selecting best server based on ping...
