2025-09-25T00:00:01+08:00
Retrieving speedtest.net configuration...
Testing from FIl Products Service Television Inc (103.105.214.50)...
Retrieving speedtest.net server list...
Selecting best server based on ping...
2025-09-25T00:05:01+08:00
Retrieving speedtest.net configuration...
2025-09-25T00:10:01+08:00
Retrieving speedtest.net configuration...
Testing from FIl Products Service Television Inc (103.105.214.57)...
Retrieving speedtest.net server list...
Selecting best server based on ping...
Hosted by DctecH Microservices Incorporated (Cagayan de Oro City) [173.34 km]: 52.674 ms
Testing download speed................................................................................
Download: 87.17 Mbit/s
Testing upload speed......................................................................................................
Upload: 59.16 Mbit/s
2025-09-25T00:15:01+08:00
Retrieving speedtest.net configuration...
Testing from FIl Products Service Television Inc (103.105.214.50)...
Retrieving speedtest.net server list...
Selecting best server based on ping...
Hosted by Haturiko Services Inc. (Quezon) [270.46 km]: 47.628 ms
Testing download speed................................................................................
Download: 80.70 Mbit/s
Testing upload speed......................................................................................................
Upload: 68.23 Mbit/s
2025-09-25T00:20:01+08:00
Retrieving speedtest.net configuration...
Testing from FIl Products Service Television Inc (103.105.214.50)...
Retrieving speedtest.net server list...
Selecting best server based on ping...
Hosted by Haturiko Services Inc. (Quezon) [270.46 km]: 45.406 ms
Testing download speed................................................................................
Download: 81.59 Mbit/s
Testing upload speed......................................................................................................
Upload: 65.49 Mbit/s
2025-09-25T00:25:01+08:00
Retrieving speedtest.net configuration...
Testing from FIl Products Service Television Inc (103.105.214.57)...
Retrieving speedtest.net server list...
Selecting best server based on ping...
Hosted by Haturiko Services Inc. (Quezon) [270.46 km]: 42.312 ms
Testing download speed................................................................................
Download: 84.19 Mbit/s
Testing upload speed......................................................................................................
Upload: 74.18 Mbit/s
2025-09-25T00:30:01+08:00
Retrieving speedtest.net configuration...
Testing from FIl Products Service Television Inc (103.105.214.50)...
Retrieving speedtest.net server list...
Selecting best server based on ping...
2025-09-25T00:35:01+08:00
Retrieving speedtest.net configuration...
Testing from FIl Products Service Television Inc (103.105.214.50)...
Retrieving speedtest.net server list...
Selecting best server based on ping...
Hosted by DctecH Microservices Incorporated (Cagayan de Oro City) [173.34 km]: 48.322 ms
Testing download speed................................................................................
Download: 87.93 Mbit/s
Testing upload speed......................................................................................................
Upload: 73.11 Mbit/s
2025-09-25T00:40:01+08:00
Retrieving speedtest.net configuration...
Testing from FIl Products Service Television Inc (103.105.214.50)...
Retrieving speedtest.net server list...
Selecting best server based on ping...
Hosted by Haturiko Services Inc. (Quezon) [270.46 km]: 47.328 ms
Testing download speed................................................................................
Download: 78.89 Mbit/s
Testing upload speed......................................................................................................
Upload: 66.14 Mbit/s
2025-09-25T00:45:01+08:00
Retrieving speedtest.net configuration...
Testing from FIl Products Service Television Inc (103.105.214.57)...
Retrieving speedtest.net server list...
Selecting best server based on ping...
Hosted by DctecH Microservices Incorporated (Cagayan de Oro City) [173.34 km]: 42.61 ms
Testing download speed................................................................................
Download: 86.54 Mbit/s
Testing upload speed......................................................................................................
Upload: 69.61 Mbit/s
2025-09-25T00:50:01+08:00
Retrieving speedtest.net configuration...
Testing from FIl Products Service Television Inc (103.105.214.50)...
Retrieving speedtest.net server list...
Selecting best server based on ping...
Hosted by DctecH Microservices Incorporated (Davao City) [355.16 km]: 61.86 ms
Testing download speed................................................................................
Download: 77.00 Mbit/s
Testing upload speed......................................................................................................
Upload: 53.33 Mbit/s
2025-09-25T00:55:01+08:00
Retrieving speedtest.net configuration...
Testing from FIl Products Service Television Inc (103.105.214.50)...
Retrieving speedtest.net server list...
Selecting best server based on ping...
Hosted by Haturiko Services Inc. (Quezon) [270.46 km]: 48.71 ms
Testing download speed................................................................................
Download: 81.64 Mbit/s
Testing upload speed......................................................................................................
Upload: 66.10 Mbit/s
2025-09-25T01:00:01+08:00
Retrieving speedtest.net configuration...
Testing from FIl Products Service Television Inc (103.105.214.50)...
Retrieving speedtest.net server list...
Selecting best server based on ping...
