2025-08-04T00:00:01+08:00
Retrieving speedtest.net configuration...
Testing from FIl Products Service Television Inc (103.105.214.54)...
Retrieving speedtest.net server list...
Selecting best server based on ping...
2025-08-04T00:05:01+08:00
Retrieving speedtest.net configuration...
2025-08-04T00:10:01+08:00
Retrieving speedtest.net configuration...
Testing from FIl Products Service Television Inc (103.105.214.54)...
Retrieving speedtest.net server list...
Selecting best server based on ping...
Hosted by Kinahugan Bojol Communications Inc. (Jagna) [121.71 km]: 56.831 ms
Testing download speed................................................................................
Download: 167.17 Mbit/s
Testing upload speed......................................................................................................
Upload: 263.22 Mbit/s
2025-08-04T00:15:01+08:00
Retrieving speedtest.net configuration...
Testing from FIl Products Service Television Inc (103.105.214.56)...
Retrieving speedtest.net server list...
Selecting best server based on ping...
Hosted by WISP Networks & Data Solution (Malaybalay City) [238.12 km]: 45.426 ms
Testing download speed................................................................................
Download: 185.81 Mbit/s
Testing upload speed......................................................................................................
Upload: 53.95 Mbit/s
2025-08-04T00:20:01+08:00
Retrieving speedtest.net configuration...
Testing from FIl Products Service Television Inc (103.105.214.56)...
Retrieving speedtest.net server list...
Selecting best server based on ping...
Hosted by WISP Networks & Data Solution (Malaybalay City) [238.12 km]: 45.759 ms
Testing download speed................................................................................
Download: 165.07 Mbit/s
Testing upload speed......................................................................................................
Upload: 75.81 Mbit/s
2025-08-04T00:25:01+08:00
Retrieving speedtest.net configuration...
Testing from FIl Products Service Television Inc (103.105.214.56)...
Retrieving speedtest.net server list...
Selecting best server based on ping...
Hosted by WISP Networks & Data Solution (Malaybalay City) [238.12 km]: 44.077 ms
Testing download speed................................................................................
Download: 167.82 Mbit/s
Testing upload speed......................................................................................................
Upload: 65.73 Mbit/s
2025-08-04T00:30:01+08:00
Retrieving speedtest.net configuration...
Testing from FIl Products Service Television Inc (103.105.214.56)...
Retrieving speedtest.net server list...
Selecting best server based on ping...
2025-08-04T00:35:01+08:00
Retrieving speedtest.net configuration...
Testing from FIl Products Service Television Inc (103.105.214.56)...
Retrieving speedtest.net server list...
Selecting best server based on ping...
Hosted by WISP Networks & Data Solution (Malaybalay City) [238.12 km]: 45.907 ms
Testing download speed................................................................................
Download: 77.27 Mbit/s
Testing upload speed......................................................................................................
Upload: 65.63 Mbit/s
2025-08-04T00:40:01+08:00
Retrieving speedtest.net configuration...
Testing from FIl Products Service Television Inc (103.105.214.56)...
Retrieving speedtest.net server list...
Selecting best server based on ping...
Hosted by WISP Networks & Data Solution (Malaybalay City) [238.12 km]: 41.401 ms
Testing download speed................................................................................
Download: 188.33 Mbit/s
Testing upload speed......................................................................................................
Upload: 76.91 Mbit/s
2025-08-04T00:45:01+08:00
Retrieving speedtest.net configuration...
Testing from FIl Products Service Television Inc (103.105.214.54)...
Retrieving speedtest.net server list...
Selecting best server based on ping...
Hosted by WISP Networks & Data Solution (Malaybalay City) [238.12 km]: 44.496 ms
Testing download speed................................................................................
Download: 151.23 Mbit/s
Testing upload speed......................................................................................................
Upload: 68.00 Mbit/s
2025-08-04T00:50:01+08:00
Retrieving speedtest.net configuration...
Testing from FIl Products Service Television Inc (103.105.214.54)...
Retrieving speedtest.net server list...
Selecting best server based on ping...
Hosted by WISP Networks & Data Solution (Malaybalay City) [238.12 km]: 43.741 ms
Testing download speed................................................................................
Download: 187.23 Mbit/s
Testing upload speed......................................................................................................
Upload: 78.52 Mbit/s
2025-08-04T00:55:01+08:00
Retrieving speedtest.net configuration...
Testing from FIl Products Service Television Inc (103.105.214.54)...
Retrieving speedtest.net server list...
Selecting best server based on ping...
Hosted by WISP Networks & Data Solution (Malaybalay City) [238.12 km]: 47.08 ms
Testing download speed................................................................................
Download: 186.19 Mbit/s
Testing upload speed......................................................................................................
Upload: 65.84 Mbit/s
2025-08-04T01:00:01+08:00
Retrieving speedtest.net configuration...
Testing from FIl Products Service Television Inc (103.105.214.54)...
Retrieving speedtest.net server list...
Selecting best server based on ping...
