2025-08-24T00:00:01+08:00
Retrieving speedtest.net configuration...
Testing from FIl Products Service Television Inc (103.105.214.63)...
Retrieving speedtest.net server list...
Selecting best server based on ping...
2025-08-24T00:05:01+08:00
Retrieving speedtest.net configuration...
2025-08-24T00:10:01+08:00
Retrieving speedtest.net configuration...
Testing from FIl Products Service Television Inc (103.105.214.63)...
Retrieving speedtest.net server list...
Selecting best server based on ping...
Hosted by RISE.ph (Makati) [633.45 km]: 21.16 ms
Testing download speed................................................................................
Download: 197.99 Mbit/s
Testing upload speed......................................................................................................
Upload: 350.80 Mbit/s
2025-08-24T00:15:01+08:00
Retrieving speedtest.net configuration...
Testing from FIl Products Service Television Inc (103.105.214.48)...
Retrieving speedtest.net server list...
Selecting best server based on ping...
Hosted by RISE.ph (Makati) [633.45 km]: 17.916 ms
Testing download speed................................................................................
Download: 197.52 Mbit/s
Testing upload speed......................................................................................................
Upload: 378.79 Mbit/s
2025-08-24T00:20:01+08:00
Retrieving speedtest.net configuration...
Testing from FIl Products Service Television Inc (103.105.214.48)...
Retrieving speedtest.net server list...
Selecting best server based on ping...
Hosted by RISE.ph (Makati) [633.45 km]: 17.455 ms
Testing download speed................................................................................
Download: 170.92 Mbit/s
Testing upload speed......................................................................................................
Upload: 353.92 Mbit/s
2025-08-24T00:25:01+08:00
Retrieving speedtest.net configuration...
Testing from FIl Products Service Television Inc (103.105.214.63)...
Retrieving speedtest.net server list...
Selecting best server based on ping...
Hosted by RISE.ph (Makati) [633.45 km]: 18.404 ms
Testing download speed................................................................................
Download: 197.19 Mbit/s
Testing upload speed......................................................................................................
Upload: 364.66 Mbit/s
2025-08-24T00:30:01+08:00
Retrieving speedtest.net configuration...
Testing from FIl Products Service Television Inc (103.105.214.63)...
Retrieving speedtest.net server list...
Selecting best server based on ping...
2025-08-24T00:35:01+08:00
Retrieving speedtest.net configuration...
Testing from FIl Products Service Television Inc (103.105.214.48)...
Retrieving speedtest.net server list...
Selecting best server based on ping...
Hosted by RISE.ph (Makati) [633.45 km]: 18.149 ms
Testing download speed................................................................................
Download: 197.85 Mbit/s
Testing upload speed......................................................................................................
Upload: 341.91 Mbit/s
2025-08-24T00:40:01+08:00
Retrieving speedtest.net configuration...
Testing from FIl Products Service Television Inc (103.105.214.63)...
Retrieving speedtest.net server list...
Selecting best server based on ping...
Hosted by RISE.ph (Makati) [633.45 km]: 17.964 ms
Testing download speed................................................................................
Download: 198.37 Mbit/s
Testing upload speed......................................................................................................
Upload: 332.44 Mbit/s
2025-08-24T00:45:01+08:00
Retrieving speedtest.net configuration...
Testing from FIl Products Service Television Inc (103.105.214.63)...
Retrieving speedtest.net server list...
Selecting best server based on ping...
Hosted by RISE.ph (Makati) [633.45 km]: 17.048 ms
Testing download speed................................................................................
Download: 200.97 Mbit/s
Testing upload speed......................................................................................................
Upload: 376.32 Mbit/s
2025-08-24T00:50:01+08:00
Retrieving speedtest.net configuration...
Testing from FIl Products Service Television Inc (103.105.214.48)...
Retrieving speedtest.net server list...
Selecting best server based on ping...
Hosted by RISE.ph (Makati) [633.45 km]: 18.625 ms
Testing download speed................................................................................
Download: 199.40 Mbit/s
Testing upload speed......................................................................................................
Upload: 372.18 Mbit/s
2025-08-24T00:55:01+08:00
Retrieving speedtest.net configuration...
Testing from FIl Products Service Television Inc (103.105.214.48)...
Retrieving speedtest.net server list...
Selecting best server based on ping...
Hosted by RISE.ph (Makati) [633.45 km]: 17.787 ms
Testing download speed................................................................................
Download: 191.08 Mbit/s
Testing upload speed......................................................................................................
Upload: 330.84 Mbit/s
2025-08-24T01:00:01+08:00
Retrieving speedtest.net configuration...
Testing from FIl Products Service Television Inc (103.105.214.63)...
Retrieving speedtest.net server list...
Selecting best server based on ping...
2025-08-24T01:05:01+08:00
Retrieving speedtest.net configuration...
Testing from FIl Products Service Television Inc (103.105.214.48)...
Retrieving speedtest.net server list...
Selecting best server based on ping...
Hosted by RISE.ph (Makati) [633.45 km]: 17.506 ms
Testing download speed................................................................................
Download: 200.08 Mbit/s
Testing upload speed......................................................................................................
Upload: 363.45 Mbit/s
2025-08-24T01:10:01+08:00
Retrieving speedtest.net configuration...
Testing from FIl Products Service Television Inc (103.105.214.48)...
Retrieving speedtest.net server list...
Selecting best server based on ping...
Hosted by RISE.ph (Makati) [633.45 km]: 17.096 ms
Testing download speed................................................................................
Download: 201.47 Mbit/s
Testing upload speed......................................................................................................
Upload: 368.59 Mbit/s
2025-08-24T01:15:01+08:00
Retrieving speedtest.net configuration...
Testing from FIl Products Service Television Inc (103.105.214.48)...
Retrieving speedtest.net server list...
Selecting best server based on ping...
Hosted by RISE.ph (Makati) [633.45 km]: 17.92 ms
Testing download speed................................................................................
Download: 190.11 Mbit/s
Testing upload speed......................................................................................................
Upload: 364.17 Mbit/s
2025-08-24T01:20:01+08:00
Retrieving speedtest.net configuration...
Testing from FIl Products Service Television Inc (103.105.214.48)...
Retrieving speedtest.net server list...
Selecting best server based on ping...
Hosted by RISE.ph (Makati) [633.45 km]: 18.063 ms
Testing download speed................................................................................
Download: 198.97 Mbit/s
Testing upload speed......................................................................................................
Upload: 279.22 Mbit/s
2025-08-24T01:25:01+08:00
Retrieving speedtest.net configuration...
Testing from FIl Products Service Television Inc (103.105.214.63)...
Retrieving speedtest.net server list...
Selecting best server based on ping...
Hosted by RISE.ph (Makati) [633.45 km]: 18.393 ms
Testing download speed................................................................................
Download: 189.87 Mbit/s
Testing upload speed......................................................................................................
Upload: 345.02 Mbit/s
2025-08-24T01:30:02+08:00
Retrieving speedtest.net configuration...
Testing from FIl Products Service Television Inc (103.105.214.48)...
Retrieving speedtest.net server list...
Selecting best server based on ping...
Hosted by RISE.ph (Makati) [633.45 km]: 17.672 ms
Testing download speed................................................................................
Download: 187.19 Mbit/s
Testing upload speed......................................................................................................
Upload: 375.92 Mbit/s
2025-08-24T01:35:01+08:00
Retrieving speedtest.net configuration...
Testing from FIl Products Service Television Inc (103.105.214.63)...
Retrieving speedtest.net server list...
Selecting best server based on ping...
Hosted by RISE.ph (Makati) [633.45 km]: 16.709 ms
Testing download speed................................................................................
Download: 191.33 Mbit/s
Testing upload speed......................................................................................................
Upload: 332.76 Mbit/s
2025-08-24T01:40:01+08:00
Retrieving speedtest.net configuration...
Testing from FIl Products Service Television Inc (103.105.214.48)...
Retrieving speedtest.net server list...
Selecting best server based on ping...
Hosted by RISE.ph (Makati) [633.45 km]: 17.915 ms
Testing download speed................................................................................
Download: 201.09 Mbit/s
Testing upload speed......................................................................................................
Upload: 382.47 Mbit/s
2025-08-24T01:45:01+08:00
Retrieving speedtest.net configuration...
Testing from FIl Products Service Television Inc (103.105.214.48)...
Retrieving speedtest.net server list...
Selecting best server based on ping...
Hosted by RISE.ph (Makati) [633.45 km]: 18.016 ms
Testing download speed................................................................................
Download: 200.27 Mbit/s
Testing upload speed......................................................................................................
Upload: 364.13 Mbit/s
2025-08-24T01:50:01+08:00
Retrieving speedtest.net configuration...
Testing from FIl Products Service Television Inc (103.105.214.48)...
Retrieving speedtest.net server list...
Selecting best server based on ping...
Hosted by RISE.ph (Makati) [633.45 km]: 18.735 ms
Testing download speed................................................................................
Download: 199.63 Mbit/s
Testing upload speed......................................................................................................
Upload: 365.75 Mbit/s
2025-08-24T01:55:01+08:00
Retrieving speedtest.net configuration...
Testing from FIl Products Service Television Inc (103.105.214.48)...
Retrieving speedtest.net server list...
Selecting best server based on ping...
Hosted by RISE.ph (Makati) [633.45 km]: 17.479 ms
Testing download speed................................................................................
Download: 197.81 Mbit/s
Testing upload speed......................................................................................................
Upload: 316.78 Mbit/s
2025-08-24T02:00:01+08:00
Retrieving speedtest.net configuration...
Testing from FIl Products Service Television Inc (103.105.214.48)...
Retrieving speedtest.net server list...
Selecting best server based on ping...
