2025-09-22T00:00:01+08:00
Retrieving speedtest.net configuration...
Testing from FIl Products Service Television Inc (103.105.214.62)...
Retrieving speedtest.net server list...
Selecting best server based on ping...
2025-09-22T00:05:01+08:00
Retrieving speedtest.net configuration...
2025-09-22T00:10:01+08:00
Retrieving speedtest.net configuration...
Testing from FIl Products Service Television Inc (103.105.214.57)...
Retrieving speedtest.net server list...
Selecting best server based on ping...
Hosted by Globe Telecom (Cebu City) [126.16 km]: 29.493 ms
Testing download speed................................................................................
Download: 92.65 Mbit/s
Testing upload speed......................................................................................................
Upload: 86.32 Mbit/s
2025-09-22T00:15:01+08:00
Retrieving speedtest.net configuration...
Testing from FIl Products Service Television Inc (103.105.214.57)...
Retrieving speedtest.net server list...
Selecting best server based on ping...
Hosted by Globe Telecom (Cebu City) [126.16 km]: 29.245 ms
Testing download speed................................................................................
Download: 90.96 Mbit/s
Testing upload speed......................................................................................................
Upload: 87.37 Mbit/s
2025-09-22T00:20:01+08:00
Retrieving speedtest.net configuration...
Testing from FIl Products Service Television Inc (103.105.214.62)...
Retrieving speedtest.net server list...
Selecting best server based on ping...
Hosted by Globe Telecom (Cebu City) [126.16 km]: 34.322 ms
Testing download speed................................................................................
Download: 92.58 Mbit/s
Testing upload speed......................................................................................................
Upload: 82.19 Mbit/s
2025-09-22T00:25:01+08:00
Retrieving speedtest.net configuration...
Testing from FIl Products Service Television Inc (103.105.214.57)...
Retrieving speedtest.net server list...
Selecting best server based on ping...
Hosted by Globe Telecom (Cebu City) [126.16 km]: 29.256 ms
Testing download speed................................................................................
Download: 92.56 Mbit/s
Testing upload speed......................................................................................................
Upload: 90.07 Mbit/s
2025-09-22T00:30:01+08:00
Retrieving speedtest.net configuration...
Testing from FIl Products Service Television Inc (103.105.214.57)...
Retrieving speedtest.net server list...
Selecting best server based on ping...
2025-09-22T00:35:01+08:00
Retrieving speedtest.net configuration...
Testing from FIl Products Service Television Inc (103.105.214.62)...
Retrieving speedtest.net server list...
Selecting best server based on ping...
Hosted by Globe Telecom (Cebu City) [126.16 km]: 29.342 ms
Testing download speed................................................................................
Download: 91.76 Mbit/s
Testing upload speed......................................................................................................
Upload: 89.73 Mbit/s
2025-09-22T00:40:01+08:00
Retrieving speedtest.net configuration...
Testing from FIl Products Service Television Inc (103.105.214.62)...
Retrieving speedtest.net server list...
Selecting best server based on ping...
Hosted by Globe Telecom (Cebu City) [126.16 km]: 38.72 ms
Testing download speed................................................................................
Download: 92.33 Mbit/s
Testing upload speed......................................................................................................
Upload: 86.93 Mbit/s
2025-09-22T00:45:01+08:00
Retrieving speedtest.net configuration...
Testing from FIl Products Service Television Inc (103.105.214.57)...
Retrieving speedtest.net server list...
Selecting best server based on ping...
Hosted by Globe Telecom (Cebu City) [126.16 km]: 38.308 ms
Testing download speed................................................................................
Download: 92.71 Mbit/s
Testing upload speed......................................................................................................
Upload: 90.10 Mbit/s
2025-09-22T00:50:01+08:00
Retrieving speedtest.net configuration...
Testing from FIl Products Service Television Inc (103.105.214.62)...
Retrieving speedtest.net server list...
Selecting best server based on ping...
Hosted by Globe Telecom (Cebu City) [126.16 km]: 22.169 ms
Testing download speed................................................................................
Download: 91.64 Mbit/s
Testing upload speed......................................................................................................
Upload: 89.03 Mbit/s
2025-09-22T00:55:01+08:00
Retrieving speedtest.net configuration...
Testing from FIl Products Service Television Inc (103.105.214.57)...
Retrieving speedtest.net server list...
Selecting best server based on ping...
Hosted by Globe Telecom (Cebu City) [126.16 km]: 22.279 ms
Testing download speed................................................................................
Download: 91.62 Mbit/s
Testing upload speed......................................................................................................
Upload: 85.77 Mbit/s
2025-09-22T01:00:01+08:00
Retrieving speedtest.net configuration...
Testing from FIl Products Service Television Inc (103.105.214.57)...
Retrieving speedtest.net server list...
Selecting best server based on ping...
2025-09-22T01:05:01+08:00
Retrieving speedtest.net configuration...
2025-09-22T01:10:01+08:00
Retrieving speedtest.net configuration...
Testing from FIl Products Service Television Inc (103.105.214.57)...
Retrieving speedtest.net server list...
Selecting best server based on ping...
Hosted by Globe Telecom (Cebu City) [126.16 km]: 29.206 ms
Testing download speed................................................................................
Download: 91.79 Mbit/s
Testing upload speed......................................................................................................
Upload: 88.90 Mbit/s
2025-09-22T01:15:02+08:00
Retrieving speedtest.net configuration...
Testing from FIl Products Service Television Inc (103.105.214.62)...
Retrieving speedtest.net server list...
Selecting best server based on ping...
Hosted by Globe Telecom (Cebu City) [126.16 km]: 22.296 ms
Testing download speed................................................................................
Download: 90.74 Mbit/s
Testing upload speed......................................................................................................
Upload: 89.53 Mbit/s
2025-09-22T01:20:01+08:00
Retrieving speedtest.net configuration...
Testing from FIl Products Service Television Inc (103.105.214.57)...
Retrieving speedtest.net server list...
Selecting best server based on ping...
Hosted by Globe Telecom (Cebu City) [126.16 km]: 29.287 ms
Testing download speed................................................................................
Download: 91.37 Mbit/s
Testing upload speed......................................................................................................
Upload: 87.02 Mbit/s
2025-09-22T01:25:01+08:00
Retrieving speedtest.net configuration...
Testing from FIl Products Service Television Inc (103.105.214.57)...
Retrieving speedtest.net server list...
Selecting best server based on ping...
Hosted by Globe Telecom (Cebu City) [126.16 km]: 22.225 ms
Testing download speed................................................................................
Download: 92.17 Mbit/s
Testing upload speed......................................................................................................
Upload: 82.44 Mbit/s
2025-09-22T01:30:01+08:00
Retrieving speedtest.net configuration...
Testing from FIl Products Service Television Inc (103.105.214.57)...
Retrieving speedtest.net server list...
Selecting best server based on ping...
2025-09-22T01:35:01+08:00
Retrieving speedtest.net configuration...
Testing from FIl Products Service Television Inc (103.105.214.57)...
Retrieving speedtest.net server list...
Selecting best server based on ping...
Hosted by Globe Telecom (Cebu City) [126.16 km]: 25.102 ms
Testing download speed................................................................................
Download: 91.10 Mbit/s
Testing upload speed......................................................................................................
Upload: 87.68 Mbit/s
2025-09-22T01:40:01+08:00
Retrieving speedtest.net configuration...
Testing from FIl Products Service Television Inc (103.105.214.62)...
Retrieving speedtest.net server list...
Selecting best server based on ping...
Hosted by Globe Telecom (Cebu City) [126.16 km]: 34.132 ms
Testing download speed................................................................................
Download: 91.10 Mbit/s
Testing upload speed......................................................................................................
Upload: 87.16 Mbit/s
2025-09-22T01:45:01+08:00
Retrieving speedtest.net configuration...
Testing from FIl Products Service Television Inc (103.105.214.62)...
Retrieving speedtest.net server list...
Selecting best server based on ping...
Hosted by Globe Telecom (Cebu City) [126.16 km]: 21.327 ms
Testing download speed................................................................................
Download: 92.37 Mbit/s
Testing upload speed......................................................................................................
Upload: 86.10 Mbit/s
2025-09-22T01:50:01+08:00
Retrieving speedtest.net configuration...
Testing from FIl Products Service Television Inc (103.105.214.62)...
Retrieving speedtest.net server list...
Selecting best server based on ping...
Hosted by Globe Telecom (Cebu City) [126.16 km]: 29.083 ms
Testing download speed................................................................................
Download: 91.80 Mbit/s
Testing upload speed......................................................................................................
Upload: 86.85 Mbit/s
2025-09-22T01:55:01+08:00
Retrieving speedtest.net configuration...
Testing from FIl Products Service Television Inc (103.105.214.62)...
Retrieving speedtest.net server list...
Selecting best server based on ping...
Hosted by Globe Telecom (Cebu City) [126.16 km]: 25.251 ms
Testing download speed................................................................................
Download: 92.54 Mbit/s
Testing upload speed......................................................................................................
Upload: 89.67 Mbit/s
2025-09-22T02:00:01+08:00
Retrieving speedtest.net configuration...
Testing from FIl Products Service Television Inc (103.105.214.57)...
Retrieving speedtest.net server list...
Selecting best server based on ping...
2025-09-22T02:05:01+08:00
Retrieving speedtest.net configuration...
2025-09-22T02:10:01+08:00
Retrieving speedtest.net configuration...
Testing from FIl Products Service Television Inc (103.105.214.57)...
Retrieving speedtest.net server list...
Selecting best server based on ping...
Hosted by Globe Telecom (Cebu City) [126.16 km]: 35.476 ms
Testing download speed................................................................................
Download: 92.06 Mbit/s
Testing upload speed......................................................................................................
Upload: 80.75 Mbit/s
2025-09-22T02:15:01+08:00
Retrieving speedtest.net configuration...
Testing from FIl Products Service Television Inc (103.105.214.62)...
Retrieving speedtest.net server list...
Selecting best server based on ping...
Hosted by Globe Telecom (Cebu City) [126.16 km]: 24.964 ms
Testing download speed................................................................................
Download: 90.55 Mbit/s
Testing upload speed......................................................................................................
Upload: 86.95 Mbit/s
2025-09-22T02:20:01+08:00
Retrieving speedtest.net configuration...
Testing from FIl Products Service Television Inc (103.105.214.57)...
Retrieving speedtest.net server list...
Selecting best server based on ping...
Hosted by Globe Telecom (Cebu City) [126.16 km]: 22.206 ms
Testing download speed................................................................................
Download: 91.57 Mbit/s
Testing upload speed......................................................................................................
Upload: 83.83 Mbit/s
2025-09-22T02:25:01+08:00
Retrieving speedtest.net configuration...
Testing from FIl Products Service Television Inc (103.105.214.62)...
Retrieving speedtest.net server list...
Selecting best server based on ping...
Hosted by Globe Telecom (Cebu City) [126.16 km]: 29.58 ms
Testing download speed................................................................................
Download: 93.02 Mbit/s
Testing upload speed......................................................................................................
Upload: 84.56 Mbit/s
2025-09-22T02:30:01+08:00
Retrieving speedtest.net configuration...
Testing from FIl Products Service Television Inc (103.105.214.57)...
Retrieving speedtest.net server list...
Selecting best server based on ping...
2025-09-22T02:35:01+08:00
Retrieving speedtest.net configuration...
Testing from FIl Products Service Television Inc (103.105.214.62)...
Retrieving speedtest.net server list...
Selecting best server based on ping...
Hosted by Globe Telecom (Cebu City) [126.16 km]: 34.079 ms
Testing download speed................................................................................
Download: 92.75 Mbit/s
Testing upload speed......................................................................................................
Upload: 89.03 Mbit/s
2025-09-22T02:40:01+08:00
Retrieving speedtest.net configuration...
Testing from FIl Products Service Television Inc (103.105.214.62)...
Retrieving speedtest.net server list...
Selecting best server based on ping...
Hosted by Globe Telecom (Cebu City) [126.16 km]: 22.579 ms
Testing download speed................................................................................
Download: 92.51 Mbit/s
Testing upload speed......................................................................................................
Upload: 86.66 Mbit/s
2025-09-22T02:45:01+08:00
Retrieving speedtest.net configuration...
Testing from FIl Products Service Television Inc (103.105.214.62)...
Retrieving speedtest.net server list...
Selecting best server based on ping...
Hosted by Globe Telecom (Cebu City) [126.16 km]: 29.392 ms
Testing download speed................................................................................
Download: 92.16 Mbit/s
Testing upload speed......................................................................................................
Upload: 91.40 Mbit/s
2025-09-22T02:50:01+08:00
Retrieving speedtest.net configuration...
Testing from FIl Products Service Television Inc (103.105.214.62)...
Retrieving speedtest.net server list...
Selecting best server based on ping...
Hosted by Globe Telecom (Cebu City) [126.16 km]: 22.407 ms
Testing download speed................................................................................
Download: 92.44 Mbit/s
Testing upload speed......................................................................................................
Upload: 83.52 Mbit/s
2025-09-22T02:55:01+08:00
Retrieving speedtest.net configuration...
Testing from FIl Products Service Television Inc (103.105.214.57)...
Retrieving speedtest.net server list...
Selecting best server based on ping...
Hosted by Globe Telecom (Cebu City) [126.16 km]: 29.429 ms
Testing download speed................................................................................
Download: 92.12 Mbit/s
Testing upload speed......................................................................................................
Upload: 87.01 Mbit/s
2025-09-22T03:00:01+08:00
Retrieving speedtest.net configuration...
Testing from FIl Products Service Television Inc (103.105.214.62)...
Retrieving speedtest.net server list...
Selecting best server based on ping...
2025-09-22T03:05:01+08:00
Retrieving speedtest.net configuration...
2025-09-22T03:10:01+08:00
Retrieving speedtest.net configuration...
Testing from FIl Products Service Television Inc (103.105.214.62)...
Retrieving speedtest.net server list...
Selecting best server based on ping...
Hosted by Globe Telecom (Cebu City) [126.16 km]: 29.149 ms
Testing download speed................................................................................
Download: 92.10 Mbit/s
Testing upload speed......................................................................................................
Upload: 87.91 Mbit/s
2025-09-22T03:15:01+08:00
Retrieving speedtest.net configuration...
Testing from FIl Products Service Television Inc (103.105.214.62)...
Retrieving speedtest.net server list...
Selecting best server based on ping...
Hosted by Globe Telecom (Cebu City) [126.16 km]: 29.367 ms
Testing download speed................................................................................
Download: 92.76 Mbit/s
Testing upload speed......................................................................................................
Upload: 87.53 Mbit/s
2025-09-22T03:20:01+08:00
Retrieving speedtest.net configuration...
Testing from FIl Products Service Television Inc (103.105.214.57)...
Retrieving speedtest.net server list...
Selecting best server based on ping...
Hosted by Globe Telecom (Cebu City) [126.16 km]: 22.11 ms
Testing download speed................................................................................
Download: 91.28 Mbit/s
Testing upload speed......................................................................................................
Upload: 89.04 Mbit/s
2025-09-22T03:25:01+08:00
Retrieving speedtest.net configuration...
Testing from FIl Products Service Television Inc (103.105.214.57)...
Retrieving speedtest.net server list...
Selecting best server based on ping...
Hosted by Globe Telecom (Cebu City) [126.16 km]: 29.025 ms
Testing download speed................................................................................
Download: 91.84 Mbit/s
Testing upload speed......................................................................................................
Upload: 69.04 Mbit/s
2025-09-22T03:30:01+08:00
Retrieving speedtest.net configuration...
Testing from FIl Products Service Television Inc (103.105.214.62)...
Retrieving speedtest.net server list...
Selecting best server based on ping...
2025-09-22T03:35:01+08:00
Retrieving speedtest.net configuration...
Testing from FIl Products Service Television Inc (103.105.214.57)...
Retrieving speedtest.net server list...
Selecting best server based on ping...
Hosted by Globe Telecom (Cebu City) [126.16 km]: 37.363 ms
Testing download speed................................................................................
Download: 92.95 Mbit/s
Testing upload speed......................................................................................................
Upload: 87.48 Mbit/s
2025-09-22T03:40:01+08:00
Retrieving speedtest.net configuration...
Testing from FIl Products Service Television Inc (103.105.214.62)...
Retrieving speedtest.net server list...
Selecting best server based on ping...
Hosted by Globe Telecom (Cebu City) [126.16 km]: 22.35 ms
Testing download speed................................................................................
Download: 92.70 Mbit/s
Testing upload speed......................................................................................................
Upload: 86.31 Mbit/s
2025-09-22T03:45:01+08:00
Retrieving speedtest.net configuration...
Testing from FIl Products Service Television Inc (103.105.214.57)...
Retrieving speedtest.net server list...
Selecting best server based on ping...
Hosted by Globe Telecom (Cebu City) [126.16 km]: 35.25 ms
Testing download speed................................................................................
Download: 92.28 Mbit/s
Testing upload speed......................................................................................................
Upload: 89.64 Mbit/s
2025-09-22T03:50:02+08:00
Retrieving speedtest.net configuration...
Testing from FIl Products Service Television Inc (103.105.214.57)...
Retrieving speedtest.net server list...
Selecting best server based on ping...
Hosted by Kinahugan Bojol Communications Inc. (Jagna) [121.71 km]: 48.191 ms
Testing download speed................................................................................
Download: 76.36 Mbit/s
Testing upload speed......................................................................................................
Upload: 54.49 Mbit/s
2025-09-22T03:55:01+08:00
Retrieving speedtest.net configuration...
Testing from FIl Products Service Television Inc (103.105.214.62)...
Retrieving speedtest.net server list...
Selecting best server based on ping...
Hosted by Kinahugan Bojol Communications Inc. (Jagna) [121.71 km]: 49.06 ms
Testing download speed................................................................................
Download: 78.72 Mbit/s
Testing upload speed......................................................................................................
Upload: 53.67 Mbit/s
2025-09-22T04:00:01+08:00
Retrieving speedtest.net configuration...
Testing from FIl Products Service Television Inc (103.105.214.57)...
Retrieving speedtest.net server list...
Selecting best server based on ping...
2025-09-22T04:05:01+08:00
Retrieving speedtest.net configuration...
2025-09-22T04:10:01+08:00
Retrieving speedtest.net configuration...
Testing from FIl Products Service Television Inc (103.105.214.57)...
Retrieving speedtest.net server list...
Selecting best server based on ping...
Hosted by Kinahugan Bojol Communications Inc. (Jagna) [121.71 km]: 49.366 ms
Testing download speed................................................................................
Download: 71.54 Mbit/s
Testing upload speed.....................................................................................................
.Upload: 68.35 Mbit/s
2025-09-22T04:15:01+08:00
Retrieving speedtest.net configuration...
Testing from FIl Products Service Television Inc (103.105.214.62)...
Retrieving speedtest.net server list...
Selecting best server based on ping...
Hosted by Radius Telecoms, Inc. (Cebu City) [126.16 km]: 37.11 ms
Testing download speed................................................................................
Download: 86.84 Mbit/s
Testing upload speed......................................................................................................
Upload: 77.32 Mbit/s
2025-09-22T04:20:01+08:00
Retrieving speedtest.net configuration...
Testing from FIl Products Service Television Inc (103.105.214.62)...
Retrieving speedtest.net server list...
Selecting best server based on ping...
Hosted by Radius Telecoms, Inc. (Cebu City) [126.16 km]: 39.815 ms
Testing download speed................................................................................
Download: 84.52 Mbit/s
Testing upload speed......................................................................................................
Upload: 69.98 Mbit/s
2025-09-22T04:25:01+08:00
Retrieving speedtest.net configuration...
Testing from FIl Products Service Television Inc (103.105.214.57)...
Retrieving speedtest.net server list...
Selecting best server based on ping...
Hosted by Kinahugan Bojol Communications Inc. (Jagna) [121.71 km]: 48.592 ms
Testing download speed................................................................................
Download: 78.47 Mbit/s
Testing upload speed......................................................................................................
Upload: 73.14 Mbit/s
2025-09-22T04:30:01+08:00
Retrieving speedtest.net configuration...
Testing from FIl Products Service Television Inc (103.105.214.57)...
Retrieving speedtest.net server list...
Selecting best server based on ping...
2025-09-22T04:35:01+08:00
Retrieving speedtest.net configuration...
Testing from FIl Products Service Television Inc (103.105.214.62)...
Retrieving speedtest.net server list...
Selecting best server based on ping...
Hosted by Radius Telecoms, Inc. (Cebu City) [126.16 km]: 48.339 ms
Testing download speed................................................................................
Download: 82.27 Mbit/s
Testing upload speed......................................................................................................
Upload: 76.74 Mbit/s
2025-09-22T04:40:01+08:00
Retrieving speedtest.net configuration...
Testing from FIl Products Service Television Inc (103.105.214.57)...
Retrieving speedtest.net server list...
Selecting best server based on ping...
Hosted by Radius Telecoms, Inc. (Cebu City) [126.16 km]: 49.048 ms
Testing download speed................................................................................
Download: 86.43 Mbit/s
Testing upload speed......................................................................................................
Upload: 73.21 Mbit/s
2025-09-22T04:45:01+08:00
Retrieving speedtest.net configuration...
Testing from FIl Products Service Television Inc (103.105.214.62)...
Retrieving speedtest.net server list...
Selecting best server based on ping...
Hosted by Kinahugan Bojol Communications Inc. (Jagna) [121.71 km]: 49.389 ms
Testing download speed................................................................................
Download: 67.60 Mbit/s
Testing upload speed......................................................................................................
Upload: 60.98 Mbit/s
2025-09-22T04:50:01+08:00
Retrieving speedtest.net configuration...
Testing from FIl Products Service Television Inc (103.105.214.57)...
Retrieving speedtest.net server list...
Selecting best server based on ping...
Hosted by Radius Telecoms, Inc. (Cebu City) [126.16 km]: 38.065 ms
Testing download speed................................................................................
Download: 85.18 Mbit/s
Testing upload speed......................................................................................................
Upload: 71.45 Mbit/s
2025-09-22T04:55:01+08:00
Retrieving speedtest.net configuration...
Testing from FIl Products Service Television Inc (103.105.214.57)...
Retrieving speedtest.net server list...
Selecting best server based on ping...
Hosted by Radius Telecoms, Inc. (Cebu City) [126.16 km]: 49.085 ms
Testing download speed................................................................................
Download: 89.83 Mbit/s
Testing upload speed......................................................................................................
Upload: 77.82 Mbit/s
2025-09-22T05:00:01+08:00
Retrieving speedtest.net configuration...
Testing from FIl Products Service Television Inc (103.105.214.57)...
Retrieving speedtest.net server list...
Selecting best server based on ping...
2025-09-22T05:05:01+08:00
Retrieving speedtest.net configuration...
Testing from FIl Products Service Television Inc (103.105.214.62)...
Retrieving speedtest.net server list...
Selecting best server based on ping...
Hosted by Kinahugan Bojol Communications Inc. (Jagna) [121.71 km]: 51.99 ms
Testing download speed................................................................................
Download: 74.93 Mbit/s
Testing upload speed......................................................................................................
Upload: 75.27 Mbit/s
2025-09-22T05:10:01+08:00
Retrieving speedtest.net configuration...
Testing from FIl Products Service Television Inc (103.105.214.57)...
Retrieving speedtest.net server list...
Selecting best server based on ping...
Hosted by Radius Telecoms, Inc. (Cebu City) [126.16 km]: 37.265 ms
Testing download speed................................................................................
Download: 81.21 Mbit/s
Testing upload speed......................................................................................................
Upload: 70.48 Mbit/s
2025-09-22T05:15:01+08:00
Retrieving speedtest.net configuration...
Testing from FIl Products Service Television Inc (103.105.214.62)...
Retrieving speedtest.net server list...
Selecting best server based on ping...
Hosted by Radius Telecoms, Inc. (Cebu City) [126.16 km]: 36.472 ms
Testing download speed................................................................................
Download: 82.22 Mbit/s
Testing upload speed......................................................................................................
Upload: 75.96 Mbit/s
2025-09-22T05:20:01+08:00
Retrieving speedtest.net configuration...
Testing from FIl Products Service Television Inc (103.105.214.62)...
Retrieving speedtest.net server list...
Selecting best server based on ping...
Hosted by Radius Telecoms, Inc. (Cebu City) [126.16 km]: 46.378 ms
Testing download speed................................................................................
Download: 88.65 Mbit/s
Testing upload speed......................................................................................................
Upload: 83.90 Mbit/s
2025-09-22T05:25:01+08:00
Retrieving speedtest.net configuration...
Testing from FIl Products Service Television Inc (103.105.214.57)...
Retrieving speedtest.net server list...
Selecting best server based on ping...
Hosted by Radius Telecoms, Inc. (Cebu City) [126.16 km]: 47.078 ms
Testing download speed................................................................................
Download: 82.28 Mbit/s
Testing upload speed......................................................................................................
Upload: 67.02 Mbit/s
2025-09-22T05:30:01+08:00
Retrieving speedtest.net configuration...
Testing from FIl Products Service Television Inc (103.105.214.57)...
Retrieving speedtest.net server list...
Selecting best server based on ping...
2025-09-22T05:35:01+08:00
Retrieving speedtest.net configuration...
Testing from FIl Products Service Television Inc (103.105.214.62)...
Retrieving speedtest.net server list...
Selecting best server based on ping...
Hosted by Kinahugan Bojol Communications Inc. (Jagna) [121.71 km]: 48.747 ms
Testing download speed................................................................................
Download: 75.00 Mbit/s
Testing upload speed......................................................................................................
Upload: 59.90 Mbit/s
2025-09-22T05:40:01+08:00
Retrieving speedtest.net configuration...
Testing from FIl Products Service Television Inc (103.105.214.62)...
Retrieving speedtest.net server list...
Selecting best server based on ping...
Hosted by Kinahugan Bojol Communications Inc. (Jagna) [121.71 km]: 48.809 ms
Testing download speed................................................................................
Download: 84.31 Mbit/s
Testing upload speed......................................................................................................
Upload: 65.21 Mbit/s
2025-09-22T05:45:01+08:00
Retrieving speedtest.net configuration...
Testing from FIl Products Service Television Inc (103.105.214.57)...
Retrieving speedtest.net server list...
Selecting best server based on ping...
Hosted by Kinahugan Bojol Communications Inc. (Jagna) [121.71 km]: 48.891 ms
Testing download speed................................................................................
Download: 83.21 Mbit/s
Testing upload speed......................................................................................................
Upload: 68.32 Mbit/s
2025-09-22T05:50:01+08:00
Retrieving speedtest.net configuration...
Testing from FIl Products Service Television Inc (103.105.214.57)...
Retrieving speedtest.net server list...
Selecting best server based on ping...
Hosted by Radius Telecoms, Inc. (Cebu City) [126.16 km]: 48.926 ms
Testing download speed................................................................................
Download: 87.07 Mbit/s
Testing upload speed......................................................................................................
Upload: 78.53 Mbit/s
2025-09-22T05:55:01+08:00
Retrieving speedtest.net configuration...
Testing from FIl Products Service Television Inc (103.105.214.57)...
Retrieving speedtest.net server list...
Selecting best server based on ping...
Hosted by Radius Telecoms, Inc. (Cebu City) [126.16 km]: 43.985 ms
Testing download speed................................................................................
Download: 84.28 Mbit/s
Testing upload speed......................................................................................................
Upload: 67.83 Mbit/s
2025-09-22T06:00:01+08:00
Retrieving speedtest.net configuration...
Testing from FIl Products Service Television Inc (103.105.214.57)...
Retrieving speedtest.net server list...
Selecting best server based on ping...
2025-09-22T06:05:01+08:00
Retrieving speedtest.net configuration...
2025-09-22T06:10:01+08:00
Retrieving speedtest.net configuration...
Testing from FIl Products Service Television Inc (103.105.214.57)...
Retrieving speedtest.net server list...
Selecting best server based on ping...
Hosted by Radius Telecoms, Inc. (Cebu City) [126.16 km]: 48.53 ms
Testing download speed................................................................................
Download: 89.46 Mbit/s
Testing upload speed......................................................................................................
Upload: 73.99 Mbit/s
2025-09-22T06:15:01+08:00
Retrieving speedtest.net configuration...
Testing from FIl Products Service Television Inc (103.105.214.62)...
Retrieving speedtest.net server list...
Selecting best server based on ping...
Hosted by Radius Telecoms, Inc. (Cebu City) [126.16 km]: 38.392 ms
Testing download speed................................................................................
Download: 82.90 Mbit/s
Testing upload speed......................................................................................................
Upload: 67.67 Mbit/s
2025-09-22T06:20:01+08:00
Retrieving speedtest.net configuration...
Testing from FIl Products Service Television Inc (103.105.214.62)...
Retrieving speedtest.net server list...
Selecting best server based on ping...
Hosted by Radius Telecoms, Inc. (Cebu City) [126.16 km]: 45.863 ms
Testing download speed................................................................................
Download: 85.68 Mbit/s
Testing upload speed......................................................................................................
Upload: 75.79 Mbit/s
2025-09-22T06:25:01+08:00
Retrieving speedtest.net configuration...
Testing from FIl Products Service Television Inc (103.105.214.62)...
Retrieving speedtest.net server list...
Selecting best server based on ping...
Hosted by Radius Telecoms, Inc. (Cebu City) [126.16 km]: 45.659 ms
Testing download speed................................................................................
Download: 76.66 Mbit/s
Testing upload speed......................................................................................................
Upload: 70.51 Mbit/s
2025-09-22T06:30:01+08:00
Retrieving speedtest.net configuration...
Testing from FIl Products Service Television Inc (103.105.214.57)...
Retrieving speedtest.net server list...
Selecting best server based on ping...
2025-09-22T06:35:01+08:00
Retrieving speedtest.net configuration...
Testing from FIl Products Service Television Inc (103.105.214.62)...
Retrieving speedtest.net server list...
Selecting best server based on ping...
Hosted by Kinahugan Bojol Communications Inc. (Jagna) [121.71 km]: 50.663 ms
Testing download speed................................................................................
Download: 73.90 Mbit/s
Testing upload speed......................................................................................................
Upload: 60.40 Mbit/s
2025-09-22T06:40:01+08:00
Retrieving speedtest.net configuration...
Testing from FIl Products Service Television Inc (103.105.214.57)...
Retrieving speedtest.net server list...
Selecting best server based on ping...
Hosted by Radius Telecoms, Inc. (Cebu City) [126.16 km]: 44.633 ms
Testing download speed................................................................................
Download: 84.02 Mbit/s
Testing upload speed......................................................................................................
Upload: 79.79 Mbit/s
2025-09-22T06:45:01+08:00
Retrieving speedtest.net configuration...
Testing from FIl Products Service Television Inc (103.105.214.62)...
Retrieving speedtest.net server list...
Selecting best server based on ping...
Hosted by Radius Telecoms, Inc. (Cebu City) [126.16 km]: 45.255 ms
Testing download speed................................................................................
Download: 81.31 Mbit/s
Testing upload speed......................................................................................................
Upload: 73.95 Mbit/s
2025-09-22T06:50:01+08:00
Retrieving speedtest.net configuration...
Testing from FIl Products Service Television Inc (103.105.214.57)...
Retrieving speedtest.net server list...
Selecting best server based on ping...
Hosted by Kinahugan Bojol Communications Inc. (Jagna) [121.71 km]: 50.268 ms
Testing download speed................................................................................
Download: 74.62 Mbit/s
Testing upload speed......................................................................................................
Upload: 69.94 Mbit/s
2025-09-22T06:55:01+08:00
Retrieving speedtest.net configuration...
Testing from FIl Products Service Television Inc (103.105.214.57)...
Retrieving speedtest.net server list...
Selecting best server based on ping...
Hosted by Fil Products Negros (Dumaguete) [0.00 km]: 14.459 ms
Testing download speed................................................................................
Download: 93.87 Mbit/s
Testing upload speed......................................................................................................
Upload: 94.85 Mbit/s
2025-09-22T07:00:01+08:00
Retrieving speedtest.net configuration...
Testing from FIl Products Service Television Inc (103.105.214.57)...
Retrieving speedtest.net server list...
