2025-03-20T00:00:01+08:00
Retrieving speedtest.net configuration...
Testing from FIl Products Service Television Inc (103.105.214.48)...
Retrieving speedtest.net server list...
Selecting best server based on ping...
2025-03-20T00:05:01+08:00
Retrieving speedtest.net configuration...
2025-03-20T00:10:01+08:00
Retrieving speedtest.net configuration...
Testing from FIl Products Service Television Inc (103.105.214.48)...
Retrieving speedtest.net server list...
Selecting best server based on ping...
Hosted by PLDT (Cebu City) [126.16 km]: 35.053 ms
Testing download speed................................................................................
Download: 186.14 Mbit/s
Testing upload speed......................................................................................................
Upload: 179.74 Mbit/s
2025-03-20T00:15:01+08:00
Retrieving speedtest.net configuration...
Testing from FIl Products Service Television Inc (103.105.214.48)...
Retrieving speedtest.net server list...
Selecting best server based on ping...
Hosted by PLDT (Cebu City) [126.16 km]: 37.021 ms
Testing download speed................................................................................
Download: 131.85 Mbit/s
Testing upload speed......................................................................................................
Upload: 179.38 Mbit/s
2025-03-20T00:20:01+08:00
Retrieving speedtest.net configuration...
Testing from FIl Products Service Television Inc (103.105.214.59)...
Retrieving speedtest.net server list...
Selecting best server based on ping...
Hosted by PLDT (Cebu City) [126.16 km]: 36.909 ms
Testing download speed................................................................................
Download: 193.29 Mbit/s
Testing upload speed......................................................................................................
Upload: 196.78 Mbit/s
2025-03-20T00:25:01+08:00
Retrieving speedtest.net configuration...
Testing from FIl Products Service Television Inc (103.105.214.59)...
Retrieving speedtest.net server list...
Selecting best server based on ping...
Hosted by PLDT (Cebu City) [126.16 km]: 35.132 ms
Testing download speed................................................................................
Download: 188.49 Mbit/s
Testing upload speed......................................................................................................
Upload: 179.88 Mbit/s
2025-03-20T00:30:01+08:00
Retrieving speedtest.net configuration...
Testing from FIl Products Service Television Inc (103.105.214.48)...
Retrieving speedtest.net server list...
Selecting best server based on ping...
2025-03-20T00:35:01+08:00
Retrieving speedtest.net configuration...
Testing from FIl Products Service Television Inc (103.105.214.48)...
Retrieving speedtest.net server list...
Selecting best server based on ping...
Hosted by PLDT (Cebu City) [126.16 km]: 34.969 ms
Testing download speed................................................................................
Download: 190.97 Mbit/s
Testing upload speed......................................................................................................
Upload: 175.97 Mbit/s
2025-03-20T00:40:01+08:00
Retrieving speedtest.net configuration...
Testing from FIl Products Service Television Inc (103.105.214.59)...
Retrieving speedtest.net server list...
Selecting best server based on ping...
Hosted by PLDT (Cebu City) [126.16 km]: 37.352 ms
Testing download speed................................................................................
Download: 190.96 Mbit/s
Testing upload speed......................................................................................................
Upload: 190.50 Mbit/s
2025-03-20T00:45:01+08:00
Retrieving speedtest.net configuration...
Testing from FIl Products Service Television Inc (103.105.214.59)...
Retrieving speedtest.net server list...
Selecting best server based on ping...
Hosted by PLDT (Cebu City) [126.16 km]: 35.13 ms
Testing download speed................................................................................
Download: 186.02 Mbit/s
Testing upload speed......................................................................................................
Upload: 168.22 Mbit/s
2025-03-20T00:50:01+08:00
Retrieving speedtest.net configuration...
Testing from FIl Products Service Television Inc (103.105.214.59)...
Retrieving speedtest.net server list...
Selecting best server based on ping...
Hosted by PLDT (Cebu City) [126.16 km]: 37.343 ms
Testing download speed................................................................................
Download: 194.53 Mbit/s
Testing upload speed......................................................................................................
Upload: 146.27 Mbit/s
2025-03-20T00:55:01+08:00
Retrieving speedtest.net configuration...
Testing from FIl Products Service Television Inc (103.105.214.48)...
Retrieving speedtest.net server list...
Selecting best server based on ping...
Hosted by PLDT (Cebu City) [126.16 km]: 35.336 ms
Testing download speed................................................................................
Download: 119.21 Mbit/s
Testing upload speed......................................................................................................
Upload: 182.34 Mbit/s
2025-03-20T01:00:01+08:00
Retrieving speedtest.net configuration...
Testing from FIl Products Service Television Inc (103.105.214.59)...
Retrieving speedtest.net server list...
Selecting best server based on ping...
2025-03-20T01:05:02+08:00
Retrieving speedtest.net configuration...
2025-03-20T01:10:01+08:00
Retrieving speedtest.net configuration...
Testing from FIl Products Service Television Inc (103.105.214.59)...
Retrieving speedtest.net server list...
Selecting best server based on ping...
Hosted by PLDT (Cebu City) [126.16 km]: 34.732 ms
Testing download speed................................................................................
Download: 192.02 Mbit/s
Testing upload speed......................................................................................................
Upload: 203.07 Mbit/s
2025-03-20T01:15:01+08:00
Retrieving speedtest.net configuration...
Testing from FIl Products Service Television Inc (103.105.214.48)...
Retrieving speedtest.net server list...
Selecting best server based on ping...
Hosted by PLDT (Cebu City) [126.16 km]: 35.029 ms
Testing download speed................................................................................
Download: 191.74 Mbit/s
Testing upload speed......................................................................................................
Upload: 144.23 Mbit/s
2025-03-20T01:20:01+08:00
Retrieving speedtest.net configuration...
Testing from FIl Products Service Television Inc (103.105.214.48)...
Retrieving speedtest.net server list...
Selecting best server based on ping...
Hosted by PLDT (Cebu City) [126.16 km]: 34.891 ms
Testing download speed................................................................................
Download: 190.25 Mbit/s
Testing upload speed......................................................................................................
Upload: 141.58 Mbit/s
2025-03-20T01:25:01+08:00
Retrieving speedtest.net configuration...
Testing from FIl Products Service Television Inc (103.105.214.48)...
Retrieving speedtest.net server list...
Selecting best server based on ping...
Hosted by PLDT (Cebu City) [126.16 km]: 37.414 ms
Testing download speed................................................................................
Download: 189.91 Mbit/s
Testing upload speed......................................................................................................
Upload: 202.86 Mbit/s
2025-03-20T01:30:01+08:00
Retrieving speedtest.net configuration...
Testing from FIl Products Service Television Inc (103.105.214.48)...
Retrieving speedtest.net server list...
Selecting best server based on ping...
2025-03-20T01:35:01+08:00
Retrieving speedtest.net configuration...
2025-03-20T01:40:01+08:00
Retrieving speedtest.net configuration...
Testing from FIl Products Service Television Inc (103.105.214.59)...
Retrieving speedtest.net server list...
Selecting best server based on ping...
Hosted by PLDT (Cebu City) [126.16 km]: 35.138 ms
Testing download speed................................................................................
Download: 192.49 Mbit/s
Testing upload speed......................................................................................................
Upload: 155.25 Mbit/s
2025-03-20T01:45:01+08:00
Retrieving speedtest.net configuration...
Testing from FIl Products Service Television Inc (103.105.214.59)...
Retrieving speedtest.net server list...
Selecting best server based on ping...
Hosted by PLDT (Cebu City) [126.16 km]: 35.007 ms
Testing download speed................................................................................
Download: 184.13 Mbit/s
Testing upload speed......................................................................................................
Upload: 211.94 Mbit/s
2025-03-20T01:50:01+08:00
Retrieving speedtest.net configuration...
Testing from FIl Products Service Television Inc (103.105.214.59)...
Retrieving speedtest.net server list...
Selecting best server based on ping...
Hosted by PLDT (Cebu City) [126.16 km]: 36.816 ms
Testing download speed................................................................................
Download: 192.62 Mbit/s
Testing upload speed......................................................................................................
Upload: 185.75 Mbit/s
2025-03-20T01:55:01+08:00
Retrieving speedtest.net configuration...
Testing from FIl Products Service Television Inc (103.105.214.48)...
Retrieving speedtest.net server list...
Selecting best server based on ping...
Hosted by PLDT (Cebu City) [126.16 km]: 35.002 ms
Testing download speed................................................................................
Download: 188.71 Mbit/s
Testing upload speed......................................................................................................
Upload: 127.43 Mbit/s
2025-03-20T02:00:01+08:00
Retrieving speedtest.net configuration...
Testing from FIl Products Service Television Inc (103.105.214.59)...
Retrieving speedtest.net server list...
Selecting best server based on ping...
2025-03-20T02:05:01+08:00
Retrieving speedtest.net configuration...
2025-03-20T02:10:01+08:00
Retrieving speedtest.net configuration...
Testing from FIl Products Service Television Inc (103.105.214.48)...
Retrieving speedtest.net server list...
Selecting best server based on ping...
Hosted by PLDT (Cebu City) [126.16 km]: 36.615 ms
Testing download speed................................................................................
Download: 192.38 Mbit/s
Testing upload speed......................................................................................................
Upload: 151.05 Mbit/s
2025-03-20T02:15:01+08:00
Retrieving speedtest.net configuration...
Testing from FIl Products Service Television Inc (103.105.214.59)...
Retrieving speedtest.net server list...
Selecting best server based on ping...
Hosted by PLDT (Cebu City) [126.16 km]: 35.2 ms
Testing download speed................................................................................
Download: 189.65 Mbit/s
Testing upload speed......................................................................................................
Upload: 192.12 Mbit/s
2025-03-20T02:20:01+08:00
Retrieving speedtest.net configuration...
Testing from FIl Products Service Television Inc (103.105.214.48)...
Retrieving speedtest.net server list...
Selecting best server based on ping...
Hosted by PLDT (Cebu City) [126.16 km]: 35.085 ms
Testing download speed................................................................................
Download: 193.62 Mbit/s
Testing upload speed......................................................................................................
Upload: 165.81 Mbit/s
2025-03-20T02:25:01+08:00
Retrieving speedtest.net configuration...
Testing from FIl Products Service Television Inc (103.105.214.59)...
Retrieving speedtest.net server list...
Selecting best server based on ping...
Hosted by Fil Products Negros (Dumaguete City) [0.00 km]: 4.301 ms
Testing download speed................................................................................
Download: 89.19 Mbit/s
Testing upload speed......................................................................................................
Upload: 94.79 Mbit/s
2025-03-20T02:30:01+08:00
Retrieving speedtest.net configuration...
Testing from FIl Products Service Television Inc (103.105.214.48)...
Retrieving speedtest.net server list...
Selecting best server based on ping...
2025-03-20T02:35:01+08:00
Retrieving speedtest.net configuration...
2025-03-20T02:40:01+08:00
Retrieving speedtest.net configuration...
Testing from FIl Products Service Television Inc (103.105.214.48)...
Retrieving speedtest.net server list...
Selecting best server based on ping...
Hosted by Fil Products Negros (Dumaguete City) [0.00 km]: 3.67 ms
Testing download speed................................................................................
Download: 92.33 Mbit/s
Testing upload speed......................................................................................................
Upload: 93.69 Mbit/s
2025-03-20T02:45:01+08:00
Retrieving speedtest.net configuration...
Testing from FIl Products Service Television Inc (103.105.214.59)...
Retrieving speedtest.net server list...
Selecting best server based on ping...
Hosted by Fil Products Negros (Dumaguete City) [0.00 km]: 6.818 ms
Testing download speed................................................................................
Download: 88.99 Mbit/s
Testing upload speed......................................................................................................
Upload: 94.89 Mbit/s
2025-03-20T02:50:01+08:00
Retrieving speedtest.net configuration...
Testing from FIl Products Service Television Inc (103.105.214.48)...
Retrieving speedtest.net server list...
Selecting best server based on ping...
Hosted by Fil Products Negros (Dumaguete City) [0.00 km]: 5.138 ms
Testing download speed................................................................................
Download: 92.09 Mbit/s
Testing upload speed......................................................................................................
Upload: 94.69 Mbit/s
2025-03-20T02:55:01+08:00
Retrieving speedtest.net configuration...
Testing from FIl Products Service Television Inc (103.105.214.48)...
Retrieving speedtest.net server list...
Selecting best server based on ping...
Hosted by Fil Products Negros (Dumaguete City) [0.00 km]: 2.985 ms
Testing download speed................................................................................
Download: 90.80 Mbit/s
Testing upload speed......................................................................................................
Upload: 87.54 Mbit/s
2025-03-20T03:00:01+08:00
Retrieving speedtest.net configuration...
Testing from FIl Products Service Television Inc (103.105.214.48)...
Retrieving speedtest.net server list...
Selecting best server based on ping...
2025-03-20T03:05:01+08:00
Retrieving speedtest.net configuration...
2025-03-20T03:10:01+08:00
Retrieving speedtest.net configuration...
Testing from FIl Products Service Television Inc (103.105.214.48)...
Retrieving speedtest.net server list...
Selecting best server based on ping...
Hosted by Globe Telecom (Cebu City) [126.16 km]: 42.02 ms
Testing download speed................................................................................
Download: 191.81 Mbit/s
Testing upload speed......................................................................................................
Upload: 186.40 Mbit/s
2025-03-20T03:15:01+08:00
Retrieving speedtest.net configuration...
Testing from FIl Products Service Television Inc (103.105.214.48)...
Retrieving speedtest.net server list...
Selecting best server based on ping...
Hosted by Fil Products Negros (Dumaguete City) [0.00 km]: 6.949 ms
Testing download speed................................................................................
Download: 89.37 Mbit/s
Testing upload speed......................................................................................................
Upload: 58.91 Mbit/s
2025-03-20T03:20:01+08:00
Retrieving speedtest.net configuration...
Testing from FIl Products Service Television Inc (103.105.214.59)...
Retrieving speedtest.net server list...
Selecting best server based on ping...
Hosted by Fil Products Negros (Dumaguete City) [0.00 km]: 6.99 ms
Testing download speed................................................................................
Download: 89.53 Mbit/s
Testing upload speed......................................................................................................
Upload: 73.80 Mbit/s
2025-03-20T03:25:01+08:00
Retrieving speedtest.net configuration...
Testing from FIl Products Service Television Inc (103.105.214.48)...
Retrieving speedtest.net server list...
Selecting best server based on ping...
Hosted by Fil Products Negros (Dumaguete City) [0.00 km]: 3.508 ms
Testing download speed................................................................................
Download: 92.43 Mbit/s
Testing upload speed......................................................................................................
Upload: 94.18 Mbit/s
2025-03-20T03:30:01+08:00
Retrieving speedtest.net configuration...
Testing from FIl Products Service Television Inc (103.105.214.59)...
Retrieving speedtest.net server list...
Selecting best server based on ping...
2025-03-20T03:35:01+08:00
Retrieving speedtest.net configuration...
2025-03-20T03:40:01+08:00
Retrieving speedtest.net configuration...
Testing from FIl Products Service Television Inc (103.105.214.48)...
Retrieving speedtest.net server list...
Selecting best server based on ping...
Hosted by Fil Products Negros (Dumaguete City) [0.00 km]: 3.918 ms
Testing download speed................................................................................
Download: 92.17 Mbit/s
Testing upload speed......................................................................................................
Upload: 94.79 Mbit/s
2025-03-20T03:45:01+08:00
Retrieving speedtest.net configuration...
Testing from FIl Products Service Television Inc (103.105.214.48)...
Retrieving speedtest.net server list...
Selecting best server based on ping...
Hosted by Fil Products Negros (Dumaguete City) [0.00 km]: 2.633 ms
Testing download speed................................................................................
Download: 92.94 Mbit/s
Testing upload speed......................................................................................................
Upload: 95.82 Mbit/s
2025-03-20T03:50:01+08:00
Retrieving speedtest.net configuration...
Testing from FIl Products Service Television Inc (103.105.214.59)...
Retrieving speedtest.net server list...
Selecting best server based on ping...
Hosted by Fil Products Negros (Dumaguete City) [0.00 km]: 5.348 ms
Testing download speed................................................................................
Download: 92.84 Mbit/s
Testing upload speed......................................................................................................
Upload: 91.63 Mbit/s
2025-03-20T03:55:01+08:00
Retrieving speedtest.net configuration...
Testing from FIl Products Service Television Inc (103.105.214.48)...
Retrieving speedtest.net server list...
Selecting best server based on ping...
Hosted by Fil Products Negros (Dumaguete City) [0.00 km]: 2.644 ms
Testing download speed................................................................................
Download: 72.46 Mbit/s
Testing upload speed......................................................................................................
Upload: 61.62 Mbit/s
2025-03-20T04:00:01+08:00
Retrieving speedtest.net configuration...
Testing from FIl Products Service Television Inc (103.105.214.48)...
Retrieving speedtest.net server list...
Selecting best server based on ping...
2025-03-20T04:05:01+08:00
Retrieving speedtest.net configuration...
2025-03-20T04:10:01+08:00
Retrieving speedtest.net configuration...
Testing from FIl Products Service Television Inc (103.105.214.59)...
Retrieving speedtest.net server list...
Selecting best server based on ping...
Hosted by Globe Telecom (Cebu City) [126.16 km]: 41.799 ms
Testing download speed................................................................................
Download: 192.73 Mbit/s
Testing upload speed......................................................................................................
Upload: 166.46 Mbit/s
2025-03-20T04:15:01+08:00
Retrieving speedtest.net configuration...
Testing from FIl Products Service Television Inc (103.105.214.59)...
Retrieving speedtest.net server list...
Selecting best server based on ping...
Hosted by Fil Products Negros (Dumaguete City) [0.00 km]: 5.139 ms
Testing download speed................................................................................
Download: 80.83 Mbit/s
Testing upload speed......................................................................................................
Upload: 60.56 Mbit/s
2025-03-20T04:20:01+08:00
Retrieving speedtest.net configuration...
Testing from FIl Products Service Television Inc (103.105.214.59)...
Retrieving speedtest.net server list...
Selecting best server based on ping...
Hosted by Fil Products Negros (Dumaguete City) [0.00 km]: 8.738 ms
Testing download speed................................................................................
Download: 88.82 Mbit/s
Testing upload speed......................................................................................................
Upload: 95.15 Mbit/s
2025-03-20T04:25:01+08:00
Retrieving speedtest.net configuration...
Testing from FIl Products Service Television Inc (103.105.214.59)...
Retrieving speedtest.net server list...
Selecting best server based on ping...
Hosted by Fil Products Negros (Dumaguete City) [0.00 km]: 4.333 ms
Testing download speed................................................................................
Download: 92.97 Mbit/s
Testing upload speed......................................................................................................
Upload: 94.00 Mbit/s
2025-03-20T04:30:01+08:00
Retrieving speedtest.net configuration...
Testing from FIl Products Service Television Inc (103.105.214.48)...
Retrieving speedtest.net server list...
Selecting best server based on ping...
2025-03-20T04:35:01+08:00
Retrieving speedtest.net configuration...
2025-03-20T04:40:01+08:00
Retrieving speedtest.net configuration...
Testing from FIl Products Service Television Inc (103.105.214.48)...
Retrieving speedtest.net server list...
Selecting best server based on ping...
Hosted by Fil Products Negros (Dumaguete City) [0.00 km]: 4.789 ms
Testing download speed................................................................................
Download: 91.37 Mbit/s
Testing upload speed......................................................................................................
Upload: 93.86 Mbit/s
2025-03-20T04:45:01+08:00
Retrieving speedtest.net configuration...
Testing from FIl Products Service Television Inc (103.105.214.48)...
Retrieving speedtest.net server list...
Selecting best server based on ping...
Hosted by Fil Products Negros (Dumaguete City) [0.00 km]: 5.373 ms
Testing download speed................................................................................
Download: 91.92 Mbit/s
Testing upload speed......................................................................................................
Upload: 75.67 Mbit/s
2025-03-20T04:50:01+08:00
Retrieving speedtest.net configuration...
Testing from FIl Products Service Television Inc (103.105.214.59)...
Retrieving speedtest.net server list...
Selecting best server based on ping...
Hosted by Fil Products Negros (Dumaguete City) [0.00 km]: 4.204 ms
Testing download speed................................................................................
Download: 90.83 Mbit/s
Testing upload speed......................................................................................................
Upload: 89.92 Mbit/s
2025-03-20T04:55:01+08:00
Retrieving speedtest.net configuration...
Testing from FIl Products Service Television Inc (103.105.214.59)...
Retrieving speedtest.net server list...
Selecting best server based on ping...
Hosted by Fil Products Negros (Dumaguete City) [0.00 km]: 4.669 ms
Testing download speed................................................................................
Download: 91.95 Mbit/s
Testing upload speed......................................................................................................
Upload: 95.37 Mbit/s
2025-03-20T05:00:01+08:00
Retrieving speedtest.net configuration...
Testing from FIl Products Service Television Inc (103.105.214.48)...
Retrieving speedtest.net server list...
Selecting best server based on ping...
2025-03-20T05:05:01+08:00
Retrieving speedtest.net configuration...
2025-03-20T05:10:01+08:00
Retrieving speedtest.net configuration...
Testing from FIl Products Service Television Inc (103.105.214.48)...
Retrieving speedtest.net server list...
Selecting best server based on ping...
Hosted by Fil Products Negros (Dumaguete City) [0.00 km]: 7.815 ms
Testing download speed................................................................................
Download: 87.94 Mbit/s
Testing upload speed......................................................................................................
Upload: 89.69 Mbit/s
2025-03-20T05:15:01+08:00
Retrieving speedtest.net configuration...
Testing from FIl Products Service Television Inc (103.105.214.48)...
Retrieving speedtest.net server list...
Selecting best server based on ping...
Hosted by Fil Products Negros (Dumaguete City) [0.00 km]: 11.259 ms
Testing download speed................................................................................
Download: 90.63 Mbit/s
Testing upload speed......................................................................................................
Upload: 90.15 Mbit/s
2025-03-20T05:20:01+08:00
Retrieving speedtest.net configuration...
Testing from FIl Products Service Television Inc (103.105.214.48)...
Retrieving speedtest.net server list...
Selecting best server based on ping...
Hosted by Fil Products Negros (Dumaguete City) [0.00 km]: 3.96 ms
Testing download speed................................................................................
Download: 93.40 Mbit/s
Testing upload speed......................................................................................................
Upload: 93.85 Mbit/s
2025-03-20T05:25:01+08:00
Retrieving speedtest.net configuration...
Testing from FIl Products Service Television Inc (103.105.214.48)...
Retrieving speedtest.net server list...
Selecting best server based on ping...
Hosted by Fil Products Negros (Dumaguete City) [0.00 km]: 2.518 ms
Testing download speed................................................................................
Download: 89.06 Mbit/s
Testing upload speed......................................................................................................
Upload: 25.94 Mbit/s
2025-03-20T05:30:01+08:00
Retrieving speedtest.net configuration...
Testing from FIl Products Service Television Inc (103.105.214.48)...
Retrieving speedtest.net server list...
Selecting best server based on ping...
2025-03-20T05:35:01+08:00
Retrieving speedtest.net configuration...
2025-03-20T05:40:01+08:00
Retrieving speedtest.net configuration...
Testing from FIl Products Service Television Inc (103.105.214.48)...
Retrieving speedtest.net server list...
Selecting best server based on ping...
Hosted by PAKONEK SOLUTIONS (Cebu City) [128.33 km]: 33.266 ms
Testing download speed................................................................................
Download: 192.46 Mbit/s
Testing upload speed......................................................................................................
Upload: 225.58 Mbit/s
2025-03-20T05:45:01+08:00
Retrieving speedtest.net configuration...
Testing from FIl Products Service Television Inc (103.105.214.59)...
Retrieving speedtest.net server list...
Selecting best server based on ping...
Hosted by Parasat Cable TV, Inc. (Cagayan de Oro) [173.34 km]: 12.669 ms
Testing download speed................................................................................
Download: 197.26 Mbit/s
Testing upload speed......................................................................................................
Upload: 297.77 Mbit/s
2025-03-20T05:50:01+08:00
Retrieving speedtest.net configuration...
Testing from FIl Products Service Television Inc (103.105.214.59)...
Retrieving speedtest.net server list...
Selecting best server based on ping...
Hosted by Parasat Cable TV, Inc. (Cagayan de Oro) [173.34 km]: 10.157 ms
Testing download speed................................................................................
Download: 198.29 Mbit/s
Testing upload speed......................................................................................................
Upload: 262.46 Mbit/s
2025-03-20T05:55:01+08:00
Retrieving speedtest.net configuration...
Testing from FIl Products Service Television Inc (103.105.214.59)...
Retrieving speedtest.net server list...
Selecting best server based on ping...
Hosted by Parasat Cable TV, Inc. (Cagayan de Oro) [173.34 km]: 12.845 ms
Testing download speed................................................................................
Download: 196.82 Mbit/s
Testing upload speed......................................................................................................
Upload: 279.78 Mbit/s
2025-03-20T06:00:01+08:00
Retrieving speedtest.net configuration...
Testing from FIl Products Service Television Inc (103.105.214.59)...
Retrieving speedtest.net server list...
Selecting best server based on ping...
2025-03-20T06:05:01+08:00
Retrieving speedtest.net configuration...
Testing from FIl Products Service Television Inc (103.105.214.48)...
Retrieving speedtest.net server list...
Selecting best server based on ping...
Hosted by Parasat Cable TV, Inc. (Cagayan de Oro) [173.34 km]: 10.072 ms
Testing download speed................................................................................
Download: 191.75 Mbit/s
Testing upload speed......................................................................................................
Upload: 284.67 Mbit/s
2025-03-20T06:10:01+08:00
Retrieving speedtest.net configuration...
Testing from FIl Products Service Television Inc (103.105.214.48)...
Retrieving speedtest.net server list...
Selecting best server based on ping...
Hosted by Parasat Cable TV, Inc. (Cagayan de Oro) [173.34 km]: 9.703 ms
Testing download speed................................................................................
Download: 195.62 Mbit/s
Testing upload speed......................................................................................................
Upload: 263.14 Mbit/s
2025-03-20T06:15:01+08:00
Retrieving speedtest.net configuration...
Testing from FIl Products Service Television Inc (103.105.214.59)...
Retrieving speedtest.net server list...
Selecting best server based on ping...
Hosted by Parasat Cable TV, Inc. (Cagayan de Oro) [173.34 km]: 10.637 ms
Testing download speed................................................................................
Download: 197.38 Mbit/s
Testing upload speed......................................................................................................
Upload: 265.21 Mbit/s
2025-03-20T06:20:02+08:00
Retrieving speedtest.net configuration...
Testing from FIl Products Service Television Inc (103.105.214.59)...
Retrieving speedtest.net server list...
Selecting best server based on ping...
Hosted by Parasat Cable TV, Inc. (Cagayan de Oro) [173.34 km]: 10.887 ms
Testing download speed................................................................................
Download: 197.48 Mbit/s
Testing upload speed......................................................................................................
Upload: 248.06 Mbit/s
2025-03-20T06:25:01+08:00
Retrieving speedtest.net configuration...
Testing from FIl Products Service Television Inc (103.105.214.48)...
Retrieving speedtest.net server list...
Selecting best server based on ping...
Hosted by Parasat Cable TV, Inc. (Cagayan de Oro) [173.34 km]: 12.031 ms
Testing download speed................................................................................
Download: 192.02 Mbit/s
Testing upload speed......................................................................................................
Upload: 254.83 Mbit/s
2025-03-20T06:30:01+08:00
Retrieving speedtest.net configuration...
Testing from FIl Products Service Television Inc (103.105.214.59)...
Retrieving speedtest.net server list...
Selecting best server based on ping...
2025-03-20T06:35:01+08:00
Retrieving speedtest.net configuration...
2025-03-20T06:40:01+08:00
Retrieving speedtest.net configuration...
Testing from FIl Products Service Television Inc (103.105.214.59)...
Retrieving speedtest.net server list...
Selecting best server based on ping...
Hosted by Parasat Cable TV, Inc. (Cagayan de Oro) [173.34 km]: 12.837 ms
Testing download speed................................................................................
Download: 196.85 Mbit/s
Testing upload speed......................................................................................................
Upload: 270.59 Mbit/s
2025-03-20T06:45:01+08:00
Retrieving speedtest.net configuration...
Testing from FIl Products Service Television Inc (103.105.214.48)...
Retrieving speedtest.net server list...
Selecting best server based on ping...
Hosted by Parasat Cable TV, Inc. (Cagayan de Oro) [173.34 km]: 10.98 ms
Testing download speed................................................................................
Download: 197.26 Mbit/s
Testing upload speed......................................................................................................
Upload: 274.23 Mbit/s
2025-03-20T06:50:01+08:00
Retrieving speedtest.net configuration...
Testing from FIl Products Service Television Inc (103.105.214.59)...
Retrieving speedtest.net server list...
Selecting best server based on ping...
Hosted by Parasat Cable TV, Inc. (Cagayan de Oro) [173.34 km]: 32.141 ms
Testing download speed................................................................................
Download: 194.64 Mbit/s
Testing upload speed......................................................................................................
Upload: 166.06 Mbit/s
2025-03-20T06:55:01+08:00
Retrieving speedtest.net configuration...
Testing from FIl Products Service Television Inc (103.105.214.48)...
Retrieving speedtest.net server list...
Selecting best server based on ping...
Hosted by Parasat Cable TV, Inc. (Cagayan de Oro) [173.34 km]: 10.399 ms
Testing download speed................................................................................
Download: 190.94 Mbit/s
Testing upload speed......................................................................................................
Upload: 274.30 Mbit/s
2025-03-20T07:00:01+08:00
Retrieving speedtest.net configuration...
Testing from FIl Products Service Television Inc (103.105.214.59)...
Retrieving speedtest.net server list...
Selecting best server based on ping...
2025-03-20T07:05:01+08:00
Retrieving speedtest.net configuration...
2025-03-20T07:10:01+08:00
Retrieving speedtest.net configuration...
Testing from FIl Products Service Television Inc (103.105.214.48)...
Retrieving speedtest.net server list...
Selecting best server based on ping...
Hosted by Parasat Cable TV, Inc. (Cagayan de Oro) [173.34 km]: 11.249 ms
Testing download speed................................................................................
Download: 200.26 Mbit/s
Testing upload speed......................................................................................................
Upload: 257.34 Mbit/s
2025-03-20T07:15:01+08:00
Retrieving speedtest.net configuration...
Testing from FIl Products Service Television Inc (103.105.214.59)...
Retrieving speedtest.net server list...
Selecting best server based on ping...
Hosted by Parasat Cable TV, Inc. (Cagayan de Oro) [173.34 km]: 10.768 ms
Testing download speed................................................................................
Download: 193.99 Mbit/s
Testing upload speed......................................................................................................
Upload: 293.82 Mbit/s
2025-03-20T07:20:01+08:00
Retrieving speedtest.net configuration...
Testing from FIl Products Service Television Inc (103.105.214.48)...
Retrieving speedtest.net server list...
Selecting best server based on ping...
Hosted by Parasat Cable TV, Inc. (Cagayan de Oro) [173.34 km]: 12.491 ms
Testing download speed................................................................................
Download: 190.97 Mbit/s
Testing upload speed......................................................................................................
Upload: 264.20 Mbit/s
2025-03-20T07:25:01+08:00
Retrieving speedtest.net configuration...
Testing from FIl Products Service Television Inc (103.105.214.59)...
Retrieving speedtest.net server list...
Selecting best server based on ping...
Hosted by Parasat Cable TV, Inc. (Cagayan de Oro) [173.34 km]: 10.652 ms
Testing download speed................................................................................
Download: 191.51 Mbit/s
Testing upload speed......................................................................................................
Upload: 273.72 Mbit/s
2025-03-20T07:30:01+08:00
Retrieving speedtest.net configuration...
Testing from FIl Products Service Television Inc (103.105.214.59)...
Retrieving speedtest.net server list...
Selecting best server based on ping...
2025-03-20T07:35:01+08:00
Retrieving speedtest.net configuration...
2025-03-20T07:40:01+08:00
Retrieving speedtest.net configuration...
Testing from FIl Products Service Television Inc (103.105.214.59)...
Retrieving speedtest.net server list...
Selecting best server based on ping...
Hosted by Parasat Cable TV, Inc. (Cagayan de Oro) [173.34 km]: 10.725 ms
Testing download speed................................................................................
Download: 192.30 Mbit/s
Testing upload speed......................................................................................................
Upload: 271.62 Mbit/s
2025-03-20T07:45:01+08:00
Retrieving speedtest.net configuration...
Testing from FIl Products Service Television Inc (103.105.214.48)...
Retrieving speedtest.net server list...
Selecting best server based on ping...
Hosted by Parasat Cable TV, Inc. (Cagayan de Oro) [173.34 km]: 11.025 ms
Testing download speed................................................................................
Download: 203.28 Mbit/s
Testing upload speed......................................................................................................
Upload: 256.16 Mbit/s
2025-03-20T07:50:01+08:00
Retrieving speedtest.net configuration...
Testing from FIl Products Service Television Inc (103.105.214.48)...
Retrieving speedtest.net server list...
Selecting best server based on ping...
Hosted by Parasat Cable TV, Inc. (Cagayan de Oro) [173.34 km]: 10.791 ms
Testing download speed................................................................................
Download: 196.04 Mbit/s
Testing upload speed......................................................................................................
Upload: 237.06 Mbit/s
2025-03-20T07:55:01+08:00
Retrieving speedtest.net configuration...
Testing from FIl Products Service Television Inc (103.105.214.48)...
Retrieving speedtest.net server list...
Selecting best server based on ping...
Hosted by Parasat Cable TV, Inc. (Cagayan de Oro) [173.34 km]: 12.785 ms
Testing download speed................................................................................
Download: 190.55 Mbit/s
Testing upload speed......................................................................................................
Upload: 266.72 Mbit/s
2025-03-20T08:00:01+08:00
Retrieving speedtest.net configuration...
Testing from FIl Products Service Television Inc (103.105.214.59)...
Retrieving speedtest.net server list...
Selecting best server based on ping...
2025-03-20T08:05:01+08:00
Retrieving speedtest.net configuration...
Testing from FIl Products Service Television Inc (103.105.214.48)...
Retrieving speedtest.net server list...
Selecting best server based on ping...
Hosted by Parasat Cable TV, Inc. (Cagayan de Oro) [173.34 km]: 11.047 ms
Testing download speed................................................................................
Download: 199.29 Mbit/s
Testing upload speed......................................................................................................
Upload: 264.41 Mbit/s
2025-03-20T08:10:01+08:00
Retrieving speedtest.net configuration...
Testing from FIl Products Service Television Inc (103.105.214.59)...
Retrieving speedtest.net server list...
Selecting best server based on ping...
Hosted by Parasat Cable TV, Inc. (Cagayan de Oro) [173.34 km]: 17.797 ms
Testing download speed................................................................................
Download: 96.03 Mbit/s
Testing upload speed......................................................................................................
Upload: 115.12 Mbit/s
2025-03-20T08:15:01+08:00
Retrieving speedtest.net configuration...
Testing from FIl Products Service Television Inc (103.105.214.59)...
Retrieving speedtest.net server list...
Selecting best server based on ping...
Hosted by Parasat Cable TV, Inc. (Cagayan de Oro) [173.34 km]: 12.023 ms
Testing download speed................................................................................
Download: 197.29 Mbit/s
Testing upload speed......................................................................................................
Upload: 282.70 Mbit/s
2025-03-20T08:20:01+08:00
Retrieving speedtest.net configuration...
Testing from FIl Products Service Television Inc (103.105.214.48)...
Retrieving speedtest.net server list...
Selecting best server based on ping...
Hosted by Parasat Cable TV, Inc. (Cagayan de Oro) [173.34 km]: 12.751 ms
Testing download speed................................................................................
Download: 193.05 Mbit/s
Testing upload speed......................................................................................................
Upload: 259.09 Mbit/s
2025-03-20T08:25:01+08:00
Retrieving speedtest.net configuration...
Testing from FIl Products Service Television Inc (103.105.214.59)...
Retrieving speedtest.net server list...
Selecting best server based on ping...
Hosted by Parasat Cable TV, Inc. (Cagayan de Oro) [173.34 km]: 11.618 ms
Testing download speed................................................................................
Download: 181.08 Mbit/s
Testing upload speed......................................................................................................
Upload: 375.55 Mbit/s
2025-03-20T08:30:01+08:00
Retrieving speedtest.net configuration...
Testing from FIl Products Service Television Inc (103.105.214.48)...
Retrieving speedtest.net server list...
Selecting best server based on ping...
2025-03-20T08:35:01+08:00
Retrieving speedtest.net configuration...
2025-03-20T08:40:01+08:00
Retrieving speedtest.net configuration...
Testing from FIl Products Service Television Inc (103.105.214.48)...
Retrieving speedtest.net server list...
Selecting best server based on ping...
Hosted by Parasat Cable TV, Inc. (Cagayan de Oro) [173.34 km]: 10.503 ms
Testing download speed................................................................................
Download: 190.81 Mbit/s
Testing upload speed......................................................................................................
Upload: 270.11 Mbit/s
2025-03-20T08:45:01+08:00
Retrieving speedtest.net configuration...
Testing from FIl Products Service Television Inc (103.105.214.59)...
Retrieving speedtest.net server list...
Selecting best server based on ping...
Hosted by PAKONEK SOLUTIONS (Cebu City) [128.33 km]: 35.867 ms
Testing download speed................................................................................
Download: 141.38 Mbit/s
Testing upload speed......................................................................................................
Upload: 197.66 Mbit/s
2025-03-20T08:50:01+08:00
Retrieving speedtest.net configuration...
Testing from FIl Products Service Television Inc (103.105.214.59)...
Retrieving speedtest.net server list...
Selecting best server based on ping...
Hosted by PAKONEK SOLUTIONS (Cebu City) [128.33 km]: 33.376 ms
Testing download speed................................................................................
Download: 183.85 Mbit/s
Testing upload speed......................................................................................................
Upload: 192.08 Mbit/s
2025-03-20T08:55:01+08:00
Retrieving speedtest.net configuration...
Testing from FIl Products Service Television Inc (103.105.214.48)...
Retrieving speedtest.net server list...
Selecting best server based on ping...
Hosted by PAKONEK SOLUTIONS (Cebu City) [128.33 km]: 33.378 ms
Testing download speed................................................................................
Download: 179.42 Mbit/s
Testing upload speed......................................................................................................
Upload: 170.19 Mbit/s
2025-03-20T09:00:01+08:00
Retrieving speedtest.net configuration...
Testing from FIl Products Service Television Inc (103.105.214.48)...
Retrieving speedtest.net server list...
