2025-05-01T12:10:01+08:00
Retrieving speedtest.net configuration...
2025-05-01T12:15:01+08:00
Retrieving speedtest.net configuration...
2025-05-01T12:20:01+08:00
Retrieving speedtest.net configuration...
2025-05-01T12:25:01+08:00
Retrieving speedtest.net configuration...
2025-05-01T12:30:01+08:00
Retrieving speedtest.net configuration...
2025-05-01T12:35:01+08:00
Retrieving speedtest.net configuration...
2025-05-01T12:40:01+08:00
Retrieving speedtest.net configuration...
2025-05-01T12:45:01+08:00
Retrieving speedtest.net configuration...
2025-05-01T12:50:01+08:00
Retrieving speedtest.net configuration...
2025-05-01T12:55:01+08:00
Retrieving speedtest.net configuration...
2025-05-01T13:00:01+08:00
Retrieving speedtest.net configuration...
2025-05-01T13:05:01+08:00
Retrieving speedtest.net configuration...
2025-05-01T13:10:01+08:00
Retrieving speedtest.net configuration...
2025-05-01T13:15:01+08:00
Retrieving speedtest.net configuration...
2025-05-01T13:20:01+08:00
Retrieving speedtest.net configuration...
2025-05-01T13:25:01+08:00
Retrieving speedtest.net configuration...
2025-05-01T13:30:01+08:00
Retrieving speedtest.net configuration...
2025-05-01T13:35:01+08:00
Retrieving speedtest.net configuration...
2025-05-01T13:40:01+08:00
Retrieving speedtest.net configuration...
2025-05-01T13:45:01+08:00
Retrieving speedtest.net configuration...
2025-05-01T13:50:01+08:00
Retrieving speedtest.net configuration...
2025-05-01T13:55:01+08:00
Retrieving speedtest.net configuration...
2025-05-01T14:00:01+08:00
Retrieving speedtest.net configuration...
2025-05-01T14:05:01+08:00
Retrieving speedtest.net configuration...
2025-05-01T14:10:01+08:00
Retrieving speedtest.net configuration...
2025-05-01T14:15:01+08:00
Retrieving speedtest.net configuration...
2025-05-01T14:20:01+08:00
Retrieving speedtest.net configuration...
2025-05-01T14:25:01+08:00
Retrieving speedtest.net configuration...
2025-05-01T14:30:01+08:00
Retrieving speedtest.net configuration...
2025-05-01T14:35:01+08:00
Retrieving speedtest.net configuration...
2025-05-01T14:40:01+08:00
Retrieving speedtest.net configuration...
2025-05-01T14:45:01+08:00
Retrieving speedtest.net configuration...
2025-05-01T14:50:01+08:00
Retrieving speedtest.net configuration...
2025-05-01T14:55:01+08:00
Retrieving speedtest.net configuration...
2025-05-01T15:00:01+08:00
Retrieving speedtest.net configuration...
2025-05-01T15:05:01+08:00
Retrieving speedtest.net configuration...
2025-05-01T15:10:02+08:00
Retrieving speedtest.net configuration...
2025-05-01T15:15:01+08:00
Retrieving speedtest.net configuration...
2025-05-01T15:20:01+08:00
Retrieving speedtest.net configuration...
2025-05-01T15:25:01+08:00
Retrieving speedtest.net configuration...
2025-05-01T15:30:01+08:00
Retrieving speedtest.net configuration...
2025-05-01T15:35:01+08:00
Retrieving speedtest.net configuration...
2025-05-01T15:40:01+08:00
Retrieving speedtest.net configuration...
2025-05-01T15:45:01+08:00
Retrieving speedtest.net configuration...
2025-05-01T15:50:01+08:00
Retrieving speedtest.net configuration...
2025-05-01T15:55:01+08:00
Retrieving speedtest.net configuration...
2025-05-01T16:00:01+08:00
Retrieving speedtest.net configuration...
2025-05-01T16:05:01+08:00
Retrieving speedtest.net configuration...
2025-05-01T16:10:01+08:00
Retrieving speedtest.net configuration...
2025-05-01T16:15:01+08:00
Retrieving speedtest.net configuration...
2025-05-01T16:20:01+08:00
Retrieving speedtest.net configuration...
2025-05-01T16:25:01+08:00
Retrieving speedtest.net configuration...
2025-05-01T16:30:01+08:00
Retrieving speedtest.net configuration...
2025-05-01T16:35:01+08:00
Retrieving speedtest.net configuration...
2025-05-01T16:40:01+08:00
Retrieving speedtest.net configuration...
2025-05-01T16:45:01+08:00
Retrieving speedtest.net configuration...
2025-05-01T16:50:01+08:00
Retrieving speedtest.net configuration...
2025-05-01T16:55:01+08:00
Retrieving speedtest.net configuration...
2025-05-01T17:00:01+08:00
Retrieving speedtest.net configuration...
2025-05-01T17:05:01+08:00
Retrieving speedtest.net configuration...
2025-05-01T17:10:01+08:00
Retrieving speedtest.net configuration...
2025-05-01T17:15:01+08:00
Retrieving speedtest.net configuration...
2025-05-01T17:20:01+08:00
Retrieving speedtest.net configuration...
2025-05-01T17:25:01+08:00
Retrieving speedtest.net configuration...
2025-05-01T17:30:01+08:00
Retrieving speedtest.net configuration...
2025-05-01T17:35:01+08:00
Retrieving speedtest.net configuration...
2025-05-01T17:40:01+08:00
Retrieving speedtest.net configuration...
2025-05-01T17:45:01+08:00
Retrieving speedtest.net configuration...
2025-05-01T17:50:01+08:00
Retrieving speedtest.net configuration...
2025-05-01T17:55:01+08:00
Retrieving speedtest.net configuration...
2025-05-01T18:00:01+08:00
Retrieving speedtest.net configuration...
2025-05-01T18:05:01+08:00
Retrieving speedtest.net configuration...
2025-05-01T18:10:01+08:00
Retrieving speedtest.net configuration...
Testing from Shaw Communications (162.217.232.110)...
Retrieving speedtest.net server list...
Selecting best server based on ping...
Hosted by TELUS Mobility (Vancouver, BC) [13.31 km]: 4.905 ms
Testing download speed................................................................................
Download: 265.72 Mbit/s
Testing upload speed......................................................................................................
Upload: 239.72 Mbit/s
2025-05-01T03:15:01-07:00
Retrieving speedtest.net configuration...
Testing from Shaw Communications (162.217.232.110)...
Retrieving speedtest.net server list...
Selecting best server based on ping...
Hosted by Bell Canada (Mississauga, ON) [3329.26 km]: 55.159 ms
Testing download speed................................................................................
Download: 181.92 Mbit/s
Testing upload speed......................................................................................................
Upload: 32.96 Mbit/s
2025-05-01T03:20:01-07:00
Retrieving speedtest.net configuration...
Testing from Shaw Communications (162.217.232.110)...
Retrieving speedtest.net server list...
Selecting best server based on ping...
Hosted by Rogers (Toronto, ON) [3344.65 km]: 68.552 ms
Testing download speed................................................................................
Download: 170.52 Mbit/s
Testing upload speed......................................................................................................
Upload: 155.18 Mbit/s
2025-05-01T03:25:01-07:00
Retrieving speedtest.net configuration...
Testing from Shaw Communications (162.217.232.110)...
Retrieving speedtest.net server list...
Selecting best server based on ping...
Hosted by Skyway West Business Internet Services (Vancouver, BC) [13.31 km]: 4.544 ms
Testing download speed................................................................................
Download: 226.32 Mbit/s
Testing upload speed......................................................................................................
Upload: 185.53 Mbit/s
2025-05-01T03:30:01-07:00
Retrieving speedtest.net configuration...
Testing from Shaw Communications (162.217.232.110)...
Retrieving speedtest.net server list...
Selecting best server based on ping...
2025-05-01T03:35:01-07:00
Retrieving speedtest.net configuration...
Testing from Shaw Communications (162.217.232.110)...
Retrieving speedtest.net server list...
Selecting best server based on ping...
Hosted by TELUS Mobility (Calgary, AB) [662.65 km]: 16.531 ms
Testing download speed................................................................................
Download: 219.62 Mbit/s
Testing upload speed......................................................................................................
Upload: 184.94 Mbit/s
2025-05-01T03:40:01-07:00
Retrieving speedtest.net configuration...
Testing from Shaw Communications (162.217.232.110)...
Retrieving speedtest.net server list...
Selecting best server based on ping...
Hosted by Bell Mobility (Surrey, BC) [7.30 km]: 5.046 ms
Testing download speed................................................................................
Download: 220.15 Mbit/s
Testing upload speed......................................................................................................
Upload: 190.91 Mbit/s
2025-05-01T03:45:01-07:00
Retrieving speedtest.net configuration...
Testing from Shaw Communications (162.217.232.110)...
Retrieving speedtest.net server list...
Selecting best server based on ping...
Hosted by TELUS Mobility (Calgary, AB) [662.65 km]: 16.719 ms
Testing download speed................................................................................
Download: 212.73 Mbit/s
Testing upload speed......................................................................................................
Upload: 178.89 Mbit/s
2025-05-01T03:50:01-07:00
Retrieving speedtest.net configuration...
Testing from Shaw Communications (162.217.232.110)...
Retrieving speedtest.net server list...
Selecting best server based on ping...
Hosted by TELUS Mobility (Calgary, AB) [662.65 km]: 18.819 ms
Testing download speed................................................................................
Download: 215.04 Mbit/s
Testing upload speed......................................................................................................
Upload: 188.75 Mbit/s
2025-05-01T03:55:01-07:00
Retrieving speedtest.net configuration...
Testing from Shaw Communications (162.217.232.110)...
Retrieving speedtest.net server list...
Selecting best server based on ping...
Hosted by Skyway West Business Internet Services (Vancouver, BC) [13.31 km]: 6.427 ms
Testing download speed................................................................................
Download: 219.97 Mbit/s
Testing upload speed......................................................................................................
Upload: 193.38 Mbit/s
2025-05-01T04:00:01-07:00
Retrieving speedtest.net configuration...
Testing from Shaw Communications (162.217.232.110)...
Retrieving speedtest.net server list...
Selecting best server based on ping...
2025-05-01T04:05:01-07:00
Retrieving speedtest.net configuration...
2025-05-01T04:10:01-07:00
Retrieving speedtest.net configuration...
Testing from Shaw Communications (162.217.232.110)...
Retrieving speedtest.net server list...
Selecting best server based on ping...
Hosted by TELUS Mobility (Calgary, AB) [662.65 km]: 18.75 ms
Testing download speed................................................................................
Download: 212.10 Mbit/s
Testing upload speed......................................................................................................
Upload: 178.66 Mbit/s
2025-05-01T04:15:01-07:00
Retrieving speedtest.net configuration...
Testing from Shaw Communications (162.217.232.110)...
Retrieving speedtest.net server list...
Selecting best server based on ping...
Hosted by Skyway West Business Internet Services (Vancouver, BC) [13.31 km]: 6.152 ms
Testing download speed................................................................................
Download: 231.56 Mbit/s
Testing upload speed......................................................................................................
Upload: 197.88 Mbit/s
2025-05-01T04:20:01-07:00
Retrieving speedtest.net configuration...
Testing from Shaw Communications (162.217.232.110)...
Retrieving speedtest.net server list...
Selecting best server based on ping...
Hosted by Skyway West Business Internet Services (Vancouver, BC) [13.31 km]: 5.331 ms
Testing download speed................................................................................
Download: 212.45 Mbit/s
Testing upload speed......................................................................................................
Upload: 191.23 Mbit/s
2025-05-01T04:25:01-07:00
Retrieving speedtest.net configuration...
Testing from Shaw Communications (162.217.232.110)...
Retrieving speedtest.net server list...
Selecting best server based on ping...
Hosted by Skyway West Business Internet Services (Vancouver, BC) [13.31 km]: 4.154 ms
Testing download speed................................................................................
Download: 223.39 Mbit/s
Testing upload speed......................................................................................................
Upload: 192.72 Mbit/s
2025-05-01T04:30:01-07:00
Retrieving speedtest.net configuration...
Testing from Shaw Communications (162.217.232.110)...
Retrieving speedtest.net server list...
Selecting best server based on ping...
2025-05-01T04:35:01-07:00
Retrieving speedtest.net configuration...
2025-05-01T04:40:01-07:00
Retrieving speedtest.net configuration...
Testing from Shaw Communications (162.217.232.110)...
Retrieving speedtest.net server list...
Selecting best server based on ping...
Hosted by TELUS Mobility (Calgary, AB) [662.65 km]: 19.15 ms
Testing download speed................................................................................
Download: 206.89 Mbit/s
Testing upload speed......................................................................................................
Upload: 161.13 Mbit/s
2025-05-01T04:45:01-07:00
Retrieving speedtest.net configuration...
Testing from Shaw Communications (162.217.232.110)...
Retrieving speedtest.net server list...
Selecting best server based on ping...
Hosted by TELUS (Vancouver, BC) [13.31 km]: 5.573 ms
Testing download speed................................................................................
Download: 212.94 Mbit/s
Testing upload speed......................................................................................................
Upload: 192.58 Mbit/s
2025-05-01T04:50:01-07:00
Retrieving speedtest.net configuration...
Testing from Shaw Communications (162.217.232.110)...
Retrieving speedtest.net server list...
Selecting best server based on ping...
Hosted by TELUS Mobility (Calgary, AB) [662.65 km]: 15.352 ms
Testing download speed................................................................................
Download: 201.66 Mbit/s
Testing upload speed......................................................................................................
Upload: 178.95 Mbit/s
2025-05-01T04:55:01-07:00
Retrieving speedtest.net configuration...
Testing from Shaw Communications (162.217.232.110)...
Retrieving speedtest.net server list...
Selecting best server based on ping...
Hosted by TELUS Mobility (Vancouver, BC) [13.31 km]: 6.41 ms
Testing download speed................................................................................
Download: 222.67 Mbit/s
Testing upload speed......................................................................................................
Upload: 191.39 Mbit/s
2025-05-01T05:00:01-07:00
Retrieving speedtest.net configuration...
Testing from Shaw Communications (162.217.232.110)...
Retrieving speedtest.net server list...
Selecting best server based on ping...
2025-05-01T05:05:01-07:00
Retrieving speedtest.net configuration...
2025-05-01T05:10:01-07:00
Retrieving speedtest.net configuration...
Testing from Shaw Communications (162.217.232.110)...
Retrieving speedtest.net server list...
Selecting best server based on ping...
Hosted by Skyway West Business Internet Services (Vancouver, BC) [13.31 km]: 5.505 ms
Testing download speed................................................................................
Download: 208.50 Mbit/s
Testing upload speed......................................................................................................
Upload: 190.79 Mbit/s
2025-05-01T05:15:01-07:00
Retrieving speedtest.net configuration...
Testing from Shaw Communications (162.217.232.110)...
Retrieving speedtest.net server list...
Selecting best server based on ping...
Hosted by TELUS Mobility (Vancouver, BC) [13.31 km]: 4.74 ms
Testing download speed................................................................................
Download: 216.16 Mbit/s
Testing upload speed......................................................................................................
Upload: 188.02 Mbit/s
2025-05-01T05:20:01-07:00
Retrieving speedtest.net configuration...
Testing from Shaw Communications (162.217.232.110)...
Retrieving speedtest.net server list...
Selecting best server based on ping...
Hosted by Bell Mobility (Surrey, BC) [7.30 km]: 4.039 ms
Testing download speed................................................................................
Download: 216.24 Mbit/s
Testing upload speed......................................................................................................
Upload: 191.80 Mbit/s
2025-05-01T05:25:01-07:00
Retrieving speedtest.net configuration...
Testing from Shaw Communications (162.217.232.110)...
Retrieving speedtest.net server list...
Selecting best server based on ping...
Hosted by TELUS Mobility (Vancouver, BC) [13.31 km]: 7.377 ms
Testing download speed................................................................................
Download: 213.39 Mbit/s
Testing upload speed......................................................................................................
Upload: 186.47 Mbit/s
2025-05-01T05:30:01-07:00
Retrieving speedtest.net configuration...
Testing from Shaw Communications (162.217.232.110)...
Retrieving speedtest.net server list...
Selecting best server based on ping...
2025-05-01T05:35:01-07:00
Retrieving speedtest.net configuration...
Testing from Shaw Communications (162.217.232.110)...
Retrieving speedtest.net server list...
Selecting best server based on ping...
Hosted by Bell Mobility (Surrey, BC) [7.30 km]: 3.962 ms
Testing download speed................................................................................
Download: 232.84 Mbit/s
Testing upload speed......................................................................................................
Upload: 206.96 Mbit/s
2025-05-01T05:40:01-07:00
Retrieving speedtest.net configuration...
Testing from Shaw Communications (162.217.232.110)...
Retrieving speedtest.net server list...
Selecting best server based on ping...
Hosted by TELUS Mobility (Calgary, AB) [662.65 km]: 17.851 ms
Testing download speed................................................................................
Download: 208.28 Mbit/s
Testing upload speed......................................................................................................
Upload: 177.53 Mbit/s
2025-05-01T05:45:01-07:00
Retrieving speedtest.net configuration...
Testing from Shaw Communications (162.217.232.110)...
Retrieving speedtest.net server list...
Selecting best server based on ping...
Hosted by Bell Mobility (Surrey, BC) [7.30 km]: 6.092 ms
Testing download speed................................................................................
Download: 230.34 Mbit/s
Testing upload speed......................................................................................................
Upload: 183.68 Mbit/s
2025-05-01T05:50:01-07:00
Retrieving speedtest.net configuration...
Testing from Shaw Communications (162.217.232.110)...
Retrieving speedtest.net server list...
Selecting best server based on ping...
Hosted by Bell Mobility (Surrey, BC) [7.30 km]: 4.299 ms
Testing download speed................................................................................
Download: 240.46 Mbit/s
Testing upload speed......................................................................................................
Upload: 182.02 Mbit/s
2025-05-01T05:55:01-07:00
Retrieving speedtest.net configuration...
Testing from Shaw Communications (162.217.232.110)...
Retrieving speedtest.net server list...
Selecting best server based on ping...
Hosted by TELUS Mobility (Calgary, AB) [662.65 km]: 18.837 ms
Testing download speed................................................................................
Download: 217.18 Mbit/s
Testing upload speed......................................................................................................
Upload: 180.01 Mbit/s
2025-05-01T06:00:01-07:00
Retrieving speedtest.net configuration...
Testing from Shaw Communications (162.217.232.110)...
Retrieving speedtest.net server list...
Selecting best server based on ping...
2025-05-01T06:05:01-07:00
Retrieving speedtest.net configuration...
2025-05-01T06:10:01-07:00
Retrieving speedtest.net configuration...
Testing from Shaw Communications (162.217.232.110)...
Retrieving speedtest.net server list...
Selecting best server based on ping...
Hosted by TELUS Mobility (Calgary, AB) [662.65 km]: 20.151 ms
Testing download speed................................................................................
Download: 220.60 Mbit/s
Testing upload speed......................................................................................................
Upload: 224.83 Mbit/s
2025-05-01T06:15:01-07:00
Retrieving speedtest.net configuration...
Testing from Shaw Communications (162.217.232.110)...
Retrieving speedtest.net server list...
Selecting best server based on ping...
Hosted by Bell Mobility (Surrey, BC) [7.30 km]: 5.27 ms
Testing download speed................................................................................
Download: 264.54 Mbit/s
Testing upload speed......................................................................................................
Upload: 238.19 Mbit/s
2025-05-01T06:20:01-07:00
Retrieving speedtest.net configuration...
Testing from Shaw Communications (162.217.232.110)...
Retrieving speedtest.net server list...
Selecting best server based on ping...
Hosted by TELUS Mobility (Vancouver, BC) [13.31 km]: 7.735 ms
Testing download speed................................................................................
Download: 250.88 Mbit/s
Testing upload speed......................................................................................................
Upload: 234.66 Mbit/s
2025-05-01T06:25:01-07:00
Retrieving speedtest.net configuration...
Testing from Shaw Communications (162.217.232.110)...
Retrieving speedtest.net server list...
Selecting best server based on ping...
Hosted by Bell Mobility (Surrey, BC) [7.30 km]: 5.069 ms
Testing download speed................................................................................
Download: 264.62 Mbit/s
Testing upload speed......................................................................................................
Upload: 243.87 Mbit/s
2025-05-01T06:30:01-07:00
Retrieving speedtest.net configuration...
Testing from Shaw Communications (162.217.232.110)...
Retrieving speedtest.net server list...
Selecting best server based on ping...
2025-05-01T06:35:01-07:00
Retrieving speedtest.net configuration...
Testing from Shaw Communications (162.217.232.110)...
Retrieving speedtest.net server list...
Selecting best server based on ping...
Hosted by TELUS Mobility (Vancouver, BC) [13.31 km]: 4.357 ms
Testing download speed................................................................................
Download: 256.55 Mbit/s
Testing upload speed......................................................................................................
Upload: 241.38 Mbit/s
2025-05-01T06:40:01-07:00
Retrieving speedtest.net configuration...
Testing from Shaw Communications (162.217.232.110)...
Retrieving speedtest.net server list...
Selecting best server based on ping...
Hosted by Skyway West Business Internet Services (Vancouver, BC) [13.31 km]: 5.502 ms
Testing download speed................................................................................
Download: 260.23 Mbit/s
Testing upload speed......................................................................................................
Upload: 237.67 Mbit/s
2025-05-01T06:45:01-07:00
Retrieving speedtest.net configuration...
Testing from Shaw Communications (162.217.232.110)...
Retrieving speedtest.net server list...
Selecting best server based on ping...
Hosted by Skyway West Business Internet Services (Vancouver, BC) [13.31 km]: 4.752 ms
Testing download speed................................................................................
Download: 256.87 Mbit/s
Testing upload speed......................................................................................................
Upload: 237.14 Mbit/s
2025-05-01T06:50:01-07:00
Retrieving speedtest.net configuration...
Testing from Shaw Communications (162.217.232.110)...
Retrieving speedtest.net server list...
Selecting best server based on ping...
Hosted by Skyway West Business Internet Services (Vancouver, BC) [13.31 km]: 4.51 ms
Testing download speed................................................................................
Download: 269.13 Mbit/s
Testing upload speed......................................................................................................
Upload: 248.13 Mbit/s
2025-05-01T06:55:01-07:00
Retrieving speedtest.net configuration...
Testing from Shaw Communications (162.217.232.110)...
Retrieving speedtest.net server list...
Selecting best server based on ping...
Hosted by Bell Mobility (Vancouver, BC) [13.31 km]: 6.276 ms
Testing download speed................................................................................
Download: 252.16 Mbit/s
Testing upload speed......................................................................................................
Upload: 211.35 Mbit/s
2025-05-01T07:00:01-07:00
Retrieving speedtest.net configuration...
Testing from Shaw Communications (162.217.232.110)...
Retrieving speedtest.net server list...
Selecting best server based on ping...
2025-05-01T07:05:01-07:00
Retrieving speedtest.net configuration...
2025-05-01T07:10:01-07:00
Retrieving speedtest.net configuration...
Testing from Shaw Communications (162.217.232.110)...
Retrieving speedtest.net server list...
Selecting best server based on ping...
Hosted by Shaw Communications (Vancouver, BC) [13.31 km]: 6.895 ms
Testing download speed................................................................................
Download: 255.37 Mbit/s
Testing upload speed......................................................................................................
Upload: 76.66 Mbit/s
2025-05-01T07:15:01-07:00
Retrieving speedtest.net configuration...
Testing from Shaw Communications (162.217.232.110)...
Retrieving speedtest.net server list...
Selecting best server based on ping...
Hosted by TELUS Mobility (Vancouver, BC) [13.31 km]: 4.802 ms
Testing download speed................................................................................
Download: 241.59 Mbit/s
Testing upload speed......................................................................................................
Upload: 214.24 Mbit/s
2025-05-01T07:20:01-07:00
Retrieving speedtest.net configuration...
Testing from Shaw Communications (162.217.232.110)...
Retrieving speedtest.net server list...
Selecting best server based on ping...
Hosted by Skyway West Business Internet Services (Vancouver, BC) [13.31 km]: 3.111 ms
Testing download speed................................................................................
Download: 257.02 Mbit/s
Testing upload speed......................................................................................................
Upload: 239.08 Mbit/s
2025-05-01T07:25:01-07:00
Retrieving speedtest.net configuration...
Testing from Shaw Communications (162.217.232.110)...
Retrieving speedtest.net server list...
Selecting best server based on ping...
Hosted by Skyway West Business Internet Services (Vancouver, BC) [13.31 km]: 4.216 ms
Testing download speed................................................................................
Download: 255.15 Mbit/s
Testing upload speed......................................................................................................
Upload: 240.86 Mbit/s
2025-05-01T07:30:01-07:00
Retrieving speedtest.net configuration...
Testing from Shaw Communications (162.217.232.110)...
Retrieving speedtest.net server list...
Selecting best server based on ping...
2025-05-01T07:35:01-07:00
Retrieving speedtest.net configuration...
Testing from Shaw Communications (162.217.232.110)...
Retrieving speedtest.net server list...
Selecting best server based on ping...
Hosted by Skyway West Business Internet Services (Vancouver, BC) [13.31 km]: 6.935 ms
Testing download speed................................................................................
Download: 270.62 Mbit/s
Testing upload speed......................................................................................................
Upload: 241.63 Mbit/s
2025-05-01T07:40:01-07:00
Retrieving speedtest.net configuration...
Testing from Shaw Communications (162.217.232.110)...
Retrieving speedtest.net server list...
Selecting best server based on ping...
Hosted by Bell Mobility (Vancouver, BC) [13.31 km]: 5.093 ms
Testing download speed................................................................................
Download: 265.76 Mbit/s
Testing upload speed......................................................................................................
Upload: 239.18 Mbit/s
2025-05-01T07:45:01-07:00
Retrieving speedtest.net configuration...
Testing from Shaw Communications (162.217.232.110)...
Retrieving speedtest.net server list...
Selecting best server based on ping...
Hosted by Frontier Networks Inc (Vancouver, BC) [13.31 km]: 6.2 ms
Testing download speed................................................................................
Download: 250.14 Mbit/s
Testing upload speed......................................................................................................
Upload: 244.76 Mbit/s
2025-05-01T07:50:01-07:00
Retrieving speedtest.net configuration...
Testing from Shaw Communications (162.217.232.110)...
Retrieving speedtest.net server list...
Selecting best server based on ping...
Hosted by Skyway West Business Internet Services (Vancouver, BC) [13.31 km]: 5.142 ms
Testing download speed................................................................................
Download: 259.88 Mbit/s
Testing upload speed......................................................................................................
Upload: 231.21 Mbit/s
2025-05-01T07:55:01-07:00
Retrieving speedtest.net configuration...
Testing from Shaw Communications (162.217.232.110)...
Retrieving speedtest.net server list...
Selecting best server based on ping...
Hosted by Bell Mobility (Vancouver, BC) [13.31 km]: 6.176 ms
Testing download speed................................................................................
Download: 257.47 Mbit/s
Testing upload speed......................................................................................................
Upload: 245.60 Mbit/s
2025-05-01T08:00:01-07:00
Retrieving speedtest.net configuration...
Testing from Shaw Communications (162.217.232.110)...
Retrieving speedtest.net server list...
Selecting best server based on ping...
