2025-05-11T08:55:01-04:00
Retrieving speedtest.net configuration...
Testing from Bell Canada (142.188.145.144)...
Retrieving speedtest.net server list...
Selecting best server based on ping...
Hosted by Bell Mobility (Nepean, ON) [7.67 km]: 7.588 ms
Testing download speed................................................................................
Download: 391.83 Mbit/s
Testing upload speed......................................................................................................
Upload: 308.52 Mbit/s
2025-05-11T09:00:01-04:00
Retrieving speedtest.net configuration...
Testing from Bell Canada (142.188.145.144)...
Retrieving speedtest.net server list...
Selecting best server based on ping...
Hosted by Bell Canada (Kanata, ON) [10.76 km]: 4.471 ms
Testing download speed................................................................................
Download: 412.06 Mbit/s
Testing upload speed......................................................................................................
Upload: 316.64 Mbit/s
2025-05-11T09:05:01-04:00
Retrieving speedtest.net configuration...
2025-05-11T09:10:01-04:00
Retrieving speedtest.net configuration...
Testing from Bell Canada (142.188.145.144)...
Retrieving speedtest.net server list...
Selecting best server based on ping...
Hosted by Bell Canada (Kanata, ON) [10.76 km]: 4.867 ms
Testing download speed................................................................................
Download: 422.54 Mbit/s
Testing upload speed......................................................................................................
Upload: 320.68 Mbit/s
2025-05-11T09:15:01-04:00
Retrieving speedtest.net configuration...
Testing from Bell Canada (142.188.145.144)...
Retrieving speedtest.net server list...
Selecting best server based on ping...
Hosted by Bell Canada (Kanata, ON) [10.76 km]: 4.898 ms
Testing download speed................................................................................
Download: 384.19 Mbit/s
Testing upload speed......................................................................................................
Upload: 265.96 Mbit/s
2025-05-11T09:20:01-04:00
Retrieving speedtest.net configuration...
Testing from Bell Canada (142.188.145.144)...
Retrieving speedtest.net server list...
Selecting best server based on ping...
Hosted by Bell Canada (Kanata, ON) [10.76 km]: 4.889 ms
Testing download speed................................................................................
Download: 403.48 Mbit/s
Testing upload speed......................................................................................................
Upload: 268.56 Mbit/s
2025-05-11T09:25:01-04:00
Retrieving speedtest.net configuration...
Testing from Bell Canada (142.188.145.144)...
Retrieving speedtest.net server list...
Selecting best server based on ping...
Hosted by Bell Canada (Kanata, ON) [10.76 km]: 4.879 ms
Testing download speed................................................................................
Download: 415.37 Mbit/s
Testing upload speed......................................................................................................
Upload: 321.58 Mbit/s
2025-05-11T09:30:01-04:00
Retrieving speedtest.net configuration...
Testing from Bell Canada (142.188.145.144)...
Retrieving speedtest.net server list...
Selecting best server based on ping...
Hosted by Bell Canada (Kanata, ON) [10.76 km]: 5.005 ms
Testing download speed................................................................................
Download: 400.07 Mbit/s
Testing upload speed......................................................................................................
Upload: 309.91 Mbit/s
2025-05-11T09:35:01-04:00
Retrieving speedtest.net configuration...
Testing from Bell Canada (142.188.145.144)...
Retrieving speedtest.net server list...
Selecting best server based on ping...
Hosted by Bell Canada (Kanata, ON) [10.76 km]: 4.487 ms
Testing download speed................................................................................
Download: 417.10 Mbit/s
Testing upload speed......................................................................................................
Upload: 320.11 Mbit/s
2025-05-11T09:40:01-04:00
Retrieving speedtest.net configuration...
Testing from Bell Canada (142.188.145.144)...
Retrieving speedtest.net server list...
Selecting best server based on ping...
Hosted by Bell Canada (Kanata, ON) [10.76 km]: 4.177 ms
Testing download speed................................................................................
Download: 394.99 Mbit/s
Testing upload speed......................................................................................................
Upload: 295.15 Mbit/s
2025-05-11T09:45:01-04:00
Retrieving speedtest.net configuration...
Testing from Bell Canada (142.188.145.144)...
Retrieving speedtest.net server list...
Selecting best server based on ping...
Hosted by Bell Canada (Kanata, ON) [10.76 km]: 4.798 ms
Testing download speed................................................................................
Download: 396.56 Mbit/s
Testing upload speed......................................................................................................
Upload: 316.58 Mbit/s
2025-05-11T09:50:01-04:00
Retrieving speedtest.net configuration...
Testing from Bell Canada (142.188.145.144)...
Retrieving speedtest.net server list...
Selecting best server based on ping...
Hosted by Bell Canada (Kanata, ON) [10.76 km]: 4.681 ms
Testing download speed................................................................................
Download: 383.73 Mbit/s
Testing upload speed......................................................................................................
Upload: 327.40 Mbit/s
2025-05-11T09:55:01-04:00
Retrieving speedtest.net configuration...
Testing from Bell Canada (142.188.145.144)...
Retrieving speedtest.net server list...
Selecting best server based on ping...
Hosted by Bell Canada (Kanata, ON) [10.76 km]: 4.39 ms
Testing download speed................................................................................
Download: 396.09 Mbit/s
Testing upload speed......................................................................................................
Upload: 329.69 Mbit/s
2025-05-11T10:00:01-04:00
Retrieving speedtest.net configuration...
Testing from Bell Canada (142.188.145.144)...
Retrieving speedtest.net server list...
Selecting best server based on ping...
Hosted by Bell Canada (Kanata, ON) [10.76 km]: 4.994 ms
Testing download speed................................................................................
Download: 409.66 Mbit/s
Testing upload speed......................................................................................................
Upload: 304.58 Mbit/s
2025-05-11T10:05:01-04:00
Retrieving speedtest.net configuration...
2025-05-11T10:10:01-04:00
Retrieving speedtest.net configuration...
Testing from Bell Canada (142.188.145.144)...
Retrieving speedtest.net server list...
Selecting best server based on ping...
Hosted by Bell Canada (Kanata, ON) [10.76 km]: 3.981 ms
Testing download speed................................................................................
Download: 417.96 Mbit/s
Testing upload speed......................................................................................................
Upload: 331.77 Mbit/s
2025-05-11T10:15:01-04:00
Retrieving speedtest.net configuration...
Testing from Bell Canada (142.188.145.144)...
Retrieving speedtest.net server list...
Selecting best server based on ping...
Hosted by Bell Canada (Kanata, ON) [10.76 km]: 4.552 ms
Testing download speed................................................................................
Download: 401.78 Mbit/s
Testing upload speed......................................................................................................
Upload: 259.05 Mbit/s
2025-05-11T10:20:01-04:00
Retrieving speedtest.net configuration...
Testing from Bell Canada (142.188.145.144)...
Retrieving speedtest.net server list...
Selecting best server based on ping...
Hosted by Bell Canada (Kanata, ON) [10.76 km]: 5.031 ms
Testing download speed................................................................................
Download: 393.30 Mbit/s
Testing upload speed......................................................................................................
Upload: 262.74 Mbit/s
2025-05-11T10:25:01-04:00
Retrieving speedtest.net configuration...
Testing from Bell Canada (142.188.145.144)...
Retrieving speedtest.net server list...
Selecting best server based on ping...
Hosted by Bell Canada (Kanata, ON) [10.76 km]: 5.05 ms
Testing download speed................................................................................
Download: 415.56 Mbit/s
Testing upload speed......................................................................................................
Upload: 333.21 Mbit/s
2025-05-11T10:30:01-04:00
Retrieving speedtest.net configuration...
Testing from Bell Canada (142.188.145.144)...
Retrieving speedtest.net server list...
Selecting best server based on ping...
Hosted by Bell Canada (Kanata, ON) [10.76 km]: 5.166 ms
Testing download speed................................................................................
Download: 418.59 Mbit/s
Testing upload speed......................................................................................................
Upload: 326.13 Mbit/s
2025-05-11T10:35:01-04:00
Retrieving speedtest.net configuration...
Testing from Bell Canada (142.188.145.144)...
Retrieving speedtest.net server list...
Selecting best server based on ping...
Hosted by Bell Canada (Kanata, ON) [10.76 km]: 4.917 ms
Testing download speed................................................................................
Download: 420.56 Mbit/s
Testing upload speed......................................................................................................
Upload: 325.67 Mbit/s
2025-05-11T10:40:01-04:00
Retrieving speedtest.net configuration...
Testing from Bell Canada (142.188.145.144)...
Retrieving speedtest.net server list...
Selecting best server based on ping...
Hosted by Bell Canada (Kanata, ON) [10.76 km]: 5.193 ms
Testing download speed................................................................................
Download: 412.56 Mbit/s
Testing upload speed......................................................................................................
Upload: 327.98 Mbit/s
2025-05-11T10:45:01-04:00
Retrieving speedtest.net configuration...
Testing from Bell Canada (142.188.145.144)...
Retrieving speedtest.net server list...
Selecting best server based on ping...
Hosted by Bell Canada (Kanata, ON) [10.76 km]: 4.884 ms
Testing download speed................................................................................
Download: 431.87 Mbit/s
Testing upload speed......................................................................................................
Upload: 320.49 Mbit/s
2025-05-11T10:50:01-04:00
Retrieving speedtest.net configuration...
Testing from Bell Canada (142.188.145.144)...
Retrieving speedtest.net server list...
Selecting best server based on ping...
Hosted by Bell Canada (Kanata, ON) [10.76 km]: 4.199 ms
Testing download speed................................................................................
Download: 434.87 Mbit/s
Testing upload speed......................................................................................................
Upload: 332.27 Mbit/s
2025-05-11T10:55:01-04:00
Retrieving speedtest.net configuration...
Testing from Bell Canada (142.188.145.144)...
Retrieving speedtest.net server list...
Selecting best server based on ping...
Hosted by Bell Canada (Kanata, ON) [10.76 km]: 4.855 ms
Testing download speed................................................................................
Download: 434.36 Mbit/s
Testing upload speed......................................................................................................
Upload: 314.90 Mbit/s
2025-05-11T11:00:01-04:00
Retrieving speedtest.net configuration...
Testing from Bell Canada (142.188.145.144)...
Retrieving speedtest.net server list...
Selecting best server based on ping...
Hosted by Bell Canada (Kanata, ON) [10.76 km]: 4.331 ms
Testing download speed................................................................................
Download: 406.31 Mbit/s
Testing upload speed......................................................................................................
Upload: 333.26 Mbit/s
2025-05-11T11:05:01-04:00
Retrieving speedtest.net configuration...
2025-05-11T11:10:01-04:00
Retrieving speedtest.net configuration...
Testing from Bell Canada (142.188.145.144)...
Retrieving speedtest.net server list...
Selecting best server based on ping...
Hosted by Bell Canada (Kanata, ON) [10.76 km]: 5.216 ms
Testing download speed................................................................................
Download: 423.21 Mbit/s
Testing upload speed......................................................................................................
Upload: 334.51 Mbit/s
2025-05-11T11:15:01-04:00
Retrieving speedtest.net configuration...
Testing from Bell Canada (142.188.145.144)...
Retrieving speedtest.net server list...
Selecting best server based on ping...
Hosted by Bell Canada (Kanata, ON) [10.76 km]: 4.659 ms
Testing download speed................................................................................
Download: 373.52 Mbit/s
Testing upload speed......................................................................................................
Upload: 317.41 Mbit/s
2025-05-11T11:20:01-04:00
Retrieving speedtest.net configuration...
Testing from Bell Canada (142.188.145.144)...
Retrieving speedtest.net server list...
Selecting best server based on ping...
Hosted by Bell Canada (Kanata, ON) [10.76 km]: 4.54 ms
Testing download speed................................................................................
Download: 426.90 Mbit/s
Testing upload speed......................................................................................................
Upload: 337.13 Mbit/s
2025-05-11T11:25:01-04:00
Retrieving speedtest.net configuration...
Testing from Bell Canada (142.188.145.144)...
Retrieving speedtest.net server list...
Selecting best server based on ping...
Hosted by Bell Canada (Kanata, ON) [10.76 km]: 4.597 ms
Testing download speed................................................................................
Download: 440.40 Mbit/s
Testing upload speed......................................................................................................
Upload: 334.89 Mbit/s
2025-05-11T11:30:01-04:00
Retrieving speedtest.net configuration...
Testing from Bell Canada (142.188.145.144)...
Retrieving speedtest.net server list...
Selecting best server based on ping...
Hosted by Bell Canada (Kanata, ON) [10.76 km]: 4.709 ms
Testing download speed................................................................................
Download: 423.56 Mbit/s
Testing upload speed......................................................................................................
Upload: 330.88 Mbit/s
2025-05-11T11:35:01-04:00
Retrieving speedtest.net configuration...
Testing from Bell Canada (142.188.145.144)...
Retrieving speedtest.net server list...
Selecting best server based on ping...
Hosted by Bell Canada (Kanata, ON) [10.76 km]: 5.037 ms
Testing download speed................................................................................
Download: 434.32 Mbit/s
Testing upload speed......................................................................................................
Upload: 331.74 Mbit/s
2025-05-11T11:40:01-04:00
Retrieving speedtest.net configuration...
Testing from Bell Canada (142.188.145.144)...
Retrieving speedtest.net server list...
Selecting best server based on ping...
Hosted by Bell Canada (Kanata, ON) [10.76 km]: 4.894 ms
Testing download speed................................................................................
Download: 430.08 Mbit/s
Testing upload speed......................................................................................................
Upload: 339.12 Mbit/s
2025-05-11T11:45:01-04:00
Retrieving speedtest.net configuration...
Testing from Bell Canada (142.188.145.144)...
Retrieving speedtest.net server list...
Selecting best server based on ping...
Hosted by Bell Canada (Kanata, ON) [10.76 km]: 5.423 ms
Testing download speed................................................................................
Download: 431.60 Mbit/s
Testing upload speed......................................................................................................
Upload: 334.51 Mbit/s
2025-05-11T11:50:02-04:00
Retrieving speedtest.net configuration...
Testing from Bell Canada (142.188.145.144)...
Retrieving speedtest.net server list...
Selecting best server based on ping...
Hosted by Bell Canada (Kanata, ON) [10.76 km]: 4.736 ms
Testing download speed................................................................................
Download: 428.33 Mbit/s
Testing upload speed......................................................................................................
Upload: 328.01 Mbit/s
2025-05-11T11:55:01-04:00
Retrieving speedtest.net configuration...
Testing from Bell Canada (142.188.145.144)...
Retrieving speedtest.net server list...
Selecting best server based on ping...
Hosted by Bell Canada (Kanata, ON) [10.76 km]: 4.379 ms
Testing download speed................................................................................
Download: 431.42 Mbit/s
Testing upload speed......................................................................................................
Upload: 331.93 Mbit/s
2025-05-11T12:00:01-04:00
Retrieving speedtest.net configuration...
Testing from Bell Canada (142.188.145.144)...
Retrieving speedtest.net server list...
Selecting best server based on ping...
Hosted by Bell Mobility (Nepean, ON) [7.67 km]: 8.252 ms
Testing download speed................................................................................
Download: 429.72 Mbit/s
Testing upload speed......................................................................................................
Upload: 329.89 Mbit/s
2025-05-11T12:05:01-04:00
Retrieving speedtest.net configuration...
2025-05-11T12:10:01-04:00
Retrieving speedtest.net configuration...
Testing from Bell Canada (142.188.145.144)...
Retrieving speedtest.net server list...
Selecting best server based on ping...
Hosted by Rogers Wireless (Cornwall, ON) [78.40 km]: 7.378 ms
Testing download speed................................................................................
Download: 428.61 Mbit/s
Testing upload speed......................................................................................................
Upload: 328.32 Mbit/s
2025-05-11T12:15:01-04:00
Retrieving speedtest.net configuration...
Testing from Bell Canada (142.188.145.144)...
Retrieving speedtest.net server list...
Selecting best server based on ping...
Hosted by Bell Mobility (Nepean, ON) [7.67 km]: 7.102 ms
Testing download speed................................................................................
Download: 428.92 Mbit/s
Testing upload speed......................................................................................................
Upload: 326.13 Mbit/s
2025-05-11T12:20:01-04:00
Retrieving speedtest.net configuration...
Testing from Bell Canada (142.188.145.144)...
Retrieving speedtest.net server list...
Selecting best server based on ping...
Hosted by Bell Mobility (Nepean, ON) [7.67 km]: 7.191 ms
Testing download speed................................................................................
Download: 428.80 Mbit/s
Testing upload speed......................................................................................................
Upload: 329.35 Mbit/s
2025-05-11T12:25:01-04:00
Retrieving speedtest.net configuration...
Testing from Bell Canada (142.188.145.144)...
Retrieving speedtest.net server list...
Selecting best server based on ping...
Hosted by Bell Canada (Ottawa, ON) [10.76 km]: 5.297 ms
Testing download speed................................................................................
Download: 415.93 Mbit/s
Testing upload speed......................................................................................................
Upload: 333.93 Mbit/s
2025-05-11T12:30:01-04:00
Retrieving speedtest.net configuration...
Testing from Bell Canada (142.188.145.144)...
Retrieving speedtest.net server list...
Selecting best server based on ping...
Hosted by Bell Canada (Ottawa, ON) [10.76 km]: 4.709 ms
Testing download speed................................................................................
Download: 428.72 Mbit/s
Testing upload speed......................................................................................................
Upload: 338.58 Mbit/s
2025-05-11T12:35:01-04:00
Retrieving speedtest.net configuration...
Testing from Bell Canada (142.188.145.144)...
Retrieving speedtest.net server list...
Selecting best server based on ping...
Hosted by Bell Canada (Ottawa, ON) [10.76 km]: 4.542 ms
Testing download speed................................................................................
Download: 423.26 Mbit/s
Testing upload speed......................................................................................................
Upload: 335.44 Mbit/s
2025-05-11T12:40:01-04:00
Retrieving speedtest.net configuration...
Testing from Bell Canada (142.188.145.144)...
Retrieving speedtest.net server list...
Selecting best server based on ping...
Hosted by Bell Canada (Ottawa, ON) [10.76 km]: 4.851 ms
Testing download speed................................................................................
Download: 424.22 Mbit/s
Testing upload speed......................................................................................................
Upload: 340.13 Mbit/s
2025-05-11T12:45:01-04:00
Retrieving speedtest.net configuration...
Testing from Bell Canada (142.188.145.144)...
Retrieving speedtest.net server list...
Selecting best server based on ping...
Hosted by Bell Canada (Ottawa, ON) [10.76 km]: 5.215 ms
Testing download speed................................................................................
Download: 423.39 Mbit/s
Testing upload speed......................................................................................................
Upload: 331.05 Mbit/s
2025-05-11T12:50:01-04:00
Retrieving speedtest.net configuration...
Testing from Bell Canada (142.188.145.144)...
Retrieving speedtest.net server list...
Selecting best server based on ping...
Hosted by Bell Canada (Ottawa, ON) [10.76 km]: 4.868 ms
Testing download speed................................................................................
Download: 427.69 Mbit/s
Testing upload speed......................................................................................................
Upload: 332.66 Mbit/s
2025-05-11T12:55:01-04:00
Retrieving speedtest.net configuration...
Testing from Bell Canada (142.188.145.144)...
Retrieving speedtest.net server list...
Selecting best server based on ping...
Hosted by Bell Canada (Ottawa, ON) [10.76 km]: 5.07 ms
Testing download speed................................................................................
Download: 422.58 Mbit/s
Testing upload speed......................................................................................................
Upload: 324.55 Mbit/s
2025-05-11T13:00:01-04:00
Retrieving speedtest.net configuration...
Testing from Bell Canada (142.188.145.144)...
Retrieving speedtest.net server list...
Selecting best server based on ping...
