2025-06-02T00:00:01+08:00
Retrieving speedtest.net configuration...
Testing from FIl Products Service Television Inc (103.105.214.55)...
Retrieving speedtest.net server list...
Selecting best server based on ping...
2025-06-02T00:05:01+08:00
Retrieving speedtest.net configuration...
2025-06-02T00:10:02+08:00
Retrieving speedtest.net configuration...
Testing from FIl Products Service Television Inc (103.105.214.60)...
Retrieving speedtest.net server list...
Selecting best server based on ping...
Hosted by PAKONEK SOLUTIONS (Cebu City) [128.33 km]: 40.307 ms
Testing download speed................................................................................
Download: 186.73 Mbit/s
Testing upload speed......................................................................................................
Upload: 167.33 Mbit/s
2025-06-02T00:15:01+08:00
Retrieving speedtest.net configuration...
Testing from FIl Products Service Television Inc (103.105.214.55)...
Retrieving speedtest.net server list...
Selecting best server based on ping...
Hosted by PAKONEK SOLUTIONS (Cebu City) [128.33 km]: 35.902 ms
Testing download speed................................................................................
Download: 183.99 Mbit/s
Testing upload speed......................................................................................................
Upload: 199.37 Mbit/s
2025-06-02T00:20:01+08:00
Retrieving speedtest.net configuration...
Testing from FIl Products Service Television Inc (103.105.214.55)...
Retrieving speedtest.net server list...
Selecting best server based on ping...
Hosted by PAKONEK SOLUTIONS (Cebu City) [128.33 km]: 34.822 ms
Testing download speed................................................................................
Download: 187.34 Mbit/s
Testing upload speed......................................................................................................
Upload: 226.61 Mbit/s
2025-06-02T00:25:01+08:00
Retrieving speedtest.net configuration...
Testing from FIl Products Service Television Inc (103.105.214.60)...
Retrieving speedtest.net server list...
Selecting best server based on ping...
Hosted by PAKONEK SOLUTIONS (Cebu City) [128.33 km]: 30.467 ms
Testing download speed................................................................................
Download: 169.30 Mbit/s
Testing upload speed......................................................................................................
Upload: 169.78 Mbit/s
2025-06-02T00:30:01+08:00
Retrieving speedtest.net configuration...
Testing from FIl Products Service Television Inc (103.105.214.55)...
Retrieving speedtest.net server list...
Selecting best server based on ping...
2025-06-02T00:35:01+08:00
Retrieving speedtest.net configuration...
Testing from FIl Products Service Television Inc (103.105.214.55)...
Retrieving speedtest.net server list...
Selecting best server based on ping...
Hosted by PLDT (Cebu City) [126.16 km]: 36.263 ms
Testing download speed................................................................................
Download: 122.92 Mbit/s
Testing upload speed......................................................................................................
Upload: 215.33 Mbit/s
2025-06-02T00:40:01+08:00
Retrieving speedtest.net configuration...
Testing from FIl Products Service Television Inc (103.105.214.55)...
Retrieving speedtest.net server list...
Selecting best server based on ping...
Hosted by PAKONEK SOLUTIONS (Cebu City) [128.33 km]: 29.679 ms
Testing download speed................................................................................
Download: 187.49 Mbit/s
Testing upload speed......................................................................................................
Upload: 203.05 Mbit/s
2025-06-02T00:45:01+08:00
Retrieving speedtest.net configuration...
Testing from FIl Products Service Television Inc (103.105.214.60)...
Retrieving speedtest.net server list...
Selecting best server based on ping...
Hosted by PLDT (Cebu City) [126.16 km]: 36.809 ms
Testing download speed................................................................................
Download: 170.03 Mbit/s
Testing upload speed......................................................................................................
Upload: 198.42 Mbit/s
2025-06-02T00:50:01+08:00
Retrieving speedtest.net configuration...
Testing from FIl Products Service Television Inc (103.105.214.55)...
Retrieving speedtest.net server list...
Selecting best server based on ping...
Hosted by PAKONEK SOLUTIONS (Cebu City) [128.33 km]: 31.498 ms
Testing download speed................................................................................
Download: 185.46 Mbit/s
Testing upload speed......................................................................................................
Upload: 204.82 Mbit/s
2025-06-02T00:55:01+08:00
Retrieving speedtest.net configuration...
Testing from FIl Products Service Television Inc (103.105.214.60)...
Retrieving speedtest.net server list...
Selecting best server based on ping...
Hosted by PAKONEK SOLUTIONS (Cebu City) [128.33 km]: 39.223 ms
Testing download speed................................................................................
Download: 163.00 Mbit/s
Testing upload speed......................................................................................................
Upload: 250.54 Mbit/s
2025-06-02T01:00:01+08:00
Retrieving speedtest.net configuration...
Testing from FIl Products Service Television Inc (103.105.214.55)...
Retrieving speedtest.net server list...
Selecting best server based on ping...
2025-06-02T01:05:01+08:00
Retrieving speedtest.net configuration...
2025-06-02T01:10:01+08:00
Retrieving speedtest.net configuration...
Testing from FIl Products Service Television Inc (103.105.214.60)...
Retrieving speedtest.net server list...
Selecting best server based on ping...
Hosted by PLDT (Cebu City) [126.16 km]: 36.764 ms
Testing download speed................................................................................
Download: 77.50 Mbit/s
Testing upload speed......................................................................................................
Upload: 181.34 Mbit/s
2025-06-02T01:15:01+08:00
Retrieving speedtest.net configuration...
Testing from FIl Products Service Television Inc (103.105.214.55)...
Retrieving speedtest.net server list...
Selecting best server based on ping...
Hosted by PAKONEK SOLUTIONS (Cebu City) [128.33 km]: 31.441 ms
Testing download speed................................................................................
Download: 185.10 Mbit/s
Testing upload speed......................................................................................................
Upload: 274.81 Mbit/s
2025-06-02T01:20:01+08:00
Retrieving speedtest.net configuration...
Testing from FIl Products Service Television Inc (103.105.214.60)...
Retrieving speedtest.net server list...
Selecting best server based on ping...
Hosted by PAKONEK SOLUTIONS (Cebu City) [128.33 km]: 32.509 ms
Testing download speed................................................................................
Download: 186.24 Mbit/s
Testing upload speed......................................................................................................
Upload: 256.32 Mbit/s
2025-06-02T01:25:01+08:00
Retrieving speedtest.net configuration...
Testing from FIl Products Service Television Inc (103.105.214.60)...
Retrieving speedtest.net server list...
Selecting best server based on ping...
Hosted by PAKONEK SOLUTIONS (Cebu City) [128.33 km]: 31.626 ms
Testing download speed................................................................................
Download: 189.41 Mbit/s
Testing upload speed......................................................................................................
Upload: 224.37 Mbit/s
2025-06-02T01:30:01+08:00
Retrieving speedtest.net configuration...
Testing from FIl Products Service Television Inc (103.105.214.60)...
Retrieving speedtest.net server list...
Selecting best server based on ping...
2025-06-02T01:35:01+08:00
Retrieving speedtest.net configuration...
Testing from FIl Products Service Television Inc (103.105.214.55)...
Retrieving speedtest.net server list...
Selecting best server based on ping...
Hosted by PLDT (Cebu City) [126.16 km]: 38.911 ms
Testing download speed................................................................................
Download: 133.89 Mbit/s
Testing upload speed......................................................................................................
Upload: 217.75 Mbit/s
2025-06-02T01:40:01+08:00
Retrieving speedtest.net configuration...
Testing from FIl Products Service Television Inc (103.105.214.55)...
Retrieving speedtest.net server list...
Selecting best server based on ping...
Hosted by PLDT (Cebu City) [126.16 km]: 36.471 ms
Testing download speed................................................................................
Download: 166.66 Mbit/s
Testing upload speed......................................................................................................
Upload: 209.04 Mbit/s
2025-06-02T01:45:01+08:00
Retrieving speedtest.net configuration...
Testing from FIl Products Service Television Inc (103.105.214.55)...
Retrieving speedtest.net server list...
Selecting best server based on ping...
Hosted by PAKONEK SOLUTIONS (Cebu City) [128.33 km]: 29.525 ms
Testing download speed................................................................................
Download: 150.63 Mbit/s
Testing upload speed......................................................................................................
Upload: 280.05 Mbit/s
2025-06-02T01:50:01+08:00
Retrieving speedtest.net configuration...
Testing from FIl Products Service Television Inc (103.105.214.55)...
Retrieving speedtest.net server list...
Selecting best server based on ping...
Hosted by PAKONEK SOLUTIONS (Cebu City) [128.33 km]: 29.761 ms
Testing download speed................................................................................
Download: 169.72 Mbit/s
Testing upload speed......................................................................................................
Upload: 294.62 Mbit/s
2025-06-02T01:55:01+08:00
Retrieving speedtest.net configuration...
Testing from FIl Products Service Television Inc (103.105.214.60)...
Retrieving speedtest.net server list...
Selecting best server based on ping...
Hosted by PAKONEK SOLUTIONS (Cebu City) [128.33 km]: 31.372 ms
Testing download speed................................................................................
Download: 180.96 Mbit/s
Testing upload speed......................................................................................................
Upload: 239.17 Mbit/s
2025-06-02T02:00:01+08:00
Retrieving speedtest.net configuration...
Testing from FIl Products Service Television Inc (103.105.214.55)...
Retrieving speedtest.net server list...
Selecting best server based on ping...
