2025-04-01T00:00:01+08:00
Retrieving speedtest.net configuration...
Testing from FIl Products Service Television Inc (103.105.214.62)...
Retrieving speedtest.net server list...
Selecting best server based on ping...
2025-04-01T00:05:01+08:00
Retrieving speedtest.net configuration...
2025-04-01T00:10:01+08:00
Retrieving speedtest.net configuration...
Testing from FIl Products Service Television Inc (103.105.214.59)...
Retrieving speedtest.net server list...
Selecting best server based on ping...
Hosted by DCTV Cable Network (Cebu City) [128.48 km]: 33.555 ms
Testing download speed................................................................................
Download: 154.15 Mbit/s
Testing upload speed......................................................................................................
Upload: 242.31 Mbit/s
2025-04-01T00:15:02+08:00
Retrieving speedtest.net configuration...
Testing from FIl Products Service Television Inc (103.105.214.62)...
Retrieving speedtest.net server list...
Selecting best server based on ping...
Hosted by PAKONEK SOLUTIONS (Cebu City) [128.33 km]: 33.056 ms
Testing download speed................................................................................
Download: 97.39 Mbit/s
Testing upload speed......................................................................................................
Upload: 191.43 Mbit/s
2025-04-01T00:20:01+08:00
Retrieving speedtest.net configuration...
Testing from FIl Products Service Television Inc (103.105.214.59)...
Retrieving speedtest.net server list...
Selecting best server based on ping...
Hosted by PAKONEK SOLUTIONS (Cebu City) [128.33 km]: 33.724 ms
Testing download speed................................................................................
Download: 142.23 Mbit/s
Testing upload speed......................................................................................................
Upload: 161.03 Mbit/s
2025-04-01T00:25:01+08:00
Retrieving speedtest.net configuration...
Testing from FIl Products Service Television Inc (103.105.214.59)...
Retrieving speedtest.net server list...
Selecting best server based on ping...
Hosted by DCTV Cable Network (Cebu City) [128.48 km]: 34.91 ms
Testing download speed................................................................................
Download: 102.87 Mbit/s
Testing upload speed......................................................................................................
Upload: 168.16 Mbit/s
2025-04-01T00:30:01+08:00
Retrieving speedtest.net configuration...
Testing from FIl Products Service Television Inc (103.105.214.59)...
Retrieving speedtest.net server list...
Selecting best server based on ping...
2025-04-01T00:35:01+08:00
Retrieving speedtest.net configuration...
2025-04-01T00:40:01+08:00
Retrieving speedtest.net configuration...
Testing from FIl Products Service Television Inc (103.105.214.62)...
Retrieving speedtest.net server list...
Selecting best server based on ping...
Hosted by DCTV Cable Network (Cebu City) [128.48 km]: 32.715 ms
Testing download speed................................................................................
Download: 144.57 Mbit/s
Testing upload speed......................................................................................................
Upload: 217.14 Mbit/s
2025-04-01T00:45:01+08:00
Retrieving speedtest.net configuration...
Testing from FIl Products Service Television Inc (103.105.214.59)...
Retrieving speedtest.net server list...
Selecting best server based on ping...
Hosted by DCTV Cable Network (Cebu City) [128.48 km]: 32.684 ms
Testing download speed................................................................................
Download: 155.34 Mbit/s
Testing upload speed......................................................................................................
Upload: 201.73 Mbit/s
2025-04-01T00:50:01+08:00
Retrieving speedtest.net configuration...
Testing from FIl Products Service Television Inc (103.105.214.59)...
Retrieving speedtest.net server list...
Selecting best server based on ping...
Hosted by DCTV Cable Network (Cebu City) [128.48 km]: 33.032 ms
Testing download speed................................................................................
Download: 165.84 Mbit/s
Testing upload speed......................................................................................................
Upload: 191.62 Mbit/s
2025-04-01T00:55:01+08:00
Retrieving speedtest.net configuration...
Testing from FIl Products Service Television Inc (103.105.214.59)...
Retrieving speedtest.net server list...
Selecting best server based on ping...
Hosted by PAKONEK SOLUTIONS (Cebu City) [128.33 km]: 32.38 ms
Testing download speed................................................................................
Download: 154.06 Mbit/s
Testing upload speed......................................................................................................
Upload: 231.39 Mbit/s
2025-04-01T01:00:01+08:00
Retrieving speedtest.net configuration...
Testing from FIl Products Service Television Inc (103.105.214.59)...
Retrieving speedtest.net server list...
Selecting best server based on ping...
2025-04-01T01:05:01+08:00
Retrieving speedtest.net configuration...
2025-04-01T01:10:01+08:00
Retrieving speedtest.net configuration...
Testing from FIl Products Service Television Inc (103.105.214.62)...
Retrieving speedtest.net server list...
Selecting best server based on ping...
Hosted by DCTV Cable Network (Cebu City) [128.48 km]: 32.972 ms
Testing download speed................................................................................
Download: 127.46 Mbit/s
Testing upload speed......................................................................................................
Upload: 168.73 Mbit/s
2025-04-01T01:15:01+08:00
Retrieving speedtest.net configuration...
Testing from FIl Products Service Television Inc (103.105.214.62)...
Retrieving speedtest.net server list...
Selecting best server based on ping...
Hosted by DCTV Cable Network (Cebu City) [128.48 km]: 34.818 ms
Testing download speed................................................................................
Download: 144.28 Mbit/s
Testing upload speed......................................................................................................
Upload: 165.08 Mbit/s
2025-04-01T01:20:01+08:00
Retrieving speedtest.net configuration...
Testing from FIl Products Service Television Inc (103.105.214.62)...
Retrieving speedtest.net server list...
Selecting best server based on ping...
Hosted by DCTV Cable Network (Cebu City) [128.48 km]: 34.66 ms
Testing download speed................................................................................
Download: 138.46 Mbit/s
Testing upload speed......................................................................................................
Upload: 161.20 Mbit/s
2025-04-01T01:25:01+08:00
Retrieving speedtest.net configuration...
Testing from FIl Products Service Television Inc (103.105.214.59)...
Retrieving speedtest.net server list...
Selecting best server based on ping...
Hosted by DCTV Cable Network (Cebu City) [128.48 km]: 34.908 ms
Testing download speed................................................................................
Download: 171.37 Mbit/s
Testing upload speed......................................................................................................
Upload: 182.98 Mbit/s
2025-04-01T01:30:01+08:00
Retrieving speedtest.net configuration...
Testing from FIl Products Service Television Inc (103.105.214.59)...
Retrieving speedtest.net server list...
Selecting best server based on ping...
2025-04-01T01:35:01+08:00
Retrieving speedtest.net configuration...
2025-04-01T01:40:01+08:00
Retrieving speedtest.net configuration...
Testing from FIl Products Service Television Inc (103.105.214.59)...
Retrieving speedtest.net server list...
Selecting best server based on ping...
Hosted by Parasat Cable TV, Inc. (Cagayan de Oro) [173.34 km]: 12.571 ms
Testing download speed................................................................................
Download: 151.09 Mbit/s
Testing upload speed......................................................................................................
Upload: 271.37 Mbit/s
2025-04-01T01:45:01+08:00
Retrieving speedtest.net configuration...
Testing from FIl Products Service Television Inc (103.105.214.62)...
Retrieving speedtest.net server list...
Selecting best server based on ping...
Hosted by Parasat Cable TV, Inc. (Cagayan de Oro) [173.34 km]: 13.065 ms
Testing download speed................................................................................
Download: 187.04 Mbit/s
Testing upload speed......................................................................................................
Upload: 269.05 Mbit/s
2025-04-01T01:50:01+08:00
Retrieving speedtest.net configuration...
Testing from FIl Products Service Television Inc (103.105.214.59)...
Retrieving speedtest.net server list...
Selecting best server based on ping...
Hosted by Parasat Cable TV, Inc. (Cagayan de Oro) [173.34 km]: 12.217 ms
Testing download speed................................................................................
Download: 158.22 Mbit/s
Testing upload speed......................................................................................................
Upload: 263.48 Mbit/s
2025-04-01T01:55:01+08:00
Retrieving speedtest.net configuration...
Testing from FIl Products Service Television Inc (103.105.214.59)...
Retrieving speedtest.net server list...
Selecting best server based on ping...
Hosted by Parasat Cable TV, Inc. (Cagayan de Oro) [173.34 km]: 10.565 ms
Testing download speed................................................................................
Download: 152.60 Mbit/s
Testing upload speed......................................................................................................
Upload: 277.93 Mbit/s
2025-04-01T02:00:01+08:00
Retrieving speedtest.net configuration...
Testing from FIl Products Service Television Inc (103.105.214.59)...
Retrieving speedtest.net server list...
