2025-07-15T00:00:01+08:00
Retrieving speedtest.net configuration...
Testing from FIl Products Service Television Inc (103.105.214.62)...
Retrieving speedtest.net server list...
Selecting best server based on ping...
2025-07-15T00:05:01+08:00
Retrieving speedtest.net configuration...
2025-07-15T00:10:01+08:00
Retrieving speedtest.net configuration...
Testing from FIl Products Service Television Inc (103.105.214.62)...
Retrieving speedtest.net server list...
Selecting best server based on ping...
Hosted by Globe Telecom (Pasig City) [633.83 km]: 27.471 ms
Testing download speed................................................................................
Download: 166.24 Mbit/s
Testing upload speed......................................................................................................
Upload: 374.69 Mbit/s
2025-07-15T00:15:01+08:00
Retrieving speedtest.net configuration...
Testing from FIl Products Service Television Inc (103.105.214.62)...
Retrieving speedtest.net server list...
Selecting best server based on ping...
Hosted by Globe Telecom (Taguig) [629.25 km]: 27.303 ms
Testing download speed................................................................................
Download: 181.28 Mbit/s
Testing upload speed......................................................................................................
Upload: 239.09 Mbit/s
2025-07-15T00:20:01+08:00
Retrieving speedtest.net configuration...
Testing from FIl Products Service Television Inc (103.105.214.62)...
Retrieving speedtest.net server list...
Selecting best server based on ping...
Hosted by Globe Telecom (Taguig) [629.25 km]: 34.231 ms
Testing download speed................................................................................
Download: 176.82 Mbit/s
Testing upload speed......................................................................................................
Upload: 282.50 Mbit/s
2025-07-15T00:25:01+08:00
Retrieving speedtest.net configuration...
Testing from FIl Products Service Television Inc (103.105.214.62)...
Retrieving speedtest.net server list...
Selecting best server based on ping...
Hosted by Globe Telecom (Pasig City) [633.83 km]: 22.562 ms
Testing download speed................................................................................
Download: 165.34 Mbit/s
Testing upload speed......................................................................................................
Upload: 401.46 Mbit/s
2025-07-15T00:30:01+08:00
Retrieving speedtest.net configuration...
Testing from FIl Products Service Television Inc (103.105.214.62)...
Retrieving speedtest.net server list...
Selecting best server based on ping...
2025-07-15T00:35:01+08:00
Retrieving speedtest.net configuration...
Testing from FIl Products Service Television Inc (103.105.214.62)...
Retrieving speedtest.net server list...
Selecting best server based on ping...
Hosted by Globe Telecom (Taguig) [629.25 km]: 26.1 ms
Testing download speed................................................................................
Download: 164.65 Mbit/s
Testing upload speed......................................................................................................
Upload: 209.18 Mbit/s
2025-07-15T00:40:01+08:00
Retrieving speedtest.net configuration...
Testing from FIl Products Service Television Inc (103.105.214.62)...
Retrieving speedtest.net server list...
Selecting best server based on ping...
Hosted by Globe Telecom (Pasig City) [633.83 km]: 27.645 ms
Testing download speed................................................................................
Download: 154.00 Mbit/s
Testing upload speed......................................................................................................
Upload: 311.26 Mbit/s
2025-07-15T00:45:01+08:00
Retrieving speedtest.net configuration...
Testing from FIl Products Service Television Inc (103.105.214.62)...
Retrieving speedtest.net server list...
Selecting best server based on ping...
Hosted by Globe Telecom (Taguig) [629.25 km]: 31.389 ms
Testing download speed................................................................................
Download: 183.16 Mbit/s
Testing upload speed......................................................................................................
Upload: 291.60 Mbit/s
2025-07-15T00:50:01+08:00
Retrieving speedtest.net configuration...
Testing from FIl Products Service Television Inc (103.105.214.62)...
Retrieving speedtest.net server list...
Selecting best server based on ping...
Hosted by Globe Telecom (Taguig) [629.25 km]: 23.625 ms
Testing download speed................................................................................
Download: 141.22 Mbit/s
Testing upload speed......................................................................................................
Upload: 247.54 Mbit/s
2025-07-15T00:55:01+08:00
Retrieving speedtest.net configuration...
Testing from FIl Products Service Television Inc (103.105.214.62)...
Retrieving speedtest.net server list...
Selecting best server based on ping...
Hosted by Globe Telecom (Pasig City) [633.83 km]: 20.715 ms
Testing download speed................................................................................
Download: 160.15 Mbit/s
Testing upload speed......................................................................................................
Upload: 303.71 Mbit/s
2025-07-15T01:00:01+08:00
Retrieving speedtest.net configuration...
Testing from FIl Products Service Television Inc (103.105.214.62)...
Retrieving speedtest.net server list...
Selecting best server based on ping...
2025-07-15T01:05:01+08:00
Retrieving speedtest.net configuration...
2025-07-15T01:10:01+08:00
Retrieving speedtest.net configuration...
Testing from FIl Products Service Television Inc (103.105.214.62)...
Retrieving speedtest.net server list...
Selecting best server based on ping...
Hosted by Globe Telecom (Pasig City) [633.83 km]: 29.943 ms
Testing download speed................................................................................
Download: 179.03 Mbit/s
Testing upload speed......................................................................................................
Upload: 308.41 Mbit/s
2025-07-15T01:15:01+08:00
Retrieving speedtest.net configuration...
Testing from FIl Products Service Television Inc (103.105.214.62)...
Retrieving speedtest.net server list...
Selecting best server based on ping...
Hosted by Globe Telecom (Taguig) [629.25 km]: 22.353 ms
Testing download speed................................................................................
Download: 151.22 Mbit/s
Testing upload speed......................................................................................................
Upload: 287.50 Mbit/s
2025-07-15T01:20:01+08:00
Retrieving speedtest.net configuration...
Testing from FIl Products Service Television Inc (103.105.214.62)...
Retrieving speedtest.net server list...
Selecting best server based on ping...
Hosted by Globe Telecom (Pasig City) [633.83 km]: 26.244 ms
Testing download speed................................................................................
Download: 176.33 Mbit/s
Testing upload speed......................................................................................................
Upload: 418.81 Mbit/s
2025-07-15T01:25:01+08:00
Retrieving speedtest.net configuration...
Testing from FIl Products Service Television Inc (103.105.214.62)...
Retrieving speedtest.net server list...
Selecting best server based on ping...
Hosted by Switch Fiber (Makati City) [634.17 km]: 36.203 ms
Testing download speed................................................................................
Download: 168.47 Mbit/s
Testing upload speed......................................................................................................
Upload: 119.52 Mbit/s
2025-07-15T01:30:01+08:00
Retrieving speedtest.net configuration...
Testing from FIl Products Service Television Inc (103.105.214.62)...
Retrieving speedtest.net server list...
Selecting best server based on ping...
2025-07-15T01:35:01+08:00
Retrieving speedtest.net configuration...
Testing from FIl Products Service Television Inc (103.105.214.62)...
Retrieving speedtest.net server list...
Selecting best server based on ping...
Hosted by Switch Fiber (Makati City) [634.17 km]: 33.35 ms
Testing download speed................................................................................
Download: 177.01 Mbit/s
Testing upload speed......................................................................................................
Upload: 274.81 Mbit/s
2025-07-15T01:40:01+08:00
Retrieving speedtest.net configuration...
Testing from FIl Products Service Television Inc (103.105.214.62)...
Retrieving speedtest.net server list...
Selecting best server based on ping...
Hosted by Switch Fiber (Makati City) [634.17 km]: 37.965 ms
Testing download speed................................................................................
Download: 176.00 Mbit/s
Testing upload speed......................................................................................................
Upload: 256.78 Mbit/s
2025-07-15T01:45:01+08:00
Retrieving speedtest.net configuration...
Testing from FIl Products Service Television Inc (103.105.214.62)...
Retrieving speedtest.net server list...
Selecting best server based on ping...
Hosted by Switch Fiber (Makati City) [634.17 km]: 25.694 ms
Testing download speed................................................................................
Download: 176.63 Mbit/s
Testing upload speed......................................................................................................
Upload: 309.71 Mbit/s
2025-07-15T01:50:01+08:00
Retrieving speedtest.net configuration...
Testing from FIl Products Service Television Inc (103.105.214.62)...
Retrieving speedtest.net server list...
Selecting best server based on ping...
Hosted by Switch Fiber (Makati City) [634.17 km]: 24.861 ms
Testing download speed................................................................................
Download: 161.42 Mbit/s
Testing upload speed......................................................................................................
Upload: 263.31 Mbit/s
2025-07-15T01:55:01+08:00
Retrieving speedtest.net configuration...
Testing from FIl Products Service Television Inc (103.105.214.62)...
Retrieving speedtest.net server list...
Selecting best server based on ping...
Hosted by Switch Fiber (Makati City) [634.17 km]: 28.774 ms
Testing download speed................................................................................
Download: 180.80 Mbit/s
Testing upload speed......................................................................................................
Upload: 230.20 Mbit/s
2025-07-15T02:00:01+08:00
Retrieving speedtest.net configuration...
Testing from FIl Products Service Television Inc (103.105.214.62)...
Retrieving speedtest.net server list...
Selecting best server based on ping...
