2025-05-13T13:15:01-04:00
Retrieving speedtest.net configuration...
Testing from Bell Canada (142.188.145.144)...
Retrieving speedtest.net server list...
Selecting best server based on ping...
Hosted by Bell Canada (Kingston, ON) [140.92 km]: 15.128 ms
Testing download speed................................................................................
Download: 342.69 Mbit/s
Testing upload speed......................................................................................................
Upload: 217.16 Mbit/s
2025-05-13T13:20:01-04:00
Retrieving speedtest.net configuration...
Testing from Bell Canada (142.188.145.144)...
Retrieving speedtest.net server list...
Selecting best server based on ping...
Hosted by Bell Canada (Kingston, ON) [140.92 km]: 15.198 ms
Testing download speed................................................................................
Download: 361.06 Mbit/s
Testing upload speed......................................................................................................
Upload: 240.12 Mbit/s
2025-05-13T13:25:01-04:00
Retrieving speedtest.net configuration...
Testing from Bell Canada (142.188.145.144)...
Retrieving speedtest.net server list...
Selecting best server based on ping...
Hosted by Bell Canada (Kingston, ON) [140.92 km]: 14.519 ms
Testing download speed................................................................................
Download: 352.17 Mbit/s
Testing upload speed......................................................................................................
Upload: 238.43 Mbit/s
2025-05-13T13:30:01-04:00
Retrieving speedtest.net configuration...
Testing from Bell Canada (142.188.145.144)...
Retrieving speedtest.net server list...
Selecting best server based on ping...
Hosted by Bell Canada (Kingston, ON) [140.92 km]: 14.662 ms
Testing download speed................................................................................
Download: 346.28 Mbit/s
Testing upload speed......................................................................................................
Upload: 232.86 Mbit/s
2025-05-13T13:35:01-04:00
Retrieving speedtest.net configuration...
Testing from Bell Canada (142.188.145.144)...
Retrieving speedtest.net server list...
Selecting best server based on ping...
Hosted by Bell Canada (Kingston, ON) [140.92 km]: 14.845 ms
Testing download speed................................................................................
Download: 388.31 Mbit/s
Testing upload speed......................................................................................................
Upload: 239.98 Mbit/s
2025-05-13T13:40:01-04:00
Retrieving speedtest.net configuration...
Testing from Bell Canada (142.188.145.144)...
Retrieving speedtest.net server list...
Selecting best server based on ping...
Hosted by Bell Canada (Kingston, ON) [140.92 km]: 13.834 ms
Testing download speed................................................................................
Download: 372.63 Mbit/s
Testing upload speed......................................................................................................
Upload: 244.81 Mbit/s
2025-05-13T13:45:01-04:00
Retrieving speedtest.net configuration...
Testing from Bell Canada (142.188.145.144)...
Retrieving speedtest.net server list...
Selecting best server based on ping...
Hosted by Bell Canada (Kingston, ON) [140.92 km]: 13.987 ms
Testing download speed................................................................................
Download: 339.33 Mbit/s
Testing upload speed......................................................................................................
Upload: 232.71 Mbit/s
2025-05-13T13:50:01-04:00
Retrieving speedtest.net configuration...
Testing from Bell Canada (142.188.145.144)...
Retrieving speedtest.net server list...
Selecting best server based on ping...
Hosted by Bell Canada (Kingston, ON) [140.92 km]: 14.846 ms
Testing download speed................................................................................
Download: 354.55 Mbit/s
Testing upload speed......................................................................................................
Upload: 241.31 Mbit/s
2025-05-13T13:55:01-04:00
Retrieving speedtest.net configuration...
Testing from Bell Canada (142.188.145.144)...
Retrieving speedtest.net server list...
Selecting best server based on ping...
Hosted by Bell Canada (Kingston, ON) [140.92 km]: 14.468 ms
Testing download speed................................................................................
Download: 354.06 Mbit/s
Testing upload speed......................................................................................................
Upload: 232.42 Mbit/s
2025-05-13T14:00:01-04:00
Retrieving speedtest.net configuration...
Testing from Bell Canada (142.188.145.144)...
Retrieving speedtest.net server list...
Selecting best server based on ping...
