2025-06-11T00:00:01+08:00
Retrieving speedtest.net configuration...
Testing from FIl Products Service Television Inc (103.105.214.58)...
Retrieving speedtest.net server list...
Selecting best server based on ping...
2025-06-11T00:05:01+08:00
Retrieving speedtest.net configuration...
2025-06-11T00:10:01+08:00
Retrieving speedtest.net configuration...
Testing from FIl Products Service Television Inc (103.105.214.58)...
Retrieving speedtest.net server list...
Selecting best server based on ping...
Hosted by Giga Fiber Corp. (Tagum City) [344.01 km]: 32.79 ms
Testing download speed................................................................................
Download: 188.06 Mbit/s
Testing upload speed......................................................................................................
Upload: 189.11 Mbit/s
2025-06-11T00:15:01+08:00
Retrieving speedtest.net configuration...
Testing from FIl Products Service Television Inc (103.105.214.58)...
Retrieving speedtest.net server list...
Selecting best server based on ping...
Hosted by Giga Fiber Corp. (Tagum City) [344.01 km]: 25.483 ms
Testing download speed................................................................................
Download: 181.60 Mbit/s
Testing upload speed......................................................................................................
Upload: 151.24 Mbit/s
2025-06-11T00:20:01+08:00
Retrieving speedtest.net configuration...
Testing from FIl Products Service Television Inc (103.105.214.58)...
Retrieving speedtest.net server list...
Selecting best server based on ping...
Hosted by Giga Fiber Corp. (Tagum City) [344.01 km]: 29.427 ms
Testing download speed................................................................................
Download: 184.52 Mbit/s
Testing upload speed......................................................................................................
Upload: 208.80 Mbit/s
2025-06-11T00:25:01+08:00
Retrieving speedtest.net configuration...
Testing from FIl Products Service Television Inc (103.105.214.58)...
Retrieving speedtest.net server list...
Selecting best server based on ping...
Hosted by Giga Fiber Corp. (Tagum City) [344.01 km]: 25.963 ms
Testing download speed................................................................................
Download: 185.33 Mbit/s
Testing upload speed......................................................................................................
Upload: 170.62 Mbit/s
2025-06-11T00:30:01+08:00
Retrieving speedtest.net configuration...
Testing from FIl Products Service Television Inc (103.105.214.58)...
Retrieving speedtest.net server list...
Selecting best server based on ping...
2025-06-11T00:35:01+08:00
Retrieving speedtest.net configuration...
Testing from FIl Products Service Television Inc (103.105.214.58)...
Retrieving speedtest.net server list...
Selecting best server based on ping...
Hosted by Giga Fiber Corp. (Tagum City) [344.01 km]: 34.539 ms
Testing download speed................................................................................
Download: 177.41 Mbit/s
Testing upload speed......................................................................................................
Upload: 161.41 Mbit/s
2025-06-11T00:40:01+08:00
Retrieving speedtest.net configuration...
Testing from FIl Products Service Television Inc (103.105.214.58)...
Retrieving speedtest.net server list...
Selecting best server based on ping...
Hosted by Giga Fiber Corp. (Tagum City) [344.01 km]: 25.978 ms
Testing download speed................................................................................
Download: 187.97 Mbit/s
Testing upload speed......................................................................................................
Upload: 216.30 Mbit/s
2025-06-11T00:45:01+08:00
Retrieving speedtest.net configuration...
Testing from FIl Products Service Television Inc (103.105.214.58)...
Retrieving speedtest.net server list...
Selecting best server based on ping...
Hosted by Giga Fiber Corp. (Tagum City) [344.01 km]: 26.134 ms
Testing download speed................................................................................
Download: 158.88 Mbit/s
Testing upload speed......................................................................................................
Upload: 205.00 Mbit/s
2025-06-11T00:50:01+08:00
Retrieving speedtest.net configuration...
Testing from FIl Products Service Television Inc (103.105.214.58)...
Retrieving speedtest.net server list...
Selecting best server based on ping...
Hosted by Giga Fiber Corp. (Tagum City) [344.01 km]: 23.178 ms
Testing download speed................................................................................
Download: 185.97 Mbit/s
Testing upload speed......................................................................................................
Upload: 179.32 Mbit/s
2025-06-11T00:55:01+08:00
Retrieving speedtest.net configuration...
Testing from FIl Products Service Television Inc (103.105.214.58)...
Retrieving speedtest.net server list...
Selecting best server based on ping...
Hosted by Giga Fiber Corp. (Tagum City) [344.01 km]: 31.319 ms
Testing download speed................................................................................
Download: 174.94 Mbit/s
Testing upload speed......................................................................................................
Upload: 195.66 Mbit/s
2025-06-11T01:00:01+08:00
Retrieving speedtest.net configuration...
Testing from FIl Products Service Television Inc (103.105.214.58)...
Retrieving speedtest.net server list...
Selecting best server based on ping...
