2025-09-24T00:00:01+08:00
Retrieving speedtest.net configuration...
2025-09-24T00:05:01+08:00
Retrieving speedtest.net configuration...
2025-09-24T00:10:01+08:00
Retrieving speedtest.net configuration...
2025-09-24T00:15:01+08:00
Retrieving speedtest.net configuration...
2025-09-24T00:20:01+08:00
Retrieving speedtest.net configuration...
2025-09-24T00:25:01+08:00
Retrieving speedtest.net configuration...
2025-09-24T00:30:01+08:00
Retrieving speedtest.net configuration...
2025-09-24T00:35:01+08:00
Retrieving speedtest.net configuration...
Testing from FIl Products Service Television Inc (103.105.214.50)...
Retrieving speedtest.net server list...
Selecting best server based on ping...
Hosted by PLDT (Cagayan de Oro) [173.34 km]: 11.246 ms
Testing download speed................................................................................
Download: 93.59 Mbit/s
Testing upload speed......................................................................................................
Upload: 93.05 Mbit/s
2025-09-24T00:40:01+08:00
Retrieving speedtest.net configuration...
Testing from FIl Products Service Television Inc (103.105.214.50)...
Retrieving speedtest.net server list...
Selecting best server based on ping...
Hosted by PLDT (Cagayan de Oro) [173.34 km]: 10.966 ms
Testing download speed................................................................................
Download: 93.55 Mbit/s
Testing upload speed......................................................................................................
Upload: 94.19 Mbit/s
2025-09-24T00:45:01+08:00
Retrieving speedtest.net configuration...
Testing from FIl Products Service Television Inc (103.105.214.57)...
Retrieving speedtest.net server list...
Selecting best server based on ping...
Hosted by PLDT (Cagayan de Oro) [173.34 km]: 10.971 ms
Testing download speed................................................................................
Download: 93.79 Mbit/s
Testing upload speed......................................................................................................
Upload: 93.70 Mbit/s
2025-09-24T00:50:01+08:00
Retrieving speedtest.net configuration...
Testing from FIl Products Service Television Inc (103.105.214.57)...
Retrieving speedtest.net server list...
Selecting best server based on ping...
Hosted by PLDT (Cagayan de Oro) [173.34 km]: 10.959 ms
Testing download speed................................................................................
Download: 93.64 Mbit/s
Testing upload speed......................................................................................................
Upload: 94.64 Mbit/s
2025-09-24T00:55:01+08:00
Retrieving speedtest.net configuration...
Testing from FIl Products Service Television Inc (103.105.214.57)...
Retrieving speedtest.net server list...
Selecting best server based on ping...
Hosted by PLDT (Cagayan de Oro) [173.34 km]: 10.731 ms
Testing download speed................................................................................
Download: 93.74 Mbit/s
Testing upload speed......................................................................................................
Upload: 93.76 Mbit/s
2025-09-24T01:00:01+08:00
Retrieving speedtest.net configuration...
Testing from FIl Products Service Television Inc (103.105.214.57)...
Retrieving speedtest.net server list...
Selecting best server based on ping...
2025-09-24T01:05:01+08:00
Retrieving speedtest.net configuration...
2025-09-24T01:10:01+08:00
Retrieving speedtest.net configuration...
Testing from FIl Products Service Television Inc (103.105.214.57)...
Retrieving speedtest.net server list...
Selecting best server based on ping...
Hosted by Zafra Cable Television Network Inc. (Panglao) [57.64 km]: 32.864 ms
Testing download speed................................................................................
Download: 93.81 Mbit/s
Testing upload speed......................................................................................................
Upload: 92.74 Mbit/s
2025-09-24T01:15:01+08:00
Retrieving speedtest.net configuration...
Testing from FIl Products Service Television Inc (103.105.214.57)...
Retrieving speedtest.net server list...
Selecting best server based on ping...
Hosted by Zafra Cable Television Network Inc. (Panglao) [57.64 km]: 10.047 ms
Testing download speed................................................................................
Download: 93.72 Mbit/s
Testing upload speed......................................................................................................
Upload: 88.92 Mbit/s
2025-09-24T01:20:01+08:00
Retrieving speedtest.net configuration...
Testing from FIl Products Service Television Inc (103.105.214.50)...
Retrieving speedtest.net server list...
Selecting best server based on ping...
Hosted by Zafra Cable Television Network Inc. (Panglao) [57.64 km]: 11.795 ms
Testing download speed................................................................................
Download: 93.60 Mbit/s
Testing upload speed......................................................................................................
Upload: 90.92 Mbit/s
2025-09-24T01:25:01+08:00
Retrieving speedtest.net configuration...
Testing from FIl Products Service Television Inc (103.105.214.50)...
Retrieving speedtest.net server list...
Selecting best server based on ping...
Hosted by Zafra Cable Television Network Inc. (Panglao) [57.64 km]: 10.966 ms
Testing download speed................................................................................
Download: 93.70 Mbit/s
Testing upload speed......................................................................................................
Upload: 93.79 Mbit/s
2025-09-24T01:30:01+08:00
Retrieving speedtest.net configuration...
Testing from FIl Products Service Television Inc (103.105.214.50)...
Retrieving speedtest.net server list...
Selecting best server based on ping...
2025-09-24T01:35:01+08:00
Retrieving speedtest.net configuration...
Testing from FIl Products Service Television Inc (103.105.214.50)...
Retrieving speedtest.net server list...
Selecting best server based on ping...
Hosted by Zeliant IT Solutions (Tanjay City) [43.20 km]: 63.488 ms
Testing download speed................................................................................
Download: 90.51 Mbit/s
Testing upload speed......................................................................................................
Upload: 77.33 Mbit/s
2025-09-24T01:40:01+08:00
Retrieving speedtest.net configuration...
Testing from FIl Products Service Television Inc (103.105.214.57)...
Retrieving speedtest.net server list...
Selecting best server based on ping...
Hosted by Zafra Cable Television Network Inc. (Panglao) [57.64 km]: 10.384 ms
Testing download speed................................................................................
Download: 93.73 Mbit/s
Testing upload speed......................................................................................................
Upload: 92.17 Mbit/s
2025-09-24T01:45:01+08:00
Retrieving speedtest.net configuration...
Testing from FIl Products Service Television Inc (103.105.214.57)...
Retrieving speedtest.net server list...
Selecting best server based on ping...
Hosted by Zafra Cable Television Network Inc. (Panglao) [57.64 km]: 13.646 ms
Testing download speed................................................................................
Download: 93.74 Mbit/s
Testing upload speed......................................................................................................
Upload: 88.95 Mbit/s
2025-09-24T01:50:01+08:00
Retrieving speedtest.net configuration...
Testing from FIl Products Service Television Inc (103.105.214.57)...
Retrieving speedtest.net server list...
Selecting best server based on ping...
Hosted by Zafra Cable Television Network Inc. (Panglao) [57.64 km]: 11.538 ms
Testing download speed................................................................................
Download: 93.62 Mbit/s
Testing upload speed......................................................................................................
Upload: 86.66 Mbit/s
2025-09-24T01:55:01+08:00
Retrieving speedtest.net configuration...
Testing from FIl Products Service Television Inc (103.105.214.50)...
Retrieving speedtest.net server list...
Selecting best server based on ping...
Hosted by Zafra Cable Television Network Inc. (Panglao) [57.64 km]: 9.489 ms
Testing download speed................................................................................
Download: 93.62 Mbit/s
Testing upload speed......................................................................................................
Upload: 94.62 Mbit/s
2025-09-24T02:00:01+08:00
Retrieving speedtest.net configuration...
Testing from FIl Products Service Television Inc (103.105.214.50)...
Retrieving speedtest.net server list...
Selecting best server based on ping...
2025-09-24T02:05:01+08:00
Retrieving speedtest.net configuration...
2025-09-24T02:10:01+08:00
Retrieving speedtest.net configuration...
Testing from FIl Products Service Television Inc (103.105.214.50)...
Retrieving speedtest.net server list...
Selecting best server based on ping...
Hosted by Zafra Cable Television Network Inc. (Panglao) [57.64 km]: 9.553 ms
Testing download speed................................................................................
Download: 93.69 Mbit/s
Testing upload speed......................................................................................................
Upload: 90.24 Mbit/s
2025-09-24T02:15:01+08:00
Retrieving speedtest.net configuration...
Testing from FIl Products Service Television Inc (103.105.214.50)...
Retrieving speedtest.net server list...
Selecting best server based on ping...
Hosted by Zafra Cable Television Network Inc. (Panglao) [57.64 km]: 11.494 ms
Testing download speed................................................................................
Download: 93.53 Mbit/s
Testing upload speed......................................................................................................
Upload: 92.46 Mbit/s
2025-09-24T02:20:01+08:00
Retrieving speedtest.net configuration...
Testing from FIl Products Service Television Inc (103.105.214.57)...
Retrieving speedtest.net server list...
Selecting best server based on ping...
Hosted by Zafra Cable Television Network Inc. (Panglao) [57.64 km]: 13.712 ms
Testing download speed................................................................................
Download: 93.72 Mbit/s
Testing upload speed......................................................................................................
Upload: 93.58 Mbit/s
2025-09-24T02:25:01+08:00
Retrieving speedtest.net configuration...
Testing from FIl Products Service Television Inc (103.105.214.57)...
Retrieving speedtest.net server list...
Selecting best server based on ping...
Hosted by Zafra Cable Television Network Inc. (Panglao) [57.64 km]: 14.135 ms
Testing download speed................................................................................
Download: 93.77 Mbit/s
Testing upload speed......................................................................................................
Upload: 92.85 Mbit/s
2025-09-24T02:30:01+08:00
Retrieving speedtest.net configuration...
Testing from FIl Products Service Television Inc (103.105.214.50)...
Retrieving speedtest.net server list...
Selecting best server based on ping...
2025-09-24T02:35:01+08:00
Retrieving speedtest.net configuration...
Testing from FIl Products Service Television Inc (103.105.214.50)...
Retrieving speedtest.net server list...
Selecting best server based on ping...
Hosted by Zafra Cable Television Network Inc. (Panglao) [57.64 km]: 12.134 ms
Testing download speed................................................................................
Download: 93.76 Mbit/s
Testing upload speed......................................................................................................
Upload: 91.66 Mbit/s
2025-09-24T02:40:01+08:00
Retrieving speedtest.net configuration...
Testing from FIl Products Service Television Inc (103.105.214.57)...
Retrieving speedtest.net server list...
Selecting best server based on ping...
Hosted by Zafra Cable Television Network Inc. (Panglao) [57.64 km]: 18.484 ms
Testing download speed................................................................................
Download: 93.72 Mbit/s
Testing upload speed......................................................................................................
Upload: 93.44 Mbit/s
2025-09-24T02:45:01+08:00
Retrieving speedtest.net configuration...
Testing from FIl Products Service Television Inc (103.105.214.50)...
Retrieving speedtest.net server list...
Selecting best server based on ping...
Hosted by Zafra Cable Television Network Inc. (Panglao) [57.64 km]: 10.957 ms
Testing download speed................................................................................
Download: 93.81 Mbit/s
Testing upload speed......................................................................................................
Upload: 94.59 Mbit/s
2025-09-24T02:50:01+08:00
Retrieving speedtest.net configuration...
Testing from FIl Products Service Television Inc (103.105.214.50)...
Retrieving speedtest.net server list...
Selecting best server based on ping...
Hosted by Zafra Cable Television Network Inc. (Panglao) [57.64 km]: 52.148 ms
Testing download speed................................................................................
Download: 93.69 Mbit/s
Testing upload speed......................................................................................................
Upload: 93.78 Mbit/s
2025-09-24T02:55:01+08:00
Retrieving speedtest.net configuration...
Testing from FIl Products Service Television Inc (103.105.214.50)...
Retrieving speedtest.net server list...
Selecting best server based on ping...
Hosted by Zafra Cable Television Network Inc. (Panglao) [57.64 km]: 12.305 ms
Testing download speed................................................................................
Download: 93.78 Mbit/s
Testing upload speed......................................................................................................
Upload: 93.96 Mbit/s
2025-09-24T03:00:01+08:00
Retrieving speedtest.net configuration...
Testing from FIl Products Service Television Inc (103.105.214.50)...
Retrieving speedtest.net server list...
Selecting best server based on ping...
2025-09-24T03:05:01+08:00
Retrieving speedtest.net configuration...
2025-09-24T03:10:01+08:00
Retrieving speedtest.net configuration...
Testing from FIl Products Service Television Inc (103.105.214.50)...
Retrieving speedtest.net server list...
Selecting best server based on ping...
Hosted by Zafra Cable Television Network Inc. (Panglao) [57.64 km]: 10.811 ms
Testing download speed................................................................................
Download: 93.77 Mbit/s
Testing upload speed......................................................................................................
Upload: 91.86 Mbit/s
2025-09-24T03:15:01+08:00
Retrieving speedtest.net configuration...
Testing from FIl Products Service Television Inc (103.105.214.50)...
Retrieving speedtest.net server list...
Selecting best server based on ping...
Hosted by Zafra Cable Television Network Inc. (Panglao) [57.64 km]: 11.999 ms
Testing download speed................................................................................
Download: 93.79 Mbit/s
Testing upload speed......................................................................................................
Upload: 91.94 Mbit/s
2025-09-24T03:20:01+08:00
Retrieving speedtest.net configuration...
Testing from FIl Products Service Television Inc (103.105.214.57)...
Retrieving speedtest.net server list...
Selecting best server based on ping...
Hosted by Zafra Cable Television Network Inc. (Panglao) [57.64 km]: 10.144 ms
Testing download speed................................................................................
Download: 93.81 Mbit/s
Testing upload speed......................................................................................................
Upload: 92.73 Mbit/s
2025-09-24T03:25:01+08:00
Retrieving speedtest.net configuration...
Testing from FIl Products Service Television Inc (103.105.214.50)...
Retrieving speedtest.net server list...
Selecting best server based on ping...
Hosted by Zafra Cable Television Network Inc. (Panglao) [57.64 km]: 10.256 ms
Testing download speed................................................................................
Download: 93.79 Mbit/s
Testing upload speed......................................................................................................
Upload: 94.02 Mbit/s
2025-09-24T03:30:01+08:00
Retrieving speedtest.net configuration...
Testing from FIl Products Service Television Inc (103.105.214.57)...
Retrieving speedtest.net server list...
Selecting best server based on ping...
2025-09-24T03:35:01+08:00
Retrieving speedtest.net configuration...
Testing from FIl Products Service Television Inc (103.105.214.50)...
Retrieving speedtest.net server list...
Selecting best server based on ping...
Hosted by Zafra Cable Television Network Inc. (Panglao) [57.64 km]: 10.56 ms
Testing download speed................................................................................
Download: 93.26 Mbit/s
Testing upload speed......................................................................................................
Upload: 92.79 Mbit/s
2025-09-24T03:40:01+08:00
Retrieving speedtest.net configuration...
Testing from FIl Products Service Television Inc (103.105.214.57)...
Retrieving speedtest.net server list...
Selecting best server based on ping...
Hosted by Zafra Cable Television Network Inc. (Panglao) [57.64 km]: 10.691 ms
Testing download speed................................................................................
Download: 91.43 Mbit/s
Testing upload speed......................................................................................................
Upload: 94.07 Mbit/s
2025-09-24T03:45:01+08:00
Retrieving speedtest.net configuration...
Testing from FIl Products Service Television Inc (103.105.214.50)...
Retrieving speedtest.net server list...
Selecting best server based on ping...
Hosted by Zafra Cable Television Network Inc. (Panglao) [57.64 km]: 9.916 ms
Testing download speed................................................................................
Download: 93.51 Mbit/s
Testing upload speed......................................................................................................
Upload: 92.74 Mbit/s
2025-09-24T03:50:01+08:00
Retrieving speedtest.net configuration...
Testing from FIl Products Service Television Inc (103.105.214.50)...
Retrieving speedtest.net server list...
Selecting best server based on ping...
Hosted by Zafra Cable Television Network Inc. (Panglao) [57.64 km]: 10.541 ms
Testing download speed................................................................................
Download: 93.74 Mbit/s
Testing upload speed......................................................................................................
Upload: 81.49 Mbit/s
2025-09-24T03:55:01+08:00
Retrieving speedtest.net configuration...
Testing from FIl Products Service Television Inc (103.105.214.57)...
Retrieving speedtest.net server list...
Selecting best server based on ping...
Hosted by Zafra Cable Television Network Inc. (Panglao) [57.64 km]: 37.952 ms
Testing download speed................................................................................
Download: 93.77 Mbit/s
Testing upload speed......................................................................................................
Upload: 93.22 Mbit/s
2025-09-24T04:00:01+08:00
Retrieving speedtest.net configuration...
Testing from FIl Products Service Television Inc (103.105.214.50)...
Retrieving speedtest.net server list...
